<?xml version="1.0" encoding="UTF-8"?>
<TestRun id="5d6d1eda-22d8-4c00-83a8-512b2375202c" name="James@SERVER001 2010-01-24 19:15:45" runUser="Server001\James" xmlns="http://microsoft.com/schemas/VisualStudio/TeamTest/2006">
  <TestRunConfiguration name="Default Run Configuration" id="146670b3-3769-4a06-9553-45f93025192b">
    <Deployment runDeploymentRoot="D:\Business\Development\Konnetic\UnifySipApi\Production\Src\Konnetic Unify SIP API\Konnetic.Sip.UnitTests\bin\Debug\TestResults\James_SERVER001 2010-01-24 19_15_45" />
    <Hosts skipUnhostableTests="false" />
    <TestTypeSpecific />
  </TestRunConfiguration>
  <ResultSummary outcome="Failed">
    <Counters total="727" executed="727" passed="382" error="0" failed="332" timeout="0" aborted="0" inconclusive="13" passedButRunAborted="0" notRunnable="0" notExecuted="0" disconnected="0" warning="0" completed="0" inProgress="0" pending="0" />
  </ResultSummary>
  <Times creation="2010-01-24T19:15:45.4678482+11:00" queuing="2010-01-24T19:15:46.6738482+11:00" start="2010-01-24T19:15:47.0838482+11:00" finish="2010-01-24T19:15:58.4958482+11:00" />
  <TestDefinitions>
    <UnitTest name="IsValidTest" storage="konnetic.sip.unittests.dll" id="ee759bf7-c5c3-7da8-b46a-9347e911d0d1">
      <Css projectStructure="" iteration="" />
      <Owners>
        <Owner name="" />
      </Owners>
      <Execution id="66cb88e4-0a4d-4f75-a737-15877c95646e" />
      <TestMethod codeBase="D:/Business/Development/Konnetic/UnifySipApi/Production/Src/Konnetic Unify SIP API/Konnetic.Sip.UnitTests/bin/Debug/Konnetic.Sip.UnitTests.DLL" adapterTypeName="Microsoft.VisualStudio.TestTools.TestTypes.Unit.UnitTestAdapter, Microsoft.VisualStudio.QualityTools.Tips.UnitTest.Adapter" className="Konnetic.Sip.UnitTests.ContactHeaderFieldAdapter, Konnetic.Sip.UnitTests, Version=1.0.3676.32754, Culture=neutral, PublicKeyToken=null" name="IsValidTest" />
    </UnitTest>
    <UnitTest name="MulticastAddressTest1" storage="konnetic.sip.unittests.dll" id="5ce5a375-e156-663e-1164-348cf3bc4c4d">
      <Css projectStructure="" iteration="" />
      <Owners>
        <Owner name="" />
      </Owners>
      <Execution id="222c2d0a-f995-45b6-9064-861ca8c2d1e4" />
      <TestMethod codeBase="D:/Business/Development/Konnetic/UnifySipApi/Production/Src/Konnetic Unify SIP API/Konnetic.Sip.UnitTests/bin/Debug/Konnetic.Sip.UnitTests.DLL" adapterTypeName="Microsoft.VisualStudio.TestTools.TestTypes.Unit.UnitTestAdapter, Microsoft.VisualStudio.QualityTools.Tips.UnitTest.Adapter" className="Konnetic.Sip.UnitTests.ViaHeaderFieldAdapter, Konnetic.Sip.UnitTests, Version=1.0.3676.32754, Culture=neutral, PublicKeyToken=null" name="MulticastAddressTest1" />
    </UnitTest>
    <UnitTest name="ParametersTest1" storage="konnetic.sip.unittests.dll" id="08b514db-2f89-8a9b-d764-0367b3aba0bf">
      <Css projectStructure="" iteration="" />
      <Owners>
        <Owner name="" />
      </Owners>
      <Execution id="03baf86e-1bbd-4dbb-b135-edcb856804bb" />
      <TestMethod codeBase="D:/Business/Development/Konnetic/UnifySipApi/Production/Src/Konnetic Unify SIP API/Konnetic.Sip.UnitTests/bin/Debug/Konnetic.Sip.UnitTests.DLL" adapterTypeName="Microsoft.VisualStudio.TestTools.TestTypes.Unit.UnitTestAdapter, Microsoft.VisualStudio.QualityTools.Tips.UnitTest.Adapter" className="Konnetic.Sip.UnitTests.ParamatizedHeaderFieldAdapter, Konnetic.Sip.UnitTests, Version=1.0.3676.32754, Culture=neutral, PublicKeyToken=null" name="ParametersTest1" expectedException="Konnetic.Sip.SipDuplicateItemException, Konnetic.Sip, Version=1.0.3676.32752, Culture=neutral, PublicKeyToken=null" />
    </UnitTest>
    <UnitTest name="EqualsTest" storage="konnetic.sip.unittests.dll" id="fa41cf25-91a0-653f-e4ae-a51c61352050">
      <Css projectStructure="" iteration="" />
      <Owners>
        <Owner name="" />
      </Owners>
      <Execution id="c99edca9-e30b-49f1-a610-fdbb8000f1cc" />
      <TestMethod codeBase="D:/Business/Development/Konnetic/UnifySipApi/Production/Src/Konnetic Unify SIP API/Konnetic.Sip.UnitTests/bin/Debug/Konnetic.Sip.UnitTests.DLL" adapterTypeName="Microsoft.VisualStudio.TestTools.TestTypes.Unit.UnitTestAdapter, Microsoft.VisualStudio.QualityTools.Tips.UnitTest.Adapter" className="Konnetic.Sip.UnitTests.MediaTypeHeaderFieldAdapter, Konnetic.Sip.UnitTests, Version=1.0.3676.32754, Culture=neutral, PublicKeyToken=null" name="EqualsTest" />
    </UnitTest>
    <UnitTest name="SecondsTest" storage="konnetic.sip.unittests.dll" id="b1f63b10-d0c7-5976-c9b0-683f19dcc235">
      <Css projectStructure="" iteration="" />
      <Owners>
        <Owner name="" />
      </Owners>
      <Execution id="0e07428b-54dc-47e1-a15a-28e207d6fbb4" />
      <TestMethod codeBase="D:/Business/Development/Konnetic/UnifySipApi/Production/Src/Konnetic Unify SIP API/Konnetic.Sip.UnitTests/bin/Debug/Konnetic.Sip.UnitTests.DLL" adapterTypeName="Microsoft.VisualStudio.TestTools.TestTypes.Unit.UnitTestAdapter, Microsoft.VisualStudio.QualityTools.Tips.UnitTest.Adapter" className="Konnetic.Sip.UnitTests.ExpiresHeaderFieldAdapter, Konnetic.Sip.UnitTests, Version=1.0.3676.32754, Culture=neutral, PublicKeyToken=null" name="SecondsTest" />
    </UnitTest>
    <UnitTest name="UpdateHeaderTest" storage="konnetic.sip.unittests.dll" id="a5af5b89-6917-0e3f-93e0-7ebcdeda0839">
      <Css projectStructure="" iteration="" />
      <Owners>
        <Owner name="" />
      </Owners>
      <DeploymentItems>
        <DeploymentItem filename="Konnetic.Sip.dll" />
      </DeploymentItems>
      <Execution id="2038328e-7a49-49b3-adee-a651390e8bde" />
      <TestMethod codeBase="D:/Business/Development/Konnetic/UnifySipApi/Production/Src/Konnetic Unify SIP API/Konnetic.Sip.UnitTests/bin/Debug/Konnetic.Sip.UnitTests.DLL" adapterTypeName="Microsoft.VisualStudio.TestTools.TestTypes.Unit.UnitTestAdapter, Microsoft.VisualStudio.QualityTools.Tips.UnitTest.Adapter" className="Konnetic.Sip.UnitTests.SipMessageAdapter, Konnetic.Sip.UnitTests, Version=1.0.3676.32754, Culture=neutral, PublicKeyToken=null" name="UpdateHeaderTest" />
    </UnitTest>
    <UnitTest name="op_ImplicitTest" storage="konnetic.sip.unittests.dll" id="ef6f535e-46aa-6566-1379-f4bd4f777672">
      <Css projectStructure="" iteration="" />
      <Owners>
        <Owner name="" />
      </Owners>
      <Execution id="341f4e41-3dac-4801-8791-31a033bbc559" />
      <TestMethod codeBase="D:/Business/Development/Konnetic/UnifySipApi/Production/Src/Konnetic Unify SIP API/Konnetic.Sip.UnitTests/bin/Debug/Konnetic.Sip.UnitTests.DLL" adapterTypeName="Microsoft.VisualStudio.TestTools.TestTypes.Unit.UnitTestAdapter, Microsoft.VisualStudio.QualityTools.Tips.UnitTest.Adapter" className="Konnetic.Sip.UnitTests.AuthenticationInfoHeaderFieldAdapter, Konnetic.Sip.UnitTests, Version=1.0.3676.32754, Culture=neutral, PublicKeyToken=null" name="op_ImplicitTest" />
    </UnitTest>
    <UnitTest name="TimestampHeaderFieldConstructorTest1" storage="konnetic.sip.unittests.dll" id="f3c01a2c-bc45-4831-1614-293aa460be41">
      <Css projectStructure="" iteration="" />
      <Owners>
        <Owner name="" />
      </Owners>
      <Execution id="fd56102b-c55c-4d48-8bd6-03c3fac1fdcf" />
      <TestMethod codeBase="D:/Business/Development/Konnetic/UnifySipApi/Production/Src/Konnetic Unify SIP API/Konnetic.Sip.UnitTests/bin/Debug/Konnetic.Sip.UnitTests.DLL" adapterTypeName="Microsoft.VisualStudio.TestTools.TestTypes.Unit.UnitTestAdapter, Microsoft.VisualStudio.QualityTools.Tips.UnitTest.Adapter" className="Konnetic.Sip.UnitTests.TimestampHeaderFieldAdapter, Konnetic.Sip.UnitTests, Version=1.0.3676.32754, Culture=neutral, PublicKeyToken=null" name="TimestampHeaderFieldConstructorTest1" />
    </UnitTest>
    <UnitTest name="ParseTesta" storage="konnetic.sip.unittests.dll" id="fc1f4a05-9335-a59f-605e-e239b8e79a0b">
      <Css projectStructure="" iteration="" />
      <Owners>
        <Owner name="" />
      </Owners>
      <Execution id="f160a35c-525c-4e62-8baa-54a93ef0a9c5" />
      <TestMethod codeBase="D:/Business/Development/Konnetic/UnifySipApi/Production/Src/Konnetic Unify SIP API/Konnetic.Sip.UnitTests/bin/Debug/Konnetic.Sip.UnitTests.DLL" adapterTypeName="Microsoft.VisualStudio.TestTools.TestTypes.Unit.UnitTestAdapter, Microsoft.VisualStudio.QualityTools.Tips.UnitTest.Adapter" className="Konnetic.Sip.UnitTests.MaxForwardsHeaderFieldAdapter, Konnetic.Sip.UnitTests, Version=1.0.3676.32754, Culture=neutral, PublicKeyToken=null" name="ParseTesta" expectedException="Konnetic.Sip.SipParseException, Konnetic.Sip, Version=1.0.3676.32752, Culture=neutral, PublicKeyToken=null" />
    </UnitTest>
    <UnitTest name="EqualsTest1" storage="konnetic.sip.unittests.dll" id="d297706e-d66c-0ee4-d886-19ff243e7583">
      <Css projectStructure="" iteration="" />
      <Owners>
        <Owner name="" />
      </Owners>
      <Execution id="21c057ec-1d4a-4f5a-a1cb-3aa41a5192d3" />
      <TestMethod codeBase="D:/Business/Development/Konnetic/UnifySipApi/Production/Src/Konnetic Unify SIP API/Konnetic.Sip.UnitTests/bin/Debug/Konnetic.Sip.UnitTests.DLL" adapterTypeName="Microsoft.VisualStudio.TestTools.TestTypes.Unit.UnitTestAdapter, Microsoft.VisualStudio.QualityTools.Tips.UnitTest.Adapter" className="Konnetic.Sip.UnitTests.ServerHeaderFieldAdapter, Konnetic.Sip.UnitTests, Version=1.0.3676.32754, Culture=neutral, PublicKeyToken=null" name="EqualsTest1" />
    </UnitTest>
    <UnitTest name="FieldNameTest" storage="konnetic.sip.unittests.dll" id="dfcdc542-2d97-6a12-d64f-1b53e6e361de">
      <Css projectStructure="" iteration="" />
      <Owners>
        <Owner name="" />
      </Owners>
      <Execution id="7ecae247-d70d-42eb-a929-4de4737f0704" />
      <TestMethod codeBase="D:/Business/Development/Konnetic/UnifySipApi/Production/Src/Konnetic Unify SIP API/Konnetic.Sip.UnitTests/bin/Debug/Konnetic.Sip.UnitTests.DLL" adapterTypeName="Microsoft.VisualStudio.TestTools.TestTypes.Unit.UnitTestAdapter, Microsoft.VisualStudio.QualityTools.Tips.UnitTest.Adapter" className="Konnetic.Sip.UnitTests.HeaderFieldBaseAdapter, Konnetic.Sip.UnitTests, Version=1.0.3676.32754, Culture=neutral, PublicKeyToken=null" name="FieldNameTest" />
    </UnitTest>
    <UnitTest name="OpaqueTest" storage="konnetic.sip.unittests.dll" id="393f5d9d-f3de-971a-74b0-c03b2b0c182d">
      <Css projectStructure="" iteration="" />
      <Owners>
        <Owner name="" />
      </Owners>
      <Execution id="2605f1a9-12d7-4f6e-8e4e-df9626a8f763" />
      <TestMethod codeBase="D:/Business/Development/Konnetic/UnifySipApi/Production/Src/Konnetic Unify SIP API/Konnetic.Sip.UnitTests/bin/Debug/Konnetic.Sip.UnitTests.DLL" adapterTypeName="Microsoft.VisualStudio.TestTools.TestTypes.Unit.UnitTestAdapter, Microsoft.VisualStudio.QualityTools.Tips.UnitTest.Adapter" className="Konnetic.Sip.UnitTests.SecurityHeaderFieldAdapter, Konnetic.Sip.UnitTests, Version=1.0.3676.32754, Culture=neutral, PublicKeyToken=null" name="OpaqueTest" />
    </UnitTest>
    <UnitTest name="HeadersTest" storage="konnetic.sip.unittests.dll" id="cdd061d4-b4ec-7760-6650-4f2d3deec1af">
      <Css projectStructure="" iteration="" />
      <Owners>
        <Owner name="" />
      </Owners>
      <Execution id="38304fec-63b5-4049-a60b-9e33870ef7bd" />
      <TestMethod codeBase="D:/Business/Development/Konnetic/UnifySipApi/Production/Src/Konnetic Unify SIP API/Konnetic.Sip.UnitTests/bin/Debug/Konnetic.Sip.UnitTests.DLL" adapterTypeName="Microsoft.VisualStudio.TestTools.TestTypes.Unit.UnitTestAdapter, Microsoft.VisualStudio.QualityTools.Tips.UnitTest.Adapter" className="Konnetic.Sip.UnitTests.SipUriBuilderAdapter, Konnetic.Sip.UnitTests, Version=1.0.3676.32754, Culture=neutral, PublicKeyToken=null" name="HeadersTest" />
    </UnitTest>
    <UnitTest name="CloneTest" storage="konnetic.sip.unittests.dll" id="1aecd7b7-5e3b-76f1-16fd-64f728c43ada">
      <Css projectStructure="" iteration="" />
      <Owners>
        <Owner name="" />
      </Owners>
      <Execution id="a35a3762-a570-430a-a0b7-1474d1f01867" />
      <TestMethod codeBase="D:/Business/Development/Konnetic/UnifySipApi/Production/Src/Konnetic Unify SIP API/Konnetic.Sip.UnitTests/bin/Debug/Konnetic.Sip.UnitTests.DLL" adapterTypeName="Microsoft.VisualStudio.TestTools.TestTypes.Unit.UnitTestAdapter, Microsoft.VisualStudio.QualityTools.Tips.UnitTest.Adapter" className="Konnetic.Sip.UnitTests.ExpiresHeaderFieldAdapter, Konnetic.Sip.UnitTests, Version=1.0.3676.32754, Culture=neutral, PublicKeyToken=null" name="CloneTest" />
    </UnitTest>
    <UnitTest name="FieldNameTest" storage="konnetic.sip.unittests.dll" id="60c4c558-ca35-ca38-d61a-4c985c589871">
      <Css projectStructure="" iteration="" />
      <Owners>
        <Owner name="" />
      </Owners>
      <DeploymentItems>
        <DeploymentItem filename="Konnetic.Sip.dll" />
      </DeploymentItems>
      <Execution id="53992805-769b-4229-b3f7-5f491b850d4b" />
      <TestMethod codeBase="D:/Business/Development/Konnetic/UnifySipApi/Production/Src/Konnetic Unify SIP API/Konnetic.Sip.UnitTests/bin/Debug/Konnetic.Sip.UnitTests.DLL" adapterTypeName="Microsoft.VisualStudio.TestTools.TestTypes.Unit.UnitTestAdapter, Microsoft.VisualStudio.QualityTools.Tips.UnitTest.Adapter" className="Konnetic.Sip.UnitTests.CallIdHeaderFieldAdapter, Konnetic.Sip.UnitTests, Version=1.0.3676.32754, Culture=neutral, PublicKeyToken=null" name="FieldNameTest" />
    </UnitTest>
    <UnitTest name="EqualsTest" storage="konnetic.sip.unittests.dll" id="ed362dc0-8761-8caa-fa70-7dcfc2b975a1">
      <Css projectStructure="" iteration="" />
      <Owners>
        <Owner name="" />
      </Owners>
      <Execution id="a8042458-343c-429c-9ada-69b2de16037f" />
      <TestMethod codeBase="D:/Business/Development/Konnetic/UnifySipApi/Production/Src/Konnetic Unify SIP API/Konnetic.Sip.UnitTests/bin/Debug/Konnetic.Sip.UnitTests.DLL" adapterTypeName="Microsoft.VisualStudio.TestTools.TestTypes.Unit.UnitTestAdapter, Microsoft.VisualStudio.QualityTools.Tips.UnitTest.Adapter" className="Konnetic.Sip.UnitTests.CSeqHeaderFieldAdapter, Konnetic.Sip.UnitTests, Version=1.0.3676.32754, Culture=neutral, PublicKeyToken=null" name="EqualsTest" />
    </UnitTest>
    <UnitTest name="MessageQopTest" storage="konnetic.sip.unittests.dll" id="efb4b9e6-f5fd-c5f9-e1e2-b9b81ecac9eb">
      <Css projectStructure="" iteration="" />
      <Owners>
        <Owner name="" />
      </Owners>
      <Execution id="13409206-5deb-47ec-bbf1-5025060f67d1" />
      <TestMethod codeBase="D:/Business/Development/Konnetic/UnifySipApi/Production/Src/Konnetic Unify SIP API/Konnetic.Sip.UnitTests/bin/Debug/Konnetic.Sip.UnitTests.DLL" adapterTypeName="Microsoft.VisualStudio.TestTools.TestTypes.Unit.UnitTestAdapter, Microsoft.VisualStudio.QualityTools.Tips.UnitTest.Adapter" className="Konnetic.Sip.UnitTests.ChallengeHeaderFieldAdapter, Konnetic.Sip.UnitTests, Version=1.0.3676.32754, Culture=neutral, PublicKeyToken=null" name="MessageQopTest" />
    </UnitTest>
    <UnitTest name="AddTest1c" storage="konnetic.sip.unittests.dll" id="7a911cb9-e4cc-99b5-e24b-a5efe3109032">
      <Css projectStructure="" iteration="" />
      <Owners>
        <Owner name="" />
      </Owners>
      <Execution id="728a0b61-57b7-413a-b2bc-4c13e9367789" />
      <TestMethod codeBase="D:/Business/Development/Konnetic/UnifySipApi/Production/Src/Konnetic Unify SIP API/Konnetic.Sip.UnitTests/bin/Debug/Konnetic.Sip.UnitTests.DLL" adapterTypeName="Microsoft.VisualStudio.TestTools.TestTypes.Unit.UnitTestAdapter, Microsoft.VisualStudio.QualityTools.Tips.UnitTest.Adapter" className="Konnetic.Sip.UnitTests.HeaderFieldCollectionAdapter, Konnetic.Sip.UnitTests, Version=1.0.3676.32754, Culture=neutral, PublicKeyToken=null" name="AddTest1c" expectedException="System.ArgumentNullException, mscorlib, Version=2.0.0.0, Culture=neutral, PublicKeyToken=b77a5c561934e089" />
    </UnitTest>
    <UnitTest name="ProtocolVersionTest" storage="konnetic.sip.unittests.dll" id="6f2ffa3f-b04d-1c43-987f-3a9e819759de">
      <Css projectStructure="" iteration="" />
      <Owners>
        <Owner name="" />
      </Owners>
      <Execution id="ded45017-35c0-4529-825b-4402f15730e8" />
      <TestMethod codeBase="D:/Business/Development/Konnetic/UnifySipApi/Production/Src/Konnetic Unify SIP API/Konnetic.Sip.UnitTests/bin/Debug/Konnetic.Sip.UnitTests.DLL" adapterTypeName="Microsoft.VisualStudio.TestTools.TestTypes.Unit.UnitTestAdapter, Microsoft.VisualStudio.QualityTools.Tips.UnitTest.Adapter" className="Konnetic.Sip.UnitTests.ViaHeaderFieldAdapter, Konnetic.Sip.UnitTests, Version=1.0.3676.32754, Culture=neutral, PublicKeyToken=null" name="ProtocolVersionTest" />
    </UnitTest>
    <UnitTest name="ResponseAuthAllTest1" storage="konnetic.sip.unittests.dll" id="2defc979-9ece-a883-f2e5-a716597e4490">
      <Css projectStructure="" iteration="" />
      <Owners>
        <Owner name="" />
      </Owners>
      <Execution id="b4eda8ef-e105-443c-828b-1e21c60f8351" />
      <TestMethod codeBase="D:/Business/Development/Konnetic/UnifySipApi/Production/Src/Konnetic Unify SIP API/Konnetic.Sip.UnitTests/bin/Debug/Konnetic.Sip.UnitTests.DLL" adapterTypeName="Microsoft.VisualStudio.TestTools.TestTypes.Unit.UnitTestAdapter, Microsoft.VisualStudio.QualityTools.Tips.UnitTest.Adapter" className="Konnetic.Sip.UnitTests.AuthenticationInfoHeaderFieldAdapter, Konnetic.Sip.UnitTests, Version=1.0.3676.32754, Culture=neutral, PublicKeyToken=null" name="ResponseAuthAllTest1" />
    </UnitTest>
    <UnitTest name="MethodTest" storage="konnetic.sip.unittests.dll" id="40271ef0-52eb-4856-4468-00a9c50b8ddb">
      <Css projectStructure="" iteration="" />
      <Owners>
        <Owner name="" />
      </Owners>
      <Execution id="d7c4b66e-b0bd-49c3-8fa9-49318fe2a7dd" />
      <TestMethod codeBase="D:/Business/Development/Konnetic/UnifySipApi/Production/Src/Konnetic Unify SIP API/Konnetic.Sip.UnitTests/bin/Debug/Konnetic.Sip.UnitTests.DLL" adapterTypeName="Microsoft.VisualStudio.TestTools.TestTypes.Unit.UnitTestAdapter, Microsoft.VisualStudio.QualityTools.Tips.UnitTest.Adapter" className="Konnetic.Sip.UnitTests.SipUriBuilderAdapter, Konnetic.Sip.UnitTests, Version=1.0.3676.32754, Culture=neutral, PublicKeyToken=null" name="MethodTest" />
    </UnitTest>
    <UnitTest name="EqualsTest1" storage="konnetic.sip.unittests.dll" id="04927b79-0ad2-a1a8-4abe-a9fd418b47c3">
      <Css projectStructure="" iteration="" />
      <Owners>
        <Owner name="" />
      </Owners>
      <Execution id="cbd91844-0bd1-4110-9e9d-a4126fea70b1" />
      <TestMethod codeBase="D:/Business/Development/Konnetic/UnifySipApi/Production/Src/Konnetic Unify SIP API/Konnetic.Sip.UnitTests/bin/Debug/Konnetic.Sip.UnitTests.DLL" adapterTypeName="Microsoft.VisualStudio.TestTools.TestTypes.Unit.UnitTestAdapter, Microsoft.VisualStudio.QualityTools.Tips.UnitTest.Adapter" className="Konnetic.Sip.UnitTests.SipUriAdapter, Konnetic.Sip.UnitTests, Version=1.0.3676.32754, Culture=neutral, PublicKeyToken=null" name="EqualsTest1" />
    </UnitTest>
    <UnitTest name="RequestLineHeaderFieldConstructorTest" storage="konnetic.sip.unittests.dll" id="0ddb5b3b-007a-068d-3ad8-a13d9cd416b0">
      <Css projectStructure="" iteration="" />
      <Owners>
        <Owner name="" />
      </Owners>
      <Execution id="84960ad4-03e2-45b2-9da2-4de6a1335d54" />
      <TestMethod codeBase="D:/Business/Development/Konnetic/UnifySipApi/Production/Src/Konnetic Unify SIP API/Konnetic.Sip.UnitTests/bin/Debug/Konnetic.Sip.UnitTests.DLL" adapterTypeName="Microsoft.VisualStudio.TestTools.TestTypes.Unit.UnitTestAdapter, Microsoft.VisualStudio.QualityTools.Tips.UnitTest.Adapter" className="Konnetic.Sip.UnitTests.RequestLineHeaderFieldAdapter, Konnetic.Sip.UnitTests, Version=1.0.3676.32754, Culture=neutral, PublicKeyToken=null" name="RequestLineHeaderFieldConstructorTest" />
    </UnitTest>
    <UnitTest name="EqualsTest2" storage="konnetic.sip.unittests.dll" id="529a404d-64fa-62e8-a3f3-c53fb0527ab9">
      <Css projectStructure="" iteration="" />
      <Owners>
        <Owner name="" />
      </Owners>
      <Execution id="d965cec2-fdee-4263-9e0a-95f57d6d38dc" />
      <TestMethod codeBase="D:/Business/Development/Konnetic/UnifySipApi/Production/Src/Konnetic Unify SIP API/Konnetic.Sip.UnitTests/bin/Debug/Konnetic.Sip.UnitTests.DLL" adapterTypeName="Microsoft.VisualStudio.TestTools.TestTypes.Unit.UnitTestAdapter, Microsoft.VisualStudio.QualityTools.Tips.UnitTest.Adapter" className="Konnetic.Sip.UnitTests.AcceptHeaderFieldAdapter, Konnetic.Sip.UnitTests, Version=1.0.3676.32754, Culture=neutral, PublicKeyToken=null" name="EqualsTest2" />
    </UnitTest>
    <UnitTest name="IsValidTest" storage="konnetic.sip.unittests.dll" id="0958c599-599c-3e21-b6b6-43f0864edf8e">
      <Css projectStructure="" iteration="" />
      <Owners>
        <Owner name="" />
      </Owners>
      <Execution id="3553d632-28e5-4856-ba11-b3d498fdd0a6" />
      <TestMethod codeBase="D:/Business/Development/Konnetic/UnifySipApi/Production/Src/Konnetic Unify SIP API/Konnetic.Sip.UnitTests/bin/Debug/Konnetic.Sip.UnitTests.DLL" adapterTypeName="Microsoft.VisualStudio.TestTools.TestTypes.Unit.UnitTestAdapter, Microsoft.VisualStudio.QualityTools.Tips.UnitTest.Adapter" className="Konnetic.Sip.UnitTests.AcceptEncodingHeaderFieldAdapter, Konnetic.Sip.UnitTests, Version=1.0.3676.32754, Culture=neutral, PublicKeyToken=null" name="IsValidTest" />
    </UnitTest>
    <UnitTest name="ToStringTest" storage="konnetic.sip.unittests.dll" id="99cd5bcc-733e-e60a-e63c-e5dc7c1d9bc3">
      <Css projectStructure="" iteration="" />
      <Owners>
        <Owner name="" />
      </Owners>
      <Execution id="1d1cab23-6762-4016-9940-f0d2418113c5" />
      <TestMethod codeBase="D:/Business/Development/Konnetic/UnifySipApi/Production/Src/Konnetic Unify SIP API/Konnetic.Sip.UnitTests/bin/Debug/Konnetic.Sip.UnitTests.DLL" adapterTypeName="Microsoft.VisualStudio.TestTools.TestTypes.Unit.UnitTestAdapter, Microsoft.VisualStudio.QualityTools.Tips.UnitTest.Adapter" className="Konnetic.Sip.UnitTests.SipUriAdapter, Konnetic.Sip.UnitTests, Version=1.0.3676.32754, Culture=neutral, PublicKeyToken=null" name="ToStringTest" />
    </UnitTest>
    <UnitTest name="GenericHeaderFieldConstructorTest" storage="konnetic.sip.unittests.dll" id="29a1f7dd-0314-a2c3-e35d-5640e68aa63c">
      <Css projectStructure="" iteration="" />
      <Owners>
        <Owner name="" />
      </Owners>
      <Execution id="ab8cb260-5674-45cc-a0f8-db2435a408e7" />
      <TestMethod codeBase="D:/Business/Development/Konnetic/UnifySipApi/Production/Src/Konnetic Unify SIP API/Konnetic.Sip.UnitTests/bin/Debug/Konnetic.Sip.UnitTests.DLL" adapterTypeName="Microsoft.VisualStudio.TestTools.TestTypes.Unit.UnitTestAdapter, Microsoft.VisualStudio.QualityTools.Tips.UnitTest.Adapter" className="Konnetic.Sip.UnitTests.GenericHeaderFieldAdapter, Konnetic.Sip.UnitTests, Version=1.0.3676.32754, Culture=neutral, PublicKeyToken=null" name="GenericHeaderFieldConstructorTest" />
    </UnitTest>
    <UnitTest name="ToBytesTest" storage="konnetic.sip.unittests.dll" id="efe88225-23f6-c8d3-7d45-d42debb0eff0">
      <Css projectStructure="" iteration="" />
      <Owners>
        <Owner name="" />
      </Owners>
      <Execution id="63bc5478-83d0-4e01-b42b-a62401f0a886" />
      <TestMethod codeBase="D:/Business/Development/Konnetic/UnifySipApi/Production/Src/Konnetic Unify SIP API/Konnetic.Sip.UnitTests/bin/Debug/Konnetic.Sip.UnitTests.DLL" adapterTypeName="Microsoft.VisualStudio.TestTools.TestTypes.Unit.UnitTestAdapter, Microsoft.VisualStudio.QualityTools.Tips.UnitTest.Adapter" className="Konnetic.Sip.UnitTests.ToHeaderFieldAdapter, Konnetic.Sip.UnitTests, Version=1.0.3676.32754, Culture=neutral, PublicKeyToken=null" name="ToBytesTest" />
    </UnitTest>
    <UnitTest name="MaxForwardsHeaderFieldConstructorTest1" storage="konnetic.sip.unittests.dll" id="cc1c6dcb-d4ea-b968-f61f-8b995a096727">
      <Css projectStructure="" iteration="" />
      <Owners>
        <Owner name="" />
      </Owners>
      <Execution id="aad976a2-c860-4b01-a2bc-163fe48859ed" />
      <TestMethod codeBase="D:/Business/Development/Konnetic/UnifySipApi/Production/Src/Konnetic Unify SIP API/Konnetic.Sip.UnitTests/bin/Debug/Konnetic.Sip.UnitTests.DLL" adapterTypeName="Microsoft.VisualStudio.TestTools.TestTypes.Unit.UnitTestAdapter, Microsoft.VisualStudio.QualityTools.Tips.UnitTest.Adapter" className="Konnetic.Sip.UnitTests.MaxForwardsHeaderFieldAdapter, Konnetic.Sip.UnitTests, Version=1.0.3676.32754, Culture=neutral, PublicKeyToken=null" name="MaxForwardsHeaderFieldConstructorTest1" />
    </UnitTest>
    <UnitTest name="op_ImplicitTest" storage="konnetic.sip.unittests.dll" id="f890a367-d3b2-92aa-75f8-3c2217b5c820">
      <Css projectStructure="" iteration="" />
      <Owners>
        <Owner name="" />
      </Owners>
      <Execution id="5b4d8120-f76e-4642-bf1b-f26b68cd1f5f" />
      <TestMethod codeBase="D:/Business/Development/Konnetic/UnifySipApi/Production/Src/Konnetic Unify SIP API/Konnetic.Sip.UnitTests/bin/Debug/Konnetic.Sip.UnitTests.DLL" adapterTypeName="Microsoft.VisualStudio.TestTools.TestTypes.Unit.UnitTestAdapter, Microsoft.VisualStudio.QualityTools.Tips.UnitTest.Adapter" className="Konnetic.Sip.UnitTests.StatusLineHeaderFieldAdapter, Konnetic.Sip.UnitTests, Version=1.0.3676.32754, Culture=neutral, PublicKeyToken=null" name="op_ImplicitTest" />
    </UnitTest>
    <UnitTest name="ContentEncodingTest1" storage="konnetic.sip.unittests.dll" id="25c3230e-0d44-73e3-81f2-19a43d9ed02c">
      <Css projectStructure="" iteration="" />
      <Owners>
        <Owner name="" />
      </Owners>
      <Execution id="8aacc19f-cbb8-4acc-99d6-3a84e433a838" />
      <TestMethod codeBase="D:/Business/Development/Konnetic/UnifySipApi/Production/Src/Konnetic Unify SIP API/Konnetic.Sip.UnitTests/bin/Debug/Konnetic.Sip.UnitTests.DLL" adapterTypeName="Microsoft.VisualStudio.TestTools.TestTypes.Unit.UnitTestAdapter, Microsoft.VisualStudio.QualityTools.Tips.UnitTest.Adapter" className="Konnetic.Sip.UnitTests.ContentEncodingHeaderFieldAdapter, Konnetic.Sip.UnitTests, Version=1.0.3676.32754, Culture=neutral, PublicKeyToken=null" name="ContentEncodingTest1" expectedException="Konnetic.Sip.SipFormatException, Konnetic.Sip, Version=1.0.3676.32752, Culture=neutral, PublicKeyToken=null" />
    </UnitTest>
    <UnitTest name="InviteConstructorTest1" storage="konnetic.sip.unittests.dll" id="f5d18427-058d-1740-5a94-2b31d364b286">
      <Css projectStructure="" iteration="" />
      <Owners>
        <Owner name="" />
      </Owners>
      <Execution id="9d735c6d-789b-469d-b317-d0c992c2ba5d" />
      <TestMethod codeBase="D:/Business/Development/Konnetic/UnifySipApi/Production/Src/Konnetic Unify SIP API/Konnetic.Sip.UnitTests/bin/Debug/Konnetic.Sip.UnitTests.DLL" adapterTypeName="Microsoft.VisualStudio.TestTools.TestTypes.Unit.UnitTestAdapter, Microsoft.VisualStudio.QualityTools.Tips.UnitTest.Adapter" className="Konnetic.Sip.UnitTests.InviteAdapter, Konnetic.Sip.UnitTests, Version=1.0.3676.32754, Culture=neutral, PublicKeyToken=null" name="InviteConstructorTest1" />
    </UnitTest>
    <UnitTest name="UserAgentHeaderFieldConstructorTest" storage="konnetic.sip.unittests.dll" id="74411174-ee30-d59d-a404-77139d10280d">
      <Css projectStructure="" iteration="" />
      <Owners>
        <Owner name="" />
      </Owners>
      <Execution id="5ed6dbdb-82f9-4311-946f-cfd1d019686a" />
      <TestMethod codeBase="D:/Business/Development/Konnetic/UnifySipApi/Production/Src/Konnetic Unify SIP API/Konnetic.Sip.UnitTests/bin/Debug/Konnetic.Sip.UnitTests.DLL" adapterTypeName="Microsoft.VisualStudio.TestTools.TestTypes.Unit.UnitTestAdapter, Microsoft.VisualStudio.QualityTools.Tips.UnitTest.Adapter" className="Konnetic.Sip.UnitTests.UserAgentHeaderFieldAdapter, Konnetic.Sip.UnitTests, Version=1.0.3676.32754, Culture=neutral, PublicKeyToken=null" name="UserAgentHeaderFieldConstructorTest" />
    </UnitTest>
    <UnitTest name="AuthHeaderFieldGroupConstructorTest" storage="konnetic.sip.unittests.dll" id="358cf0f0-ae9e-9e0c-c8dc-b6de15c457e5">
      <Css projectStructure="" iteration="" />
      <Owners>
        <Owner name="" />
      </Owners>
      <Execution id="e93da3b6-8be7-445a-988d-ed4fc606a0f2" />
      <TestMethod codeBase="D:/Business/Development/Konnetic/UnifySipApi/Production/Src/Konnetic Unify SIP API/Konnetic.Sip.UnitTests/bin/Debug/Konnetic.Sip.UnitTests.DLL" adapterTypeName="Microsoft.VisualStudio.TestTools.TestTypes.Unit.UnitTestAdapter, Microsoft.VisualStudio.QualityTools.Tips.UnitTest.Adapter" className="Konnetic.Sip.UnitTests.AuthHeaderFieldGroupAdapter, Konnetic.Sip.UnitTests, Version=1.0.3676.32754, Culture=neutral, PublicKeyToken=null" name="AuthHeaderFieldGroupConstructorTest" />
    </UnitTest>
    <UnitTest name="GetStringValueTest" storage="konnetic.sip.unittests.dll" id="5c6a1da4-81b8-2218-6688-67ed6872cb36">
      <Css projectStructure="" iteration="" />
      <Owners>
        <Owner name="" />
      </Owners>
      <Execution id="14959915-f958-4dca-b0f4-38c013f4227e" />
      <TestMethod codeBase="D:/Business/Development/Konnetic/UnifySipApi/Production/Src/Konnetic Unify SIP API/Konnetic.Sip.UnitTests/bin/Debug/Konnetic.Sip.UnitTests.DLL" adapterTypeName="Microsoft.VisualStudio.TestTools.TestTypes.Unit.UnitTestAdapter, Microsoft.VisualStudio.QualityTools.Tips.UnitTest.Adapter" className="Konnetic.Sip.UnitTests.MaxForwardsHeaderFieldAdapter, Konnetic.Sip.UnitTests, Version=1.0.3676.32754, Culture=neutral, PublicKeyToken=null" name="GetStringValueTest" />
    </UnitTest>
    <UnitTest name="SupportedHeaderFieldConstructorTest1" storage="konnetic.sip.unittests.dll" id="f09f473c-1343-5e66-52b5-716db12fe779">
      <Css projectStructure="" iteration="" />
      <Owners>
        <Owner name="" />
      </Owners>
      <Execution id="5a1d2358-8dbc-40f1-a1eb-0ca3127e7c67" />
      <TestMethod codeBase="D:/Business/Development/Konnetic/UnifySipApi/Production/Src/Konnetic Unify SIP API/Konnetic.Sip.UnitTests/bin/Debug/Konnetic.Sip.UnitTests.DLL" adapterTypeName="Microsoft.VisualStudio.TestTools.TestTypes.Unit.UnitTestAdapter, Microsoft.VisualStudio.QualityTools.Tips.UnitTest.Adapter" className="Konnetic.Sip.UnitTests.SupportedHeaderFieldAdapter, Konnetic.Sip.UnitTests, Version=1.0.3676.32754, Culture=neutral, PublicKeyToken=null" name="SupportedHeaderFieldConstructorTest1" />
    </UnitTest>
    <UnitTest name="SetTest" storage="konnetic.sip.unittests.dll" id="bffd8ebe-fad0-4a52-3ae3-b773805b5659">
      <Css projectStructure="" iteration="" />
      <Owners>
        <Owner name="" />
      </Owners>
      <Execution id="35de8b23-a903-4c17-a3f8-e9eb68d6d1be" />
      <TestMethod codeBase="D:/Business/Development/Konnetic/UnifySipApi/Production/Src/Konnetic Unify SIP API/Konnetic.Sip.UnitTests/bin/Debug/Konnetic.Sip.UnitTests.DLL" adapterTypeName="Microsoft.VisualStudio.TestTools.TestTypes.Unit.UnitTestAdapter, Microsoft.VisualStudio.QualityTools.Tips.UnitTest.Adapter" className="Konnetic.Sip.UnitTests.HeaderFieldGroupAdapter, Konnetic.Sip.UnitTests, Version=1.0.3676.32754, Culture=neutral, PublicKeyToken=null" name="SetTest" />
    </UnitTest>
    <UnitTest name="ItemTest2a" storage="konnetic.sip.unittests.dll" id="76a44a5c-1ea5-f866-0fc4-f907ccd0a0f1">
      <Css projectStructure="" iteration="" />
      <Owners>
        <Owner name="" />
      </Owners>
      <Execution id="fdab4d17-d13b-433b-a1e1-02bdc5349224" />
      <TestMethod codeBase="D:/Business/Development/Konnetic/UnifySipApi/Production/Src/Konnetic Unify SIP API/Konnetic.Sip.UnitTests/bin/Debug/Konnetic.Sip.UnitTests.DLL" adapterTypeName="Microsoft.VisualStudio.TestTools.TestTypes.Unit.UnitTestAdapter, Microsoft.VisualStudio.QualityTools.Tips.UnitTest.Adapter" className="Konnetic.Sip.UnitTests.HeaderFieldCollectionAdapter, Konnetic.Sip.UnitTests, Version=1.0.3676.32754, Culture=neutral, PublicKeyToken=null" name="ItemTest2a" expectedException="System.ArgumentOutOfRangeException, mscorlib, Version=2.0.0.0, Culture=neutral, PublicKeyToken=b77a5c561934e089" />
    </UnitTest>
    <UnitTest name="GetStringValueTest1" storage="konnetic.sip.unittests.dll" id="44586c73-c5a1-a7ba-fcca-1038fcad5a0d">
      <Css projectStructure="" iteration="" />
      <Owners>
        <Owner name="" />
      </Owners>
      <Execution id="8c3aa832-a267-4af8-bcac-fdb521835dd8" />
      <TestMethod codeBase="D:/Business/Development/Konnetic/UnifySipApi/Production/Src/Konnetic Unify SIP API/Konnetic.Sip.UnitTests/bin/Debug/Konnetic.Sip.UnitTests.DLL" adapterTypeName="Microsoft.VisualStudio.TestTools.TestTypes.Unit.UnitTestAdapter, Microsoft.VisualStudio.QualityTools.Tips.UnitTest.Adapter" className="Konnetic.Sip.UnitTests.CallInfoHeaderFieldAdapter, Konnetic.Sip.UnitTests, Version=1.0.3676.32754, Culture=neutral, PublicKeyToken=null" name="GetStringValueTest1" />
    </UnitTest>
    <UnitTest name="UsernameTest" storage="konnetic.sip.unittests.dll" id="f054641a-70e0-0abd-b7e6-795968c12f53">
      <Css projectStructure="" iteration="" />
      <Owners>
        <Owner name="" />
      </Owners>
      <Execution id="f3d0068f-ba83-47e5-83e5-c5aad82fca30" />
      <TestMethod codeBase="D:/Business/Development/Konnetic/UnifySipApi/Production/Src/Konnetic Unify SIP API/Konnetic.Sip.UnitTests/bin/Debug/Konnetic.Sip.UnitTests.DLL" adapterTypeName="Microsoft.VisualStudio.TestTools.TestTypes.Unit.UnitTestAdapter, Microsoft.VisualStudio.QualityTools.Tips.UnitTest.Adapter" className="Konnetic.Sip.UnitTests.AuthorizationHeaderFieldBaseAdapter, Konnetic.Sip.UnitTests, Version=1.0.3676.32754, Culture=neutral, PublicKeyToken=null" name="UsernameTest" />
    </UnitTest>
    <UnitTest name="TimeToLiveTest" storage="konnetic.sip.unittests.dll" id="21fe019c-d5e4-19f4-5a70-b1d48984772a">
      <Css projectStructure="" iteration="" />
      <Owners>
        <Owner name="" />
      </Owners>
      <Execution id="c6778a5d-03a6-4122-8011-9e87b6d8dbf9" />
      <TestMethod codeBase="D:/Business/Development/Konnetic/UnifySipApi/Production/Src/Konnetic Unify SIP API/Konnetic.Sip.UnitTests/bin/Debug/Konnetic.Sip.UnitTests.DLL" adapterTypeName="Microsoft.VisualStudio.TestTools.TestTypes.Unit.UnitTestAdapter, Microsoft.VisualStudio.QualityTools.Tips.UnitTest.Adapter" className="Konnetic.Sip.UnitTests.SipUriAdapter, Konnetic.Sip.UnitTests, Version=1.0.3676.32754, Culture=neutral, PublicKeyToken=null" name="TimeToLiveTest" />
    </UnitTest>
    <UnitTest name="IsValidTest" storage="konnetic.sip.unittests.dll" id="9d269ee2-4aee-5575-c070-85e4cf7df8b4">
      <Css projectStructure="" iteration="" />
      <Owners>
        <Owner name="" />
      </Owners>
      <DeploymentItems>
        <DeploymentItem filename="Konnetic.Sip.dll" />
      </DeploymentItems>
      <Execution id="46ace0d5-9dce-4233-9619-afb4e54fc969" />
      <TestMethod codeBase="D:/Business/Development/Konnetic/UnifySipApi/Production/Src/Konnetic Unify SIP API/Konnetic.Sip.UnitTests/bin/Debug/Konnetic.Sip.UnitTests.DLL" adapterTypeName="Microsoft.VisualStudio.TestTools.TestTypes.Unit.UnitTestAdapter, Microsoft.VisualStudio.QualityTools.Tips.UnitTest.Adapter" className="Konnetic.Sip.UnitTests.ParamatizedHeaderFieldAdapter, Konnetic.Sip.UnitTests, Version=1.0.3676.32754, Culture=neutral, PublicKeyToken=null" name="IsValidTest" />
    </UnitTest>
    <UnitTest name="ParseTest" storage="konnetic.sip.unittests.dll" id="25adea36-0cd4-1742-188a-3103b6fe4b0b">
      <Css projectStructure="" iteration="" />
      <Owners>
        <Owner name="" />
      </Owners>
      <Execution id="9c4673fc-a00b-43f0-8cc1-2a21fe3cb046" />
      <TestMethod codeBase="D:/Business/Development/Konnetic/UnifySipApi/Production/Src/Konnetic Unify SIP API/Konnetic.Sip.UnitTests/bin/Debug/Konnetic.Sip.UnitTests.DLL" adapterTypeName="Microsoft.VisualStudio.TestTools.TestTypes.Unit.UnitTestAdapter, Microsoft.VisualStudio.QualityTools.Tips.UnitTest.Adapter" className="Konnetic.Sip.UnitTests.RetryAfterHeaderFieldAdapter, Konnetic.Sip.UnitTests, Version=1.0.3676.32754, Culture=neutral, PublicKeyToken=null" name="ParseTest" />
    </UnitTest>
    <UnitTest name="SchemeTest4" storage="konnetic.sip.unittests.dll" id="f7b9b035-fa1a-5256-1251-1f0e65416400">
      <Css projectStructure="" iteration="" />
      <Owners>
        <Owner name="" />
      </Owners>
      <Execution id="05fef900-b426-4d66-bd0d-c5c818c1ddaf" />
      <TestMethod codeBase="D:/Business/Development/Konnetic/UnifySipApi/Production/Src/Konnetic Unify SIP API/Konnetic.Sip.UnitTests/bin/Debug/Konnetic.Sip.UnitTests.DLL" adapterTypeName="Microsoft.VisualStudio.TestTools.TestTypes.Unit.UnitTestAdapter, Microsoft.VisualStudio.QualityTools.Tips.UnitTest.Adapter" className="Konnetic.Sip.UnitTests.SipUriAdapter, Konnetic.Sip.UnitTests, Version=1.0.3676.32754, Culture=neutral, PublicKeyToken=null" name="SchemeTest4" expectedException="System.UriFormatException, System, Version=2.0.0.0, Culture=neutral, PublicKeyToken=b77a5c561934e089" />
    </UnitTest>
    <UnitTest name="SubjectHeaderFieldConstructorTest" storage="konnetic.sip.unittests.dll" id="6989ef40-b6e2-fc8f-f91a-027f54dfac64">
      <Css projectStructure="" iteration="" />
      <Owners>
        <Owner name="" />
      </Owners>
      <Execution id="81d24f14-c18c-4716-ad93-ea56d248e1a0" />
      <TestMethod codeBase="D:/Business/Development/Konnetic/UnifySipApi/Production/Src/Konnetic Unify SIP API/Konnetic.Sip.UnitTests/bin/Debug/Konnetic.Sip.UnitTests.DLL" adapterTypeName="Microsoft.VisualStudio.TestTools.TestTypes.Unit.UnitTestAdapter, Microsoft.VisualStudio.QualityTools.Tips.UnitTest.Adapter" className="Konnetic.Sip.UnitTests.SubjectHeaderFieldAdapter, Konnetic.Sip.UnitTests, Version=1.0.3676.32754, Culture=neutral, PublicKeyToken=null" name="SubjectHeaderFieldConstructorTest" />
    </UnitTest>
    <UnitTest name="ParseTestb" storage="konnetic.sip.unittests.dll" id="7a0b57ca-ce7e-3e53-7798-73b29d9af632">
      <Css projectStructure="" iteration="" />
      <Owners>
        <Owner name="" />
      </Owners>
      <Execution id="fc651f75-706d-45e7-ac41-c1a6497b0a48" />
      <TestMethod codeBase="D:/Business/Development/Konnetic/UnifySipApi/Production/Src/Konnetic Unify SIP API/Konnetic.Sip.UnitTests/bin/Debug/Konnetic.Sip.UnitTests.DLL" adapterTypeName="Microsoft.VisualStudio.TestTools.TestTypes.Unit.UnitTestAdapter, Microsoft.VisualStudio.QualityTools.Tips.UnitTest.Adapter" className="Konnetic.Sip.UnitTests.MaxForwardsHeaderFieldAdapter, Konnetic.Sip.UnitTests, Version=1.0.3676.32754, Culture=neutral, PublicKeyToken=null" name="ParseTestb" />
    </UnitTest>
    <UnitTest name="CloneTest" storage="konnetic.sip.unittests.dll" id="bfe19651-ad70-69f7-645b-3455d7540c57">
      <Css projectStructure="" iteration="" />
      <Owners>
        <Owner name="" />
      </Owners>
      <Execution id="a14897bf-03f7-4865-83f4-91da80223f2f" />
      <TestMethod codeBase="D:/Business/Development/Konnetic/UnifySipApi/Production/Src/Konnetic Unify SIP API/Konnetic.Sip.UnitTests/bin/Debug/Konnetic.Sip.UnitTests.DLL" adapterTypeName="Microsoft.VisualStudio.TestTools.TestTypes.Unit.UnitTestAdapter, Microsoft.VisualStudio.QualityTools.Tips.UnitTest.Adapter" className="Konnetic.Sip.UnitTests.UnsupportedHeaderFieldAdapter, Konnetic.Sip.UnitTests, Version=1.0.3676.32754, Culture=neutral, PublicKeyToken=null" name="CloneTest" />
    </UnitTest>
    <UnitTest name="EqualsTest" storage="konnetic.sip.unittests.dll" id="919b5b7d-181c-8dc3-5e75-80d4199358b1">
      <Css projectStructure="" iteration="" />
      <Owners>
        <Owner name="" />
      </Owners>
      <Execution id="fbd6c786-9278-42d7-a64c-18e6fe3398a8" />
      <TestMethod codeBase="D:/Business/Development/Konnetic/UnifySipApi/Production/Src/Konnetic Unify SIP API/Konnetic.Sip.UnitTests/bin/Debug/Konnetic.Sip.UnitTests.DLL" adapterTypeName="Microsoft.VisualStudio.TestTools.TestTypes.Unit.UnitTestAdapter, Microsoft.VisualStudio.QualityTools.Tips.UnitTest.Adapter" className="Konnetic.Sip.UnitTests.ServerHeaderFieldAdapter, Konnetic.Sip.UnitTests, Version=1.0.3676.32754, Culture=neutral, PublicKeyToken=null" name="EqualsTest" />
    </UnitTest>
    <UnitTest name="ParseTest" storage="konnetic.sip.unittests.dll" id="d07abc88-a501-1ccc-9a5d-0c9aa1a4d566">
      <Css projectStructure="" iteration="" />
      <Owners>
        <Owner name="" />
      </Owners>
      <Execution id="9ddaf338-c9e1-4094-9e6d-441b35c5429c" />
      <TestMethod codeBase="D:/Business/Development/Konnetic/UnifySipApi/Production/Src/Konnetic Unify SIP API/Konnetic.Sip.UnitTests/bin/Debug/Konnetic.Sip.UnitTests.DLL" adapterTypeName="Microsoft.VisualStudio.TestTools.TestTypes.Unit.UnitTestAdapter, Microsoft.VisualStudio.QualityTools.Tips.UnitTest.Adapter" className="Konnetic.Sip.UnitTests.ProxyAuthorizationHeaderFieldAdapter, Konnetic.Sip.UnitTests, Version=1.0.3676.32754, Culture=neutral, PublicKeyToken=null" name="ParseTest" />
    </UnitTest>
    <UnitTest name="PurposeTest1" storage="konnetic.sip.unittests.dll" id="f7732818-bc76-2c94-53fc-408b2b50a5de">
      <Css projectStructure="" iteration="" />
      <Owners>
        <Owner name="" />
      </Owners>
      <Execution id="e79ee791-1418-4daa-8815-0caefe5c502f" />
      <TestMethod codeBase="D:/Business/Development/Konnetic/UnifySipApi/Production/Src/Konnetic Unify SIP API/Konnetic.Sip.UnitTests/bin/Debug/Konnetic.Sip.UnitTests.DLL" adapterTypeName="Microsoft.VisualStudio.TestTools.TestTypes.Unit.UnitTestAdapter, Microsoft.VisualStudio.QualityTools.Tips.UnitTest.Adapter" className="Konnetic.Sip.UnitTests.CallInfoHeaderFieldAdapter, Konnetic.Sip.UnitTests, Version=1.0.3676.32754, Culture=neutral, PublicKeyToken=null" name="PurposeTest1" />
    </UnitTest>
    <UnitTest name="AcceptLanguageHeaderFieldConstructorTest" storage="konnetic.sip.unittests.dll" id="0213355b-f7d5-41d6-c871-05de5eda1ff9">
      <Css projectStructure="" iteration="" />
      <Owners>
        <Owner name="" />
      </Owners>
      <Execution id="5590b404-118e-4cbc-81ce-04c75ce06278" />
      <TestMethod codeBase="D:/Business/Development/Konnetic/UnifySipApi/Production/Src/Konnetic Unify SIP API/Konnetic.Sip.UnitTests/bin/Debug/Konnetic.Sip.UnitTests.DLL" adapterTypeName="Microsoft.VisualStudio.TestTools.TestTypes.Unit.UnitTestAdapter, Microsoft.VisualStudio.QualityTools.Tips.UnitTest.Adapter" className="Konnetic.Sip.UnitTests.AcceptLanguageHeaderFieldAdapter, Konnetic.Sip.UnitTests, Version=1.0.3676.32754, Culture=neutral, PublicKeyToken=null" name="AcceptLanguageHeaderFieldConstructorTest" />
    </UnitTest>
    <UnitTest name="CloneTest" storage="konnetic.sip.unittests.dll" id="34f40cae-732a-5618-532c-4cd20289a25f">
      <Css projectStructure="" iteration="" />
      <Owners>
        <Owner name="" />
      </Owners>
      <Execution id="50a99f59-fb33-4f13-bedc-538e4bced564" />
      <TestMethod codeBase="D:/Business/Development/Konnetic/UnifySipApi/Production/Src/Konnetic Unify SIP API/Konnetic.Sip.UnitTests/bin/Debug/Konnetic.Sip.UnitTests.DLL" adapterTypeName="Microsoft.VisualStudio.TestTools.TestTypes.Unit.UnitTestAdapter, Microsoft.VisualStudio.QualityTools.Tips.UnitTest.Adapter" className="Konnetic.Sip.UnitTests.RetryAfterHeaderFieldAdapter, Konnetic.Sip.UnitTests, Version=1.0.3676.32754, Culture=neutral, PublicKeyToken=null" name="CloneTest" />
    </UnitTest>
    <UnitTest name="EqualsTest2" storage="konnetic.sip.unittests.dll" id="3d010d93-3620-7440-f244-577aeb725c90">
      <Css projectStructure="" iteration="" />
      <Owners>
        <Owner name="" />
      </Owners>
      <Execution id="5632a5f6-e6f2-4882-8c75-ee45d8c3fcb8" />
      <TestMethod codeBase="D:/Business/Development/Konnetic/UnifySipApi/Production/Src/Konnetic Unify SIP API/Konnetic.Sip.UnitTests/bin/Debug/Konnetic.Sip.UnitTests.DLL" adapterTypeName="Microsoft.VisualStudio.TestTools.TestTypes.Unit.UnitTestAdapter, Microsoft.VisualStudio.QualityTools.Tips.UnitTest.Adapter" className="Konnetic.Sip.UnitTests.SecurityHeaderFieldAdapter, Konnetic.Sip.UnitTests, Version=1.0.3676.32754, Culture=neutral, PublicKeyToken=null" name="EqualsTest2" />
    </UnitTest>
    <UnitTest name="ExpiresHeaderFieldConstructorTest" storage="konnetic.sip.unittests.dll" id="5e4b7276-a1d0-5132-d911-2a5ccea2bcde">
      <Css projectStructure="" iteration="" />
      <Owners>
        <Owner name="" />
      </Owners>
      <Execution id="8b0ca328-a552-41a4-ad3f-3a29bc742d63" />
      <TestMethod codeBase="D:/Business/Development/Konnetic/UnifySipApi/Production/Src/Konnetic Unify SIP API/Konnetic.Sip.UnitTests/bin/Debug/Konnetic.Sip.UnitTests.DLL" adapterTypeName="Microsoft.VisualStudio.TestTools.TestTypes.Unit.UnitTestAdapter, Microsoft.VisualStudio.QualityTools.Tips.UnitTest.Adapter" className="Konnetic.Sip.UnitTests.ExpiresHeaderFieldAdapter, Konnetic.Sip.UnitTests, Version=1.0.3676.32754, Culture=neutral, PublicKeyToken=null" name="ExpiresHeaderFieldConstructorTest" />
    </UnitTest>
    <UnitTest name="RemainHiddenTest" storage="konnetic.sip.unittests.dll" id="4d2f7bcf-cba1-1d46-e8af-f7b60671800e">
      <Css projectStructure="" iteration="" />
      <Owners>
        <Owner name="" />
      </Owners>
      <Execution id="43ce7098-d8ac-4916-83de-4d8e9aa5ddff" />
      <TestMethod codeBase="D:/Business/Development/Konnetic/UnifySipApi/Production/Src/Konnetic Unify SIP API/Konnetic.Sip.UnitTests/bin/Debug/Konnetic.Sip.UnitTests.DLL" adapterTypeName="Microsoft.VisualStudio.TestTools.TestTypes.Unit.UnitTestAdapter, Microsoft.VisualStudio.QualityTools.Tips.UnitTest.Adapter" className="Konnetic.Sip.UnitTests.FromHeaderFieldAdapter, Konnetic.Sip.UnitTests, Version=1.0.3676.32754, Culture=neutral, PublicKeyToken=null" name="RemainHiddenTest" />
    </UnitTest>
    <UnitTest name="MediaTypeTest" storage="konnetic.sip.unittests.dll" id="d1061e5a-f0f3-25c4-76c8-760798af3da9">
      <Css projectStructure="" iteration="" />
      <Owners>
        <Owner name="" />
      </Owners>
      <Execution id="0c955a0e-bc05-4d62-9cc7-3d4fdc89d909" />
      <TestMethod codeBase="D:/Business/Development/Konnetic/UnifySipApi/Production/Src/Konnetic Unify SIP API/Konnetic.Sip.UnitTests/bin/Debug/Konnetic.Sip.UnitTests.DLL" adapterTypeName="Microsoft.VisualStudio.TestTools.TestTypes.Unit.UnitTestAdapter, Microsoft.VisualStudio.QualityTools.Tips.UnitTest.Adapter" className="Konnetic.Sip.UnitTests.AcceptHeaderFieldAdapter, Konnetic.Sip.UnitTests, Version=1.0.3676.32754, Culture=neutral, PublicKeyToken=null" name="MediaTypeTest" />
    </UnitTest>
    <UnitTest name="HttpUriTesta" storage="konnetic.sip.unittests.dll" id="9f5e96d9-f594-a650-a56d-ab9e9bd8ee43">
      <Css projectStructure="" iteration="" />
      <Owners>
        <Owner name="" />
      </Owners>
      <Execution id="98e961b7-956e-48c3-a89f-71fa78ce4936" />
      <TestMethod codeBase="D:/Business/Development/Konnetic/UnifySipApi/Production/Src/Konnetic Unify SIP API/Konnetic.Sip.UnitTests/bin/Debug/Konnetic.Sip.UnitTests.DLL" adapterTypeName="Microsoft.VisualStudio.TestTools.TestTypes.Unit.UnitTestAdapter, Microsoft.VisualStudio.QualityTools.Tips.UnitTest.Adapter" className="Konnetic.Sip.UnitTests.HttpUriHeaderFieldAdapter, Konnetic.Sip.UnitTests, Version=1.0.3676.32754, Culture=neutral, PublicKeyToken=null" name="HttpUriTesta" expectedException="System.ArgumentNullException, mscorlib, Version=2.0.0.0, Culture=neutral, PublicKeyToken=b77a5c561934e089" />
    </UnitTest>
    <UnitTest name="ParseTest1" storage="konnetic.sip.unittests.dll" id="d8a6efee-457c-937d-1488-c0c7bc680694">
      <Css projectStructure="" iteration="" />
      <Owners>
        <Owner name="" />
      </Owners>
      <Execution id="1be93cbe-00b0-4ae7-9251-f83e40ebbf8f" />
      <TestMethod codeBase="D:/Business/Development/Konnetic/UnifySipApi/Production/Src/Konnetic Unify SIP API/Konnetic.Sip.UnitTests/bin/Debug/Konnetic.Sip.UnitTests.DLL" adapterTypeName="Microsoft.VisualStudio.TestTools.TestTypes.Unit.UnitTestAdapter, Microsoft.VisualStudio.QualityTools.Tips.UnitTest.Adapter" className="Konnetic.Sip.UnitTests.AcceptLanguageHeaderFieldAdapter, Konnetic.Sip.UnitTests, Version=1.0.3676.32754, Culture=neutral, PublicKeyToken=null" name="ParseTest1" />
    </UnitTest>
    <UnitTest name="ValidTest" storage="konnetic.sip.unittests.dll" id="d3b3b457-e9fd-9f4a-efcc-14b4556b9c3b">
      <Css projectStructure="" iteration="" />
      <Owners>
        <Owner name="" />
      </Owners>
      <Execution id="fcabeb4c-62a4-4b35-84c8-fba87efbd919" />
      <TestMethod codeBase="D:/Business/Development/Konnetic/UnifySipApi/Production/Src/Konnetic Unify SIP API/Konnetic.Sip.UnitTests/bin/Debug/Konnetic.Sip.UnitTests.DLL" adapterTypeName="Microsoft.VisualStudio.TestTools.TestTypes.Unit.UnitTestAdapter, Microsoft.VisualStudio.QualityTools.Tips.UnitTest.Adapter" className="Konnetic.Sip.UnitTests.FromHeaderFieldAdapter, Konnetic.Sip.UnitTests, Version=1.0.3676.32754, Culture=neutral, PublicKeyToken=null" name="ValidTest" />
    </UnitTest>
    <UnitTest name="EqualsTest" storage="konnetic.sip.unittests.dll" id="4b2ca340-ba3e-09c5-fe66-8d23594496da">
      <Css projectStructure="" iteration="" />
      <Owners>
        <Owner name="" />
      </Owners>
      <Execution id="2b6ca1b2-a29e-4ac8-b7e3-3794c9d54ea9" />
      <TestMethod codeBase="D:/Business/Development/Konnetic/UnifySipApi/Production/Src/Konnetic Unify SIP API/Konnetic.Sip.UnitTests/bin/Debug/Konnetic.Sip.UnitTests.DLL" adapterTypeName="Microsoft.VisualStudio.TestTools.TestTypes.Unit.UnitTestAdapter, Microsoft.VisualStudio.QualityTools.Tips.UnitTest.Adapter" className="Konnetic.Sip.UnitTests.UnsupportedHeaderFieldAdapter, Konnetic.Sip.UnitTests, Version=1.0.3676.32754, Culture=neutral, PublicKeyToken=null" name="EqualsTest" />
    </UnitTest>
    <UnitTest name="CloneTest" storage="konnetic.sip.unittests.dll" id="b3be7c7e-becc-5cf9-3fcd-538ccc4afdf5">
      <Css projectStructure="" iteration="" />
      <Owners>
        <Owner name="" />
      </Owners>
      <Execution id="215643ea-8865-42e6-ac02-b4cf049701db" />
      <TestMethod codeBase="D:/Business/Development/Konnetic/UnifySipApi/Production/Src/Konnetic Unify SIP API/Konnetic.Sip.UnitTests/bin/Debug/Konnetic.Sip.UnitTests.DLL" adapterTypeName="Microsoft.VisualStudio.TestTools.TestTypes.Unit.UnitTestAdapter, Microsoft.VisualStudio.QualityTools.Tips.UnitTest.Adapter" className="Konnetic.Sip.UnitTests.FromHeaderFieldAdapter, Konnetic.Sip.UnitTests, Version=1.0.3676.32754, Culture=neutral, PublicKeyToken=null" name="CloneTest" />
    </UnitTest>
    <UnitTest name="CloneTest" storage="konnetic.sip.unittests.dll" id="08a7b873-8494-1e8a-f483-fdb60f33ee70">
      <Css projectStructure="" iteration="" />
      <Owners>
        <Owner name="" />
      </Owners>
      <Execution id="9c602659-2990-4652-842b-f2b7557f5176" />
      <TestMethod codeBase="D:/Business/Development/Konnetic/UnifySipApi/Production/Src/Konnetic Unify SIP API/Konnetic.Sip.UnitTests/bin/Debug/Konnetic.Sip.UnitTests.DLL" adapterTypeName="Microsoft.VisualStudio.TestTools.TestTypes.Unit.UnitTestAdapter, Microsoft.VisualStudio.QualityTools.Tips.UnitTest.Adapter" className="Konnetic.Sip.UnitTests.ViaHeaderFieldAdapter, Konnetic.Sip.UnitTests, Version=1.0.3676.32754, Culture=neutral, PublicKeyToken=null" name="CloneTest" />
    </UnitTest>
    <UnitTest name="ParseTest" storage="konnetic.sip.unittests.dll" id="f0088058-c984-d0e2-ec2c-7428ea284f04">
      <Css projectStructure="" iteration="" />
      <Owners>
        <Owner name="" />
      </Owners>
      <Execution id="811fbb34-c701-4b10-9deb-4cd2c867a3ae" />
      <TestMethod codeBase="D:/Business/Development/Konnetic/UnifySipApi/Production/Src/Konnetic Unify SIP API/Konnetic.Sip.UnitTests/bin/Debug/Konnetic.Sip.UnitTests.DLL" adapterTypeName="Microsoft.VisualStudio.TestTools.TestTypes.Unit.UnitTestAdapter, Microsoft.VisualStudio.QualityTools.Tips.UnitTest.Adapter" className="Konnetic.Sip.UnitTests.AuthenticationInfoHeaderFieldAdapter, Konnetic.Sip.UnitTests, Version=1.0.3676.32754, Culture=neutral, PublicKeyToken=null" name="ParseTest" />
    </UnitTest>
    <UnitTest name="HeadersTest1" storage="konnetic.sip.unittests.dll" id="9b2d5c01-cdc2-53bc-572d-0e1d14810a53">
      <Css projectStructure="" iteration="" />
      <Owners>
        <Owner name="" />
      </Owners>
      <Execution id="161e5ace-7869-4b93-a2b4-b1184cedd749" />
      <TestMethod codeBase="D:/Business/Development/Konnetic/UnifySipApi/Production/Src/Konnetic Unify SIP API/Konnetic.Sip.UnitTests/bin/Debug/Konnetic.Sip.UnitTests.DLL" adapterTypeName="Microsoft.VisualStudio.TestTools.TestTypes.Unit.UnitTestAdapter, Microsoft.VisualStudio.QualityTools.Tips.UnitTest.Adapter" className="Konnetic.Sip.UnitTests.SipUriBuilderAdapter, Konnetic.Sip.UnitTests, Version=1.0.3676.32754, Culture=neutral, PublicKeyToken=null" name="HeadersTest1" expectedException="System.ArgumentException, mscorlib, Version=2.0.0.0, Culture=neutral, PublicKeyToken=b77a5c561934e089" />
    </UnitTest>
    <UnitTest name="PasswordTest3" storage="konnetic.sip.unittests.dll" id="e5001eb1-5c44-a71b-aaee-2d9b55622598">
      <Css projectStructure="" iteration="" />
      <Owners>
        <Owner name="" />
      </Owners>
      <Execution id="bc955347-75ad-45b7-bf74-244eb3a154b3" />
      <TestMethod codeBase="D:/Business/Development/Konnetic/UnifySipApi/Production/Src/Konnetic Unify SIP API/Konnetic.Sip.UnitTests/bin/Debug/Konnetic.Sip.UnitTests.DLL" adapterTypeName="Microsoft.VisualStudio.TestTools.TestTypes.Unit.UnitTestAdapter, Microsoft.VisualStudio.QualityTools.Tips.UnitTest.Adapter" className="Konnetic.Sip.UnitTests.SipUriBuilderAdapter, Konnetic.Sip.UnitTests, Version=1.0.3676.32754, Culture=neutral, PublicKeyToken=null" name="PasswordTest3" expectedException="System.ArgumentNullException, mscorlib, Version=2.0.0.0, Culture=neutral, PublicKeyToken=b77a5c561934e089" />
    </UnitTest>
    <UnitTest name="EqualsTest3" storage="konnetic.sip.unittests.dll" id="cd6050f4-4794-f19d-5528-8116511db0c5">
      <Css projectStructure="" iteration="" />
      <Owners>
        <Owner name="" />
      </Owners>
      <Execution id="cab3eb39-7bf1-4496-b1e4-26bcf7b1ecfe" />
      <TestMethod codeBase="D:/Business/Development/Konnetic/UnifySipApi/Production/Src/Konnetic Unify SIP API/Konnetic.Sip.UnitTests/bin/Debug/Konnetic.Sip.UnitTests.DLL" adapterTypeName="Microsoft.VisualStudio.TestTools.TestTypes.Unit.UnitTestAdapter, Microsoft.VisualStudio.QualityTools.Tips.UnitTest.Adapter" className="Konnetic.Sip.UnitTests.ServerHeaderFieldAdapter, Konnetic.Sip.UnitTests, Version=1.0.3676.32754, Culture=neutral, PublicKeyToken=null" name="EqualsTest3" />
    </UnitTest>
    <UnitTest name="NewCallIDTest" storage="konnetic.sip.unittests.dll" id="5f7c1d67-e395-41fb-a4ae-9d6c57f63ca3">
      <Css projectStructure="" iteration="" />
      <Owners>
        <Owner name="" />
      </Owners>
      <Execution id="377fa2c5-7507-439d-9bd3-53a5cffc1fe3" />
      <TestMethod codeBase="D:/Business/Development/Konnetic/UnifySipApi/Production/Src/Konnetic Unify SIP API/Konnetic.Sip.UnitTests/bin/Debug/Konnetic.Sip.UnitTests.DLL" adapterTypeName="Microsoft.VisualStudio.TestTools.TestTypes.Unit.UnitTestAdapter, Microsoft.VisualStudio.QualityTools.Tips.UnitTest.Adapter" className="Konnetic.Sip.UnitTests.CallIdHeaderFieldAdapter, Konnetic.Sip.UnitTests, Version=1.0.3676.32754, Culture=neutral, PublicKeyToken=null" name="NewCallIDTest" />
    </UnitTest>
    <UnitTest name="IsValidTest" storage="konnetic.sip.unittests.dll" id="de4866bc-4c0f-26a2-b305-a28707073345">
      <Css projectStructure="" iteration="" />
      <Owners>
        <Owner name="" />
      </Owners>
      <Execution id="bb013109-d5a0-48a0-b901-65f69f271e71" />
      <TestMethod codeBase="D:/Business/Development/Konnetic/UnifySipApi/Production/Src/Konnetic Unify SIP API/Konnetic.Sip.UnitTests/bin/Debug/Konnetic.Sip.UnitTests.DLL" adapterTypeName="Microsoft.VisualStudio.TestTools.TestTypes.Unit.UnitTestAdapter, Microsoft.VisualStudio.QualityTools.Tips.UnitTest.Adapter" className="Konnetic.Sip.UnitTests.StatusLineHeaderFieldAdapter, Konnetic.Sip.UnitTests, Version=1.0.3676.32754, Culture=neutral, PublicKeyToken=null" name="IsValidTest" />
    </UnitTest>
    <UnitTest name="IsValidTest" storage="konnetic.sip.unittests.dll" id="98fb8e3a-5c45-182f-cded-cb5e5af2922d">
      <Css projectStructure="" iteration="" />
      <Owners>
        <Owner name="" />
      </Owners>
      <Execution id="a45b1b9d-8e71-4ced-bdf9-661e8cd7d091" />
      <TestMethod codeBase="D:/Business/Development/Konnetic/UnifySipApi/Production/Src/Konnetic Unify SIP API/Konnetic.Sip.UnitTests/bin/Debug/Konnetic.Sip.UnitTests.DLL" adapterTypeName="Microsoft.VisualStudio.TestTools.TestTypes.Unit.UnitTestAdapter, Microsoft.VisualStudio.QualityTools.Tips.UnitTest.Adapter" className="Konnetic.Sip.UnitTests.RetryAfterHeaderFieldAdapter, Konnetic.Sip.UnitTests, Version=1.0.3676.32754, Culture=neutral, PublicKeyToken=null" name="IsValidTest" />
    </UnitTest>
    <UnitTest name="ExpiresHeaderFieldConstructorTest1b" storage="konnetic.sip.unittests.dll" id="90b90f44-f46b-56ab-7233-a38566f4877c">
      <Css projectStructure="" iteration="" />
      <Owners>
        <Owner name="" />
      </Owners>
      <Execution id="5f56bb56-19d4-4300-8e92-f3286afecf89" />
      <TestMethod codeBase="D:/Business/Development/Konnetic/UnifySipApi/Production/Src/Konnetic Unify SIP API/Konnetic.Sip.UnitTests/bin/Debug/Konnetic.Sip.UnitTests.DLL" adapterTypeName="Microsoft.VisualStudio.TestTools.TestTypes.Unit.UnitTestAdapter, Microsoft.VisualStudio.QualityTools.Tips.UnitTest.Adapter" className="Konnetic.Sip.UnitTests.ExpiresHeaderFieldAdapter, Konnetic.Sip.UnitTests, Version=1.0.3676.32754, Culture=neutral, PublicKeyToken=null" name="ExpiresHeaderFieldConstructorTest1b" expectedException="Konnetic.Sip.SipOutOfRangeException, Konnetic.Sip, Version=1.0.3676.32752, Culture=neutral, PublicKeyToken=null" />
    </UnitTest>
    <UnitTest name="EqualsTest" storage="konnetic.sip.unittests.dll" id="855bb2a0-0fbc-5ce8-ce09-73258876e1e3">
      <Css projectStructure="" iteration="" />
      <Owners>
        <Owner name="" />
      </Owners>
      <Execution id="289d1bef-f2ae-4d47-8d61-a0a01463f7ae" />
      <TestMethod codeBase="D:/Business/Development/Konnetic/UnifySipApi/Production/Src/Konnetic Unify SIP API/Konnetic.Sip.UnitTests/bin/Debug/Konnetic.Sip.UnitTests.DLL" adapterTypeName="Microsoft.VisualStudio.TestTools.TestTypes.Unit.UnitTestAdapter, Microsoft.VisualStudio.QualityTools.Tips.UnitTest.Adapter" className="Konnetic.Sip.UnitTests.ParamatizedHeaderFieldAdapter, Konnetic.Sip.UnitTests, Version=1.0.3676.32754, Culture=neutral, PublicKeyToken=null" name="EqualsTest" />
    </UnitTest>
    <UnitTest name="CountTest" storage="konnetic.sip.unittests.dll" id="31f8f411-1302-7d79-0be7-e9b489eee19b">
      <Css projectStructure="" iteration="" />
      <Owners>
        <Owner name="" />
      </Owners>
      <Execution id="4e3839fd-5a68-4c4a-a8a5-3f6eaffd3af3" />
      <TestMethod codeBase="D:/Business/Development/Konnetic/UnifySipApi/Production/Src/Konnetic Unify SIP API/Konnetic.Sip.UnitTests/bin/Debug/Konnetic.Sip.UnitTests.DLL" adapterTypeName="Microsoft.VisualStudio.TestTools.TestTypes.Unit.UnitTestAdapter, Microsoft.VisualStudio.QualityTools.Tips.UnitTest.Adapter" className="Konnetic.Sip.UnitTests.HeaderFieldCollectionAdapter, Konnetic.Sip.UnitTests, Version=1.0.3676.32754, Culture=neutral, PublicKeyToken=null" name="CountTest" />
    </UnitTest>
    <UnitTest name="AuthenticationInfoHeaderFieldConstructorTest" storage="konnetic.sip.unittests.dll" id="cf042103-7921-1ead-d6ff-4ed9f0d4db27">
      <Css projectStructure="" iteration="" />
      <Owners>
        <Owner name="" />
      </Owners>
      <Execution id="3a552343-126a-4db3-81de-407ee13322da" />
      <TestMethod codeBase="D:/Business/Development/Konnetic/UnifySipApi/Production/Src/Konnetic Unify SIP API/Konnetic.Sip.UnitTests/bin/Debug/Konnetic.Sip.UnitTests.DLL" adapterTypeName="Microsoft.VisualStudio.TestTools.TestTypes.Unit.UnitTestAdapter, Microsoft.VisualStudio.QualityTools.Tips.UnitTest.Adapter" className="Konnetic.Sip.UnitTests.AuthenticationInfoHeaderFieldAdapter, Konnetic.Sip.UnitTests, Version=1.0.3676.32754, Culture=neutral, PublicKeyToken=null" name="AuthenticationInfoHeaderFieldConstructorTest" />
    </UnitTest>
    <UnitTest name="NewCallIDTest1" storage="konnetic.sip.unittests.dll" id="530ad9f8-9d84-8d72-050b-6a1845bd664d">
      <Css projectStructure="" iteration="" />
      <Owners>
        <Owner name="" />
      </Owners>
      <Execution id="2e18ebda-9486-42ba-aa8d-e8bc52fe6669" />
      <TestMethod codeBase="D:/Business/Development/Konnetic/UnifySipApi/Production/Src/Konnetic Unify SIP API/Konnetic.Sip.UnitTests/bin/Debug/Konnetic.Sip.UnitTests.DLL" adapterTypeName="Microsoft.VisualStudio.TestTools.TestTypes.Unit.UnitTestAdapter, Microsoft.VisualStudio.QualityTools.Tips.UnitTest.Adapter" className="Konnetic.Sip.UnitTests.CallIdHeaderFieldAdapter, Konnetic.Sip.UnitTests, Version=1.0.3676.32754, Culture=neutral, PublicKeyToken=null" name="NewCallIDTest1" />
    </UnitTest>
    <UnitTest name="UriTest" storage="konnetic.sip.unittests.dll" id="e3342c41-5815-79b9-1710-b732892bfac7">
      <Css projectStructure="" iteration="" />
      <Owners>
        <Owner name="" />
      </Owners>
      <Execution id="14aa3648-68a0-4ecf-a581-695ba51a8272" />
      <TestMethod codeBase="D:/Business/Development/Konnetic/UnifySipApi/Production/Src/Konnetic Unify SIP API/Konnetic.Sip.UnitTests/bin/Debug/Konnetic.Sip.UnitTests.DLL" adapterTypeName="Microsoft.VisualStudio.TestTools.TestTypes.Unit.UnitTestAdapter, Microsoft.VisualStudio.QualityTools.Tips.UnitTest.Adapter" className="Konnetic.Sip.UnitTests.ContactHeaderFieldAdapter, Konnetic.Sip.UnitTests, Version=1.0.3676.32754, Culture=neutral, PublicKeyToken=null" name="UriTest" />
    </UnitTest>
    <UnitTest name="AcceptHeaderFieldConstructorTest" storage="konnetic.sip.unittests.dll" id="990de1ba-a4fb-3a66-71c3-0d5bfb2adb0e">
      <Css projectStructure="" iteration="" />
      <Owners>
        <Owner name="" />
      </Owners>
      <Execution id="96473af8-ffde-4730-b429-9e0f2d87e66d" />
      <TestMethod codeBase="D:/Business/Development/Konnetic/UnifySipApi/Production/Src/Konnetic Unify SIP API/Konnetic.Sip.UnitTests/bin/Debug/Konnetic.Sip.UnitTests.DLL" adapterTypeName="Microsoft.VisualStudio.TestTools.TestTypes.Unit.UnitTestAdapter, Microsoft.VisualStudio.QualityTools.Tips.UnitTest.Adapter" className="Konnetic.Sip.UnitTests.AcceptHeaderFieldAdapter, Konnetic.Sip.UnitTests, Version=1.0.3676.32754, Culture=neutral, PublicKeyToken=null" name="AcceptHeaderFieldConstructorTest" />
    </UnitTest>
    <UnitTest name="EqualsTest" storage="konnetic.sip.unittests.dll" id="c4944c7e-1515-f015-86e2-11fd01671676">
      <Css projectStructure="" iteration="" />
      <Owners>
        <Owner name="" />
      </Owners>
      <Execution id="02fbabd6-c203-4297-b804-bcde03aabf3d" />
      <TestMethod codeBase="D:/Business/Development/Konnetic/UnifySipApi/Production/Src/Konnetic Unify SIP API/Konnetic.Sip.UnitTests/bin/Debug/Konnetic.Sip.UnitTests.DLL" adapterTypeName="Microsoft.VisualStudio.TestTools.TestTypes.Unit.UnitTestAdapter, Microsoft.VisualStudio.QualityTools.Tips.UnitTest.Adapter" className="Konnetic.Sip.UnitTests.ContentDispositionHeaderFieldAdapter, Konnetic.Sip.UnitTests, Version=1.0.3676.32754, Culture=neutral, PublicKeyToken=null" name="EqualsTest" />
    </UnitTest>
    <UnitTest name="IsValidTest" storage="konnetic.sip.unittests.dll" id="84ac06b4-3179-88e1-4667-60a412ef51c1">
      <Css projectStructure="" iteration="" />
      <Owners>
        <Owner name="" />
      </Owners>
      <Execution id="e47a6ab9-e341-4e89-a278-6cc335705ad8" />
      <TestMethod codeBase="D:/Business/Development/Konnetic/UnifySipApi/Production/Src/Konnetic Unify SIP API/Konnetic.Sip.UnitTests/bin/Debug/Konnetic.Sip.UnitTests.DLL" adapterTypeName="Microsoft.VisualStudio.TestTools.TestTypes.Unit.UnitTestAdapter, Microsoft.VisualStudio.QualityTools.Tips.UnitTest.Adapter" className="Konnetic.Sip.UnitTests.AllowHeaderFieldAdapter, Konnetic.Sip.UnitTests, Version=1.0.3676.32754, Culture=neutral, PublicKeyToken=null" name="IsValidTest" />
    </UnitTest>
    <UnitTest name="IsValidTest" storage="konnetic.sip.unittests.dll" id="773ad362-0240-58dc-aa8f-272190d27b6e">
      <Css projectStructure="" iteration="" />
      <Owners>
        <Owner name="" />
      </Owners>
      <Execution id="5977b9f9-b545-4c32-a6d3-887718ea65f9" />
      <TestMethod codeBase="D:/Business/Development/Konnetic/UnifySipApi/Production/Src/Konnetic Unify SIP API/Konnetic.Sip.UnitTests/bin/Debug/Konnetic.Sip.UnitTests.DLL" adapterTypeName="Microsoft.VisualStudio.TestTools.TestTypes.Unit.UnitTestAdapter, Microsoft.VisualStudio.QualityTools.Tips.UnitTest.Adapter" className="Konnetic.Sip.UnitTests.ContentLanguageHeaderFieldAdapter, Konnetic.Sip.UnitTests, Version=1.0.3676.32754, Culture=neutral, PublicKeyToken=null" name="IsValidTest" />
    </UnitTest>
    <UnitTest name="IsValidTest" storage="konnetic.sip.unittests.dll" id="4537e9c5-13d5-3f84-48b3-e3974462164d">
      <Css projectStructure="" iteration="" />
      <Owners>
        <Owner name="" />
      </Owners>
      <Execution id="d5d5593d-8881-45f4-b8b7-4b687f383f28" />
      <TestMethod codeBase="D:/Business/Development/Konnetic/UnifySipApi/Production/Src/Konnetic Unify SIP API/Konnetic.Sip.UnitTests/bin/Debug/Konnetic.Sip.UnitTests.DLL" adapterTypeName="Microsoft.VisualStudio.TestTools.TestTypes.Unit.UnitTestAdapter, Microsoft.VisualStudio.QualityTools.Tips.UnitTest.Adapter" className="Konnetic.Sip.UnitTests.AuthenticationInfoHeaderFieldAdapter, Konnetic.Sip.UnitTests, Version=1.0.3676.32754, Culture=neutral, PublicKeyToken=null" name="IsValidTest" />
    </UnitTest>
    <UnitTest name="ParseTest" storage="konnetic.sip.unittests.dll" id="f98ef04e-9540-3115-950e-453a3a5732f4">
      <Css projectStructure="" iteration="" />
      <Owners>
        <Owner name="" />
      </Owners>
      <Execution id="7e004ce7-762a-4198-97c9-701402d80825" />
      <TestMethod codeBase="D:/Business/Development/Konnetic/UnifySipApi/Production/Src/Konnetic Unify SIP API/Konnetic.Sip.UnitTests/bin/Debug/Konnetic.Sip.UnitTests.DLL" adapterTypeName="Microsoft.VisualStudio.TestTools.TestTypes.Unit.UnitTestAdapter, Microsoft.VisualStudio.QualityTools.Tips.UnitTest.Adapter" className="Konnetic.Sip.UnitTests.StatusLineHeaderFieldAdapter, Konnetic.Sip.UnitTests, Version=1.0.3676.32754, Culture=neutral, PublicKeyToken=null" name="ParseTest" />
    </UnitTest>
    <UnitTest name="GetStringValueTest" storage="konnetic.sip.unittests.dll" id="a027c581-e82b-bbb6-54e1-9a6b391ce061">
      <Css projectStructure="" iteration="" />
      <Owners>
        <Owner name="" />
      </Owners>
      <Execution id="ff04b009-cfb4-4ee8-8bde-b6e643b1bb48" />
      <TestMethod codeBase="D:/Business/Development/Konnetic/UnifySipApi/Production/Src/Konnetic Unify SIP API/Konnetic.Sip.UnitTests/bin/Debug/Konnetic.Sip.UnitTests.DLL" adapterTypeName="Microsoft.VisualStudio.TestTools.TestTypes.Unit.UnitTestAdapter, Microsoft.VisualStudio.QualityTools.Tips.UnitTest.Adapter" className="Konnetic.Sip.UnitTests.AcceptEncodingHeaderFieldAdapter, Konnetic.Sip.UnitTests, Version=1.0.3676.32754, Culture=neutral, PublicKeyToken=null" name="GetStringValueTest" />
    </UnitTest>
    <UnitTest name="LrTest" storage="konnetic.sip.unittests.dll" id="7892af7f-99e5-d09a-0682-e43dbb8f401f">
      <Css projectStructure="" iteration="" />
      <Owners>
        <Owner name="" />
      </Owners>
      <Execution id="74f24412-88d8-4015-8bf5-0e10783af3c5" />
      <TestMethod codeBase="D:/Business/Development/Konnetic/UnifySipApi/Production/Src/Konnetic Unify SIP API/Konnetic.Sip.UnitTests/bin/Debug/Konnetic.Sip.UnitTests.DLL" adapterTypeName="Microsoft.VisualStudio.TestTools.TestTypes.Unit.UnitTestAdapter, Microsoft.VisualStudio.QualityTools.Tips.UnitTest.Adapter" className="Konnetic.Sip.UnitTests.SipUriBuilderAdapter, Konnetic.Sip.UnitTests, Version=1.0.3676.32754, Culture=neutral, PublicKeyToken=null" name="LrTest" />
    </UnitTest>
    <UnitTest name="CloneTest" storage="konnetic.sip.unittests.dll" id="8456b9bc-1502-c935-fe2c-1c0b85b8069f">
      <Css projectStructure="" iteration="" />
      <Owners>
        <Owner name="" />
      </Owners>
      <Execution id="aeac22af-b2b1-4244-937a-a43ccec7736a" />
      <TestMethod codeBase="D:/Business/Development/Konnetic/UnifySipApi/Production/Src/Konnetic Unify SIP API/Konnetic.Sip.UnitTests/bin/Debug/Konnetic.Sip.UnitTests.DLL" adapterTypeName="Microsoft.VisualStudio.TestTools.TestTypes.Unit.UnitTestAdapter, Microsoft.VisualStudio.QualityTools.Tips.UnitTest.Adapter" className="Konnetic.Sip.UnitTests.ContentDispositionHeaderFieldAdapter, Konnetic.Sip.UnitTests, Version=1.0.3676.32754, Culture=neutral, PublicKeyToken=null" name="CloneTest" />
    </UnitTest>
    <UnitTest name="GetStringValueTest" storage="konnetic.sip.unittests.dll" id="210bb9b9-9fdd-7c04-d2c1-53ee38de336f">
      <Css projectStructure="" iteration="" />
      <Owners>
        <Owner name="" />
      </Owners>
      <Execution id="bb3dade2-31c6-4145-a74b-b88d3ff80dff" />
      <TestMethod codeBase="D:/Business/Development/Konnetic/UnifySipApi/Production/Src/Konnetic Unify SIP API/Konnetic.Sip.UnitTests/bin/Debug/Konnetic.Sip.UnitTests.DLL" adapterTypeName="Microsoft.VisualStudio.TestTools.TestTypes.Unit.UnitTestAdapter, Microsoft.VisualStudio.QualityTools.Tips.UnitTest.Adapter" className="Konnetic.Sip.UnitTests.OptionHeaderFieldAdapter, Konnetic.Sip.UnitTests, Version=1.0.3676.32754, Culture=neutral, PublicKeyToken=null" name="GetStringValueTest" />
    </UnitTest>
    <UnitTest name="CloneTest" storage="konnetic.sip.unittests.dll" id="37e9e05e-3df1-6701-2b47-d1d261dc14b9">
      <Css projectStructure="" iteration="" />
      <Owners>
        <Owner name="" />
      </Owners>
      <Execution id="475d1e7e-cb75-4b23-ab92-3f2f38303306" />
      <TestMethod codeBase="D:/Business/Development/Konnetic/UnifySipApi/Production/Src/Konnetic Unify SIP API/Konnetic.Sip.UnitTests/bin/Debug/Konnetic.Sip.UnitTests.DLL" adapterTypeName="Microsoft.VisualStudio.TestTools.TestTypes.Unit.UnitTestAdapter, Microsoft.VisualStudio.QualityTools.Tips.UnitTest.Adapter" className="Konnetic.Sip.UnitTests.CSeqHeaderFieldAdapter, Konnetic.Sip.UnitTests, Version=1.0.3676.32754, Culture=neutral, PublicKeyToken=null" name="CloneTest" />
    </UnitTest>
    <UnitTest name="UserParameterTest2" storage="konnetic.sip.unittests.dll" id="3c1d08b4-0c29-5f5c-d593-ff549d7485a5">
      <Css projectStructure="" iteration="" />
      <Owners>
        <Owner name="" />
      </Owners>
      <Execution id="463f5264-1ea9-4914-9e60-058585663969" />
      <TestMethod codeBase="D:/Business/Development/Konnetic/UnifySipApi/Production/Src/Konnetic Unify SIP API/Konnetic.Sip.UnitTests/bin/Debug/Konnetic.Sip.UnitTests.DLL" adapterTypeName="Microsoft.VisualStudio.TestTools.TestTypes.Unit.UnitTestAdapter, Microsoft.VisualStudio.QualityTools.Tips.UnitTest.Adapter" className="Konnetic.Sip.UnitTests.SipUriBuilderAdapter, Konnetic.Sip.UnitTests, Version=1.0.3676.32754, Culture=neutral, PublicKeyToken=null" name="UserParameterTest2" />
    </UnitTest>
    <UnitTest name="ViaHeaderFieldConstructorTest2" storage="konnetic.sip.unittests.dll" id="747de9fa-a7e3-c593-29cb-954818f360ce">
      <Css projectStructure="" iteration="" />
      <Owners>
        <Owner name="" />
      </Owners>
      <Execution id="e61a3e08-5997-4a06-a3c1-840451b3536c" />
      <TestMethod codeBase="D:/Business/Development/Konnetic/UnifySipApi/Production/Src/Konnetic Unify SIP API/Konnetic.Sip.UnitTests/bin/Debug/Konnetic.Sip.UnitTests.DLL" adapterTypeName="Microsoft.VisualStudio.TestTools.TestTypes.Unit.UnitTestAdapter, Microsoft.VisualStudio.QualityTools.Tips.UnitTest.Adapter" className="Konnetic.Sip.UnitTests.ViaHeaderFieldAdapter, Konnetic.Sip.UnitTests, Version=1.0.3676.32754, Culture=neutral, PublicKeyToken=null" name="ViaHeaderFieldConstructorTest2" />
    </UnitTest>
    <UnitTest name="ItemTest2" storage="konnetic.sip.unittests.dll" id="62af2ef0-4b12-2264-7b5e-72fc56fdb0f6">
      <Css projectStructure="" iteration="" />
      <Owners>
        <Owner name="" />
      </Owners>
      <Execution id="a27a4954-f901-4f62-a84f-e8c249deebf5" />
      <TestMethod codeBase="D:/Business/Development/Konnetic/UnifySipApi/Production/Src/Konnetic Unify SIP API/Konnetic.Sip.UnitTests/bin/Debug/Konnetic.Sip.UnitTests.DLL" adapterTypeName="Microsoft.VisualStudio.TestTools.TestTypes.Unit.UnitTestAdapter, Microsoft.VisualStudio.QualityTools.Tips.UnitTest.Adapter" className="Konnetic.Sip.UnitTests.HeaderFieldCollectionAdapter, Konnetic.Sip.UnitTests, Version=1.0.3676.32754, Culture=neutral, PublicKeyToken=null" name="ItemTest2" />
    </UnitTest>
    <UnitTest name="ToCharsTest" storage="konnetic.sip.unittests.dll" id="57d29a05-d78a-e2cb-f059-9938b139364e">
      <Css projectStructure="" iteration="" />
      <Owners>
        <Owner name="" />
      </Owners>
      <Execution id="9501dcc4-844a-4e82-a69a-154d4b07ff23" />
      <TestMethod codeBase="D:/Business/Development/Konnetic/UnifySipApi/Production/Src/Konnetic Unify SIP API/Konnetic.Sip.UnitTests/bin/Debug/Konnetic.Sip.UnitTests.DLL" adapterTypeName="Microsoft.VisualStudio.TestTools.TestTypes.Unit.UnitTestAdapter, Microsoft.VisualStudio.QualityTools.Tips.UnitTest.Adapter" className="Konnetic.Sip.UnitTests.ParamatizedHeaderFieldAdapter, Konnetic.Sip.UnitTests, Version=1.0.3676.32754, Culture=neutral, PublicKeyToken=null" name="ToCharsTest" />
    </UnitTest>
    <UnitTest name="ParseQValueTest" storage="konnetic.sip.unittests.dll" id="2cf89818-ac7c-672a-178c-efb31c5b06e8">
      <Css projectStructure="" iteration="" />
      <Owners>
        <Owner name="" />
      </Owners>
      <Execution id="c8967b95-c479-4916-a681-c7b03a85dae3" />
      <TestMethod codeBase="D:/Business/Development/Konnetic/UnifySipApi/Production/Src/Konnetic Unify SIP API/Konnetic.Sip.UnitTests/bin/Debug/Konnetic.Sip.UnitTests.DLL" adapterTypeName="Microsoft.VisualStudio.TestTools.TestTypes.Unit.UnitTestAdapter, Microsoft.VisualStudio.QualityTools.Tips.UnitTest.Adapter" className="Konnetic.Sip.UnitTests.QValueHeaderFieldAdapter, Konnetic.Sip.UnitTests, Version=1.0.3676.32754, Culture=neutral, PublicKeyToken=null" name="ParseQValueTest" />
    </UnitTest>
    <UnitTest name="CloneTest" storage="konnetic.sip.unittests.dll" id="1912cca7-5ca0-dc0d-f6dd-08ffea4b9813">
      <Css projectStructure="" iteration="" />
      <Owners>
        <Owner name="" />
      </Owners>
      <Execution id="ad09f659-8a38-40b6-a05c-14799f306f78" />
      <TestMethod codeBase="D:/Business/Development/Konnetic/UnifySipApi/Production/Src/Konnetic Unify SIP API/Konnetic.Sip.UnitTests/bin/Debug/Konnetic.Sip.UnitTests.DLL" adapterTypeName="Microsoft.VisualStudio.TestTools.TestTypes.Unit.UnitTestAdapter, Microsoft.VisualStudio.QualityTools.Tips.UnitTest.Adapter" className="Konnetic.Sip.UnitTests.RecordRouteHeaderFieldAdapter, Konnetic.Sip.UnitTests, Version=1.0.3676.32754, Culture=neutral, PublicKeyToken=null" name="CloneTest" />
    </UnitTest>
    <UnitTest name="CompareToTest" storage="konnetic.sip.unittests.dll" id="3f9b007a-0887-0a4b-fc11-bcd2e8627500">
      <Css projectStructure="" iteration="" />
      <Owners>
        <Owner name="" />
      </Owners>
      <Execution id="cb8ae09d-9a48-4115-adf8-68bcc8523006" />
      <TestMethod codeBase="D:/Business/Development/Konnetic/UnifySipApi/Production/Src/Konnetic Unify SIP API/Konnetic.Sip.UnitTests/bin/Debug/Konnetic.Sip.UnitTests.DLL" adapterTypeName="Microsoft.VisualStudio.TestTools.TestTypes.Unit.UnitTestAdapter, Microsoft.VisualStudio.QualityTools.Tips.UnitTest.Adapter" className="Konnetic.Sip.UnitTests.HeaderFieldBaseAdapter, Konnetic.Sip.UnitTests, Version=1.0.3676.32754, Culture=neutral, PublicKeyToken=null" name="CompareToTest" />
    </UnitTest>
    <UnitTest name="CloneTest" storage="konnetic.sip.unittests.dll" id="fe58bec2-a07e-0615-a599-cc771dbb3059">
      <Css projectStructure="" iteration="" />
      <Owners>
        <Owner name="" />
      </Owners>
      <Execution id="a54da1ac-8185-4142-803e-a7043639e819" />
      <TestMethod codeBase="D:/Business/Development/Konnetic/UnifySipApi/Production/Src/Konnetic Unify SIP API/Konnetic.Sip.UnitTests/bin/Debug/Konnetic.Sip.UnitTests.DLL" adapterTypeName="Microsoft.VisualStudio.TestTools.TestTypes.Unit.UnitTestAdapter, Microsoft.VisualStudio.QualityTools.Tips.UnitTest.Adapter" className="Konnetic.Sip.UnitTests.ReplyToHeaderFieldAdapter, Konnetic.Sip.UnitTests, Version=1.0.3676.32754, Culture=neutral, PublicKeyToken=null" name="CloneTest" />
    </UnitTest>
    <UnitTest name="EqualsTest" storage="konnetic.sip.unittests.dll" id="73cf7a2a-886e-b60a-32af-84079abf340c">
      <Css projectStructure="" iteration="" />
      <Owners>
        <Owner name="" />
      </Owners>
      <Execution id="16c0f759-f545-49de-9b79-80973e031c2e" />
      <TestMethod codeBase="D:/Business/Development/Konnetic/UnifySipApi/Production/Src/Konnetic Unify SIP API/Konnetic.Sip.UnitTests/bin/Debug/Konnetic.Sip.UnitTests.DLL" adapterTypeName="Microsoft.VisualStudio.TestTools.TestTypes.Unit.UnitTestAdapter, Microsoft.VisualStudio.QualityTools.Tips.UnitTest.Adapter" className="Konnetic.Sip.UnitTests.RetryAfterHeaderFieldAdapter, Konnetic.Sip.UnitTests, Version=1.0.3676.32754, Culture=neutral, PublicKeyToken=null" name="EqualsTest" />
    </UnitTest>
    <UnitTest name="InReplyToHeaderFieldConstructorTest" storage="konnetic.sip.unittests.dll" id="99b74081-c859-1454-2fd3-b7f0ea4de95a">
      <Css projectStructure="" iteration="" />
      <Owners>
        <Owner name="" />
      </Owners>
      <Execution id="b8c54443-8b2f-4203-ba5a-e42e8c18f933" />
      <TestMethod codeBase="D:/Business/Development/Konnetic/UnifySipApi/Production/Src/Konnetic Unify SIP API/Konnetic.Sip.UnitTests/bin/Debug/Konnetic.Sip.UnitTests.DLL" adapterTypeName="Microsoft.VisualStudio.TestTools.TestTypes.Unit.UnitTestAdapter, Microsoft.VisualStudio.QualityTools.Tips.UnitTest.Adapter" className="Konnetic.Sip.UnitTests.InReplyToHeaderFieldAdapter, Konnetic.Sip.UnitTests, Version=1.0.3676.32754, Culture=neutral, PublicKeyToken=null" name="InReplyToHeaderFieldConstructorTest" />
    </UnitTest>
    <UnitTest name="MaxSecondsTest" storage="konnetic.sip.unittests.dll" id="e419491f-9820-3213-b896-1d75eafc4330">
      <Css projectStructure="" iteration="" />
      <Owners>
        <Owner name="" />
      </Owners>
      <Execution id="f86a6d66-d5d7-40a2-bb1f-c94ca37e7288" />
      <TestMethod codeBase="D:/Business/Development/Konnetic/UnifySipApi/Production/Src/Konnetic Unify SIP API/Konnetic.Sip.UnitTests/bin/Debug/Konnetic.Sip.UnitTests.DLL" adapterTypeName="Microsoft.VisualStudio.TestTools.TestTypes.Unit.UnitTestAdapter, Microsoft.VisualStudio.QualityTools.Tips.UnitTest.Adapter" className="Konnetic.Sip.UnitTests.SecondsHeaderFieldAdapter, Konnetic.Sip.UnitTests, Version=1.0.3676.32754, Culture=neutral, PublicKeyToken=null" name="MaxSecondsTest" />
    </UnitTest>
    <UnitTest name="EqualsTest2" storage="konnetic.sip.unittests.dll" id="d0036319-886d-2ed2-0d0b-bec59d56b6df">
      <Css projectStructure="" iteration="" />
      <Owners>
        <Owner name="" />
      </Owners>
      <Execution id="55f3c760-721d-4d1f-a378-c3704d0be376" />
      <TestMethod codeBase="D:/Business/Development/Konnetic/UnifySipApi/Production/Src/Konnetic Unify SIP API/Konnetic.Sip.UnitTests/bin/Debug/Konnetic.Sip.UnitTests.DLL" adapterTypeName="Microsoft.VisualStudio.TestTools.TestTypes.Unit.UnitTestAdapter, Microsoft.VisualStudio.QualityTools.Tips.UnitTest.Adapter" className="Konnetic.Sip.UnitTests.HeaderFieldGroupAdapter, Konnetic.Sip.UnitTests, Version=1.0.3676.32754, Culture=neutral, PublicKeyToken=null" name="EqualsTest2" />
    </UnitTest>
    <UnitTest name="ParseTest" storage="konnetic.sip.unittests.dll" id="1072ac25-fb58-d842-901c-1c62dc7fda99">
      <Css projectStructure="" iteration="" />
      <Owners>
        <Owner name="" />
      </Owners>
      <Execution id="32e850a2-c921-4e4e-a2bc-7171b69a065c" />
      <TestMethod codeBase="D:/Business/Development/Konnetic/UnifySipApi/Production/Src/Konnetic Unify SIP API/Konnetic.Sip.UnitTests/bin/Debug/Konnetic.Sip.UnitTests.DLL" adapterTypeName="Microsoft.VisualStudio.TestTools.TestTypes.Unit.UnitTestAdapter, Microsoft.VisualStudio.QualityTools.Tips.UnitTest.Adapter" className="Konnetic.Sip.UnitTests.RequireHeaderFieldAdapter, Konnetic.Sip.UnitTests, Version=1.0.3676.32754, Culture=neutral, PublicKeyToken=null" name="ParseTest" />
    </UnitTest>
    <UnitTest name="op_ExplicitTest" storage="konnetic.sip.unittests.dll" id="02ad00e5-b396-f9f9-108d-3b6dac5efb8c">
      <Css projectStructure="" iteration="" />
      <Owners>
        <Owner name="" />
      </Owners>
      <Execution id="9645deb2-7e64-4d27-aa82-ffb281a8a99b" />
      <TestMethod codeBase="D:/Business/Development/Konnetic/UnifySipApi/Production/Src/Konnetic Unify SIP API/Konnetic.Sip.UnitTests/bin/Debug/Konnetic.Sip.UnitTests.DLL" adapterTypeName="Microsoft.VisualStudio.TestTools.TestTypes.Unit.UnitTestAdapter, Microsoft.VisualStudio.QualityTools.Tips.UnitTest.Adapter" className="Konnetic.Sip.UnitTests.AcceptLanguageHeaderFieldAdapter, Konnetic.Sip.UnitTests, Version=1.0.3676.32754, Culture=neutral, PublicKeyToken=null" name="op_ExplicitTest" />
    </UnitTest>
    <UnitTest name="ParseTest" storage="konnetic.sip.unittests.dll" id="4602326d-c2d5-976d-520d-c678d4e79d17">
      <Css projectStructure="" iteration="" />
      <Owners>
        <Owner name="" />
      </Owners>
      <Execution id="d616d79a-78df-4187-b42a-12793e32c683" />
      <TestMethod codeBase="D:/Business/Development/Konnetic/UnifySipApi/Production/Src/Konnetic Unify SIP API/Konnetic.Sip.UnitTests/bin/Debug/Konnetic.Sip.UnitTests.DLL" adapterTypeName="Microsoft.VisualStudio.TestTools.TestTypes.Unit.UnitTestAdapter, Microsoft.VisualStudio.QualityTools.Tips.UnitTest.Adapter" className="Konnetic.Sip.UnitTests.ErrorHeaderFieldAdapter, Konnetic.Sip.UnitTests, Version=1.0.3676.32754, Culture=neutral, PublicKeyToken=null" name="ParseTest" />
    </UnitTest>
    <UnitTest name="op_ExplicitTest" storage="konnetic.sip.unittests.dll" id="5d4b6689-71b2-48ff-8a6c-5a7763654b98">
      <Css projectStructure="" iteration="" />
      <Owners>
        <Owner name="" />
      </Owners>
      <Execution id="f9c068b6-052e-476f-abf3-af03e072a57a" />
      <TestMethod codeBase="D:/Business/Development/Konnetic/UnifySipApi/Production/Src/Konnetic Unify SIP API/Konnetic.Sip.UnitTests/bin/Debug/Konnetic.Sip.UnitTests.DLL" adapterTypeName="Microsoft.VisualStudio.TestTools.TestTypes.Unit.UnitTestAdapter, Microsoft.VisualStudio.QualityTools.Tips.UnitTest.Adapter" className="Konnetic.Sip.UnitTests.CallInfoHeaderFieldAdapter, Konnetic.Sip.UnitTests, Version=1.0.3676.32754, Culture=neutral, PublicKeyToken=null" name="op_ExplicitTest" />
    </UnitTest>
    <UnitTest name="EqualsTest1" storage="konnetic.sip.unittests.dll" id="4e2a3aaf-9097-cca0-0abf-a1102ed0e215">
      <Css projectStructure="" iteration="" />
      <Owners>
        <Owner name="" />
      </Owners>
      <Execution id="201d0e1d-f952-4063-b361-6053bf81c821" />
      <TestMethod codeBase="D:/Business/Development/Konnetic/UnifySipApi/Production/Src/Konnetic Unify SIP API/Konnetic.Sip.UnitTests/bin/Debug/Konnetic.Sip.UnitTests.DLL" adapterTypeName="Microsoft.VisualStudio.TestTools.TestTypes.Unit.UnitTestAdapter, Microsoft.VisualStudio.QualityTools.Tips.UnitTest.Adapter" className="Konnetic.Sip.UnitTests.HeaderFieldGroupAdapter, Konnetic.Sip.UnitTests, Version=1.0.3676.32754, Culture=neutral, PublicKeyToken=null" name="EqualsTest1" />
    </UnitTest>
    <UnitTest name="CreateHeaderFieldFromLineTest" storage="konnetic.sip.unittests.dll" id="d687f2f4-3b09-a250-e039-3e15bf56edc1">
      <Css projectStructure="" iteration="" />
      <Owners>
        <Owner name="" />
      </Owners>
      <Execution id="acaf1637-4ec6-49ef-b8d6-d35590e1421d" />
      <TestMethod codeBase="D:/Business/Development/Konnetic/UnifySipApi/Production/Src/Konnetic Unify SIP API/Konnetic.Sip.UnitTests/bin/Debug/Konnetic.Sip.UnitTests.DLL" adapterTypeName="Microsoft.VisualStudio.TestTools.TestTypes.Unit.UnitTestAdapter, Microsoft.VisualStudio.QualityTools.Tips.UnitTest.Adapter" className="Konnetic.Sip.UnitTests.HeaderFieldFactoryAdapter, Konnetic.Sip.UnitTests, Version=1.0.3676.32754, Culture=neutral, PublicKeyToken=null" name="CreateHeaderFieldFromLineTest" />
    </UnitTest>
    <UnitTest name="MethodTest" storage="konnetic.sip.unittests.dll" id="a7ce8045-fdaa-8c92-34a2-239e6e9f9d66">
      <Css projectStructure="" iteration="" />
      <Owners>
        <Owner name="" />
      </Owners>
      <Execution id="bae77cf9-c72d-44c6-b862-96aa00147bbc" />
      <TestMethod codeBase="D:/Business/Development/Konnetic/UnifySipApi/Production/Src/Konnetic Unify SIP API/Konnetic.Sip.UnitTests/bin/Debug/Konnetic.Sip.UnitTests.DLL" adapterTypeName="Microsoft.VisualStudio.TestTools.TestTypes.Unit.UnitTestAdapter, Microsoft.VisualStudio.QualityTools.Tips.UnitTest.Adapter" className="Konnetic.Sip.UnitTests.CSeqHeaderFieldAdapter, Konnetic.Sip.UnitTests, Version=1.0.3676.32754, Culture=neutral, PublicKeyToken=null" name="MethodTest" />
    </UnitTest>
    <UnitTest name="OpaqueTest2" storage="konnetic.sip.unittests.dll" id="e1ea717e-3adf-50a2-d3bc-7b19427855e7">
      <Css projectStructure="" iteration="" />
      <Owners>
        <Owner name="" />
      </Owners>
      <Execution id="7d339329-80b5-43fd-8d98-6dc9514b7da0" />
      <TestMethod codeBase="D:/Business/Development/Konnetic/UnifySipApi/Production/Src/Konnetic Unify SIP API/Konnetic.Sip.UnitTests/bin/Debug/Konnetic.Sip.UnitTests.DLL" adapterTypeName="Microsoft.VisualStudio.TestTools.TestTypes.Unit.UnitTestAdapter, Microsoft.VisualStudio.QualityTools.Tips.UnitTest.Adapter" className="Konnetic.Sip.UnitTests.SecurityHeaderFieldAdapter, Konnetic.Sip.UnitTests, Version=1.0.3676.32754, Culture=neutral, PublicKeyToken=null" name="OpaqueTest2" />
    </UnitTest>
    <UnitTest name="op_ImplicitTest" storage="konnetic.sip.unittests.dll" id="7df58dbe-8686-9c12-c5b1-8abf88f24b54">
      <Css projectStructure="" iteration="" />
      <Owners>
        <Owner name="" />
      </Owners>
      <Execution id="e795c933-71b5-468a-8c6b-679c731ec410" />
      <TestMethod codeBase="D:/Business/Development/Konnetic/UnifySipApi/Production/Src/Konnetic Unify SIP API/Konnetic.Sip.UnitTests/bin/Debug/Konnetic.Sip.UnitTests.DLL" adapterTypeName="Microsoft.VisualStudio.TestTools.TestTypes.Unit.UnitTestAdapter, Microsoft.VisualStudio.QualityTools.Tips.UnitTest.Adapter" className="Konnetic.Sip.UnitTests.ToHeaderFieldAdapter, Konnetic.Sip.UnitTests, Version=1.0.3676.32754, Culture=neutral, PublicKeyToken=null" name="op_ImplicitTest" />
    </UnitTest>
    <UnitTest name="StatusLineHeaderFieldConstructorTest1" storage="konnetic.sip.unittests.dll" id="f3dd6df3-743a-86b0-a28d-bd5c1ee5d7ca">
      <Css projectStructure="" iteration="" />
      <Owners>
        <Owner name="" />
      </Owners>
      <Execution id="e214df6f-00ef-4242-82fb-a7caa78e9fe4" />
      <TestMethod codeBase="D:/Business/Development/Konnetic/UnifySipApi/Production/Src/Konnetic Unify SIP API/Konnetic.Sip.UnitTests/bin/Debug/Konnetic.Sip.UnitTests.DLL" adapterTypeName="Microsoft.VisualStudio.TestTools.TestTypes.Unit.UnitTestAdapter, Microsoft.VisualStudio.QualityTools.Tips.UnitTest.Adapter" className="Konnetic.Sip.UnitTests.StatusLineHeaderFieldAdapter, Konnetic.Sip.UnitTests, Version=1.0.3676.32754, Culture=neutral, PublicKeyToken=null" name="StatusLineHeaderFieldConstructorTest1" />
    </UnitTest>
    <UnitTest name="RecordRouteHeaderFieldConstructorTest" storage="konnetic.sip.unittests.dll" id="79e37168-2641-8f03-164a-e3b44f46c555">
      <Css projectStructure="" iteration="" />
      <Owners>
        <Owner name="" />
      </Owners>
      <Execution id="d621b40e-df60-4300-8c14-dbec1f8425fe" />
      <TestMethod codeBase="D:/Business/Development/Konnetic/UnifySipApi/Production/Src/Konnetic Unify SIP API/Konnetic.Sip.UnitTests/bin/Debug/Konnetic.Sip.UnitTests.DLL" adapterTypeName="Microsoft.VisualStudio.TestTools.TestTypes.Unit.UnitTestAdapter, Microsoft.VisualStudio.QualityTools.Tips.UnitTest.Adapter" className="Konnetic.Sip.UnitTests.RecordRouteHeaderFieldAdapter, Konnetic.Sip.UnitTests, Version=1.0.3676.32754, Culture=neutral, PublicKeyToken=null" name="RecordRouteHeaderFieldConstructorTest" />
    </UnitTest>
    <UnitTest name="SetTest1" storage="konnetic.sip.unittests.dll" id="4b8e3901-3eb3-94bf-53ca-5ecbdeb6942f">
      <Css projectStructure="" iteration="" />
      <Owners>
        <Owner name="" />
      </Owners>
      <Execution id="1721b4b0-429a-4c8e-b8dc-bec7299ef60b" />
      <TestMethod codeBase="D:/Business/Development/Konnetic/UnifySipApi/Production/Src/Konnetic Unify SIP API/Konnetic.Sip.UnitTests/bin/Debug/Konnetic.Sip.UnitTests.DLL" adapterTypeName="Microsoft.VisualStudio.TestTools.TestTypes.Unit.UnitTestAdapter, Microsoft.VisualStudio.QualityTools.Tips.UnitTest.Adapter" className="Konnetic.Sip.UnitTests.HeaderFieldCollectionAdapter, Konnetic.Sip.UnitTests, Version=1.0.3676.32754, Culture=neutral, PublicKeyToken=null" name="SetTest1" />
    </UnitTest>
    <UnitTest name="ToCharsTest" storage="konnetic.sip.unittests.dll" id="eed2e3ea-26e8-3856-ffb0-523951424ffd">
      <Css projectStructure="" iteration="" />
      <Owners>
        <Owner name="" />
      </Owners>
      <Execution id="996f1f25-f486-495b-a355-256d161ac22e" />
      <TestMethod codeBase="D:/Business/Development/Konnetic/UnifySipApi/Production/Src/Konnetic Unify SIP API/Konnetic.Sip.UnitTests/bin/Debug/Konnetic.Sip.UnitTests.DLL" adapterTypeName="Microsoft.VisualStudio.TestTools.TestTypes.Unit.UnitTestAdapter, Microsoft.VisualStudio.QualityTools.Tips.UnitTest.Adapter" className="Konnetic.Sip.UnitTests.HeaderFieldBaseAdapter, Konnetic.Sip.UnitTests, Version=1.0.3676.32754, Culture=neutral, PublicKeyToken=null" name="ToCharsTest" />
    </UnitTest>
    <UnitTest name="FromHeaderFieldConstructorTest" storage="konnetic.sip.unittests.dll" id="742a5545-dc86-69b8-7d59-bdc2d5d0ee39">
      <Css projectStructure="" iteration="" />
      <Owners>
        <Owner name="" />
      </Owners>
      <Execution id="2bfbc7a9-6ad9-4310-8909-9e422b2b82cc" />
      <TestMethod codeBase="D:/Business/Development/Konnetic/UnifySipApi/Production/Src/Konnetic Unify SIP API/Konnetic.Sip.UnitTests/bin/Debug/Konnetic.Sip.UnitTests.DLL" adapterTypeName="Microsoft.VisualStudio.TestTools.TestTypes.Unit.UnitTestAdapter, Microsoft.VisualStudio.QualityTools.Tips.UnitTest.Adapter" className="Konnetic.Sip.UnitTests.FromHeaderFieldAdapter, Konnetic.Sip.UnitTests, Version=1.0.3676.32754, Culture=neutral, PublicKeyToken=null" name="FromHeaderFieldConstructorTest" />
    </UnitTest>
    <UnitTest name="GetStringValueTest" storage="konnetic.sip.unittests.dll" id="f21ed412-50ba-85c7-73e2-e5454f45b29e">
      <Css projectStructure="" iteration="" />
      <Owners>
        <Owner name="" />
      </Owners>
      <Execution id="7b923810-2be3-4530-89fb-20a2e6fe067e" />
      <TestMethod codeBase="D:/Business/Development/Konnetic/UnifySipApi/Production/Src/Konnetic Unify SIP API/Konnetic.Sip.UnitTests/bin/Debug/Konnetic.Sip.UnitTests.DLL" adapterTypeName="Microsoft.VisualStudio.TestTools.TestTypes.Unit.UnitTestAdapter, Microsoft.VisualStudio.QualityTools.Tips.UnitTest.Adapter" className="Konnetic.Sip.UnitTests.AuthorizationHeaderFieldAdapter, Konnetic.Sip.UnitTests, Version=1.0.3676.32754, Culture=neutral, PublicKeyToken=null" name="GetStringValueTest" />
    </UnitTest>
    <UnitTest name="ViaHeaderFieldConstructorTest1" storage="konnetic.sip.unittests.dll" id="7526e87d-4221-1c26-f5ca-ee21045d335d">
      <Css projectStructure="" iteration="" />
      <Owners>
        <Owner name="" />
      </Owners>
      <Execution id="9bc57478-0bd7-4e13-a46a-3c5e4ae3678e" />
      <TestMethod codeBase="D:/Business/Development/Konnetic/UnifySipApi/Production/Src/Konnetic Unify SIP API/Konnetic.Sip.UnitTests/bin/Debug/Konnetic.Sip.UnitTests.DLL" adapterTypeName="Microsoft.VisualStudio.TestTools.TestTypes.Unit.UnitTestAdapter, Microsoft.VisualStudio.QualityTools.Tips.UnitTest.Adapter" className="Konnetic.Sip.UnitTests.ViaHeaderFieldAdapter, Konnetic.Sip.UnitTests, Version=1.0.3676.32754, Culture=neutral, PublicKeyToken=null" name="ViaHeaderFieldConstructorTest1" />
    </UnitTest>
    <UnitTest name="BodyTest" storage="konnetic.sip.unittests.dll" id="52a0354e-355b-71d0-7b4b-a411115c239c">
      <Css projectStructure="" iteration="" />
      <Owners>
        <Owner name="" />
      </Owners>
      <Execution id="c753d308-0dcc-4e96-a9cf-f94c5ab6a30a" />
      <TestMethod codeBase="D:/Business/Development/Konnetic/UnifySipApi/Production/Src/Konnetic Unify SIP API/Konnetic.Sip.UnitTests/bin/Debug/Konnetic.Sip.UnitTests.DLL" adapterTypeName="Microsoft.VisualStudio.TestTools.TestTypes.Unit.UnitTestAdapter, Microsoft.VisualStudio.QualityTools.Tips.UnitTest.Adapter" className="Konnetic.Sip.UnitTests.InviteAdapter, Konnetic.Sip.UnitTests, Version=1.0.3676.32754, Culture=neutral, PublicKeyToken=null" name="BodyTest" />
    </UnitTest>
    <UnitTest name="TTLTest4" storage="konnetic.sip.unittests.dll" id="33b293ac-165e-bfc9-907c-c93ed2515447">
      <Css projectStructure="" iteration="" />
      <Owners>
        <Owner name="" />
      </Owners>
      <Execution id="eabf27e7-7907-44ab-bfae-b00a03574e75" />
      <TestMethod codeBase="D:/Business/Development/Konnetic/UnifySipApi/Production/Src/Konnetic Unify SIP API/Konnetic.Sip.UnitTests/bin/Debug/Konnetic.Sip.UnitTests.DLL" adapterTypeName="Microsoft.VisualStudio.TestTools.TestTypes.Unit.UnitTestAdapter, Microsoft.VisualStudio.QualityTools.Tips.UnitTest.Adapter" className="Konnetic.Sip.UnitTests.SipUriBuilderAdapter, Konnetic.Sip.UnitTests, Version=1.0.3676.32754, Culture=neutral, PublicKeyToken=null" name="TTLTest4" expectedException="Konnetic.Sip.SipUriFormatException, Konnetic.Sip, Version=1.0.3676.32752, Culture=neutral, PublicKeyToken=null" />
    </UnitTest>
    <UnitTest name="ContentTypeHeaderFieldConstructorTest" storage="konnetic.sip.unittests.dll" id="4ce024e9-114c-b93f-dda0-d8d5eecbac78">
      <Css projectStructure="" iteration="" />
      <Owners>
        <Owner name="" />
      </Owners>
      <Execution id="102d8ac0-837e-4c3c-b8c4-dc577b48f746" />
      <TestMethod codeBase="D:/Business/Development/Konnetic/UnifySipApi/Production/Src/Konnetic Unify SIP API/Konnetic.Sip.UnitTests/bin/Debug/Konnetic.Sip.UnitTests.DLL" adapterTypeName="Microsoft.VisualStudio.TestTools.TestTypes.Unit.UnitTestAdapter, Microsoft.VisualStudio.QualityTools.Tips.UnitTest.Adapter" className="Konnetic.Sip.UnitTests.ContentTypeHeaderFieldAdapter, Konnetic.Sip.UnitTests, Version=1.0.3676.32754, Culture=neutral, PublicKeyToken=null" name="ContentTypeHeaderFieldConstructorTest" />
    </UnitTest>
    <UnitTest name="QValueTest" storage="konnetic.sip.unittests.dll" id="72cccbaf-ce9c-ec7e-d47c-345e3e53b11c">
      <Css projectStructure="" iteration="" />
      <Owners>
        <Owner name="" />
      </Owners>
      <Execution id="e7f3e28e-62f3-4fb2-b376-e7ceab47258d" />
      <TestMethod codeBase="D:/Business/Development/Konnetic/UnifySipApi/Production/Src/Konnetic Unify SIP API/Konnetic.Sip.UnitTests/bin/Debug/Konnetic.Sip.UnitTests.DLL" adapterTypeName="Microsoft.VisualStudio.TestTools.TestTypes.Unit.UnitTestAdapter, Microsoft.VisualStudio.QualityTools.Tips.UnitTest.Adapter" className="Konnetic.Sip.UnitTests.QValueHeaderFieldAdapter, Konnetic.Sip.UnitTests, Version=1.0.3676.32754, Culture=neutral, PublicKeyToken=null" name="QValueTest" expectedException="Konnetic.Sip.SipOutOfRangeException, Konnetic.Sip, Version=1.0.3676.32752, Culture=neutral, PublicKeyToken=null" />
    </UnitTest>
    <UnitTest name="IsValidTest" storage="konnetic.sip.unittests.dll" id="3feb6034-c736-cc29-fad7-4b90b51a9175">
      <Css projectStructure="" iteration="" />
      <Owners>
        <Owner name="" />
      </Owners>
      <Execution id="27288871-c97a-49dc-9e52-b526d482031f" />
      <TestMethod codeBase="D:/Business/Development/Konnetic/UnifySipApi/Production/Src/Konnetic Unify SIP API/Konnetic.Sip.UnitTests/bin/Debug/Konnetic.Sip.UnitTests.DLL" adapterTypeName="Microsoft.VisualStudio.TestTools.TestTypes.Unit.UnitTestAdapter, Microsoft.VisualStudio.QualityTools.Tips.UnitTest.Adapter" className="Konnetic.Sip.UnitTests.WarningHeaderFieldAdapter, Konnetic.Sip.UnitTests, Version=1.0.3676.32754, Culture=neutral, PublicKeyToken=null" name="IsValidTest" />
    </UnitTest>
    <UnitTest name="CSeqHeaderFieldConstructorTest1" storage="konnetic.sip.unittests.dll" id="171f34fb-a3ff-5cb4-eba5-176021935ca8">
      <Css projectStructure="" iteration="" />
      <Owners>
        <Owner name="" />
      </Owners>
      <Execution id="95a81ae4-20df-4268-88e1-2916499f7709" />
      <TestMethod codeBase="D:/Business/Development/Konnetic/UnifySipApi/Production/Src/Konnetic Unify SIP API/Konnetic.Sip.UnitTests/bin/Debug/Konnetic.Sip.UnitTests.DLL" adapterTypeName="Microsoft.VisualStudio.TestTools.TestTypes.Unit.UnitTestAdapter, Microsoft.VisualStudio.QualityTools.Tips.UnitTest.Adapter" className="Konnetic.Sip.UnitTests.CSeqHeaderFieldAdapter, Konnetic.Sip.UnitTests, Version=1.0.3676.32754, Culture=neutral, PublicKeyToken=null" name="CSeqHeaderFieldConstructorTest1" />
    </UnitTest>
    <UnitTest name="op_ImplicitTest" storage="konnetic.sip.unittests.dll" id="df176579-96e0-39fd-bfb7-2365202cc6b9">
      <Css projectStructure="" iteration="" />
      <Owners>
        <Owner name="" />
      </Owners>
      <Execution id="5490e2a9-c889-4e6e-b9b7-89b5a24b8a6f" />
      <TestMethod codeBase="D:/Business/Development/Konnetic/UnifySipApi/Production/Src/Konnetic Unify SIP API/Konnetic.Sip.UnitTests/bin/Debug/Konnetic.Sip.UnitTests.DLL" adapterTypeName="Microsoft.VisualStudio.TestTools.TestTypes.Unit.UnitTestAdapter, Microsoft.VisualStudio.QualityTools.Tips.UnitTest.Adapter" className="Konnetic.Sip.UnitTests.RequestLineHeaderFieldAdapter, Konnetic.Sip.UnitTests, Version=1.0.3676.32754, Culture=neutral, PublicKeyToken=null" name="op_ImplicitTest" />
    </UnitTest>
    <UnitTest name="MaddrTest" storage="konnetic.sip.unittests.dll" id="bac77f2e-86af-85d5-2366-e7dbb90f3746">
      <Css projectStructure="" iteration="" />
      <Owners>
        <Owner name="" />
      </Owners>
      <Execution id="81f5a124-12e9-4e0b-96c7-b8bc6f63be1b" />
      <TestMethod codeBase="D:/Business/Development/Konnetic/UnifySipApi/Production/Src/Konnetic Unify SIP API/Konnetic.Sip.UnitTests/bin/Debug/Konnetic.Sip.UnitTests.DLL" adapterTypeName="Microsoft.VisualStudio.TestTools.TestTypes.Unit.UnitTestAdapter, Microsoft.VisualStudio.QualityTools.Tips.UnitTest.Adapter" className="Konnetic.Sip.UnitTests.SipUriBuilderAdapter, Konnetic.Sip.UnitTests, Version=1.0.3676.32754, Culture=neutral, PublicKeyToken=null" name="MaddrTest" />
    </UnitTest>
    <UnitTest name="UserNameParameterTest" storage="konnetic.sip.unittests.dll" id="57236b3e-4172-ff9c-6eff-69eebe62c2d2">
      <Css projectStructure="" iteration="" />
      <Owners>
        <Owner name="" />
      </Owners>
      <Execution id="4f443d60-2c04-49bb-a3e2-8e978413ba92" />
      <TestMethod codeBase="D:/Business/Development/Konnetic/UnifySipApi/Production/Src/Konnetic Unify SIP API/Konnetic.Sip.UnitTests/bin/Debug/Konnetic.Sip.UnitTests.DLL" adapterTypeName="Microsoft.VisualStudio.TestTools.TestTypes.Unit.UnitTestAdapter, Microsoft.VisualStudio.QualityTools.Tips.UnitTest.Adapter" className="Konnetic.Sip.UnitTests.SipUriBuilderAdapter, Konnetic.Sip.UnitTests, Version=1.0.3676.32754, Culture=neutral, PublicKeyToken=null" name="UserNameParameterTest" />
    </UnitTest>
    <UnitTest name="op_ImplicitTest" storage="konnetic.sip.unittests.dll" id="d2eed7c7-7e00-b0ee-63f8-16c03900c516">
      <Css projectStructure="" iteration="" />
      <Owners>
        <Owner name="" />
      </Owners>
      <Execution id="b8b82eb6-3265-4608-a787-f9975397d6d6" />
      <TestMethod codeBase="D:/Business/Development/Konnetic/UnifySipApi/Production/Src/Konnetic Unify SIP API/Konnetic.Sip.UnitTests/bin/Debug/Konnetic.Sip.UnitTests.DLL" adapterTypeName="Microsoft.VisualStudio.TestTools.TestTypes.Unit.UnitTestAdapter, Microsoft.VisualStudio.QualityTools.Tips.UnitTest.Adapter" className="Konnetic.Sip.UnitTests.AcceptEncodingHeaderFieldAdapter, Konnetic.Sip.UnitTests, Version=1.0.3676.32754, Culture=neutral, PublicKeyToken=null" name="op_ImplicitTest" />
    </UnitTest>
    <UnitTest name="CloneTest" storage="konnetic.sip.unittests.dll" id="b1213be7-72b8-8437-08eb-a006205a6677">
      <Css projectStructure="" iteration="" />
      <Owners>
        <Owner name="" />
      </Owners>
      <Execution id="e2c226f8-3890-4489-a754-44c797d7fc5f" />
      <TestMethod codeBase="D:/Business/Development/Konnetic/UnifySipApi/Production/Src/Konnetic Unify SIP API/Konnetic.Sip.UnitTests/bin/Debug/Konnetic.Sip.UnitTests.DLL" adapterTypeName="Microsoft.VisualStudio.TestTools.TestTypes.Unit.UnitTestAdapter, Microsoft.VisualStudio.QualityTools.Tips.UnitTest.Adapter" className="Konnetic.Sip.UnitTests.UserAgentHeaderFieldAdapter, Konnetic.Sip.UnitTests, Version=1.0.3676.32754, Culture=neutral, PublicKeyToken=null" name="CloneTest" />
    </UnitTest>
    <UnitTest name="GetStringValueTest" storage="konnetic.sip.unittests.dll" id="467eab11-ef3e-fa64-8ec8-e192d7eb33fb">
      <Css projectStructure="" iteration="" />
      <Owners>
        <Owner name="" />
      </Owners>
      <Execution id="06a0d3ec-6adf-402b-8a02-c0cc6dd05c0d" />
      <TestMethod codeBase="D:/Business/Development/Konnetic/UnifySipApi/Production/Src/Konnetic Unify SIP API/Konnetic.Sip.UnitTests/bin/Debug/Konnetic.Sip.UnitTests.DLL" adapterTypeName="Microsoft.VisualStudio.TestTools.TestTypes.Unit.UnitTestAdapter, Microsoft.VisualStudio.QualityTools.Tips.UnitTest.Adapter" className="Konnetic.Sip.UnitTests.SecondsHeaderFieldAdapter, Konnetic.Sip.UnitTests, Version=1.0.3676.32754, Culture=neutral, PublicKeyToken=null" name="GetStringValueTest" />
    </UnitTest>
    <UnitTest name="ToHeaderFieldConstructorTest1" storage="konnetic.sip.unittests.dll" id="98369417-9d26-35af-70a6-e6c193a59aba">
      <Css projectStructure="" iteration="" />
      <Owners>
        <Owner name="" />
      </Owners>
      <Execution id="51d32bd1-8807-4831-80e8-64def5f6343a" />
      <TestMethod codeBase="D:/Business/Development/Konnetic/UnifySipApi/Production/Src/Konnetic Unify SIP API/Konnetic.Sip.UnitTests/bin/Debug/Konnetic.Sip.UnitTests.DLL" adapterTypeName="Microsoft.VisualStudio.TestTools.TestTypes.Unit.UnitTestAdapter, Microsoft.VisualStudio.QualityTools.Tips.UnitTest.Adapter" className="Konnetic.Sip.UnitTests.ToHeaderFieldAdapter, Konnetic.Sip.UnitTests, Version=1.0.3676.32754, Culture=neutral, PublicKeyToken=null" name="ToHeaderFieldConstructorTest1" />
    </UnitTest>
    <UnitTest name="ToCharsTest" storage="konnetic.sip.unittests.dll" id="329fb17c-bfb0-b568-2d5d-2b15c1a5a082">
      <Css projectStructure="" iteration="" />
      <Owners>
        <Owner name="" />
      </Owners>
      <Execution id="900379a4-8ef3-44ae-8339-3db407042115" />
      <TestMethod codeBase="D:/Business/Development/Konnetic/UnifySipApi/Production/Src/Konnetic Unify SIP API/Konnetic.Sip.UnitTests/bin/Debug/Konnetic.Sip.UnitTests.DLL" adapterTypeName="Microsoft.VisualStudio.TestTools.TestTypes.Unit.UnitTestAdapter, Microsoft.VisualStudio.QualityTools.Tips.UnitTest.Adapter" className="Konnetic.Sip.UnitTests.ToHeaderFieldAdapter, Konnetic.Sip.UnitTests, Version=1.0.3676.32754, Culture=neutral, PublicKeyToken=null" name="ToCharsTest" />
    </UnitTest>
    <UnitTest name="StatusLineHeaderFieldConstructorTest" storage="konnetic.sip.unittests.dll" id="58e8224f-2386-35a0-76a1-c467780b4116">
      <Css projectStructure="" iteration="" />
      <Owners>
        <Owner name="" />
      </Owners>
      <Execution id="69ba92b1-d13a-4ef7-9c1e-2c78c9bc1fbe" />
      <TestMethod codeBase="D:/Business/Development/Konnetic/UnifySipApi/Production/Src/Konnetic Unify SIP API/Konnetic.Sip.UnitTests/bin/Debug/Konnetic.Sip.UnitTests.DLL" adapterTypeName="Microsoft.VisualStudio.TestTools.TestTypes.Unit.UnitTestAdapter, Microsoft.VisualStudio.QualityTools.Tips.UnitTest.Adapter" className="Konnetic.Sip.UnitTests.StatusLineHeaderFieldAdapter, Konnetic.Sip.UnitTests, Version=1.0.3676.32754, Culture=neutral, PublicKeyToken=null" name="StatusLineHeaderFieldConstructorTest" />
    </UnitTest>
    <UnitTest name="CSeqHeaderFieldConstructorTest5" storage="konnetic.sip.unittests.dll" id="ff052629-d3e6-e97f-5869-798bc9db96cb">
      <Css projectStructure="" iteration="" />
      <Owners>
        <Owner name="" />
      </Owners>
      <Execution id="2540a49b-24c9-498d-97fa-26c6310697b5" />
      <TestMethod codeBase="D:/Business/Development/Konnetic/UnifySipApi/Production/Src/Konnetic Unify SIP API/Konnetic.Sip.UnitTests/bin/Debug/Konnetic.Sip.UnitTests.DLL" adapterTypeName="Microsoft.VisualStudio.TestTools.TestTypes.Unit.UnitTestAdapter, Microsoft.VisualStudio.QualityTools.Tips.UnitTest.Adapter" className="Konnetic.Sip.UnitTests.CSeqHeaderFieldAdapter, Konnetic.Sip.UnitTests, Version=1.0.3676.32754, Culture=neutral, PublicKeyToken=null" name="CSeqHeaderFieldConstructorTest5" expectedException="Konnetic.Sip.SipOutOfRangeException, Konnetic.Sip, Version=1.0.3676.32752, Culture=neutral, PublicKeyToken=null" />
    </UnitTest>
    <UnitTest name="CloneTest" storage="konnetic.sip.unittests.dll" id="ad50b3ee-f6d9-7fa3-3994-71846f2209d8">
      <Css projectStructure="" iteration="" />
      <Owners>
        <Owner name="" />
      </Owners>
      <Execution id="cd9d358b-9d80-4a17-9ea4-dd889df0a4f1" />
      <TestMethod codeBase="D:/Business/Development/Konnetic/UnifySipApi/Production/Src/Konnetic Unify SIP API/Konnetic.Sip.UnitTests/bin/Debug/Konnetic.Sip.UnitTests.DLL" adapterTypeName="Microsoft.VisualStudio.TestTools.TestTypes.Unit.UnitTestAdapter, Microsoft.VisualStudio.QualityTools.Tips.UnitTest.Adapter" className="Konnetic.Sip.UnitTests.AcceptEncodingHeaderFieldAdapter, Konnetic.Sip.UnitTests, Version=1.0.3676.32754, Culture=neutral, PublicKeyToken=null" name="CloneTest" />
    </UnitTest>
    <UnitTest name="IsValidTest" storage="konnetic.sip.unittests.dll" id="9e86081b-78ed-d79c-1537-9b78b7fe52fb">
      <Css projectStructure="" iteration="" />
      <Owners>
        <Owner name="" />
      </Owners>
      <Execution id="14ca9ba4-459d-4825-a5ef-a91c4bc4ab94" />
      <TestMethod codeBase="D:/Business/Development/Konnetic/UnifySipApi/Production/Src/Konnetic Unify SIP API/Konnetic.Sip.UnitTests/bin/Debug/Konnetic.Sip.UnitTests.DLL" adapterTypeName="Microsoft.VisualStudio.TestTools.TestTypes.Unit.UnitTestAdapter, Microsoft.VisualStudio.QualityTools.Tips.UnitTest.Adapter" className="Konnetic.Sip.UnitTests.MimeVersionHeaderFieldAdapter, Konnetic.Sip.UnitTests, Version=1.0.3676.32754, Culture=neutral, PublicKeyToken=null" name="IsValidTest" />
    </UnitTest>
    <UnitTest name="ParseTest" storage="konnetic.sip.unittests.dll" id="8d0b28f1-26ea-04de-390d-400472f48150">
      <Css projectStructure="" iteration="" />
      <Owners>
        <Owner name="" />
      </Owners>
      <Execution id="80eec727-1630-4bcf-8a9c-c8d858f0efdc" />
      <TestMethod codeBase="D:/Business/Development/Konnetic/UnifySipApi/Production/Src/Konnetic Unify SIP API/Konnetic.Sip.UnitTests/bin/Debug/Konnetic.Sip.UnitTests.DLL" adapterTypeName="Microsoft.VisualStudio.TestTools.TestTypes.Unit.UnitTestAdapter, Microsoft.VisualStudio.QualityTools.Tips.UnitTest.Adapter" className="Konnetic.Sip.UnitTests.CallInfoHeaderFieldAdapter, Konnetic.Sip.UnitTests, Version=1.0.3676.32754, Culture=neutral, PublicKeyToken=null" name="ParseTest" />
    </UnitTest>
    <UnitTest name="ToBytesTest" storage="konnetic.sip.unittests.dll" id="bc528197-4f52-8eac-37cc-fdbd400427b1">
      <Css projectStructure="" iteration="" />
      <Owners>
        <Owner name="" />
      </Owners>
      <Execution id="16b2e979-32e5-47ac-b145-d601e4ffa304" />
      <TestMethod codeBase="D:/Business/Development/Konnetic/UnifySipApi/Production/Src/Konnetic Unify SIP API/Konnetic.Sip.UnitTests/bin/Debug/Konnetic.Sip.UnitTests.DLL" adapterTypeName="Microsoft.VisualStudio.TestTools.TestTypes.Unit.UnitTestAdapter, Microsoft.VisualStudio.QualityTools.Tips.UnitTest.Adapter" className="Konnetic.Sip.UnitTests.FromHeaderFieldAdapter, Konnetic.Sip.UnitTests, Version=1.0.3676.32754, Culture=neutral, PublicKeyToken=null" name="ToBytesTest" />
    </UnitTest>
    <UnitTest name="MediaTypeTest1" storage="konnetic.sip.unittests.dll" id="c4c73490-12c1-4a02-6b66-d9c611c1cef5">
      <Css projectStructure="" iteration="" />
      <Owners>
        <Owner name="" />
      </Owners>
      <Execution id="3a615477-f774-4a6b-a6db-107be86d5b05" />
      <TestMethod codeBase="D:/Business/Development/Konnetic/UnifySipApi/Production/Src/Konnetic Unify SIP API/Konnetic.Sip.UnitTests/bin/Debug/Konnetic.Sip.UnitTests.DLL" adapterTypeName="Microsoft.VisualStudio.TestTools.TestTypes.Unit.UnitTestAdapter, Microsoft.VisualStudio.QualityTools.Tips.UnitTest.Adapter" className="Konnetic.Sip.UnitTests.AcceptHeaderFieldAdapter, Konnetic.Sip.UnitTests, Version=1.0.3676.32754, Culture=neutral, PublicKeyToken=null" name="MediaTypeTest1" expectedException="System.ArgumentNullException, mscorlib, Version=2.0.0.0, Culture=neutral, PublicKeyToken=b77a5c561934e089" />
    </UnitTest>
    <UnitTest name="StatusCodeTest" storage="konnetic.sip.unittests.dll" id="2dd223df-9e33-9f81-1dc1-53a79e28d94a">
      <Css projectStructure="" iteration="" />
      <Owners>
        <Owner name="" />
      </Owners>
      <Execution id="e0a510be-ec08-45b6-bb76-8338b972b26c" />
      <TestMethod codeBase="D:/Business/Development/Konnetic/UnifySipApi/Production/Src/Konnetic Unify SIP API/Konnetic.Sip.UnitTests/bin/Debug/Konnetic.Sip.UnitTests.DLL" adapterTypeName="Microsoft.VisualStudio.TestTools.TestTypes.Unit.UnitTestAdapter, Microsoft.VisualStudio.QualityTools.Tips.UnitTest.Adapter" className="Konnetic.Sip.UnitTests.StatusLineHeaderFieldAdapter, Konnetic.Sip.UnitTests, Version=1.0.3676.32754, Culture=neutral, PublicKeyToken=null" name="StatusCodeTest" />
    </UnitTest>
    <UnitTest name="EqualsTest" storage="konnetic.sip.unittests.dll" id="7f4e88ac-ee97-e202-44b4-cb077709c4f5">
      <Css projectStructure="" iteration="" />
      <Owners>
        <Owner name="" />
      </Owners>
      <Execution id="777b4b4f-22d7-44d6-9d22-63295fddeaa7" />
      <TestMethod codeBase="D:/Business/Development/Konnetic/UnifySipApi/Production/Src/Konnetic Unify SIP API/Konnetic.Sip.UnitTests/bin/Debug/Konnetic.Sip.UnitTests.DLL" adapterTypeName="Microsoft.VisualStudio.TestTools.TestTypes.Unit.UnitTestAdapter, Microsoft.VisualStudio.QualityTools.Tips.UnitTest.Adapter" className="Konnetic.Sip.UnitTests.FromHeaderFieldAdapter, Konnetic.Sip.UnitTests, Version=1.0.3676.32754, Culture=neutral, PublicKeyToken=null" name="EqualsTest" />
    </UnitTest>
    <UnitTest name="SentByTest" storage="konnetic.sip.unittests.dll" id="bf2189fb-83f6-f71a-420e-cb91c0ac23e7">
      <Css projectStructure="" iteration="" />
      <Owners>
        <Owner name="" />
      </Owners>
      <Execution id="395fc138-ff78-4807-ade1-6a9e66440f82" />
      <TestMethod codeBase="D:/Business/Development/Konnetic/UnifySipApi/Production/Src/Konnetic Unify SIP API/Konnetic.Sip.UnitTests/bin/Debug/Konnetic.Sip.UnitTests.DLL" adapterTypeName="Microsoft.VisualStudio.TestTools.TestTypes.Unit.UnitTestAdapter, Microsoft.VisualStudio.QualityTools.Tips.UnitTest.Adapter" className="Konnetic.Sip.UnitTests.ViaHeaderFieldAdapter, Konnetic.Sip.UnitTests, Version=1.0.3676.32754, Culture=neutral, PublicKeyToken=null" name="SentByTest" />
    </UnitTest>
    <UnitTest name="ParseTest" storage="konnetic.sip.unittests.dll" id="da130122-ea4b-0eb5-37fa-60acf4e67a4f">
      <Css projectStructure="" iteration="" />
      <Owners>
        <Owner name="" />
      </Owners>
      <Execution id="6113c42e-af58-4ea3-9527-d3243c6452be" />
      <TestMethod codeBase="D:/Business/Development/Konnetic/UnifySipApi/Production/Src/Konnetic Unify SIP API/Konnetic.Sip.UnitTests/bin/Debug/Konnetic.Sip.UnitTests.DLL" adapterTypeName="Microsoft.VisualStudio.TestTools.TestTypes.Unit.UnitTestAdapter, Microsoft.VisualStudio.QualityTools.Tips.UnitTest.Adapter" className="Konnetic.Sip.UnitTests.InReplyToHeaderFieldAdapter, Konnetic.Sip.UnitTests, Version=1.0.3676.32754, Culture=neutral, PublicKeyToken=null" name="ParseTest" />
    </UnitTest>
    <UnitTest name="SecondsTest4" storage="konnetic.sip.unittests.dll" id="683c1146-0f71-f538-62bf-ffd01b15913d">
      <Css projectStructure="" iteration="" />
      <Owners>
        <Owner name="" />
      </Owners>
      <Execution id="4f3d41fa-8796-43aa-997c-84df6df20e33" />
      <TestMethod codeBase="D:/Business/Development/Konnetic/UnifySipApi/Production/Src/Konnetic Unify SIP API/Konnetic.Sip.UnitTests/bin/Debug/Konnetic.Sip.UnitTests.DLL" adapterTypeName="Microsoft.VisualStudio.TestTools.TestTypes.Unit.UnitTestAdapter, Microsoft.VisualStudio.QualityTools.Tips.UnitTest.Adapter" className="Konnetic.Sip.UnitTests.ExpiresHeaderFieldAdapter, Konnetic.Sip.UnitTests, Version=1.0.3676.32754, Culture=neutral, PublicKeyToken=null" name="SecondsTest4" expectedException="Konnetic.Sip.SipOutOfRangeException, Konnetic.Sip, Version=1.0.3676.32752, Culture=neutral, PublicKeyToken=null" />
    </UnitTest>
    <UnitTest name="IsValidTest" storage="konnetic.sip.unittests.dll" id="d9045caf-bc9e-9155-eab3-e1213b60e9f3">
      <Css projectStructure="" iteration="" />
      <Owners>
        <Owner name="" />
      </Owners>
      <Execution id="7ab7f995-f1ef-4f37-a393-f737f7d5036e" />
      <TestMethod codeBase="D:/Business/Development/Konnetic/UnifySipApi/Production/Src/Konnetic Unify SIP API/Konnetic.Sip.UnitTests/bin/Debug/Konnetic.Sip.UnitTests.DLL" adapterTypeName="Microsoft.VisualStudio.TestTools.TestTypes.Unit.UnitTestAdapter, Microsoft.VisualStudio.QualityTools.Tips.UnitTest.Adapter" className="Konnetic.Sip.UnitTests.CSeqHeaderFieldAdapter, Konnetic.Sip.UnitTests, Version=1.0.3676.32754, Culture=neutral, PublicKeyToken=null" name="IsValidTest" />
    </UnitTest>
    <UnitTest name="PasswordTest" storage="konnetic.sip.unittests.dll" id="f02fc44e-cf40-9573-f28f-5a322abf2a50">
      <Css projectStructure="" iteration="" />
      <Owners>
        <Owner name="" />
      </Owners>
      <Execution id="11c48e4c-13a0-4bed-89e7-856e892c6433" />
      <TestMethod codeBase="D:/Business/Development/Konnetic/UnifySipApi/Production/Src/Konnetic Unify SIP API/Konnetic.Sip.UnitTests/bin/Debug/Konnetic.Sip.UnitTests.DLL" adapterTypeName="Microsoft.VisualStudio.TestTools.TestTypes.Unit.UnitTestAdapter, Microsoft.VisualStudio.QualityTools.Tips.UnitTest.Adapter" className="Konnetic.Sip.UnitTests.SipUriBuilderAdapter, Konnetic.Sip.UnitTests, Version=1.0.3676.32754, Culture=neutral, PublicKeyToken=null" name="PasswordTest" />
    </UnitTest>
    <UnitTest name="EqualsTest" storage="konnetic.sip.unittests.dll" id="ec212d73-05f4-785a-0362-d42b5098439d">
      <Css projectStructure="" iteration="" />
      <Owners>
        <Owner name="" />
      </Owners>
      <Execution id="55d9a7c2-3f65-45d0-8d9b-685fc349d88b" />
      <TestMethod codeBase="D:/Business/Development/Konnetic/UnifySipApi/Production/Src/Konnetic Unify SIP API/Konnetic.Sip.UnitTests/bin/Debug/Konnetic.Sip.UnitTests.DLL" adapterTypeName="Microsoft.VisualStudio.TestTools.TestTypes.Unit.UnitTestAdapter, Microsoft.VisualStudio.QualityTools.Tips.UnitTest.Adapter" className="Konnetic.Sip.UnitTests.ViaHeaderFieldAdapter, Konnetic.Sip.UnitTests, Version=1.0.3676.32754, Culture=neutral, PublicKeyToken=null" name="EqualsTest" />
    </UnitTest>
    <UnitTest name="ContentLanguageHeaderFieldConstructorTest" storage="konnetic.sip.unittests.dll" id="b645fe28-5376-5b09-f1a2-7726c4c32c0e">
      <Css projectStructure="" iteration="" />
      <Owners>
        <Owner name="" />
      </Owners>
      <Execution id="0eebe381-2f1c-49ee-88ea-b8f8face8cb1" />
      <TestMethod codeBase="D:/Business/Development/Konnetic/UnifySipApi/Production/Src/Konnetic Unify SIP API/Konnetic.Sip.UnitTests/bin/Debug/Konnetic.Sip.UnitTests.DLL" adapterTypeName="Microsoft.VisualStudio.TestTools.TestTypes.Unit.UnitTestAdapter, Microsoft.VisualStudio.QualityTools.Tips.UnitTest.Adapter" className="Konnetic.Sip.UnitTests.ContentLanguageHeaderFieldAdapter, Konnetic.Sip.UnitTests, Version=1.0.3676.32754, Culture=neutral, PublicKeyToken=null" name="ContentLanguageHeaderFieldConstructorTest" />
    </UnitTest>
    <UnitTest name="GetStringValueTest" storage="konnetic.sip.unittests.dll" id="2a78e021-a628-dffa-6474-eb6689d75576">
      <Css projectStructure="" iteration="" />
      <Owners>
        <Owner name="" />
      </Owners>
      <Execution id="9f3b208d-5fb9-440c-8617-a35aaa56b4d7" />
      <TestMethod codeBase="D:/Business/Development/Konnetic/UnifySipApi/Production/Src/Konnetic Unify SIP API/Konnetic.Sip.UnitTests/bin/Debug/Konnetic.Sip.UnitTests.DLL" adapterTypeName="Microsoft.VisualStudio.TestTools.TestTypes.Unit.UnitTestAdapter, Microsoft.VisualStudio.QualityTools.Tips.UnitTest.Adapter" className="Konnetic.Sip.UnitTests.MimeVersionHeaderFieldAdapter, Konnetic.Sip.UnitTests, Version=1.0.3676.32754, Culture=neutral, PublicKeyToken=null" name="GetStringValueTest" />
    </UnitTest>
    <UnitTest name="SetTesta" storage="konnetic.sip.unittests.dll" id="cc9a9b38-e550-d32a-fe40-8906159d0506">
      <Css projectStructure="" iteration="" />
      <Owners>
        <Owner name="" />
      </Owners>
      <Execution id="c0a6a900-0bb4-4152-9712-8e050d814f58" />
      <TestMethod codeBase="D:/Business/Development/Konnetic/UnifySipApi/Production/Src/Konnetic Unify SIP API/Konnetic.Sip.UnitTests/bin/Debug/Konnetic.Sip.UnitTests.DLL" adapterTypeName="Microsoft.VisualStudio.TestTools.TestTypes.Unit.UnitTestAdapter, Microsoft.VisualStudio.QualityTools.Tips.UnitTest.Adapter" className="Konnetic.Sip.UnitTests.HeaderFieldCollectionAdapter, Konnetic.Sip.UnitTests, Version=1.0.3676.32754, Culture=neutral, PublicKeyToken=null" name="SetTesta" expectedException="System.ArgumentException, mscorlib, Version=2.0.0.0, Culture=neutral, PublicKeyToken=b77a5c561934e089" />
    </UnitTest>
    <UnitTest name="EqualsTest2a" storage="konnetic.sip.unittests.dll" id="52b62817-b882-d52d-d2bc-d6558cfaf6cd">
      <Css projectStructure="" iteration="" />
      <Owners>
        <Owner name="" />
      </Owners>
      <Execution id="215b2dcb-9bb0-4087-a477-64515009990a" />
      <TestMethod codeBase="D:/Business/Development/Konnetic/UnifySipApi/Production/Src/Konnetic Unify SIP API/Konnetic.Sip.UnitTests/bin/Debug/Konnetic.Sip.UnitTests.DLL" adapterTypeName="Microsoft.VisualStudio.TestTools.TestTypes.Unit.UnitTestAdapter, Microsoft.VisualStudio.QualityTools.Tips.UnitTest.Adapter" className="Konnetic.Sip.UnitTests.SipUriAdapter, Konnetic.Sip.UnitTests, Version=1.0.3676.32754, Culture=neutral, PublicKeyToken=null" name="EqualsTest2a" expectedException="System.ArgumentException, mscorlib, Version=2.0.0.0, Culture=neutral, PublicKeyToken=b77a5c561934e089" />
    </UnitTest>
    <UnitTest name="CloneTest" storage="konnetic.sip.unittests.dll" id="ad44d01f-312b-56e4-69ce-f2d7063579c6">
      <Css projectStructure="" iteration="" />
      <Owners>
        <Owner name="" />
      </Owners>
      <Execution id="e5497048-f1f4-4b1f-a469-a0af6d433645" />
      <TestMethod codeBase="D:/Business/Development/Konnetic/UnifySipApi/Production/Src/Konnetic Unify SIP API/Konnetic.Sip.UnitTests/bin/Debug/Konnetic.Sip.UnitTests.DLL" adapterTypeName="Microsoft.VisualStudio.TestTools.TestTypes.Unit.UnitTestAdapter, Microsoft.VisualStudio.QualityTools.Tips.UnitTest.Adapter" className="Konnetic.Sip.UnitTests.ContentLengthHeaderFieldAdapter, Konnetic.Sip.UnitTests, Version=1.0.3676.32754, Culture=neutral, PublicKeyToken=null" name="CloneTest" />
    </UnitTest>
    <UnitTest name="EqualsTest" storage="konnetic.sip.unittests.dll" id="965fc447-457c-4211-01a1-cd22e046159c">
      <Css projectStructure="" iteration="" />
      <Owners>
        <Owner name="" />
      </Owners>
      <Execution id="d2adb18f-56f3-4fd1-9311-7e2bc68bfb68" />
      <TestMethod codeBase="D:/Business/Development/Konnetic/UnifySipApi/Production/Src/Konnetic Unify SIP API/Konnetic.Sip.UnitTests/bin/Debug/Konnetic.Sip.UnitTests.DLL" adapterTypeName="Microsoft.VisualStudio.TestTools.TestTypes.Unit.UnitTestAdapter, Microsoft.VisualStudio.QualityTools.Tips.UnitTest.Adapter" className="Konnetic.Sip.UnitTests.HeaderFieldGroupAdapter, Konnetic.Sip.UnitTests, Version=1.0.3676.32754, Culture=neutral, PublicKeyToken=null" name="EqualsTest" />
    </UnitTest>
    <UnitTest name="SchemeTest" storage="konnetic.sip.unittests.dll" id="8f6d6b7f-8745-a112-7ac4-a2cce21fb4ba">
      <Css projectStructure="" iteration="" />
      <Owners>
        <Owner name="" />
      </Owners>
      <Execution id="929e6ba2-ae91-4f61-9b3f-cb7bd23898f7" />
      <TestMethod codeBase="D:/Business/Development/Konnetic/UnifySipApi/Production/Src/Konnetic Unify SIP API/Konnetic.Sip.UnitTests/bin/Debug/Konnetic.Sip.UnitTests.DLL" adapterTypeName="Microsoft.VisualStudio.TestTools.TestTypes.Unit.UnitTestAdapter, Microsoft.VisualStudio.QualityTools.Tips.UnitTest.Adapter" className="Konnetic.Sip.UnitTests.RequestLineHeaderFieldAdapter, Konnetic.Sip.UnitTests, Version=1.0.3676.32754, Culture=neutral, PublicKeyToken=null" name="SchemeTest" />
    </UnitTest>
    <UnitTest name="GetStringValueTest" storage="konnetic.sip.unittests.dll" id="43075d4f-fc2b-d482-e15b-00ea8bbf132e">
      <Css projectStructure="" iteration="" />
      <Owners>
        <Owner name="" />
      </Owners>
      <Execution id="90c44a58-1e7e-48eb-9dae-3e20fe2bbd9d" />
      <TestMethod codeBase="D:/Business/Development/Konnetic/UnifySipApi/Production/Src/Konnetic Unify SIP API/Konnetic.Sip.UnitTests/bin/Debug/Konnetic.Sip.UnitTests.DLL" adapterTypeName="Microsoft.VisualStudio.TestTools.TestTypes.Unit.UnitTestAdapter, Microsoft.VisualStudio.QualityTools.Tips.UnitTest.Adapter" className="Konnetic.Sip.UnitTests.ContactHeaderFieldAdapter, Konnetic.Sip.UnitTests, Version=1.0.3676.32754, Culture=neutral, PublicKeyToken=null" name="GetStringValueTest" />
    </UnitTest>
    <UnitTest name="EqualsTest" storage="konnetic.sip.unittests.dll" id="78646480-ed6c-bc35-4298-855f0c730e52">
      <Css projectStructure="" iteration="" />
      <Owners>
        <Owner name="" />
      </Owners>
      <Execution id="30e79d31-6f4b-4651-969c-59512ef535e4" />
      <TestMethod codeBase="D:/Business/Development/Konnetic/UnifySipApi/Production/Src/Konnetic Unify SIP API/Konnetic.Sip.UnitTests/bin/Debug/Konnetic.Sip.UnitTests.DLL" adapterTypeName="Microsoft.VisualStudio.TestTools.TestTypes.Unit.UnitTestAdapter, Microsoft.VisualStudio.QualityTools.Tips.UnitTest.Adapter" className="Konnetic.Sip.UnitTests.ExpiresHeaderFieldAdapter, Konnetic.Sip.UnitTests, Version=1.0.3676.32754, Culture=neutral, PublicKeyToken=null" name="EqualsTest" />
    </UnitTest>
    <UnitTest name="CNonceTest" storage="konnetic.sip.unittests.dll" id="ff904e43-4b5c-668a-c135-f89f0a1e4732">
      <Css projectStructure="" iteration="" />
      <Owners>
        <Owner name="" />
      </Owners>
      <Execution id="fd83253c-3c31-415f-843c-b33766ff9349" />
      <TestMethod codeBase="D:/Business/Development/Konnetic/UnifySipApi/Production/Src/Konnetic Unify SIP API/Konnetic.Sip.UnitTests/bin/Debug/Konnetic.Sip.UnitTests.DLL" adapterTypeName="Microsoft.VisualStudio.TestTools.TestTypes.Unit.UnitTestAdapter, Microsoft.VisualStudio.QualityTools.Tips.UnitTest.Adapter" className="Konnetic.Sip.UnitTests.AuthenticationInfoHeaderFieldAdapter, Konnetic.Sip.UnitTests, Version=1.0.3676.32754, Culture=neutral, PublicKeyToken=null" name="CNonceTest" />
    </UnitTest>
    <UnitTest name="ParseTest1" storage="konnetic.sip.unittests.dll" id="459f7dae-7e47-7837-b6da-302b3d1ec0dc">
      <Css projectStructure="" iteration="" />
      <Owners>
        <Owner name="" />
      </Owners>
      <Execution id="a134fb06-606f-4928-ac30-61669efbeafa" />
      <TestMethod codeBase="D:/Business/Development/Konnetic/UnifySipApi/Production/Src/Konnetic Unify SIP API/Konnetic.Sip.UnitTests/bin/Debug/Konnetic.Sip.UnitTests.DLL" adapterTypeName="Microsoft.VisualStudio.TestTools.TestTypes.Unit.UnitTestAdapter, Microsoft.VisualStudio.QualityTools.Tips.UnitTest.Adapter" className="Konnetic.Sip.UnitTests.ContactHeaderFieldAdapter, Konnetic.Sip.UnitTests, Version=1.0.3676.32754, Culture=neutral, PublicKeyToken=null" name="ParseTest1" />
    </UnitTest>
    <UnitTest name="AddTest2c" storage="konnetic.sip.unittests.dll" id="b8c35519-53ca-996b-8251-ea51d46800d9">
      <Css projectStructure="" iteration="" />
      <Owners>
        <Owner name="" />
      </Owners>
      <Execution id="7385de01-22d6-4769-9ffc-aadee9c799bb" />
      <TestMethod codeBase="D:/Business/Development/Konnetic/UnifySipApi/Production/Src/Konnetic Unify SIP API/Konnetic.Sip.UnitTests/bin/Debug/Konnetic.Sip.UnitTests.DLL" adapterTypeName="Microsoft.VisualStudio.TestTools.TestTypes.Unit.UnitTestAdapter, Microsoft.VisualStudio.QualityTools.Tips.UnitTest.Adapter" className="Konnetic.Sip.UnitTests.HeaderFieldCollectionAdapter, Konnetic.Sip.UnitTests, Version=1.0.3676.32754, Culture=neutral, PublicKeyToken=null" name="AddTest2c" expectedException="System.ArgumentException, mscorlib, Version=2.0.0.0, Culture=neutral, PublicKeyToken=b77a5c561934e089" />
    </UnitTest>
    <UnitTest name="ToStringTest" storage="konnetic.sip.unittests.dll" id="24fedb21-76fa-d17f-8a3f-9779036875ca">
      <Css projectStructure="" iteration="" />
      <Owners>
        <Owner name="" />
      </Owners>
      <Execution id="37a8bd0c-6f05-4ef1-8969-1e325752a906" />
      <TestMethod codeBase="D:/Business/Development/Konnetic/UnifySipApi/Production/Src/Konnetic Unify SIP API/Konnetic.Sip.UnitTests/bin/Debug/Konnetic.Sip.UnitTests.DLL" adapterTypeName="Microsoft.VisualStudio.TestTools.TestTypes.Unit.UnitTestAdapter, Microsoft.VisualStudio.QualityTools.Tips.UnitTest.Adapter" className="Konnetic.Sip.UnitTests.FromHeaderFieldAdapter, Konnetic.Sip.UnitTests, Version=1.0.3676.32754, Culture=neutral, PublicKeyToken=null" name="ToStringTest" />
    </UnitTest>
    <UnitTest name="ParseTest1" storage="konnetic.sip.unittests.dll" id="36eb86d9-12bf-335f-3264-5de6af2186e7">
      <Css projectStructure="" iteration="" />
      <Owners>
        <Owner name="" />
      </Owners>
      <Execution id="b8d8a876-8503-432a-98ed-2fe57a1174f6" />
      <TestMethod codeBase="D:/Business/Development/Konnetic/UnifySipApi/Production/Src/Konnetic Unify SIP API/Konnetic.Sip.UnitTests/bin/Debug/Konnetic.Sip.UnitTests.DLL" adapterTypeName="Microsoft.VisualStudio.TestTools.TestTypes.Unit.UnitTestAdapter, Microsoft.VisualStudio.QualityTools.Tips.UnitTest.Adapter" className="Konnetic.Sip.UnitTests.CSeqHeaderFieldAdapter, Konnetic.Sip.UnitTests, Version=1.0.3676.32754, Culture=neutral, PublicKeyToken=null" name="ParseTest1" expectedException="Konnetic.Sip.SipParseException, Konnetic.Sip, Version=1.0.3676.32752, Culture=neutral, PublicKeyToken=null" />
    </UnitTest>
    <UnitTest name="PriorityTest1" storage="konnetic.sip.unittests.dll" id="428568ae-f4e4-54ff-3deb-ee3bca4a2e24">
      <Css projectStructure="" iteration="" />
      <Owners>
        <Owner name="" />
      </Owners>
      <Execution id="cfccf783-e7a2-4537-bb57-b259d1ad10f2" />
      <TestMethod codeBase="D:/Business/Development/Konnetic/UnifySipApi/Production/Src/Konnetic Unify SIP API/Konnetic.Sip.UnitTests/bin/Debug/Konnetic.Sip.UnitTests.DLL" adapterTypeName="Microsoft.VisualStudio.TestTools.TestTypes.Unit.UnitTestAdapter, Microsoft.VisualStudio.QualityTools.Tips.UnitTest.Adapter" className="Konnetic.Sip.UnitTests.PriorityHeaderFieldAdapter, Konnetic.Sip.UnitTests, Version=1.0.3676.32754, Culture=neutral, PublicKeyToken=null" name="PriorityTest1" expectedException="Konnetic.Sip.SipFormatException, Konnetic.Sip, Version=1.0.3676.32752, Culture=neutral, PublicKeyToken=null" />
    </UnitTest>
    <UnitTest name="EqualsTest" storage="konnetic.sip.unittests.dll" id="f9e65002-39a1-3e1e-81c7-25836126e037">
      <Css projectStructure="" iteration="" />
      <Owners>
        <Owner name="" />
      </Owners>
      <Execution id="536f1eab-0eb8-4b8c-bf6d-917489e1598f" />
      <TestMethod codeBase="D:/Business/Development/Konnetic/UnifySipApi/Production/Src/Konnetic Unify SIP API/Konnetic.Sip.UnitTests/bin/Debug/Konnetic.Sip.UnitTests.DLL" adapterTypeName="Microsoft.VisualStudio.TestTools.TestTypes.Unit.UnitTestAdapter, Microsoft.VisualStudio.QualityTools.Tips.UnitTest.Adapter" className="Konnetic.Sip.UnitTests.MimeVersionHeaderFieldAdapter, Konnetic.Sip.UnitTests, Version=1.0.3676.32754, Culture=neutral, PublicKeyToken=null" name="EqualsTest" />
    </UnitTest>
    <UnitTest name="DateHeaderFieldConstructorTest" storage="konnetic.sip.unittests.dll" id="841ecca1-70fb-53f7-e4d4-ba47f60040c3">
      <Css projectStructure="" iteration="" />
      <Owners>
        <Owner name="" />
      </Owners>
      <Execution id="a685df81-32e5-450d-ae1c-c0cc23b59e0b" />
      <TestMethod codeBase="D:/Business/Development/Konnetic/UnifySipApi/Production/Src/Konnetic Unify SIP API/Konnetic.Sip.UnitTests/bin/Debug/Konnetic.Sip.UnitTests.DLL" adapterTypeName="Microsoft.VisualStudio.TestTools.TestTypes.Unit.UnitTestAdapter, Microsoft.VisualStudio.QualityTools.Tips.UnitTest.Adapter" className="Konnetic.Sip.UnitTests.DateHeaderFieldAdapter, Konnetic.Sip.UnitTests, Version=1.0.3676.32754, Culture=neutral, PublicKeyToken=null" name="DateHeaderFieldConstructorTest" />
    </UnitTest>
    <UnitTest name="SetTestc" storage="konnetic.sip.unittests.dll" id="df48f158-c648-f021-9b57-091f0f74f055">
      <Css projectStructure="" iteration="" />
      <Owners>
        <Owner name="" />
      </Owners>
      <Execution id="83f16903-72cd-47b5-be9b-5e1cb89523b3" />
      <TestMethod codeBase="D:/Business/Development/Konnetic/UnifySipApi/Production/Src/Konnetic Unify SIP API/Konnetic.Sip.UnitTests/bin/Debug/Konnetic.Sip.UnitTests.DLL" adapterTypeName="Microsoft.VisualStudio.TestTools.TestTypes.Unit.UnitTestAdapter, Microsoft.VisualStudio.QualityTools.Tips.UnitTest.Adapter" className="Konnetic.Sip.UnitTests.HeaderFieldCollectionAdapter, Konnetic.Sip.UnitTests, Version=1.0.3676.32754, Culture=neutral, PublicKeyToken=null" name="SetTestc" expectedException="System.ArgumentNullException, mscorlib, Version=2.0.0.0, Culture=neutral, PublicKeyToken=b77a5c561934e089" />
    </UnitTest>
    <UnitTest name="NewSequenceTest" storage="konnetic.sip.unittests.dll" id="1761c801-50d6-e824-8c7c-e8367d6461d1">
      <Css projectStructure="" iteration="" />
      <Owners>
        <Owner name="" />
      </Owners>
      <Execution id="4eb96b66-a559-403c-b601-48c962ba2517" />
      <TestMethod codeBase="D:/Business/Development/Konnetic/UnifySipApi/Production/Src/Konnetic Unify SIP API/Konnetic.Sip.UnitTests/bin/Debug/Konnetic.Sip.UnitTests.DLL" adapterTypeName="Microsoft.VisualStudio.TestTools.TestTypes.Unit.UnitTestAdapter, Microsoft.VisualStudio.QualityTools.Tips.UnitTest.Adapter" className="Konnetic.Sip.UnitTests.CSeqHeaderFieldAdapter, Konnetic.Sip.UnitTests, Version=1.0.3676.32754, Culture=neutral, PublicKeyToken=null" name="NewSequenceTest" />
    </UnitTest>
    <UnitTest name="ParseTest" storage="konnetic.sip.unittests.dll" id="aff38362-4b5c-4a90-2a93-d3aae0598ec5">
      <Css projectStructure="" iteration="" />
      <Owners>
        <Owner name="" />
      </Owners>
      <Execution id="1add06e3-031b-4988-9dc1-7e4cd42a9d10" />
      <TestMethod codeBase="D:/Business/Development/Konnetic/UnifySipApi/Production/Src/Konnetic Unify SIP API/Konnetic.Sip.UnitTests/bin/Debug/Konnetic.Sip.UnitTests.DLL" adapterTypeName="Microsoft.VisualStudio.TestTools.TestTypes.Unit.UnitTestAdapter, Microsoft.VisualStudio.QualityTools.Tips.UnitTest.Adapter" className="Konnetic.Sip.UnitTests.WwwAuthenticateHeaderFieldAdapter, Konnetic.Sip.UnitTests, Version=1.0.3676.32754, Culture=neutral, PublicKeyToken=null" name="ParseTest" />
    </UnitTest>
    <UnitTest name="op_ImplicitTest" storage="konnetic.sip.unittests.dll" id="8aa1bb4c-58fe-61ce-cc7a-6dfc68deb938">
      <Css projectStructure="" iteration="" />
      <Owners>
        <Owner name="" />
      </Owners>
      <Execution id="a1407fa5-f2ea-4ca5-ae1e-fa75d7c5b003" />
      <TestMethod codeBase="D:/Business/Development/Konnetic/UnifySipApi/Production/Src/Konnetic Unify SIP API/Konnetic.Sip.UnitTests/bin/Debug/Konnetic.Sip.UnitTests.DLL" adapterTypeName="Microsoft.VisualStudio.TestTools.TestTypes.Unit.UnitTestAdapter, Microsoft.VisualStudio.QualityTools.Tips.UnitTest.Adapter" className="Konnetic.Sip.UnitTests.AcceptHeaderFieldAdapter, Konnetic.Sip.UnitTests, Version=1.0.3676.32754, Culture=neutral, PublicKeyToken=null" name="op_ImplicitTest" />
    </UnitTest>
    <UnitTest name="EqualsTest2" storage="konnetic.sip.unittests.dll" id="5d98c783-a4db-c8a0-f483-d68c70a83d69">
      <Css projectStructure="" iteration="" />
      <Owners>
        <Owner name="" />
      </Owners>
      <Execution id="48331af7-f47a-41a2-9502-eea781922c37" />
      <TestMethod codeBase="D:/Business/Development/Konnetic/UnifySipApi/Production/Src/Konnetic Unify SIP API/Konnetic.Sip.UnitTests/bin/Debug/Konnetic.Sip.UnitTests.DLL" adapterTypeName="Microsoft.VisualStudio.TestTools.TestTypes.Unit.UnitTestAdapter, Microsoft.VisualStudio.QualityTools.Tips.UnitTest.Adapter" className="Konnetic.Sip.UnitTests.QValueHeaderFieldAdapter, Konnetic.Sip.UnitTests, Version=1.0.3676.32754, Culture=neutral, PublicKeyToken=null" name="EqualsTest2" />
    </UnitTest>
    <UnitTest name="ContainsTestab" storage="konnetic.sip.unittests.dll" id="b8cefc1a-3e1b-4181-48b4-448172fa2147">
      <Css projectStructure="" iteration="" />
      <Owners>
        <Owner name="" />
      </Owners>
      <Execution id="7a6009fa-721a-4183-beff-73ade3ee0106" />
      <TestMethod codeBase="D:/Business/Development/Konnetic/UnifySipApi/Production/Src/Konnetic Unify SIP API/Konnetic.Sip.UnitTests/bin/Debug/Konnetic.Sip.UnitTests.DLL" adapterTypeName="Microsoft.VisualStudio.TestTools.TestTypes.Unit.UnitTestAdapter, Microsoft.VisualStudio.QualityTools.Tips.UnitTest.Adapter" className="Konnetic.Sip.UnitTests.HeaderFieldCollectionAdapter, Konnetic.Sip.UnitTests, Version=1.0.3676.32754, Culture=neutral, PublicKeyToken=null" name="ContainsTestab" expectedException="System.ArgumentNullException, mscorlib, Version=2.0.0.0, Culture=neutral, PublicKeyToken=b77a5c561934e089" />
    </UnitTest>
    <UnitTest name="GetStringValueTest1" storage="konnetic.sip.unittests.dll" id="3f43a7ed-aaf5-a821-0c08-25ea2f37adff">
      <Css projectStructure="" iteration="" />
      <Owners>
        <Owner name="" />
      </Owners>
      <Execution id="493b016d-3527-4a33-b22b-515284e4d94d" />
      <TestMethod codeBase="D:/Business/Development/Konnetic/UnifySipApi/Production/Src/Konnetic Unify SIP API/Konnetic.Sip.UnitTests/bin/Debug/Konnetic.Sip.UnitTests.DLL" adapterTypeName="Microsoft.VisualStudio.TestTools.TestTypes.Unit.UnitTestAdapter, Microsoft.VisualStudio.QualityTools.Tips.UnitTest.Adapter" className="Konnetic.Sip.UnitTests.ContentDispositionHeaderFieldAdapter, Konnetic.Sip.UnitTests, Version=1.0.3676.32754, Culture=neutral, PublicKeyToken=null" name="GetStringValueTest1" expectedException="Konnetic.Sip.SipException, Konnetic.Sip, Version=1.0.3676.32752, Culture=neutral, PublicKeyToken=null" />
    </UnitTest>
    <UnitTest name="UriTest" storage="konnetic.sip.unittests.dll" id="502eb26c-fc20-7eca-94d7-4070e1de924d">
      <Css projectStructure="" iteration="" />
      <Owners>
        <Owner name="" />
      </Owners>
      <Execution id="18124816-4923-4826-b818-4ab9cc63bceb" />
      <TestMethod codeBase="D:/Business/Development/Konnetic/UnifySipApi/Production/Src/Konnetic Unify SIP API/Konnetic.Sip.UnitTests/bin/Debug/Konnetic.Sip.UnitTests.DLL" adapterTypeName="Microsoft.VisualStudio.TestTools.TestTypes.Unit.UnitTestAdapter, Microsoft.VisualStudio.QualityTools.Tips.UnitTest.Adapter" className="Konnetic.Sip.UnitTests.ErrorHeaderFieldAdapter, Konnetic.Sip.UnitTests, Version=1.0.3676.32754, Culture=neutral, PublicKeyToken=null" name="UriTest" />
    </UnitTest>
    <UnitTest name="MultipleAllowedTest" storage="konnetic.sip.unittests.dll" id="a04b07f4-c2e9-1778-e150-c2f82ad83ff1">
      <Css projectStructure="" iteration="" />
      <Owners>
        <Owner name="" />
      </Owners>
      <Execution id="84b7fdde-3ce9-49c5-8628-2ff9883e12f2" />
      <TestMethod codeBase="D:/Business/Development/Konnetic/UnifySipApi/Production/Src/Konnetic Unify SIP API/Konnetic.Sip.UnitTests/bin/Debug/Konnetic.Sip.UnitTests.DLL" adapterTypeName="Microsoft.VisualStudio.TestTools.TestTypes.Unit.UnitTestAdapter, Microsoft.VisualStudio.QualityTools.Tips.UnitTest.Adapter" className="Konnetic.Sip.UnitTests.HeaderFieldBaseAdapter, Konnetic.Sip.UnitTests, Version=1.0.3676.32754, Culture=neutral, PublicKeyToken=null" name="MultipleAllowedTest" />
    </UnitTest>
    <UnitTest name="GetStringValueTest" storage="konnetic.sip.unittests.dll" id="9859568f-1ed1-8313-aa8b-52e7b09b6aee">
      <Css projectStructure="" iteration="" />
      <Owners>
        <Owner name="" />
      </Owners>
      <Execution id="54268f85-bbe3-4fe4-a632-49aa5a7ede69" />
      <TestMethod codeBase="D:/Business/Development/Konnetic/UnifySipApi/Production/Src/Konnetic Unify SIP API/Konnetic.Sip.UnitTests/bin/Debug/Konnetic.Sip.UnitTests.DLL" adapterTypeName="Microsoft.VisualStudio.TestTools.TestTypes.Unit.UnitTestAdapter, Microsoft.VisualStudio.QualityTools.Tips.UnitTest.Adapter" className="Konnetic.Sip.UnitTests.ContentEncodingHeaderFieldAdapter, Konnetic.Sip.UnitTests, Version=1.0.3676.32754, Culture=neutral, PublicKeyToken=null" name="GetStringValueTest" />
    </UnitTest>
    <UnitTest name="CloneTest" storage="konnetic.sip.unittests.dll" id="675075ad-b38b-9827-0891-15ca1615bdea">
      <Css projectStructure="" iteration="" />
      <Owners>
        <Owner name="" />
      </Owners>
      <Execution id="c4137d04-c4c3-41e2-b83c-d4277b45f55f" />
      <TestMethod codeBase="D:/Business/Development/Konnetic/UnifySipApi/Production/Src/Konnetic Unify SIP API/Konnetic.Sip.UnitTests/bin/Debug/Konnetic.Sip.UnitTests.DLL" adapterTypeName="Microsoft.VisualStudio.TestTools.TestTypes.Unit.UnitTestAdapter, Microsoft.VisualStudio.QualityTools.Tips.UnitTest.Adapter" className="Konnetic.Sip.UnitTests.ErrorHeaderFieldAdapter, Konnetic.Sip.UnitTests, Version=1.0.3676.32754, Culture=neutral, PublicKeyToken=null" name="CloneTest" />
    </UnitTest>
    <UnitTest name="ParseTest" storage="konnetic.sip.unittests.dll" id="b53f6cd5-53ac-63ea-5b89-17785b961271">
      <Css projectStructure="" iteration="" />
      <Owners>
        <Owner name="" />
      </Owners>
      <Execution id="9712e371-3582-400d-a670-df5bc557c7de" />
      <TestMethod codeBase="D:/Business/Development/Konnetic/UnifySipApi/Production/Src/Konnetic Unify SIP API/Konnetic.Sip.UnitTests/bin/Debug/Konnetic.Sip.UnitTests.DLL" adapterTypeName="Microsoft.VisualStudio.TestTools.TestTypes.Unit.UnitTestAdapter, Microsoft.VisualStudio.QualityTools.Tips.UnitTest.Adapter" className="Konnetic.Sip.UnitTests.AllowHeaderFieldAdapter, Konnetic.Sip.UnitTests, Version=1.0.3676.32754, Culture=neutral, PublicKeyToken=null" name="ParseTest" />
    </UnitTest>
    <UnitTest name="MaddrTest3" storage="konnetic.sip.unittests.dll" id="a28e432d-1788-8c1b-986a-91f97842b553">
      <Css projectStructure="" iteration="" />
      <Owners>
        <Owner name="" />
      </Owners>
      <Execution id="a7f9fae7-6ea1-45c1-ab70-a47594da1d31" />
      <TestMethod codeBase="D:/Business/Development/Konnetic/UnifySipApi/Production/Src/Konnetic Unify SIP API/Konnetic.Sip.UnitTests/bin/Debug/Konnetic.Sip.UnitTests.DLL" adapterTypeName="Microsoft.VisualStudio.TestTools.TestTypes.Unit.UnitTestAdapter, Microsoft.VisualStudio.QualityTools.Tips.UnitTest.Adapter" className="Konnetic.Sip.UnitTests.SipUriBuilderAdapter, Konnetic.Sip.UnitTests, Version=1.0.3676.32754, Culture=neutral, PublicKeyToken=null" name="MaddrTest3" expectedException="System.ArgumentNullException, mscorlib, Version=2.0.0.0, Culture=neutral, PublicKeyToken=b77a5c561934e089" />
    </UnitTest>
    <UnitTest name="EqualsTest1" storage="konnetic.sip.unittests.dll" id="8b143fd9-486e-a9e8-843e-0f6d5df549f4">
      <Css projectStructure="" iteration="" />
      <Owners>
        <Owner name="" />
      </Owners>
      <Execution id="8e8b155e-d0ef-4c9f-a105-383590525f47" />
      <TestMethod codeBase="D:/Business/Development/Konnetic/UnifySipApi/Production/Src/Konnetic Unify SIP API/Konnetic.Sip.UnitTests/bin/Debug/Konnetic.Sip.UnitTests.DLL" adapterTypeName="Microsoft.VisualStudio.TestTools.TestTypes.Unit.UnitTestAdapter, Microsoft.VisualStudio.QualityTools.Tips.UnitTest.Adapter" className="Konnetic.Sip.UnitTests.CallIdHeaderFieldAdapter, Konnetic.Sip.UnitTests, Version=1.0.3676.32754, Culture=neutral, PublicKeyToken=null" name="EqualsTest1" />
    </UnitTest>
    <UnitTest name="KeyTest" storage="konnetic.sip.unittests.dll" id="ee081124-9307-dcf9-29cc-3cbce5f6c202">
      <Css projectStructure="" iteration="" />
      <Owners>
        <Owner name="" />
      </Owners>
      <Execution id="55ed49ff-3348-4b47-b662-2b0ee9b315e0" />
      <TestMethod codeBase="D:/Business/Development/Konnetic/UnifySipApi/Production/Src/Konnetic Unify SIP API/Konnetic.Sip.UnitTests/bin/Debug/Konnetic.Sip.UnitTests.DLL" adapterTypeName="Microsoft.VisualStudio.TestTools.TestTypes.Unit.UnitTestAdapter, Microsoft.VisualStudio.QualityTools.Tips.UnitTest.Adapter" className="Konnetic.Sip.UnitTests.ViaHeaderFieldAdapter, Konnetic.Sip.UnitTests, Version=1.0.3676.32754, Culture=neutral, PublicKeyToken=null" name="KeyTest" />
    </UnitTest>
    <UnitTest name="NewTest" storage="konnetic.sip.unittests.dll" id="43a10462-0cee-509c-5925-853c0f0bc9b2">
      <Css projectStructure="" iteration="" />
      <Owners>
        <Owner name="" />
      </Owners>
      <Execution id="f7e646f7-ebe6-42f0-a9a7-75ab6ba35a9e" />
      <TestMethod codeBase="D:/Business/Development/Konnetic/UnifySipApi/Production/Src/Konnetic Unify SIP API/Konnetic.Sip.UnitTests/bin/Debug/Konnetic.Sip.UnitTests.DLL" adapterTypeName="Microsoft.VisualStudio.TestTools.TestTypes.Unit.UnitTestAdapter, Microsoft.VisualStudio.QualityTools.Tips.UnitTest.Adapter" className="Konnetic.Sip.UnitTests.FromHeaderFieldAdapter, Konnetic.Sip.UnitTests, Version=1.0.3676.32754, Culture=neutral, PublicKeyToken=null" name="NewTest" />
    </UnitTest>
    <UnitTest name="PriorityTest" storage="konnetic.sip.unittests.dll" id="fa938ca1-2b71-1639-675a-7687d653c3f6">
      <Css projectStructure="" iteration="" />
      <Owners>
        <Owner name="" />
      </Owners>
      <Execution id="56a2426e-f3e1-4159-a458-5fcaca9531c3" />
      <TestMethod codeBase="D:/Business/Development/Konnetic/UnifySipApi/Production/Src/Konnetic Unify SIP API/Konnetic.Sip.UnitTests/bin/Debug/Konnetic.Sip.UnitTests.DLL" adapterTypeName="Microsoft.VisualStudio.TestTools.TestTypes.Unit.UnitTestAdapter, Microsoft.VisualStudio.QualityTools.Tips.UnitTest.Adapter" className="Konnetic.Sip.UnitTests.PriorityHeaderFieldAdapter, Konnetic.Sip.UnitTests, Version=1.0.3676.32754, Culture=neutral, PublicKeyToken=null" name="PriorityTest" />
    </UnitTest>
    <UnitTest name="WarningHeaderFieldConstructorTest" storage="konnetic.sip.unittests.dll" id="e2b9c080-ff18-9cf3-ffe1-15d84d9117d4">
      <Css projectStructure="" iteration="" />
      <Owners>
        <Owner name="" />
      </Owners>
      <Execution id="c319f6d7-eebe-4751-a20a-2b374cb36144" />
      <TestMethod codeBase="D:/Business/Development/Konnetic/UnifySipApi/Production/Src/Konnetic Unify SIP API/Konnetic.Sip.UnitTests/bin/Debug/Konnetic.Sip.UnitTests.DLL" adapterTypeName="Microsoft.VisualStudio.TestTools.TestTypes.Unit.UnitTestAdapter, Microsoft.VisualStudio.QualityTools.Tips.UnitTest.Adapter" className="Konnetic.Sip.UnitTests.WarningHeaderFieldAdapter, Konnetic.Sip.UnitTests, Version=1.0.3676.32754, Culture=neutral, PublicKeyToken=null" name="WarningHeaderFieldConstructorTest" />
    </UnitTest>
    <UnitTest name="MethodTest" storage="konnetic.sip.unittests.dll" id="93bf4dc3-db0d-df2c-1c0b-0ba961778a38">
      <Css projectStructure="" iteration="" />
      <Owners>
        <Owner name="" />
      </Owners>
      <Execution id="edda5d81-4e14-463d-a92d-4987b2e110a1" />
      <TestMethod codeBase="D:/Business/Development/Konnetic/UnifySipApi/Production/Src/Konnetic Unify SIP API/Konnetic.Sip.UnitTests/bin/Debug/Konnetic.Sip.UnitTests.DLL" adapterTypeName="Microsoft.VisualStudio.TestTools.TestTypes.Unit.UnitTestAdapter, Microsoft.VisualStudio.QualityTools.Tips.UnitTest.Adapter" className="Konnetic.Sip.UnitTests.RequestLineHeaderFieldAdapter, Konnetic.Sip.UnitTests, Version=1.0.3676.32754, Culture=neutral, PublicKeyToken=null" name="MethodTest" />
    </UnitTest>
    <UnitTest name="UserParameterTest3" storage="konnetic.sip.unittests.dll" id="c00a7128-c961-5650-9b15-6b42feab7b0b">
      <Css projectStructure="" iteration="" />
      <Owners>
        <Owner name="" />
      </Owners>
      <Execution id="09e0a0ca-b49d-452d-bd80-58140c064dfb" />
      <TestMethod codeBase="D:/Business/Development/Konnetic/UnifySipApi/Production/Src/Konnetic Unify SIP API/Konnetic.Sip.UnitTests/bin/Debug/Konnetic.Sip.UnitTests.DLL" adapterTypeName="Microsoft.VisualStudio.TestTools.TestTypes.Unit.UnitTestAdapter, Microsoft.VisualStudio.QualityTools.Tips.UnitTest.Adapter" className="Konnetic.Sip.UnitTests.SipUriBuilderAdapter, Konnetic.Sip.UnitTests, Version=1.0.3676.32754, Culture=neutral, PublicKeyToken=null" name="UserParameterTest3" expectedException="System.ArgumentNullException, mscorlib, Version=2.0.0.0, Culture=neutral, PublicKeyToken=b77a5c561934e089" />
    </UnitTest>
    <UnitTest name="ResponseAuthTest" storage="konnetic.sip.unittests.dll" id="43cd2310-1244-5958-de05-7dbed89c1279">
      <Css projectStructure="" iteration="" />
      <Owners>
        <Owner name="" />
      </Owners>
      <Execution id="723ae001-965f-4941-bdbe-9e0d7cfd227c" />
      <TestMethod codeBase="D:/Business/Development/Konnetic/UnifySipApi/Production/Src/Konnetic Unify SIP API/Konnetic.Sip.UnitTests/bin/Debug/Konnetic.Sip.UnitTests.DLL" adapterTypeName="Microsoft.VisualStudio.TestTools.TestTypes.Unit.UnitTestAdapter, Microsoft.VisualStudio.QualityTools.Tips.UnitTest.Adapter" className="Konnetic.Sip.UnitTests.AuthenticationInfoHeaderFieldAdapter, Konnetic.Sip.UnitTests, Version=1.0.3676.32754, Culture=neutral, PublicKeyToken=null" name="ResponseAuthTest" />
    </UnitTest>
    <UnitTest name="ExpiresHeaderFieldConstructorTest1a" storage="konnetic.sip.unittests.dll" id="4038cf32-fea0-a30a-c01b-561546a0f9f8">
      <Css projectStructure="" iteration="" />
      <Owners>
        <Owner name="" />
      </Owners>
      <Execution id="13f52a49-81aa-407a-b203-6827e14efaff" />
      <TestMethod codeBase="D:/Business/Development/Konnetic/UnifySipApi/Production/Src/Konnetic Unify SIP API/Konnetic.Sip.UnitTests/bin/Debug/Konnetic.Sip.UnitTests.DLL" adapterTypeName="Microsoft.VisualStudio.TestTools.TestTypes.Unit.UnitTestAdapter, Microsoft.VisualStudio.QualityTools.Tips.UnitTest.Adapter" className="Konnetic.Sip.UnitTests.ExpiresHeaderFieldAdapter, Konnetic.Sip.UnitTests, Version=1.0.3676.32754, Culture=neutral, PublicKeyToken=null" name="ExpiresHeaderFieldConstructorTest1a" expectedException="Konnetic.Sip.SipOutOfRangeException, Konnetic.Sip, Version=1.0.3676.32752, Culture=neutral, PublicKeyToken=null" />
    </UnitTest>
    <UnitTest name="EqualsTest" storage="konnetic.sip.unittests.dll" id="952528be-eebf-34ab-0872-eea5c79beb10">
      <Css projectStructure="" iteration="" />
      <Owners>
        <Owner name="" />
      </Owners>
      <Execution id="d203677c-c001-4f2a-9360-73e42792fb23" />
      <TestMethod codeBase="D:/Business/Development/Konnetic/UnifySipApi/Production/Src/Konnetic Unify SIP API/Konnetic.Sip.UnitTests/bin/Debug/Konnetic.Sip.UnitTests.DLL" adapterTypeName="Microsoft.VisualStudio.TestTools.TestTypes.Unit.UnitTestAdapter, Microsoft.VisualStudio.QualityTools.Tips.UnitTest.Adapter" className="Konnetic.Sip.UnitTests.RouteHeaderFieldAdapter, Konnetic.Sip.UnitTests, Version=1.0.3676.32754, Culture=neutral, PublicKeyToken=null" name="EqualsTest" />
    </UnitTest>
    <UnitTest name="ParseTest" storage="konnetic.sip.unittests.dll" id="5362163e-0e42-7373-a7ac-a3fea5f5ff7f">
      <Css projectStructure="" iteration="" />
      <Owners>
        <Owner name="" />
      </Owners>
      <Execution id="07316fc3-9084-464e-bcf3-b3234bb22283" />
      <TestMethod codeBase="D:/Business/Development/Konnetic/UnifySipApi/Production/Src/Konnetic Unify SIP API/Konnetic.Sip.UnitTests/bin/Debug/Konnetic.Sip.UnitTests.DLL" adapterTypeName="Microsoft.VisualStudio.TestTools.TestTypes.Unit.UnitTestAdapter, Microsoft.VisualStudio.QualityTools.Tips.UnitTest.Adapter" className="Konnetic.Sip.UnitTests.AuthorizationHeaderFieldBaseAdapter, Konnetic.Sip.UnitTests, Version=1.0.3676.32754, Culture=neutral, PublicKeyToken=null" name="ParseTest" />
    </UnitTest>
    <UnitTest name="OrganizationHeaderFieldConstructorTest" storage="konnetic.sip.unittests.dll" id="eb7920bf-a6e1-c75d-46b0-de6dd1c7c658">
      <Css projectStructure="" iteration="" />
      <Owners>
        <Owner name="" />
      </Owners>
      <Execution id="f73952f8-20ed-4071-9d05-7d384b56d28e" />
      <TestMethod codeBase="D:/Business/Development/Konnetic/UnifySipApi/Production/Src/Konnetic Unify SIP API/Konnetic.Sip.UnitTests/bin/Debug/Konnetic.Sip.UnitTests.DLL" adapterTypeName="Microsoft.VisualStudio.TestTools.TestTypes.Unit.UnitTestAdapter, Microsoft.VisualStudio.QualityTools.Tips.UnitTest.Adapter" className="Konnetic.Sip.UnitTests.OrganizationHeaderFieldAdapter, Konnetic.Sip.UnitTests, Version=1.0.3676.32754, Culture=neutral, PublicKeyToken=null" name="OrganizationHeaderFieldConstructorTest" />
    </UnitTest>
    <UnitTest name="IsValidTest" storage="konnetic.sip.unittests.dll" id="7d2232cb-1c05-69d2-304b-8b03e407524d">
      <Css projectStructure="" iteration="" />
      <Owners>
        <Owner name="" />
      </Owners>
      <Execution id="4fd382b2-2806-437b-825e-9fa70874e89e" />
      <TestMethod codeBase="D:/Business/Development/Konnetic/UnifySipApi/Production/Src/Konnetic Unify SIP API/Konnetic.Sip.UnitTests/bin/Debug/Konnetic.Sip.UnitTests.DLL" adapterTypeName="Microsoft.VisualStudio.TestTools.TestTypes.Unit.UnitTestAdapter, Microsoft.VisualStudio.QualityTools.Tips.UnitTest.Adapter" className="Konnetic.Sip.UnitTests.DateHeaderFieldAdapter, Konnetic.Sip.UnitTests, Version=1.0.3676.32754, Culture=neutral, PublicKeyToken=null" name="IsValidTest" />
    </UnitTest>
    <UnitTest name="EqualsTest" storage="konnetic.sip.unittests.dll" id="5b581cd1-12f9-207f-c6d6-ff3c06f50422">
      <Css projectStructure="" iteration="" />
      <Owners>
        <Owner name="" />
      </Owners>
      <Execution id="565d8609-7d0c-42ad-a3a4-5c920ef02073" />
      <TestMethod codeBase="D:/Business/Development/Konnetic/UnifySipApi/Production/Src/Konnetic Unify SIP API/Konnetic.Sip.UnitTests/bin/Debug/Konnetic.Sip.UnitTests.DLL" adapterTypeName="Microsoft.VisualStudio.TestTools.TestTypes.Unit.UnitTestAdapter, Microsoft.VisualStudio.QualityTools.Tips.UnitTest.Adapter" className="Konnetic.Sip.UnitTests.AllowHeaderFieldAdapter, Konnetic.Sip.UnitTests, Version=1.0.3676.32754, Culture=neutral, PublicKeyToken=null" name="EqualsTest" />
    </UnitTest>
    <UnitTest name="ParseTest" storage="konnetic.sip.unittests.dll" id="eb873e86-1b7c-3c17-d48e-ea47dd02089d">
      <Css projectStructure="" iteration="" />
      <Owners>
        <Owner name="" />
      </Owners>
      <Execution id="b860ff94-27f2-4d4c-8003-f65945383922" />
      <TestMethod codeBase="D:/Business/Development/Konnetic/UnifySipApi/Production/Src/Konnetic Unify SIP API/Konnetic.Sip.UnitTests/bin/Debug/Konnetic.Sip.UnitTests.DLL" adapterTypeName="Microsoft.VisualStudio.TestTools.TestTypes.Unit.UnitTestAdapter, Microsoft.VisualStudio.QualityTools.Tips.UnitTest.Adapter" className="Konnetic.Sip.UnitTests.ContactHeaderFieldAdapter, Konnetic.Sip.UnitTests, Version=1.0.3676.32754, Culture=neutral, PublicKeyToken=null" name="ParseTest" />
    </UnitTest>
    <UnitTest name="FieldValueTest" storage="konnetic.sip.unittests.dll" id="410e0e19-c3ea-6c3d-087c-cf0e242394c2">
      <Css projectStructure="" iteration="" />
      <Owners>
        <Owner name="" />
      </Owners>
      <Execution id="fed129d6-ad74-438c-b1bd-1b215dddbc86" />
      <TestMethod codeBase="D:/Business/Development/Konnetic/UnifySipApi/Production/Src/Konnetic Unify SIP API/Konnetic.Sip.UnitTests/bin/Debug/Konnetic.Sip.UnitTests.DLL" adapterTypeName="Microsoft.VisualStudio.TestTools.TestTypes.Unit.UnitTestAdapter, Microsoft.VisualStudio.QualityTools.Tips.UnitTest.Adapter" className="Konnetic.Sip.UnitTests.ParamatizedHeaderFieldAdapter, Konnetic.Sip.UnitTests, Version=1.0.3676.32754, Culture=neutral, PublicKeyToken=null" name="FieldValueTest" />
    </UnitTest>
    <UnitTest name="DefaultMethodConstructorTest" storage="konnetic.sip.unittests.dll" id="a363a665-cb05-17bc-adb7-2e5e949483cc">
      <Css projectStructure="" iteration="" />
      <Owners>
        <Owner name="" />
      </Owners>
      <DeploymentItems>
        <DeploymentItem filename="Konnetic.Sip.dll" />
      </DeploymentItems>
      <Execution id="82986c11-5900-458c-b1ad-2f918a2d7485" />
      <TestMethod codeBase="D:/Business/Development/Konnetic/UnifySipApi/Production/Src/Konnetic Unify SIP API/Konnetic.Sip.UnitTests/bin/Debug/Konnetic.Sip.UnitTests.DLL" adapterTypeName="Microsoft.VisualStudio.TestTools.TestTypes.Unit.UnitTestAdapter, Microsoft.VisualStudio.QualityTools.Tips.UnitTest.Adapter" className="Konnetic.Sip.UnitTests.RequestAdapter, Konnetic.Sip.UnitTests, Version=1.0.3676.32754, Culture=neutral, PublicKeyToken=null" name="DefaultMethodConstructorTest" />
    </UnitTest>
    <UnitTest name="GetStringValueTest" storage="konnetic.sip.unittests.dll" id="d7dd276a-3eb9-4541-8449-21198e243eac">
      <Css projectStructure="" iteration="" />
      <Owners>
        <Owner name="" />
      </Owners>
      <Execution id="0964cc7e-c3b7-4594-8d43-4f193f672cc3" />
      <TestMethod codeBase="D:/Business/Development/Konnetic/UnifySipApi/Production/Src/Konnetic Unify SIP API/Konnetic.Sip.UnitTests/bin/Debug/Konnetic.Sip.UnitTests.DLL" adapterTypeName="Microsoft.VisualStudio.TestTools.TestTypes.Unit.UnitTestAdapter, Microsoft.VisualStudio.QualityTools.Tips.UnitTest.Adapter" className="Konnetic.Sip.UnitTests.AuthenticationInfoHeaderFieldAdapter, Konnetic.Sip.UnitTests, Version=1.0.3676.32754, Culture=neutral, PublicKeyToken=null" name="GetStringValueTest" />
    </UnitTest>
    <UnitTest name="UserNameTest3" storage="konnetic.sip.unittests.dll" id="801f0d39-b65e-16ee-0769-eebc8ef6addd">
      <Css projectStructure="" iteration="" />
      <Owners>
        <Owner name="" />
      </Owners>
      <Execution id="355cd1c1-d71b-4c07-a5f9-48635b29daa4" />
      <TestMethod codeBase="D:/Business/Development/Konnetic/UnifySipApi/Production/Src/Konnetic Unify SIP API/Konnetic.Sip.UnitTests/bin/Debug/Konnetic.Sip.UnitTests.DLL" adapterTypeName="Microsoft.VisualStudio.TestTools.TestTypes.Unit.UnitTestAdapter, Microsoft.VisualStudio.QualityTools.Tips.UnitTest.Adapter" className="Konnetic.Sip.UnitTests.SipUriBuilderAdapter, Konnetic.Sip.UnitTests, Version=1.0.3676.32754, Culture=neutral, PublicKeyToken=null" name="UserNameTest3" expectedException="System.ArgumentNullException, mscorlib, Version=2.0.0.0, Culture=neutral, PublicKeyToken=b77a5c561934e089" />
    </UnitTest>
    <UnitTest name="BranchTest" storage="konnetic.sip.unittests.dll" id="6de686f4-499f-e538-e68f-e3c77c6c3da5">
      <Css projectStructure="" iteration="" />
      <Owners>
        <Owner name="" />
      </Owners>
      <Execution id="26e0b522-f2d1-43eb-9a8d-62e9a664fc4a" />
      <TestMethod codeBase="D:/Business/Development/Konnetic/UnifySipApi/Production/Src/Konnetic Unify SIP API/Konnetic.Sip.UnitTests/bin/Debug/Konnetic.Sip.UnitTests.DLL" adapterTypeName="Microsoft.VisualStudio.TestTools.TestTypes.Unit.UnitTestAdapter, Microsoft.VisualStudio.QualityTools.Tips.UnitTest.Adapter" className="Konnetic.Sip.UnitTests.ViaHeaderFieldAdapter, Konnetic.Sip.UnitTests, Version=1.0.3676.32754, Culture=neutral, PublicKeyToken=null" name="BranchTest" />
    </UnitTest>
    <UnitTest name="CloneTest" storage="konnetic.sip.unittests.dll" id="5bbf9f2c-014e-1915-935a-830815ccb107">
      <Css projectStructure="" iteration="" />
      <Owners>
        <Owner name="" />
      </Owners>
      <Execution id="a5b2e376-71a1-48e0-8492-1c6e36063c62" />
      <TestMethod codeBase="D:/Business/Development/Konnetic/UnifySipApi/Production/Src/Konnetic Unify SIP API/Konnetic.Sip.UnitTests/bin/Debug/Konnetic.Sip.UnitTests.DLL" adapterTypeName="Microsoft.VisualStudio.TestTools.TestTypes.Unit.UnitTestAdapter, Microsoft.VisualStudio.QualityTools.Tips.UnitTest.Adapter" className="Konnetic.Sip.UnitTests.AcceptLanguageHeaderFieldAdapter, Konnetic.Sip.UnitTests, Version=1.0.3676.32754, Culture=neutral, PublicKeyToken=null" name="CloneTest" />
    </UnitTest>
    <UnitTest name="CodingParameterTest" storage="konnetic.sip.unittests.dll" id="97ab1c4a-2084-b960-c074-b28a3ef278db">
      <Css projectStructure="" iteration="" />
      <Owners>
        <Owner name="" />
      </Owners>
      <Execution id="d83f2c00-6a97-4782-bfdc-4b2c8a994b56" />
      <TestMethod codeBase="D:/Business/Development/Konnetic/UnifySipApi/Production/Src/Konnetic Unify SIP API/Konnetic.Sip.UnitTests/bin/Debug/Konnetic.Sip.UnitTests.DLL" adapterTypeName="Microsoft.VisualStudio.TestTools.TestTypes.Unit.UnitTestAdapter, Microsoft.VisualStudio.QualityTools.Tips.UnitTest.Adapter" className="Konnetic.Sip.UnitTests.AcceptEncodingHeaderFieldAdapter, Konnetic.Sip.UnitTests, Version=1.0.3676.32754, Culture=neutral, PublicKeyToken=null" name="CodingParameterTest" />
    </UnitTest>
    <UnitTest name="ContainsTest" storage="konnetic.sip.unittests.dll" id="61311b76-2951-119f-c76b-24008781f5b1">
      <Css projectStructure="" iteration="" />
      <Owners>
        <Owner name="" />
      </Owners>
      <Execution id="57b51395-3692-41b8-a7e4-cc3889ef77ff" />
      <TestMethod codeBase="D:/Business/Development/Konnetic/UnifySipApi/Production/Src/Konnetic Unify SIP API/Konnetic.Sip.UnitTests/bin/Debug/Konnetic.Sip.UnitTests.DLL" adapterTypeName="Microsoft.VisualStudio.TestTools.TestTypes.Unit.UnitTestAdapter, Microsoft.VisualStudio.QualityTools.Tips.UnitTest.Adapter" className="Konnetic.Sip.UnitTests.HeaderFieldCollectionAdapter, Konnetic.Sip.UnitTests, Version=1.0.3676.32754, Culture=neutral, PublicKeyToken=null" name="ContainsTest" />
    </UnitTest>
    <UnitTest name="IsValidTest" storage="konnetic.sip.unittests.dll" id="7a89a995-febf-4228-b231-81beac4b1a82">
      <Css projectStructure="" iteration="" />
      <Owners>
        <Owner name="" />
      </Owners>
      <Execution id="09bd320b-cc71-405f-afac-7c57651bae68" />
      <TestMethod codeBase="D:/Business/Development/Konnetic/UnifySipApi/Production/Src/Konnetic Unify SIP API/Konnetic.Sip.UnitTests/bin/Debug/Konnetic.Sip.UnitTests.DLL" adapterTypeName="Microsoft.VisualStudio.TestTools.TestTypes.Unit.UnitTestAdapter, Microsoft.VisualStudio.QualityTools.Tips.UnitTest.Adapter" className="Konnetic.Sip.UnitTests.ContentLengthHeaderFieldAdapter, Konnetic.Sip.UnitTests, Version=1.0.3676.32754, Culture=neutral, PublicKeyToken=null" name="IsValidTest" />
    </UnitTest>
    <UnitTest name="op_ExplicitTest" storage="konnetic.sip.unittests.dll" id="133c2409-2ac8-7dd8-dc7d-02ea9f3e0e34">
      <Css projectStructure="" iteration="" />
      <Owners>
        <Owner name="" />
      </Owners>
      <Execution id="b44bf2ab-7040-47ac-a151-7e4b73285ab1" />
      <TestMethod codeBase="D:/Business/Development/Konnetic/UnifySipApi/Production/Src/Konnetic Unify SIP API/Konnetic.Sip.UnitTests/bin/Debug/Konnetic.Sip.UnitTests.DLL" adapterTypeName="Microsoft.VisualStudio.TestTools.TestTypes.Unit.UnitTestAdapter, Microsoft.VisualStudio.QualityTools.Tips.UnitTest.Adapter" className="Konnetic.Sip.UnitTests.AuthenticationInfoHeaderFieldAdapter, Konnetic.Sip.UnitTests, Version=1.0.3676.32754, Culture=neutral, PublicKeyToken=null" name="op_ExplicitTest" />
    </UnitTest>
    <UnitTest name="InReplyToHeaderFieldConstructorTest1" storage="konnetic.sip.unittests.dll" id="55b6e5be-ea09-a222-e73a-ba91e368a1ea">
      <Css projectStructure="" iteration="" />
      <Owners>
        <Owner name="" />
      </Owners>
      <Execution id="0b4e27ae-b8ba-46d1-a560-1c94da53029e" />
      <TestMethod codeBase="D:/Business/Development/Konnetic/UnifySipApi/Production/Src/Konnetic Unify SIP API/Konnetic.Sip.UnitTests/bin/Debug/Konnetic.Sip.UnitTests.DLL" adapterTypeName="Microsoft.VisualStudio.TestTools.TestTypes.Unit.UnitTestAdapter, Microsoft.VisualStudio.QualityTools.Tips.UnitTest.Adapter" className="Konnetic.Sip.UnitTests.InReplyToHeaderFieldAdapter, Konnetic.Sip.UnitTests, Version=1.0.3676.32754, Culture=neutral, PublicKeyToken=null" name="InReplyToHeaderFieldConstructorTest1" />
    </UnitTest>
    <UnitTest name="PriorityHeaderFieldConstructorTest" storage="konnetic.sip.unittests.dll" id="2474a6fa-4a3e-fff1-f866-95614deda3e7">
      <Css projectStructure="" iteration="" />
      <Owners>
        <Owner name="" />
      </Owners>
      <Execution id="cbd6fad5-d7f5-40a6-b477-4351b9d0c0fc" />
      <TestMethod codeBase="D:/Business/Development/Konnetic/UnifySipApi/Production/Src/Konnetic Unify SIP API/Konnetic.Sip.UnitTests/bin/Debug/Konnetic.Sip.UnitTests.DLL" adapterTypeName="Microsoft.VisualStudio.TestTools.TestTypes.Unit.UnitTestAdapter, Microsoft.VisualStudio.QualityTools.Tips.UnitTest.Adapter" className="Konnetic.Sip.UnitTests.PriorityHeaderFieldAdapter, Konnetic.Sip.UnitTests, Version=1.0.3676.32754, Culture=neutral, PublicKeyToken=null" name="PriorityHeaderFieldConstructorTest" />
    </UnitTest>
    <UnitTest name="ReplyToHeaderFieldConstructorTest1" storage="konnetic.sip.unittests.dll" id="93a1c870-b620-1a0a-e358-7cfab6ae8d2a">
      <Css projectStructure="" iteration="" />
      <Owners>
        <Owner name="" />
      </Owners>
      <Execution id="1c2fc99d-7359-4dc9-9a2b-3fdab82090b4" />
      <TestMethod codeBase="D:/Business/Development/Konnetic/UnifySipApi/Production/Src/Konnetic Unify SIP API/Konnetic.Sip.UnitTests/bin/Debug/Konnetic.Sip.UnitTests.DLL" adapterTypeName="Microsoft.VisualStudio.TestTools.TestTypes.Unit.UnitTestAdapter, Microsoft.VisualStudio.QualityTools.Tips.UnitTest.Adapter" className="Konnetic.Sip.UnitTests.ReplyToHeaderFieldAdapter, Konnetic.Sip.UnitTests, Version=1.0.3676.32754, Culture=neutral, PublicKeyToken=null" name="ReplyToHeaderFieldConstructorTest1" />
    </UnitTest>
    <UnitTest name="TimeToLiveTest2" storage="konnetic.sip.unittests.dll" id="cbbaa707-002e-74c8-991c-2405ab20821e">
      <Css projectStructure="" iteration="" />
      <Owners>
        <Owner name="" />
      </Owners>
      <Execution id="ef7796c2-ade8-4b6b-8659-9d6657e15e28" />
      <TestMethod codeBase="D:/Business/Development/Konnetic/UnifySipApi/Production/Src/Konnetic Unify SIP API/Konnetic.Sip.UnitTests/bin/Debug/Konnetic.Sip.UnitTests.DLL" adapterTypeName="Microsoft.VisualStudio.TestTools.TestTypes.Unit.UnitTestAdapter, Microsoft.VisualStudio.QualityTools.Tips.UnitTest.Adapter" className="Konnetic.Sip.UnitTests.SipUriAdapter, Konnetic.Sip.UnitTests, Version=1.0.3676.32754, Culture=neutral, PublicKeyToken=null" name="TimeToLiveTest2" expectedException="Konnetic.Sip.SipOutOfRangeException, Konnetic.Sip, Version=1.0.3676.32752, Culture=neutral, PublicKeyToken=null" />
    </UnitTest>
    <UnitTest name="TransportTest" storage="konnetic.sip.unittests.dll" id="97ed1f68-1569-227d-b576-c51950c034ba">
      <Css projectStructure="" iteration="" />
      <Owners>
        <Owner name="" />
      </Owners>
      <Execution id="fc980a53-732c-4c5f-906b-1b5ddde6b25e" />
      <TestMethod codeBase="D:/Business/Development/Konnetic/UnifySipApi/Production/Src/Konnetic Unify SIP API/Konnetic.Sip.UnitTests/bin/Debug/Konnetic.Sip.UnitTests.DLL" adapterTypeName="Microsoft.VisualStudio.TestTools.TestTypes.Unit.UnitTestAdapter, Microsoft.VisualStudio.QualityTools.Tips.UnitTest.Adapter" className="Konnetic.Sip.UnitTests.ViaHeaderFieldAdapter, Konnetic.Sip.UnitTests, Version=1.0.3676.32754, Culture=neutral, PublicKeyToken=null" name="TransportTest" />
    </UnitTest>
    <UnitTest name="CSeqHeaderFieldConstructorTest" storage="konnetic.sip.unittests.dll" id="d35deb84-0f4d-903b-6b22-c3e0e1eb4d8f">
      <Css projectStructure="" iteration="" />
      <Owners>
        <Owner name="" />
      </Owners>
      <Execution id="3bf8d269-96a2-4eff-9326-89bcc6e6ffbe" />
      <TestMethod codeBase="D:/Business/Development/Konnetic/UnifySipApi/Production/Src/Konnetic Unify SIP API/Konnetic.Sip.UnitTests/bin/Debug/Konnetic.Sip.UnitTests.DLL" adapterTypeName="Microsoft.VisualStudio.TestTools.TestTypes.Unit.UnitTestAdapter, Microsoft.VisualStudio.QualityTools.Tips.UnitTest.Adapter" className="Konnetic.Sip.UnitTests.CSeqHeaderFieldAdapter, Konnetic.Sip.UnitTests, Version=1.0.3676.32754, Culture=neutral, PublicKeyToken=null" name="CSeqHeaderFieldConstructorTest" />
    </UnitTest>
    <UnitTest name="SecondsTest3" storage="konnetic.sip.unittests.dll" id="6c9c10a3-3a25-b4d2-8cae-06d13c41a5c9">
      <Css projectStructure="" iteration="" />
      <Owners>
        <Owner name="" />
      </Owners>
      <Execution id="c10bce19-57c4-41b8-b8ac-231c50f345cc" />
      <TestMethod codeBase="D:/Business/Development/Konnetic/UnifySipApi/Production/Src/Konnetic Unify SIP API/Konnetic.Sip.UnitTests/bin/Debug/Konnetic.Sip.UnitTests.DLL" adapterTypeName="Microsoft.VisualStudio.TestTools.TestTypes.Unit.UnitTestAdapter, Microsoft.VisualStudio.QualityTools.Tips.UnitTest.Adapter" className="Konnetic.Sip.UnitTests.ExpiresHeaderFieldAdapter, Konnetic.Sip.UnitTests, Version=1.0.3676.32754, Culture=neutral, PublicKeyToken=null" name="SecondsTest3" expectedException="Konnetic.Sip.SipOutOfRangeException, Konnetic.Sip, Version=1.0.3676.32752, Culture=neutral, PublicKeyToken=null" />
    </UnitTest>
    <UnitTest name="RouteHeaderFieldConstructorTest2" storage="konnetic.sip.unittests.dll" id="83be2f92-3700-afd1-9eb4-39fa21129b38">
      <Css projectStructure="" iteration="" />
      <Owners>
        <Owner name="" />
      </Owners>
      <Execution id="2ddf4225-ab1a-42e3-be37-888161683e92" />
      <TestMethod codeBase="D:/Business/Development/Konnetic/UnifySipApi/Production/Src/Konnetic Unify SIP API/Konnetic.Sip.UnitTests/bin/Debug/Konnetic.Sip.UnitTests.DLL" adapterTypeName="Microsoft.VisualStudio.TestTools.TestTypes.Unit.UnitTestAdapter, Microsoft.VisualStudio.QualityTools.Tips.UnitTest.Adapter" className="Konnetic.Sip.UnitTests.RouteHeaderFieldAdapter, Konnetic.Sip.UnitTests, Version=1.0.3676.32754, Culture=neutral, PublicKeyToken=null" name="RouteHeaderFieldConstructorTest2" />
    </UnitTest>
    <UnitTest name="ContentLengthHeaderFieldConstructorTest" storage="konnetic.sip.unittests.dll" id="2d5af9c7-a7df-0db2-a34a-cf466f002a23">
      <Css projectStructure="" iteration="" />
      <Owners>
        <Owner name="" />
      </Owners>
      <Execution id="47bef634-f239-482c-ab07-6e679050c00e" />
      <TestMethod codeBase="D:/Business/Development/Konnetic/UnifySipApi/Production/Src/Konnetic Unify SIP API/Konnetic.Sip.UnitTests/bin/Debug/Konnetic.Sip.UnitTests.DLL" adapterTypeName="Microsoft.VisualStudio.TestTools.TestTypes.Unit.UnitTestAdapter, Microsoft.VisualStudio.QualityTools.Tips.UnitTest.Adapter" className="Konnetic.Sip.UnitTests.ContentLengthHeaderFieldAdapter, Konnetic.Sip.UnitTests, Version=1.0.3676.32754, Culture=neutral, PublicKeyToken=null" name="ContentLengthHeaderFieldConstructorTest" />
    </UnitTest>
    <UnitTest name="IsValidTest" storage="konnetic.sip.unittests.dll" id="466fbb9f-8656-473b-1e0f-79e449edfc51">
      <Css projectStructure="" iteration="" />
      <Owners>
        <Owner name="" />
      </Owners>
      <Execution id="50b2b62c-b7cc-48c8-8f02-b969e91c56cf" />
      <TestMethod codeBase="D:/Business/Development/Konnetic/UnifySipApi/Production/Src/Konnetic Unify SIP API/Konnetic.Sip.UnitTests/bin/Debug/Konnetic.Sip.UnitTests.DLL" adapterTypeName="Microsoft.VisualStudio.TestTools.TestTypes.Unit.UnitTestAdapter, Microsoft.VisualStudio.QualityTools.Tips.UnitTest.Adapter" className="Konnetic.Sip.UnitTests.PriorityHeaderFieldAdapter, Konnetic.Sip.UnitTests, Version=1.0.3676.32754, Culture=neutral, PublicKeyToken=null" name="IsValidTest" />
    </UnitTest>
    <UnitTest name="ItemTest2b" storage="konnetic.sip.unittests.dll" id="87433f91-298c-de7f-7fd7-ed4627dd4e26">
      <Css projectStructure="" iteration="" />
      <Owners>
        <Owner name="" />
      </Owners>
      <Execution id="2c201da3-2336-431a-ad48-11b0c33e26d9" />
      <TestMethod codeBase="D:/Business/Development/Konnetic/UnifySipApi/Production/Src/Konnetic Unify SIP API/Konnetic.Sip.UnitTests/bin/Debug/Konnetic.Sip.UnitTests.DLL" adapterTypeName="Microsoft.VisualStudio.TestTools.TestTypes.Unit.UnitTestAdapter, Microsoft.VisualStudio.QualityTools.Tips.UnitTest.Adapter" className="Konnetic.Sip.UnitTests.HeaderFieldCollectionAdapter, Konnetic.Sip.UnitTests, Version=1.0.3676.32754, Culture=neutral, PublicKeyToken=null" name="ItemTest2b" expectedException="System.ArgumentException, mscorlib, Version=2.0.0.0, Culture=neutral, PublicKeyToken=b77a5c561934e089" />
    </UnitTest>
    <UnitTest name="EqualsTest" storage="konnetic.sip.unittests.dll" id="8a0af2ff-7120-092f-49d6-72604c68a308">
      <Css projectStructure="" iteration="" />
      <Owners>
        <Owner name="" />
      </Owners>
      <Execution id="fe92db57-4f1f-4e87-9f75-909e21a19e27" />
      <TestMethod codeBase="D:/Business/Development/Konnetic/UnifySipApi/Production/Src/Konnetic Unify SIP API/Konnetic.Sip.UnitTests/bin/Debug/Konnetic.Sip.UnitTests.DLL" adapterTypeName="Microsoft.VisualStudio.TestTools.TestTypes.Unit.UnitTestAdapter, Microsoft.VisualStudio.QualityTools.Tips.UnitTest.Adapter" className="Konnetic.Sip.UnitTests.SecurityHeaderFieldAdapter, Konnetic.Sip.UnitTests, Version=1.0.3676.32754, Culture=neutral, PublicKeyToken=null" name="EqualsTest" />
    </UnitTest>
    <UnitTest name="EqualsTest" storage="konnetic.sip.unittests.dll" id="759d86c4-bc95-184f-a175-6840fbef8648">
      <Css projectStructure="" iteration="" />
      <Owners>
        <Owner name="" />
      </Owners>
      <Execution id="3f3533af-d92d-4c7a-98c2-e6ba377182a3" />
      <TestMethod codeBase="D:/Business/Development/Konnetic/UnifySipApi/Production/Src/Konnetic Unify SIP API/Konnetic.Sip.UnitTests/bin/Debug/Konnetic.Sip.UnitTests.DLL" adapterTypeName="Microsoft.VisualStudio.TestTools.TestTypes.Unit.UnitTestAdapter, Microsoft.VisualStudio.QualityTools.Tips.UnitTest.Adapter" className="Konnetic.Sip.UnitTests.AlertInfoHeaderFieldAdapter, Konnetic.Sip.UnitTests, Version=1.0.3676.32754, Culture=neutral, PublicKeyToken=null" name="EqualsTest" />
    </UnitTest>
    <UnitTest name="ValidTest" storage="konnetic.sip.unittests.dll" id="e2970103-1ef2-656f-32f1-c542caea11a1">
      <Css projectStructure="" iteration="" />
      <Owners>
        <Owner name="" />
      </Owners>
      <Execution id="42c58574-218f-4516-91dc-e44fe7877e07" />
      <TestMethod codeBase="D:/Business/Development/Konnetic/UnifySipApi/Production/Src/Konnetic Unify SIP API/Konnetic.Sip.UnitTests/bin/Debug/Konnetic.Sip.UnitTests.DLL" adapterTypeName="Microsoft.VisualStudio.TestTools.TestTypes.Unit.UnitTestAdapter, Microsoft.VisualStudio.QualityTools.Tips.UnitTest.Adapter" className="Konnetic.Sip.UnitTests.ToHeaderFieldAdapter, Konnetic.Sip.UnitTests, Version=1.0.3676.32754, Culture=neutral, PublicKeyToken=null" name="ValidTest" />
    </UnitTest>
    <UnitTest name="CloneTest" storage="konnetic.sip.unittests.dll" id="e3872c75-1d55-f87d-592c-75a56c065b6b">
      <Css projectStructure="" iteration="" />
      <Owners>
        <Owner name="" />
      </Owners>
      <Execution id="d4a9161f-a01c-4edc-9582-292d3a9ee90a" />
      <TestMethod codeBase="D:/Business/Development/Konnetic/UnifySipApi/Production/Src/Konnetic Unify SIP API/Konnetic.Sip.UnitTests/bin/Debug/Konnetic.Sip.UnitTests.DLL" adapterTypeName="Microsoft.VisualStudio.TestTools.TestTypes.Unit.UnitTestAdapter, Microsoft.VisualStudio.QualityTools.Tips.UnitTest.Adapter" className="Konnetic.Sip.UnitTests.ProxyRequireHeaderFieldAdapter, Konnetic.Sip.UnitTests, Version=1.0.3676.32754, Culture=neutral, PublicKeyToken=null" name="CloneTest" />
    </UnitTest>
    <UnitTest name="ParseTest" storage="konnetic.sip.unittests.dll" id="63aa3800-f12c-3b0f-3a15-e533b7836e13">
      <Css projectStructure="" iteration="" />
      <Owners>
        <Owner name="" />
      </Owners>
      <Execution id="8a57ef7b-d55e-4c8c-8f19-f3c2e6f4e2f9" />
      <TestMethod codeBase="D:/Business/Development/Konnetic/UnifySipApi/Production/Src/Konnetic Unify SIP API/Konnetic.Sip.UnitTests/bin/Debug/Konnetic.Sip.UnitTests.DLL" adapterTypeName="Microsoft.VisualStudio.TestTools.TestTypes.Unit.UnitTestAdapter, Microsoft.VisualStudio.QualityTools.Tips.UnitTest.Adapter" className="Konnetic.Sip.UnitTests.UnsupportedHeaderFieldAdapter, Konnetic.Sip.UnitTests, Version=1.0.3676.32754, Culture=neutral, PublicKeyToken=null" name="ParseTest" />
    </UnitTest>
    <UnitTest name="EqualsTest" storage="konnetic.sip.unittests.dll" id="c4c62807-9df3-a9d8-2b11-8b38d83caf7f">
      <Css projectStructure="" iteration="" />
      <Owners>
        <Owner name="" />
      </Owners>
      <Execution id="53b4065d-3ac6-4aa5-b9ee-ea74683f8733" />
      <TestMethod codeBase="D:/Business/Development/Konnetic/UnifySipApi/Production/Src/Konnetic Unify SIP API/Konnetic.Sip.UnitTests/bin/Debug/Konnetic.Sip.UnitTests.DLL" adapterTypeName="Microsoft.VisualStudio.TestTools.TestTypes.Unit.UnitTestAdapter, Microsoft.VisualStudio.QualityTools.Tips.UnitTest.Adapter" className="Konnetic.Sip.UnitTests.ContactHeaderFieldAdapter, Konnetic.Sip.UnitTests, Version=1.0.3676.32754, Culture=neutral, PublicKeyToken=null" name="EqualsTest" />
    </UnitTest>
    <UnitTest name="ToHeaderFieldConstructorTest" storage="konnetic.sip.unittests.dll" id="e784b817-eddd-110b-1b00-8831c88ac249">
      <Css projectStructure="" iteration="" />
      <Owners>
        <Owner name="" />
      </Owners>
      <Execution id="5448d557-3256-4cd2-8a26-9e8c81539822" />
      <TestMethod codeBase="D:/Business/Development/Konnetic/UnifySipApi/Production/Src/Konnetic Unify SIP API/Konnetic.Sip.UnitTests/bin/Debug/Konnetic.Sip.UnitTests.DLL" adapterTypeName="Microsoft.VisualStudio.TestTools.TestTypes.Unit.UnitTestAdapter, Microsoft.VisualStudio.QualityTools.Tips.UnitTest.Adapter" className="Konnetic.Sip.UnitTests.ToHeaderFieldAdapter, Konnetic.Sip.UnitTests, Version=1.0.3676.32754, Culture=neutral, PublicKeyToken=null" name="ToHeaderFieldConstructorTest" />
    </UnitTest>
    <UnitTest name="InviteConstructorTest2" storage="konnetic.sip.unittests.dll" id="d67fc62c-febd-6e81-5d4d-a1999162d171">
      <Css projectStructure="" iteration="" />
      <Owners>
        <Owner name="" />
      </Owners>
      <Execution id="78e8c547-af94-4120-9397-9d5844f13ea4" />
      <TestMethod codeBase="D:/Business/Development/Konnetic/UnifySipApi/Production/Src/Konnetic Unify SIP API/Konnetic.Sip.UnitTests/bin/Debug/Konnetic.Sip.UnitTests.DLL" adapterTypeName="Microsoft.VisualStudio.TestTools.TestTypes.Unit.UnitTestAdapter, Microsoft.VisualStudio.QualityTools.Tips.UnitTest.Adapter" className="Konnetic.Sip.UnitTests.InviteAdapter, Konnetic.Sip.UnitTests, Version=1.0.3676.32754, Culture=neutral, PublicKeyToken=null" name="InviteConstructorTest2" />
    </UnitTest>
    <UnitTest name="AddHeaderTest1" storage="konnetic.sip.unittests.dll" id="627e898b-3f51-5815-be77-e43db4fdb009">
      <Css projectStructure="" iteration="" />
      <Owners>
        <Owner name="" />
      </Owners>
      <DeploymentItems>
        <DeploymentItem filename="Konnetic.Sip.dll" />
      </DeploymentItems>
      <Execution id="701ffdfe-1c81-448b-a800-65bf7120c039" />
      <TestMethod codeBase="D:/Business/Development/Konnetic/UnifySipApi/Production/Src/Konnetic Unify SIP API/Konnetic.Sip.UnitTests/bin/Debug/Konnetic.Sip.UnitTests.DLL" adapterTypeName="Microsoft.VisualStudio.TestTools.TestTypes.Unit.UnitTestAdapter, Microsoft.VisualStudio.QualityTools.Tips.UnitTest.Adapter" className="Konnetic.Sip.UnitTests.InviteAdapter, Konnetic.Sip.UnitTests, Version=1.0.3676.32754, Culture=neutral, PublicKeyToken=null" name="AddHeaderTest1" />
    </UnitTest>
    <UnitTest name="op_ExplicitTest" storage="konnetic.sip.unittests.dll" id="58d72461-31d0-43f1-b96e-1f2eda0aa740">
      <Css projectStructure="" iteration="" />
      <Owners>
        <Owner name="" />
      </Owners>
      <Execution id="a15fe8e8-8984-41cc-987a-aff14ff618f5" />
      <TestMethod codeBase="D:/Business/Development/Konnetic/UnifySipApi/Production/Src/Konnetic Unify SIP API/Konnetic.Sip.UnitTests/bin/Debug/Konnetic.Sip.UnitTests.DLL" adapterTypeName="Microsoft.VisualStudio.TestTools.TestTypes.Unit.UnitTestAdapter, Microsoft.VisualStudio.QualityTools.Tips.UnitTest.Adapter" className="Konnetic.Sip.UnitTests.RequestLineHeaderFieldAdapter, Konnetic.Sip.UnitTests, Version=1.0.3676.32754, Culture=neutral, PublicKeyToken=null" name="op_ExplicitTest" />
    </UnitTest>
    <UnitTest name="ParseTest" storage="konnetic.sip.unittests.dll" id="698cdce9-402f-d47b-749d-731207071545">
      <Css projectStructure="" iteration="" />
      <Owners>
        <Owner name="" />
      </Owners>
      <Execution id="dcbf0e42-2d9a-44b0-b3ac-f830a5c67a41" />
      <TestMethod codeBase="D:/Business/Development/Konnetic/UnifySipApi/Production/Src/Konnetic Unify SIP API/Konnetic.Sip.UnitTests/bin/Debug/Konnetic.Sip.UnitTests.DLL" adapterTypeName="Microsoft.VisualStudio.TestTools.TestTypes.Unit.UnitTestAdapter, Microsoft.VisualStudio.QualityTools.Tips.UnitTest.Adapter" className="Konnetic.Sip.UnitTests.ExpiresHeaderFieldAdapter, Konnetic.Sip.UnitTests, Version=1.0.3676.32754, Culture=neutral, PublicKeyToken=null" name="ParseTest" />
    </UnitTest>
    <UnitTest name="TransportTest1" storage="konnetic.sip.unittests.dll" id="637804f3-090e-169e-ab4f-260cfe1e2244">
      <Css projectStructure="" iteration="" />
      <Owners>
        <Owner name="" />
      </Owners>
      <Execution id="bb393df7-9029-4c63-99ae-76560aa9adfa" />
      <TestMethod codeBase="D:/Business/Development/Konnetic/UnifySipApi/Production/Src/Konnetic Unify SIP API/Konnetic.Sip.UnitTests/bin/Debug/Konnetic.Sip.UnitTests.DLL" adapterTypeName="Microsoft.VisualStudio.TestTools.TestTypes.Unit.UnitTestAdapter, Microsoft.VisualStudio.QualityTools.Tips.UnitTest.Adapter" className="Konnetic.Sip.UnitTests.SipUriAdapter, Konnetic.Sip.UnitTests, Version=1.0.3676.32754, Culture=neutral, PublicKeyToken=null" name="TransportTest1" expectedException="Konnetic.Sip.SipUriFormatException, Konnetic.Sip, Version=1.0.3676.32752, Culture=neutral, PublicKeyToken=null" />
    </UnitTest>
    <UnitTest name="ParseTest" storage="konnetic.sip.unittests.dll" id="03ea1ece-8b1a-3360-9e98-40c4a8c67db9">
      <Css projectStructure="" iteration="" />
      <Owners>
        <Owner name="" />
      </Owners>
      <Execution id="d72904a3-7381-49fd-a011-399e16af48bb" />
      <TestMethod codeBase="D:/Business/Development/Konnetic/UnifySipApi/Production/Src/Konnetic Unify SIP API/Konnetic.Sip.UnitTests/bin/Debug/Konnetic.Sip.UnitTests.DLL" adapterTypeName="Microsoft.VisualStudio.TestTools.TestTypes.Unit.UnitTestAdapter, Microsoft.VisualStudio.QualityTools.Tips.UnitTest.Adapter" className="Konnetic.Sip.UnitTests.ContentDispositionHeaderFieldAdapter, Konnetic.Sip.UnitTests, Version=1.0.3676.32754, Culture=neutral, PublicKeyToken=null" name="ParseTest" />
    </UnitTest>
    <UnitTest name="MediaSubTypeTest1" storage="konnetic.sip.unittests.dll" id="0fc37452-6dc5-7d14-c450-ba88f1f37aaa">
      <Css projectStructure="" iteration="" />
      <Owners>
        <Owner name="" />
      </Owners>
      <Execution id="973c12cb-3c77-43c1-b0ea-8487d765f68c" />
      <TestMethod codeBase="D:/Business/Development/Konnetic/UnifySipApi/Production/Src/Konnetic Unify SIP API/Konnetic.Sip.UnitTests/bin/Debug/Konnetic.Sip.UnitTests.DLL" adapterTypeName="Microsoft.VisualStudio.TestTools.TestTypes.Unit.UnitTestAdapter, Microsoft.VisualStudio.QualityTools.Tips.UnitTest.Adapter" className="Konnetic.Sip.UnitTests.AcceptHeaderFieldAdapter, Konnetic.Sip.UnitTests, Version=1.0.3676.32754, Culture=neutral, PublicKeyToken=null" name="MediaSubTypeTest1" expectedException="System.ArgumentNullException, mscorlib, Version=2.0.0.0, Culture=neutral, PublicKeyToken=b77a5c561934e089" />
    </UnitTest>
    <UnitTest name="EqualsTest" storage="konnetic.sip.unittests.dll" id="b2a3ce30-4e5f-1457-98b5-3ed8beb22122">
      <Css projectStructure="" iteration="" />
      <Owners>
        <Owner name="" />
      </Owners>
      <Execution id="affac40e-b31a-428c-a934-c565d9c8a2bf" />
      <TestMethod codeBase="D:/Business/Development/Konnetic/UnifySipApi/Production/Src/Konnetic Unify SIP API/Konnetic.Sip.UnitTests/bin/Debug/Konnetic.Sip.UnitTests.DLL" adapterTypeName="Microsoft.VisualStudio.TestTools.TestTypes.Unit.UnitTestAdapter, Microsoft.VisualStudio.QualityTools.Tips.UnitTest.Adapter" className="Konnetic.Sip.UnitTests.OptionHeaderFieldAdapter, Konnetic.Sip.UnitTests, Version=1.0.3676.32754, Culture=neutral, PublicKeyToken=null" name="EqualsTest" />
    </UnitTest>
    <UnitTest name="EqualsTest2" storage="konnetic.sip.unittests.dll" id="ab50aa7e-1be4-3eb6-ddb8-2e75f25a2e97">
      <Css projectStructure="" iteration="" />
      <Owners>
        <Owner name="" />
      </Owners>
      <Execution id="fccc8de5-cea4-4460-ba56-ca5b59e709dd" />
      <TestMethod codeBase="D:/Business/Development/Konnetic/UnifySipApi/Production/Src/Konnetic Unify SIP API/Konnetic.Sip.UnitTests/bin/Debug/Konnetic.Sip.UnitTests.DLL" adapterTypeName="Microsoft.VisualStudio.TestTools.TestTypes.Unit.UnitTestAdapter, Microsoft.VisualStudio.QualityTools.Tips.UnitTest.Adapter" className="Konnetic.Sip.UnitTests.ServerHeaderFieldAdapter, Konnetic.Sip.UnitTests, Version=1.0.3676.32754, Culture=neutral, PublicKeyToken=null" name="EqualsTest2" />
    </UnitTest>
    <UnitTest name="FromHeaderFieldConstructorTest1" storage="konnetic.sip.unittests.dll" id="b757a0cc-c5e9-b68b-af8b-9c9af9996115">
      <Css projectStructure="" iteration="" />
      <Owners>
        <Owner name="" />
      </Owners>
      <Execution id="171bb05d-4d04-46cd-b751-f757159845f3" />
      <TestMethod codeBase="D:/Business/Development/Konnetic/UnifySipApi/Production/Src/Konnetic Unify SIP API/Konnetic.Sip.UnitTests/bin/Debug/Konnetic.Sip.UnitTests.DLL" adapterTypeName="Microsoft.VisualStudio.TestTools.TestTypes.Unit.UnitTestAdapter, Microsoft.VisualStudio.QualityTools.Tips.UnitTest.Adapter" className="Konnetic.Sip.UnitTests.FromHeaderFieldAdapter, Konnetic.Sip.UnitTests, Version=1.0.3676.32754, Culture=neutral, PublicKeyToken=null" name="FromHeaderFieldConstructorTest1" />
    </UnitTest>
    <UnitTest name="ReasonPhraseTest" storage="konnetic.sip.unittests.dll" id="b9bc1142-1edd-c1b5-813a-ac4bd495e02a">
      <Css projectStructure="" iteration="" />
      <Owners>
        <Owner name="" />
      </Owners>
      <Execution id="9d504688-13d7-4787-bfa2-c5a8720755fa" />
      <TestMethod codeBase="D:/Business/Development/Konnetic/UnifySipApi/Production/Src/Konnetic Unify SIP API/Konnetic.Sip.UnitTests/bin/Debug/Konnetic.Sip.UnitTests.DLL" adapterTypeName="Microsoft.VisualStudio.TestTools.TestTypes.Unit.UnitTestAdapter, Microsoft.VisualStudio.QualityTools.Tips.UnitTest.Adapter" className="Konnetic.Sip.UnitTests.StatusLineHeaderFieldAdapter, Konnetic.Sip.UnitTests, Version=1.0.3676.32754, Culture=neutral, PublicKeyToken=null" name="ReasonPhraseTest" />
    </UnitTest>
    <UnitTest name="SequenceTest" storage="konnetic.sip.unittests.dll" id="f900d04a-d129-0db5-09c0-6ef7ee8f768c">
      <Css projectStructure="" iteration="" />
      <Owners>
        <Owner name="" />
      </Owners>
      <Execution id="5c6b2aef-6d7e-449d-be16-a753e61dc322" />
      <TestMethod codeBase="D:/Business/Development/Konnetic/UnifySipApi/Production/Src/Konnetic Unify SIP API/Konnetic.Sip.UnitTests/bin/Debug/Konnetic.Sip.UnitTests.DLL" adapterTypeName="Microsoft.VisualStudio.TestTools.TestTypes.Unit.UnitTestAdapter, Microsoft.VisualStudio.QualityTools.Tips.UnitTest.Adapter" className="Konnetic.Sip.UnitTests.CSeqHeaderFieldAdapter, Konnetic.Sip.UnitTests, Version=1.0.3676.32754, Culture=neutral, PublicKeyToken=null" name="SequenceTest" />
    </UnitTest>
    <UnitTest name="MediaSubTypeParameterTest" storage="konnetic.sip.unittests.dll" id="975f16c2-108e-7509-2def-7a29e1cfb65b">
      <Css projectStructure="" iteration="" />
      <Owners>
        <Owner name="" />
      </Owners>
      <Execution id="859f7cba-eb02-4411-bd14-2e20edb67612" />
      <TestMethod codeBase="D:/Business/Development/Konnetic/UnifySipApi/Production/Src/Konnetic Unify SIP API/Konnetic.Sip.UnitTests/bin/Debug/Konnetic.Sip.UnitTests.DLL" adapterTypeName="Microsoft.VisualStudio.TestTools.TestTypes.Unit.UnitTestAdapter, Microsoft.VisualStudio.QualityTools.Tips.UnitTest.Adapter" className="Konnetic.Sip.UnitTests.AcceptHeaderFieldAdapter, Konnetic.Sip.UnitTests, Version=1.0.3676.32754, Culture=neutral, PublicKeyToken=null" name="MediaSubTypeParameterTest" />
    </UnitTest>
    <UnitTest name="ParseTest" storage="konnetic.sip.unittests.dll" id="b6e4a849-0571-be78-9ea0-6195a9ed6136">
      <Css projectStructure="" iteration="" />
      <Owners>
        <Owner name="" />
      </Owners>
      <Execution id="0032a3e1-e7db-4d89-8290-ab335f04c580" />
      <TestMethod codeBase="D:/Business/Development/Konnetic/UnifySipApi/Production/Src/Konnetic Unify SIP API/Konnetic.Sip.UnitTests/bin/Debug/Konnetic.Sip.UnitTests.DLL" adapterTypeName="Microsoft.VisualStudio.TestTools.TestTypes.Unit.UnitTestAdapter, Microsoft.VisualStudio.QualityTools.Tips.UnitTest.Adapter" className="Konnetic.Sip.UnitTests.HttpUriHeaderFieldAdapter, Konnetic.Sip.UnitTests, Version=1.0.3676.32754, Culture=neutral, PublicKeyToken=null" name="ParseTest" />
    </UnitTest>
    <UnitTest name="op_ExplicitTest" storage="konnetic.sip.unittests.dll" id="9f5eef0b-08c6-8926-1662-371d517e73fc">
      <Css projectStructure="" iteration="" />
      <Owners>
        <Owner name="" />
      </Owners>
      <Execution id="9ec9aa0a-4e7e-4f54-8424-aca16b55490b" />
      <TestMethod codeBase="D:/Business/Development/Konnetic/UnifySipApi/Production/Src/Konnetic Unify SIP API/Konnetic.Sip.UnitTests/bin/Debug/Konnetic.Sip.UnitTests.DLL" adapterTypeName="Microsoft.VisualStudio.TestTools.TestTypes.Unit.UnitTestAdapter, Microsoft.VisualStudio.QualityTools.Tips.UnitTest.Adapter" className="Konnetic.Sip.UnitTests.StatusLineHeaderFieldAdapter, Konnetic.Sip.UnitTests, Version=1.0.3676.32754, Culture=neutral, PublicKeyToken=null" name="op_ExplicitTest" />
    </UnitTest>
    <UnitTest name="SetTest" storage="konnetic.sip.unittests.dll" id="89731d22-c10e-10e1-9ee1-c69d03ff4927">
      <Css projectStructure="" iteration="" />
      <Owners>
        <Owner name="" />
      </Owners>
      <Execution id="99dcf595-3f5a-4963-854d-74c55fa9165a" />
      <TestMethod codeBase="D:/Business/Development/Konnetic/UnifySipApi/Production/Src/Konnetic Unify SIP API/Konnetic.Sip.UnitTests/bin/Debug/Konnetic.Sip.UnitTests.DLL" adapterTypeName="Microsoft.VisualStudio.TestTools.TestTypes.Unit.UnitTestAdapter, Microsoft.VisualStudio.QualityTools.Tips.UnitTest.Adapter" className="Konnetic.Sip.UnitTests.HeaderFieldCollectionAdapter, Konnetic.Sip.UnitTests, Version=1.0.3676.32754, Culture=neutral, PublicKeyToken=null" name="SetTest" />
    </UnitTest>
    <UnitTest name="UnsupportedHeaderFieldConstructorTest1" storage="konnetic.sip.unittests.dll" id="06f34c0f-4bc9-1d01-2901-2acfe714ab1b">
      <Css projectStructure="" iteration="" />
      <Owners>
        <Owner name="" />
      </Owners>
      <Execution id="be9ff82b-2b9c-41dc-aeb1-6be20a645242" />
      <TestMethod codeBase="D:/Business/Development/Konnetic/UnifySipApi/Production/Src/Konnetic Unify SIP API/Konnetic.Sip.UnitTests/bin/Debug/Konnetic.Sip.UnitTests.DLL" adapterTypeName="Microsoft.VisualStudio.TestTools.TestTypes.Unit.UnitTestAdapter, Microsoft.VisualStudio.QualityTools.Tips.UnitTest.Adapter" className="Konnetic.Sip.UnitTests.UnsupportedHeaderFieldAdapter, Konnetic.Sip.UnitTests, Version=1.0.3676.32754, Culture=neutral, PublicKeyToken=null" name="UnsupportedHeaderFieldConstructorTest1" />
    </UnitTest>
    <UnitTest name="ParseTest" storage="konnetic.sip.unittests.dll" id="488ae078-65af-ec72-fbe8-54773b1473ee">
      <Css projectStructure="" iteration="" />
      <Owners>
        <Owner name="" />
      </Owners>
      <Execution id="5dd20980-d023-4465-9abb-6f2efa7f2577" />
      <TestMethod codeBase="D:/Business/Development/Konnetic/UnifySipApi/Production/Src/Konnetic Unify SIP API/Konnetic.Sip.UnitTests/bin/Debug/Konnetic.Sip.UnitTests.DLL" adapterTypeName="Microsoft.VisualStudio.TestTools.TestTypes.Unit.UnitTestAdapter, Microsoft.VisualStudio.QualityTools.Tips.UnitTest.Adapter" className="Konnetic.Sip.UnitTests.SupportedHeaderFieldAdapter, Konnetic.Sip.UnitTests, Version=1.0.3676.32754, Culture=neutral, PublicKeyToken=null" name="ParseTest" />
    </UnitTest>
    <UnitTest name="IsValidTest" storage="konnetic.sip.unittests.dll" id="32623270-853f-c035-9cc6-a870f9522af0">
      <Css projectStructure="" iteration="" />
      <Owners>
        <Owner name="" />
      </Owners>
      <Execution id="38c4c536-61a2-4626-b81a-90da76498d03" />
      <TestMethod codeBase="D:/Business/Development/Konnetic/UnifySipApi/Production/Src/Konnetic Unify SIP API/Konnetic.Sip.UnitTests/bin/Debug/Konnetic.Sip.UnitTests.DLL" adapterTypeName="Microsoft.VisualStudio.TestTools.TestTypes.Unit.UnitTestAdapter, Microsoft.VisualStudio.QualityTools.Tips.UnitTest.Adapter" className="Konnetic.Sip.UnitTests.ViaHeaderFieldAdapter, Konnetic.Sip.UnitTests, Version=1.0.3676.32754, Culture=neutral, PublicKeyToken=null" name="IsValidTest" />
    </UnitTest>
    <UnitTest name="FindValueTest" storage="konnetic.sip.unittests.dll" id="0021914a-f8c7-5e38-5848-d3236416393c">
      <Css projectStructure="" iteration="" />
      <Owners>
        <Owner name="" />
      </Owners>
      <Execution id="6362b919-39a1-4e43-a44b-ce06035dee89" />
      <TestMethod codeBase="D:/Business/Development/Konnetic/UnifySipApi/Production/Src/Konnetic Unify SIP API/Konnetic.Sip.UnitTests/bin/Debug/Konnetic.Sip.UnitTests.DLL" adapterTypeName="Microsoft.VisualStudio.TestTools.TestTypes.Unit.UnitTestAdapter, Microsoft.VisualStudio.QualityTools.Tips.UnitTest.Adapter" className="Konnetic.Sip.UnitTests.SipMessageAdapter, Konnetic.Sip.UnitTests, Version=1.0.3676.32754, Culture=neutral, PublicKeyToken=null" name="FindValueTest" />
    </UnitTest>
    <UnitTest name="GetStringValueTest" storage="konnetic.sip.unittests.dll" id="514967d8-45f1-dd68-d3ca-0ee1f70fd130">
      <Css projectStructure="" iteration="" />
      <Owners>
        <Owner name="" />
      </Owners>
      <Execution id="0dcbe3fe-7ff6-4ada-b573-0e20d703beb6" />
      <TestMethod codeBase="D:/Business/Development/Konnetic/UnifySipApi/Production/Src/Konnetic Unify SIP API/Konnetic.Sip.UnitTests/bin/Debug/Konnetic.Sip.UnitTests.DLL" adapterTypeName="Microsoft.VisualStudio.TestTools.TestTypes.Unit.UnitTestAdapter, Microsoft.VisualStudio.QualityTools.Tips.UnitTest.Adapter" className="Konnetic.Sip.UnitTests.WarningHeaderFieldAdapter, Konnetic.Sip.UnitTests, Version=1.0.3676.32754, Culture=neutral, PublicKeyToken=null" name="GetStringValueTest" />
    </UnitTest>
    <UnitTest name="MethodTest" storage="konnetic.sip.unittests.dll" id="a7192f43-50fa-797e-b17f-00a9d0a5f617">
      <Css projectStructure="" iteration="" />
      <Owners>
        <Owner name="" />
      </Owners>
      <Execution id="5178a2c9-dbb1-4bdd-b7c9-3d8453e81a85" />
      <TestMethod codeBase="D:/Business/Development/Konnetic/UnifySipApi/Production/Src/Konnetic Unify SIP API/Konnetic.Sip.UnitTests/bin/Debug/Konnetic.Sip.UnitTests.DLL" adapterTypeName="Microsoft.VisualStudio.TestTools.TestTypes.Unit.UnitTestAdapter, Microsoft.VisualStudio.QualityTools.Tips.UnitTest.Adapter" className="Konnetic.Sip.UnitTests.SipUriAdapter, Konnetic.Sip.UnitTests, Version=1.0.3676.32754, Culture=neutral, PublicKeyToken=null" name="MethodTest" />
    </UnitTest>
    <UnitTest name="InviteConstructorTest" storage="konnetic.sip.unittests.dll" id="ad24270f-19fe-e364-5d7f-6d92e4c610ab">
      <Css projectStructure="" iteration="" />
      <Owners>
        <Owner name="" />
      </Owners>
      <Execution id="32d92667-1f65-4d7f-950d-4acadaa7e215" />
      <TestMethod codeBase="D:/Business/Development/Konnetic/UnifySipApi/Production/Src/Konnetic Unify SIP API/Konnetic.Sip.UnitTests/bin/Debug/Konnetic.Sip.UnitTests.DLL" adapterTypeName="Microsoft.VisualStudio.TestTools.TestTypes.Unit.UnitTestAdapter, Microsoft.VisualStudio.QualityTools.Tips.UnitTest.Adapter" className="Konnetic.Sip.UnitTests.InviteAdapter, Konnetic.Sip.UnitTests, Version=1.0.3676.32754, Culture=neutral, PublicKeyToken=null" name="InviteConstructorTest" />
    </UnitTest>
    <UnitTest name="EqualsTest2" storage="konnetic.sip.unittests.dll" id="7fd11d3a-667e-44c7-d0d2-9d08370d35bf">
      <Css projectStructure="" iteration="" />
      <Owners>
        <Owner name="" />
      </Owners>
      <Execution id="9918f033-6a0b-47b9-a937-ebf8803b36d7" />
      <TestMethod codeBase="D:/Business/Development/Konnetic/UnifySipApi/Production/Src/Konnetic Unify SIP API/Konnetic.Sip.UnitTests/bin/Debug/Konnetic.Sip.UnitTests.DLL" adapterTypeName="Microsoft.VisualStudio.TestTools.TestTypes.Unit.UnitTestAdapter, Microsoft.VisualStudio.QualityTools.Tips.UnitTest.Adapter" className="Konnetic.Sip.UnitTests.SipUriAdapter, Konnetic.Sip.UnitTests, Version=1.0.3676.32754, Culture=neutral, PublicKeyToken=null" name="EqualsTest2" />
    </UnitTest>
    <UnitTest name="MinExpiresHeaderFieldConstructorTest1" storage="konnetic.sip.unittests.dll" id="41884091-d2b1-f31b-e0e8-0f3546c18a8a">
      <Css projectStructure="" iteration="" />
      <Owners>
        <Owner name="" />
      </Owners>
      <Execution id="7bb7da70-b56c-416f-8baa-5b35972d3473" />
      <TestMethod codeBase="D:/Business/Development/Konnetic/UnifySipApi/Production/Src/Konnetic Unify SIP API/Konnetic.Sip.UnitTests/bin/Debug/Konnetic.Sip.UnitTests.DLL" adapterTypeName="Microsoft.VisualStudio.TestTools.TestTypes.Unit.UnitTestAdapter, Microsoft.VisualStudio.QualityTools.Tips.UnitTest.Adapter" className="Konnetic.Sip.UnitTests.MinExpiresHeaderFieldAdapter, Konnetic.Sip.UnitTests, Version=1.0.3676.32754, Culture=neutral, PublicKeyToken=null" name="MinExpiresHeaderFieldConstructorTest1" />
    </UnitTest>
    <UnitTest name="AcceptLanguageHeaderFieldConstructorTest1" storage="konnetic.sip.unittests.dll" id="ed9de4c0-e26d-13ea-f62d-c57195616688">
      <Css projectStructure="" iteration="" />
      <Owners>
        <Owner name="" />
      </Owners>
      <Execution id="5a3d81e5-c079-4d63-b84a-0dda480398df" />
      <TestMethod codeBase="D:/Business/Development/Konnetic/UnifySipApi/Production/Src/Konnetic Unify SIP API/Konnetic.Sip.UnitTests/bin/Debug/Konnetic.Sip.UnitTests.DLL" adapterTypeName="Microsoft.VisualStudio.TestTools.TestTypes.Unit.UnitTestAdapter, Microsoft.VisualStudio.QualityTools.Tips.UnitTest.Adapter" className="Konnetic.Sip.UnitTests.AcceptLanguageHeaderFieldAdapter, Konnetic.Sip.UnitTests, Version=1.0.3676.32754, Culture=neutral, PublicKeyToken=null" name="AcceptLanguageHeaderFieldConstructorTest1" />
    </UnitTest>
    <UnitTest name="MulticastAddressTest" storage="konnetic.sip.unittests.dll" id="1f135881-1517-d302-ef48-5e83ecf61cf4">
      <Css projectStructure="" iteration="" />
      <Owners>
        <Owner name="" />
      </Owners>
      <Execution id="67227e2d-57dc-4a02-9a73-0646b66ec0ac" />
      <TestMethod codeBase="D:/Business/Development/Konnetic/UnifySipApi/Production/Src/Konnetic Unify SIP API/Konnetic.Sip.UnitTests/bin/Debug/Konnetic.Sip.UnitTests.DLL" adapterTypeName="Microsoft.VisualStudio.TestTools.TestTypes.Unit.UnitTestAdapter, Microsoft.VisualStudio.QualityTools.Tips.UnitTest.Adapter" className="Konnetic.Sip.UnitTests.ViaHeaderFieldAdapter, Konnetic.Sip.UnitTests, Version=1.0.3676.32754, Culture=neutral, PublicKeyToken=null" name="MulticastAddressTest" />
    </UnitTest>
    <UnitTest name="WwwAuthenticateHeaderFieldConstructorTest" storage="konnetic.sip.unittests.dll" id="6c9092ff-7bdf-8147-ef18-d7ecfb3ab43b">
      <Css projectStructure="" iteration="" />
      <Owners>
        <Owner name="" />
      </Owners>
      <Execution id="5d349dae-daf5-47af-bbca-43864a454c87" />
      <TestMethod codeBase="D:/Business/Development/Konnetic/UnifySipApi/Production/Src/Konnetic Unify SIP API/Konnetic.Sip.UnitTests/bin/Debug/Konnetic.Sip.UnitTests.DLL" adapterTypeName="Microsoft.VisualStudio.TestTools.TestTypes.Unit.UnitTestAdapter, Microsoft.VisualStudio.QualityTools.Tips.UnitTest.Adapter" className="Konnetic.Sip.UnitTests.WwwAuthenticateHeaderFieldAdapter, Konnetic.Sip.UnitTests, Version=1.0.3676.32754, Culture=neutral, PublicKeyToken=null" name="WwwAuthenticateHeaderFieldConstructorTest" />
    </UnitTest>
    <UnitTest name="UpdateTest" storage="konnetic.sip.unittests.dll" id="a8a39f46-ca03-5543-3a23-31ed8f94eb6e">
      <Css projectStructure="" iteration="" />
      <Owners>
        <Owner name="" />
      </Owners>
      <Execution id="a2da1ae4-27f8-43c5-a786-5bf68c74d170" />
      <TestMethod codeBase="D:/Business/Development/Konnetic/UnifySipApi/Production/Src/Konnetic Unify SIP API/Konnetic.Sip.UnitTests/bin/Debug/Konnetic.Sip.UnitTests.DLL" adapterTypeName="Microsoft.VisualStudio.TestTools.TestTypes.Unit.UnitTestAdapter, Microsoft.VisualStudio.QualityTools.Tips.UnitTest.Adapter" className="Konnetic.Sip.UnitTests.HeaderFieldCollectionAdapter, Konnetic.Sip.UnitTests, Version=1.0.3676.32754, Culture=neutral, PublicKeyToken=null" name="UpdateTest" />
    </UnitTest>
    <UnitTest name="QValueTest2" storage="konnetic.sip.unittests.dll" id="3614ac7c-af59-a39c-a026-949f6a122f19">
      <Css projectStructure="" iteration="" />
      <Owners>
        <Owner name="" />
      </Owners>
      <Execution id="1e9d0a82-d81c-4ffd-8bf4-f1f5c29105df" />
      <TestMethod codeBase="D:/Business/Development/Konnetic/UnifySipApi/Production/Src/Konnetic Unify SIP API/Konnetic.Sip.UnitTests/bin/Debug/Konnetic.Sip.UnitTests.DLL" adapterTypeName="Microsoft.VisualStudio.TestTools.TestTypes.Unit.UnitTestAdapter, Microsoft.VisualStudio.QualityTools.Tips.UnitTest.Adapter" className="Konnetic.Sip.UnitTests.AcceptEncodingHeaderFieldAdapter, Konnetic.Sip.UnitTests, Version=1.0.3676.32754, Culture=neutral, PublicKeyToken=null" name="QValueTest2" expectedException="Konnetic.Sip.SipOutOfRangeException, Konnetic.Sip, Version=1.0.3676.32752, Culture=neutral, PublicKeyToken=null" />
    </UnitTest>
    <UnitTest name="ViaHeaderFieldConstructorTest" storage="konnetic.sip.unittests.dll" id="545da1cd-2469-9d39-800e-510833648a16">
      <Css projectStructure="" iteration="" />
      <Owners>
        <Owner name="" />
      </Owners>
      <Execution id="eaad9cf1-d657-49b5-8893-a37f6b92caee" />
      <TestMethod codeBase="D:/Business/Development/Konnetic/UnifySipApi/Production/Src/Konnetic Unify SIP API/Konnetic.Sip.UnitTests/bin/Debug/Konnetic.Sip.UnitTests.DLL" adapterTypeName="Microsoft.VisualStudio.TestTools.TestTypes.Unit.UnitTestAdapter, Microsoft.VisualStudio.QualityTools.Tips.UnitTest.Adapter" className="Konnetic.Sip.UnitTests.ViaHeaderFieldAdapter, Konnetic.Sip.UnitTests, Version=1.0.3676.32754, Culture=neutral, PublicKeyToken=null" name="ViaHeaderFieldConstructorTest" />
    </UnitTest>
    <UnitTest name="ParseTest" storage="konnetic.sip.unittests.dll" id="c205524d-7f16-ee35-6688-566763d159c5">
      <Css projectStructure="" iteration="" />
      <Owners>
        <Owner name="" />
      </Owners>
      <Execution id="1a84c7e9-b127-429a-b0b8-bf934373b8c4" />
      <TestMethod codeBase="D:/Business/Development/Konnetic/UnifySipApi/Production/Src/Konnetic Unify SIP API/Konnetic.Sip.UnitTests/bin/Debug/Konnetic.Sip.UnitTests.DLL" adapterTypeName="Microsoft.VisualStudio.TestTools.TestTypes.Unit.UnitTestAdapter, Microsoft.VisualStudio.QualityTools.Tips.UnitTest.Adapter" className="Konnetic.Sip.UnitTests.ServerHeaderFieldAdapter, Konnetic.Sip.UnitTests, Version=1.0.3676.32754, Culture=neutral, PublicKeyToken=null" name="ParseTest" />
    </UnitTest>
    <UnitTest name="OptionTest" storage="konnetic.sip.unittests.dll" id="e0c5ed9e-6cc4-38c0-0df6-988a9377689e">
      <Css projectStructure="" iteration="" />
      <Owners>
        <Owner name="" />
      </Owners>
      <Execution id="f73ad990-7926-4291-bbca-fcd0596b1467" />
      <TestMethod codeBase="D:/Business/Development/Konnetic/UnifySipApi/Production/Src/Konnetic Unify SIP API/Konnetic.Sip.UnitTests/bin/Debug/Konnetic.Sip.UnitTests.DLL" adapterTypeName="Microsoft.VisualStudio.TestTools.TestTypes.Unit.UnitTestAdapter, Microsoft.VisualStudio.QualityTools.Tips.UnitTest.Adapter" className="Konnetic.Sip.UnitTests.OptionHeaderFieldAdapter, Konnetic.Sip.UnitTests, Version=1.0.3676.32754, Culture=neutral, PublicKeyToken=null" name="OptionTest" />
    </UnitTest>
    <UnitTest name="EqualsTest1" storage="konnetic.sip.unittests.dll" id="8df34ac8-0c19-d473-099e-1719e1bb8214">
      <Css projectStructure="" iteration="" />
      <Owners>
        <Owner name="" />
      </Owners>
      <Execution id="50b294ca-7513-47b6-a1fe-289b8f4e78a0" />
      <TestMethod codeBase="D:/Business/Development/Konnetic/UnifySipApi/Production/Src/Konnetic Unify SIP API/Konnetic.Sip.UnitTests/bin/Debug/Konnetic.Sip.UnitTests.DLL" adapterTypeName="Microsoft.VisualStudio.TestTools.TestTypes.Unit.UnitTestAdapter, Microsoft.VisualStudio.QualityTools.Tips.UnitTest.Adapter" className="Konnetic.Sip.UnitTests.ToHeaderFieldAdapter, Konnetic.Sip.UnitTests, Version=1.0.3676.32754, Culture=neutral, PublicKeyToken=null" name="EqualsTest1" />
    </UnitTest>
    <UnitTest name="MediaSubTypeTest" storage="konnetic.sip.unittests.dll" id="d4751220-aeb8-3539-2ff0-a864cf29f176">
      <Css projectStructure="" iteration="" />
      <Owners>
        <Owner name="" />
      </Owners>
      <Execution id="c2b5cd24-a2b0-4a21-9564-2b925a163320" />
      <TestMethod codeBase="D:/Business/Development/Konnetic/UnifySipApi/Production/Src/Konnetic Unify SIP API/Konnetic.Sip.UnitTests/bin/Debug/Konnetic.Sip.UnitTests.DLL" adapterTypeName="Microsoft.VisualStudio.TestTools.TestTypes.Unit.UnitTestAdapter, Microsoft.VisualStudio.QualityTools.Tips.UnitTest.Adapter" className="Konnetic.Sip.UnitTests.AcceptHeaderFieldAdapter, Konnetic.Sip.UnitTests, Version=1.0.3676.32754, Culture=neutral, PublicKeyToken=null" name="MediaSubTypeTest" />
    </UnitTest>
    <UnitTest name="RecordRouteHeaderFieldConstructorTest1" storage="konnetic.sip.unittests.dll" id="265a32e8-d8b5-0015-e8d2-31f7a5fdd2f7">
      <Css projectStructure="" iteration="" />
      <Owners>
        <Owner name="" />
      </Owners>
      <Execution id="e893e037-01af-434e-8ffd-e93c7afc5642" />
      <TestMethod codeBase="D:/Business/Development/Konnetic/UnifySipApi/Production/Src/Konnetic Unify SIP API/Konnetic.Sip.UnitTests/bin/Debug/Konnetic.Sip.UnitTests.DLL" adapterTypeName="Microsoft.VisualStudio.TestTools.TestTypes.Unit.UnitTestAdapter, Microsoft.VisualStudio.QualityTools.Tips.UnitTest.Adapter" className="Konnetic.Sip.UnitTests.RecordRouteHeaderFieldAdapter, Konnetic.Sip.UnitTests, Version=1.0.3676.32754, Culture=neutral, PublicKeyToken=null" name="RecordRouteHeaderFieldConstructorTest1" />
    </UnitTest>
    <UnitTest name="SeperatorTest" storage="konnetic.sip.unittests.dll" id="180b0b81-6f27-f10f-e3c0-13ae1de12742">
      <Css projectStructure="" iteration="" />
      <Owners>
        <Owner name="" />
      </Owners>
      <DeploymentItems>
        <DeploymentItem filename="Konnetic.Sip.dll" />
      </DeploymentItems>
      <Execution id="8167649a-3c5d-4651-8260-e76be30e334f" />
      <TestMethod codeBase="D:/Business/Development/Konnetic/UnifySipApi/Production/Src/Konnetic Unify SIP API/Konnetic.Sip.UnitTests/bin/Debug/Konnetic.Sip.UnitTests.DLL" adapterTypeName="Microsoft.VisualStudio.TestTools.TestTypes.Unit.UnitTestAdapter, Microsoft.VisualStudio.QualityTools.Tips.UnitTest.Adapter" className="Konnetic.Sip.UnitTests.HeaderFieldGroupAdapter, Konnetic.Sip.UnitTests, Version=1.0.3676.32754, Culture=neutral, PublicKeyToken=null" name="SeperatorTest" />
    </UnitTest>
    <UnitTest name="CreateHeaderFieldFromLineTest1" storage="konnetic.sip.unittests.dll" id="b2ab1d43-041d-c4bd-966f-1cedfc017503">
      <Css projectStructure="" iteration="" />
      <Owners>
        <Owner name="" />
      </Owners>
      <Execution id="d3d09674-77c7-464d-a686-049a1b977a3e" />
      <TestMethod codeBase="D:/Business/Development/Konnetic/UnifySipApi/Production/Src/Konnetic Unify SIP API/Konnetic.Sip.UnitTests/bin/Debug/Konnetic.Sip.UnitTests.DLL" adapterTypeName="Microsoft.VisualStudio.TestTools.TestTypes.Unit.UnitTestAdapter, Microsoft.VisualStudio.QualityTools.Tips.UnitTest.Adapter" className="Konnetic.Sip.UnitTests.HeaderFieldFactoryAdapter, Konnetic.Sip.UnitTests, Version=1.0.3676.32754, Culture=neutral, PublicKeyToken=null" name="CreateHeaderFieldFromLineTest1" expectedException="System.ArgumentNullException, mscorlib, Version=2.0.0.0, Culture=neutral, PublicKeyToken=b77a5c561934e089" />
    </UnitTest>
    <UnitTest name="GetStringValueTest" storage="konnetic.sip.unittests.dll" id="24c1ee82-30ff-8e41-0008-d5c7cd9f80e3">
      <Css projectStructure="" iteration="" />
      <Owners>
        <Owner name="" />
      </Owners>
      <Execution id="0e5cfdbf-6845-4a61-81dc-585a72bde864" />
      <TestMethod codeBase="D:/Business/Development/Konnetic/UnifySipApi/Production/Src/Konnetic Unify SIP API/Konnetic.Sip.UnitTests/bin/Debug/Konnetic.Sip.UnitTests.DLL" adapterTypeName="Microsoft.VisualStudio.TestTools.TestTypes.Unit.UnitTestAdapter, Microsoft.VisualStudio.QualityTools.Tips.UnitTest.Adapter" className="Konnetic.Sip.UnitTests.ContentLanguageHeaderFieldAdapter, Konnetic.Sip.UnitTests, Version=1.0.3676.32754, Culture=neutral, PublicKeyToken=null" name="GetStringValueTest" />
    </UnitTest>
    <UnitTest name="PriorityHeaderFieldConstructorTest1" storage="konnetic.sip.unittests.dll" id="d8d15216-2f25-22fc-fa4d-11918987a915">
      <Css projectStructure="" iteration="" />
      <Owners>
        <Owner name="" />
      </Owners>
      <Execution id="29895d38-8ae6-4e84-98fc-edee802f02a5" />
      <TestMethod codeBase="D:/Business/Development/Konnetic/UnifySipApi/Production/Src/Konnetic Unify SIP API/Konnetic.Sip.UnitTests/bin/Debug/Konnetic.Sip.UnitTests.DLL" adapterTypeName="Microsoft.VisualStudio.TestTools.TestTypes.Unit.UnitTestAdapter, Microsoft.VisualStudio.QualityTools.Tips.UnitTest.Adapter" className="Konnetic.Sip.UnitTests.PriorityHeaderFieldAdapter, Konnetic.Sip.UnitTests, Version=1.0.3676.32754, Culture=neutral, PublicKeyToken=null" name="PriorityHeaderFieldConstructorTest1" />
    </UnitTest>
    <UnitTest name="CNonceTest" storage="konnetic.sip.unittests.dll" id="7eddd2c9-38fd-a5e1-a909-96ab6ec1a8f6">
      <Css projectStructure="" iteration="" />
      <Owners>
        <Owner name="" />
      </Owners>
      <Execution id="fa580551-7e7b-44a1-93ec-2722bd70d587" />
      <TestMethod codeBase="D:/Business/Development/Konnetic/UnifySipApi/Production/Src/Konnetic Unify SIP API/Konnetic.Sip.UnitTests/bin/Debug/Konnetic.Sip.UnitTests.DLL" adapterTypeName="Microsoft.VisualStudio.TestTools.TestTypes.Unit.UnitTestAdapter, Microsoft.VisualStudio.QualityTools.Tips.UnitTest.Adapter" className="Konnetic.Sip.UnitTests.AuthorizationHeaderFieldBaseAdapter, Konnetic.Sip.UnitTests, Version=1.0.3676.32754, Culture=neutral, PublicKeyToken=null" name="CNonceTest" />
    </UnitTest>
    <UnitTest name="ErrorHeaderFieldConstructorTest" storage="konnetic.sip.unittests.dll" id="7fab194e-bfd3-3216-740f-56086c4caf7d">
      <Css projectStructure="" iteration="" />
      <Owners>
        <Owner name="" />
      </Owners>
      <Execution id="86a7ab2e-a79a-4f3d-8fce-6817b9ca032d" />
      <TestMethod codeBase="D:/Business/Development/Konnetic/UnifySipApi/Production/Src/Konnetic Unify SIP API/Konnetic.Sip.UnitTests/bin/Debug/Konnetic.Sip.UnitTests.DLL" adapterTypeName="Microsoft.VisualStudio.TestTools.TestTypes.Unit.UnitTestAdapter, Microsoft.VisualStudio.QualityTools.Tips.UnitTest.Adapter" className="Konnetic.Sip.UnitTests.ErrorHeaderFieldAdapter, Konnetic.Sip.UnitTests, Version=1.0.3676.32754, Culture=neutral, PublicKeyToken=null" name="ErrorHeaderFieldConstructorTest" />
    </UnitTest>
    <UnitTest name="GetStringValueTest" storage="konnetic.sip.unittests.dll" id="42c3f6f1-5106-183b-2a3e-7f83f18109e4">
      <Css projectStructure="" iteration="" />
      <Owners>
        <Owner name="" />
      </Owners>
      <Execution id="d2191e70-eec0-4c40-80bf-149391f67467" />
      <TestMethod codeBase="D:/Business/Development/Konnetic/UnifySipApi/Production/Src/Konnetic Unify SIP API/Konnetic.Sip.UnitTests/bin/Debug/Konnetic.Sip.UnitTests.DLL" adapterTypeName="Microsoft.VisualStudio.TestTools.TestTypes.Unit.UnitTestAdapter, Microsoft.VisualStudio.QualityTools.Tips.UnitTest.Adapter" className="Konnetic.Sip.UnitTests.ContentDispositionHeaderFieldAdapter, Konnetic.Sip.UnitTests, Version=1.0.3676.32754, Culture=neutral, PublicKeyToken=null" name="GetStringValueTest" />
    </UnitTest>
    <UnitTest name="FieldNameTest" storage="konnetic.sip.unittests.dll" id="d2f1b13f-1900-e37c-89d6-3ec3ece22de8">
      <Css projectStructure="" iteration="" />
      <Owners>
        <Owner name="" />
      </Owners>
      <DeploymentItems>
        <DeploymentItem filename="Konnetic.Sip.dll" />
      </DeploymentItems>
      <Execution id="a973cf9c-c8ec-46b4-a4c1-c8cb4d880854" />
      <TestMethod codeBase="D:/Business/Development/Konnetic/UnifySipApi/Production/Src/Konnetic Unify SIP API/Konnetic.Sip.UnitTests/bin/Debug/Konnetic.Sip.UnitTests.DLL" adapterTypeName="Microsoft.VisualStudio.TestTools.TestTypes.Unit.UnitTestAdapter, Microsoft.VisualStudio.QualityTools.Tips.UnitTest.Adapter" className="Konnetic.Sip.UnitTests.FromHeaderFieldAdapter, Konnetic.Sip.UnitTests, Version=1.0.3676.32754, Culture=neutral, PublicKeyToken=null" name="FieldNameTest" />
    </UnitTest>
    <UnitTest name="WarningHeaderFieldConstructorTest1" storage="konnetic.sip.unittests.dll" id="0f2b2321-b820-db33-f161-c2ab7389c691">
      <Css projectStructure="" iteration="" />
      <Owners>
        <Owner name="" />
      </Owners>
      <Execution id="da64549d-336b-4b0c-b0ae-4cbe9702756a" />
      <TestMethod codeBase="D:/Business/Development/Konnetic/UnifySipApi/Production/Src/Konnetic Unify SIP API/Konnetic.Sip.UnitTests/bin/Debug/Konnetic.Sip.UnitTests.DLL" adapterTypeName="Microsoft.VisualStudio.TestTools.TestTypes.Unit.UnitTestAdapter, Microsoft.VisualStudio.QualityTools.Tips.UnitTest.Adapter" className="Konnetic.Sip.UnitTests.WarningHeaderFieldAdapter, Konnetic.Sip.UnitTests, Version=1.0.3676.32754, Culture=neutral, PublicKeyToken=null" name="WarningHeaderFieldConstructorTest1" />
    </UnitTest>
    <UnitTest name="op_ImplicitTest" storage="konnetic.sip.unittests.dll" id="8514384f-e279-8096-98ab-06c9efbda7c5">
      <Css projectStructure="" iteration="" />
      <Owners>
        <Owner name="" />
      </Owners>
      <Execution id="f9ee7602-a448-4228-8bb2-969cf01758fd" />
      <TestMethod codeBase="D:/Business/Development/Konnetic/UnifySipApi/Production/Src/Konnetic Unify SIP API/Konnetic.Sip.UnitTests/bin/Debug/Konnetic.Sip.UnitTests.DLL" adapterTypeName="Microsoft.VisualStudio.TestTools.TestTypes.Unit.UnitTestAdapter, Microsoft.VisualStudio.QualityTools.Tips.UnitTest.Adapter" className="Konnetic.Sip.UnitTests.RequireHeaderFieldAdapter, Konnetic.Sip.UnitTests, Version=1.0.3676.32754, Culture=neutral, PublicKeyToken=null" name="op_ImplicitTest" />
    </UnitTest>
    <UnitTest name="MessageQopTest1" storage="konnetic.sip.unittests.dll" id="1095599a-77d7-d9e4-e245-7efc28dee7bf">
      <Css projectStructure="" iteration="" />
      <Owners>
        <Owner name="" />
      </Owners>
      <Execution id="7dc8e70f-80cf-4370-bb51-d63bf78b99bf" />
      <TestMethod codeBase="D:/Business/Development/Konnetic/UnifySipApi/Production/Src/Konnetic Unify SIP API/Konnetic.Sip.UnitTests/bin/Debug/Konnetic.Sip.UnitTests.DLL" adapterTypeName="Microsoft.VisualStudio.TestTools.TestTypes.Unit.UnitTestAdapter, Microsoft.VisualStudio.QualityTools.Tips.UnitTest.Adapter" className="Konnetic.Sip.UnitTests.AuthenticationInfoHeaderFieldAdapter, Konnetic.Sip.UnitTests, Version=1.0.3676.32754, Culture=neutral, PublicKeyToken=null" name="MessageQopTest1" />
    </UnitTest>
    <UnitTest name="AlgorithmTest1" storage="konnetic.sip.unittests.dll" id="69ed02b0-411a-ae94-1ed8-bb0b91feb043">
      <Css projectStructure="" iteration="" />
      <Owners>
        <Owner name="" />
      </Owners>
      <Execution id="fd1d811c-587a-443a-8665-3349bbe90c08" />
      <TestMethod codeBase="D:/Business/Development/Konnetic/UnifySipApi/Production/Src/Konnetic Unify SIP API/Konnetic.Sip.UnitTests/bin/Debug/Konnetic.Sip.UnitTests.DLL" adapterTypeName="Microsoft.VisualStudio.TestTools.TestTypes.Unit.UnitTestAdapter, Microsoft.VisualStudio.QualityTools.Tips.UnitTest.Adapter" className="Konnetic.Sip.UnitTests.SecurityHeaderFieldAdapter, Konnetic.Sip.UnitTests, Version=1.0.3676.32754, Culture=neutral, PublicKeyToken=null" name="AlgorithmTest1" />
    </UnitTest>
    <UnitTest name="op_ExplicitTest" storage="konnetic.sip.unittests.dll" id="8ceea709-a449-48d9-55c4-6bf39e99159a">
      <Css projectStructure="" iteration="" />
      <Owners>
        <Owner name="" />
      </Owners>
      <Execution id="5202d70d-e9c9-408c-99f6-0e7a57fcfc24" />
      <TestMethod codeBase="D:/Business/Development/Konnetic/UnifySipApi/Production/Src/Konnetic Unify SIP API/Konnetic.Sip.UnitTests/bin/Debug/Konnetic.Sip.UnitTests.DLL" adapterTypeName="Microsoft.VisualStudio.TestTools.TestTypes.Unit.UnitTestAdapter, Microsoft.VisualStudio.QualityTools.Tips.UnitTest.Adapter" className="Konnetic.Sip.UnitTests.ContactHeaderFieldAdapter, Konnetic.Sip.UnitTests, Version=1.0.3676.32754, Culture=neutral, PublicKeyToken=null" name="op_ExplicitTest" />
    </UnitTest>
    <UnitTest name="EqualsTest" storage="konnetic.sip.unittests.dll" id="5731f1aa-b07e-05e4-22e4-14a9eac3ea55">
      <Css projectStructure="" iteration="" />
      <Owners>
        <Owner name="" />
      </Owners>
      <Execution id="1cedb19d-1b07-4fde-9abc-b6d714e0fe2d" />
      <TestMethod codeBase="D:/Business/Development/Konnetic/UnifySipApi/Production/Src/Konnetic Unify SIP API/Konnetic.Sip.UnitTests/bin/Debug/Konnetic.Sip.UnitTests.DLL" adapterTypeName="Microsoft.VisualStudio.TestTools.TestTypes.Unit.UnitTestAdapter, Microsoft.VisualStudio.QualityTools.Tips.UnitTest.Adapter" className="Konnetic.Sip.UnitTests.ToHeaderFieldAdapter, Konnetic.Sip.UnitTests, Version=1.0.3676.32754, Culture=neutral, PublicKeyToken=null" name="EqualsTest" />
    </UnitTest>
    <UnitTest name="GetStringValueTest" storage="konnetic.sip.unittests.dll" id="84e20c4d-1403-12bb-a10f-ba8b9a8d759b">
      <Css projectStructure="" iteration="" />
      <Owners>
        <Owner name="" />
      </Owners>
      <Execution id="a15fc4db-0a34-4807-99e5-ac53476cb5f2" />
      <TestMethod codeBase="D:/Business/Development/Konnetic/UnifySipApi/Production/Src/Konnetic Unify SIP API/Konnetic.Sip.UnitTests/bin/Debug/Konnetic.Sip.UnitTests.DLL" adapterTypeName="Microsoft.VisualStudio.TestTools.TestTypes.Unit.UnitTestAdapter, Microsoft.VisualStudio.QualityTools.Tips.UnitTest.Adapter" className="Konnetic.Sip.UnitTests.AuthorizationHeaderFieldBaseAdapter, Konnetic.Sip.UnitTests, Version=1.0.3676.32754, Culture=neutral, PublicKeyToken=null" name="GetStringValueTest" />
    </UnitTest>
    <UnitTest name="ContentEncodingHeaderFieldConstructorTest1" storage="konnetic.sip.unittests.dll" id="2a96f827-bbc4-2c3b-f0d8-f7fcaed1d769">
      <Css projectStructure="" iteration="" />
      <Owners>
        <Owner name="" />
      </Owners>
      <Execution id="7ade6eea-976d-4caa-be5f-d7729c9ac706" />
      <TestMethod codeBase="D:/Business/Development/Konnetic/UnifySipApi/Production/Src/Konnetic Unify SIP API/Konnetic.Sip.UnitTests/bin/Debug/Konnetic.Sip.UnitTests.DLL" adapterTypeName="Microsoft.VisualStudio.TestTools.TestTypes.Unit.UnitTestAdapter, Microsoft.VisualStudio.QualityTools.Tips.UnitTest.Adapter" className="Konnetic.Sip.UnitTests.ContentEncodingHeaderFieldAdapter, Konnetic.Sip.UnitTests, Version=1.0.3676.32754, Culture=neutral, PublicKeyToken=null" name="ContentEncodingHeaderFieldConstructorTest1" />
    </UnitTest>
    <UnitTest name="ProxyRequireHeaderFieldConstructorTest3" storage="konnetic.sip.unittests.dll" id="1b788345-3c5a-05c2-4d88-0af71e4c57df">
      <Css projectStructure="" iteration="" />
      <Owners>
        <Owner name="" />
      </Owners>
      <Execution id="37988178-fa27-4d39-962d-3f4509c1d538" />
      <TestMethod codeBase="D:/Business/Development/Konnetic/UnifySipApi/Production/Src/Konnetic Unify SIP API/Konnetic.Sip.UnitTests/bin/Debug/Konnetic.Sip.UnitTests.DLL" adapterTypeName="Microsoft.VisualStudio.TestTools.TestTypes.Unit.UnitTestAdapter, Microsoft.VisualStudio.QualityTools.Tips.UnitTest.Adapter" className="Konnetic.Sip.UnitTests.ProxyRequireHeaderFieldAdapter, Konnetic.Sip.UnitTests, Version=1.0.3676.32754, Culture=neutral, PublicKeyToken=null" name="ProxyRequireHeaderFieldConstructorTest3" />
    </UnitTest>
    <UnitTest name="TransportTest3" storage="konnetic.sip.unittests.dll" id="0863d8ef-0af0-f19a-4712-29ea5920f528">
      <Css projectStructure="" iteration="" />
      <Owners>
        <Owner name="" />
      </Owners>
      <Execution id="cc889d05-57b5-4453-8f6c-63e3525d2550" />
      <TestMethod codeBase="D:/Business/Development/Konnetic/UnifySipApi/Production/Src/Konnetic Unify SIP API/Konnetic.Sip.UnitTests/bin/Debug/Konnetic.Sip.UnitTests.DLL" adapterTypeName="Microsoft.VisualStudio.TestTools.TestTypes.Unit.UnitTestAdapter, Microsoft.VisualStudio.QualityTools.Tips.UnitTest.Adapter" className="Konnetic.Sip.UnitTests.SipUriBuilderAdapter, Konnetic.Sip.UnitTests, Version=1.0.3676.32754, Culture=neutral, PublicKeyToken=null" name="TransportTest3" expectedException="System.ArgumentNullException, mscorlib, Version=2.0.0.0, Culture=neutral, PublicKeyToken=b77a5c561934e089" />
    </UnitTest>
    <UnitTest name="MethodSetTest" storage="konnetic.sip.unittests.dll" id="5613a4bd-258d-58c2-025e-441d9a5d79d1">
      <Css projectStructure="" iteration="" />
      <Owners>
        <Owner name="" />
      </Owners>
      <DeploymentItems>
        <DeploymentItem filename="Konnetic.Sip.dll" />
      </DeploymentItems>
      <Execution id="97da92f1-c693-4fc1-b5cf-3f653f6961f9" />
      <TestMethod codeBase="D:/Business/Development/Konnetic/UnifySipApi/Production/Src/Konnetic Unify SIP API/Konnetic.Sip.UnitTests/bin/Debug/Konnetic.Sip.UnitTests.DLL" adapterTypeName="Microsoft.VisualStudio.TestTools.TestTypes.Unit.UnitTestAdapter, Microsoft.VisualStudio.QualityTools.Tips.UnitTest.Adapter" className="Konnetic.Sip.UnitTests.RequestAdapter, Konnetic.Sip.UnitTests, Version=1.0.3676.32754, Culture=neutral, PublicKeyToken=null" name="MethodSetTest" />
    </UnitTest>
    <UnitTest name="ItemTest1" storage="konnetic.sip.unittests.dll" id="c0ec6e0d-9725-72a9-5a3f-b9e6a6bef587">
      <Css projectStructure="" iteration="" />
      <Owners>
        <Owner name="" />
      </Owners>
      <Execution id="2f09779c-4c49-406a-8527-f5a2559a2e38" />
      <TestMethod codeBase="D:/Business/Development/Konnetic/UnifySipApi/Production/Src/Konnetic Unify SIP API/Konnetic.Sip.UnitTests/bin/Debug/Konnetic.Sip.UnitTests.DLL" adapterTypeName="Microsoft.VisualStudio.TestTools.TestTypes.Unit.UnitTestAdapter, Microsoft.VisualStudio.QualityTools.Tips.UnitTest.Adapter" className="Konnetic.Sip.UnitTests.HeaderFieldCollectionAdapter, Konnetic.Sip.UnitTests, Version=1.0.3676.32754, Culture=neutral, PublicKeyToken=null" name="ItemTest1" />
    </UnitTest>
    <UnitTest name="PasswordTest" storage="konnetic.sip.unittests.dll" id="487ff0f2-4233-f8d9-35bf-598176de870f">
      <Css projectStructure="" iteration="" />
      <Owners>
        <Owner name="" />
      </Owners>
      <Execution id="b9b82dbd-4cb4-4048-9bbd-f8ab79d98599" />
      <TestMethod codeBase="D:/Business/Development/Konnetic/UnifySipApi/Production/Src/Konnetic Unify SIP API/Konnetic.Sip.UnitTests/bin/Debug/Konnetic.Sip.UnitTests.DLL" adapterTypeName="Microsoft.VisualStudio.TestTools.TestTypes.Unit.UnitTestAdapter, Microsoft.VisualStudio.QualityTools.Tips.UnitTest.Adapter" className="Konnetic.Sip.UnitTests.SipUriAdapter, Konnetic.Sip.UnitTests, Version=1.0.3676.32754, Culture=neutral, PublicKeyToken=null" name="PasswordTest" />
    </UnitTest>
    <UnitTest name="ToUriStringTest1" storage="konnetic.sip.unittests.dll" id="cfd92794-4add-46d2-81cf-ed5c6c096483">
      <Css projectStructure="" iteration="" />
      <Owners>
        <Owner name="" />
      </Owners>
      <Execution id="67420483-3049-4501-9262-aec65df37a39" />
      <TestMethod codeBase="D:/Business/Development/Konnetic/UnifySipApi/Production/Src/Konnetic Unify SIP API/Konnetic.Sip.UnitTests/bin/Debug/Konnetic.Sip.UnitTests.DLL" adapterTypeName="Microsoft.VisualStudio.TestTools.TestTypes.Unit.UnitTestAdapter, Microsoft.VisualStudio.QualityTools.Tips.UnitTest.Adapter" className="Konnetic.Sip.UnitTests.HeaderFieldCollectionAdapter, Konnetic.Sip.UnitTests, Version=1.0.3676.32754, Culture=neutral, PublicKeyToken=null" name="ToUriStringTest1" />
    </UnitTest>
    <UnitTest name="ItemTest2" storage="konnetic.sip.unittests.dll" id="8b96deb2-f131-a9b3-0f4b-293dc0d35e3f">
      <Css projectStructure="" iteration="" />
      <Owners>
        <Owner name="" />
      </Owners>
      <DeploymentItems>
        <DeploymentItem filename="Konnetic.Sip.dll" />
      </DeploymentItems>
      <Execution id="3ffeb0d4-0c3b-4f67-a99b-0659317fbf8b" />
      <TestMethod codeBase="D:/Business/Development/Konnetic/UnifySipApi/Production/Src/Konnetic Unify SIP API/Konnetic.Sip.UnitTests/bin/Debug/Konnetic.Sip.UnitTests.DLL" adapterTypeName="Microsoft.VisualStudio.TestTools.TestTypes.Unit.UnitTestAdapter, Microsoft.VisualStudio.QualityTools.Tips.UnitTest.Adapter" className="Konnetic.Sip.UnitTests.HeaderFieldGroupAdapter, Konnetic.Sip.UnitTests, Version=1.0.3676.32754, Culture=neutral, PublicKeyToken=null" name="ItemTest2" />
    </UnitTest>
    <UnitTest name="GetStringValueTest" storage="konnetic.sip.unittests.dll" id="896ac348-a389-5651-d4d6-64e9df8bb49f">
      <Css projectStructure="" iteration="" />
      <Owners>
        <Owner name="" />
      </Owners>
      <Execution id="4f344ffa-4cad-46a7-8352-6300299889bd" />
      <TestMethod codeBase="D:/Business/Development/Konnetic/UnifySipApi/Production/Src/Konnetic Unify SIP API/Konnetic.Sip.UnitTests/bin/Debug/Konnetic.Sip.UnitTests.DLL" adapterTypeName="Microsoft.VisualStudio.TestTools.TestTypes.Unit.UnitTestAdapter, Microsoft.VisualStudio.QualityTools.Tips.UnitTest.Adapter" className="Konnetic.Sip.UnitTests.ParamatizedHeaderFieldAdapter, Konnetic.Sip.UnitTests, Version=1.0.3676.32754, Culture=neutral, PublicKeyToken=null" name="GetStringValueTest" />
    </UnitTest>
    <UnitTest name="EqualsTest3" storage="konnetic.sip.unittests.dll" id="b8fef058-4142-c9b3-a026-0aed8febe1da">
      <Css projectStructure="" iteration="" />
      <Owners>
        <Owner name="" />
      </Owners>
      <Execution id="7ce92194-6cda-4bb1-8e0c-ab66e6e255a4" />
      <TestMethod codeBase="D:/Business/Development/Konnetic/UnifySipApi/Production/Src/Konnetic Unify SIP API/Konnetic.Sip.UnitTests/bin/Debug/Konnetic.Sip.UnitTests.DLL" adapterTypeName="Microsoft.VisualStudio.TestTools.TestTypes.Unit.UnitTestAdapter, Microsoft.VisualStudio.QualityTools.Tips.UnitTest.Adapter" className="Konnetic.Sip.UnitTests.AcceptLanguageHeaderFieldAdapter, Konnetic.Sip.UnitTests, Version=1.0.3676.32754, Culture=neutral, PublicKeyToken=null" name="EqualsTest3" />
    </UnitTest>
    <UnitTest name="RouteHeaderFieldConstructorTest1" storage="konnetic.sip.unittests.dll" id="98c4f005-6650-258b-7d09-815731c1f6fb">
      <Css projectStructure="" iteration="" />
      <Owners>
        <Owner name="" />
      </Owners>
      <Execution id="428589ca-935b-42d1-8181-7b4974474692" />
      <TestMethod codeBase="D:/Business/Development/Konnetic/UnifySipApi/Production/Src/Konnetic Unify SIP API/Konnetic.Sip.UnitTests/bin/Debug/Konnetic.Sip.UnitTests.DLL" adapterTypeName="Microsoft.VisualStudio.TestTools.TestTypes.Unit.UnitTestAdapter, Microsoft.VisualStudio.QualityTools.Tips.UnitTest.Adapter" className="Konnetic.Sip.UnitTests.RouteHeaderFieldAdapter, Konnetic.Sip.UnitTests, Version=1.0.3676.32754, Culture=neutral, PublicKeyToken=null" name="RouteHeaderFieldConstructorTest1" />
    </UnitTest>
    <UnitTest name="EqualsTest3" storage="konnetic.sip.unittests.dll" id="f9b7d80a-a952-9b08-5f2f-c65934bef448">
      <Css projectStructure="" iteration="" />
      <Owners>
        <Owner name="" />
      </Owners>
      <Execution id="69d6e9a6-723d-4a87-a091-f89a75add928" />
      <TestMethod codeBase="D:/Business/Development/Konnetic/UnifySipApi/Production/Src/Konnetic Unify SIP API/Konnetic.Sip.UnitTests/bin/Debug/Konnetic.Sip.UnitTests.DLL" adapterTypeName="Microsoft.VisualStudio.TestTools.TestTypes.Unit.UnitTestAdapter, Microsoft.VisualStudio.QualityTools.Tips.UnitTest.Adapter" className="Konnetic.Sip.UnitTests.ToHeaderFieldAdapter, Konnetic.Sip.UnitTests, Version=1.0.3676.32754, Culture=neutral, PublicKeyToken=null" name="EqualsTest3" />
    </UnitTest>
    <UnitTest name="ServerHeaderFieldConstructorTest1" storage="konnetic.sip.unittests.dll" id="0c961700-c9e8-4fba-e67e-c65cff4c1efe">
      <Css projectStructure="" iteration="" />
      <Owners>
        <Owner name="" />
      </Owners>
      <Execution id="03f93124-5615-4e59-ae6a-c9d82bdd133c" />
      <TestMethod codeBase="D:/Business/Development/Konnetic/UnifySipApi/Production/Src/Konnetic Unify SIP API/Konnetic.Sip.UnitTests/bin/Debug/Konnetic.Sip.UnitTests.DLL" adapterTypeName="Microsoft.VisualStudio.TestTools.TestTypes.Unit.UnitTestAdapter, Microsoft.VisualStudio.QualityTools.Tips.UnitTest.Adapter" className="Konnetic.Sip.UnitTests.ServerHeaderFieldAdapter, Konnetic.Sip.UnitTests, Version=1.0.3676.32754, Culture=neutral, PublicKeyToken=null" name="ServerHeaderFieldConstructorTest1" />
    </UnitTest>
    <UnitTest name="IsValidTest" storage="konnetic.sip.unittests.dll" id="54d3fe58-799f-1150-2727-d2fbf7e10829">
      <Css projectStructure="" iteration="" />
      <Owners>
        <Owner name="" />
      </Owners>
      <Execution id="b8d97c30-f615-4dcc-abbc-9ed73d9eb8e3" />
      <TestMethod codeBase="D:/Business/Development/Konnetic/UnifySipApi/Production/Src/Konnetic Unify SIP API/Konnetic.Sip.UnitTests/bin/Debug/Konnetic.Sip.UnitTests.DLL" adapterTypeName="Microsoft.VisualStudio.TestTools.TestTypes.Unit.UnitTestAdapter, Microsoft.VisualStudio.QualityTools.Tips.UnitTest.Adapter" className="Konnetic.Sip.UnitTests.SecurityHeaderFieldAdapter, Konnetic.Sip.UnitTests, Version=1.0.3676.32754, Culture=neutral, PublicKeyToken=null" name="IsValidTest" />
    </UnitTest>
    <UnitTest name="RequestLineHeaderFieldConstructorTest1" storage="konnetic.sip.unittests.dll" id="150fbbdc-eaf6-212c-1667-0c42957a066b">
      <Css projectStructure="" iteration="" />
      <Owners>
        <Owner name="" />
      </Owners>
      <Execution id="65b9d9c6-e596-4777-9b64-7f4aacec221d" />
      <TestMethod codeBase="D:/Business/Development/Konnetic/UnifySipApi/Production/Src/Konnetic Unify SIP API/Konnetic.Sip.UnitTests/bin/Debug/Konnetic.Sip.UnitTests.DLL" adapterTypeName="Microsoft.VisualStudio.TestTools.TestTypes.Unit.UnitTestAdapter, Microsoft.VisualStudio.QualityTools.Tips.UnitTest.Adapter" className="Konnetic.Sip.UnitTests.RequestLineHeaderFieldAdapter, Konnetic.Sip.UnitTests, Version=1.0.3676.32754, Culture=neutral, PublicKeyToken=null" name="RequestLineHeaderFieldConstructorTest1" />
    </UnitTest>
    <UnitTest name="TimeToLiveTest" storage="konnetic.sip.unittests.dll" id="888fec28-389e-a583-098f-b6f95f3a14b8">
      <Css projectStructure="" iteration="" />
      <Owners>
        <Owner name="" />
      </Owners>
      <Execution id="432a8c4a-398f-45a0-8ee4-9efa681f029c" />
      <TestMethod codeBase="D:/Business/Development/Konnetic/UnifySipApi/Production/Src/Konnetic Unify SIP API/Konnetic.Sip.UnitTests/bin/Debug/Konnetic.Sip.UnitTests.DLL" adapterTypeName="Microsoft.VisualStudio.TestTools.TestTypes.Unit.UnitTestAdapter, Microsoft.VisualStudio.QualityTools.Tips.UnitTest.Adapter" className="Konnetic.Sip.UnitTests.ViaHeaderFieldAdapter, Konnetic.Sip.UnitTests, Version=1.0.3676.32754, Culture=neutral, PublicKeyToken=null" name="TimeToLiveTest" />
    </UnitTest>
    <UnitTest name="CloneTest" storage="konnetic.sip.unittests.dll" id="4a7ce450-da20-7255-3fb2-7b7aeb5a68ed">
      <Css projectStructure="" iteration="" />
      <Owners>
        <Owner name="" />
      </Owners>
      <Execution id="f6000bee-68e7-4fc5-a570-eea95217e630" />
      <TestMethod codeBase="D:/Business/Development/Konnetic/UnifySipApi/Production/Src/Konnetic Unify SIP API/Konnetic.Sip.UnitTests/bin/Debug/Konnetic.Sip.UnitTests.DLL" adapterTypeName="Microsoft.VisualStudio.TestTools.TestTypes.Unit.UnitTestAdapter, Microsoft.VisualStudio.QualityTools.Tips.UnitTest.Adapter" className="Konnetic.Sip.UnitTests.SupportedHeaderFieldAdapter, Konnetic.Sip.UnitTests, Version=1.0.3676.32754, Culture=neutral, PublicKeyToken=null" name="CloneTest" />
    </UnitTest>
    <UnitTest name="ToUriStringTest" storage="konnetic.sip.unittests.dll" id="43bb3858-859b-37a1-fcbc-30a05cfb698d">
      <Css projectStructure="" iteration="" />
      <Owners>
        <Owner name="" />
      </Owners>
      <Execution id="12d4cd02-c190-4fdf-9f8e-5d3e5f902a81" />
      <TestMethod codeBase="D:/Business/Development/Konnetic/UnifySipApi/Production/Src/Konnetic Unify SIP API/Konnetic.Sip.UnitTests/bin/Debug/Konnetic.Sip.UnitTests.DLL" adapterTypeName="Microsoft.VisualStudio.TestTools.TestTypes.Unit.UnitTestAdapter, Microsoft.VisualStudio.QualityTools.Tips.UnitTest.Adapter" className="Konnetic.Sip.UnitTests.HeaderFieldCollectionAdapter, Konnetic.Sip.UnitTests, Version=1.0.3676.32754, Culture=neutral, PublicKeyToken=null" name="ToUriStringTest" />
    </UnitTest>
    <UnitTest name="op_ExplicitTest" storage="konnetic.sip.unittests.dll" id="9e563c9b-580f-9e4b-a429-fe9560fd6933">
      <Css projectStructure="" iteration="" />
      <Owners>
        <Owner name="" />
      </Owners>
      <Execution id="743f4df6-69f3-47f8-a012-ffddceda75b3" />
      <TestMethod codeBase="D:/Business/Development/Konnetic/UnifySipApi/Production/Src/Konnetic Unify SIP API/Konnetic.Sip.UnitTests/bin/Debug/Konnetic.Sip.UnitTests.DLL" adapterTypeName="Microsoft.VisualStudio.TestTools.TestTypes.Unit.UnitTestAdapter, Microsoft.VisualStudio.QualityTools.Tips.UnitTest.Adapter" className="Konnetic.Sip.UnitTests.AuthorizationHeaderFieldAdapter, Konnetic.Sip.UnitTests, Version=1.0.3676.32754, Culture=neutral, PublicKeyToken=null" name="op_ExplicitTest" />
    </UnitTest>
    <UnitTest name="NextCountAllTest1" storage="konnetic.sip.unittests.dll" id="8562f742-9517-c34d-03a9-bab2acf0de01">
      <Css projectStructure="" iteration="" />
      <Owners>
        <Owner name="" />
      </Owners>
      <Execution id="4261fbe7-7b0a-4756-b041-df0ce6fce70a" />
      <TestMethod codeBase="D:/Business/Development/Konnetic/UnifySipApi/Production/Src/Konnetic Unify SIP API/Konnetic.Sip.UnitTests/bin/Debug/Konnetic.Sip.UnitTests.DLL" adapterTypeName="Microsoft.VisualStudio.TestTools.TestTypes.Unit.UnitTestAdapter, Microsoft.VisualStudio.QualityTools.Tips.UnitTest.Adapter" className="Konnetic.Sip.UnitTests.AuthenticationInfoHeaderFieldAdapter, Konnetic.Sip.UnitTests, Version=1.0.3676.32754, Culture=neutral, PublicKeyToken=null" name="NextCountAllTest1" />
    </UnitTest>
    <UnitTest name="ParseTest" storage="konnetic.sip.unittests.dll" id="60b5deab-503e-1879-5b48-e44c787b6065">
      <Css projectStructure="" iteration="" />
      <Owners>
        <Owner name="" />
      </Owners>
      <Execution id="d55b6f63-61aa-44b2-b628-8aeff89511c2" />
      <TestMethod codeBase="D:/Business/Development/Konnetic/UnifySipApi/Production/Src/Konnetic Unify SIP API/Konnetic.Sip.UnitTests/bin/Debug/Konnetic.Sip.UnitTests.DLL" adapterTypeName="Microsoft.VisualStudio.TestTools.TestTypes.Unit.UnitTestAdapter, Microsoft.VisualStudio.QualityTools.Tips.UnitTest.Adapter" className="Konnetic.Sip.UnitTests.MediaTypeHeaderFieldAdapter, Konnetic.Sip.UnitTests, Version=1.0.3676.32754, Culture=neutral, PublicKeyToken=null" name="ParseTest" />
    </UnitTest>
    <UnitTest name="CallIDTest" storage="konnetic.sip.unittests.dll" id="476523d4-b8cd-6990-9a73-441f396672eb">
      <Css projectStructure="" iteration="" />
      <Owners>
        <Owner name="" />
      </Owners>
      <Execution id="22308533-c482-45d5-8516-260874cf3a83" />
      <TestMethod codeBase="D:/Business/Development/Konnetic/UnifySipApi/Production/Src/Konnetic Unify SIP API/Konnetic.Sip.UnitTests/bin/Debug/Konnetic.Sip.UnitTests.DLL" adapterTypeName="Microsoft.VisualStudio.TestTools.TestTypes.Unit.UnitTestAdapter, Microsoft.VisualStudio.QualityTools.Tips.UnitTest.Adapter" className="Konnetic.Sip.UnitTests.InviteAdapter, Konnetic.Sip.UnitTests, Version=1.0.3676.32754, Culture=neutral, PublicKeyToken=null" name="CallIDTest" />
    </UnitTest>
    <UnitTest name="HeadersTest" storage="konnetic.sip.unittests.dll" id="a14026f5-0dea-e60a-cd45-d17847802a93">
      <Css projectStructure="" iteration="" />
      <Owners>
        <Owner name="" />
      </Owners>
      <Execution id="bab95586-7607-4956-baca-2e66ae396cee" />
      <TestMethod codeBase="D:/Business/Development/Konnetic/UnifySipApi/Production/Src/Konnetic Unify SIP API/Konnetic.Sip.UnitTests/bin/Debug/Konnetic.Sip.UnitTests.DLL" adapterTypeName="Microsoft.VisualStudio.TestTools.TestTypes.Unit.UnitTestAdapter, Microsoft.VisualStudio.QualityTools.Tips.UnitTest.Adapter" className="Konnetic.Sip.UnitTests.SipUriAdapter, Konnetic.Sip.UnitTests, Version=1.0.3676.32754, Culture=neutral, PublicKeyToken=null" name="HeadersTest" />
    </UnitTest>
    <UnitTest name="ResponseAuthTest1" storage="konnetic.sip.unittests.dll" id="8a491826-af2b-4194-9a57-367d7e895c8e">
      <Css projectStructure="" iteration="" />
      <Owners>
        <Owner name="" />
      </Owners>
      <Execution id="bdb906ab-df95-4da9-b403-5fa03e9119c9" />
      <TestMethod codeBase="D:/Business/Development/Konnetic/UnifySipApi/Production/Src/Konnetic Unify SIP API/Konnetic.Sip.UnitTests/bin/Debug/Konnetic.Sip.UnitTests.DLL" adapterTypeName="Microsoft.VisualStudio.TestTools.TestTypes.Unit.UnitTestAdapter, Microsoft.VisualStudio.QualityTools.Tips.UnitTest.Adapter" className="Konnetic.Sip.UnitTests.AuthenticationInfoHeaderFieldAdapter, Konnetic.Sip.UnitTests, Version=1.0.3676.32754, Culture=neutral, PublicKeyToken=null" name="ResponseAuthTest1" expectedException="Konnetic.Sip.SipFormatException, Konnetic.Sip, Version=1.0.3676.32752, Culture=neutral, PublicKeyToken=null" />
    </UnitTest>
    <UnitTest name="AlertInfoHeaderFieldConstructorTest1" storage="konnetic.sip.unittests.dll" id="2d6b8ba7-4c5f-7dd3-8ecc-e87fa0c97e39">
      <Css projectStructure="" iteration="" />
      <Owners>
        <Owner name="" />
      </Owners>
      <Execution id="faf267a4-dc27-4430-804a-3e1840c24f2f" />
      <TestMethod codeBase="D:/Business/Development/Konnetic/UnifySipApi/Production/Src/Konnetic Unify SIP API/Konnetic.Sip.UnitTests/bin/Debug/Konnetic.Sip.UnitTests.DLL" adapterTypeName="Microsoft.VisualStudio.TestTools.TestTypes.Unit.UnitTestAdapter, Microsoft.VisualStudio.QualityTools.Tips.UnitTest.Adapter" className="Konnetic.Sip.UnitTests.AlertInfoHeaderFieldAdapter, Konnetic.Sip.UnitTests, Version=1.0.3676.32754, Culture=neutral, PublicKeyToken=null" name="AlertInfoHeaderFieldConstructorTest1" />
    </UnitTest>
    <UnitTest name="OrganizationTest" storage="konnetic.sip.unittests.dll" id="686d845e-146e-7ebf-ee2c-eb408614cc86">
      <Css projectStructure="" iteration="" />
      <Owners>
        <Owner name="" />
      </Owners>
      <Execution id="0aa00086-8353-4702-96fe-e38f2028b4f9" />
      <TestMethod codeBase="D:/Business/Development/Konnetic/UnifySipApi/Production/Src/Konnetic Unify SIP API/Konnetic.Sip.UnitTests/bin/Debug/Konnetic.Sip.UnitTests.DLL" adapterTypeName="Microsoft.VisualStudio.TestTools.TestTypes.Unit.UnitTestAdapter, Microsoft.VisualStudio.QualityTools.Tips.UnitTest.Adapter" className="Konnetic.Sip.UnitTests.OrganizationHeaderFieldAdapter, Konnetic.Sip.UnitTests, Version=1.0.3676.32754, Culture=neutral, PublicKeyToken=null" name="OrganizationTest" />
    </UnitTest>
    <UnitTest name="MaxForwardsHeaderFieldConstructorTest2" storage="konnetic.sip.unittests.dll" id="8cbb00bd-45a0-0019-d8be-fedec8a263dc">
      <Css projectStructure="" iteration="" />
      <Owners>
        <Owner name="" />
      </Owners>
      <Execution id="1b76a67e-c6e8-4f52-bc63-b2f0d9168a69" />
      <TestMethod codeBase="D:/Business/Development/Konnetic/UnifySipApi/Production/Src/Konnetic Unify SIP API/Konnetic.Sip.UnitTests/bin/Debug/Konnetic.Sip.UnitTests.DLL" adapterTypeName="Microsoft.VisualStudio.TestTools.TestTypes.Unit.UnitTestAdapter, Microsoft.VisualStudio.QualityTools.Tips.UnitTest.Adapter" className="Konnetic.Sip.UnitTests.MaxForwardsHeaderFieldAdapter, Konnetic.Sip.UnitTests, Version=1.0.3676.32754, Culture=neutral, PublicKeyToken=null" name="MaxForwardsHeaderFieldConstructorTest2" />
    </UnitTest>
    <UnitTest name="TimeToLiveTest3" storage="konnetic.sip.unittests.dll" id="63b458f5-1f17-a79f-0166-869c7e2992b2">
      <Css projectStructure="" iteration="" />
      <Owners>
        <Owner name="" />
      </Owners>
      <Execution id="1de59cb5-d34d-45f4-b8db-2a01a3e77515" />
      <TestMethod codeBase="D:/Business/Development/Konnetic/UnifySipApi/Production/Src/Konnetic Unify SIP API/Konnetic.Sip.UnitTests/bin/Debug/Konnetic.Sip.UnitTests.DLL" adapterTypeName="Microsoft.VisualStudio.TestTools.TestTypes.Unit.UnitTestAdapter, Microsoft.VisualStudio.QualityTools.Tips.UnitTest.Adapter" className="Konnetic.Sip.UnitTests.SipUriAdapter, Konnetic.Sip.UnitTests, Version=1.0.3676.32754, Culture=neutral, PublicKeyToken=null" name="TimeToLiveTest3" expectedException="Konnetic.Sip.SipUriFormatException, Konnetic.Sip, Version=1.0.3676.32752, Culture=neutral, PublicKeyToken=null" />
    </UnitTest>
    <UnitTest name="CancelTest" storage="konnetic.sip.unittests.dll" id="a03fc25c-4fe7-be96-59d7-028c1359a2c2">
      <Css projectStructure="" iteration="" />
      <Owners>
        <Owner name="" />
      </Owners>
      <Execution id="6809f127-2b1e-4b8c-8824-34165d24aa20" />
      <TestMethod codeBase="D:/Business/Development/Konnetic/UnifySipApi/Production/Src/Konnetic Unify SIP API/Konnetic.Sip.UnitTests/bin/Debug/Konnetic.Sip.UnitTests.DLL" adapterTypeName="Microsoft.VisualStudio.TestTools.TestTypes.Unit.UnitTestAdapter, Microsoft.VisualStudio.QualityTools.Tips.UnitTest.Adapter" className="Konnetic.Sip.UnitTests.HeaderFieldEventArgsAdapter, Konnetic.Sip.UnitTests, Version=1.0.3676.32754, Culture=neutral, PublicKeyToken=null" name="CancelTest" />
    </UnitTest>
    <UnitTest name="MinSecondsTest" storage="konnetic.sip.unittests.dll" id="e64ea3f0-79d9-94d9-e80b-e81c374ff5d6">
      <Css projectStructure="" iteration="" />
      <Owners>
        <Owner name="" />
      </Owners>
      <Execution id="de3cb3e6-5136-4e78-bb49-04594df81d3c" />
      <TestMethod codeBase="D:/Business/Development/Konnetic/UnifySipApi/Production/Src/Konnetic Unify SIP API/Konnetic.Sip.UnitTests/bin/Debug/Konnetic.Sip.UnitTests.DLL" adapterTypeName="Microsoft.VisualStudio.TestTools.TestTypes.Unit.UnitTestAdapter, Microsoft.VisualStudio.QualityTools.Tips.UnitTest.Adapter" className="Konnetic.Sip.UnitTests.SecondsHeaderFieldAdapter, Konnetic.Sip.UnitTests, Version=1.0.3676.32754, Culture=neutral, PublicKeyToken=null" name="MinSecondsTest" />
    </UnitTest>
    <UnitTest name="GetStringValueTest" storage="konnetic.sip.unittests.dll" id="912946f4-daba-7f85-27a2-ebcf265c7db0">
      <Css projectStructure="" iteration="" />
      <Owners>
        <Owner name="" />
      </Owners>
      <Execution id="39388209-019b-4f97-aa63-794a688cce50" />
      <TestMethod codeBase="D:/Business/Development/Konnetic/UnifySipApi/Production/Src/Konnetic Unify SIP API/Konnetic.Sip.UnitTests/bin/Debug/Konnetic.Sip.UnitTests.DLL" adapterTypeName="Microsoft.VisualStudio.TestTools.TestTypes.Unit.UnitTestAdapter, Microsoft.VisualStudio.QualityTools.Tips.UnitTest.Adapter" className="Konnetic.Sip.UnitTests.AcceptLanguageHeaderFieldAdapter, Konnetic.Sip.UnitTests, Version=1.0.3676.32754, Culture=neutral, PublicKeyToken=null" name="GetStringValueTest" />
    </UnitTest>
    <UnitTest name="ToBytesTest" storage="konnetic.sip.unittests.dll" id="498cdc58-e9d9-f776-fd88-555fa30fb569">
      <Css projectStructure="" iteration="" />
      <Owners>
        <Owner name="" />
      </Owners>
      <Execution id="70a12f65-0f48-4ce4-be2a-2e4b934eac70" />
      <TestMethod codeBase="D:/Business/Development/Konnetic/UnifySipApi/Production/Src/Konnetic Unify SIP API/Konnetic.Sip.UnitTests/bin/Debug/Konnetic.Sip.UnitTests.DLL" adapterTypeName="Microsoft.VisualStudio.TestTools.TestTypes.Unit.UnitTestAdapter, Microsoft.VisualStudio.QualityTools.Tips.UnitTest.Adapter" className="Konnetic.Sip.UnitTests.CallIdHeaderFieldAdapter, Konnetic.Sip.UnitTests, Version=1.0.3676.32754, Culture=neutral, PublicKeyToken=null" name="ToBytesTest" />
    </UnitTest>
    <UnitTest name="CloneTest" storage="konnetic.sip.unittests.dll" id="18e01e5b-7430-c808-383e-eb734fc2d287">
      <Css projectStructure="" iteration="" />
      <Owners>
        <Owner name="" />
      </Owners>
      <Execution id="b59f371a-1411-4d8c-82c1-7460c739c960" />
      <TestMethod codeBase="D:/Business/Development/Konnetic/UnifySipApi/Production/Src/Konnetic Unify SIP API/Konnetic.Sip.UnitTests/bin/Debug/Konnetic.Sip.UnitTests.DLL" adapterTypeName="Microsoft.VisualStudio.TestTools.TestTypes.Unit.UnitTestAdapter, Microsoft.VisualStudio.QualityTools.Tips.UnitTest.Adapter" className="Konnetic.Sip.UnitTests.MaxForwardsHeaderFieldAdapter, Konnetic.Sip.UnitTests, Version=1.0.3676.32754, Culture=neutral, PublicKeyToken=null" name="CloneTest" />
    </UnitTest>
    <UnitTest name="AddHeaderTest" storage="konnetic.sip.unittests.dll" id="8c19eba2-2e64-3ebc-bbab-11d0e56db202">
      <Css projectStructure="" iteration="" />
      <Owners>
        <Owner name="" />
      </Owners>
      <DeploymentItems>
        <DeploymentItem filename="Konnetic.Sip.dll" />
      </DeploymentItems>
      <Execution id="8a18bb59-49bd-4cde-9808-57995a416d29" />
      <TestMethod codeBase="D:/Business/Development/Konnetic/UnifySipApi/Production/Src/Konnetic Unify SIP API/Konnetic.Sip.UnitTests/bin/Debug/Konnetic.Sip.UnitTests.DLL" adapterTypeName="Microsoft.VisualStudio.TestTools.TestTypes.Unit.UnitTestAdapter, Microsoft.VisualStudio.QualityTools.Tips.UnitTest.Adapter" className="Konnetic.Sip.UnitTests.SipMessageAdapter, Konnetic.Sip.UnitTests, Version=1.0.3676.32754, Culture=neutral, PublicKeyToken=null" name="AddHeaderTest" />
    </UnitTest>
    <UnitTest name="TransportTest" storage="konnetic.sip.unittests.dll" id="89cbdba0-e045-1e63-b636-4eeb96f685e8">
      <Css projectStructure="" iteration="" />
      <Owners>
        <Owner name="" />
      </Owners>
      <Execution id="ebbdf8a4-72c5-4060-bf50-543281c155da" />
      <TestMethod codeBase="D:/Business/Development/Konnetic/UnifySipApi/Production/Src/Konnetic Unify SIP API/Konnetic.Sip.UnitTests/bin/Debug/Konnetic.Sip.UnitTests.DLL" adapterTypeName="Microsoft.VisualStudio.TestTools.TestTypes.Unit.UnitTestAdapter, Microsoft.VisualStudio.QualityTools.Tips.UnitTest.Adapter" className="Konnetic.Sip.UnitTests.SipUriAdapter, Konnetic.Sip.UnitTests, Version=1.0.3676.32754, Culture=neutral, PublicKeyToken=null" name="TransportTest" />
    </UnitTest>
    <UnitTest name="ExpiresHeaderFieldConstructorTest1" storage="konnetic.sip.unittests.dll" id="47b07c14-56d5-d8fc-f6c9-99ec15fac313">
      <Css projectStructure="" iteration="" />
      <Owners>
        <Owner name="" />
      </Owners>
      <Execution id="62c47158-c57a-4205-99be-00c849b011b8" />
      <TestMethod codeBase="D:/Business/Development/Konnetic/UnifySipApi/Production/Src/Konnetic Unify SIP API/Konnetic.Sip.UnitTests/bin/Debug/Konnetic.Sip.UnitTests.DLL" adapterTypeName="Microsoft.VisualStudio.TestTools.TestTypes.Unit.UnitTestAdapter, Microsoft.VisualStudio.QualityTools.Tips.UnitTest.Adapter" className="Konnetic.Sip.UnitTests.ExpiresHeaderFieldAdapter, Konnetic.Sip.UnitTests, Version=1.0.3676.32754, Culture=neutral, PublicKeyToken=null" name="ExpiresHeaderFieldConstructorTest1" />
    </UnitTest>
    <UnitTest name="ParseTest2" storage="konnetic.sip.unittests.dll" id="d3a207fe-8216-3c22-b324-6da031a387b5">
      <Css projectStructure="" iteration="" />
      <Owners>
        <Owner name="" />
      </Owners>
      <Execution id="31e2d973-df4c-4de6-8531-41209921af94" />
      <TestMethod codeBase="D:/Business/Development/Konnetic/UnifySipApi/Production/Src/Konnetic Unify SIP API/Konnetic.Sip.UnitTests/bin/Debug/Konnetic.Sip.UnitTests.DLL" adapterTypeName="Microsoft.VisualStudio.TestTools.TestTypes.Unit.UnitTestAdapter, Microsoft.VisualStudio.QualityTools.Tips.UnitTest.Adapter" className="Konnetic.Sip.UnitTests.MinExpiresHeaderFieldAdapter, Konnetic.Sip.UnitTests, Version=1.0.3676.32754, Culture=neutral, PublicKeyToken=null" name="ParseTest2" />
    </UnitTest>
    <UnitTest name="EqualsTest" storage="konnetic.sip.unittests.dll" id="d9ee298b-fb9a-9d11-6d93-cb9cf649019e">
      <Css projectStructure="" iteration="" />
      <Owners>
        <Owner name="" />
      </Owners>
      <Execution id="73f14df2-be41-4277-8cd3-d9b4ab001473" />
      <TestMethod codeBase="D:/Business/Development/Konnetic/UnifySipApi/Production/Src/Konnetic Unify SIP API/Konnetic.Sip.UnitTests/bin/Debug/Konnetic.Sip.UnitTests.DLL" adapterTypeName="Microsoft.VisualStudio.TestTools.TestTypes.Unit.UnitTestAdapter, Microsoft.VisualStudio.QualityTools.Tips.UnitTest.Adapter" className="Konnetic.Sip.UnitTests.AuthorizationHeaderFieldBaseAdapter, Konnetic.Sip.UnitTests, Version=1.0.3676.32754, Culture=neutral, PublicKeyToken=null" name="EqualsTest" />
    </UnitTest>
    <UnitTest name="CloneTest" storage="konnetic.sip.unittests.dll" id="a1f2ed90-96f8-ae32-7c39-50d89244e537">
      <Css projectStructure="" iteration="" />
      <Owners>
        <Owner name="" />
      </Owners>
      <Execution id="b4db364e-9b0f-4998-a13f-54c09a6aeb7b" />
      <TestMethod codeBase="D:/Business/Development/Konnetic/UnifySipApi/Production/Src/Konnetic Unify SIP API/Konnetic.Sip.UnitTests/bin/Debug/Konnetic.Sip.UnitTests.DLL" adapterTypeName="Microsoft.VisualStudio.TestTools.TestTypes.Unit.UnitTestAdapter, Microsoft.VisualStudio.QualityTools.Tips.UnitTest.Adapter" className="Konnetic.Sip.UnitTests.AuthHeaderFieldGroupAdapter, Konnetic.Sip.UnitTests, Version=1.0.3676.32754, Culture=neutral, PublicKeyToken=null" name="CloneTest" />
    </UnitTest>
    <UnitTest name="ParseTest" storage="konnetic.sip.unittests.dll" id="fd20c522-5576-c06c-0b52-c93ed8497413">
      <Css projectStructure="" iteration="" />
      <Owners>
        <Owner name="" />
      </Owners>
      <Execution id="2d7bd4fa-69b7-4e3e-8d52-f7d7a057044c" />
      <TestMethod codeBase="D:/Business/Development/Konnetic/UnifySipApi/Production/Src/Konnetic Unify SIP API/Konnetic.Sip.UnitTests/bin/Debug/Konnetic.Sip.UnitTests.DLL" adapterTypeName="Microsoft.VisualStudio.TestTools.TestTypes.Unit.UnitTestAdapter, Microsoft.VisualStudio.QualityTools.Tips.UnitTest.Adapter" className="Konnetic.Sip.UnitTests.GenericHeaderFieldAdapter, Konnetic.Sip.UnitTests, Version=1.0.3676.32754, Culture=neutral, PublicKeyToken=null" name="ParseTest" />
    </UnitTest>
    <UnitTest name="IsSynchronizedTest" storage="konnetic.sip.unittests.dll" id="c9c91e4c-bf85-1e35-0ceb-8a3bd1b83f3b">
      <Css projectStructure="" iteration="" />
      <Owners>
        <Owner name="" />
      </Owners>
      <Execution id="b5b17a7b-e59f-467e-8092-af9ae89c8ff5" />
      <TestMethod codeBase="D:/Business/Development/Konnetic/UnifySipApi/Production/Src/Konnetic Unify SIP API/Konnetic.Sip.UnitTests/bin/Debug/Konnetic.Sip.UnitTests.DLL" adapterTypeName="Microsoft.VisualStudio.TestTools.TestTypes.Unit.UnitTestAdapter, Microsoft.VisualStudio.QualityTools.Tips.UnitTest.Adapter" className="Konnetic.Sip.UnitTests.HeaderFieldGroupAdapter, Konnetic.Sip.UnitTests, Version=1.0.3676.32754, Culture=neutral, PublicKeyToken=null" name="IsSynchronizedTest" />
    </UnitTest>
    <UnitTest name="GetStringValueTest" storage="konnetic.sip.unittests.dll" id="8a4bb0af-ec6e-330f-3e0e-62aa326a9c22">
      <Css projectStructure="" iteration="" />
      <Owners>
        <Owner name="" />
      </Owners>
      <Execution id="aea1c77f-438e-4b94-9e34-d05c4df55c0e" />
      <TestMethod codeBase="D:/Business/Development/Konnetic/UnifySipApi/Production/Src/Konnetic Unify SIP API/Konnetic.Sip.UnitTests/bin/Debug/Konnetic.Sip.UnitTests.DLL" adapterTypeName="Microsoft.VisualStudio.TestTools.TestTypes.Unit.UnitTestAdapter, Microsoft.VisualStudio.QualityTools.Tips.UnitTest.Adapter" className="Konnetic.Sip.UnitTests.SecurityHeaderFieldBaseAdapter, Konnetic.Sip.UnitTests, Version=1.0.3676.32754, Culture=neutral, PublicKeyToken=null" name="GetStringValueTest" />
    </UnitTest>
    <UnitTest name="ParseTest" storage="konnetic.sip.unittests.dll" id="79b6aa59-e79b-62fb-e9e1-581db6fcb659">
      <Css projectStructure="" iteration="" />
      <Owners>
        <Owner name="" />
      </Owners>
      <Execution id="25e21aa4-d9d5-45e3-9d29-02c31e85ae1e" />
      <TestMethod codeBase="D:/Business/Development/Konnetic/UnifySipApi/Production/Src/Konnetic Unify SIP API/Konnetic.Sip.UnitTests/bin/Debug/Konnetic.Sip.UnitTests.DLL" adapterTypeName="Microsoft.VisualStudio.TestTools.TestTypes.Unit.UnitTestAdapter, Microsoft.VisualStudio.QualityTools.Tips.UnitTest.Adapter" className="Konnetic.Sip.UnitTests.RouteHeaderFieldAdapter, Konnetic.Sip.UnitTests, Version=1.0.3676.32754, Culture=neutral, PublicKeyToken=null" name="ParseTest" />
    </UnitTest>
    <UnitTest name="EqualsTest" storage="konnetic.sip.unittests.dll" id="5fda116a-34f1-b84a-648e-d03322e1974c">
      <Css projectStructure="" iteration="" />
      <Owners>
        <Owner name="" />
      </Owners>
      <Execution id="40331ab9-5e3f-40b0-8051-4e4ba63466cb" />
      <TestMethod codeBase="D:/Business/Development/Konnetic/UnifySipApi/Production/Src/Konnetic Unify SIP API/Konnetic.Sip.UnitTests/bin/Debug/Konnetic.Sip.UnitTests.DLL" adapterTypeName="Microsoft.VisualStudio.TestTools.TestTypes.Unit.UnitTestAdapter, Microsoft.VisualStudio.QualityTools.Tips.UnitTest.Adapter" className="Konnetic.Sip.UnitTests.SupportedHeaderFieldAdapter, Konnetic.Sip.UnitTests, Version=1.0.3676.32754, Culture=neutral, PublicKeyToken=null" name="EqualsTest" />
    </UnitTest>
    <UnitTest name="NonceTest" storage="konnetic.sip.unittests.dll" id="1d2f353a-18b0-7375-7df9-ce86d961fabc">
      <Css projectStructure="" iteration="" />
      <Owners>
        <Owner name="" />
      </Owners>
      <Execution id="bf75605e-8280-432a-9380-0aa9b357f3b5" />
      <TestMethod codeBase="D:/Business/Development/Konnetic/UnifySipApi/Production/Src/Konnetic Unify SIP API/Konnetic.Sip.UnitTests/bin/Debug/Konnetic.Sip.UnitTests.DLL" adapterTypeName="Microsoft.VisualStudio.TestTools.TestTypes.Unit.UnitTestAdapter, Microsoft.VisualStudio.QualityTools.Tips.UnitTest.Adapter" className="Konnetic.Sip.UnitTests.SecurityHeaderFieldAdapter, Konnetic.Sip.UnitTests, Version=1.0.3676.32754, Culture=neutral, PublicKeyToken=null" name="NonceTest" />
    </UnitTest>
    <UnitTest name="RequireHeaderFieldConstructorTest" storage="konnetic.sip.unittests.dll" id="deb6c386-1a0d-3cdf-7b7f-fbe2b6d41106">
      <Css projectStructure="" iteration="" />
      <Owners>
        <Owner name="" />
      </Owners>
      <Execution id="5c4c8e6d-b649-457c-853b-5dd4f4cc89f6" />
      <TestMethod codeBase="D:/Business/Development/Konnetic/UnifySipApi/Production/Src/Konnetic Unify SIP API/Konnetic.Sip.UnitTests/bin/Debug/Konnetic.Sip.UnitTests.DLL" adapterTypeName="Microsoft.VisualStudio.TestTools.TestTypes.Unit.UnitTestAdapter, Microsoft.VisualStudio.QualityTools.Tips.UnitTest.Adapter" className="Konnetic.Sip.UnitTests.RequireHeaderFieldAdapter, Konnetic.Sip.UnitTests, Version=1.0.3676.32754, Culture=neutral, PublicKeyToken=null" name="RequireHeaderFieldConstructorTest" />
    </UnitTest>
    <UnitTest name="RemoveAtTest" storage="konnetic.sip.unittests.dll" id="b98d3f84-e9c1-949e-6a89-52af533cabdc">
      <Css projectStructure="" iteration="" />
      <Owners>
        <Owner name="" />
      </Owners>
      <Execution id="fccf6247-3c55-49cc-8872-4c93f9cdfd69" />
      <TestMethod codeBase="D:/Business/Development/Konnetic/UnifySipApi/Production/Src/Konnetic Unify SIP API/Konnetic.Sip.UnitTests/bin/Debug/Konnetic.Sip.UnitTests.DLL" adapterTypeName="Microsoft.VisualStudio.TestTools.TestTypes.Unit.UnitTestAdapter, Microsoft.VisualStudio.QualityTools.Tips.UnitTest.Adapter" className="Konnetic.Sip.UnitTests.HeaderFieldGroupAdapter, Konnetic.Sip.UnitTests, Version=1.0.3676.32754, Culture=neutral, PublicKeyToken=null" name="RemoveAtTest" />
    </UnitTest>
    <UnitTest name="ContentDispositionHeaderFieldConstructorTest2" storage="konnetic.sip.unittests.dll" id="0ccb1409-a625-8ae5-bf80-d22c93abbe88">
      <Css projectStructure="" iteration="" />
      <Owners>
        <Owner name="" />
      </Owners>
      <Execution id="70409a77-8d85-493e-a863-27529630144b" />
      <TestMethod codeBase="D:/Business/Development/Konnetic/UnifySipApi/Production/Src/Konnetic Unify SIP API/Konnetic.Sip.UnitTests/bin/Debug/Konnetic.Sip.UnitTests.DLL" adapterTypeName="Microsoft.VisualStudio.TestTools.TestTypes.Unit.UnitTestAdapter, Microsoft.VisualStudio.QualityTools.Tips.UnitTest.Adapter" className="Konnetic.Sip.UnitTests.ContentDispositionHeaderFieldAdapter, Konnetic.Sip.UnitTests, Version=1.0.3676.32754, Culture=neutral, PublicKeyToken=null" name="ContentDispositionHeaderFieldConstructorTest2" />
    </UnitTest>
    <UnitTest name="ParseTest" storage="konnetic.sip.unittests.dll" id="c8656c06-fe46-8c5d-9a0a-7b056f3a0738">
      <Css projectStructure="" iteration="" />
      <Owners>
        <Owner name="" />
      </Owners>
      <Execution id="aa73baa1-7532-4ffc-a00e-77288da058cd" />
      <TestMethod codeBase="D:/Business/Development/Konnetic/UnifySipApi/Production/Src/Konnetic Unify SIP API/Konnetic.Sip.UnitTests/bin/Debug/Konnetic.Sip.UnitTests.DLL" adapterTypeName="Microsoft.VisualStudio.TestTools.TestTypes.Unit.UnitTestAdapter, Microsoft.VisualStudio.QualityTools.Tips.UnitTest.Adapter" className="Konnetic.Sip.UnitTests.ContentLanguageHeaderFieldAdapter, Konnetic.Sip.UnitTests, Version=1.0.3676.32754, Culture=neutral, PublicKeyToken=null" name="ParseTest" />
    </UnitTest>
    <UnitTest name="EqualsTest1" storage="konnetic.sip.unittests.dll" id="2df960ff-0372-6a1c-8f16-dfbc9b1b7bfe">
      <Css projectStructure="" iteration="" />
      <Owners>
        <Owner name="" />
      </Owners>
      <Execution id="1c8ef097-b7dc-42f3-97c7-d2c40857c4e6" />
      <TestMethod codeBase="D:/Business/Development/Konnetic/UnifySipApi/Production/Src/Konnetic Unify SIP API/Konnetic.Sip.UnitTests/bin/Debug/Konnetic.Sip.UnitTests.DLL" adapterTypeName="Microsoft.VisualStudio.TestTools.TestTypes.Unit.UnitTestAdapter, Microsoft.VisualStudio.QualityTools.Tips.UnitTest.Adapter" className="Konnetic.Sip.UnitTests.SecurityHeaderFieldAdapter, Konnetic.Sip.UnitTests, Version=1.0.3676.32754, Culture=neutral, PublicKeyToken=null" name="EqualsTest1" />
    </UnitTest>
    <UnitTest name="AddTest1a" storage="konnetic.sip.unittests.dll" id="fb88ca7f-cdc7-8360-b83c-e01e3433a330">
      <Css projectStructure="" iteration="" />
      <Owners>
        <Owner name="" />
      </Owners>
      <Execution id="77133648-6cde-4c95-be68-9c3ebaf186d4" />
      <TestMethod codeBase="D:/Business/Development/Konnetic/UnifySipApi/Production/Src/Konnetic Unify SIP API/Konnetic.Sip.UnitTests/bin/Debug/Konnetic.Sip.UnitTests.DLL" adapterTypeName="Microsoft.VisualStudio.TestTools.TestTypes.Unit.UnitTestAdapter, Microsoft.VisualStudio.QualityTools.Tips.UnitTest.Adapter" className="Konnetic.Sip.UnitTests.HeaderFieldCollectionAdapter, Konnetic.Sip.UnitTests, Version=1.0.3676.32754, Culture=neutral, PublicKeyToken=null" name="AddTest1a" expectedException="System.ArgumentException, mscorlib, Version=2.0.0.0, Culture=neutral, PublicKeyToken=b77a5c561934e089" />
    </UnitTest>
    <UnitTest name="ParseTest" storage="konnetic.sip.unittests.dll" id="8b571c8f-e789-1f93-bfe6-26a68b5a12b7">
      <Css projectStructure="" iteration="" />
      <Owners>
        <Owner name="" />
      </Owners>
      <Execution id="1d7a36ce-4eb5-4fb9-95e8-7104016c93e0" />
      <TestMethod codeBase="D:/Business/Development/Konnetic/UnifySipApi/Production/Src/Konnetic Unify SIP API/Konnetic.Sip.UnitTests/bin/Debug/Konnetic.Sip.UnitTests.DLL" adapterTypeName="Microsoft.VisualStudio.TestTools.TestTypes.Unit.UnitTestAdapter, Microsoft.VisualStudio.QualityTools.Tips.UnitTest.Adapter" className="Konnetic.Sip.UnitTests.MimeVersionHeaderFieldAdapter, Konnetic.Sip.UnitTests, Version=1.0.3676.32754, Culture=neutral, PublicKeyToken=null" name="ParseTest" />
    </UnitTest>
    <UnitTest name="CloneTest" storage="konnetic.sip.unittests.dll" id="1d081054-6151-efe7-b3f5-96938a1b23bf">
      <Css projectStructure="" iteration="" />
      <Owners>
        <Owner name="" />
      </Owners>
      <Execution id="708fcb54-426c-49ee-89ae-b20a5e5ab86b" />
      <TestMethod codeBase="D:/Business/Development/Konnetic/UnifySipApi/Production/Src/Konnetic Unify SIP API/Konnetic.Sip.UnitTests/bin/Debug/Konnetic.Sip.UnitTests.DLL" adapterTypeName="Microsoft.VisualStudio.TestTools.TestTypes.Unit.UnitTestAdapter, Microsoft.VisualStudio.QualityTools.Tips.UnitTest.Adapter" className="Konnetic.Sip.UnitTests.OrganizationHeaderFieldAdapter, Konnetic.Sip.UnitTests, Version=1.0.3676.32754, Culture=neutral, PublicKeyToken=null" name="CloneTest" />
    </UnitTest>
    <UnitTest name="EqualsTest2" storage="konnetic.sip.unittests.dll" id="edd461de-e8c6-30e5-8034-07800c3631ef">
      <Css projectStructure="" iteration="" />
      <Owners>
        <Owner name="" />
      </Owners>
      <Execution id="408ec77e-2069-40d6-b0dc-f9c3783361b1" />
      <TestMethod codeBase="D:/Business/Development/Konnetic/UnifySipApi/Production/Src/Konnetic Unify SIP API/Konnetic.Sip.UnitTests/bin/Debug/Konnetic.Sip.UnitTests.DLL" adapterTypeName="Microsoft.VisualStudio.TestTools.TestTypes.Unit.UnitTestAdapter, Microsoft.VisualStudio.QualityTools.Tips.UnitTest.Adapter" className="Konnetic.Sip.UnitTests.AuthorizationHeaderFieldBaseAdapter, Konnetic.Sip.UnitTests, Version=1.0.3676.32754, Culture=neutral, PublicKeyToken=null" name="EqualsTest2" />
    </UnitTest>
    <UnitTest name="ToStringTest" storage="konnetic.sip.unittests.dll" id="022409ee-26e9-8247-bceb-baf9bf49698e">
      <Css projectStructure="" iteration="" />
      <Owners>
        <Owner name="" />
      </Owners>
      <Execution id="c35f2dd2-dabb-4856-9379-af9183d83f89" />
      <TestMethod codeBase="D:/Business/Development/Konnetic/UnifySipApi/Production/Src/Konnetic Unify SIP API/Konnetic.Sip.UnitTests/bin/Debug/Konnetic.Sip.UnitTests.DLL" adapterTypeName="Microsoft.VisualStudio.TestTools.TestTypes.Unit.UnitTestAdapter, Microsoft.VisualStudio.QualityTools.Tips.UnitTest.Adapter" className="Konnetic.Sip.UnitTests.RequestLineHeaderFieldAdapter, Konnetic.Sip.UnitTests, Version=1.0.3676.32754, Culture=neutral, PublicKeyToken=null" name="ToStringTest" />
    </UnitTest>
    <UnitTest name="DisplayNameTest1" storage="konnetic.sip.unittests.dll" id="b96e95cd-717a-090b-be0a-f4afe96e8050">
      <Css projectStructure="" iteration="" />
      <Owners>
        <Owner name="" />
      </Owners>
      <Execution id="62b27e49-223b-45a3-a501-31bcaafe4f0d" />
      <TestMethod codeBase="D:/Business/Development/Konnetic/UnifySipApi/Production/Src/Konnetic Unify SIP API/Konnetic.Sip.UnitTests/bin/Debug/Konnetic.Sip.UnitTests.DLL" adapterTypeName="Microsoft.VisualStudio.TestTools.TestTypes.Unit.UnitTestAdapter, Microsoft.VisualStudio.QualityTools.Tips.UnitTest.Adapter" className="Konnetic.Sip.UnitTests.FromHeaderFieldAdapter, Konnetic.Sip.UnitTests, Version=1.0.3676.32754, Culture=neutral, PublicKeyToken=null" name="DisplayNameTest1" />
    </UnitTest>
    <UnitTest name="MethodTest" storage="konnetic.sip.unittests.dll" id="b880a952-9fb4-9133-67b3-317df0db308e">
      <Css projectStructure="" iteration="" />
      <Owners>
        <Owner name="" />
      </Owners>
      <DeploymentItems>
        <DeploymentItem filename="Konnetic.Sip.dll" />
      </DeploymentItems>
      <Execution id="472561b1-e1a3-4133-ac47-9eec2c21d304" />
      <TestMethod codeBase="D:/Business/Development/Konnetic/UnifySipApi/Production/Src/Konnetic Unify SIP API/Konnetic.Sip.UnitTests/bin/Debug/Konnetic.Sip.UnitTests.DLL" adapterTypeName="Microsoft.VisualStudio.TestTools.TestTypes.Unit.UnitTestAdapter, Microsoft.VisualStudio.QualityTools.Tips.UnitTest.Adapter" className="Konnetic.Sip.UnitTests.InviteAdapter, Konnetic.Sip.UnitTests, Version=1.0.3676.32754, Culture=neutral, PublicKeyToken=null" name="MethodTest" />
    </UnitTest>
    <UnitTest name="TransportTest" storage="konnetic.sip.unittests.dll" id="e6bf14dc-48e4-5589-bb28-efaac48d2858">
      <Css projectStructure="" iteration="" />
      <Owners>
        <Owner name="" />
      </Owners>
      <Execution id="d6d8ef4b-f474-4055-b97d-414d7f6fdb9d" />
      <TestMethod codeBase="D:/Business/Development/Konnetic/UnifySipApi/Production/Src/Konnetic Unify SIP API/Konnetic.Sip.UnitTests/bin/Debug/Konnetic.Sip.UnitTests.DLL" adapterTypeName="Microsoft.VisualStudio.TestTools.TestTypes.Unit.UnitTestAdapter, Microsoft.VisualStudio.QualityTools.Tips.UnitTest.Adapter" className="Konnetic.Sip.UnitTests.SipUriBuilderAdapter, Konnetic.Sip.UnitTests, Version=1.0.3676.32754, Culture=neutral, PublicKeyToken=null" name="TransportTest" />
    </UnitTest>
    <UnitTest name="QValueTest1" storage="konnetic.sip.unittests.dll" id="09b4d1b7-dcf1-d075-5b85-644bda55d5ff">
      <Css projectStructure="" iteration="" />
      <Owners>
        <Owner name="" />
      </Owners>
      <Execution id="c46a67c4-d8e5-4326-85b3-ee493dff2ccd" />
      <TestMethod codeBase="D:/Business/Development/Konnetic/UnifySipApi/Production/Src/Konnetic Unify SIP API/Konnetic.Sip.UnitTests/bin/Debug/Konnetic.Sip.UnitTests.DLL" adapterTypeName="Microsoft.VisualStudio.TestTools.TestTypes.Unit.UnitTestAdapter, Microsoft.VisualStudio.QualityTools.Tips.UnitTest.Adapter" className="Konnetic.Sip.UnitTests.AcceptHeaderFieldAdapter, Konnetic.Sip.UnitTests, Version=1.0.3676.32754, Culture=neutral, PublicKeyToken=null" name="QValueTest1" expectedException="Konnetic.Sip.SipOutOfRangeException, Konnetic.Sip, Version=1.0.3676.32752, Culture=neutral, PublicKeyToken=null" />
    </UnitTest>
    <UnitTest name="EqualsTest" storage="konnetic.sip.unittests.dll" id="e8dec672-3843-6f37-8753-4ec1a9697769">
      <Css projectStructure="" iteration="" />
      <Owners>
        <Owner name="" />
      </Owners>
      <Execution id="f359600c-44eb-4de8-a70b-98b90e39ac87" />
      <TestMethod codeBase="D:/Business/Development/Konnetic/UnifySipApi/Production/Src/Konnetic Unify SIP API/Konnetic.Sip.UnitTests/bin/Debug/Konnetic.Sip.UnitTests.DLL" adapterTypeName="Microsoft.VisualStudio.TestTools.TestTypes.Unit.UnitTestAdapter, Microsoft.VisualStudio.QualityTools.Tips.UnitTest.Adapter" className="Konnetic.Sip.UnitTests.ContentLengthHeaderFieldAdapter, Konnetic.Sip.UnitTests, Version=1.0.3676.32754, Culture=neutral, PublicKeyToken=null" name="EqualsTest" />
    </UnitTest>
    <UnitTest name="NonceCountTest" storage="konnetic.sip.unittests.dll" id="e535ad30-87cf-2185-3e7b-49fa9c533d06">
      <Css projectStructure="" iteration="" />
      <Owners>
        <Owner name="" />
      </Owners>
      <Execution id="0e175559-f958-4266-bd88-d014ca50fa36" />
      <TestMethod codeBase="D:/Business/Development/Konnetic/UnifySipApi/Production/Src/Konnetic Unify SIP API/Konnetic.Sip.UnitTests/bin/Debug/Konnetic.Sip.UnitTests.DLL" adapterTypeName="Microsoft.VisualStudio.TestTools.TestTypes.Unit.UnitTestAdapter, Microsoft.VisualStudio.QualityTools.Tips.UnitTest.Adapter" className="Konnetic.Sip.UnitTests.AuthenticationInfoHeaderFieldAdapter, Konnetic.Sip.UnitTests, Version=1.0.3676.32754, Culture=neutral, PublicKeyToken=null" name="NonceCountTest" />
    </UnitTest>
    <UnitTest name="EqualsTest" storage="konnetic.sip.unittests.dll" id="f5f10275-8a34-2285-414c-5a8a3360c9ea">
      <Css projectStructure="" iteration="" />
      <Owners>
        <Owner name="" />
      </Owners>
      <Execution id="d19f0dea-d731-43a6-8e04-616422568387" />
      <TestMethod codeBase="D:/Business/Development/Konnetic/UnifySipApi/Production/Src/Konnetic Unify SIP API/Konnetic.Sip.UnitTests/bin/Debug/Konnetic.Sip.UnitTests.DLL" adapterTypeName="Microsoft.VisualStudio.TestTools.TestTypes.Unit.UnitTestAdapter, Microsoft.VisualStudio.QualityTools.Tips.UnitTest.Adapter" className="Konnetic.Sip.UnitTests.WarningHeaderFieldAdapter, Konnetic.Sip.UnitTests, Version=1.0.3676.32754, Culture=neutral, PublicKeyToken=null" name="EqualsTest" />
    </UnitTest>
    <UnitTest name="ParseTest" storage="konnetic.sip.unittests.dll" id="316e2443-96ee-3335-2e70-9d61a1599709">
      <Css projectStructure="" iteration="" />
      <Owners>
        <Owner name="" />
      </Owners>
      <Execution id="7c553df7-e68d-48e1-aad1-655cdba729c0" />
      <TestMethod codeBase="D:/Business/Development/Konnetic/UnifySipApi/Production/Src/Konnetic Unify SIP API/Konnetic.Sip.UnitTests/bin/Debug/Konnetic.Sip.UnitTests.DLL" adapterTypeName="Microsoft.VisualStudio.TestTools.TestTypes.Unit.UnitTestAdapter, Microsoft.VisualStudio.QualityTools.Tips.UnitTest.Adapter" className="Konnetic.Sip.UnitTests.WarningHeaderFieldAdapter, Konnetic.Sip.UnitTests, Version=1.0.3676.32754, Culture=neutral, PublicKeyToken=null" name="ParseTest" />
    </UnitTest>
    <UnitTest name="ParseTest" storage="konnetic.sip.unittests.dll" id="69c78431-50a0-a306-20db-a6aa900cee93">
      <Css projectStructure="" iteration="" />
      <Owners>
        <Owner name="" />
      </Owners>
      <Execution id="d1c9fee1-556d-478e-afde-8d2ef7380d40" />
      <TestMethod codeBase="D:/Business/Development/Konnetic/UnifySipApi/Production/Src/Konnetic Unify SIP API/Konnetic.Sip.UnitTests/bin/Debug/Konnetic.Sip.UnitTests.DLL" adapterTypeName="Microsoft.VisualStudio.TestTools.TestTypes.Unit.UnitTestAdapter, Microsoft.VisualStudio.QualityTools.Tips.UnitTest.Adapter" className="Konnetic.Sip.UnitTests.ReplyToHeaderFieldAdapter, Konnetic.Sip.UnitTests, Version=1.0.3676.32754, Culture=neutral, PublicKeyToken=null" name="ParseTest" />
    </UnitTest>
    <UnitTest name="CloneTest" storage="konnetic.sip.unittests.dll" id="ab37664e-eba3-8c3e-98b1-54079183df78">
      <Css projectStructure="" iteration="" />
      <Owners>
        <Owner name="" />
      </Owners>
      <Execution id="82fbf039-1332-4f15-a4a0-678b7928ad08" />
      <TestMethod codeBase="D:/Business/Development/Konnetic/UnifySipApi/Production/Src/Konnetic Unify SIP API/Konnetic.Sip.UnitTests/bin/Debug/Konnetic.Sip.UnitTests.DLL" adapterTypeName="Microsoft.VisualStudio.TestTools.TestTypes.Unit.UnitTestAdapter, Microsoft.VisualStudio.QualityTools.Tips.UnitTest.Adapter" className="Konnetic.Sip.UnitTests.CallInfoHeaderFieldAdapter, Konnetic.Sip.UnitTests, Version=1.0.3676.32754, Culture=neutral, PublicKeyToken=null" name="CloneTest" />
    </UnitTest>
    <UnitTest name="RequestUriTest" storage="konnetic.sip.unittests.dll" id="1d388e96-3340-615e-2cfc-0c9ed6e85c8a">
      <Css projectStructure="" iteration="" />
      <Owners>
        <Owner name="" />
      </Owners>
      <Execution id="f0f3e012-f3cb-41f0-972d-3db9e0709a1e" />
      <TestMethod codeBase="D:/Business/Development/Konnetic/UnifySipApi/Production/Src/Konnetic Unify SIP API/Konnetic.Sip.UnitTests/bin/Debug/Konnetic.Sip.UnitTests.DLL" adapterTypeName="Microsoft.VisualStudio.TestTools.TestTypes.Unit.UnitTestAdapter, Microsoft.VisualStudio.QualityTools.Tips.UnitTest.Adapter" className="Konnetic.Sip.UnitTests.RequestLineHeaderFieldAdapter, Konnetic.Sip.UnitTests, Version=1.0.3676.32754, Culture=neutral, PublicKeyToken=null" name="RequestUriTest" />
    </UnitTest>
    <UnitTest name="SubjectHeaderFieldConstructorTest1" storage="konnetic.sip.unittests.dll" id="4ec9be8a-05d6-331c-54cd-77eafcc66c64">
      <Css projectStructure="" iteration="" />
      <Owners>
        <Owner name="" />
      </Owners>
      <Execution id="44fcf58c-2475-4d60-8fd7-a84bb664b446" />
      <TestMethod codeBase="D:/Business/Development/Konnetic/UnifySipApi/Production/Src/Konnetic Unify SIP API/Konnetic.Sip.UnitTests/bin/Debug/Konnetic.Sip.UnitTests.DLL" adapterTypeName="Microsoft.VisualStudio.TestTools.TestTypes.Unit.UnitTestAdapter, Microsoft.VisualStudio.QualityTools.Tips.UnitTest.Adapter" className="Konnetic.Sip.UnitTests.SubjectHeaderFieldAdapter, Konnetic.Sip.UnitTests, Version=1.0.3676.32754, Culture=neutral, PublicKeyToken=null" name="SubjectHeaderFieldConstructorTest1" />
    </UnitTest>
    <UnitTest name="ValidTest" storage="konnetic.sip.unittests.dll" id="c80fc2e6-8ae4-bb71-9e9f-63b448fce612">
      <Css projectStructure="" iteration="" />
      <Owners>
        <Owner name="" />
      </Owners>
      <Execution id="2d301ca6-7813-4611-8866-9fa65ca2b0c1" />
      <TestMethod codeBase="D:/Business/Development/Konnetic/UnifySipApi/Production/Src/Konnetic Unify SIP API/Konnetic.Sip.UnitTests/bin/Debug/Konnetic.Sip.UnitTests.DLL" adapterTypeName="Microsoft.VisualStudio.TestTools.TestTypes.Unit.UnitTestAdapter, Microsoft.VisualStudio.QualityTools.Tips.UnitTest.Adapter" className="Konnetic.Sip.UnitTests.CallIdHeaderFieldAdapter, Konnetic.Sip.UnitTests, Version=1.0.3676.32754, Culture=neutral, PublicKeyToken=null" name="ValidTest" />
    </UnitTest>
    <UnitTest name="LanguageTagTest1" storage="konnetic.sip.unittests.dll" id="415bc79e-0d30-94dd-66f4-4999b2696e1a">
      <Css projectStructure="" iteration="" />
      <Owners>
        <Owner name="" />
      </Owners>
      <Execution id="7be95045-1be6-4201-b5e6-8d54ad27b3c4" />
      <TestMethod codeBase="D:/Business/Development/Konnetic/UnifySipApi/Production/Src/Konnetic Unify SIP API/Konnetic.Sip.UnitTests/bin/Debug/Konnetic.Sip.UnitTests.DLL" adapterTypeName="Microsoft.VisualStudio.TestTools.TestTypes.Unit.UnitTestAdapter, Microsoft.VisualStudio.QualityTools.Tips.UnitTest.Adapter" className="Konnetic.Sip.UnitTests.ContentLanguageHeaderFieldAdapter, Konnetic.Sip.UnitTests, Version=1.0.3676.32754, Culture=neutral, PublicKeyToken=null" name="LanguageTagTest1" />
    </UnitTest>
    <UnitTest name="ProxyAuthenticateHeaderFieldConstructorTest" storage="konnetic.sip.unittests.dll" id="08e22c23-024d-f6dc-1fad-a79bf6694224">
      <Css projectStructure="" iteration="" />
      <Owners>
        <Owner name="" />
      </Owners>
      <Execution id="008f981a-12a7-4581-b366-7a05df63148c" />
      <TestMethod codeBase="D:/Business/Development/Konnetic/UnifySipApi/Production/Src/Konnetic Unify SIP API/Konnetic.Sip.UnitTests/bin/Debug/Konnetic.Sip.UnitTests.DLL" adapterTypeName="Microsoft.VisualStudio.TestTools.TestTypes.Unit.UnitTestAdapter, Microsoft.VisualStudio.QualityTools.Tips.UnitTest.Adapter" className="Konnetic.Sip.UnitTests.ProxyAuthenticateHeaderFieldAdapter, Konnetic.Sip.UnitTests, Version=1.0.3676.32754, Culture=neutral, PublicKeyToken=null" name="ProxyAuthenticateHeaderFieldConstructorTest" />
    </UnitTest>
    <UnitTest name="ItemTest" storage="konnetic.sip.unittests.dll" id="c44ebc1d-f3df-c251-1233-2de0b7d449c2">
      <Css projectStructure="" iteration="" />
      <Owners>
        <Owner name="" />
      </Owners>
      <Execution id="bd6ee8c4-d0dd-43c2-b0be-d341d8b17626" />
      <TestMethod codeBase="D:/Business/Development/Konnetic/UnifySipApi/Production/Src/Konnetic Unify SIP API/Konnetic.Sip.UnitTests/bin/Debug/Konnetic.Sip.UnitTests.DLL" adapterTypeName="Microsoft.VisualStudio.TestTools.TestTypes.Unit.UnitTestAdapter, Microsoft.VisualStudio.QualityTools.Tips.UnitTest.Adapter" className="Konnetic.Sip.UnitTests.HeaderFieldGroupAdapter, Konnetic.Sip.UnitTests, Version=1.0.3676.32754, Culture=neutral, PublicKeyToken=null" name="ItemTest" />
    </UnitTest>
    <UnitTest name="MessageQopTest" storage="konnetic.sip.unittests.dll" id="8e2d0d52-7b7f-a2e1-427c-1f0e57ad1f65">
      <Css projectStructure="" iteration="" />
      <Owners>
        <Owner name="" />
      </Owners>
      <Execution id="a73110e4-28bd-4da8-a23a-bd4aca955186" />
      <TestMethod codeBase="D:/Business/Development/Konnetic/UnifySipApi/Production/Src/Konnetic Unify SIP API/Konnetic.Sip.UnitTests/bin/Debug/Konnetic.Sip.UnitTests.DLL" adapterTypeName="Microsoft.VisualStudio.TestTools.TestTypes.Unit.UnitTestAdapter, Microsoft.VisualStudio.QualityTools.Tips.UnitTest.Adapter" className="Konnetic.Sip.UnitTests.SecurityHeaderFieldAdapter, Konnetic.Sip.UnitTests, Version=1.0.3676.32754, Culture=neutral, PublicKeyToken=null" name="MessageQopTest" />
    </UnitTest>
    <UnitTest name="IsValidTest" storage="konnetic.sip.unittests.dll" id="91937611-da57-e424-d474-c61a087d7e8c">
      <Css projectStructure="" iteration="" />
      <Owners>
        <Owner name="" />
      </Owners>
      <Execution id="29afdc7b-ae6b-485c-9b90-e0a698ad91f8" />
      <TestMethod codeBase="D:/Business/Development/Konnetic/UnifySipApi/Production/Src/Konnetic Unify SIP API/Konnetic.Sip.UnitTests/bin/Debug/Konnetic.Sip.UnitTests.DLL" adapterTypeName="Microsoft.VisualStudio.TestTools.TestTypes.Unit.UnitTestAdapter, Microsoft.VisualStudio.QualityTools.Tips.UnitTest.Adapter" className="Konnetic.Sip.UnitTests.AcceptHeaderFieldAdapter, Konnetic.Sip.UnitTests, Version=1.0.3676.32754, Culture=neutral, PublicKeyToken=null" name="IsValidTest" />
    </UnitTest>
    <UnitTest name="SetTestb" storage="konnetic.sip.unittests.dll" id="da3e7724-cef9-6f7b-1931-f0310e0a3053">
      <Css projectStructure="" iteration="" />
      <Owners>
        <Owner name="" />
      </Owners>
      <Execution id="e4b2c214-7377-4ad6-9edc-9665e1ceb465" />
      <TestMethod codeBase="D:/Business/Development/Konnetic/UnifySipApi/Production/Src/Konnetic Unify SIP API/Konnetic.Sip.UnitTests/bin/Debug/Konnetic.Sip.UnitTests.DLL" adapterTypeName="Microsoft.VisualStudio.TestTools.TestTypes.Unit.UnitTestAdapter, Microsoft.VisualStudio.QualityTools.Tips.UnitTest.Adapter" className="Konnetic.Sip.UnitTests.HeaderFieldCollectionAdapter, Konnetic.Sip.UnitTests, Version=1.0.3676.32754, Culture=neutral, PublicKeyToken=null" name="SetTestb" expectedException="System.ArgumentNullException, mscorlib, Version=2.0.0.0, Culture=neutral, PublicKeyToken=b77a5c561934e089" />
    </UnitTest>
    <UnitTest name="GetStringValueTest" storage="konnetic.sip.unittests.dll" id="b2924485-fb76-2c4b-0b99-d9dde5ec5acc">
      <Css projectStructure="" iteration="" />
      <Owners>
        <Owner name="" />
      </Owners>
      <Execution id="f7e764ee-99a6-4fad-8f93-7d9752b0cc6d" />
      <TestMethod codeBase="D:/Business/Development/Konnetic/UnifySipApi/Production/Src/Konnetic Unify SIP API/Konnetic.Sip.UnitTests/bin/Debug/Konnetic.Sip.UnitTests.DLL" adapterTypeName="Microsoft.VisualStudio.TestTools.TestTypes.Unit.UnitTestAdapter, Microsoft.VisualStudio.QualityTools.Tips.UnitTest.Adapter" className="Konnetic.Sip.UnitTests.GenericHeaderFieldAdapter, Konnetic.Sip.UnitTests, Version=1.0.3676.32754, Culture=neutral, PublicKeyToken=null" name="GetStringValueTest" />
    </UnitTest>
    <UnitTest name="MajorVersionTest" storage="konnetic.sip.unittests.dll" id="868150a8-7957-226f-60ed-e91c0ee967fd">
      <Css projectStructure="" iteration="" />
      <Owners>
        <Owner name="" />
      </Owners>
      <Execution id="104d0da8-e0f5-4b2d-abc4-1669d3a018f0" />
      <TestMethod codeBase="D:/Business/Development/Konnetic/UnifySipApi/Production/Src/Konnetic Unify SIP API/Konnetic.Sip.UnitTests/bin/Debug/Konnetic.Sip.UnitTests.DLL" adapterTypeName="Microsoft.VisualStudio.TestTools.TestTypes.Unit.UnitTestAdapter, Microsoft.VisualStudio.QualityTools.Tips.UnitTest.Adapter" className="Konnetic.Sip.UnitTests.MimeVersionHeaderFieldAdapter, Konnetic.Sip.UnitTests, Version=1.0.3676.32754, Culture=neutral, PublicKeyToken=null" name="MajorVersionTest" />
    </UnitTest>
    <UnitTest name="IsValidTest" storage="konnetic.sip.unittests.dll" id="5b17a006-ee2a-eaee-85c5-fe4cb4a3a656">
      <Css projectStructure="" iteration="" />
      <Owners>
        <Owner name="" />
      </Owners>
      <Execution id="544a65fd-af67-4b29-b2c2-1f1d6a8ce119" />
      <TestMethod codeBase="D:/Business/Development/Konnetic/UnifySipApi/Production/Src/Konnetic Unify SIP API/Konnetic.Sip.UnitTests/bin/Debug/Konnetic.Sip.UnitTests.DLL" adapterTypeName="Microsoft.VisualStudio.TestTools.TestTypes.Unit.UnitTestAdapter, Microsoft.VisualStudio.QualityTools.Tips.UnitTest.Adapter" className="Konnetic.Sip.UnitTests.RequestLineHeaderFieldAdapter, Konnetic.Sip.UnitTests, Version=1.0.3676.32754, Culture=neutral, PublicKeyToken=null" name="IsValidTest" />
    </UnitTest>
    <UnitTest name="ItemTest1ab" storage="konnetic.sip.unittests.dll" id="d12703bb-7f00-90dc-006c-306c39b56798">
      <Css projectStructure="" iteration="" />
      <Owners>
        <Owner name="" />
      </Owners>
      <Execution id="9d7d7a2f-be15-4cbb-865a-99000990f518" />
      <TestMethod codeBase="D:/Business/Development/Konnetic/UnifySipApi/Production/Src/Konnetic Unify SIP API/Konnetic.Sip.UnitTests/bin/Debug/Konnetic.Sip.UnitTests.DLL" adapterTypeName="Microsoft.VisualStudio.TestTools.TestTypes.Unit.UnitTestAdapter, Microsoft.VisualStudio.QualityTools.Tips.UnitTest.Adapter" className="Konnetic.Sip.UnitTests.HeaderFieldCollectionAdapter, Konnetic.Sip.UnitTests, Version=1.0.3676.32754, Culture=neutral, PublicKeyToken=null" name="ItemTest1ab" expectedException="System.ArgumentNullException, mscorlib, Version=2.0.0.0, Culture=neutral, PublicKeyToken=b77a5c561934e089" />
    </UnitTest>
    <UnitTest name="ToHeaderFieldConstructorTest6" storage="konnetic.sip.unittests.dll" id="36eeae6a-0d33-fb1d-2b70-58e434d0dc8f">
      <Css projectStructure="" iteration="" />
      <Owners>
        <Owner name="" />
      </Owners>
      <Execution id="dcadaffc-0bdb-46c4-9619-3554f1873828" />
      <TestMethod codeBase="D:/Business/Development/Konnetic/UnifySipApi/Production/Src/Konnetic Unify SIP API/Konnetic.Sip.UnitTests/bin/Debug/Konnetic.Sip.UnitTests.DLL" adapterTypeName="Microsoft.VisualStudio.TestTools.TestTypes.Unit.UnitTestAdapter, Microsoft.VisualStudio.QualityTools.Tips.UnitTest.Adapter" className="Konnetic.Sip.UnitTests.ToHeaderFieldAdapter, Konnetic.Sip.UnitTests, Version=1.0.3676.32754, Culture=neutral, PublicKeyToken=null" name="ToHeaderFieldConstructorTest6" />
    </UnitTest>
    <UnitTest name="ReceivedTest2" storage="konnetic.sip.unittests.dll" id="03f4e619-649d-ee81-fea5-ca665a729ea6">
      <Css projectStructure="" iteration="" />
      <Owners>
        <Owner name="" />
      </Owners>
      <Execution id="0e622ae7-8a84-419d-9a92-053aa2d09f39" />
      <TestMethod codeBase="D:/Business/Development/Konnetic/UnifySipApi/Production/Src/Konnetic Unify SIP API/Konnetic.Sip.UnitTests/bin/Debug/Konnetic.Sip.UnitTests.DLL" adapterTypeName="Microsoft.VisualStudio.TestTools.TestTypes.Unit.UnitTestAdapter, Microsoft.VisualStudio.QualityTools.Tips.UnitTest.Adapter" className="Konnetic.Sip.UnitTests.ViaHeaderFieldAdapter, Konnetic.Sip.UnitTests, Version=1.0.3676.32754, Culture=neutral, PublicKeyToken=null" name="ReceivedTest2" />
    </UnitTest>
    <UnitTest name="TtlTest" storage="konnetic.sip.unittests.dll" id="9598ad57-ab6e-4267-a008-5cda66c6ad8a">
      <Css projectStructure="" iteration="" />
      <Owners>
        <Owner name="" />
      </Owners>
      <Execution id="75f3e873-5fd9-4d9c-a72c-fd2d6a2ef274" />
      <TestMethod codeBase="D:/Business/Development/Konnetic/UnifySipApi/Production/Src/Konnetic Unify SIP API/Konnetic.Sip.UnitTests/bin/Debug/Konnetic.Sip.UnitTests.DLL" adapterTypeName="Microsoft.VisualStudio.TestTools.TestTypes.Unit.UnitTestAdapter, Microsoft.VisualStudio.QualityTools.Tips.UnitTest.Adapter" className="Konnetic.Sip.UnitTests.SipUriBuilderAdapter, Konnetic.Sip.UnitTests, Version=1.0.3676.32754, Culture=neutral, PublicKeyToken=null" name="TtlTest" />
    </UnitTest>
    <UnitTest name="UriTest" storage="konnetic.sip.unittests.dll" id="684e5f58-2e48-e0a8-32da-f4469e918e77">
      <Css projectStructure="" iteration="" />
      <Owners>
        <Owner name="" />
      </Owners>
      <Execution id="209ac1f4-2f6f-4558-934e-a7e03ba7d7b8" />
      <TestMethod codeBase="D:/Business/Development/Konnetic/UnifySipApi/Production/Src/Konnetic Unify SIP API/Konnetic.Sip.UnitTests/bin/Debug/Konnetic.Sip.UnitTests.DLL" adapterTypeName="Microsoft.VisualStudio.TestTools.TestTypes.Unit.UnitTestAdapter, Microsoft.VisualStudio.QualityTools.Tips.UnitTest.Adapter" className="Konnetic.Sip.UnitTests.AuthorizationHeaderFieldBaseAdapter, Konnetic.Sip.UnitTests, Version=1.0.3676.32754, Culture=neutral, PublicKeyToken=null" name="UriTest" />
    </UnitTest>
    <UnitTest name="ToCharsTest" storage="konnetic.sip.unittests.dll" id="fbfc6aa5-9a9d-15d7-c9a6-7165b17141ce">
      <Css projectStructure="" iteration="" />
      <Owners>
        <Owner name="" />
      </Owners>
      <Execution id="71050878-85b7-4125-ab38-22099edd5073" />
      <TestMethod codeBase="D:/Business/Development/Konnetic/UnifySipApi/Production/Src/Konnetic Unify SIP API/Konnetic.Sip.UnitTests/bin/Debug/Konnetic.Sip.UnitTests.DLL" adapterTypeName="Microsoft.VisualStudio.TestTools.TestTypes.Unit.UnitTestAdapter, Microsoft.VisualStudio.QualityTools.Tips.UnitTest.Adapter" className="Konnetic.Sip.UnitTests.FromHeaderFieldAdapter, Konnetic.Sip.UnitTests, Version=1.0.3676.32754, Culture=neutral, PublicKeyToken=null" name="ToCharsTest" />
    </UnitTest>
    <UnitTest name="ParseTest2" storage="konnetic.sip.unittests.dll" id="ba1cb348-c2e1-048e-80cb-c8d91df95539">
      <Css projectStructure="" iteration="" />
      <Owners>
        <Owner name="" />
      </Owners>
      <Execution id="93b16cae-a9fe-4d5c-a96e-491beec47b9f" />
      <TestMethod codeBase="D:/Business/Development/Konnetic/UnifySipApi/Production/Src/Konnetic Unify SIP API/Konnetic.Sip.UnitTests/bin/Debug/Konnetic.Sip.UnitTests.DLL" adapterTypeName="Microsoft.VisualStudio.TestTools.TestTypes.Unit.UnitTestAdapter, Microsoft.VisualStudio.QualityTools.Tips.UnitTest.Adapter" className="Konnetic.Sip.UnitTests.MimeVersionHeaderFieldAdapter, Konnetic.Sip.UnitTests, Version=1.0.3676.32754, Culture=neutral, PublicKeyToken=null" name="ParseTest2" expectedException="System.OverflowException, mscorlib, Version=2.0.0.0, Culture=neutral, PublicKeyToken=b77a5c561934e089" />
    </UnitTest>
    <UnitTest name="AcceptHeaderFieldConstructorTest3" storage="konnetic.sip.unittests.dll" id="fd89da1b-fb70-5efb-43f7-a477eb836d33">
      <Css projectStructure="" iteration="" />
      <Owners>
        <Owner name="" />
      </Owners>
      <Execution id="5adb22d4-7de2-4512-ab76-2fe5e672a209" />
      <TestMethod codeBase="D:/Business/Development/Konnetic/UnifySipApi/Production/Src/Konnetic Unify SIP API/Konnetic.Sip.UnitTests/bin/Debug/Konnetic.Sip.UnitTests.DLL" adapterTypeName="Microsoft.VisualStudio.TestTools.TestTypes.Unit.UnitTestAdapter, Microsoft.VisualStudio.QualityTools.Tips.UnitTest.Adapter" className="Konnetic.Sip.UnitTests.AcceptHeaderFieldAdapter, Konnetic.Sip.UnitTests, Version=1.0.3676.32754, Culture=neutral, PublicKeyToken=null" name="AcceptHeaderFieldConstructorTest3" expectedException="System.ArgumentNullException, mscorlib, Version=2.0.0.0, Culture=neutral, PublicKeyToken=b77a5c561934e089" />
    </UnitTest>
    <UnitTest name="ParseTest" storage="konnetic.sip.unittests.dll" id="a3decba9-a131-75e7-05f3-0c1196804dcb">
      <Css projectStructure="" iteration="" />
      <Owners>
        <Owner name="" />
      </Owners>
      <Execution id="dd6f6ced-17c1-4944-b42f-02a35e9b3390" />
      <TestMethod codeBase="D:/Business/Development/Konnetic/UnifySipApi/Production/Src/Konnetic Unify SIP API/Konnetic.Sip.UnitTests/bin/Debug/Konnetic.Sip.UnitTests.DLL" adapterTypeName="Microsoft.VisualStudio.TestTools.TestTypes.Unit.UnitTestAdapter, Microsoft.VisualStudio.QualityTools.Tips.UnitTest.Adapter" className="Konnetic.Sip.UnitTests.SubjectHeaderFieldAdapter, Konnetic.Sip.UnitTests, Version=1.0.3676.32754, Culture=neutral, PublicKeyToken=null" name="ParseTest" />
    </UnitTest>
    <UnitTest name="HeaderFieldNameTest" storage="konnetic.sip.unittests.dll" id="2db8a768-d135-af72-866d-330cabc9011f">
      <Css projectStructure="" iteration="" />
      <Owners>
        <Owner name="" />
      </Owners>
      <Execution id="57137d82-625d-4e9d-b834-8193d3100152" />
      <TestMethod codeBase="D:/Business/Development/Konnetic/UnifySipApi/Production/Src/Konnetic Unify SIP API/Konnetic.Sip.UnitTests/bin/Debug/Konnetic.Sip.UnitTests.DLL" adapterTypeName="Microsoft.VisualStudio.TestTools.TestTypes.Unit.UnitTestAdapter, Microsoft.VisualStudio.QualityTools.Tips.UnitTest.Adapter" className="Konnetic.Sip.UnitTests.HeaderFieldEventArgsAdapter, Konnetic.Sip.UnitTests, Version=1.0.3676.32754, Culture=neutral, PublicKeyToken=null" name="HeaderFieldNameTest" />
    </UnitTest>
    <UnitTest name="CallInfoHeaderFieldConstructorTest2" storage="konnetic.sip.unittests.dll" id="52622862-e198-3ea8-a12e-b904159b59f1">
      <Css projectStructure="" iteration="" />
      <Owners>
        <Owner name="" />
      </Owners>
      <Execution id="1aca9f41-d8c8-431a-8b28-363e592e8632" />
      <TestMethod codeBase="D:/Business/Development/Konnetic/UnifySipApi/Production/Src/Konnetic Unify SIP API/Konnetic.Sip.UnitTests/bin/Debug/Konnetic.Sip.UnitTests.DLL" adapterTypeName="Microsoft.VisualStudio.TestTools.TestTypes.Unit.UnitTestAdapter, Microsoft.VisualStudio.QualityTools.Tips.UnitTest.Adapter" className="Konnetic.Sip.UnitTests.CallInfoHeaderFieldAdapter, Konnetic.Sip.UnitTests, Version=1.0.3676.32754, Culture=neutral, PublicKeyToken=null" name="CallInfoHeaderFieldConstructorTest2" />
    </UnitTest>
    <UnitTest name="CloneTest" storage="konnetic.sip.unittests.dll" id="96fce6bb-2cdf-20c1-4fa9-4459c77ceb48">
      <Css projectStructure="" iteration="" />
      <Owners>
        <Owner name="" />
      </Owners>
      <Execution id="ad7a2998-c0d3-40cf-a692-197028bf66c4" />
      <TestMethod codeBase="D:/Business/Development/Konnetic/UnifySipApi/Production/Src/Konnetic Unify SIP API/Konnetic.Sip.UnitTests/bin/Debug/Konnetic.Sip.UnitTests.DLL" adapterTypeName="Microsoft.VisualStudio.TestTools.TestTypes.Unit.UnitTestAdapter, Microsoft.VisualStudio.QualityTools.Tips.UnitTest.Adapter" className="Konnetic.Sip.UnitTests.WwwAuthenticateHeaderFieldAdapter, Konnetic.Sip.UnitTests, Version=1.0.3676.32754, Culture=neutral, PublicKeyToken=null" name="CloneTest" />
    </UnitTest>
    <UnitTest name="op_ExplicitTest" storage="konnetic.sip.unittests.dll" id="88dec3ab-eaf6-0891-a7de-8122ec529298">
      <Css projectStructure="" iteration="" />
      <Owners>
        <Owner name="" />
      </Owners>
      <Execution id="d2020aab-147e-495c-b808-45a12705f56e" />
      <TestMethod codeBase="D:/Business/Development/Konnetic/UnifySipApi/Production/Src/Konnetic Unify SIP API/Konnetic.Sip.UnitTests/bin/Debug/Konnetic.Sip.UnitTests.DLL" adapterTypeName="Microsoft.VisualStudio.TestTools.TestTypes.Unit.UnitTestAdapter, Microsoft.VisualStudio.QualityTools.Tips.UnitTest.Adapter" className="Konnetic.Sip.UnitTests.AllowHeaderFieldAdapter, Konnetic.Sip.UnitTests, Version=1.0.3676.32754, Culture=neutral, PublicKeyToken=null" name="op_ExplicitTest" />
    </UnitTest>
    <UnitTest name="PasswordParameterTest" storage="konnetic.sip.unittests.dll" id="99bf64d3-9109-f2e8-fc16-baa616b0d610">
      <Css projectStructure="" iteration="" />
      <Owners>
        <Owner name="" />
      </Owners>
      <Execution id="ba7d6f82-80c5-40fe-8b0d-1cfa7eb33f30" />
      <TestMethod codeBase="D:/Business/Development/Konnetic/UnifySipApi/Production/Src/Konnetic Unify SIP API/Konnetic.Sip.UnitTests/bin/Debug/Konnetic.Sip.UnitTests.DLL" adapterTypeName="Microsoft.VisualStudio.TestTools.TestTypes.Unit.UnitTestAdapter, Microsoft.VisualStudio.QualityTools.Tips.UnitTest.Adapter" className="Konnetic.Sip.UnitTests.SipUriBuilderAdapter, Konnetic.Sip.UnitTests, Version=1.0.3676.32754, Culture=neutral, PublicKeyToken=null" name="PasswordParameterTest" />
    </UnitTest>
    <UnitTest name="ParseTest5" storage="konnetic.sip.unittests.dll" id="4cb55f25-3f3d-3d6a-85f6-f1fa882dcd21">
      <Css projectStructure="" iteration="" />
      <Owners>
        <Owner name="" />
      </Owners>
      <Execution id="85b0340b-2dc5-480c-b5ef-6f9d5bb2d071" />
      <TestMethod codeBase="D:/Business/Development/Konnetic/UnifySipApi/Production/Src/Konnetic Unify SIP API/Konnetic.Sip.UnitTests/bin/Debug/Konnetic.Sip.UnitTests.DLL" adapterTypeName="Microsoft.VisualStudio.TestTools.TestTypes.Unit.UnitTestAdapter, Microsoft.VisualStudio.QualityTools.Tips.UnitTest.Adapter" className="Konnetic.Sip.UnitTests.MinExpiresHeaderFieldAdapter, Konnetic.Sip.UnitTests, Version=1.0.3676.32754, Culture=neutral, PublicKeyToken=null" name="ParseTest5" expectedException="Konnetic.Sip.SipParseException, Konnetic.Sip, Version=1.0.3676.32752, Culture=neutral, PublicKeyToken=null" />
    </UnitTest>
    <UnitTest name="SchemeTest3" storage="konnetic.sip.unittests.dll" id="07a7875a-0592-780b-6248-8b10c3e9f131">
      <Css projectStructure="" iteration="" />
      <Owners>
        <Owner name="" />
      </Owners>
      <Execution id="3b6d62bf-b041-471d-aa74-6f83cfae9c31" />
      <TestMethod codeBase="D:/Business/Development/Konnetic/UnifySipApi/Production/Src/Konnetic Unify SIP API/Konnetic.Sip.UnitTests/bin/Debug/Konnetic.Sip.UnitTests.DLL" adapterTypeName="Microsoft.VisualStudio.TestTools.TestTypes.Unit.UnitTestAdapter, Microsoft.VisualStudio.QualityTools.Tips.UnitTest.Adapter" className="Konnetic.Sip.UnitTests.SipUriBuilderAdapter, Konnetic.Sip.UnitTests, Version=1.0.3676.32754, Culture=neutral, PublicKeyToken=null" name="SchemeTest3" expectedException="Konnetic.Sip.SipUriFormatException, Konnetic.Sip, Version=1.0.3676.32752, Culture=neutral, PublicKeyToken=null" />
    </UnitTest>
    <UnitTest name="CloneTest" storage="konnetic.sip.unittests.dll" id="441736c6-1ad4-60a0-a63a-c1e36b1d5be8">
      <Css projectStructure="" iteration="" />
      <Owners>
        <Owner name="" />
      </Owners>
      <Execution id="5f0e1515-1dbe-47ef-850a-4363a0273f5e" />
      <TestMethod codeBase="D:/Business/Development/Konnetic/UnifySipApi/Production/Src/Konnetic Unify SIP API/Konnetic.Sip.UnitTests/bin/Debug/Konnetic.Sip.UnitTests.DLL" adapterTypeName="Microsoft.VisualStudio.TestTools.TestTypes.Unit.UnitTestAdapter, Microsoft.VisualStudio.QualityTools.Tips.UnitTest.Adapter" className="Konnetic.Sip.UnitTests.DateHeaderFieldAdapter, Konnetic.Sip.UnitTests, Version=1.0.3676.32754, Culture=neutral, PublicKeyToken=null" name="CloneTest" />
    </UnitTest>
    <UnitTest name="VersionTest" storage="konnetic.sip.unittests.dll" id="4b2b2d2a-01d4-fdeb-4396-088f78386bf0">
      <Css projectStructure="" iteration="" />
      <Owners>
        <Owner name="" />
      </Owners>
      <Execution id="117c9c5b-9996-4855-bd20-dc8e328779b1" />
      <TestMethod codeBase="D:/Business/Development/Konnetic/UnifySipApi/Production/Src/Konnetic Unify SIP API/Konnetic.Sip.UnitTests/bin/Debug/Konnetic.Sip.UnitTests.DLL" adapterTypeName="Microsoft.VisualStudio.TestTools.TestTypes.Unit.UnitTestAdapter, Microsoft.VisualStudio.QualityTools.Tips.UnitTest.Adapter" className="Konnetic.Sip.UnitTests.RequestLineHeaderFieldAdapter, Konnetic.Sip.UnitTests, Version=1.0.3676.32754, Culture=neutral, PublicKeyToken=null" name="VersionTest" />
    </UnitTest>
    <UnitTest name="EqualsTest" storage="konnetic.sip.unittests.dll" id="bfad2aac-95d7-1632-7b36-efa71fb06c01">
      <Css projectStructure="" iteration="" />
      <Owners>
        <Owner name="" />
      </Owners>
      <Execution id="fb6be5a7-d29b-4039-9cac-7a7bc1e22b64" />
      <TestMethod codeBase="D:/Business/Development/Konnetic/UnifySipApi/Production/Src/Konnetic Unify SIP API/Konnetic.Sip.UnitTests/bin/Debug/Konnetic.Sip.UnitTests.DLL" adapterTypeName="Microsoft.VisualStudio.TestTools.TestTypes.Unit.UnitTestAdapter, Microsoft.VisualStudio.QualityTools.Tips.UnitTest.Adapter" className="Konnetic.Sip.UnitTests.MinExpiresHeaderFieldAdapter, Konnetic.Sip.UnitTests, Version=1.0.3676.32754, Culture=neutral, PublicKeyToken=null" name="EqualsTest" />
    </UnitTest>
    <UnitTest name="UserParametersTest" storage="konnetic.sip.unittests.dll" id="89421267-932f-1905-bcef-6a0ef147533b">
      <Css projectStructure="" iteration="" />
      <Owners>
        <Owner name="" />
      </Owners>
      <Execution id="22b0e70a-c966-4ce2-a95f-9e87b9ce94c1" />
      <TestMethod codeBase="D:/Business/Development/Konnetic/UnifySipApi/Production/Src/Konnetic Unify SIP API/Konnetic.Sip.UnitTests/bin/Debug/Konnetic.Sip.UnitTests.DLL" adapterTypeName="Microsoft.VisualStudio.TestTools.TestTypes.Unit.UnitTestAdapter, Microsoft.VisualStudio.QualityTools.Tips.UnitTest.Adapter" className="Konnetic.Sip.UnitTests.SipUriBuilderAdapter, Konnetic.Sip.UnitTests, Version=1.0.3676.32754, Culture=neutral, PublicKeyToken=null" name="UserParametersTest" />
    </UnitTest>
    <UnitTest name="EqualsTest" storage="konnetic.sip.unittests.dll" id="be18124e-660f-efb1-6325-f87bf94bdc20">
      <Css projectStructure="" iteration="" />
      <Owners>
        <Owner name="" />
      </Owners>
      <Execution id="18c993c1-2fc2-4db5-85cd-ab46497e32d9" />
      <TestMethod codeBase="D:/Business/Development/Konnetic/UnifySipApi/Production/Src/Konnetic Unify SIP API/Konnetic.Sip.UnitTests/bin/Debug/Konnetic.Sip.UnitTests.DLL" adapterTypeName="Microsoft.VisualStudio.TestTools.TestTypes.Unit.UnitTestAdapter, Microsoft.VisualStudio.QualityTools.Tips.UnitTest.Adapter" className="Konnetic.Sip.UnitTests.ContentLanguageHeaderFieldAdapter, Konnetic.Sip.UnitTests, Version=1.0.3676.32754, Culture=neutral, PublicKeyToken=null" name="EqualsTest" />
    </UnitTest>
    <UnitTest name="ItemTest1a" storage="konnetic.sip.unittests.dll" id="30180969-22e2-8ecf-4ef2-8f47d438fff6">
      <Css projectStructure="" iteration="" />
      <Owners>
        <Owner name="" />
      </Owners>
      <Execution id="fe21f603-18b4-41ae-b096-801382fd9431" />
      <TestMethod codeBase="D:/Business/Development/Konnetic/UnifySipApi/Production/Src/Konnetic Unify SIP API/Konnetic.Sip.UnitTests/bin/Debug/Konnetic.Sip.UnitTests.DLL" adapterTypeName="Microsoft.VisualStudio.TestTools.TestTypes.Unit.UnitTestAdapter, Microsoft.VisualStudio.QualityTools.Tips.UnitTest.Adapter" className="Konnetic.Sip.UnitTests.HeaderFieldCollectionAdapter, Konnetic.Sip.UnitTests, Version=1.0.3676.32754, Culture=neutral, PublicKeyToken=null" name="ItemTest1a" expectedException="System.ArgumentNullException, mscorlib, Version=2.0.0.0, Culture=neutral, PublicKeyToken=b77a5c561934e089" />
    </UnitTest>
    <UnitTest name="IsValidTest" storage="konnetic.sip.unittests.dll" id="5e83aea4-5d93-4a26-1885-99c7abf13ff3">
      <Css projectStructure="" iteration="" />
      <Owners>
        <Owner name="" />
      </Owners>
      <Execution id="66108f89-e0cd-4fab-b5eb-5d8066436eea" />
      <TestMethod codeBase="D:/Business/Development/Konnetic/UnifySipApi/Production/Src/Konnetic Unify SIP API/Konnetic.Sip.UnitTests/bin/Debug/Konnetic.Sip.UnitTests.DLL" adapterTypeName="Microsoft.VisualStudio.TestTools.TestTypes.Unit.UnitTestAdapter, Microsoft.VisualStudio.QualityTools.Tips.UnitTest.Adapter" className="Konnetic.Sip.UnitTests.AuthorizationHeaderFieldBaseAdapter, Konnetic.Sip.UnitTests, Version=1.0.3676.32754, Culture=neutral, PublicKeyToken=null" name="IsValidTest" />
    </UnitTest>
    <UnitTest name="PurposeTest" storage="konnetic.sip.unittests.dll" id="bb0b2457-cec8-151a-cfa6-4d71d66620bf">
      <Css projectStructure="" iteration="" />
      <Owners>
        <Owner name="" />
      </Owners>
      <Execution id="31fb3ab2-28b2-4aa1-94db-38ccccb108fa" />
      <TestMethod codeBase="D:/Business/Development/Konnetic/UnifySipApi/Production/Src/Konnetic Unify SIP API/Konnetic.Sip.UnitTests/bin/Debug/Konnetic.Sip.UnitTests.DLL" adapterTypeName="Microsoft.VisualStudio.TestTools.TestTypes.Unit.UnitTestAdapter, Microsoft.VisualStudio.QualityTools.Tips.UnitTest.Adapter" className="Konnetic.Sip.UnitTests.CallInfoHeaderFieldAdapter, Konnetic.Sip.UnitTests, Version=1.0.3676.32754, Culture=neutral, PublicKeyToken=null" name="PurposeTest" />
    </UnitTest>
    <UnitTest name="AlgorithmTest" storage="konnetic.sip.unittests.dll" id="c1961863-4d77-453b-d32a-03b584e6ea16">
      <Css projectStructure="" iteration="" />
      <Owners>
        <Owner name="" />
      </Owners>
      <Execution id="7d80ce04-afc3-4cd8-82d5-0def1b089eab" />
      <TestMethod codeBase="D:/Business/Development/Konnetic/UnifySipApi/Production/Src/Konnetic Unify SIP API/Konnetic.Sip.UnitTests/bin/Debug/Konnetic.Sip.UnitTests.DLL" adapterTypeName="Microsoft.VisualStudio.TestTools.TestTypes.Unit.UnitTestAdapter, Microsoft.VisualStudio.QualityTools.Tips.UnitTest.Adapter" className="Konnetic.Sip.UnitTests.SecurityHeaderFieldAdapter, Konnetic.Sip.UnitTests, Version=1.0.3676.32754, Culture=neutral, PublicKeyToken=null" name="AlgorithmTest" />
    </UnitTest>
    <UnitTest name="ContentLanguageHeaderFieldConstructorTest1" storage="konnetic.sip.unittests.dll" id="b01aee79-cd27-7816-1ad0-ea68f0b5ad21">
      <Css projectStructure="" iteration="" />
      <Owners>
        <Owner name="" />
      </Owners>
      <Execution id="fb322e9d-f482-4cf9-95cb-6d03c97e7eba" />
      <TestMethod codeBase="D:/Business/Development/Konnetic/UnifySipApi/Production/Src/Konnetic Unify SIP API/Konnetic.Sip.UnitTests/bin/Debug/Konnetic.Sip.UnitTests.DLL" adapterTypeName="Microsoft.VisualStudio.TestTools.TestTypes.Unit.UnitTestAdapter, Microsoft.VisualStudio.QualityTools.Tips.UnitTest.Adapter" className="Konnetic.Sip.UnitTests.ContentLanguageHeaderFieldAdapter, Konnetic.Sip.UnitTests, Version=1.0.3676.32754, Culture=neutral, PublicKeyToken=null" name="ContentLanguageHeaderFieldConstructorTest1" />
    </UnitTest>
    <UnitTest name="SchemeTest2" storage="konnetic.sip.unittests.dll" id="609fc705-e00a-bb16-635f-b3efec10bb00">
      <Css projectStructure="" iteration="" />
      <Owners>
        <Owner name="" />
      </Owners>
      <Execution id="14c91b4d-7abe-41c0-a43a-2b4e043ead09" />
      <TestMethod codeBase="D:/Business/Development/Konnetic/UnifySipApi/Production/Src/Konnetic Unify SIP API/Konnetic.Sip.UnitTests/bin/Debug/Konnetic.Sip.UnitTests.DLL" adapterTypeName="Microsoft.VisualStudio.TestTools.TestTypes.Unit.UnitTestAdapter, Microsoft.VisualStudio.QualityTools.Tips.UnitTest.Adapter" className="Konnetic.Sip.UnitTests.SipUriAdapter, Konnetic.Sip.UnitTests, Version=1.0.3676.32754, Culture=neutral, PublicKeyToken=null" name="SchemeTest2" expectedException="System.UriFormatException, System, Version=2.0.0.0, Culture=neutral, PublicKeyToken=b77a5c561934e089" />
    </UnitTest>
    <UnitTest name="EqualsTest" storage="konnetic.sip.unittests.dll" id="62504953-1404-9771-1911-59470b0a720a">
      <Css projectStructure="" iteration="" />
      <Owners>
        <Owner name="" />
      </Owners>
      <Execution id="9f1caabf-42af-4c14-a4e6-d902234deb00" />
      <TestMethod codeBase="D:/Business/Development/Konnetic/UnifySipApi/Production/Src/Konnetic Unify SIP API/Konnetic.Sip.UnitTests/bin/Debug/Konnetic.Sip.UnitTests.DLL" adapterTypeName="Microsoft.VisualStudio.TestTools.TestTypes.Unit.UnitTestAdapter, Microsoft.VisualStudio.QualityTools.Tips.UnitTest.Adapter" className="Konnetic.Sip.UnitTests.AcceptEncodingHeaderFieldAdapter, Konnetic.Sip.UnitTests, Version=1.0.3676.32754, Culture=neutral, PublicKeyToken=null" name="EqualsTest" />
    </UnitTest>
    <UnitTest name="op_ImplicitTest" storage="konnetic.sip.unittests.dll" id="3878ca7a-c366-59ea-0287-9cf36143a223">
      <Css projectStructure="" iteration="" />
      <Owners>
        <Owner name="" />
      </Owners>
      <Execution id="419d65fc-5221-41ef-b591-360cd4acb98e" />
      <TestMethod codeBase="D:/Business/Development/Konnetic/UnifySipApi/Production/Src/Konnetic Unify SIP API/Konnetic.Sip.UnitTests/bin/Debug/Konnetic.Sip.UnitTests.DLL" adapterTypeName="Microsoft.VisualStudio.TestTools.TestTypes.Unit.UnitTestAdapter, Microsoft.VisualStudio.QualityTools.Tips.UnitTest.Adapter" className="Konnetic.Sip.UnitTests.AllowHeaderFieldAdapter, Konnetic.Sip.UnitTests, Version=1.0.3676.32754, Culture=neutral, PublicKeyToken=null" name="op_ImplicitTest" />
    </UnitTest>
    <UnitTest name="MethodTest3" storage="konnetic.sip.unittests.dll" id="8d746b3f-8b5e-c33a-f0f3-2a35d061d5b4">
      <Css projectStructure="" iteration="" />
      <Owners>
        <Owner name="" />
      </Owners>
      <Execution id="9611f540-3ff1-482d-ba9a-d8cb80f7cade" />
      <TestMethod codeBase="D:/Business/Development/Konnetic/UnifySipApi/Production/Src/Konnetic Unify SIP API/Konnetic.Sip.UnitTests/bin/Debug/Konnetic.Sip.UnitTests.DLL" adapterTypeName="Microsoft.VisualStudio.TestTools.TestTypes.Unit.UnitTestAdapter, Microsoft.VisualStudio.QualityTools.Tips.UnitTest.Adapter" className="Konnetic.Sip.UnitTests.SipUriBuilderAdapter, Konnetic.Sip.UnitTests, Version=1.0.3676.32754, Culture=neutral, PublicKeyToken=null" name="MethodTest3" expectedException="System.ArgumentNullException, mscorlib, Version=2.0.0.0, Culture=neutral, PublicKeyToken=b77a5c561934e089" />
    </UnitTest>
    <UnitTest name="UserNameTest" storage="konnetic.sip.unittests.dll" id="09f6bfbb-1a44-4c88-9a9a-da36b209807b">
      <Css projectStructure="" iteration="" />
      <Owners>
        <Owner name="" />
      </Owners>
      <Execution id="254617d9-ceac-4353-b3eb-9bb9c7628c0d" />
      <TestMethod codeBase="D:/Business/Development/Konnetic/UnifySipApi/Production/Src/Konnetic Unify SIP API/Konnetic.Sip.UnitTests/bin/Debug/Konnetic.Sip.UnitTests.DLL" adapterTypeName="Microsoft.VisualStudio.TestTools.TestTypes.Unit.UnitTestAdapter, Microsoft.VisualStudio.QualityTools.Tips.UnitTest.Adapter" className="Konnetic.Sip.UnitTests.SipUriBuilderAdapter, Konnetic.Sip.UnitTests, Version=1.0.3676.32754, Culture=neutral, PublicKeyToken=null" name="UserNameTest" />
    </UnitTest>
    <UnitTest name="ToHeaderFieldConstructorTest5" storage="konnetic.sip.unittests.dll" id="cdb7874b-2763-ef71-ceac-30f497669ab8">
      <Css projectStructure="" iteration="" />
      <Owners>
        <Owner name="" />
      </Owners>
      <Execution id="ef24e3f3-78fc-4268-8288-cb0da141b477" />
      <TestMethod codeBase="D:/Business/Development/Konnetic/UnifySipApi/Production/Src/Konnetic Unify SIP API/Konnetic.Sip.UnitTests/bin/Debug/Konnetic.Sip.UnitTests.DLL" adapterTypeName="Microsoft.VisualStudio.TestTools.TestTypes.Unit.UnitTestAdapter, Microsoft.VisualStudio.QualityTools.Tips.UnitTest.Adapter" className="Konnetic.Sip.UnitTests.ToHeaderFieldAdapter, Konnetic.Sip.UnitTests, Version=1.0.3676.32754, Culture=neutral, PublicKeyToken=null" name="ToHeaderFieldConstructorTest5" />
    </UnitTest>
    <UnitTest name="MinExpiresHeaderFieldConstructorTest" storage="konnetic.sip.unittests.dll" id="f5b2ddda-d319-c4f7-e53d-fd633e3d7b91">
      <Css projectStructure="" iteration="" />
      <Owners>
        <Owner name="" />
      </Owners>
      <Execution id="8f15aaf3-b00d-4fb1-8ead-af4b943b06e5" />
      <TestMethod codeBase="D:/Business/Development/Konnetic/UnifySipApi/Production/Src/Konnetic Unify SIP API/Konnetic.Sip.UnitTests/bin/Debug/Konnetic.Sip.UnitTests.DLL" adapterTypeName="Microsoft.VisualStudio.TestTools.TestTypes.Unit.UnitTestAdapter, Microsoft.VisualStudio.QualityTools.Tips.UnitTest.Adapter" className="Konnetic.Sip.UnitTests.MinExpiresHeaderFieldAdapter, Konnetic.Sip.UnitTests, Version=1.0.3676.32754, Culture=neutral, PublicKeyToken=null" name="MinExpiresHeaderFieldConstructorTest" />
    </UnitTest>
    <UnitTest name="EqualsTest" storage="konnetic.sip.unittests.dll" id="405db453-7353-8c7d-ec17-131309ef05a2">
      <Css projectStructure="" iteration="" />
      <Owners>
        <Owner name="" />
      </Owners>
      <Execution id="bf52e843-ecb4-452d-977f-a5fd81f8a259" />
      <TestMethod codeBase="D:/Business/Development/Konnetic/UnifySipApi/Production/Src/Konnetic Unify SIP API/Konnetic.Sip.UnitTests/bin/Debug/Konnetic.Sip.UnitTests.DLL" adapterTypeName="Microsoft.VisualStudio.TestTools.TestTypes.Unit.UnitTestAdapter, Microsoft.VisualStudio.QualityTools.Tips.UnitTest.Adapter" className="Konnetic.Sip.UnitTests.TimestampHeaderFieldAdapter, Konnetic.Sip.UnitTests, Version=1.0.3676.32754, Culture=neutral, PublicKeyToken=null" name="EqualsTest" />
    </UnitTest>
    <UnitTest name="EqualsTest" storage="konnetic.sip.unittests.dll" id="205abb23-b21c-9707-4f83-b91a45c3c6e4">
      <Css projectStructure="" iteration="" />
      <Owners>
        <Owner name="" />
      </Owners>
      <Execution id="75d6fc73-995c-4f13-8f32-513793286853" />
      <TestMethod codeBase="D:/Business/Development/Konnetic/UnifySipApi/Production/Src/Konnetic Unify SIP API/Konnetic.Sip.UnitTests/bin/Debug/Konnetic.Sip.UnitTests.DLL" adapterTypeName="Microsoft.VisualStudio.TestTools.TestTypes.Unit.UnitTestAdapter, Microsoft.VisualStudio.QualityTools.Tips.UnitTest.Adapter" className="Konnetic.Sip.UnitTests.MaxForwardsHeaderFieldAdapter, Konnetic.Sip.UnitTests, Version=1.0.3676.32754, Culture=neutral, PublicKeyToken=null" name="EqualsTest" />
    </UnitTest>
    <UnitTest name="ReceivedTest" storage="konnetic.sip.unittests.dll" id="5c68da63-c934-39b7-4739-3a633402d860">
      <Css projectStructure="" iteration="" />
      <Owners>
        <Owner name="" />
      </Owners>
      <Execution id="72dd8ce6-dd52-4fa6-9424-aee27b587233" />
      <TestMethod codeBase="D:/Business/Development/Konnetic/UnifySipApi/Production/Src/Konnetic Unify SIP API/Konnetic.Sip.UnitTests/bin/Debug/Konnetic.Sip.UnitTests.DLL" adapterTypeName="Microsoft.VisualStudio.TestTools.TestTypes.Unit.UnitTestAdapter, Microsoft.VisualStudio.QualityTools.Tips.UnitTest.Adapter" className="Konnetic.Sip.UnitTests.ViaHeaderFieldAdapter, Konnetic.Sip.UnitTests, Version=1.0.3676.32754, Culture=neutral, PublicKeyToken=null" name="ReceivedTest" />
    </UnitTest>
    <UnitTest name="AlgorithmTest1" storage="konnetic.sip.unittests.dll" id="c8347b88-43ae-4c54-b006-fb10c1b56058">
      <Css projectStructure="" iteration="" />
      <Owners>
        <Owner name="" />
      </Owners>
      <Execution id="c5e02e68-9630-4c0b-93e5-1a0ccdd7f09e" />
      <TestMethod codeBase="D:/Business/Development/Konnetic/UnifySipApi/Production/Src/Konnetic Unify SIP API/Konnetic.Sip.UnitTests/bin/Debug/Konnetic.Sip.UnitTests.DLL" adapterTypeName="Microsoft.VisualStudio.TestTools.TestTypes.Unit.UnitTestAdapter, Microsoft.VisualStudio.QualityTools.Tips.UnitTest.Adapter" className="Konnetic.Sip.UnitTests.ChallengeHeaderFieldAdapter, Konnetic.Sip.UnitTests, Version=1.0.3676.32754, Culture=neutral, PublicKeyToken=null" name="AlgorithmTest1" />
    </UnitTest>
    <UnitTest name="ProxyRequireHeaderFieldConstructorTest" storage="konnetic.sip.unittests.dll" id="d2a159b7-141b-e7a2-1545-bc0632ae7db8">
      <Css projectStructure="" iteration="" />
      <Owners>
        <Owner name="" />
      </Owners>
      <Execution id="5cc4f90d-21fa-4866-8975-ee86db43393f" />
      <TestMethod codeBase="D:/Business/Development/Konnetic/UnifySipApi/Production/Src/Konnetic Unify SIP API/Konnetic.Sip.UnitTests/bin/Debug/Konnetic.Sip.UnitTests.DLL" adapterTypeName="Microsoft.VisualStudio.TestTools.TestTypes.Unit.UnitTestAdapter, Microsoft.VisualStudio.QualityTools.Tips.UnitTest.Adapter" className="Konnetic.Sip.UnitTests.ProxyRequireHeaderFieldAdapter, Konnetic.Sip.UnitTests, Version=1.0.3676.32754, Culture=neutral, PublicKeyToken=null" name="ProxyRequireHeaderFieldConstructorTest" />
    </UnitTest>
    <UnitTest name="ParseTest" storage="konnetic.sip.unittests.dll" id="1d0e83cb-ce9d-9d2b-f644-f5bbb0ecd97d">
      <Css projectStructure="" iteration="" />
      <Owners>
        <Owner name="" />
      </Owners>
      <Execution id="59446312-4097-405e-b672-34653d48fde9" />
      <TestMethod codeBase="D:/Business/Development/Konnetic/UnifySipApi/Production/Src/Konnetic Unify SIP API/Konnetic.Sip.UnitTests/bin/Debug/Konnetic.Sip.UnitTests.DLL" adapterTypeName="Microsoft.VisualStudio.TestTools.TestTypes.Unit.UnitTestAdapter, Microsoft.VisualStudio.QualityTools.Tips.UnitTest.Adapter" className="Konnetic.Sip.UnitTests.AlertInfoHeaderFieldAdapter, Konnetic.Sip.UnitTests, Version=1.0.3676.32754, Culture=neutral, PublicKeyToken=null" name="ParseTest" />
    </UnitTest>
    <UnitTest name="ResponseTest" storage="konnetic.sip.unittests.dll" id="b6546c86-e6d1-5c92-19ef-f904080cf8c3">
      <Css projectStructure="" iteration="" />
      <Owners>
        <Owner name="" />
      </Owners>
      <Execution id="c231d51f-2e29-4ebb-ad21-8309fa024cf2" />
      <TestMethod codeBase="D:/Business/Development/Konnetic/UnifySipApi/Production/Src/Konnetic Unify SIP API/Konnetic.Sip.UnitTests/bin/Debug/Konnetic.Sip.UnitTests.DLL" adapterTypeName="Microsoft.VisualStudio.TestTools.TestTypes.Unit.UnitTestAdapter, Microsoft.VisualStudio.QualityTools.Tips.UnitTest.Adapter" className="Konnetic.Sip.UnitTests.AuthorizationHeaderFieldBaseAdapter, Konnetic.Sip.UnitTests, Version=1.0.3676.32754, Culture=neutral, PublicKeyToken=null" name="ResponseTest" />
    </UnitTest>
    <UnitTest name="MediaTypeParameterTest" storage="konnetic.sip.unittests.dll" id="0e22fcd8-674f-1a52-081a-be3026bc7fe6">
      <Css projectStructure="" iteration="" />
      <Owners>
        <Owner name="" />
      </Owners>
      <Execution id="9e489b6f-feba-45a5-92bf-8cd77a3413ed" />
      <TestMethod codeBase="D:/Business/Development/Konnetic/UnifySipApi/Production/Src/Konnetic Unify SIP API/Konnetic.Sip.UnitTests/bin/Debug/Konnetic.Sip.UnitTests.DLL" adapterTypeName="Microsoft.VisualStudio.TestTools.TestTypes.Unit.UnitTestAdapter, Microsoft.VisualStudio.QualityTools.Tips.UnitTest.Adapter" className="Konnetic.Sip.UnitTests.AcceptHeaderFieldAdapter, Konnetic.Sip.UnitTests, Version=1.0.3676.32754, Culture=neutral, PublicKeyToken=null" name="MediaTypeParameterTest" />
    </UnitTest>
    <UnitTest name="RegenerateCallIDTest1" storage="konnetic.sip.unittests.dll" id="7223519c-1ccb-e68b-346b-974b196952b8">
      <Css projectStructure="" iteration="" />
      <Owners>
        <Owner name="" />
      </Owners>
      <Execution id="0b790f21-d1c1-4926-97a9-62c789652f9a" />
      <TestMethod codeBase="D:/Business/Development/Konnetic/UnifySipApi/Production/Src/Konnetic Unify SIP API/Konnetic.Sip.UnitTests/bin/Debug/Konnetic.Sip.UnitTests.DLL" adapterTypeName="Microsoft.VisualStudio.TestTools.TestTypes.Unit.UnitTestAdapter, Microsoft.VisualStudio.QualityTools.Tips.UnitTest.Adapter" className="Konnetic.Sip.UnitTests.CallIdHeaderFieldAdapter, Konnetic.Sip.UnitTests, Version=1.0.3676.32754, Culture=neutral, PublicKeyToken=null" name="RegenerateCallIDTest1" />
    </UnitTest>
    <UnitTest name="AlertInfoHeaderFieldConstructorTest2" storage="konnetic.sip.unittests.dll" id="73d42770-5357-af8f-b373-ac7e0bcdbef9">
      <Css projectStructure="" iteration="" />
      <Owners>
        <Owner name="" />
      </Owners>
      <Execution id="8790927e-3844-40d0-b291-e7e027bc5453" />
      <TestMethod codeBase="D:/Business/Development/Konnetic/UnifySipApi/Production/Src/Konnetic Unify SIP API/Konnetic.Sip.UnitTests/bin/Debug/Konnetic.Sip.UnitTests.DLL" adapterTypeName="Microsoft.VisualStudio.TestTools.TestTypes.Unit.UnitTestAdapter, Microsoft.VisualStudio.QualityTools.Tips.UnitTest.Adapter" className="Konnetic.Sip.UnitTests.AlertInfoHeaderFieldAdapter, Konnetic.Sip.UnitTests, Version=1.0.3676.32754, Culture=neutral, PublicKeyToken=null" name="AlertInfoHeaderFieldConstructorTest2" />
    </UnitTest>
    <UnitTest name="RealmTest1" storage="konnetic.sip.unittests.dll" id="e14953ca-230c-5bcb-ec77-fdf4a5ccfceb">
      <Css projectStructure="" iteration="" />
      <Owners>
        <Owner name="" />
      </Owners>
      <Execution id="9436a3cf-9b78-48c6-8aed-8df63be6aac5" />
      <TestMethod codeBase="D:/Business/Development/Konnetic/UnifySipApi/Production/Src/Konnetic Unify SIP API/Konnetic.Sip.UnitTests/bin/Debug/Konnetic.Sip.UnitTests.DLL" adapterTypeName="Microsoft.VisualStudio.TestTools.TestTypes.Unit.UnitTestAdapter, Microsoft.VisualStudio.QualityTools.Tips.UnitTest.Adapter" className="Konnetic.Sip.UnitTests.SecurityHeaderFieldAdapter, Konnetic.Sip.UnitTests, Version=1.0.3676.32754, Culture=neutral, PublicKeyToken=null" name="RealmTest1" />
    </UnitTest>
    <UnitTest name="ParseTest" storage="konnetic.sip.unittests.dll" id="ca3899a2-5ef4-0a20-aa0d-3c4a23704f55">
      <Css projectStructure="" iteration="" />
      <Owners>
        <Owner name="" />
      </Owners>
      <Execution id="2dcd9d89-bfd8-47b2-8f76-11d3af295007" />
      <TestMethod codeBase="D:/Business/Development/Konnetic/UnifySipApi/Production/Src/Konnetic Unify SIP API/Konnetic.Sip.UnitTests/bin/Debug/Konnetic.Sip.UnitTests.DLL" adapterTypeName="Microsoft.VisualStudio.TestTools.TestTypes.Unit.UnitTestAdapter, Microsoft.VisualStudio.QualityTools.Tips.UnitTest.Adapter" className="Konnetic.Sip.UnitTests.AuthHeaderFieldGroupAdapter, Konnetic.Sip.UnitTests, Version=1.0.3676.32754, Culture=neutral, PublicKeyToken=null" name="ParseTest" />
    </UnitTest>
    <UnitTest name="PortTest" storage="konnetic.sip.unittests.dll" id="8ab3307b-788b-8354-a367-4071bc13b301">
      <Css projectStructure="" iteration="" />
      <Owners>
        <Owner name="" />
      </Owners>
      <Execution id="0a1dd6af-bc06-4796-ae2a-b030fbeebe05" />
      <TestMethod codeBase="D:/Business/Development/Konnetic/UnifySipApi/Production/Src/Konnetic Unify SIP API/Konnetic.Sip.UnitTests/bin/Debug/Konnetic.Sip.UnitTests.DLL" adapterTypeName="Microsoft.VisualStudio.TestTools.TestTypes.Unit.UnitTestAdapter, Microsoft.VisualStudio.QualityTools.Tips.UnitTest.Adapter" className="Konnetic.Sip.UnitTests.SipUriBuilderAdapter, Konnetic.Sip.UnitTests, Version=1.0.3676.32754, Culture=neutral, PublicKeyToken=null" name="PortTest" />
    </UnitTest>
    <UnitTest name="MinExpiresHeaderFieldConstructorTest2" storage="konnetic.sip.unittests.dll" id="c5b2f288-63fa-34f1-0aec-fcafb6ee3f5f">
      <Css projectStructure="" iteration="" />
      <Owners>
        <Owner name="" />
      </Owners>
      <Execution id="2b5f5942-55d3-418c-89e7-11b27a80d4af" />
      <TestMethod codeBase="D:/Business/Development/Konnetic/UnifySipApi/Production/Src/Konnetic Unify SIP API/Konnetic.Sip.UnitTests/bin/Debug/Konnetic.Sip.UnitTests.DLL" adapterTypeName="Microsoft.VisualStudio.TestTools.TestTypes.Unit.UnitTestAdapter, Microsoft.VisualStudio.QualityTools.Tips.UnitTest.Adapter" className="Konnetic.Sip.UnitTests.MinExpiresHeaderFieldAdapter, Konnetic.Sip.UnitTests, Version=1.0.3676.32754, Culture=neutral, PublicKeyToken=null" name="MinExpiresHeaderFieldConstructorTest2" expectedException="Konnetic.Sip.SipOutOfRangeException, Konnetic.Sip, Version=1.0.3676.32752, Culture=neutral, PublicKeyToken=null" />
    </UnitTest>
    <UnitTest name="EqualsTest" storage="konnetic.sip.unittests.dll" id="df651a68-f07b-03ab-e9ed-0d4c997059b3">
      <Css projectStructure="" iteration="" />
      <Owners>
        <Owner name="" />
      </Owners>
      <Execution id="165f4e16-4916-4b74-9fa4-4115da325f9a" />
      <TestMethod codeBase="D:/Business/Development/Konnetic/UnifySipApi/Production/Src/Konnetic Unify SIP API/Konnetic.Sip.UnitTests/bin/Debug/Konnetic.Sip.UnitTests.DLL" adapterTypeName="Microsoft.VisualStudio.TestTools.TestTypes.Unit.UnitTestAdapter, Microsoft.VisualStudio.QualityTools.Tips.UnitTest.Adapter" className="Konnetic.Sip.UnitTests.AcceptHeaderFieldAdapter, Konnetic.Sip.UnitTests, Version=1.0.3676.32754, Culture=neutral, PublicKeyToken=null" name="EqualsTest" />
    </UnitTest>
    <UnitTest name="EqualsTest" storage="konnetic.sip.unittests.dll" id="3914c030-2748-c6a4-c67a-3bd0a3dac9ea">
      <Css projectStructure="" iteration="" />
      <Owners>
        <Owner name="" />
      </Owners>
      <Execution id="3802a01f-f549-4baa-a5a9-54c1ec37b898" />
      <TestMethod codeBase="D:/Business/Development/Konnetic/UnifySipApi/Production/Src/Konnetic Unify SIP API/Konnetic.Sip.UnitTests/bin/Debug/Konnetic.Sip.UnitTests.DLL" adapterTypeName="Microsoft.VisualStudio.TestTools.TestTypes.Unit.UnitTestAdapter, Microsoft.VisualStudio.QualityTools.Tips.UnitTest.Adapter" className="Konnetic.Sip.UnitTests.AcceptLanguageHeaderFieldAdapter, Konnetic.Sip.UnitTests, Version=1.0.3676.32754, Culture=neutral, PublicKeyToken=null" name="EqualsTest" />
    </UnitTest>
    <UnitTest name="NonceCountTest1" storage="konnetic.sip.unittests.dll" id="51241e96-8a45-4508-6c21-6576cae5e089">
      <Css projectStructure="" iteration="" />
      <Owners>
        <Owner name="" />
      </Owners>
      <Execution id="95c78c70-56f1-4410-a260-c42d13328cea" />
      <TestMethod codeBase="D:/Business/Development/Konnetic/UnifySipApi/Production/Src/Konnetic Unify SIP API/Konnetic.Sip.UnitTests/bin/Debug/Konnetic.Sip.UnitTests.DLL" adapterTypeName="Microsoft.VisualStudio.TestTools.TestTypes.Unit.UnitTestAdapter, Microsoft.VisualStudio.QualityTools.Tips.UnitTest.Adapter" className="Konnetic.Sip.UnitTests.AuthenticationInfoHeaderFieldAdapter, Konnetic.Sip.UnitTests, Version=1.0.3676.32754, Culture=neutral, PublicKeyToken=null" name="NonceCountTest1" expectedException="Konnetic.Sip.SipFormatException, Konnetic.Sip, Version=1.0.3676.32752, Culture=neutral, PublicKeyToken=null" />
    </UnitTest>
    <UnitTest name="ParseTest" storage="konnetic.sip.unittests.dll" id="97f3e931-9398-6d00-626a-fdbd66f47f88">
      <Css projectStructure="" iteration="" />
      <Owners>
        <Owner name="" />
      </Owners>
      <Execution id="5dc896b2-0fa5-4995-818d-300db76ce2ab" />
      <TestMethod codeBase="D:/Business/Development/Konnetic/UnifySipApi/Production/Src/Konnetic Unify SIP API/Konnetic.Sip.UnitTests/bin/Debug/Konnetic.Sip.UnitTests.DLL" adapterTypeName="Microsoft.VisualStudio.TestTools.TestTypes.Unit.UnitTestAdapter, Microsoft.VisualStudio.QualityTools.Tips.UnitTest.Adapter" className="Konnetic.Sip.UnitTests.SecondsHeaderFieldAdapter, Konnetic.Sip.UnitTests, Version=1.0.3676.32754, Culture=neutral, PublicKeyToken=null" name="ParseTest" />
    </UnitTest>
    <UnitTest name="RouteHeaderFieldConstructorTest" storage="konnetic.sip.unittests.dll" id="9b085dd3-c57b-414c-88cf-dc00c727d982">
      <Css projectStructure="" iteration="" />
      <Owners>
        <Owner name="" />
      </Owners>
      <Execution id="ebc6f46d-2e37-4ecf-b940-95dbbcc6f8b9" />
      <TestMethod codeBase="D:/Business/Development/Konnetic/UnifySipApi/Production/Src/Konnetic Unify SIP API/Konnetic.Sip.UnitTests/bin/Debug/Konnetic.Sip.UnitTests.DLL" adapterTypeName="Microsoft.VisualStudio.TestTools.TestTypes.Unit.UnitTestAdapter, Microsoft.VisualStudio.QualityTools.Tips.UnitTest.Adapter" className="Konnetic.Sip.UnitTests.RouteHeaderFieldAdapter, Konnetic.Sip.UnitTests, Version=1.0.3676.32754, Culture=neutral, PublicKeyToken=null" name="RouteHeaderFieldConstructorTest" />
    </UnitTest>
    <UnitTest name="ParseTest" storage="konnetic.sip.unittests.dll" id="3ed6dc71-47af-4e4f-acd3-2d70debd5ba4">
      <Css projectStructure="" iteration="" />
      <Owners>
        <Owner name="" />
      </Owners>
      <Execution id="b5e4d097-11df-4fd1-aab7-476e2e988c5c" />
      <TestMethod codeBase="D:/Business/Development/Konnetic/UnifySipApi/Production/Src/Konnetic Unify SIP API/Konnetic.Sip.UnitTests/bin/Debug/Konnetic.Sip.UnitTests.DLL" adapterTypeName="Microsoft.VisualStudio.TestTools.TestTypes.Unit.UnitTestAdapter, Microsoft.VisualStudio.QualityTools.Tips.UnitTest.Adapter" className="Konnetic.Sip.UnitTests.TimestampHeaderFieldAdapter, Konnetic.Sip.UnitTests, Version=1.0.3676.32754, Culture=neutral, PublicKeyToken=null" name="ParseTest" />
    </UnitTest>
    <UnitTest name="QValueTest1" storage="konnetic.sip.unittests.dll" id="b3c73762-7363-8119-d1b0-de576eca721d">
      <Css projectStructure="" iteration="" />
      <Owners>
        <Owner name="" />
      </Owners>
      <Execution id="5ab57dbd-9b4c-4fc0-914f-f1f213a4222f" />
      <TestMethod codeBase="D:/Business/Development/Konnetic/UnifySipApi/Production/Src/Konnetic Unify SIP API/Konnetic.Sip.UnitTests/bin/Debug/Konnetic.Sip.UnitTests.DLL" adapterTypeName="Microsoft.VisualStudio.TestTools.TestTypes.Unit.UnitTestAdapter, Microsoft.VisualStudio.QualityTools.Tips.UnitTest.Adapter" className="Konnetic.Sip.UnitTests.QValueHeaderFieldAdapter, Konnetic.Sip.UnitTests, Version=1.0.3676.32754, Culture=neutral, PublicKeyToken=null" name="QValueTest1" expectedException="Konnetic.Sip.SipOutOfRangeException, Konnetic.Sip, Version=1.0.3676.32752, Culture=neutral, PublicKeyToken=null" />
    </UnitTest>
    <UnitTest name="RecreateSequenceTest" storage="konnetic.sip.unittests.dll" id="87f2cb96-39ad-c42d-30a7-69606290a85a">
      <Css projectStructure="" iteration="" />
      <Owners>
        <Owner name="" />
      </Owners>
      <Execution id="fbc8be6b-9fb1-427b-9622-c5031f5d501c" />
      <TestMethod codeBase="D:/Business/Development/Konnetic/UnifySipApi/Production/Src/Konnetic Unify SIP API/Konnetic.Sip.UnitTests/bin/Debug/Konnetic.Sip.UnitTests.DLL" adapterTypeName="Microsoft.VisualStudio.TestTools.TestTypes.Unit.UnitTestAdapter, Microsoft.VisualStudio.QualityTools.Tips.UnitTest.Adapter" className="Konnetic.Sip.UnitTests.CSeqHeaderFieldAdapter, Konnetic.Sip.UnitTests, Version=1.0.3676.32754, Culture=neutral, PublicKeyToken=null" name="RecreateSequenceTest" />
    </UnitTest>
    <UnitTest name="CreateHeaderFieldTest" storage="konnetic.sip.unittests.dll" id="654423be-f74c-92a1-5a2a-7d2fe6c59520">
      <Css projectStructure="" iteration="" />
      <Owners>
        <Owner name="" />
      </Owners>
      <Execution id="a3be3899-6194-4c2f-95d6-c41347c2c92f" />
      <TestMethod codeBase="D:/Business/Development/Konnetic/UnifySipApi/Production/Src/Konnetic Unify SIP API/Konnetic.Sip.UnitTests/bin/Debug/Konnetic.Sip.UnitTests.DLL" adapterTypeName="Microsoft.VisualStudio.TestTools.TestTypes.Unit.UnitTestAdapter, Microsoft.VisualStudio.QualityTools.Tips.UnitTest.Adapter" className="Konnetic.Sip.UnitTests.HeaderFieldFactoryAdapter, Konnetic.Sip.UnitTests, Version=1.0.3676.32754, Culture=neutral, PublicKeyToken=null" name="CreateHeaderFieldTest" expectedException="System.ArgumentNullException, mscorlib, Version=2.0.0.0, Culture=neutral, PublicKeyToken=b77a5c561934e089" />
    </UnitTest>
    <UnitTest name="QValueTest" storage="konnetic.sip.unittests.dll" id="ee0362fc-282e-fa5a-6102-3f3c77a77002">
      <Css projectStructure="" iteration="" />
      <Owners>
        <Owner name="" />
      </Owners>
      <Execution id="10268483-7650-4eb2-97dc-81bdda056b4b" />
      <TestMethod codeBase="D:/Business/Development/Konnetic/UnifySipApi/Production/Src/Konnetic Unify SIP API/Konnetic.Sip.UnitTests/bin/Debug/Konnetic.Sip.UnitTests.DLL" adapterTypeName="Microsoft.VisualStudio.TestTools.TestTypes.Unit.UnitTestAdapter, Microsoft.VisualStudio.QualityTools.Tips.UnitTest.Adapter" className="Konnetic.Sip.UnitTests.AcceptEncodingHeaderFieldAdapter, Konnetic.Sip.UnitTests, Version=1.0.3676.32754, Culture=neutral, PublicKeyToken=null" name="QValueTest" />
    </UnitTest>
    <UnitTest name="SchemeTest" storage="konnetic.sip.unittests.dll" id="ab714d61-2c70-e0e4-a548-208584e7aa24">
      <Css projectStructure="" iteration="" />
      <Owners>
        <Owner name="" />
      </Owners>
      <DeploymentItems>
        <DeploymentItem filename="Konnetic.Sip.dll" />
      </DeploymentItems>
      <Execution id="1fa553a6-4bb6-4155-9a9a-e60cda17ee95" />
      <TestMethod codeBase="D:/Business/Development/Konnetic/UnifySipApi/Production/Src/Konnetic Unify SIP API/Konnetic.Sip.UnitTests/bin/Debug/Konnetic.Sip.UnitTests.DLL" adapterTypeName="Microsoft.VisualStudio.TestTools.TestTypes.Unit.UnitTestAdapter, Microsoft.VisualStudio.QualityTools.Tips.UnitTest.Adapter" className="Konnetic.Sip.UnitTests.StatusLineHeaderFieldAdapter, Konnetic.Sip.UnitTests, Version=1.0.3676.32754, Culture=neutral, PublicKeyToken=null" name="SchemeTest" />
    </UnitTest>
    <UnitTest name="EqualsTest" storage="konnetic.sip.unittests.dll" id="95af99ea-1d4b-0fbb-91a8-69315605d3b2">
      <Css projectStructure="" iteration="" />
      <Owners>
        <Owner name="" />
      </Owners>
      <Execution id="4821e868-b518-454a-978d-7563fa7213fe" />
      <TestMethod codeBase="D:/Business/Development/Konnetic/UnifySipApi/Production/Src/Konnetic Unify SIP API/Konnetic.Sip.UnitTests/bin/Debug/Konnetic.Sip.UnitTests.DLL" adapterTypeName="Microsoft.VisualStudio.TestTools.TestTypes.Unit.UnitTestAdapter, Microsoft.VisualStudio.QualityTools.Tips.UnitTest.Adapter" className="Konnetic.Sip.UnitTests.RecordRouteHeaderFieldAdapter, Konnetic.Sip.UnitTests, Version=1.0.3676.32754, Culture=neutral, PublicKeyToken=null" name="EqualsTest" />
    </UnitTest>
    <UnitTest name="UserAgentHeaderFieldConstructorTest1" storage="konnetic.sip.unittests.dll" id="03c4b3be-2262-9adb-0e4d-c4b0eb0602a0">
      <Css projectStructure="" iteration="" />
      <Owners>
        <Owner name="" />
      </Owners>
      <Execution id="a628f38d-b463-465c-9d05-901ff989dab8" />
      <TestMethod codeBase="D:/Business/Development/Konnetic/UnifySipApi/Production/Src/Konnetic Unify SIP API/Konnetic.Sip.UnitTests/bin/Debug/Konnetic.Sip.UnitTests.DLL" adapterTypeName="Microsoft.VisualStudio.TestTools.TestTypes.Unit.UnitTestAdapter, Microsoft.VisualStudio.QualityTools.Tips.UnitTest.Adapter" className="Konnetic.Sip.UnitTests.UserAgentHeaderFieldAdapter, Konnetic.Sip.UnitTests, Version=1.0.3676.32754, Culture=neutral, PublicKeyToken=null" name="UserAgentHeaderFieldConstructorTest1" />
    </UnitTest>
    <UnitTest name="op_ExplicitTest" storage="konnetic.sip.unittests.dll" id="9fd13a60-0d5b-81ac-3048-2d09f32ec55e">
      <Css projectStructure="" iteration="" />
      <Owners>
        <Owner name="" />
      </Owners>
      <Execution id="4bddb6a4-2152-415e-9b7e-0eb054a04862" />
      <TestMethod codeBase="D:/Business/Development/Konnetic/UnifySipApi/Production/Src/Konnetic Unify SIP API/Konnetic.Sip.UnitTests/bin/Debug/Konnetic.Sip.UnitTests.DLL" adapterTypeName="Microsoft.VisualStudio.TestTools.TestTypes.Unit.UnitTestAdapter, Microsoft.VisualStudio.QualityTools.Tips.UnitTest.Adapter" className="Konnetic.Sip.UnitTests.RequireHeaderFieldAdapter, Konnetic.Sip.UnitTests, Version=1.0.3676.32754, Culture=neutral, PublicKeyToken=null" name="op_ExplicitTest" />
    </UnitTest>
    <UnitTest name="FindValueTest" storage="konnetic.sip.unittests.dll" id="4bb2064b-f902-4142-92c2-800bfd203daa">
      <Css projectStructure="" iteration="" />
      <Owners>
        <Owner name="" />
      </Owners>
      <DeploymentItems>
        <DeploymentItem filename="Konnetic.Sip.dll" />
      </DeploymentItems>
      <Execution id="5f0c23a1-6c72-499c-9cf8-86b54409b60f" />
      <TestMethod codeBase="D:/Business/Development/Konnetic/UnifySipApi/Production/Src/Konnetic Unify SIP API/Konnetic.Sip.UnitTests/bin/Debug/Konnetic.Sip.UnitTests.DLL" adapterTypeName="Microsoft.VisualStudio.TestTools.TestTypes.Unit.UnitTestAdapter, Microsoft.VisualStudio.QualityTools.Tips.UnitTest.Adapter" className="Konnetic.Sip.UnitTests.InviteAdapter, Konnetic.Sip.UnitTests, Version=1.0.3676.32754, Culture=neutral, PublicKeyToken=null" name="FindValueTest" />
    </UnitTest>
    <UnitTest name="RequireHeaderFieldConstructorTest1" storage="konnetic.sip.unittests.dll" id="abcf5635-0f6d-7e3b-f68d-15d33fbc975b">
      <Css projectStructure="" iteration="" />
      <Owners>
        <Owner name="" />
      </Owners>
      <Execution id="b1b4d543-90ee-45ef-ab9c-40cbd7f64822" />
      <TestMethod codeBase="D:/Business/Development/Konnetic/UnifySipApi/Production/Src/Konnetic Unify SIP API/Konnetic.Sip.UnitTests/bin/Debug/Konnetic.Sip.UnitTests.DLL" adapterTypeName="Microsoft.VisualStudio.TestTools.TestTypes.Unit.UnitTestAdapter, Microsoft.VisualStudio.QualityTools.Tips.UnitTest.Adapter" className="Konnetic.Sip.UnitTests.RequireHeaderFieldAdapter, Konnetic.Sip.UnitTests, Version=1.0.3676.32754, Culture=neutral, PublicKeyToken=null" name="RequireHeaderFieldConstructorTest1" />
    </UnitTest>
    <UnitTest name="CallIdHeaderFieldConstructorTest1" storage="konnetic.sip.unittests.dll" id="7970795d-7b49-c514-10b8-7e515b952390">
      <Css projectStructure="" iteration="" />
      <Owners>
        <Owner name="" />
      </Owners>
      <Execution id="c6a6437d-eb10-447c-a6b9-ee1c22f07e82" />
      <TestMethod codeBase="D:/Business/Development/Konnetic/UnifySipApi/Production/Src/Konnetic Unify SIP API/Konnetic.Sip.UnitTests/bin/Debug/Konnetic.Sip.UnitTests.DLL" adapterTypeName="Microsoft.VisualStudio.TestTools.TestTypes.Unit.UnitTestAdapter, Microsoft.VisualStudio.QualityTools.Tips.UnitTest.Adapter" className="Konnetic.Sip.UnitTests.CallIdHeaderFieldAdapter, Konnetic.Sip.UnitTests, Version=1.0.3676.32754, Culture=neutral, PublicKeyToken=null" name="CallIdHeaderFieldConstructorTest1" />
    </UnitTest>
    <UnitTest name="InReplyToHeaderFieldConstructorTesta" storage="konnetic.sip.unittests.dll" id="0fe1b9ed-be49-d374-beb1-1c704fd8fd91">
      <Css projectStructure="" iteration="" />
      <Owners>
        <Owner name="" />
      </Owners>
      <Execution id="7e0fab39-d303-42df-8550-1b92679db208" />
      <TestMethod codeBase="D:/Business/Development/Konnetic/UnifySipApi/Production/Src/Konnetic Unify SIP API/Konnetic.Sip.UnitTests/bin/Debug/Konnetic.Sip.UnitTests.DLL" adapterTypeName="Microsoft.VisualStudio.TestTools.TestTypes.Unit.UnitTestAdapter, Microsoft.VisualStudio.QualityTools.Tips.UnitTest.Adapter" className="Konnetic.Sip.UnitTests.InReplyToHeaderFieldAdapter, Konnetic.Sip.UnitTests, Version=1.0.3676.32754, Culture=neutral, PublicKeyToken=null" name="InReplyToHeaderFieldConstructorTesta" expectedException="System.ArgumentNullException, mscorlib, Version=2.0.0.0, Culture=neutral, PublicKeyToken=b77a5c561934e089" />
    </UnitTest>
    <UnitTest name="AddTest2a" storage="konnetic.sip.unittests.dll" id="283fdc25-b04c-b75d-3ca4-4848fe01fc94">
      <Css projectStructure="" iteration="" />
      <Owners>
        <Owner name="" />
      </Owners>
      <Execution id="a77bdb35-578b-4a08-bd9c-48118e4cc052" />
      <TestMethod codeBase="D:/Business/Development/Konnetic/UnifySipApi/Production/Src/Konnetic Unify SIP API/Konnetic.Sip.UnitTests/bin/Debug/Konnetic.Sip.UnitTests.DLL" adapterTypeName="Microsoft.VisualStudio.TestTools.TestTypes.Unit.UnitTestAdapter, Microsoft.VisualStudio.QualityTools.Tips.UnitTest.Adapter" className="Konnetic.Sip.UnitTests.HeaderFieldCollectionAdapter, Konnetic.Sip.UnitTests, Version=1.0.3676.32754, Culture=neutral, PublicKeyToken=null" name="AddTest2a" expectedException="System.ArgumentException, mscorlib, Version=2.0.0.0, Culture=neutral, PublicKeyToken=b77a5c561934e089" />
    </UnitTest>
    <UnitTest name="GetStringValueTest" storage="konnetic.sip.unittests.dll" id="60beaba2-89e2-6be5-3b8c-56b3b01c3f30">
      <Css projectStructure="" iteration="" />
      <Owners>
        <Owner name="" />
      </Owners>
      <Execution id="1541a5ce-3cc9-4d39-9967-e8d6508212d0" />
      <TestMethod codeBase="D:/Business/Development/Konnetic/UnifySipApi/Production/Src/Konnetic Unify SIP API/Konnetic.Sip.UnitTests/bin/Debug/Konnetic.Sip.UnitTests.DLL" adapterTypeName="Microsoft.VisualStudio.TestTools.TestTypes.Unit.UnitTestAdapter, Microsoft.VisualStudio.QualityTools.Tips.UnitTest.Adapter" className="Konnetic.Sip.UnitTests.CallInfoHeaderFieldAdapter, Konnetic.Sip.UnitTests, Version=1.0.3676.32754, Culture=neutral, PublicKeyToken=null" name="GetStringValueTest" />
    </UnitTest>
    <UnitTest name="GetStringValueTest" storage="konnetic.sip.unittests.dll" id="f231423a-8910-6775-2714-87c764c894b7">
      <Css projectStructure="" iteration="" />
      <Owners>
        <Owner name="" />
      </Owners>
      <Execution id="5eb4ce17-8232-4d95-8595-4d2b6d73dd6e" />
      <TestMethod codeBase="D:/Business/Development/Konnetic/UnifySipApi/Production/Src/Konnetic Unify SIP API/Konnetic.Sip.UnitTests/bin/Debug/Konnetic.Sip.UnitTests.DLL" adapterTypeName="Microsoft.VisualStudio.TestTools.TestTypes.Unit.UnitTestAdapter, Microsoft.VisualStudio.QualityTools.Tips.UnitTest.Adapter" className="Konnetic.Sip.UnitTests.CSeqHeaderFieldAdapter, Konnetic.Sip.UnitTests, Version=1.0.3676.32754, Culture=neutral, PublicKeyToken=null" name="GetStringValueTest" />
    </UnitTest>
    <UnitTest name="ParseTest" storage="konnetic.sip.unittests.dll" id="b8a72e2f-4fd2-5d84-9dfc-2631b4799fa0">
      <Css projectStructure="" iteration="" />
      <Owners>
        <Owner name="" />
      </Owners>
      <Execution id="618f4b19-2854-4435-ab78-6570c298097e" />
      <TestMethod codeBase="D:/Business/Development/Konnetic/UnifySipApi/Production/Src/Konnetic Unify SIP API/Konnetic.Sip.UnitTests/bin/Debug/Konnetic.Sip.UnitTests.DLL" adapterTypeName="Microsoft.VisualStudio.TestTools.TestTypes.Unit.UnitTestAdapter, Microsoft.VisualStudio.QualityTools.Tips.UnitTest.Adapter" className="Konnetic.Sip.UnitTests.CSeqHeaderFieldAdapter, Konnetic.Sip.UnitTests, Version=1.0.3676.32754, Culture=neutral, PublicKeyToken=null" name="ParseTest" />
    </UnitTest>
    <UnitTest name="UserParameterTest" storage="konnetic.sip.unittests.dll" id="a30b8a6b-21ed-bd22-cde4-bd638f5d7cac">
      <Css projectStructure="" iteration="" />
      <Owners>
        <Owner name="" />
      </Owners>
      <Execution id="207914ef-91e3-4c5c-b59f-795e9e9e67cc" />
      <TestMethod codeBase="D:/Business/Development/Konnetic/UnifySipApi/Production/Src/Konnetic Unify SIP API/Konnetic.Sip.UnitTests/bin/Debug/Konnetic.Sip.UnitTests.DLL" adapterTypeName="Microsoft.VisualStudio.TestTools.TestTypes.Unit.UnitTestAdapter, Microsoft.VisualStudio.QualityTools.Tips.UnitTest.Adapter" className="Konnetic.Sip.UnitTests.SipUriAdapter, Konnetic.Sip.UnitTests, Version=1.0.3676.32754, Culture=neutral, PublicKeyToken=null" name="UserParameterTest" />
    </UnitTest>
    <UnitTest name="ParseTest1" storage="konnetic.sip.unittests.dll" id="ab79b81c-d88b-da0f-31ca-e54c12879e75">
      <Css projectStructure="" iteration="" />
      <Owners>
        <Owner name="" />
      </Owners>
      <Execution id="090d9f18-f18b-41fc-a245-fcedff73a99b" />
      <TestMethod codeBase="D:/Business/Development/Konnetic/UnifySipApi/Production/Src/Konnetic Unify SIP API/Konnetic.Sip.UnitTests/bin/Debug/Konnetic.Sip.UnitTests.DLL" adapterTypeName="Microsoft.VisualStudio.TestTools.TestTypes.Unit.UnitTestAdapter, Microsoft.VisualStudio.QualityTools.Tips.UnitTest.Adapter" className="Konnetic.Sip.UnitTests.MinExpiresHeaderFieldAdapter, Konnetic.Sip.UnitTests, Version=1.0.3676.32754, Culture=neutral, PublicKeyToken=null" name="ParseTest1" expectedException="Konnetic.Sip.SipParseException, Konnetic.Sip, Version=1.0.3676.32752, Culture=neutral, PublicKeyToken=null" />
    </UnitTest>
    <UnitTest name="MimeVersionHeaderFieldConstructorTest1" storage="konnetic.sip.unittests.dll" id="81839bb7-aafc-6fa6-7030-401fae301175">
      <Css projectStructure="" iteration="" />
      <Owners>
        <Owner name="" />
      </Owners>
      <Execution id="6f4feb65-2f23-46ef-bb18-be54610061ea" />
      <TestMethod codeBase="D:/Business/Development/Konnetic/UnifySipApi/Production/Src/Konnetic Unify SIP API/Konnetic.Sip.UnitTests/bin/Debug/Konnetic.Sip.UnitTests.DLL" adapterTypeName="Microsoft.VisualStudio.TestTools.TestTypes.Unit.UnitTestAdapter, Microsoft.VisualStudio.QualityTools.Tips.UnitTest.Adapter" className="Konnetic.Sip.UnitTests.MimeVersionHeaderFieldAdapter, Konnetic.Sip.UnitTests, Version=1.0.3676.32754, Culture=neutral, PublicKeyToken=null" name="MimeVersionHeaderFieldConstructorTest1" />
    </UnitTest>
    <UnitTest name="CloneTest" storage="konnetic.sip.unittests.dll" id="c03d2759-f116-8184-aeef-57cf3937bd5f">
      <Css projectStructure="" iteration="" />
      <Owners>
        <Owner name="" />
      </Owners>
      <Execution id="b4964f75-98ab-44c1-a418-3a49c794be4b" />
      <TestMethod codeBase="D:/Business/Development/Konnetic/UnifySipApi/Production/Src/Konnetic Unify SIP API/Konnetic.Sip.UnitTests/bin/Debug/Konnetic.Sip.UnitTests.DLL" adapterTypeName="Microsoft.VisualStudio.TestTools.TestTypes.Unit.UnitTestAdapter, Microsoft.VisualStudio.QualityTools.Tips.UnitTest.Adapter" className="Konnetic.Sip.UnitTests.AllowHeaderFieldAdapter, Konnetic.Sip.UnitTests, Version=1.0.3676.32754, Culture=neutral, PublicKeyToken=null" name="CloneTest" />
    </UnitTest>
    <UnitTest name="IsValidTest" storage="konnetic.sip.unittests.dll" id="e0ae0367-605f-ad66-1e00-5eb12c0c08b8">
      <Css projectStructure="" iteration="" />
      <Owners>
        <Owner name="" />
      </Owners>
      <Execution id="2be9e85d-d7dc-4f3e-a4de-1a7955f2ba68" />
      <TestMethod codeBase="D:/Business/Development/Konnetic/UnifySipApi/Production/Src/Konnetic Unify SIP API/Konnetic.Sip.UnitTests/bin/Debug/Konnetic.Sip.UnitTests.DLL" adapterTypeName="Microsoft.VisualStudio.TestTools.TestTypes.Unit.UnitTestAdapter, Microsoft.VisualStudio.QualityTools.Tips.UnitTest.Adapter" className="Konnetic.Sip.UnitTests.SubjectHeaderFieldAdapter, Konnetic.Sip.UnitTests, Version=1.0.3676.32754, Culture=neutral, PublicKeyToken=null" name="IsValidTest" />
    </UnitTest>
    <UnitTest name="ParseTest3" storage="konnetic.sip.unittests.dll" id="b5bcbd60-f92b-75e1-36fe-83cac450444e">
      <Css projectStructure="" iteration="" />
      <Owners>
        <Owner name="" />
      </Owners>
      <Execution id="e840c80c-3bf5-4296-861b-9ff63d181f98" />
      <TestMethod codeBase="D:/Business/Development/Konnetic/UnifySipApi/Production/Src/Konnetic Unify SIP API/Konnetic.Sip.UnitTests/bin/Debug/Konnetic.Sip.UnitTests.DLL" adapterTypeName="Microsoft.VisualStudio.TestTools.TestTypes.Unit.UnitTestAdapter, Microsoft.VisualStudio.QualityTools.Tips.UnitTest.Adapter" className="Konnetic.Sip.UnitTests.MinExpiresHeaderFieldAdapter, Konnetic.Sip.UnitTests, Version=1.0.3676.32754, Culture=neutral, PublicKeyToken=null" name="ParseTest3" />
    </UnitTest>
    <UnitTest name="UserNameTest" storage="konnetic.sip.unittests.dll" id="a935a387-bec0-f5d3-98e4-410b84656cd1">
      <Css projectStructure="" iteration="" />
      <Owners>
        <Owner name="" />
      </Owners>
      <Execution id="7ed2c8ea-5c3c-4918-a2d2-442a700324ee" />
      <TestMethod codeBase="D:/Business/Development/Konnetic/UnifySipApi/Production/Src/Konnetic Unify SIP API/Konnetic.Sip.UnitTests/bin/Debug/Konnetic.Sip.UnitTests.DLL" adapterTypeName="Microsoft.VisualStudio.TestTools.TestTypes.Unit.UnitTestAdapter, Microsoft.VisualStudio.QualityTools.Tips.UnitTest.Adapter" className="Konnetic.Sip.UnitTests.SipUriAdapter, Konnetic.Sip.UnitTests, Version=1.0.3676.32754, Culture=neutral, PublicKeyToken=null" name="UserNameTest" />
    </UnitTest>
    <UnitTest name="MinorVersionTest" storage="konnetic.sip.unittests.dll" id="be7c65f6-8c50-f9ee-4a4c-3f0436f69ecb">
      <Css projectStructure="" iteration="" />
      <Owners>
        <Owner name="" />
      </Owners>
      <Execution id="c91bdd55-5bb0-41de-9f4c-46c20c27b548" />
      <TestMethod codeBase="D:/Business/Development/Konnetic/UnifySipApi/Production/Src/Konnetic Unify SIP API/Konnetic.Sip.UnitTests/bin/Debug/Konnetic.Sip.UnitTests.DLL" adapterTypeName="Microsoft.VisualStudio.TestTools.TestTypes.Unit.UnitTestAdapter, Microsoft.VisualStudio.QualityTools.Tips.UnitTest.Adapter" className="Konnetic.Sip.UnitTests.MimeVersionHeaderFieldAdapter, Konnetic.Sip.UnitTests, Version=1.0.3676.32754, Culture=neutral, PublicKeyToken=null" name="MinorVersionTest" />
    </UnitTest>
    <UnitTest name="ContentDispositionHeaderFieldConstructorTest1" storage="konnetic.sip.unittests.dll" id="781aecbc-0a4f-ee8f-7877-569a57a0d36c">
      <Css projectStructure="" iteration="" />
      <Owners>
        <Owner name="" />
      </Owners>
      <Execution id="4334a38d-d857-49e0-bb38-102382d58458" />
      <TestMethod codeBase="D:/Business/Development/Konnetic/UnifySipApi/Production/Src/Konnetic Unify SIP API/Konnetic.Sip.UnitTests/bin/Debug/Konnetic.Sip.UnitTests.DLL" adapterTypeName="Microsoft.VisualStudio.TestTools.TestTypes.Unit.UnitTestAdapter, Microsoft.VisualStudio.QualityTools.Tips.UnitTest.Adapter" className="Konnetic.Sip.UnitTests.ContentDispositionHeaderFieldAdapter, Konnetic.Sip.UnitTests, Version=1.0.3676.32754, Culture=neutral, PublicKeyToken=null" name="ContentDispositionHeaderFieldConstructorTest1" />
    </UnitTest>
    <UnitTest name="QValueTest1" storage="konnetic.sip.unittests.dll" id="90d34e26-ea8b-8555-c3eb-ea067f7196ce">
      <Css projectStructure="" iteration="" />
      <Owners>
        <Owner name="" />
      </Owners>
      <Execution id="adfccb26-a243-46d6-bb80-3b52a86134c8" />
      <TestMethod codeBase="D:/Business/Development/Konnetic/UnifySipApi/Production/Src/Konnetic Unify SIP API/Konnetic.Sip.UnitTests/bin/Debug/Konnetic.Sip.UnitTests.DLL" adapterTypeName="Microsoft.VisualStudio.TestTools.TestTypes.Unit.UnitTestAdapter, Microsoft.VisualStudio.QualityTools.Tips.UnitTest.Adapter" className="Konnetic.Sip.UnitTests.AcceptLanguageHeaderFieldAdapter, Konnetic.Sip.UnitTests, Version=1.0.3676.32754, Culture=neutral, PublicKeyToken=null" name="QValueTest1" expectedException="Konnetic.Sip.SipOutOfRangeException, Konnetic.Sip, Version=1.0.3676.32752, Culture=neutral, PublicKeyToken=null" />
    </UnitTest>
    <UnitTest name="NonceCountTest" storage="konnetic.sip.unittests.dll" id="927f2713-67eb-32ce-11a3-fc6e816015a1">
      <Css projectStructure="" iteration="" />
      <Owners>
        <Owner name="" />
      </Owners>
      <Execution id="d211b42c-ee20-4a4b-9707-1756ea7b19d5" />
      <TestMethod codeBase="D:/Business/Development/Konnetic/UnifySipApi/Production/Src/Konnetic Unify SIP API/Konnetic.Sip.UnitTests/bin/Debug/Konnetic.Sip.UnitTests.DLL" adapterTypeName="Microsoft.VisualStudio.TestTools.TestTypes.Unit.UnitTestAdapter, Microsoft.VisualStudio.QualityTools.Tips.UnitTest.Adapter" className="Konnetic.Sip.UnitTests.AuthorizationHeaderFieldBaseAdapter, Konnetic.Sip.UnitTests, Version=1.0.3676.32754, Culture=neutral, PublicKeyToken=null" name="NonceCountTest" />
    </UnitTest>
    <UnitTest name="CloneTest" storage="konnetic.sip.unittests.dll" id="698a1dc3-2fa5-8365-3a98-c41fe5416af3">
      <Css projectStructure="" iteration="" />
      <Owners>
        <Owner name="" />
      </Owners>
      <Execution id="d7aa176b-d645-4d7b-bc55-f4cfdace1362" />
      <TestMethod codeBase="D:/Business/Development/Konnetic/UnifySipApi/Production/Src/Konnetic Unify SIP API/Konnetic.Sip.UnitTests/bin/Debug/Konnetic.Sip.UnitTests.DLL" adapterTypeName="Microsoft.VisualStudio.TestTools.TestTypes.Unit.UnitTestAdapter, Microsoft.VisualStudio.QualityTools.Tips.UnitTest.Adapter" className="Konnetic.Sip.UnitTests.WarningHeaderFieldAdapter, Konnetic.Sip.UnitTests, Version=1.0.3676.32754, Culture=neutral, PublicKeyToken=null" name="CloneTest" />
    </UnitTest>
    <UnitTest name="ContactHeaderFieldConstructorTest" storage="konnetic.sip.unittests.dll" id="267a5520-b2ce-30b4-eed9-5f24f23d3f7d">
      <Css projectStructure="" iteration="" />
      <Owners>
        <Owner name="" />
      </Owners>
      <Execution id="c0ee18ee-f2fd-475e-81cb-7e00b9d5b824" />
      <TestMethod codeBase="D:/Business/Development/Konnetic/UnifySipApi/Production/Src/Konnetic Unify SIP API/Konnetic.Sip.UnitTests/bin/Debug/Konnetic.Sip.UnitTests.DLL" adapterTypeName="Microsoft.VisualStudio.TestTools.TestTypes.Unit.UnitTestAdapter, Microsoft.VisualStudio.QualityTools.Tips.UnitTest.Adapter" className="Konnetic.Sip.UnitTests.ContactHeaderFieldAdapter, Konnetic.Sip.UnitTests, Version=1.0.3676.32754, Culture=neutral, PublicKeyToken=null" name="ContactHeaderFieldConstructorTest" />
    </UnitTest>
    <UnitTest name="ServerHeaderFieldConstructorTest" storage="konnetic.sip.unittests.dll" id="7d6cb479-0302-5dea-08b0-3c15233e4a62">
      <Css projectStructure="" iteration="" />
      <Owners>
        <Owner name="" />
      </Owners>
      <Execution id="a952341c-e9e3-46c2-a8ab-41ffd27bdddf" />
      <TestMethod codeBase="D:/Business/Development/Konnetic/UnifySipApi/Production/Src/Konnetic Unify SIP API/Konnetic.Sip.UnitTests/bin/Debug/Konnetic.Sip.UnitTests.DLL" adapterTypeName="Microsoft.VisualStudio.TestTools.TestTypes.Unit.UnitTestAdapter, Microsoft.VisualStudio.QualityTools.Tips.UnitTest.Adapter" className="Konnetic.Sip.UnitTests.ServerHeaderFieldAdapter, Konnetic.Sip.UnitTests, Version=1.0.3676.32754, Culture=neutral, PublicKeyToken=null" name="ServerHeaderFieldConstructorTest" />
    </UnitTest>
    <UnitTest name="ParseTest" storage="konnetic.sip.unittests.dll" id="3346cd6a-f554-d182-e537-914d0ca5483a">
      <Css projectStructure="" iteration="" />
      <Owners>
        <Owner name="" />
      </Owners>
      <Execution id="162bba85-e310-4dc4-9f65-b6a226e75b30" />
      <TestMethod codeBase="D:/Business/Development/Konnetic/UnifySipApi/Production/Src/Konnetic Unify SIP API/Konnetic.Sip.UnitTests/bin/Debug/Konnetic.Sip.UnitTests.DLL" adapterTypeName="Microsoft.VisualStudio.TestTools.TestTypes.Unit.UnitTestAdapter, Microsoft.VisualStudio.QualityTools.Tips.UnitTest.Adapter" className="Konnetic.Sip.UnitTests.PriorityHeaderFieldAdapter, Konnetic.Sip.UnitTests, Version=1.0.3676.32754, Culture=neutral, PublicKeyToken=null" name="ParseTest" />
    </UnitTest>
    <UnitTest name="CallInfoHeaderFieldConstructorTest1" storage="konnetic.sip.unittests.dll" id="a04bd54c-d3fc-6508-1fcd-e8dd84f49a7f">
      <Css projectStructure="" iteration="" />
      <Owners>
        <Owner name="" />
      </Owners>
      <Execution id="1196ae0d-fae8-456b-9298-4b13d0b529c6" />
      <TestMethod codeBase="D:/Business/Development/Konnetic/UnifySipApi/Production/Src/Konnetic Unify SIP API/Konnetic.Sip.UnitTests/bin/Debug/Konnetic.Sip.UnitTests.DLL" adapterTypeName="Microsoft.VisualStudio.TestTools.TestTypes.Unit.UnitTestAdapter, Microsoft.VisualStudio.QualityTools.Tips.UnitTest.Adapter" className="Konnetic.Sip.UnitTests.CallInfoHeaderFieldAdapter, Konnetic.Sip.UnitTests, Version=1.0.3676.32754, Culture=neutral, PublicKeyToken=null" name="CallInfoHeaderFieldConstructorTest1" />
    </UnitTest>
    <UnitTest name="MinExpiresHeaderFieldConstructorTest3" storage="konnetic.sip.unittests.dll" id="552972cc-eb27-e413-e825-43fbc7340d18">
      <Css projectStructure="" iteration="" />
      <Owners>
        <Owner name="" />
      </Owners>
      <Execution id="19f6a71d-0fb0-4064-8c2a-77627778da5e" />
      <TestMethod codeBase="D:/Business/Development/Konnetic/UnifySipApi/Production/Src/Konnetic Unify SIP API/Konnetic.Sip.UnitTests/bin/Debug/Konnetic.Sip.UnitTests.DLL" adapterTypeName="Microsoft.VisualStudio.TestTools.TestTypes.Unit.UnitTestAdapter, Microsoft.VisualStudio.QualityTools.Tips.UnitTest.Adapter" className="Konnetic.Sip.UnitTests.MinExpiresHeaderFieldAdapter, Konnetic.Sip.UnitTests, Version=1.0.3676.32754, Culture=neutral, PublicKeyToken=null" name="MinExpiresHeaderFieldConstructorTest3" expectedException="Konnetic.Sip.SipOutOfRangeException, Konnetic.Sip, Version=1.0.3676.32752, Culture=neutral, PublicKeyToken=null" />
    </UnitTest>
    <UnitTest name="EqualsTest" storage="konnetic.sip.unittests.dll" id="2d52e52a-0f36-9454-43de-59c463cd0b6c">
      <Css projectStructure="" iteration="" />
      <Owners>
        <Owner name="" />
      </Owners>
      <Execution id="6da25a18-87e2-4b14-99ea-ec54f35a22df" />
      <TestMethod codeBase="D:/Business/Development/Konnetic/UnifySipApi/Production/Src/Konnetic Unify SIP API/Konnetic.Sip.UnitTests/bin/Debug/Konnetic.Sip.UnitTests.DLL" adapterTypeName="Microsoft.VisualStudio.TestTools.TestTypes.Unit.UnitTestAdapter, Microsoft.VisualStudio.QualityTools.Tips.UnitTest.Adapter" className="Konnetic.Sip.UnitTests.SubjectHeaderFieldAdapter, Konnetic.Sip.UnitTests, Version=1.0.3676.32754, Culture=neutral, PublicKeyToken=null" name="EqualsTest" />
    </UnitTest>
    <UnitTest name="ParseTest" storage="konnetic.sip.unittests.dll" id="62ed3ecd-cb91-299a-8c91-658bae768300">
      <Css projectStructure="" iteration="" />
      <Owners>
        <Owner name="" />
      </Owners>
      <Execution id="3d179e98-7f80-4f59-b3f8-bb3dc1551be8" />
      <TestMethod codeBase="D:/Business/Development/Konnetic/UnifySipApi/Production/Src/Konnetic Unify SIP API/Konnetic.Sip.UnitTests/bin/Debug/Konnetic.Sip.UnitTests.DLL" adapterTypeName="Microsoft.VisualStudio.TestTools.TestTypes.Unit.UnitTestAdapter, Microsoft.VisualStudio.QualityTools.Tips.UnitTest.Adapter" className="Konnetic.Sip.UnitTests.ChallengeHeaderFieldAdapter, Konnetic.Sip.UnitTests, Version=1.0.3676.32754, Culture=neutral, PublicKeyToken=null" name="ParseTest" />
    </UnitTest>
    <UnitTest name="CloneTest" storage="konnetic.sip.unittests.dll" id="c0558edf-1bed-b157-3ae0-2cae9af825db">
      <Css projectStructure="" iteration="" />
      <Owners>
        <Owner name="" />
      </Owners>
      <Execution id="9cfdb355-fd86-4b9a-940f-f45795b12cd4" />
      <TestMethod codeBase="D:/Business/Development/Konnetic/UnifySipApi/Production/Src/Konnetic Unify SIP API/Konnetic.Sip.UnitTests/bin/Debug/Konnetic.Sip.UnitTests.DLL" adapterTypeName="Microsoft.VisualStudio.TestTools.TestTypes.Unit.UnitTestAdapter, Microsoft.VisualStudio.QualityTools.Tips.UnitTest.Adapter" className="Konnetic.Sip.UnitTests.ProxyAuthenticateHeaderFieldAdapter, Konnetic.Sip.UnitTests, Version=1.0.3676.32754, Culture=neutral, PublicKeyToken=null" name="CloneTest" />
    </UnitTest>
    <UnitTest name="GetHashCodeTest" storage="konnetic.sip.unittests.dll" id="eb0692eb-2921-a367-266d-100a0db73e75">
      <Css projectStructure="" iteration="" />
      <Owners>
        <Owner name="" />
      </Owners>
      <Execution id="8e86bbb5-a314-44df-ae1b-5de2bf5b80e3" />
      <TestMethod codeBase="D:/Business/Development/Konnetic/UnifySipApi/Production/Src/Konnetic Unify SIP API/Konnetic.Sip.UnitTests/bin/Debug/Konnetic.Sip.UnitTests.DLL" adapterTypeName="Microsoft.VisualStudio.TestTools.TestTypes.Unit.UnitTestAdapter, Microsoft.VisualStudio.QualityTools.Tips.UnitTest.Adapter" className="Konnetic.Sip.UnitTests.AcceptEncodingHeaderFieldAdapter, Konnetic.Sip.UnitTests, Version=1.0.3676.32754, Culture=neutral, PublicKeyToken=null" name="GetHashCodeTest" />
    </UnitTest>
    <UnitTest name="CloneTest" storage="konnetic.sip.unittests.dll" id="37722bd3-9ffd-bde6-6fd4-a863161d8e79">
      <Css projectStructure="" iteration="" />
      <Owners>
        <Owner name="" />
      </Owners>
      <Execution id="24627f72-496d-4033-b768-d8a90d736a83" />
      <TestMethod codeBase="D:/Business/Development/Konnetic/UnifySipApi/Production/Src/Konnetic Unify SIP API/Konnetic.Sip.UnitTests/bin/Debug/Konnetic.Sip.UnitTests.DLL" adapterTypeName="Microsoft.VisualStudio.TestTools.TestTypes.Unit.UnitTestAdapter, Microsoft.VisualStudio.QualityTools.Tips.UnitTest.Adapter" className="Konnetic.Sip.UnitTests.GenericHeaderFieldAdapter, Konnetic.Sip.UnitTests, Version=1.0.3676.32754, Culture=neutral, PublicKeyToken=null" name="CloneTest" />
    </UnitTest>
    <UnitTest name="ToStringTest" storage="konnetic.sip.unittests.dll" id="9e09a27b-a600-c849-f989-15f8134c63a7">
      <Css projectStructure="" iteration="" />
      <Owners>
        <Owner name="" />
      </Owners>
      <Execution id="2476cba5-b627-4bed-9869-b16c424e38e6" />
      <TestMethod codeBase="D:/Business/Development/Konnetic/UnifySipApi/Production/Src/Konnetic Unify SIP API/Konnetic.Sip.UnitTests/bin/Debug/Konnetic.Sip.UnitTests.DLL" adapterTypeName="Microsoft.VisualStudio.TestTools.TestTypes.Unit.UnitTestAdapter, Microsoft.VisualStudio.QualityTools.Tips.UnitTest.Adapter" className="Konnetic.Sip.UnitTests.ToHeaderFieldAdapter, Konnetic.Sip.UnitTests, Version=1.0.3676.32754, Culture=neutral, PublicKeyToken=null" name="ToStringTest" />
    </UnitTest>
    <UnitTest name="ToHeaderFieldConstructorTest2" storage="konnetic.sip.unittests.dll" id="1fac06c4-6ad8-9cd6-f17a-54235b1ed924">
      <Css projectStructure="" iteration="" />
      <Owners>
        <Owner name="" />
      </Owners>
      <Execution id="1453cb6a-9cc7-42cb-ae77-81fa999d5d2c" />
      <TestMethod codeBase="D:/Business/Development/Konnetic/UnifySipApi/Production/Src/Konnetic Unify SIP API/Konnetic.Sip.UnitTests/bin/Debug/Konnetic.Sip.UnitTests.DLL" adapterTypeName="Microsoft.VisualStudio.TestTools.TestTypes.Unit.UnitTestAdapter, Microsoft.VisualStudio.QualityTools.Tips.UnitTest.Adapter" className="Konnetic.Sip.UnitTests.ToHeaderFieldAdapter, Konnetic.Sip.UnitTests, Version=1.0.3676.32754, Culture=neutral, PublicKeyToken=null" name="ToHeaderFieldConstructorTest2" />
    </UnitTest>
    <UnitTest name="AuthorizationHeaderFieldConstructorTest" storage="konnetic.sip.unittests.dll" id="4b7943ae-fd96-7f84-a79e-6cf51639fef8">
      <Css projectStructure="" iteration="" />
      <Owners>
        <Owner name="" />
      </Owners>
      <Execution id="6c4fccf7-1611-4f16-be6c-eb50ff194f7a" />
      <TestMethod codeBase="D:/Business/Development/Konnetic/UnifySipApi/Production/Src/Konnetic Unify SIP API/Konnetic.Sip.UnitTests/bin/Debug/Konnetic.Sip.UnitTests.DLL" adapterTypeName="Microsoft.VisualStudio.TestTools.TestTypes.Unit.UnitTestAdapter, Microsoft.VisualStudio.QualityTools.Tips.UnitTest.Adapter" className="Konnetic.Sip.UnitTests.AuthorizationHeaderFieldAdapter, Konnetic.Sip.UnitTests, Version=1.0.3676.32754, Culture=neutral, PublicKeyToken=null" name="AuthorizationHeaderFieldConstructorTest" />
    </UnitTest>
    <UnitTest name="AllowHeaderFieldConstructorTest1" storage="konnetic.sip.unittests.dll" id="54f835d4-b418-0cbe-e90b-fc13bb78fb20">
      <Css projectStructure="" iteration="" />
      <Owners>
        <Owner name="" />
      </Owners>
      <Execution id="49921007-a5a1-4193-9aa8-23637bb87483" />
      <TestMethod codeBase="D:/Business/Development/Konnetic/UnifySipApi/Production/Src/Konnetic Unify SIP API/Konnetic.Sip.UnitTests/bin/Debug/Konnetic.Sip.UnitTests.DLL" adapterTypeName="Microsoft.VisualStudio.TestTools.TestTypes.Unit.UnitTestAdapter, Microsoft.VisualStudio.QualityTools.Tips.UnitTest.Adapter" className="Konnetic.Sip.UnitTests.AllowHeaderFieldAdapter, Konnetic.Sip.UnitTests, Version=1.0.3676.32754, Culture=neutral, PublicKeyToken=null" name="AllowHeaderFieldConstructorTest1" />
    </UnitTest>
    <UnitTest name="MessageQopTest" storage="konnetic.sip.unittests.dll" id="6a2896ab-8ffa-eb69-1977-ec41f7340322">
      <Css projectStructure="" iteration="" />
      <Owners>
        <Owner name="" />
      </Owners>
      <Execution id="c7bbf9f2-76ed-426a-8527-0ccdceacbd98" />
      <TestMethod codeBase="D:/Business/Development/Konnetic/UnifySipApi/Production/Src/Konnetic Unify SIP API/Konnetic.Sip.UnitTests/bin/Debug/Konnetic.Sip.UnitTests.DLL" adapterTypeName="Microsoft.VisualStudio.TestTools.TestTypes.Unit.UnitTestAdapter, Microsoft.VisualStudio.QualityTools.Tips.UnitTest.Adapter" className="Konnetic.Sip.UnitTests.AuthenticationInfoHeaderFieldAdapter, Konnetic.Sip.UnitTests, Version=1.0.3676.32754, Culture=neutral, PublicKeyToken=null" name="MessageQopTest" />
    </UnitTest>
    <UnitTest name="CallInfoHeaderFieldConstructorTest" storage="konnetic.sip.unittests.dll" id="5f7610e4-2697-060b-0675-fabfd22640d6">
      <Css projectStructure="" iteration="" />
      <Owners>
        <Owner name="" />
      </Owners>
      <Execution id="32d318a8-ae42-4bcf-9a09-96dfe85edc59" />
      <TestMethod codeBase="D:/Business/Development/Konnetic/UnifySipApi/Production/Src/Konnetic Unify SIP API/Konnetic.Sip.UnitTests/bin/Debug/Konnetic.Sip.UnitTests.DLL" adapterTypeName="Microsoft.VisualStudio.TestTools.TestTypes.Unit.UnitTestAdapter, Microsoft.VisualStudio.QualityTools.Tips.UnitTest.Adapter" className="Konnetic.Sip.UnitTests.CallInfoHeaderFieldAdapter, Konnetic.Sip.UnitTests, Version=1.0.3676.32754, Culture=neutral, PublicKeyToken=null" name="CallInfoHeaderFieldConstructorTest" />
    </UnitTest>
    <UnitTest name="DurationTest" storage="konnetic.sip.unittests.dll" id="8d89084c-be0a-158b-a9c2-b907cc430171">
      <Css projectStructure="" iteration="" />
      <Owners>
        <Owner name="" />
      </Owners>
      <Execution id="78680a65-385f-4680-8ae5-ac6e1bfccaaa" />
      <TestMethod codeBase="D:/Business/Development/Konnetic/UnifySipApi/Production/Src/Konnetic Unify SIP API/Konnetic.Sip.UnitTests/bin/Debug/Konnetic.Sip.UnitTests.DLL" adapterTypeName="Microsoft.VisualStudio.TestTools.TestTypes.Unit.UnitTestAdapter, Microsoft.VisualStudio.QualityTools.Tips.UnitTest.Adapter" className="Konnetic.Sip.UnitTests.RetryAfterHeaderFieldAdapter, Konnetic.Sip.UnitTests, Version=1.0.3676.32754, Culture=neutral, PublicKeyToken=null" name="DurationTest" />
    </UnitTest>
    <UnitTest name="RecordRouteHeaderFieldConstructorTest2" storage="konnetic.sip.unittests.dll" id="f23c6842-a102-6047-ef8c-8777a2d9c46f">
      <Css projectStructure="" iteration="" />
      <Owners>
        <Owner name="" />
      </Owners>
      <Execution id="62adb5ae-2846-4dc5-a122-c5b7d8c9a062" />
      <TestMethod codeBase="D:/Business/Development/Konnetic/UnifySipApi/Production/Src/Konnetic Unify SIP API/Konnetic.Sip.UnitTests/bin/Debug/Konnetic.Sip.UnitTests.DLL" adapterTypeName="Microsoft.VisualStudio.TestTools.TestTypes.Unit.UnitTestAdapter, Microsoft.VisualStudio.QualityTools.Tips.UnitTest.Adapter" className="Konnetic.Sip.UnitTests.RecordRouteHeaderFieldAdapter, Konnetic.Sip.UnitTests, Version=1.0.3676.32754, Culture=neutral, PublicKeyToken=null" name="RecordRouteHeaderFieldConstructorTest2" />
    </UnitTest>
    <UnitTest name="UserAgentHeaderFieldConstructorTest3" storage="konnetic.sip.unittests.dll" id="5209c115-7bcc-6c1d-3bc0-7b03f1c465fb">
      <Css projectStructure="" iteration="" />
      <Owners>
        <Owner name="" />
      </Owners>
      <Execution id="90d5713d-be49-4fdb-8075-5e1d5c8a2ce7" />
      <TestMethod codeBase="D:/Business/Development/Konnetic/UnifySipApi/Production/Src/Konnetic Unify SIP API/Konnetic.Sip.UnitTests/bin/Debug/Konnetic.Sip.UnitTests.DLL" adapterTypeName="Microsoft.VisualStudio.TestTools.TestTypes.Unit.UnitTestAdapter, Microsoft.VisualStudio.QualityTools.Tips.UnitTest.Adapter" className="Konnetic.Sip.UnitTests.UserAgentHeaderFieldAdapter, Konnetic.Sip.UnitTests, Version=1.0.3676.32754, Culture=neutral, PublicKeyToken=null" name="UserAgentHeaderFieldConstructorTest3" />
    </UnitTest>
    <UnitTest name="CloneTest" storage="konnetic.sip.unittests.dll" id="c5371649-d394-a81a-5e98-375982f0ce29">
      <Css projectStructure="" iteration="" />
      <Owners>
        <Owner name="" />
      </Owners>
      <Execution id="98acf5dd-32bd-4b34-a02b-e5f3ade43a3d" />
      <TestMethod codeBase="D:/Business/Development/Konnetic/UnifySipApi/Production/Src/Konnetic Unify SIP API/Konnetic.Sip.UnitTests/bin/Debug/Konnetic.Sip.UnitTests.DLL" adapterTypeName="Microsoft.VisualStudio.TestTools.TestTypes.Unit.UnitTestAdapter, Microsoft.VisualStudio.QualityTools.Tips.UnitTest.Adapter" className="Konnetic.Sip.UnitTests.RequestLineHeaderFieldAdapter, Konnetic.Sip.UnitTests, Version=1.0.3676.32754, Culture=neutral, PublicKeyToken=null" name="CloneTest" />
    </UnitTest>
    <UnitTest name="GetStringValueTest" storage="konnetic.sip.unittests.dll" id="71c29d61-1b6f-0111-2406-481f825f9f0b">
      <Css projectStructure="" iteration="" />
      <Owners>
        <Owner name="" />
      </Owners>
      <Execution id="0c9282b3-fba5-442a-a83f-99b985e280c6" />
      <TestMethod codeBase="D:/Business/Development/Konnetic/UnifySipApi/Production/Src/Konnetic Unify SIP API/Konnetic.Sip.UnitTests/bin/Debug/Konnetic.Sip.UnitTests.DLL" adapterTypeName="Microsoft.VisualStudio.TestTools.TestTypes.Unit.UnitTestAdapter, Microsoft.VisualStudio.QualityTools.Tips.UnitTest.Adapter" className="Konnetic.Sip.UnitTests.SecurityHeaderFieldAdapter, Konnetic.Sip.UnitTests, Version=1.0.3676.32754, Culture=neutral, PublicKeyToken=null" name="GetStringValueTest" />
    </UnitTest>
    <UnitTest name="ParseTest" storage="konnetic.sip.unittests.dll" id="64e43d9d-1444-1d43-8b3e-a7652ce10540">
      <Css projectStructure="" iteration="" />
      <Owners>
        <Owner name="" />
      </Owners>
      <Execution id="924c7ba4-9cc8-4de1-b55d-729acc1d4b91" />
      <TestMethod codeBase="D:/Business/Development/Konnetic/UnifySipApi/Production/Src/Konnetic Unify SIP API/Konnetic.Sip.UnitTests/bin/Debug/Konnetic.Sip.UnitTests.DLL" adapterTypeName="Microsoft.VisualStudio.TestTools.TestTypes.Unit.UnitTestAdapter, Microsoft.VisualStudio.QualityTools.Tips.UnitTest.Adapter" className="Konnetic.Sip.UnitTests.ContentEncodingHeaderFieldAdapter, Konnetic.Sip.UnitTests, Version=1.0.3676.32754, Culture=neutral, PublicKeyToken=null" name="ParseTest" />
    </UnitTest>
    <UnitTest name="CSeqHeaderFieldConstructorTest3" storage="konnetic.sip.unittests.dll" id="36b9e57f-6cdd-063c-348b-15dec7da5e32">
      <Css projectStructure="" iteration="" />
      <Owners>
        <Owner name="" />
      </Owners>
      <Execution id="bb33899e-e1ed-433c-af21-50432db6363f" />
      <TestMethod codeBase="D:/Business/Development/Konnetic/UnifySipApi/Production/Src/Konnetic Unify SIP API/Konnetic.Sip.UnitTests/bin/Debug/Konnetic.Sip.UnitTests.DLL" adapterTypeName="Microsoft.VisualStudio.TestTools.TestTypes.Unit.UnitTestAdapter, Microsoft.VisualStudio.QualityTools.Tips.UnitTest.Adapter" className="Konnetic.Sip.UnitTests.CSeqHeaderFieldAdapter, Konnetic.Sip.UnitTests, Version=1.0.3676.32754, Culture=neutral, PublicKeyToken=null" name="CSeqHeaderFieldConstructorTest3" />
    </UnitTest>
    <UnitTest name="CloneTest" storage="konnetic.sip.unittests.dll" id="62a1add7-67c1-b13d-c3e2-19295e3c3f72">
      <Css projectStructure="" iteration="" />
      <Owners>
        <Owner name="" />
      </Owners>
      <Execution id="3ec3d2ef-aea8-4935-b2cf-899fc5cb6cef" />
      <TestMethod codeBase="D:/Business/Development/Konnetic/UnifySipApi/Production/Src/Konnetic Unify SIP API/Konnetic.Sip.UnitTests/bin/Debug/Konnetic.Sip.UnitTests.DLL" adapterTypeName="Microsoft.VisualStudio.TestTools.TestTypes.Unit.UnitTestAdapter, Microsoft.VisualStudio.QualityTools.Tips.UnitTest.Adapter" className="Konnetic.Sip.UnitTests.RouteHeaderFieldAdapter, Konnetic.Sip.UnitTests, Version=1.0.3676.32754, Culture=neutral, PublicKeyToken=null" name="CloneTest" />
    </UnitTest>
    <UnitTest name="ParseTest1" storage="konnetic.sip.unittests.dll" id="138ffba3-fe99-228e-da98-0489deb88867">
      <Css projectStructure="" iteration="" />
      <Owners>
        <Owner name="" />
      </Owners>
      <Execution id="458864fa-6543-435b-a340-1e7d58675522" />
      <TestMethod codeBase="D:/Business/Development/Konnetic/UnifySipApi/Production/Src/Konnetic Unify SIP API/Konnetic.Sip.UnitTests/bin/Debug/Konnetic.Sip.UnitTests.DLL" adapterTypeName="Microsoft.VisualStudio.TestTools.TestTypes.Unit.UnitTestAdapter, Microsoft.VisualStudio.QualityTools.Tips.UnitTest.Adapter" className="Konnetic.Sip.UnitTests.AcceptEncodingHeaderFieldAdapter, Konnetic.Sip.UnitTests, Version=1.0.3676.32754, Culture=neutral, PublicKeyToken=null" name="ParseTest1" expectedException="Konnetic.Sip.SipParseException, Konnetic.Sip, Version=1.0.3676.32752, Culture=neutral, PublicKeyToken=null" />
    </UnitTest>
    <UnitTest name="ParseTest" storage="konnetic.sip.unittests.dll" id="8c5a1e66-e71f-df50-7008-6b6a358266c2">
      <Css projectStructure="" iteration="" />
      <Owners>
        <Owner name="" />
      </Owners>
      <Execution id="8f6ae0f3-987c-45ed-b9a0-222f97572e2f" />
      <TestMethod codeBase="D:/Business/Development/Konnetic/UnifySipApi/Production/Src/Konnetic Unify SIP API/Konnetic.Sip.UnitTests/bin/Debug/Konnetic.Sip.UnitTests.DLL" adapterTypeName="Microsoft.VisualStudio.TestTools.TestTypes.Unit.UnitTestAdapter, Microsoft.VisualStudio.QualityTools.Tips.UnitTest.Adapter" className="Konnetic.Sip.UnitTests.ProxyRequireHeaderFieldAdapter, Konnetic.Sip.UnitTests, Version=1.0.3676.32754, Culture=neutral, PublicKeyToken=null" name="ParseTest" />
    </UnitTest>
    <UnitTest name="IsValidTest" storage="konnetic.sip.unittests.dll" id="b6e5c851-6f65-e65d-30c6-202bc8b164ec">
      <Css projectStructure="" iteration="" />
      <Owners>
        <Owner name="" />
      </Owners>
      <Execution id="7ee673ff-a79f-44be-825a-ab09a4f20c0e" />
      <TestMethod codeBase="D:/Business/Development/Konnetic/UnifySipApi/Production/Src/Konnetic Unify SIP API/Konnetic.Sip.UnitTests/bin/Debug/Konnetic.Sip.UnitTests.DLL" adapterTypeName="Microsoft.VisualStudio.TestTools.TestTypes.Unit.UnitTestAdapter, Microsoft.VisualStudio.QualityTools.Tips.UnitTest.Adapter" className="Konnetic.Sip.UnitTests.SecondsHeaderFieldAdapter, Konnetic.Sip.UnitTests, Version=1.0.3676.32754, Culture=neutral, PublicKeyToken=null" name="IsValidTest" />
    </UnitTest>
    <UnitTest name="GetStringValueTest" storage="konnetic.sip.unittests.dll" id="94714b9f-a1ce-0c8a-be15-86e0d9804923">
      <Css projectStructure="" iteration="" />
      <Owners>
        <Owner name="" />
      </Owners>
      <Execution id="641cdd3b-e830-4f58-9557-4e3b6a645874" />
      <TestMethod codeBase="D:/Business/Development/Konnetic/UnifySipApi/Production/Src/Konnetic Unify SIP API/Konnetic.Sip.UnitTests/bin/Debug/Konnetic.Sip.UnitTests.DLL" adapterTypeName="Microsoft.VisualStudio.TestTools.TestTypes.Unit.UnitTestAdapter, Microsoft.VisualStudio.QualityTools.Tips.UnitTest.Adapter" className="Konnetic.Sip.UnitTests.PriorityHeaderFieldAdapter, Konnetic.Sip.UnitTests, Version=1.0.3676.32754, Culture=neutral, PublicKeyToken=null" name="GetStringValueTest" />
    </UnitTest>
    <UnitTest name="EqualsTest" storage="konnetic.sip.unittests.dll" id="0fb7b682-6dbf-7e3a-54f4-9d7a4eca0b27">
      <Css projectStructure="" iteration="" />
      <Owners>
        <Owner name="" />
      </Owners>
      <Execution id="5ec8cefc-a882-4f28-86e0-d53f1ae3ca03" />
      <TestMethod codeBase="D:/Business/Development/Konnetic/UnifySipApi/Production/Src/Konnetic Unify SIP API/Konnetic.Sip.UnitTests/bin/Debug/Konnetic.Sip.UnitTests.DLL" adapterTypeName="Microsoft.VisualStudio.TestTools.TestTypes.Unit.UnitTestAdapter, Microsoft.VisualStudio.QualityTools.Tips.UnitTest.Adapter" className="Konnetic.Sip.UnitTests.HttpUriHeaderFieldAdapter, Konnetic.Sip.UnitTests, Version=1.0.3676.32754, Culture=neutral, PublicKeyToken=null" name="EqualsTest" />
    </UnitTest>
    <UnitTest name="CloneTest" storage="konnetic.sip.unittests.dll" id="e60850c8-54a4-7b27-6af1-719dc0284008">
      <Css projectStructure="" iteration="" />
      <Owners>
        <Owner name="" />
      </Owners>
      <Execution id="7adffaac-3b2c-43c8-b777-117d13e90bca" />
      <TestMethod codeBase="D:/Business/Development/Konnetic/UnifySipApi/Production/Src/Konnetic Unify SIP API/Konnetic.Sip.UnitTests/bin/Debug/Konnetic.Sip.UnitTests.DLL" adapterTypeName="Microsoft.VisualStudio.TestTools.TestTypes.Unit.UnitTestAdapter, Microsoft.VisualStudio.QualityTools.Tips.UnitTest.Adapter" className="Konnetic.Sip.UnitTests.ContentTypeHeaderFieldAdapter, Konnetic.Sip.UnitTests, Version=1.0.3676.32754, Culture=neutral, PublicKeyToken=null" name="CloneTest" />
    </UnitTest>
    <UnitTest name="MaxForwardsHeaderFieldConstructorTest" storage="konnetic.sip.unittests.dll" id="6516a524-5a6b-ce92-255f-71fa774a7dfd">
      <Css projectStructure="" iteration="" />
      <Owners>
        <Owner name="" />
      </Owners>
      <Execution id="01bf2e50-aec3-4bd2-b193-46415d725241" />
      <TestMethod codeBase="D:/Business/Development/Konnetic/UnifySipApi/Production/Src/Konnetic Unify SIP API/Konnetic.Sip.UnitTests/bin/Debug/Konnetic.Sip.UnitTests.DLL" adapterTypeName="Microsoft.VisualStudio.TestTools.TestTypes.Unit.UnitTestAdapter, Microsoft.VisualStudio.QualityTools.Tips.UnitTest.Adapter" className="Konnetic.Sip.UnitTests.MaxForwardsHeaderFieldAdapter, Konnetic.Sip.UnitTests, Version=1.0.3676.32754, Culture=neutral, PublicKeyToken=null" name="MaxForwardsHeaderFieldConstructorTest" />
    </UnitTest>
    <UnitTest name="EqualsTest" storage="konnetic.sip.unittests.dll" id="cfc34de2-afba-0a3d-cb8a-3072831a3fc5">
      <Css projectStructure="" iteration="" />
      <Owners>
        <Owner name="" />
      </Owners>
      <Execution id="131d20f3-940e-4d45-b5a2-ae3464325491" />
      <TestMethod codeBase="D:/Business/Development/Konnetic/UnifySipApi/Production/Src/Konnetic Unify SIP API/Konnetic.Sip.UnitTests/bin/Debug/Konnetic.Sip.UnitTests.DLL" adapterTypeName="Microsoft.VisualStudio.TestTools.TestTypes.Unit.UnitTestAdapter, Microsoft.VisualStudio.QualityTools.Tips.UnitTest.Adapter" className="Konnetic.Sip.UnitTests.AuthorizationHeaderFieldAdapter, Konnetic.Sip.UnitTests, Version=1.0.3676.32754, Culture=neutral, PublicKeyToken=null" name="EqualsTest" />
    </UnitTest>
    <UnitTest name="AllowHeaderFieldConstructorTest" storage="konnetic.sip.unittests.dll" id="6035b3c2-01ad-9d5f-631f-f746665e4450">
      <Css projectStructure="" iteration="" />
      <Owners>
        <Owner name="" />
      </Owners>
      <Execution id="c2af4149-963c-4c0d-afa4-6ff264463978" />
      <TestMethod codeBase="D:/Business/Development/Konnetic/UnifySipApi/Production/Src/Konnetic Unify SIP API/Konnetic.Sip.UnitTests/bin/Debug/Konnetic.Sip.UnitTests.DLL" adapterTypeName="Microsoft.VisualStudio.TestTools.TestTypes.Unit.UnitTestAdapter, Microsoft.VisualStudio.QualityTools.Tips.UnitTest.Adapter" className="Konnetic.Sip.UnitTests.AllowHeaderFieldAdapter, Konnetic.Sip.UnitTests, Version=1.0.3676.32754, Culture=neutral, PublicKeyToken=null" name="AllowHeaderFieldConstructorTest" />
    </UnitTest>
    <UnitTest name="SentByTest1" storage="konnetic.sip.unittests.dll" id="d9dbc101-9de8-2a35-9443-1343016cb266">
      <Css projectStructure="" iteration="" />
      <Owners>
        <Owner name="" />
      </Owners>
      <Execution id="00ba3e7a-4d23-42f3-adf3-d7b711b54a8d" />
      <TestMethod codeBase="D:/Business/Development/Konnetic/UnifySipApi/Production/Src/Konnetic Unify SIP API/Konnetic.Sip.UnitTests/bin/Debug/Konnetic.Sip.UnitTests.DLL" adapterTypeName="Microsoft.VisualStudio.TestTools.TestTypes.Unit.UnitTestAdapter, Microsoft.VisualStudio.QualityTools.Tips.UnitTest.Adapter" className="Konnetic.Sip.UnitTests.ViaHeaderFieldAdapter, Konnetic.Sip.UnitTests, Version=1.0.3676.32754, Culture=neutral, PublicKeyToken=null" name="SentByTest1" />
    </UnitTest>
    <UnitTest name="ProtocolNameTest" storage="konnetic.sip.unittests.dll" id="34615eb4-49cb-336f-f161-7fd88e0844db">
      <Css projectStructure="" iteration="" />
      <Owners>
        <Owner name="" />
      </Owners>
      <Execution id="a108f7d9-c6d1-42a4-9c38-c17ff13c45fb" />
      <TestMethod codeBase="D:/Business/Development/Konnetic/UnifySipApi/Production/Src/Konnetic Unify SIP API/Konnetic.Sip.UnitTests/bin/Debug/Konnetic.Sip.UnitTests.DLL" adapterTypeName="Microsoft.VisualStudio.TestTools.TestTypes.Unit.UnitTestAdapter, Microsoft.VisualStudio.QualityTools.Tips.UnitTest.Adapter" className="Konnetic.Sip.UnitTests.ViaHeaderFieldAdapter, Konnetic.Sip.UnitTests, Version=1.0.3676.32754, Culture=neutral, PublicKeyToken=null" name="ProtocolNameTest" />
    </UnitTest>
    <UnitTest name="ToHeaderFieldConstructorTest3" storage="konnetic.sip.unittests.dll" id="b7545ab2-6006-ee70-b543-3b5f28dd0893">
      <Css projectStructure="" iteration="" />
      <Owners>
        <Owner name="" />
      </Owners>
      <Execution id="30eef605-1fd0-468b-90ab-e66c99e22dfd" />
      <TestMethod codeBase="D:/Business/Development/Konnetic/UnifySipApi/Production/Src/Konnetic Unify SIP API/Konnetic.Sip.UnitTests/bin/Debug/Konnetic.Sip.UnitTests.DLL" adapterTypeName="Microsoft.VisualStudio.TestTools.TestTypes.Unit.UnitTestAdapter, Microsoft.VisualStudio.QualityTools.Tips.UnitTest.Adapter" className="Konnetic.Sip.UnitTests.ToHeaderFieldAdapter, Konnetic.Sip.UnitTests, Version=1.0.3676.32754, Culture=neutral, PublicKeyToken=null" name="ToHeaderFieldConstructorTest3" />
    </UnitTest>
    <UnitTest name="DateTest" storage="konnetic.sip.unittests.dll" id="44c2e18b-ab51-eb6d-b965-a631eff536b7">
      <Css projectStructure="" iteration="" />
      <Owners>
        <Owner name="" />
      </Owners>
      <DeploymentItems>
        <DeploymentItem filename="Konnetic.Sip.dll" />
      </DeploymentItems>
      <Execution id="bd173619-1355-47e0-8a6d-6baad18999b7" />
      <TestMethod codeBase="D:/Business/Development/Konnetic/UnifySipApi/Production/Src/Konnetic Unify SIP API/Konnetic.Sip.UnitTests/bin/Debug/Konnetic.Sip.UnitTests.DLL" adapterTypeName="Microsoft.VisualStudio.TestTools.TestTypes.Unit.UnitTestAdapter, Microsoft.VisualStudio.QualityTools.Tips.UnitTest.Adapter" className="Konnetic.Sip.UnitTests.DateHeaderFieldAdapter, Konnetic.Sip.UnitTests, Version=1.0.3676.32754, Culture=neutral, PublicKeyToken=null" name="DateTest" />
    </UnitTest>
    <UnitTest name="EqualsTest" storage="konnetic.sip.unittests.dll" id="0b04150c-9778-ae73-27dd-c7be40b78c7f">
      <Css projectStructure="" iteration="" />
      <Owners>
        <Owner name="" />
      </Owners>
      <Execution id="ea6b0fac-b3c1-4d11-874a-740f994c02f6" />
      <TestMethod codeBase="D:/Business/Development/Konnetic/UnifySipApi/Production/Src/Konnetic Unify SIP API/Konnetic.Sip.UnitTests/bin/Debug/Konnetic.Sip.UnitTests.DLL" adapterTypeName="Microsoft.VisualStudio.TestTools.TestTypes.Unit.UnitTestAdapter, Microsoft.VisualStudio.QualityTools.Tips.UnitTest.Adapter" className="Konnetic.Sip.UnitTests.ProxyAuthorizationHeaderFieldAdapter, Konnetic.Sip.UnitTests, Version=1.0.3676.32754, Culture=neutral, PublicKeyToken=null" name="EqualsTest" />
    </UnitTest>
    <UnitTest name="UserParameterTest" storage="konnetic.sip.unittests.dll" id="0625bd13-623c-7824-6280-393d330f21e0">
      <Css projectStructure="" iteration="" />
      <Owners>
        <Owner name="" />
      </Owners>
      <Execution id="2efcb972-0e4a-44ef-9420-2d585226eb88" />
      <TestMethod codeBase="D:/Business/Development/Konnetic/UnifySipApi/Production/Src/Konnetic Unify SIP API/Konnetic.Sip.UnitTests/bin/Debug/Konnetic.Sip.UnitTests.DLL" adapterTypeName="Microsoft.VisualStudio.TestTools.TestTypes.Unit.UnitTestAdapter, Microsoft.VisualStudio.QualityTools.Tips.UnitTest.Adapter" className="Konnetic.Sip.UnitTests.SipUriBuilderAdapter, Konnetic.Sip.UnitTests, Version=1.0.3676.32754, Culture=neutral, PublicKeyToken=null" name="UserParameterTest" />
    </UnitTest>
    <UnitTest name="CloneTest" storage="konnetic.sip.unittests.dll" id="537775bd-1794-8e9c-6660-053356ddcc49">
      <Css projectStructure="" iteration="" />
      <Owners>
        <Owner name="" />
      </Owners>
      <Execution id="48f1a4ad-cd07-484f-9656-70726c7d8af9" />
      <TestMethod codeBase="D:/Business/Development/Konnetic/UnifySipApi/Production/Src/Konnetic Unify SIP API/Konnetic.Sip.UnitTests/bin/Debug/Konnetic.Sip.UnitTests.DLL" adapterTypeName="Microsoft.VisualStudio.TestTools.TestTypes.Unit.UnitTestAdapter, Microsoft.VisualStudio.QualityTools.Tips.UnitTest.Adapter" className="Konnetic.Sip.UnitTests.ServerHeaderFieldAdapter, Konnetic.Sip.UnitTests, Version=1.0.3676.32754, Culture=neutral, PublicKeyToken=null" name="CloneTest" />
    </UnitTest>
    <UnitTest name="ToStringTest" storage="konnetic.sip.unittests.dll" id="188a21e6-bebe-c03b-3cdc-92f59a40ddf3">
      <Css projectStructure="" iteration="" />
      <Owners>
        <Owner name="" />
      </Owners>
      <Execution id="d5499d9b-78dd-4e12-84b0-18b6b68613f4" />
      <TestMethod codeBase="D:/Business/Development/Konnetic/UnifySipApi/Production/Src/Konnetic Unify SIP API/Konnetic.Sip.UnitTests/bin/Debug/Konnetic.Sip.UnitTests.DLL" adapterTypeName="Microsoft.VisualStudio.TestTools.TestTypes.Unit.UnitTestAdapter, Microsoft.VisualStudio.QualityTools.Tips.UnitTest.Adapter" className="Konnetic.Sip.UnitTests.SipUriBuilderAdapter, Konnetic.Sip.UnitTests, Version=1.0.3676.32754, Culture=neutral, PublicKeyToken=null" name="ToStringTest" />
    </UnitTest>
    <UnitTest name="EqualsTest" storage="konnetic.sip.unittests.dll" id="0ddd8109-a79c-6895-fd6b-2c2835aa6dbc">
      <Css projectStructure="" iteration="" />
      <Owners>
        <Owner name="" />
      </Owners>
      <Execution id="9a6db8f6-6d27-4f93-9cd7-009cb798911f" />
      <TestMethod codeBase="D:/Business/Development/Konnetic/UnifySipApi/Production/Src/Konnetic Unify SIP API/Konnetic.Sip.UnitTests/bin/Debug/Konnetic.Sip.UnitTests.DLL" adapterTypeName="Microsoft.VisualStudio.TestTools.TestTypes.Unit.UnitTestAdapter, Microsoft.VisualStudio.QualityTools.Tips.UnitTest.Adapter" className="Konnetic.Sip.UnitTests.ErrorHeaderFieldAdapter, Konnetic.Sip.UnitTests, Version=1.0.3676.32754, Culture=neutral, PublicKeyToken=null" name="EqualsTest" />
    </UnitTest>
    <UnitTest name="IsValidTest" storage="konnetic.sip.unittests.dll" id="2d46e5cc-84fc-f3a5-6c79-1316af1ae37c">
      <Css projectStructure="" iteration="" />
      <Owners>
        <Owner name="" />
      </Owners>
      <Execution id="1a30912e-5441-469f-9bd6-7c90d97e537c" />
      <TestMethod codeBase="D:/Business/Development/Konnetic/UnifySipApi/Production/Src/Konnetic Unify SIP API/Konnetic.Sip.UnitTests/bin/Debug/Konnetic.Sip.UnitTests.DLL" adapterTypeName="Microsoft.VisualStudio.TestTools.TestTypes.Unit.UnitTestAdapter, Microsoft.VisualStudio.QualityTools.Tips.UnitTest.Adapter" className="Konnetic.Sip.UnitTests.ContentDispositionHeaderFieldAdapter, Konnetic.Sip.UnitTests, Version=1.0.3676.32754, Culture=neutral, PublicKeyToken=null" name="IsValidTest" />
    </UnitTest>
    <UnitTest name="ParseTest" storage="konnetic.sip.unittests.dll" id="b5ecfde3-6a11-3c88-f95b-5db558bbb3b6">
      <Css projectStructure="" iteration="" />
      <Owners>
        <Owner name="" />
      </Owners>
      <Execution id="56d3e5ad-06a5-49db-b330-76e6adb76ef7" />
      <TestMethod codeBase="D:/Business/Development/Konnetic/UnifySipApi/Production/Src/Konnetic Unify SIP API/Konnetic.Sip.UnitTests/bin/Debug/Konnetic.Sip.UnitTests.DLL" adapterTypeName="Microsoft.VisualStudio.TestTools.TestTypes.Unit.UnitTestAdapter, Microsoft.VisualStudio.QualityTools.Tips.UnitTest.Adapter" className="Konnetic.Sip.UnitTests.ContentTypeHeaderFieldAdapter, Konnetic.Sip.UnitTests, Version=1.0.3676.32754, Culture=neutral, PublicKeyToken=null" name="ParseTest" />
    </UnitTest>
    <UnitTest name="QValueTest2" storage="konnetic.sip.unittests.dll" id="791ebcb3-143c-3341-3b16-6549494c6a7a">
      <Css projectStructure="" iteration="" />
      <Owners>
        <Owner name="" />
      </Owners>
      <Execution id="eeb19e31-c23a-426f-b637-dc72e6231e78" />
      <TestMethod codeBase="D:/Business/Development/Konnetic/UnifySipApi/Production/Src/Konnetic Unify SIP API/Konnetic.Sip.UnitTests/bin/Debug/Konnetic.Sip.UnitTests.DLL" adapterTypeName="Microsoft.VisualStudio.TestTools.TestTypes.Unit.UnitTestAdapter, Microsoft.VisualStudio.QualityTools.Tips.UnitTest.Adapter" className="Konnetic.Sip.UnitTests.AcceptLanguageHeaderFieldAdapter, Konnetic.Sip.UnitTests, Version=1.0.3676.32754, Culture=neutral, PublicKeyToken=null" name="QValueTest2" expectedException="Konnetic.Sip.SipOutOfRangeException, Konnetic.Sip, Version=1.0.3676.32752, Culture=neutral, PublicKeyToken=null" />
    </UnitTest>
    <UnitTest name="ParseTest" storage="konnetic.sip.unittests.dll" id="15aeca06-395c-c20a-6019-cfbe82568869">
      <Css projectStructure="" iteration="" />
      <Owners>
        <Owner name="" />
      </Owners>
      <Execution id="17c2b72d-d826-45a9-a629-5a308b5631d2" />
      <TestMethod codeBase="D:/Business/Development/Konnetic/UnifySipApi/Production/Src/Konnetic Unify SIP API/Konnetic.Sip.UnitTests/bin/Debug/Konnetic.Sip.UnitTests.DLL" adapterTypeName="Microsoft.VisualStudio.TestTools.TestTypes.Unit.UnitTestAdapter, Microsoft.VisualStudio.QualityTools.Tips.UnitTest.Adapter" className="Konnetic.Sip.UnitTests.ViaHeaderFieldAdapter, Konnetic.Sip.UnitTests, Version=1.0.3676.32754, Culture=neutral, PublicKeyToken=null" name="ParseTest" />
    </UnitTest>
    <UnitTest name="op_ExplicitTest" storage="konnetic.sip.unittests.dll" id="3a79eed3-3697-fa7b-2d47-8f88dea592eb">
      <Css projectStructure="" iteration="" />
      <Owners>
        <Owner name="" />
      </Owners>
      <Execution id="367ef95b-7fe8-4017-be19-d695f8e2d9e5" />
      <TestMethod codeBase="D:/Business/Development/Konnetic/UnifySipApi/Production/Src/Konnetic Unify SIP API/Konnetic.Sip.UnitTests/bin/Debug/Konnetic.Sip.UnitTests.DLL" adapterTypeName="Microsoft.VisualStudio.TestTools.TestTypes.Unit.UnitTestAdapter, Microsoft.VisualStudio.QualityTools.Tips.UnitTest.Adapter" className="Konnetic.Sip.UnitTests.AcceptEncodingHeaderFieldAdapter, Konnetic.Sip.UnitTests, Version=1.0.3676.32754, Culture=neutral, PublicKeyToken=null" name="op_ExplicitTest" />
    </UnitTest>
    <UnitTest name="CodingTest" storage="konnetic.sip.unittests.dll" id="61e96ee3-7e53-17b4-9cb4-71047009ae46">
      <Css projectStructure="" iteration="" />
      <Owners>
        <Owner name="" />
      </Owners>
      <Execution id="546cebcd-6b66-4db1-9be5-36c474b25be2" />
      <TestMethod codeBase="D:/Business/Development/Konnetic/UnifySipApi/Production/Src/Konnetic Unify SIP API/Konnetic.Sip.UnitTests/bin/Debug/Konnetic.Sip.UnitTests.DLL" adapterTypeName="Microsoft.VisualStudio.TestTools.TestTypes.Unit.UnitTestAdapter, Microsoft.VisualStudio.QualityTools.Tips.UnitTest.Adapter" className="Konnetic.Sip.UnitTests.AcceptEncodingHeaderFieldAdapter, Konnetic.Sip.UnitTests, Version=1.0.3676.32754, Culture=neutral, PublicKeyToken=null" name="CodingTest" />
    </UnitTest>
    <UnitTest name="FromTest" storage="konnetic.sip.unittests.dll" id="601018cb-0e72-cfd2-66f0-1ea43fbc38bf">
      <Css projectStructure="" iteration="" />
      <Owners>
        <Owner name="" />
      </Owners>
      <Execution id="04d30efd-4098-4d63-88cf-6c38e1772c9b" />
      <TestMethod codeBase="D:/Business/Development/Konnetic/UnifySipApi/Production/Src/Konnetic Unify SIP API/Konnetic.Sip.UnitTests/bin/Debug/Konnetic.Sip.UnitTests.DLL" adapterTypeName="Microsoft.VisualStudio.TestTools.TestTypes.Unit.UnitTestAdapter, Microsoft.VisualStudio.QualityTools.Tips.UnitTest.Adapter" className="Konnetic.Sip.UnitTests.InviteAdapter, Konnetic.Sip.UnitTests, Version=1.0.3676.32754, Culture=neutral, PublicKeyToken=null" name="FromTest" />
    </UnitTest>
    <UnitTest name="CreateHeaderFieldTest1" storage="konnetic.sip.unittests.dll" id="e03ec238-2078-09ac-f6d8-6d2ac0577a51">
      <Css projectStructure="" iteration="" />
      <Owners>
        <Owner name="" />
      </Owners>
      <Execution id="da09ecc8-1f0f-4689-8cc7-490dc793c9aa" />
      <TestMethod codeBase="D:/Business/Development/Konnetic/UnifySipApi/Production/Src/Konnetic Unify SIP API/Konnetic.Sip.UnitTests/bin/Debug/Konnetic.Sip.UnitTests.DLL" adapterTypeName="Microsoft.VisualStudio.TestTools.TestTypes.Unit.UnitTestAdapter, Microsoft.VisualStudio.QualityTools.Tips.UnitTest.Adapter" className="Konnetic.Sip.UnitTests.HeaderFieldFactoryAdapter, Konnetic.Sip.UnitTests, Version=1.0.3676.32754, Culture=neutral, PublicKeyToken=null" name="CreateHeaderFieldTest1" />
    </UnitTest>
    <UnitTest name="GetStringValueTest" storage="konnetic.sip.unittests.dll" id="fd77eda1-7bce-2aa6-17fa-2657da80ebad">
      <Css projectStructure="" iteration="" />
      <Owners>
        <Owner name="" />
      </Owners>
      <Execution id="27cf497b-7f42-405d-acc4-97d7290c4d4d" />
      <TestMethod codeBase="D:/Business/Development/Konnetic/UnifySipApi/Production/Src/Konnetic Unify SIP API/Konnetic.Sip.UnitTests/bin/Debug/Konnetic.Sip.UnitTests.DLL" adapterTypeName="Microsoft.VisualStudio.TestTools.TestTypes.Unit.UnitTestAdapter, Microsoft.VisualStudio.QualityTools.Tips.UnitTest.Adapter" className="Konnetic.Sip.UnitTests.ContentLengthHeaderFieldAdapter, Konnetic.Sip.UnitTests, Version=1.0.3676.32754, Culture=neutral, PublicKeyToken=null" name="GetStringValueTest" />
    </UnitTest>
    <UnitTest name="EqualsTest1" storage="konnetic.sip.unittests.dll" id="f8b74a11-d1e4-d73d-f74a-3c7c7463beff">
      <Css projectStructure="" iteration="" />
      <Owners>
        <Owner name="" />
      </Owners>
      <Execution id="be4ae96d-de3e-4386-a587-fdc94ed72753" />
      <TestMethod codeBase="D:/Business/Development/Konnetic/UnifySipApi/Production/Src/Konnetic Unify SIP API/Konnetic.Sip.UnitTests/bin/Debug/Konnetic.Sip.UnitTests.DLL" adapterTypeName="Microsoft.VisualStudio.TestTools.TestTypes.Unit.UnitTestAdapter, Microsoft.VisualStudio.QualityTools.Tips.UnitTest.Adapter" className="Konnetic.Sip.UnitTests.FromHeaderFieldAdapter, Konnetic.Sip.UnitTests, Version=1.0.3676.32754, Culture=neutral, PublicKeyToken=null" name="EqualsTest1" />
    </UnitTest>
    <UnitTest name="LanguageRangeTest" storage="konnetic.sip.unittests.dll" id="d072ea90-6800-1cc4-ba11-08aa2ba216c1">
      <Css projectStructure="" iteration="" />
      <Owners>
        <Owner name="" />
      </Owners>
      <Execution id="fc937763-3426-4e07-bf63-3e9c14604a52" />
      <TestMethod codeBase="D:/Business/Development/Konnetic/UnifySipApi/Production/Src/Konnetic Unify SIP API/Konnetic.Sip.UnitTests/bin/Debug/Konnetic.Sip.UnitTests.DLL" adapterTypeName="Microsoft.VisualStudio.TestTools.TestTypes.Unit.UnitTestAdapter, Microsoft.VisualStudio.QualityTools.Tips.UnitTest.Adapter" className="Konnetic.Sip.UnitTests.AcceptLanguageHeaderFieldAdapter, Konnetic.Sip.UnitTests, Version=1.0.3676.32754, Culture=neutral, PublicKeyToken=null" name="LanguageRangeTest" />
    </UnitTest>
    <UnitTest name="MethodTest" storage="konnetic.sip.unittests.dll" id="c3e96409-eee7-72d2-011f-211d8b5252c8">
      <Css projectStructure="" iteration="" />
      <Owners>
        <Owner name="" />
      </Owners>
      <Execution id="6ef85c3c-3923-41bb-9288-3c05ef39e148" />
      <TestMethod codeBase="D:/Business/Development/Konnetic/UnifySipApi/Production/Src/Konnetic Unify SIP API/Konnetic.Sip.UnitTests/bin/Debug/Konnetic.Sip.UnitTests.DLL" adapterTypeName="Microsoft.VisualStudio.TestTools.TestTypes.Unit.UnitTestAdapter, Microsoft.VisualStudio.QualityTools.Tips.UnitTest.Adapter" className="Konnetic.Sip.UnitTests.AllowHeaderFieldAdapter, Konnetic.Sip.UnitTests, Version=1.0.3676.32754, Culture=neutral, PublicKeyToken=null" name="MethodTest" />
    </UnitTest>
    <UnitTest name="ParseTest" storage="konnetic.sip.unittests.dll" id="a87374d3-3771-cd37-9dec-d1065703799a">
      <Css projectStructure="" iteration="" />
      <Owners>
        <Owner name="" />
      </Owners>
      <Execution id="46a542f5-6697-4ce8-bac8-fed09ea5b4c0" />
      <TestMethod codeBase="D:/Business/Development/Konnetic/UnifySipApi/Production/Src/Konnetic Unify SIP API/Konnetic.Sip.UnitTests/bin/Debug/Konnetic.Sip.UnitTests.DLL" adapterTypeName="Microsoft.VisualStudio.TestTools.TestTypes.Unit.UnitTestAdapter, Microsoft.VisualStudio.QualityTools.Tips.UnitTest.Adapter" className="Konnetic.Sip.UnitTests.OrganizationHeaderFieldAdapter, Konnetic.Sip.UnitTests, Version=1.0.3676.32754, Culture=neutral, PublicKeyToken=null" name="ParseTest" />
    </UnitTest>
    <UnitTest name="ParseTest" storage="konnetic.sip.unittests.dll" id="b065705c-9e09-a61a-8a7c-4d8d72f89e39">
      <Css projectStructure="" iteration="" />
      <Owners>
        <Owner name="" />
      </Owners>
      <Execution id="ca08d358-fc45-4be3-b4bd-e160415ef3ec" />
      <TestMethod codeBase="D:/Business/Development/Konnetic/UnifySipApi/Production/Src/Konnetic Unify SIP API/Konnetic.Sip.UnitTests/bin/Debug/Konnetic.Sip.UnitTests.DLL" adapterTypeName="Microsoft.VisualStudio.TestTools.TestTypes.Unit.UnitTestAdapter, Microsoft.VisualStudio.QualityTools.Tips.UnitTest.Adapter" className="Konnetic.Sip.UnitTests.ContentLengthHeaderFieldAdapter, Konnetic.Sip.UnitTests, Version=1.0.3676.32754, Culture=neutral, PublicKeyToken=null" name="ParseTest" />
    </UnitTest>
    <UnitTest name="DispositionTypeTest" storage="konnetic.sip.unittests.dll" id="01ae3fa0-ed8b-8c8c-ac6d-a52854caf134">
      <Css projectStructure="" iteration="" />
      <Owners>
        <Owner name="" />
      </Owners>
      <Execution id="d063ca7f-ca11-4ebd-9781-ba02b69b5a99" />
      <TestMethod codeBase="D:/Business/Development/Konnetic/UnifySipApi/Production/Src/Konnetic Unify SIP API/Konnetic.Sip.UnitTests/bin/Debug/Konnetic.Sip.UnitTests.DLL" adapterTypeName="Microsoft.VisualStudio.TestTools.TestTypes.Unit.UnitTestAdapter, Microsoft.VisualStudio.QualityTools.Tips.UnitTest.Adapter" className="Konnetic.Sip.UnitTests.ContentDispositionHeaderFieldAdapter, Konnetic.Sip.UnitTests, Version=1.0.3676.32754, Culture=neutral, PublicKeyToken=null" name="DispositionTypeTest" />
    </UnitTest>
    <UnitTest name="ContentTypeHeaderFieldConstructorTest1" storage="konnetic.sip.unittests.dll" id="5e6a8cc5-eed7-b02b-7bb3-305606a2feaa">
      <Css projectStructure="" iteration="" />
      <Owners>
        <Owner name="" />
      </Owners>
      <Execution id="985f599b-e3fb-45b8-83e3-ac11340c23bf" />
      <TestMethod codeBase="D:/Business/Development/Konnetic/UnifySipApi/Production/Src/Konnetic Unify SIP API/Konnetic.Sip.UnitTests/bin/Debug/Konnetic.Sip.UnitTests.DLL" adapterTypeName="Microsoft.VisualStudio.TestTools.TestTypes.Unit.UnitTestAdapter, Microsoft.VisualStudio.QualityTools.Tips.UnitTest.Adapter" className="Konnetic.Sip.UnitTests.ContentTypeHeaderFieldAdapter, Konnetic.Sip.UnitTests, Version=1.0.3676.32754, Culture=neutral, PublicKeyToken=null" name="ContentTypeHeaderFieldConstructorTest1" />
    </UnitTest>
    <UnitTest name="NextTest" storage="konnetic.sip.unittests.dll" id="b4606197-0caa-4e5f-980e-a295995011de">
      <Css projectStructure="" iteration="" />
      <Owners>
        <Owner name="" />
      </Owners>
      <Execution id="db767dd9-6f2e-49a9-8b79-0953ded50ce1" />
      <TestMethod codeBase="D:/Business/Development/Konnetic/UnifySipApi/Production/Src/Konnetic Unify SIP API/Konnetic.Sip.UnitTests/bin/Debug/Konnetic.Sip.UnitTests.DLL" adapterTypeName="Microsoft.VisualStudio.TestTools.TestTypes.Unit.UnitTestAdapter, Microsoft.VisualStudio.QualityTools.Tips.UnitTest.Adapter" className="Konnetic.Sip.UnitTests.CSeqHeaderFieldAdapter, Konnetic.Sip.UnitTests, Version=1.0.3676.32754, Culture=neutral, PublicKeyToken=null" name="NextTest" />
    </UnitTest>
    <UnitTest name="EqualsTest" storage="konnetic.sip.unittests.dll" id="f317f6b6-ce74-2457-46a7-a6fb07a891c8">
      <Css projectStructure="" iteration="" />
      <Owners>
        <Owner name="" />
      </Owners>
      <Execution id="d750d100-80d2-4652-995e-98e616cf2bcd" />
      <TestMethod codeBase="D:/Business/Development/Konnetic/UnifySipApi/Production/Src/Konnetic Unify SIP API/Konnetic.Sip.UnitTests/bin/Debug/Konnetic.Sip.UnitTests.DLL" adapterTypeName="Microsoft.VisualStudio.TestTools.TestTypes.Unit.UnitTestAdapter, Microsoft.VisualStudio.QualityTools.Tips.UnitTest.Adapter" className="Konnetic.Sip.UnitTests.InReplyToHeaderFieldAdapter, Konnetic.Sip.UnitTests, Version=1.0.3676.32754, Culture=neutral, PublicKeyToken=null" name="EqualsTest" />
    </UnitTest>
    <UnitTest name="RetryAfterHeaderFieldConstructorTest1" storage="konnetic.sip.unittests.dll" id="4ce5518a-5843-4d05-0018-6c55521934c3">
      <Css projectStructure="" iteration="" />
      <Owners>
        <Owner name="" />
      </Owners>
      <Execution id="70764f75-5ff8-45c8-a6ad-2272fc3f8dcd" />
      <TestMethod codeBase="D:/Business/Development/Konnetic/UnifySipApi/Production/Src/Konnetic Unify SIP API/Konnetic.Sip.UnitTests/bin/Debug/Konnetic.Sip.UnitTests.DLL" adapterTypeName="Microsoft.VisualStudio.TestTools.TestTypes.Unit.UnitTestAdapter, Microsoft.VisualStudio.QualityTools.Tips.UnitTest.Adapter" className="Konnetic.Sip.UnitTests.RetryAfterHeaderFieldAdapter, Konnetic.Sip.UnitTests, Version=1.0.3676.32754, Culture=neutral, PublicKeyToken=null" name="RetryAfterHeaderFieldConstructorTest1" />
    </UnitTest>
    <UnitTest name="ConstructorTest3" storage="konnetic.sip.unittests.dll" id="8fb579b8-efaa-d05c-afc3-f18b4af8b156">
      <Css projectStructure="" iteration="" />
      <Owners>
        <Owner name="" />
      </Owners>
      <Execution id="cec96575-6dbe-465b-8aee-6ffde67e6a06" />
      <TestMethod codeBase="D:/Business/Development/Konnetic/UnifySipApi/Production/Src/Konnetic Unify SIP API/Konnetic.Sip.UnitTests/bin/Debug/Konnetic.Sip.UnitTests.DLL" adapterTypeName="Microsoft.VisualStudio.TestTools.TestTypes.Unit.UnitTestAdapter, Microsoft.VisualStudio.QualityTools.Tips.UnitTest.Adapter" className="Konnetic.Sip.UnitTests.AcceptHeaderFieldAdapter, Konnetic.Sip.UnitTests, Version=1.0.3676.32754, Culture=neutral, PublicKeyToken=null" name="ConstructorTest3" expectedException="Konnetic.Sip.SipFormatException, Konnetic.Sip, Version=1.0.3676.32752, Culture=neutral, PublicKeyToken=null" />
    </UnitTest>
    <UnitTest name="ExpiresTest1" storage="konnetic.sip.unittests.dll" id="1a18fe2b-5455-dbe2-5424-6b629ae862d6">
      <Css projectStructure="" iteration="" />
      <Owners>
        <Owner name="" />
      </Owners>
      <Execution id="e8765ba7-eb4c-43c0-8b88-91e886b97150" />
      <TestMethod codeBase="D:/Business/Development/Konnetic/UnifySipApi/Production/Src/Konnetic Unify SIP API/Konnetic.Sip.UnitTests/bin/Debug/Konnetic.Sip.UnitTests.DLL" adapterTypeName="Microsoft.VisualStudio.TestTools.TestTypes.Unit.UnitTestAdapter, Microsoft.VisualStudio.QualityTools.Tips.UnitTest.Adapter" className="Konnetic.Sip.UnitTests.ContactHeaderFieldAdapter, Konnetic.Sip.UnitTests, Version=1.0.3676.32754, Culture=neutral, PublicKeyToken=null" name="ExpiresTest1" />
    </UnitTest>
    <UnitTest name="NonceCountTest2" storage="konnetic.sip.unittests.dll" id="c6aa4bf3-1519-31b9-269f-08883e8cc1f9">
      <Css projectStructure="" iteration="" />
      <Owners>
        <Owner name="" />
      </Owners>
      <Execution id="0a1e1138-9f2d-45f5-9be1-7eab116b84fc" />
      <TestMethod codeBase="D:/Business/Development/Konnetic/UnifySipApi/Production/Src/Konnetic Unify SIP API/Konnetic.Sip.UnitTests/bin/Debug/Konnetic.Sip.UnitTests.DLL" adapterTypeName="Microsoft.VisualStudio.TestTools.TestTypes.Unit.UnitTestAdapter, Microsoft.VisualStudio.QualityTools.Tips.UnitTest.Adapter" className="Konnetic.Sip.UnitTests.AuthenticationInfoHeaderFieldAdapter, Konnetic.Sip.UnitTests, Version=1.0.3676.32754, Culture=neutral, PublicKeyToken=null" name="NonceCountTest2" expectedException="Konnetic.Sip.SipFormatException, Konnetic.Sip, Version=1.0.3676.32752, Culture=neutral, PublicKeyToken=null" />
    </UnitTest>
    <UnitTest name="ParseTest1" storage="konnetic.sip.unittests.dll" id="46b9496f-cfe3-3d12-f944-8488e6c4665d">
      <Css projectStructure="" iteration="" />
      <Owners>
        <Owner name="" />
      </Owners>
      <Execution id="d615307c-410a-48b9-8a92-4c1d84824aac" />
      <TestMethod codeBase="D:/Business/Development/Konnetic/UnifySipApi/Production/Src/Konnetic Unify SIP API/Konnetic.Sip.UnitTests/bin/Debug/Konnetic.Sip.UnitTests.DLL" adapterTypeName="Microsoft.VisualStudio.TestTools.TestTypes.Unit.UnitTestAdapter, Microsoft.VisualStudio.QualityTools.Tips.UnitTest.Adapter" className="Konnetic.Sip.UnitTests.CallInfoHeaderFieldAdapter, Konnetic.Sip.UnitTests, Version=1.0.3676.32754, Culture=neutral, PublicKeyToken=null" name="ParseTest1" />
    </UnitTest>
    <UnitTest name="op_ImplicitTest" storage="konnetic.sip.unittests.dll" id="8e036fee-8400-ab80-9758-d72863e8f2df">
      <Css projectStructure="" iteration="" />
      <Owners>
        <Owner name="" />
      </Owners>
      <Execution id="1e102d37-7e4f-4863-a07d-ac2af69fbc56" />
      <TestMethod codeBase="D:/Business/Development/Konnetic/UnifySipApi/Production/Src/Konnetic Unify SIP API/Konnetic.Sip.UnitTests/bin/Debug/Konnetic.Sip.UnitTests.DLL" adapterTypeName="Microsoft.VisualStudio.TestTools.TestTypes.Unit.UnitTestAdapter, Microsoft.VisualStudio.QualityTools.Tips.UnitTest.Adapter" className="Konnetic.Sip.UnitTests.AuthorizationHeaderFieldAdapter, Konnetic.Sip.UnitTests, Version=1.0.3676.32754, Culture=neutral, PublicKeyToken=null" name="op_ImplicitTest" />
    </UnitTest>
    <UnitTest name="CloneTest" storage="konnetic.sip.unittests.dll" id="566943ee-4030-3411-c5cc-f720bb545d7d">
      <Css projectStructure="" iteration="" />
      <Owners>
        <Owner name="" />
      </Owners>
      <Execution id="7d487ccf-ac10-459c-adc5-9d06af0fd7de" />
      <TestMethod codeBase="D:/Business/Development/Konnetic/UnifySipApi/Production/Src/Konnetic Unify SIP API/Konnetic.Sip.UnitTests/bin/Debug/Konnetic.Sip.UnitTests.DLL" adapterTypeName="Microsoft.VisualStudio.TestTools.TestTypes.Unit.UnitTestAdapter, Microsoft.VisualStudio.QualityTools.Tips.UnitTest.Adapter" className="Konnetic.Sip.UnitTests.ContactHeaderFieldAdapter, Konnetic.Sip.UnitTests, Version=1.0.3676.32754, Culture=neutral, PublicKeyToken=null" name="CloneTest" />
    </UnitTest>
    <UnitTest name="FindTest" storage="konnetic.sip.unittests.dll" id="16e6c6cc-6ed7-4d1e-f87e-d66188532ce5">
      <Css projectStructure="" iteration="" />
      <Owners>
        <Owner name="" />
      </Owners>
      <Execution id="7c27edd8-b48b-41b3-a0a3-497292049e03" />
      <TestMethod codeBase="D:/Business/Development/Konnetic/UnifySipApi/Production/Src/Konnetic Unify SIP API/Konnetic.Sip.UnitTests/bin/Debug/Konnetic.Sip.UnitTests.DLL" adapterTypeName="Microsoft.VisualStudio.TestTools.TestTypes.Unit.UnitTestAdapter, Microsoft.VisualStudio.QualityTools.Tips.UnitTest.Adapter" className="Konnetic.Sip.UnitTests.SipMessageAdapter, Konnetic.Sip.UnitTests, Version=1.0.3676.32754, Culture=neutral, PublicKeyToken=null" name="FindTest" />
    </UnitTest>
    <UnitTest name="MaxForwardsTest" storage="konnetic.sip.unittests.dll" id="e75bd83a-27d6-1994-c000-1061bd9f4692">
      <Css projectStructure="" iteration="" />
      <Owners>
        <Owner name="" />
      </Owners>
      <Execution id="b463ae7d-1b1c-4b5c-a6de-85e74ea97b05" />
      <TestMethod codeBase="D:/Business/Development/Konnetic/UnifySipApi/Production/Src/Konnetic Unify SIP API/Konnetic.Sip.UnitTests/bin/Debug/Konnetic.Sip.UnitTests.DLL" adapterTypeName="Microsoft.VisualStudio.TestTools.TestTypes.Unit.UnitTestAdapter, Microsoft.VisualStudio.QualityTools.Tips.UnitTest.Adapter" className="Konnetic.Sip.UnitTests.MaxForwardsHeaderFieldAdapter, Konnetic.Sip.UnitTests, Version=1.0.3676.32754, Culture=neutral, PublicKeyToken=null" name="MaxForwardsTest" />
    </UnitTest>
    <UnitTest name="EqualsTest1" storage="konnetic.sip.unittests.dll" id="ae348294-ad17-096f-e5dc-d84f86d3516a">
      <Css projectStructure="" iteration="" />
      <Owners>
        <Owner name="" />
      </Owners>
      <Execution id="e86b108d-ee9c-4ee1-8ae7-6ca5ed757e74" />
      <TestMethod codeBase="D:/Business/Development/Konnetic/UnifySipApi/Production/Src/Konnetic Unify SIP API/Konnetic.Sip.UnitTests/bin/Debug/Konnetic.Sip.UnitTests.DLL" adapterTypeName="Microsoft.VisualStudio.TestTools.TestTypes.Unit.UnitTestAdapter, Microsoft.VisualStudio.QualityTools.Tips.UnitTest.Adapter" className="Konnetic.Sip.UnitTests.HeaderFieldBaseAdapter, Konnetic.Sip.UnitTests, Version=1.0.3676.32754, Culture=neutral, PublicKeyToken=null" name="EqualsTest1" />
    </UnitTest>
    <UnitTest name="EncodingTest1" storage="konnetic.sip.unittests.dll" id="1e22ff15-a9eb-0b99-c3ac-e6e4353748db">
      <Css projectStructure="" iteration="" />
      <Owners>
        <Owner name="" />
      </Owners>
      <Execution id="a4617a8d-599b-4e30-a193-9873be3d1e5f" />
      <TestMethod codeBase="D:/Business/Development/Konnetic/UnifySipApi/Production/Src/Konnetic Unify SIP API/Konnetic.Sip.UnitTests/bin/Debug/Konnetic.Sip.UnitTests.DLL" adapterTypeName="Microsoft.VisualStudio.TestTools.TestTypes.Unit.UnitTestAdapter, Microsoft.VisualStudio.QualityTools.Tips.UnitTest.Adapter" className="Konnetic.Sip.UnitTests.ContentEncodingHeaderFieldAdapter, Konnetic.Sip.UnitTests, Version=1.0.3676.32754, Culture=neutral, PublicKeyToken=null" name="EncodingTest1" />
    </UnitTest>
    <UnitTest name="LengthTest" storage="konnetic.sip.unittests.dll" id="b730b2be-1068-d3d6-362b-12e7fd1a3164">
      <Css projectStructure="" iteration="" />
      <Owners>
        <Owner name="" />
      </Owners>
      <Execution id="3ec58f1b-e280-4c43-8a55-ba93f6a8057f" />
      <TestMethod codeBase="D:/Business/Development/Konnetic/UnifySipApi/Production/Src/Konnetic Unify SIP API/Konnetic.Sip.UnitTests/bin/Debug/Konnetic.Sip.UnitTests.DLL" adapterTypeName="Microsoft.VisualStudio.TestTools.TestTypes.Unit.UnitTestAdapter, Microsoft.VisualStudio.QualityTools.Tips.UnitTest.Adapter" className="Konnetic.Sip.UnitTests.ContentLengthHeaderFieldAdapter, Konnetic.Sip.UnitTests, Version=1.0.3676.32754, Culture=neutral, PublicKeyToken=null" name="LengthTest" expectedException="Konnetic.Sip.SipOutOfRangeException, Konnetic.Sip, Version=1.0.3676.32752, Culture=neutral, PublicKeyToken=null" />
    </UnitTest>
    <UnitTest name="ResponseTest1" storage="konnetic.sip.unittests.dll" id="62d00f27-fc8d-137e-2f74-c2404c24d9ae">
      <Css projectStructure="" iteration="" />
      <Owners>
        <Owner name="" />
      </Owners>
      <Execution id="a7e0d006-b6ae-43d3-823b-977715cbf94d" />
      <TestMethod codeBase="D:/Business/Development/Konnetic/UnifySipApi/Production/Src/Konnetic Unify SIP API/Konnetic.Sip.UnitTests/bin/Debug/Konnetic.Sip.UnitTests.DLL" adapterTypeName="Microsoft.VisualStudio.TestTools.TestTypes.Unit.UnitTestAdapter, Microsoft.VisualStudio.QualityTools.Tips.UnitTest.Adapter" className="Konnetic.Sip.UnitTests.AuthorizationHeaderFieldBaseAdapter, Konnetic.Sip.UnitTests, Version=1.0.3676.32754, Culture=neutral, PublicKeyToken=null" name="ResponseTest1" expectedException="Konnetic.Sip.SipFormatException, Konnetic.Sip, Version=1.0.3676.32752, Culture=neutral, PublicKeyToken=null" />
    </UnitTest>
    <UnitTest name="TransportParameterTest" storage="konnetic.sip.unittests.dll" id="37b2c5e4-fff3-948c-3631-d1d7595da8d3">
      <Css projectStructure="" iteration="" />
      <Owners>
        <Owner name="" />
      </Owners>
      <Execution id="84b2ad7c-8f20-4553-83a5-f335d84d5208" />
      <TestMethod codeBase="D:/Business/Development/Konnetic/UnifySipApi/Production/Src/Konnetic Unify SIP API/Konnetic.Sip.UnitTests/bin/Debug/Konnetic.Sip.UnitTests.DLL" adapterTypeName="Microsoft.VisualStudio.TestTools.TestTypes.Unit.UnitTestAdapter, Microsoft.VisualStudio.QualityTools.Tips.UnitTest.Adapter" className="Konnetic.Sip.UnitTests.SipUriBuilderAdapter, Konnetic.Sip.UnitTests, Version=1.0.3676.32754, Culture=neutral, PublicKeyToken=null" name="TransportParameterTest" />
    </UnitTest>
    <UnitTest name="ProxyAuthenticateHeaderFieldConstructorTest1" storage="konnetic.sip.unittests.dll" id="b484b2f3-7130-db20-c96b-39005f5bfc72">
      <Css projectStructure="" iteration="" />
      <Owners>
        <Owner name="" />
      </Owners>
      <Execution id="c3dfbaeb-e703-494d-adca-eef34d0288eb" />
      <TestMethod codeBase="D:/Business/Development/Konnetic/UnifySipApi/Production/Src/Konnetic Unify SIP API/Konnetic.Sip.UnitTests/bin/Debug/Konnetic.Sip.UnitTests.DLL" adapterTypeName="Microsoft.VisualStudio.TestTools.TestTypes.Unit.UnitTestAdapter, Microsoft.VisualStudio.QualityTools.Tips.UnitTest.Adapter" className="Konnetic.Sip.UnitTests.ProxyAuthenticateHeaderFieldAdapter, Konnetic.Sip.UnitTests, Version=1.0.3676.32754, Culture=neutral, PublicKeyToken=null" name="ProxyAuthenticateHeaderFieldConstructorTest1" />
    </UnitTest>
    <UnitTest name="ParseTest" storage="konnetic.sip.unittests.dll" id="4b00709b-721b-5f65-0b6b-797183363c56">
      <Css projectStructure="" iteration="" />
      <Owners>
        <Owner name="" />
      </Owners>
      <Execution id="d468a0b3-ac99-4f64-bd2b-5598803a77ad" />
      <TestMethod codeBase="D:/Business/Development/Konnetic/UnifySipApi/Production/Src/Konnetic Unify SIP API/Konnetic.Sip.UnitTests/bin/Debug/Konnetic.Sip.UnitTests.DLL" adapterTypeName="Microsoft.VisualStudio.TestTools.TestTypes.Unit.UnitTestAdapter, Microsoft.VisualStudio.QualityTools.Tips.UnitTest.Adapter" className="Konnetic.Sip.UnitTests.FromHeaderFieldAdapter, Konnetic.Sip.UnitTests, Version=1.0.3676.32754, Culture=neutral, PublicKeyToken=null" name="ParseTest" />
    </UnitTest>
    <UnitTest name="CloneTest" storage="konnetic.sip.unittests.dll" id="79d08849-52e4-bf6a-4c4a-acab07cf2e9c">
      <Css projectStructure="" iteration="" />
      <Owners>
        <Owner name="" />
      </Owners>
      <Execution id="6783b3b3-133a-4614-bcad-ee8cee3d1554" />
      <TestMethod codeBase="D:/Business/Development/Konnetic/UnifySipApi/Production/Src/Konnetic Unify SIP API/Konnetic.Sip.UnitTests/bin/Debug/Konnetic.Sip.UnitTests.DLL" adapterTypeName="Microsoft.VisualStudio.TestTools.TestTypes.Unit.UnitTestAdapter, Microsoft.VisualStudio.QualityTools.Tips.UnitTest.Adapter" className="Konnetic.Sip.UnitTests.SubjectHeaderFieldAdapter, Konnetic.Sip.UnitTests, Version=1.0.3676.32754, Culture=neutral, PublicKeyToken=null" name="CloneTest" />
    </UnitTest>
    <UnitTest name="GenericHeaderFieldConstructorTest1" storage="konnetic.sip.unittests.dll" id="6b1afae7-2627-b01d-a7ec-1b6c02bd2bcb">
      <Css projectStructure="" iteration="" />
      <Owners>
        <Owner name="" />
      </Owners>
      <Execution id="2044ab53-bad1-4182-8a7d-a836629a3391" />
      <TestMethod codeBase="D:/Business/Development/Konnetic/UnifySipApi/Production/Src/Konnetic Unify SIP API/Konnetic.Sip.UnitTests/bin/Debug/Konnetic.Sip.UnitTests.DLL" adapterTypeName="Microsoft.VisualStudio.TestTools.TestTypes.Unit.UnitTestAdapter, Microsoft.VisualStudio.QualityTools.Tips.UnitTest.Adapter" className="Konnetic.Sip.UnitTests.GenericHeaderFieldAdapter, Konnetic.Sip.UnitTests, Version=1.0.3676.32754, Culture=neutral, PublicKeyToken=null" name="GenericHeaderFieldConstructorTest1" />
    </UnitTest>
    <UnitTest name="EqualsTest" storage="konnetic.sip.unittests.dll" id="4d61e91d-57d6-3e08-cc8a-6fecb9cbd84d">
      <Css projectStructure="" iteration="" />
      <Owners>
        <Owner name="" />
      </Owners>
      <Execution id="b80b8365-8638-44dd-93b1-b4bb04852d46" />
      <TestMethod codeBase="D:/Business/Development/Konnetic/UnifySipApi/Production/Src/Konnetic Unify SIP API/Konnetic.Sip.UnitTests/bin/Debug/Konnetic.Sip.UnitTests.DLL" adapterTypeName="Microsoft.VisualStudio.TestTools.TestTypes.Unit.UnitTestAdapter, Microsoft.VisualStudio.QualityTools.Tips.UnitTest.Adapter" className="Konnetic.Sip.UnitTests.QValueHeaderFieldAdapter, Konnetic.Sip.UnitTests, Version=1.0.3676.32754, Culture=neutral, PublicKeyToken=null" name="EqualsTest" />
    </UnitTest>
    <UnitTest name="UpdateTestb" storage="konnetic.sip.unittests.dll" id="5af9c230-e7da-25b7-d254-ffdd78a71fb1">
      <Css projectStructure="" iteration="" />
      <Owners>
        <Owner name="" />
      </Owners>
      <Execution id="1c0b69eb-ee41-42b2-8ead-c305fe5dbb34" />
      <TestMethod codeBase="D:/Business/Development/Konnetic/UnifySipApi/Production/Src/Konnetic Unify SIP API/Konnetic.Sip.UnitTests/bin/Debug/Konnetic.Sip.UnitTests.DLL" adapterTypeName="Microsoft.VisualStudio.TestTools.TestTypes.Unit.UnitTestAdapter, Microsoft.VisualStudio.QualityTools.Tips.UnitTest.Adapter" className="Konnetic.Sip.UnitTests.HeaderFieldCollectionAdapter, Konnetic.Sip.UnitTests, Version=1.0.3676.32754, Culture=neutral, PublicKeyToken=null" name="UpdateTestb" expectedException="System.ArgumentNullException, mscorlib, Version=2.0.0.0, Culture=neutral, PublicKeyToken=b77a5c561934e089" />
    </UnitTest>
    <UnitTest name="HeaderTest" storage="konnetic.sip.unittests.dll" id="cb4c235c-0551-93d3-b846-1b94b1bc7961">
      <Css projectStructure="" iteration="" />
      <Owners>
        <Owner name="" />
      </Owners>
      <Execution id="449b470e-531c-43a7-83ba-22208c9d3cd8" />
      <TestMethod codeBase="D:/Business/Development/Konnetic/UnifySipApi/Production/Src/Konnetic Unify SIP API/Konnetic.Sip.UnitTests/bin/Debug/Konnetic.Sip.UnitTests.DLL" adapterTypeName="Microsoft.VisualStudio.TestTools.TestTypes.Unit.UnitTestAdapter, Microsoft.VisualStudio.QualityTools.Tips.UnitTest.Adapter" className="Konnetic.Sip.UnitTests.SipMessageAdapter, Konnetic.Sip.UnitTests, Version=1.0.3676.32754, Culture=neutral, PublicKeyToken=null" name="HeaderTest" />
    </UnitTest>
    <UnitTest name="TimeTest" storage="konnetic.sip.unittests.dll" id="dcd76ec8-2fc8-bd83-380d-019a8a108059">
      <Css projectStructure="" iteration="" />
      <Owners>
        <Owner name="" />
      </Owners>
      <Execution id="f1c24793-8f92-477b-b328-8e8909e035fa" />
      <TestMethod codeBase="D:/Business/Development/Konnetic/UnifySipApi/Production/Src/Konnetic Unify SIP API/Konnetic.Sip.UnitTests/bin/Debug/Konnetic.Sip.UnitTests.DLL" adapterTypeName="Microsoft.VisualStudio.TestTools.TestTypes.Unit.UnitTestAdapter, Microsoft.VisualStudio.QualityTools.Tips.UnitTest.Adapter" className="Konnetic.Sip.UnitTests.TimestampHeaderFieldAdapter, Konnetic.Sip.UnitTests, Version=1.0.3676.32754, Culture=neutral, PublicKeyToken=null" name="TimeTest" />
    </UnitTest>
    <UnitTest name="MaddrTest" storage="konnetic.sip.unittests.dll" id="6ccea588-c05c-fb04-18cc-f1b66449e7ec">
      <Css projectStructure="" iteration="" />
      <Owners>
        <Owner name="" />
      </Owners>
      <Execution id="f228529e-f158-4276-bf1e-625600e7face" />
      <TestMethod codeBase="D:/Business/Development/Konnetic/UnifySipApi/Production/Src/Konnetic Unify SIP API/Konnetic.Sip.UnitTests/bin/Debug/Konnetic.Sip.UnitTests.DLL" adapterTypeName="Microsoft.VisualStudio.TestTools.TestTypes.Unit.UnitTestAdapter, Microsoft.VisualStudio.QualityTools.Tips.UnitTest.Adapter" className="Konnetic.Sip.UnitTests.SipUriAdapter, Konnetic.Sip.UnitTests, Version=1.0.3676.32754, Culture=neutral, PublicKeyToken=null" name="MaddrTest" />
    </UnitTest>
    <UnitTest name="ParseTest" storage="konnetic.sip.unittests.dll" id="7b5d90ff-b3d4-28d4-b1f9-6914f2b8d903">
      <Css projectStructure="" iteration="" />
      <Owners>
        <Owner name="" />
      </Owners>
      <Execution id="58606630-087c-48a1-8b81-e093324d4305" />
      <TestMethod codeBase="D:/Business/Development/Konnetic/UnifySipApi/Production/Src/Konnetic Unify SIP API/Konnetic.Sip.UnitTests/bin/Debug/Konnetic.Sip.UnitTests.DLL" adapterTypeName="Microsoft.VisualStudio.TestTools.TestTypes.Unit.UnitTestAdapter, Microsoft.VisualStudio.QualityTools.Tips.UnitTest.Adapter" className="Konnetic.Sip.UnitTests.DateHeaderFieldAdapter, Konnetic.Sip.UnitTests, Version=1.0.3676.32754, Culture=neutral, PublicKeyToken=null" name="ParseTest" />
    </UnitTest>
    <UnitTest name="ConstructorTest4" storage="konnetic.sip.unittests.dll" id="df3c7fef-99e8-d10b-56df-8382448aa5f2">
      <Css projectStructure="" iteration="" />
      <Owners>
        <Owner name="" />
      </Owners>
      <Execution id="411ca309-034e-4476-9435-9d3ddba8e424" />
      <TestMethod codeBase="D:/Business/Development/Konnetic/UnifySipApi/Production/Src/Konnetic Unify SIP API/Konnetic.Sip.UnitTests/bin/Debug/Konnetic.Sip.UnitTests.DLL" adapterTypeName="Microsoft.VisualStudio.TestTools.TestTypes.Unit.UnitTestAdapter, Microsoft.VisualStudio.QualityTools.Tips.UnitTest.Adapter" className="Konnetic.Sip.UnitTests.AcceptHeaderFieldAdapter, Konnetic.Sip.UnitTests, Version=1.0.3676.32754, Culture=neutral, PublicKeyToken=null" name="ConstructorTest4" expectedException="System.ArgumentNullException, mscorlib, Version=2.0.0.0, Culture=neutral, PublicKeyToken=b77a5c561934e089" />
    </UnitTest>
    <UnitTest name="GenericHeaderFieldConstructorTest2" storage="konnetic.sip.unittests.dll" id="e88a4501-1744-7dc7-7775-2fd3d99f8687">
      <Css projectStructure="" iteration="" />
      <Owners>
        <Owner name="" />
      </Owners>
      <Execution id="72fcc337-5e4b-4516-92a4-ef81bb1a8307" />
      <TestMethod codeBase="D:/Business/Development/Konnetic/UnifySipApi/Production/Src/Konnetic Unify SIP API/Konnetic.Sip.UnitTests/bin/Debug/Konnetic.Sip.UnitTests.DLL" adapterTypeName="Microsoft.VisualStudio.TestTools.TestTypes.Unit.UnitTestAdapter, Microsoft.VisualStudio.QualityTools.Tips.UnitTest.Adapter" className="Konnetic.Sip.UnitTests.GenericHeaderFieldAdapter, Konnetic.Sip.UnitTests, Version=1.0.3676.32754, Culture=neutral, PublicKeyToken=null" name="GenericHeaderFieldConstructorTest2" />
    </UnitTest>
    <UnitTest name="SubjectTest" storage="konnetic.sip.unittests.dll" id="c249f1a7-7551-b93e-62b3-c153a72d7cbf">
      <Css projectStructure="" iteration="" />
      <Owners>
        <Owner name="" />
      </Owners>
      <Execution id="2767ae22-c133-49ad-8ba9-227fea50af2b" />
      <TestMethod codeBase="D:/Business/Development/Konnetic/UnifySipApi/Production/Src/Konnetic Unify SIP API/Konnetic.Sip.UnitTests/bin/Debug/Konnetic.Sip.UnitTests.DLL" adapterTypeName="Microsoft.VisualStudio.TestTools.TestTypes.Unit.UnitTestAdapter, Microsoft.VisualStudio.QualityTools.Tips.UnitTest.Adapter" className="Konnetic.Sip.UnitTests.SubjectHeaderFieldAdapter, Konnetic.Sip.UnitTests, Version=1.0.3676.32754, Culture=neutral, PublicKeyToken=null" name="SubjectTest" />
    </UnitTest>
    <UnitTest name="TtlTest1" storage="konnetic.sip.unittests.dll" id="41d0e987-fa08-6836-a5b0-11f2ad9dc42d">
      <Css projectStructure="" iteration="" />
      <Owners>
        <Owner name="" />
      </Owners>
      <Execution id="5b9fb907-9762-460c-b36d-bda0ee330f28" />
      <TestMethod codeBase="D:/Business/Development/Konnetic/UnifySipApi/Production/Src/Konnetic Unify SIP API/Konnetic.Sip.UnitTests/bin/Debug/Konnetic.Sip.UnitTests.DLL" adapterTypeName="Microsoft.VisualStudio.TestTools.TestTypes.Unit.UnitTestAdapter, Microsoft.VisualStudio.QualityTools.Tips.UnitTest.Adapter" className="Konnetic.Sip.UnitTests.SipUriBuilderAdapter, Konnetic.Sip.UnitTests, Version=1.0.3676.32754, Culture=neutral, PublicKeyToken=null" name="TtlTest1" expectedException="Konnetic.Sip.SipUriFormatException, Konnetic.Sip, Version=1.0.3676.32752, Culture=neutral, PublicKeyToken=null" />
    </UnitTest>
    <UnitTest name="op_ExplicitTest" storage="konnetic.sip.unittests.dll" id="6cba244c-4e00-c2a3-1253-3b2bd1580602">
      <Css projectStructure="" iteration="" />
      <Owners>
        <Owner name="" />
      </Owners>
      <Execution id="f1fda21f-580f-46cb-8647-6c517080a013" />
      <TestMethod codeBase="D:/Business/Development/Konnetic/UnifySipApi/Production/Src/Konnetic Unify SIP API/Konnetic.Sip.UnitTests/bin/Debug/Konnetic.Sip.UnitTests.DLL" adapterTypeName="Microsoft.VisualStudio.TestTools.TestTypes.Unit.UnitTestAdapter, Microsoft.VisualStudio.QualityTools.Tips.UnitTest.Adapter" className="Konnetic.Sip.UnitTests.AcceptHeaderFieldAdapter, Konnetic.Sip.UnitTests, Version=1.0.3676.32754, Culture=neutral, PublicKeyToken=null" name="op_ExplicitTest" />
    </UnitTest>
    <UnitTest name="EqualsTest" storage="konnetic.sip.unittests.dll" id="83754c52-8531-e906-bb19-724658716214">
      <Css projectStructure="" iteration="" />
      <Owners>
        <Owner name="" />
      </Owners>
      <Execution id="fd197d14-5722-4f6d-933e-6558ab55d619" />
      <TestMethod codeBase="D:/Business/Development/Konnetic/UnifySipApi/Production/Src/Konnetic Unify SIP API/Konnetic.Sip.UnitTests/bin/Debug/Konnetic.Sip.UnitTests.DLL" adapterTypeName="Microsoft.VisualStudio.TestTools.TestTypes.Unit.UnitTestAdapter, Microsoft.VisualStudio.QualityTools.Tips.UnitTest.Adapter" className="Konnetic.Sip.UnitTests.CallIdHeaderFieldAdapter, Konnetic.Sip.UnitTests, Version=1.0.3676.32754, Culture=neutral, PublicKeyToken=null" name="EqualsTest" />
    </UnitTest>
    <UnitTest name="CloneTest" storage="konnetic.sip.unittests.dll" id="f77290fe-ecdb-ef71-1845-a4d0afb3808a">
      <Css projectStructure="" iteration="" />
      <Owners>
        <Owner name="" />
      </Owners>
      <Execution id="54f21631-3e84-41d0-abfb-465997f133ca" />
      <TestMethod codeBase="D:/Business/Development/Konnetic/UnifySipApi/Production/Src/Konnetic Unify SIP API/Konnetic.Sip.UnitTests/bin/Debug/Konnetic.Sip.UnitTests.DLL" adapterTypeName="Microsoft.VisualStudio.TestTools.TestTypes.Unit.UnitTestAdapter, Microsoft.VisualStudio.QualityTools.Tips.UnitTest.Adapter" className="Konnetic.Sip.UnitTests.AuthenticationInfoHeaderFieldAdapter, Konnetic.Sip.UnitTests, Version=1.0.3676.32754, Culture=neutral, PublicKeyToken=null" name="CloneTest" />
    </UnitTest>
    <UnitTest name="OpaqueTest1" storage="konnetic.sip.unittests.dll" id="32e95b67-fb97-f0bf-bced-6d30c83967f9">
      <Css projectStructure="" iteration="" />
      <Owners>
        <Owner name="" />
      </Owners>
      <Execution id="d6fde147-b36a-4904-bd08-43f5a8bb3bec" />
      <TestMethod codeBase="D:/Business/Development/Konnetic/UnifySipApi/Production/Src/Konnetic Unify SIP API/Konnetic.Sip.UnitTests/bin/Debug/Konnetic.Sip.UnitTests.DLL" adapterTypeName="Microsoft.VisualStudio.TestTools.TestTypes.Unit.UnitTestAdapter, Microsoft.VisualStudio.QualityTools.Tips.UnitTest.Adapter" className="Konnetic.Sip.UnitTests.SecurityHeaderFieldAdapter, Konnetic.Sip.UnitTests, Version=1.0.3676.32754, Culture=neutral, PublicKeyToken=null" name="OpaqueTest1" />
    </UnitTest>
    <UnitTest name="ContactHeaderFieldConstructorTest4" storage="konnetic.sip.unittests.dll" id="ee701298-4235-fb1d-7d76-008e9b4378fd">
      <Css projectStructure="" iteration="" />
      <Owners>
        <Owner name="" />
      </Owners>
      <Execution id="0998e313-63e7-4559-89eb-1c68220ea0e1" />
      <TestMethod codeBase="D:/Business/Development/Konnetic/UnifySipApi/Production/Src/Konnetic Unify SIP API/Konnetic.Sip.UnitTests/bin/Debug/Konnetic.Sip.UnitTests.DLL" adapterTypeName="Microsoft.VisualStudio.TestTools.TestTypes.Unit.UnitTestAdapter, Microsoft.VisualStudio.QualityTools.Tips.UnitTest.Adapter" className="Konnetic.Sip.UnitTests.ContactHeaderFieldAdapter, Konnetic.Sip.UnitTests, Version=1.0.3676.32754, Culture=neutral, PublicKeyToken=null" name="ContactHeaderFieldConstructorTest4" expectedException="System.ArgumentNullException, mscorlib, Version=2.0.0.0, Culture=neutral, PublicKeyToken=b77a5c561934e089" />
    </UnitTest>
    <UnitTest name="CommentTest" storage="konnetic.sip.unittests.dll" id="66f5dc2d-6be1-d159-4b60-60e51f787d69">
      <Css projectStructure="" iteration="" />
      <Owners>
        <Owner name="" />
      </Owners>
      <Execution id="65449bd0-d40e-476a-88f2-0edc0d678a47" />
      <TestMethod codeBase="D:/Business/Development/Konnetic/UnifySipApi/Production/Src/Konnetic Unify SIP API/Konnetic.Sip.UnitTests/bin/Debug/Konnetic.Sip.UnitTests.DLL" adapterTypeName="Microsoft.VisualStudio.TestTools.TestTypes.Unit.UnitTestAdapter, Microsoft.VisualStudio.QualityTools.Tips.UnitTest.Adapter" className="Konnetic.Sip.UnitTests.RetryAfterHeaderFieldAdapter, Konnetic.Sip.UnitTests, Version=1.0.3676.32754, Culture=neutral, PublicKeyToken=null" name="CommentTest" />
    </UnitTest>
    <UnitTest name="ParseTest" storage="konnetic.sip.unittests.dll" id="4fb145f2-6489-0c89-7a64-cb5a21f71c60">
      <Css projectStructure="" iteration="" />
      <Owners>
        <Owner name="" />
      </Owners>
      <Execution id="116b8c55-439d-4919-9a3b-11f11ca2fcb8" />
      <TestMethod codeBase="D:/Business/Development/Konnetic/UnifySipApi/Production/Src/Konnetic Unify SIP API/Konnetic.Sip.UnitTests/bin/Debug/Konnetic.Sip.UnitTests.DLL" adapterTypeName="Microsoft.VisualStudio.TestTools.TestTypes.Unit.UnitTestAdapter, Microsoft.VisualStudio.QualityTools.Tips.UnitTest.Adapter" className="Konnetic.Sip.UnitTests.SecurityHeaderFieldAdapter, Konnetic.Sip.UnitTests, Version=1.0.3676.32754, Culture=neutral, PublicKeyToken=null" name="ParseTest" />
    </UnitTest>
    <UnitTest name="CloneTest" storage="konnetic.sip.unittests.dll" id="016bed45-2953-978e-a184-cadb8dd0c8b9">
      <Css projectStructure="" iteration="" />
      <Owners>
        <Owner name="" />
      </Owners>
      <Execution id="b8b8f87a-bc79-4f1d-80a6-4ac0ea58cca0" />
      <TestMethod codeBase="D:/Business/Development/Konnetic/UnifySipApi/Production/Src/Konnetic Unify SIP API/Konnetic.Sip.UnitTests/bin/Debug/Konnetic.Sip.UnitTests.DLL" adapterTypeName="Microsoft.VisualStudio.TestTools.TestTypes.Unit.UnitTestAdapter, Microsoft.VisualStudio.QualityTools.Tips.UnitTest.Adapter" className="Konnetic.Sip.UnitTests.ToHeaderFieldAdapter, Konnetic.Sip.UnitTests, Version=1.0.3676.32754, Culture=neutral, PublicKeyToken=null" name="CloneTest" />
    </UnitTest>
    <UnitTest name="ToBytesTest" storage="konnetic.sip.unittests.dll" id="bca649d8-b0d8-f0ac-ade8-6b6ba8fccdb2">
      <Css projectStructure="" iteration="" />
      <Owners>
        <Owner name="" />
      </Owners>
      <Execution id="fa3e31c9-a820-44fa-9643-31bddc1fab58" />
      <TestMethod codeBase="D:/Business/Development/Konnetic/UnifySipApi/Production/Src/Konnetic Unify SIP API/Konnetic.Sip.UnitTests/bin/Debug/Konnetic.Sip.UnitTests.DLL" adapterTypeName="Microsoft.VisualStudio.TestTools.TestTypes.Unit.UnitTestAdapter, Microsoft.VisualStudio.QualityTools.Tips.UnitTest.Adapter" className="Konnetic.Sip.UnitTests.ParamatizedHeaderFieldAdapter, Konnetic.Sip.UnitTests, Version=1.0.3676.32754, Culture=neutral, PublicKeyToken=null" name="ToBytesTest" />
    </UnitTest>
    <UnitTest name="ParseTest" storage="konnetic.sip.unittests.dll" id="8a30e99a-a16e-9388-d6ad-cf8a6a213c4e">
      <Css projectStructure="" iteration="" />
      <Owners>
        <Owner name="" />
      </Owners>
      <Execution id="70cb5d89-9e41-4bfb-abf6-ee121ee85506" />
      <TestMethod codeBase="D:/Business/Development/Konnetic/UnifySipApi/Production/Src/Konnetic Unify SIP API/Konnetic.Sip.UnitTests/bin/Debug/Konnetic.Sip.UnitTests.DLL" adapterTypeName="Microsoft.VisualStudio.TestTools.TestTypes.Unit.UnitTestAdapter, Microsoft.VisualStudio.QualityTools.Tips.UnitTest.Adapter" className="Konnetic.Sip.UnitTests.QValueHeaderFieldAdapter, Konnetic.Sip.UnitTests, Version=1.0.3676.32754, Culture=neutral, PublicKeyToken=null" name="ParseTest" />
    </UnitTest>
    <UnitTest name="CloneTest" storage="konnetic.sip.unittests.dll" id="9afd9250-0ced-3200-70c5-1cb884c3fde3">
      <Css projectStructure="" iteration="" />
      <Owners>
        <Owner name="" />
      </Owners>
      <Execution id="58101819-9763-49c5-a553-27917c44d869" />
      <TestMethod codeBase="D:/Business/Development/Konnetic/UnifySipApi/Production/Src/Konnetic Unify SIP API/Konnetic.Sip.UnitTests/bin/Debug/Konnetic.Sip.UnitTests.DLL" adapterTypeName="Microsoft.VisualStudio.TestTools.TestTypes.Unit.UnitTestAdapter, Microsoft.VisualStudio.QualityTools.Tips.UnitTest.Adapter" className="Konnetic.Sip.UnitTests.TimestampHeaderFieldAdapter, Konnetic.Sip.UnitTests, Version=1.0.3676.32754, Culture=neutral, PublicKeyToken=null" name="CloneTest" />
    </UnitTest>
    <UnitTest name="RemoveTesta" storage="konnetic.sip.unittests.dll" id="b6fdb925-a5cb-8e46-bc4d-94e250d3569a">
      <Css projectStructure="" iteration="" />
      <Owners>
        <Owner name="" />
      </Owners>
      <Execution id="1e37bb26-cb3c-4e1d-806a-4998bf836f8e" />
      <TestMethod codeBase="D:/Business/Development/Konnetic/UnifySipApi/Production/Src/Konnetic Unify SIP API/Konnetic.Sip.UnitTests/bin/Debug/Konnetic.Sip.UnitTests.DLL" adapterTypeName="Microsoft.VisualStudio.TestTools.TestTypes.Unit.UnitTestAdapter, Microsoft.VisualStudio.QualityTools.Tips.UnitTest.Adapter" className="Konnetic.Sip.UnitTests.HeaderFieldCollectionAdapter, Konnetic.Sip.UnitTests, Version=1.0.3676.32754, Culture=neutral, PublicKeyToken=null" name="RemoveTesta" expectedException="System.ArgumentNullException, mscorlib, Version=2.0.0.0, Culture=neutral, PublicKeyToken=b77a5c561934e089" />
    </UnitTest>
    <UnitTest name="op_ExplicitTest1" storage="konnetic.sip.unittests.dll" id="f88ad514-d164-710a-f7c9-edec1f48a439">
      <Css projectStructure="" iteration="" />
      <Owners>
        <Owner name="" />
      </Owners>
      <Execution id="2b1028f5-ed4b-4b61-9541-f8ebb77ed0cb" />
      <TestMethod codeBase="D:/Business/Development/Konnetic/UnifySipApi/Production/Src/Konnetic Unify SIP API/Konnetic.Sip.UnitTests/bin/Debug/Konnetic.Sip.UnitTests.DLL" adapterTypeName="Microsoft.VisualStudio.TestTools.TestTypes.Unit.UnitTestAdapter, Microsoft.VisualStudio.QualityTools.Tips.UnitTest.Adapter" className="Konnetic.Sip.UnitTests.AuthorizationHeaderFieldAdapter, Konnetic.Sip.UnitTests, Version=1.0.3676.32754, Culture=neutral, PublicKeyToken=null" name="op_ExplicitTest1" expectedException="System.ArgumentNullException, mscorlib, Version=2.0.0.0, Culture=neutral, PublicKeyToken=b77a5c561934e089" />
    </UnitTest>
    <UnitTest name="ToCharsTest" storage="konnetic.sip.unittests.dll" id="3666c5cb-66d0-806f-3a51-cb310e4be51f">
      <Css projectStructure="" iteration="" />
      <Owners>
        <Owner name="" />
      </Owners>
      <Execution id="199d45f0-122b-4475-bbcc-434ebec86965" />
      <TestMethod codeBase="D:/Business/Development/Konnetic/UnifySipApi/Production/Src/Konnetic Unify SIP API/Konnetic.Sip.UnitTests/bin/Debug/Konnetic.Sip.UnitTests.DLL" adapterTypeName="Microsoft.VisualStudio.TestTools.TestTypes.Unit.UnitTestAdapter, Microsoft.VisualStudio.QualityTools.Tips.UnitTest.Adapter" className="Konnetic.Sip.UnitTests.CallIdHeaderFieldAdapter, Konnetic.Sip.UnitTests, Version=1.0.3676.32754, Culture=neutral, PublicKeyToken=null" name="ToCharsTest" />
    </UnitTest>
    <UnitTest name="SchemeTest" storage="konnetic.sip.unittests.dll" id="b9831d60-574c-5e3e-63c2-c41acd46a851">
      <Css projectStructure="" iteration="" />
      <Owners>
        <Owner name="" />
      </Owners>
      <Execution id="76045e4b-53c1-4e8d-a308-be973e7dd358" />
      <TestMethod codeBase="D:/Business/Development/Konnetic/UnifySipApi/Production/Src/Konnetic Unify SIP API/Konnetic.Sip.UnitTests/bin/Debug/Konnetic.Sip.UnitTests.DLL" adapterTypeName="Microsoft.VisualStudio.TestTools.TestTypes.Unit.UnitTestAdapter, Microsoft.VisualStudio.QualityTools.Tips.UnitTest.Adapter" className="Konnetic.Sip.UnitTests.SipUriBuilderAdapter, Konnetic.Sip.UnitTests, Version=1.0.3676.32754, Culture=neutral, PublicKeyToken=null" name="SchemeTest" />
    </UnitTest>
    <UnitTest name="EqualsTest" storage="konnetic.sip.unittests.dll" id="574d1f6a-0076-ae77-fd2f-a8b3e49010b2">
      <Css projectStructure="" iteration="" />
      <Owners>
        <Owner name="" />
      </Owners>
      <Execution id="fcefdfac-5150-47ad-8640-808ccf3b695d" />
      <TestMethod codeBase="D:/Business/Development/Konnetic/UnifySipApi/Production/Src/Konnetic Unify SIP API/Konnetic.Sip.UnitTests/bin/Debug/Konnetic.Sip.UnitTests.DLL" adapterTypeName="Microsoft.VisualStudio.TestTools.TestTypes.Unit.UnitTestAdapter, Microsoft.VisualStudio.QualityTools.Tips.UnitTest.Adapter" className="Konnetic.Sip.UnitTests.WwwAuthenticateHeaderFieldAdapter, Konnetic.Sip.UnitTests, Version=1.0.3676.32754, Culture=neutral, PublicKeyToken=null" name="EqualsTest" />
    </UnitTest>
    <UnitTest name="ParseTest" storage="konnetic.sip.unittests.dll" id="05d9a554-9aa1-7382-187c-f603d5a8c8e4">
      <Css projectStructure="" iteration="" />
      <Owners>
        <Owner name="" />
      </Owners>
      <Execution id="caca7a7e-5c4e-4a20-974b-d97e6a29067b" />
      <TestMethod codeBase="D:/Business/Development/Konnetic/UnifySipApi/Production/Src/Konnetic Unify SIP API/Konnetic.Sip.UnitTests/bin/Debug/Konnetic.Sip.UnitTests.DLL" adapterTypeName="Microsoft.VisualStudio.TestTools.TestTypes.Unit.UnitTestAdapter, Microsoft.VisualStudio.QualityTools.Tips.UnitTest.Adapter" className="Konnetic.Sip.UnitTests.UserAgentHeaderFieldAdapter, Konnetic.Sip.UnitTests, Version=1.0.3676.32754, Culture=neutral, PublicKeyToken=null" name="ParseTest" />
    </UnitTest>
    <UnitTest name="RegenerateCallIDTest" storage="konnetic.sip.unittests.dll" id="693b4063-8868-611b-17dc-e3e00f8c1c78">
      <Css projectStructure="" iteration="" />
      <Owners>
        <Owner name="" />
      </Owners>
      <Execution id="a4b95345-b5d9-4b1d-8acd-59fc07590a2b" />
      <TestMethod codeBase="D:/Business/Development/Konnetic/UnifySipApi/Production/Src/Konnetic Unify SIP API/Konnetic.Sip.UnitTests/bin/Debug/Konnetic.Sip.UnitTests.DLL" adapterTypeName="Microsoft.VisualStudio.TestTools.TestTypes.Unit.UnitTestAdapter, Microsoft.VisualStudio.QualityTools.Tips.UnitTest.Adapter" className="Konnetic.Sip.UnitTests.CallIdHeaderFieldAdapter, Konnetic.Sip.UnitTests, Version=1.0.3676.32754, Culture=neutral, PublicKeyToken=null" name="RegenerateCallIDTest" />
    </UnitTest>
    <UnitTest name="EqualsTest1" storage="konnetic.sip.unittests.dll" id="2f813705-6cc6-d943-d4d6-7add0ff80f93">
      <Css projectStructure="" iteration="" />
      <Owners>
        <Owner name="" />
      </Owners>
      <Execution id="f407a3cf-4eb2-4b2a-8606-412016abaebe" />
      <TestMethod codeBase="D:/Business/Development/Konnetic/UnifySipApi/Production/Src/Konnetic Unify SIP API/Konnetic.Sip.UnitTests/bin/Debug/Konnetic.Sip.UnitTests.DLL" adapterTypeName="Microsoft.VisualStudio.TestTools.TestTypes.Unit.UnitTestAdapter, Microsoft.VisualStudio.QualityTools.Tips.UnitTest.Adapter" className="Konnetic.Sip.UnitTests.AcceptEncodingHeaderFieldAdapter, Konnetic.Sip.UnitTests, Version=1.0.3676.32754, Culture=neutral, PublicKeyToken=null" name="EqualsTest1" />
    </UnitTest>
    <UnitTest name="ContactHeaderFieldConstructorTest3" storage="konnetic.sip.unittests.dll" id="a4dba884-3e56-8c56-f7ac-6fbff2da6c9e">
      <Css projectStructure="" iteration="" />
      <Owners>
        <Owner name="" />
      </Owners>
      <Execution id="ade6324c-7530-463d-b32e-147e61d6b484" />
      <TestMethod codeBase="D:/Business/Development/Konnetic/UnifySipApi/Production/Src/Konnetic Unify SIP API/Konnetic.Sip.UnitTests/bin/Debug/Konnetic.Sip.UnitTests.DLL" adapterTypeName="Microsoft.VisualStudio.TestTools.TestTypes.Unit.UnitTestAdapter, Microsoft.VisualStudio.QualityTools.Tips.UnitTest.Adapter" className="Konnetic.Sip.UnitTests.ContactHeaderFieldAdapter, Konnetic.Sip.UnitTests, Version=1.0.3676.32754, Culture=neutral, PublicKeyToken=null" name="ContactHeaderFieldConstructorTest3" />
    </UnitTest>
    <UnitTest name="EqualsTest" storage="konnetic.sip.unittests.dll" id="7d717175-2905-e8a7-02ed-85f6a9e5c075">
      <Css projectStructure="" iteration="" />
      <Owners>
        <Owner name="" />
      </Owners>
      <Execution id="ef9bbae5-2e7b-48db-a5ff-eacefb72c11b" />
      <TestMethod codeBase="D:/Business/Development/Konnetic/UnifySipApi/Production/Src/Konnetic Unify SIP API/Konnetic.Sip.UnitTests/bin/Debug/Konnetic.Sip.UnitTests.DLL" adapterTypeName="Microsoft.VisualStudio.TestTools.TestTypes.Unit.UnitTestAdapter, Microsoft.VisualStudio.QualityTools.Tips.UnitTest.Adapter" className="Konnetic.Sip.UnitTests.ProxyRequireHeaderFieldAdapter, Konnetic.Sip.UnitTests, Version=1.0.3676.32754, Culture=neutral, PublicKeyToken=null" name="EqualsTest" />
    </UnitTest>
    <UnitTest name="SchemeTest3" storage="konnetic.sip.unittests.dll" id="30d522b1-6b74-542d-624b-686a0cee5ec8">
      <Css projectStructure="" iteration="" />
      <Owners>
        <Owner name="" />
      </Owners>
      <Execution id="1863f70a-5613-430f-b6dc-89e13c4b1672" />
      <TestMethod codeBase="D:/Business/Development/Konnetic/UnifySipApi/Production/Src/Konnetic Unify SIP API/Konnetic.Sip.UnitTests/bin/Debug/Konnetic.Sip.UnitTests.DLL" adapterTypeName="Microsoft.VisualStudio.TestTools.TestTypes.Unit.UnitTestAdapter, Microsoft.VisualStudio.QualityTools.Tips.UnitTest.Adapter" className="Konnetic.Sip.UnitTests.SipUriAdapter, Konnetic.Sip.UnitTests, Version=1.0.3676.32754, Culture=neutral, PublicKeyToken=null" name="SchemeTest3" expectedException="System.UriFormatException, System, Version=2.0.0.0, Culture=neutral, PublicKeyToken=b77a5c561934e089" />
    </UnitTest>
    <UnitTest name="SecondsTest" storage="konnetic.sip.unittests.dll" id="0d0c1fc6-9b10-261b-7582-e147dcadfc74">
      <Css projectStructure="" iteration="" />
      <Owners>
        <Owner name="" />
      </Owners>
      <Execution id="ba4f44c0-d6ee-4549-ad10-471606b8f350" />
      <TestMethod codeBase="D:/Business/Development/Konnetic/UnifySipApi/Production/Src/Konnetic Unify SIP API/Konnetic.Sip.UnitTests/bin/Debug/Konnetic.Sip.UnitTests.DLL" adapterTypeName="Microsoft.VisualStudio.TestTools.TestTypes.Unit.UnitTestAdapter, Microsoft.VisualStudio.QualityTools.Tips.UnitTest.Adapter" className="Konnetic.Sip.UnitTests.SecondsHeaderFieldAdapter, Konnetic.Sip.UnitTests, Version=1.0.3676.32754, Culture=neutral, PublicKeyToken=null" name="SecondsTest" />
    </UnitTest>
    <UnitTest name="AddTest1b" storage="konnetic.sip.unittests.dll" id="06afeb1c-6fed-119d-c733-4c3f850f0cf8">
      <Css projectStructure="" iteration="" />
      <Owners>
        <Owner name="" />
      </Owners>
      <Execution id="e8227d62-509c-4a1e-b558-2c9bf87e53c9" />
      <TestMethod codeBase="D:/Business/Development/Konnetic/UnifySipApi/Production/Src/Konnetic Unify SIP API/Konnetic.Sip.UnitTests/bin/Debug/Konnetic.Sip.UnitTests.DLL" adapterTypeName="Microsoft.VisualStudio.TestTools.TestTypes.Unit.UnitTestAdapter, Microsoft.VisualStudio.QualityTools.Tips.UnitTest.Adapter" className="Konnetic.Sip.UnitTests.HeaderFieldCollectionAdapter, Konnetic.Sip.UnitTests, Version=1.0.3676.32754, Culture=neutral, PublicKeyToken=null" name="AddTest1b" expectedException="System.ArgumentNullException, mscorlib, Version=2.0.0.0, Culture=neutral, PublicKeyToken=b77a5c561934e089" />
    </UnitTest>
    <UnitTest name="AcceptEncodingHeaderFieldConstructorTest" storage="konnetic.sip.unittests.dll" id="9f23e047-be80-6b91-4aa7-a14ea77e6264">
      <Css projectStructure="" iteration="" />
      <Owners>
        <Owner name="" />
      </Owners>
      <Execution id="aaca62f8-2d5b-459f-a095-fc59e4f53208" />
      <TestMethod codeBase="D:/Business/Development/Konnetic/UnifySipApi/Production/Src/Konnetic Unify SIP API/Konnetic.Sip.UnitTests/bin/Debug/Konnetic.Sip.UnitTests.DLL" adapterTypeName="Microsoft.VisualStudio.TestTools.TestTypes.Unit.UnitTestAdapter, Microsoft.VisualStudio.QualityTools.Tips.UnitTest.Adapter" className="Konnetic.Sip.UnitTests.AcceptEncodingHeaderFieldAdapter, Konnetic.Sip.UnitTests, Version=1.0.3676.32754, Culture=neutral, PublicKeyToken=null" name="AcceptEncodingHeaderFieldConstructorTest" />
    </UnitTest>
    <UnitTest name="NonceTest2" storage="konnetic.sip.unittests.dll" id="d006efdb-4f9a-d512-1e33-59e6cb7d3ab3">
      <Css projectStructure="" iteration="" />
      <Owners>
        <Owner name="" />
      </Owners>
      <Execution id="5cf0461e-c07f-43a6-9be6-17955127fd49" />
      <TestMethod codeBase="D:/Business/Development/Konnetic/UnifySipApi/Production/Src/Konnetic Unify SIP API/Konnetic.Sip.UnitTests/bin/Debug/Konnetic.Sip.UnitTests.DLL" adapterTypeName="Microsoft.VisualStudio.TestTools.TestTypes.Unit.UnitTestAdapter, Microsoft.VisualStudio.QualityTools.Tips.UnitTest.Adapter" className="Konnetic.Sip.UnitTests.SecurityHeaderFieldAdapter, Konnetic.Sip.UnitTests, Version=1.0.3676.32754, Culture=neutral, PublicKeyToken=null" name="NonceTest2" />
    </UnitTest>
    <UnitTest name="NextNonceTest" storage="konnetic.sip.unittests.dll" id="5f1edde8-4079-8b9b-df15-97d30c2142b7">
      <Css projectStructure="" iteration="" />
      <Owners>
        <Owner name="" />
      </Owners>
      <Execution id="a5ff018b-d98e-4807-a99a-00f6c10e7557" />
      <TestMethod codeBase="D:/Business/Development/Konnetic/UnifySipApi/Production/Src/Konnetic Unify SIP API/Konnetic.Sip.UnitTests/bin/Debug/Konnetic.Sip.UnitTests.DLL" adapterTypeName="Microsoft.VisualStudio.TestTools.TestTypes.Unit.UnitTestAdapter, Microsoft.VisualStudio.QualityTools.Tips.UnitTest.Adapter" className="Konnetic.Sip.UnitTests.AuthenticationInfoHeaderFieldAdapter, Konnetic.Sip.UnitTests, Version=1.0.3676.32754, Culture=neutral, PublicKeyToken=null" name="NextNonceTest" />
    </UnitTest>
    <UnitTest name="EqualsTest1" storage="konnetic.sip.unittests.dll" id="1eb18527-acb0-426e-b19a-827f271f56e9">
      <Css projectStructure="" iteration="" />
      <Owners>
        <Owner name="" />
      </Owners>
      <Execution id="2fbf7ede-c97a-4772-a774-39b620601fb9" />
      <TestMethod codeBase="D:/Business/Development/Konnetic/UnifySipApi/Production/Src/Konnetic Unify SIP API/Konnetic.Sip.UnitTests/bin/Debug/Konnetic.Sip.UnitTests.DLL" adapterTypeName="Microsoft.VisualStudio.TestTools.TestTypes.Unit.UnitTestAdapter, Microsoft.VisualStudio.QualityTools.Tips.UnitTest.Adapter" className="Konnetic.Sip.UnitTests.AcceptLanguageHeaderFieldAdapter, Konnetic.Sip.UnitTests, Version=1.0.3676.32754, Culture=neutral, PublicKeyToken=null" name="EqualsTest1" />
    </UnitTest>
    <UnitTest name="MethodTest1" storage="konnetic.sip.unittests.dll" id="db9a66c0-39ad-ec1b-d228-d79c14b86964">
      <Css projectStructure="" iteration="" />
      <Owners>
        <Owner name="" />
      </Owners>
      <Execution id="0043c342-0271-4365-b5c0-7d3faa7b3bea" />
      <TestMethod codeBase="D:/Business/Development/Konnetic/UnifySipApi/Production/Src/Konnetic Unify SIP API/Konnetic.Sip.UnitTests/bin/Debug/Konnetic.Sip.UnitTests.DLL" adapterTypeName="Microsoft.VisualStudio.TestTools.TestTypes.Unit.UnitTestAdapter, Microsoft.VisualStudio.QualityTools.Tips.UnitTest.Adapter" className="Konnetic.Sip.UnitTests.CSeqHeaderFieldAdapter, Konnetic.Sip.UnitTests, Version=1.0.3676.32754, Culture=neutral, PublicKeyToken=null" name="MethodTest1" />
    </UnitTest>
    <UnitTest name="CloneTest" storage="konnetic.sip.unittests.dll" id="be8b134f-ff9c-2a6a-ea6f-1cd88e025c03">
      <Css projectStructure="" iteration="" />
      <Owners>
        <Owner name="" />
      </Owners>
      <Execution id="b26ca9e7-dbd3-4817-b68f-516cc8e6833f" />
      <TestMethod codeBase="D:/Business/Development/Konnetic/UnifySipApi/Production/Src/Konnetic Unify SIP API/Konnetic.Sip.UnitTests/bin/Debug/Konnetic.Sip.UnitTests.DLL" adapterTypeName="Microsoft.VisualStudio.TestTools.TestTypes.Unit.UnitTestAdapter, Microsoft.VisualStudio.QualityTools.Tips.UnitTest.Adapter" className="Konnetic.Sip.UnitTests.PriorityHeaderFieldAdapter, Konnetic.Sip.UnitTests, Version=1.0.3676.32754, Culture=neutral, PublicKeyToken=null" name="CloneTest" />
    </UnitTest>
    <UnitTest name="ContactHeaderFieldConstructorTest5" storage="konnetic.sip.unittests.dll" id="606bc273-5b37-8b28-a56e-504695f865e2">
      <Css projectStructure="" iteration="" />
      <Owners>
        <Owner name="" />
      </Owners>
      <Execution id="c9b29d8b-82e9-4e61-a363-257fdc65b748" />
      <TestMethod codeBase="D:/Business/Development/Konnetic/UnifySipApi/Production/Src/Konnetic Unify SIP API/Konnetic.Sip.UnitTests/bin/Debug/Konnetic.Sip.UnitTests.DLL" adapterTypeName="Microsoft.VisualStudio.TestTools.TestTypes.Unit.UnitTestAdapter, Microsoft.VisualStudio.QualityTools.Tips.UnitTest.Adapter" className="Konnetic.Sip.UnitTests.ContactHeaderFieldAdapter, Konnetic.Sip.UnitTests, Version=1.0.3676.32754, Culture=neutral, PublicKeyToken=null" name="ContactHeaderFieldConstructorTest5" />
    </UnitTest>
    <UnitTest name="EqualsTest" storage="konnetic.sip.unittests.dll" id="91fc7454-6e78-8a4e-a332-a8e52ffd3882">
      <Css projectStructure="" iteration="" />
      <Owners>
        <Owner name="" />
      </Owners>
      <Execution id="dce1885c-f80d-4594-9391-66163d675e88" />
      <TestMethod codeBase="D:/Business/Development/Konnetic/UnifySipApi/Production/Src/Konnetic Unify SIP API/Konnetic.Sip.UnitTests/bin/Debug/Konnetic.Sip.UnitTests.DLL" adapterTypeName="Microsoft.VisualStudio.TestTools.TestTypes.Unit.UnitTestAdapter, Microsoft.VisualStudio.QualityTools.Tips.UnitTest.Adapter" className="Konnetic.Sip.UnitTests.ContentEncodingHeaderFieldAdapter, Konnetic.Sip.UnitTests, Version=1.0.3676.32754, Culture=neutral, PublicKeyToken=null" name="EqualsTest" />
    </UnitTest>
    <UnitTest name="EqualsTest" storage="konnetic.sip.unittests.dll" id="92aed08b-06ee-d289-f490-706f9ba32410">
      <Css projectStructure="" iteration="" />
      <Owners>
        <Owner name="" />
      </Owners>
      <Execution id="e863e02c-b819-4b2f-85d1-6a8eab29a949" />
      <TestMethod codeBase="D:/Business/Development/Konnetic/UnifySipApi/Production/Src/Konnetic Unify SIP API/Konnetic.Sip.UnitTests/bin/Debug/Konnetic.Sip.UnitTests.DLL" adapterTypeName="Microsoft.VisualStudio.TestTools.TestTypes.Unit.UnitTestAdapter, Microsoft.VisualStudio.QualityTools.Tips.UnitTest.Adapter" className="Konnetic.Sip.UnitTests.PriorityHeaderFieldAdapter, Konnetic.Sip.UnitTests, Version=1.0.3676.32754, Culture=neutral, PublicKeyToken=null" name="EqualsTest" />
    </UnitTest>
    <UnitTest name="IsSecureTransportTest" storage="konnetic.sip.unittests.dll" id="cfc3e271-4faa-4043-f5eb-dbb5157a696f">
      <Css projectStructure="" iteration="" />
      <Owners>
        <Owner name="" />
      </Owners>
      <Execution id="56e0f009-0219-4f13-9729-2a10d3a98ec6" />
      <TestMethod codeBase="D:/Business/Development/Konnetic/UnifySipApi/Production/Src/Konnetic Unify SIP API/Konnetic.Sip.UnitTests/bin/Debug/Konnetic.Sip.UnitTests.DLL" adapterTypeName="Microsoft.VisualStudio.TestTools.TestTypes.Unit.UnitTestAdapter, Microsoft.VisualStudio.QualityTools.Tips.UnitTest.Adapter" className="Konnetic.Sip.UnitTests.SipUriAdapter, Konnetic.Sip.UnitTests, Version=1.0.3676.32754, Culture=neutral, PublicKeyToken=null" name="IsSecureTransportTest" />
    </UnitTest>
    <UnitTest name="EqualsTest1" storage="konnetic.sip.unittests.dll" id="1bfaba6c-99fd-3ed9-5612-7d46a332a15b">
      <Css projectStructure="" iteration="" />
      <Owners>
        <Owner name="" />
      </Owners>
      <Execution id="dc9dec71-2c8a-4363-99ee-338574b46d80" />
      <TestMethod codeBase="D:/Business/Development/Konnetic/UnifySipApi/Production/Src/Konnetic Unify SIP API/Konnetic.Sip.UnitTests/bin/Debug/Konnetic.Sip.UnitTests.DLL" adapterTypeName="Microsoft.VisualStudio.TestTools.TestTypes.Unit.UnitTestAdapter, Microsoft.VisualStudio.QualityTools.Tips.UnitTest.Adapter" className="Konnetic.Sip.UnitTests.AuthorizationHeaderFieldBaseAdapter, Konnetic.Sip.UnitTests, Version=1.0.3676.32754, Culture=neutral, PublicKeyToken=null" name="EqualsTest1" />
    </UnitTest>
    <UnitTest name="ParseTest1" storage="konnetic.sip.unittests.dll" id="bb8d202b-c816-b970-5acb-f04a09708d9b">
      <Css projectStructure="" iteration="" />
      <Owners>
        <Owner name="" />
      </Owners>
      <Execution id="4468081a-f326-4185-9c9e-f7227f27d6f1" />
      <TestMethod codeBase="D:/Business/Development/Konnetic/UnifySipApi/Production/Src/Konnetic Unify SIP API/Konnetic.Sip.UnitTests/bin/Debug/Konnetic.Sip.UnitTests.DLL" adapterTypeName="Microsoft.VisualStudio.TestTools.TestTypes.Unit.UnitTestAdapter, Microsoft.VisualStudio.QualityTools.Tips.UnitTest.Adapter" className="Konnetic.Sip.UnitTests.MimeVersionHeaderFieldAdapter, Konnetic.Sip.UnitTests, Version=1.0.3676.32754, Culture=neutral, PublicKeyToken=null" name="ParseTest1" expectedException="Konnetic.Sip.SipParseException, Konnetic.Sip, Version=1.0.3676.32752, Culture=neutral, PublicKeyToken=null" />
    </UnitTest>
    <UnitTest name="AddTest1" storage="konnetic.sip.unittests.dll" id="7d96e561-65fb-7fc1-7af3-dc6699d1a2a8">
      <Css projectStructure="" iteration="" />
      <Owners>
        <Owner name="" />
      </Owners>
      <Execution id="1dc1d253-5038-406d-b9f1-79e47d057e84" />
      <TestMethod codeBase="D:/Business/Development/Konnetic/UnifySipApi/Production/Src/Konnetic Unify SIP API/Konnetic.Sip.UnitTests/bin/Debug/Konnetic.Sip.UnitTests.DLL" adapterTypeName="Microsoft.VisualStudio.TestTools.TestTypes.Unit.UnitTestAdapter, Microsoft.VisualStudio.QualityTools.Tips.UnitTest.Adapter" className="Konnetic.Sip.UnitTests.HeaderFieldCollectionAdapter, Konnetic.Sip.UnitTests, Version=1.0.3676.32754, Culture=neutral, PublicKeyToken=null" name="AddTest1" />
    </UnitTest>
    <UnitTest name="QValueTest2" storage="konnetic.sip.unittests.dll" id="d42d7db3-cf6e-12ad-a8d3-abc60c349b7f">
      <Css projectStructure="" iteration="" />
      <Owners>
        <Owner name="" />
      </Owners>
      <Execution id="53ef849b-67a9-415c-acd0-3b42d1f76c60" />
      <TestMethod codeBase="D:/Business/Development/Konnetic/UnifySipApi/Production/Src/Konnetic Unify SIP API/Konnetic.Sip.UnitTests/bin/Debug/Konnetic.Sip.UnitTests.DLL" adapterTypeName="Microsoft.VisualStudio.TestTools.TestTypes.Unit.UnitTestAdapter, Microsoft.VisualStudio.QualityTools.Tips.UnitTest.Adapter" className="Konnetic.Sip.UnitTests.QValueHeaderFieldAdapter, Konnetic.Sip.UnitTests, Version=1.0.3676.32754, Culture=neutral, PublicKeyToken=null" name="QValueTest2" />
    </UnitTest>
    <UnitTest name="ContentEncodingHeaderFieldConstructorTest" storage="konnetic.sip.unittests.dll" id="c870b85f-8c6f-144f-b0fb-4e9fa2a2b97c">
      <Css projectStructure="" iteration="" />
      <Owners>
        <Owner name="" />
      </Owners>
      <Execution id="e2670951-4262-4e9b-84c3-5ddd52846cfd" />
      <TestMethod codeBase="D:/Business/Development/Konnetic/UnifySipApi/Production/Src/Konnetic Unify SIP API/Konnetic.Sip.UnitTests/bin/Debug/Konnetic.Sip.UnitTests.DLL" adapterTypeName="Microsoft.VisualStudio.TestTools.TestTypes.Unit.UnitTestAdapter, Microsoft.VisualStudio.QualityTools.Tips.UnitTest.Adapter" className="Konnetic.Sip.UnitTests.ContentEncodingHeaderFieldAdapter, Konnetic.Sip.UnitTests, Version=1.0.3676.32754, Culture=neutral, PublicKeyToken=null" name="ContentEncodingHeaderFieldConstructorTest" />
    </UnitTest>
    <UnitTest name="StaleTest" storage="konnetic.sip.unittests.dll" id="cf060ce6-4521-d146-44d3-4bbbd9ab9561">
      <Css projectStructure="" iteration="" />
      <Owners>
        <Owner name="" />
      </Owners>
      <Execution id="657d7bbb-d49a-4696-8f69-77e9ae998cb4" />
      <TestMethod codeBase="D:/Business/Development/Konnetic/UnifySipApi/Production/Src/Konnetic Unify SIP API/Konnetic.Sip.UnitTests/bin/Debug/Konnetic.Sip.UnitTests.DLL" adapterTypeName="Microsoft.VisualStudio.TestTools.TestTypes.Unit.UnitTestAdapter, Microsoft.VisualStudio.QualityTools.Tips.UnitTest.Adapter" className="Konnetic.Sip.UnitTests.ChallengeHeaderFieldAdapter, Konnetic.Sip.UnitTests, Version=1.0.3676.32754, Culture=neutral, PublicKeyToken=null" name="StaleTest" />
    </UnitTest>
    <UnitTest name="RetryAfterHeaderFieldConstructorTest" storage="konnetic.sip.unittests.dll" id="3f61563d-63cb-ca69-e34e-b4ff2732f9a2">
      <Css projectStructure="" iteration="" />
      <Owners>
        <Owner name="" />
      </Owners>
      <Execution id="c821a481-75d8-449d-b53e-86c13f971950" />
      <TestMethod codeBase="D:/Business/Development/Konnetic/UnifySipApi/Production/Src/Konnetic Unify SIP API/Konnetic.Sip.UnitTests/bin/Debug/Konnetic.Sip.UnitTests.DLL" adapterTypeName="Microsoft.VisualStudio.TestTools.TestTypes.Unit.UnitTestAdapter, Microsoft.VisualStudio.QualityTools.Tips.UnitTest.Adapter" className="Konnetic.Sip.UnitTests.RetryAfterHeaderFieldAdapter, Konnetic.Sip.UnitTests, Version=1.0.3676.32754, Culture=neutral, PublicKeyToken=null" name="RetryAfterHeaderFieldConstructorTest" />
    </UnitTest>
    <UnitTest name="ContentTypeHeaderFieldConstructorTest2" storage="konnetic.sip.unittests.dll" id="c7790254-4ede-da32-a73b-877f9504e2d5">
      <Css projectStructure="" iteration="" />
      <Owners>
        <Owner name="" />
      </Owners>
      <Execution id="5eaf14f7-6489-4a1e-8503-91efa2b9d6d0" />
      <TestMethod codeBase="D:/Business/Development/Konnetic/UnifySipApi/Production/Src/Konnetic Unify SIP API/Konnetic.Sip.UnitTests/bin/Debug/Konnetic.Sip.UnitTests.DLL" adapterTypeName="Microsoft.VisualStudio.TestTools.TestTypes.Unit.UnitTestAdapter, Microsoft.VisualStudio.QualityTools.Tips.UnitTest.Adapter" className="Konnetic.Sip.UnitTests.ContentTypeHeaderFieldAdapter, Konnetic.Sip.UnitTests, Version=1.0.3676.32754, Culture=neutral, PublicKeyToken=null" name="ContentTypeHeaderFieldConstructorTest2" />
    </UnitTest>
    <UnitTest name="ErrorHeaderFieldConstructorTest1" storage="konnetic.sip.unittests.dll" id="5a3d4b0b-6243-c852-6119-6f4ff0db48e0">
      <Css projectStructure="" iteration="" />
      <Owners>
        <Owner name="" />
      </Owners>
      <Execution id="b999b00e-2084-44c2-b814-493660a95a7a" />
      <TestMethod codeBase="D:/Business/Development/Konnetic/UnifySipApi/Production/Src/Konnetic Unify SIP API/Konnetic.Sip.UnitTests/bin/Debug/Konnetic.Sip.UnitTests.DLL" adapterTypeName="Microsoft.VisualStudio.TestTools.TestTypes.Unit.UnitTestAdapter, Microsoft.VisualStudio.QualityTools.Tips.UnitTest.Adapter" className="Konnetic.Sip.UnitTests.ErrorHeaderFieldAdapter, Konnetic.Sip.UnitTests, Version=1.0.3676.32754, Culture=neutral, PublicKeyToken=null" name="ErrorHeaderFieldConstructorTest1" />
    </UnitTest>
    <UnitTest name="ValueTest" storage="konnetic.sip.unittests.dll" id="f24089cf-fe3d-8362-70e4-ab0b76a7de15">
      <Css projectStructure="" iteration="" />
      <Owners>
        <Owner name="" />
      </Owners>
      <Execution id="778a86b1-7e0f-4b4b-aded-1861f7d9b7e7" />
      <TestMethod codeBase="D:/Business/Development/Konnetic/UnifySipApi/Production/Src/Konnetic Unify SIP API/Konnetic.Sip.UnitTests/bin/Debug/Konnetic.Sip.UnitTests.DLL" adapterTypeName="Microsoft.VisualStudio.TestTools.TestTypes.Unit.UnitTestAdapter, Microsoft.VisualStudio.QualityTools.Tips.UnitTest.Adapter" className="Konnetic.Sip.UnitTests.GenericHeaderFieldAdapter, Konnetic.Sip.UnitTests, Version=1.0.3676.32754, Culture=neutral, PublicKeyToken=null" name="ValueTest" />
    </UnitTest>
    <UnitTest name="FieldNameTest" storage="konnetic.sip.unittests.dll" id="812f3ca5-8642-aec7-4b29-fedd7ff51257">
      <Css projectStructure="" iteration="" />
      <Owners>
        <Owner name="" />
      </Owners>
      <DeploymentItems>
        <DeploymentItem filename="Konnetic.Sip.dll" />
      </DeploymentItems>
      <Execution id="dec1ae17-66a5-493c-a992-46deca82b133" />
      <TestMethod codeBase="D:/Business/Development/Konnetic/UnifySipApi/Production/Src/Konnetic Unify SIP API/Konnetic.Sip.UnitTests/bin/Debug/Konnetic.Sip.UnitTests.DLL" adapterTypeName="Microsoft.VisualStudio.TestTools.TestTypes.Unit.UnitTestAdapter, Microsoft.VisualStudio.QualityTools.Tips.UnitTest.Adapter" className="Konnetic.Sip.UnitTests.ToHeaderFieldAdapter, Konnetic.Sip.UnitTests, Version=1.0.3676.32754, Culture=neutral, PublicKeyToken=null" name="FieldNameTest" />
    </UnitTest>
    <UnitTest name="HeaderTest" storage="konnetic.sip.unittests.dll" id="963a260b-97c5-ba9b-8663-d7f110ce4c77">
      <Css projectStructure="" iteration="" />
      <Owners>
        <Owner name="" />
      </Owners>
      <Execution id="31acd042-4211-4cfa-b96f-088ff11f7483" />
      <TestMethod codeBase="D:/Business/Development/Konnetic/UnifySipApi/Production/Src/Konnetic Unify SIP API/Konnetic.Sip.UnitTests/bin/Debug/Konnetic.Sip.UnitTests.DLL" adapterTypeName="Microsoft.VisualStudio.TestTools.TestTypes.Unit.UnitTestAdapter, Microsoft.VisualStudio.QualityTools.Tips.UnitTest.Adapter" className="Konnetic.Sip.UnitTests.InviteAdapter, Konnetic.Sip.UnitTests, Version=1.0.3676.32754, Culture=neutral, PublicKeyToken=null" name="HeaderTest" />
    </UnitTest>
    <UnitTest name="DelayTest" storage="konnetic.sip.unittests.dll" id="a621adba-6be6-42e3-7dd0-6614c7cbd13e">
      <Css projectStructure="" iteration="" />
      <Owners>
        <Owner name="" />
      </Owners>
      <Execution id="77a1de09-cbc8-4ca8-9ff6-862e54f0051e" />
      <TestMethod codeBase="D:/Business/Development/Konnetic/UnifySipApi/Production/Src/Konnetic Unify SIP API/Konnetic.Sip.UnitTests/bin/Debug/Konnetic.Sip.UnitTests.DLL" adapterTypeName="Microsoft.VisualStudio.TestTools.TestTypes.Unit.UnitTestAdapter, Microsoft.VisualStudio.QualityTools.Tips.UnitTest.Adapter" className="Konnetic.Sip.UnitTests.TimestampHeaderFieldAdapter, Konnetic.Sip.UnitTests, Version=1.0.3676.32754, Culture=neutral, PublicKeyToken=null" name="DelayTest" />
    </UnitTest>
    <UnitTest name="ContentLengthHeaderFieldConstructorTest1" storage="konnetic.sip.unittests.dll" id="60aed6ce-f14b-1678-56d5-4ec00907365c">
      <Css projectStructure="" iteration="" />
      <Owners>
        <Owner name="" />
      </Owners>
      <Execution id="2f28153e-d5cf-4d98-98c2-e7df491cd637" />
      <TestMethod codeBase="D:/Business/Development/Konnetic/UnifySipApi/Production/Src/Konnetic Unify SIP API/Konnetic.Sip.UnitTests/bin/Debug/Konnetic.Sip.UnitTests.DLL" adapterTypeName="Microsoft.VisualStudio.TestTools.TestTypes.Unit.UnitTestAdapter, Microsoft.VisualStudio.QualityTools.Tips.UnitTest.Adapter" className="Konnetic.Sip.UnitTests.ContentLengthHeaderFieldAdapter, Konnetic.Sip.UnitTests, Version=1.0.3676.32754, Culture=neutral, PublicKeyToken=null" name="ContentLengthHeaderFieldConstructorTest1" />
    </UnitTest>
    <UnitTest name="CloneTest" storage="konnetic.sip.unittests.dll" id="5d5cb8f8-7788-21f0-8233-d7526964d75c">
      <Css projectStructure="" iteration="" />
      <Owners>
        <Owner name="" />
      </Owners>
      <Execution id="6e5bdebb-6143-4478-9386-fd50efcf79de" />
      <TestMethod codeBase="D:/Business/Development/Konnetic/UnifySipApi/Production/Src/Konnetic Unify SIP API/Konnetic.Sip.UnitTests/bin/Debug/Konnetic.Sip.UnitTests.DLL" adapterTypeName="Microsoft.VisualStudio.TestTools.TestTypes.Unit.UnitTestAdapter, Microsoft.VisualStudio.QualityTools.Tips.UnitTest.Adapter" className="Konnetic.Sip.UnitTests.AlertInfoHeaderFieldAdapter, Konnetic.Sip.UnitTests, Version=1.0.3676.32754, Culture=neutral, PublicKeyToken=null" name="CloneTest" />
    </UnitTest>
    <UnitTest name="ParseTest" storage="konnetic.sip.unittests.dll" id="6e9d7e82-132a-cad1-6b4b-bbd4dc268438">
      <Css projectStructure="" iteration="" />
      <Owners>
        <Owner name="" />
      </Owners>
      <Execution id="c8defc5a-0295-488c-9ef6-59c9136e8d5d" />
      <TestMethod codeBase="D:/Business/Development/Konnetic/UnifySipApi/Production/Src/Konnetic Unify SIP API/Konnetic.Sip.UnitTests/bin/Debug/Konnetic.Sip.UnitTests.DLL" adapterTypeName="Microsoft.VisualStudio.TestTools.TestTypes.Unit.UnitTestAdapter, Microsoft.VisualStudio.QualityTools.Tips.UnitTest.Adapter" className="Konnetic.Sip.UnitTests.ProxyAuthenticateHeaderFieldAdapter, Konnetic.Sip.UnitTests, Version=1.0.3676.32754, Culture=neutral, PublicKeyToken=null" name="ParseTest" />
    </UnitTest>
    <UnitTest name="LanguageTagTest" storage="konnetic.sip.unittests.dll" id="cb5cecba-74e0-e400-cbc2-9222bf1ee755">
      <Css projectStructure="" iteration="" />
      <Owners>
        <Owner name="" />
      </Owners>
      <Execution id="f8763f04-92b1-4098-8a3b-43d5e8b8ce8d" />
      <TestMethod codeBase="D:/Business/Development/Konnetic/UnifySipApi/Production/Src/Konnetic Unify SIP API/Konnetic.Sip.UnitTests/bin/Debug/Konnetic.Sip.UnitTests.DLL" adapterTypeName="Microsoft.VisualStudio.TestTools.TestTypes.Unit.UnitTestAdapter, Microsoft.VisualStudio.QualityTools.Tips.UnitTest.Adapter" className="Konnetic.Sip.UnitTests.ContentLanguageHeaderFieldAdapter, Konnetic.Sip.UnitTests, Version=1.0.3676.32754, Culture=neutral, PublicKeyToken=null" name="LanguageTagTest" />
    </UnitTest>
    <UnitTest name="MimeVersionHeaderFieldConstructorTest" storage="konnetic.sip.unittests.dll" id="1573eb77-8e46-59ae-b51a-607bbac9f262">
      <Css projectStructure="" iteration="" />
      <Owners>
        <Owner name="" />
      </Owners>
      <Execution id="8a3cc1df-541d-4ca0-a764-203631839008" />
      <TestMethod codeBase="D:/Business/Development/Konnetic/UnifySipApi/Production/Src/Konnetic Unify SIP API/Konnetic.Sip.UnitTests/bin/Debug/Konnetic.Sip.UnitTests.DLL" adapterTypeName="Microsoft.VisualStudio.TestTools.TestTypes.Unit.UnitTestAdapter, Microsoft.VisualStudio.QualityTools.Tips.UnitTest.Adapter" className="Konnetic.Sip.UnitTests.MimeVersionHeaderFieldAdapter, Konnetic.Sip.UnitTests, Version=1.0.3676.32754, Culture=neutral, PublicKeyToken=null" name="MimeVersionHeaderFieldConstructorTest" />
    </UnitTest>
    <UnitTest name="ParseTest" storage="konnetic.sip.unittests.dll" id="280a6648-e938-4c1f-ce3c-b13e8bcb95fd">
      <Css projectStructure="" iteration="" />
      <Owners>
        <Owner name="" />
      </Owners>
      <Execution id="3ecf4e5b-cbea-4904-b7fa-0fd4b471b934" />
      <TestMethod codeBase="D:/Business/Development/Konnetic/UnifySipApi/Production/Src/Konnetic Unify SIP API/Konnetic.Sip.UnitTests/bin/Debug/Konnetic.Sip.UnitTests.DLL" adapterTypeName="Microsoft.VisualStudio.TestTools.TestTypes.Unit.UnitTestAdapter, Microsoft.VisualStudio.QualityTools.Tips.UnitTest.Adapter" className="Konnetic.Sip.UnitTests.OptionHeaderFieldAdapter, Konnetic.Sip.UnitTests, Version=1.0.3676.32754, Culture=neutral, PublicKeyToken=null" name="ParseTest" />
    </UnitTest>
    <UnitTest name="HeadersTest" storage="konnetic.sip.unittests.dll" id="30092593-6f2a-0c9a-c9e7-7bfb523b090d">
      <Css projectStructure="" iteration="" />
      <Owners>
        <Owner name="" />
      </Owners>
      <DeploymentItems>
        <DeploymentItem filename="Konnetic.Sip.dll" />
      </DeploymentItems>
      <Execution id="f1303b59-9fdf-4f06-ab84-183dc5899d59" />
      <TestMethod codeBase="D:/Business/Development/Konnetic/UnifySipApi/Production/Src/Konnetic Unify SIP API/Konnetic.Sip.UnitTests/bin/Debug/Konnetic.Sip.UnitTests.DLL" adapterTypeName="Microsoft.VisualStudio.TestTools.TestTypes.Unit.UnitTestAdapter, Microsoft.VisualStudio.QualityTools.Tips.UnitTest.Adapter" className="Konnetic.Sip.UnitTests.HeaderFieldGroupAdapter, Konnetic.Sip.UnitTests, Version=1.0.3676.32754, Culture=neutral, PublicKeyToken=null" name="HeadersTest" />
    </UnitTest>
    <UnitTest name="SequenceTest2" storage="konnetic.sip.unittests.dll" id="d3322319-7dfb-78fc-e2f3-977074aa2956">
      <Css projectStructure="" iteration="" />
      <Owners>
        <Owner name="" />
      </Owners>
      <Execution id="0b147f68-84a1-499f-9f45-f8bab902dc07" />
      <TestMethod codeBase="D:/Business/Development/Konnetic/UnifySipApi/Production/Src/Konnetic Unify SIP API/Konnetic.Sip.UnitTests/bin/Debug/Konnetic.Sip.UnitTests.DLL" adapterTypeName="Microsoft.VisualStudio.TestTools.TestTypes.Unit.UnitTestAdapter, Microsoft.VisualStudio.QualityTools.Tips.UnitTest.Adapter" className="Konnetic.Sip.UnitTests.CSeqHeaderFieldAdapter, Konnetic.Sip.UnitTests, Version=1.0.3676.32754, Culture=neutral, PublicKeyToken=null" name="SequenceTest2" expectedException="Konnetic.Sip.SipOutOfRangeException, Konnetic.Sip, Version=1.0.3676.32752, Culture=neutral, PublicKeyToken=null" />
    </UnitTest>
    <UnitTest name="ContactHeaderFieldConstructorTest2" storage="konnetic.sip.unittests.dll" id="c936f60a-1609-ce20-bf50-21f8d2594c11">
      <Css projectStructure="" iteration="" />
      <Owners>
        <Owner name="" />
      </Owners>
      <Execution id="f2b5b9fa-9a48-4d9d-9605-fb4b08f774bb" />
      <TestMethod codeBase="D:/Business/Development/Konnetic/UnifySipApi/Production/Src/Konnetic Unify SIP API/Konnetic.Sip.UnitTests/bin/Debug/Konnetic.Sip.UnitTests.DLL" adapterTypeName="Microsoft.VisualStudio.TestTools.TestTypes.Unit.UnitTestAdapter, Microsoft.VisualStudio.QualityTools.Tips.UnitTest.Adapter" className="Konnetic.Sip.UnitTests.ContactHeaderFieldAdapter, Konnetic.Sip.UnitTests, Version=1.0.3676.32754, Culture=neutral, PublicKeyToken=null" name="ContactHeaderFieldConstructorTest2" />
    </UnitTest>
    <UnitTest name="ErrorHeaderFieldConstructorTest2" storage="konnetic.sip.unittests.dll" id="8b7cfd53-36dd-18ae-b319-523051717a9c">
      <Css projectStructure="" iteration="" />
      <Owners>
        <Owner name="" />
      </Owners>
      <Execution id="704fe976-b12e-4223-8b9f-2f3c35a9b2d4" />
      <TestMethod codeBase="D:/Business/Development/Konnetic/UnifySipApi/Production/Src/Konnetic Unify SIP API/Konnetic.Sip.UnitTests/bin/Debug/Konnetic.Sip.UnitTests.DLL" adapterTypeName="Microsoft.VisualStudio.TestTools.TestTypes.Unit.UnitTestAdapter, Microsoft.VisualStudio.QualityTools.Tips.UnitTest.Adapter" className="Konnetic.Sip.UnitTests.ErrorHeaderFieldAdapter, Konnetic.Sip.UnitTests, Version=1.0.3676.32754, Culture=neutral, PublicKeyToken=null" name="ErrorHeaderFieldConstructorTest2" />
    </UnitTest>
    <UnitTest name="MessageQopTest1" storage="konnetic.sip.unittests.dll" id="817064e8-5886-c8e9-c725-3c37efb1481a">
      <Css projectStructure="" iteration="" />
      <Owners>
        <Owner name="" />
      </Owners>
      <Execution id="83b7c87c-f5f4-41b1-92c8-fff3852bb86a" />
      <TestMethod codeBase="D:/Business/Development/Konnetic/UnifySipApi/Production/Src/Konnetic Unify SIP API/Konnetic.Sip.UnitTests/bin/Debug/Konnetic.Sip.UnitTests.DLL" adapterTypeName="Microsoft.VisualStudio.TestTools.TestTypes.Unit.UnitTestAdapter, Microsoft.VisualStudio.QualityTools.Tips.UnitTest.Adapter" className="Konnetic.Sip.UnitTests.ChallengeHeaderFieldAdapter, Konnetic.Sip.UnitTests, Version=1.0.3676.32754, Culture=neutral, PublicKeyToken=null" name="MessageQopTest1" />
    </UnitTest>
    <UnitTest name="VersionTest" storage="konnetic.sip.unittests.dll" id="dafaea47-3fbf-d475-22f7-9097e24c173c">
      <Css projectStructure="" iteration="" />
      <Owners>
        <Owner name="" />
      </Owners>
      <DeploymentItems>
        <DeploymentItem filename="Konnetic.Sip.dll" />
      </DeploymentItems>
      <Execution id="d0acb044-a715-4f48-9d74-1f17b5473e03" />
      <TestMethod codeBase="D:/Business/Development/Konnetic/UnifySipApi/Production/Src/Konnetic Unify SIP API/Konnetic.Sip.UnitTests/bin/Debug/Konnetic.Sip.UnitTests.DLL" adapterTypeName="Microsoft.VisualStudio.TestTools.TestTypes.Unit.UnitTestAdapter, Microsoft.VisualStudio.QualityTools.Tips.UnitTest.Adapter" className="Konnetic.Sip.UnitTests.StatusLineHeaderFieldAdapter, Konnetic.Sip.UnitTests, Version=1.0.3676.32754, Culture=neutral, PublicKeyToken=null" name="VersionTest" />
    </UnitTest>
    <UnitTest name="RealmTest2" storage="konnetic.sip.unittests.dll" id="280e1b3e-c60f-ea1a-b701-59690debb2f0">
      <Css projectStructure="" iteration="" />
      <Owners>
        <Owner name="" />
      </Owners>
      <Execution id="57b0d5eb-b3b1-424b-973a-e6889e692781" />
      <TestMethod codeBase="D:/Business/Development/Konnetic/UnifySipApi/Production/Src/Konnetic Unify SIP API/Konnetic.Sip.UnitTests/bin/Debug/Konnetic.Sip.UnitTests.DLL" adapterTypeName="Microsoft.VisualStudio.TestTools.TestTypes.Unit.UnitTestAdapter, Microsoft.VisualStudio.QualityTools.Tips.UnitTest.Adapter" className="Konnetic.Sip.UnitTests.SecurityHeaderFieldAdapter, Konnetic.Sip.UnitTests, Version=1.0.3676.32754, Culture=neutral, PublicKeyToken=null" name="RealmTest2" />
    </UnitTest>
    <UnitTest name="DateHeaderFieldConstructorTest1" storage="konnetic.sip.unittests.dll" id="6e7e5746-d77a-a570-e1b2-1f3692d4d4fe">
      <Css projectStructure="" iteration="" />
      <Owners>
        <Owner name="" />
      </Owners>
      <Execution id="3eb19acc-5840-49f0-9168-24d08b162485" />
      <TestMethod codeBase="D:/Business/Development/Konnetic/UnifySipApi/Production/Src/Konnetic Unify SIP API/Konnetic.Sip.UnitTests/bin/Debug/Konnetic.Sip.UnitTests.DLL" adapterTypeName="Microsoft.VisualStudio.TestTools.TestTypes.Unit.UnitTestAdapter, Microsoft.VisualStudio.QualityTools.Tips.UnitTest.Adapter" className="Konnetic.Sip.UnitTests.DateHeaderFieldAdapter, Konnetic.Sip.UnitTests, Version=1.0.3676.32754, Culture=neutral, PublicKeyToken=null" name="DateHeaderFieldConstructorTest1" />
    </UnitTest>
    <UnitTest name="HttpUriTest" storage="konnetic.sip.unittests.dll" id="9a9add79-fb2d-e1d7-5ece-8ea15ba85a0b">
      <Css projectStructure="" iteration="" />
      <Owners>
        <Owner name="" />
      </Owners>
      <Execution id="80b3d43b-9b2a-4b16-bed3-95f683cadbb1" />
      <TestMethod codeBase="D:/Business/Development/Konnetic/UnifySipApi/Production/Src/Konnetic Unify SIP API/Konnetic.Sip.UnitTests/bin/Debug/Konnetic.Sip.UnitTests.DLL" adapterTypeName="Microsoft.VisualStudio.TestTools.TestTypes.Unit.UnitTestAdapter, Microsoft.VisualStudio.QualityTools.Tips.UnitTest.Adapter" className="Konnetic.Sip.UnitTests.HttpUriHeaderFieldAdapter, Konnetic.Sip.UnitTests, Version=1.0.3676.32754, Culture=neutral, PublicKeyToken=null" name="HttpUriTest" />
    </UnitTest>
    <UnitTest name="GenericHeaderFieldConstructorTesta" storage="konnetic.sip.unittests.dll" id="a69e6755-130f-e1cf-480b-01ac27a59c0b">
      <Css projectStructure="" iteration="" />
      <Owners>
        <Owner name="" />
      </Owners>
      <Execution id="c3044475-847c-46e1-9aca-2ac57a6d9604" />
      <TestMethod codeBase="D:/Business/Development/Konnetic/UnifySipApi/Production/Src/Konnetic Unify SIP API/Konnetic.Sip.UnitTests/bin/Debug/Konnetic.Sip.UnitTests.DLL" adapterTypeName="Microsoft.VisualStudio.TestTools.TestTypes.Unit.UnitTestAdapter, Microsoft.VisualStudio.QualityTools.Tips.UnitTest.Adapter" className="Konnetic.Sip.UnitTests.GenericHeaderFieldAdapter, Konnetic.Sip.UnitTests, Version=1.0.3676.32754, Culture=neutral, PublicKeyToken=null" name="GenericHeaderFieldConstructorTesta" expectedException="System.ArgumentException, mscorlib, Version=2.0.0.0, Culture=neutral, PublicKeyToken=b77a5c561934e089" />
    </UnitTest>
    <UnitTest name="ParseTest" storage="konnetic.sip.unittests.dll" id="ea63fe3f-8816-3cc7-9f19-a8d4b2ffb6cb">
      <Css projectStructure="" iteration="" />
      <Owners>
        <Owner name="" />
      </Owners>
      <Execution id="5b5485bf-64cd-4325-b214-000d3554c974" />
      <TestMethod codeBase="D:/Business/Development/Konnetic/UnifySipApi/Production/Src/Konnetic Unify SIP API/Konnetic.Sip.UnitTests/bin/Debug/Konnetic.Sip.UnitTests.DLL" adapterTypeName="Microsoft.VisualStudio.TestTools.TestTypes.Unit.UnitTestAdapter, Microsoft.VisualStudio.QualityTools.Tips.UnitTest.Adapter" className="Konnetic.Sip.UnitTests.ParamatizedHeaderFieldAdapter, Konnetic.Sip.UnitTests, Version=1.0.3676.32754, Culture=neutral, PublicKeyToken=null" name="ParseTest" />
    </UnitTest>
    <UnitTest name="SecondsTest2" storage="konnetic.sip.unittests.dll" id="d338e8a8-3f1a-d9de-fd64-3c62d44f7fcb">
      <Css projectStructure="" iteration="" />
      <Owners>
        <Owner name="" />
      </Owners>
      <Execution id="71d43f74-a885-4bf0-8f16-66a0dfff3454" />
      <TestMethod codeBase="D:/Business/Development/Konnetic/UnifySipApi/Production/Src/Konnetic Unify SIP API/Konnetic.Sip.UnitTests/bin/Debug/Konnetic.Sip.UnitTests.DLL" adapterTypeName="Microsoft.VisualStudio.TestTools.TestTypes.Unit.UnitTestAdapter, Microsoft.VisualStudio.QualityTools.Tips.UnitTest.Adapter" className="Konnetic.Sip.UnitTests.SecondsHeaderFieldAdapter, Konnetic.Sip.UnitTests, Version=1.0.3676.32754, Culture=neutral, PublicKeyToken=null" name="SecondsTest2" expectedException="Konnetic.Sip.SipOutOfRangeException, Konnetic.Sip, Version=1.0.3676.32752, Culture=neutral, PublicKeyToken=null" />
    </UnitTest>
    <UnitTest name="ParametersTest" storage="konnetic.sip.unittests.dll" id="9a43ccab-b0e3-47fd-c5a4-62289e6be33a">
      <Css projectStructure="" iteration="" />
      <Owners>
        <Owner name="" />
      </Owners>
      <Execution id="8e8c81a4-0bfb-41d1-abcd-d605a6e74804" />
      <TestMethod codeBase="D:/Business/Development/Konnetic/UnifySipApi/Production/Src/Konnetic Unify SIP API/Konnetic.Sip.UnitTests/bin/Debug/Konnetic.Sip.UnitTests.DLL" adapterTypeName="Microsoft.VisualStudio.TestTools.TestTypes.Unit.UnitTestAdapter, Microsoft.VisualStudio.QualityTools.Tips.UnitTest.Adapter" className="Konnetic.Sip.UnitTests.ParamatizedHeaderFieldAdapter, Konnetic.Sip.UnitTests, Version=1.0.3676.32754, Culture=neutral, PublicKeyToken=null" name="ParametersTest" />
    </UnitTest>
    <UnitTest name="CloneTest" storage="konnetic.sip.unittests.dll" id="6ce770ec-1443-25af-7eeb-954bddb67e57">
      <Css projectStructure="" iteration="" />
      <Owners>
        <Owner name="" />
      </Owners>
      <Execution id="6d7fbebc-3a18-45b4-879a-108ff1e79035" />
      <TestMethod codeBase="D:/Business/Development/Konnetic/UnifySipApi/Production/Src/Konnetic Unify SIP API/Konnetic.Sip.UnitTests/bin/Debug/Konnetic.Sip.UnitTests.DLL" adapterTypeName="Microsoft.VisualStudio.TestTools.TestTypes.Unit.UnitTestAdapter, Microsoft.VisualStudio.QualityTools.Tips.UnitTest.Adapter" className="Konnetic.Sip.UnitTests.MinExpiresHeaderFieldAdapter, Konnetic.Sip.UnitTests, Version=1.0.3676.32754, Culture=neutral, PublicKeyToken=null" name="CloneTest" />
    </UnitTest>
    <UnitTest name="FieldValueTest" storage="konnetic.sip.unittests.dll" id="1c9ab6fe-369f-fc97-dc6a-6306f610a6c1">
      <Css projectStructure="" iteration="" />
      <Owners>
        <Owner name="" />
      </Owners>
      <Execution id="e91b29d0-e25e-41c9-af5c-1fd2553255ee" />
      <TestMethod codeBase="D:/Business/Development/Konnetic/UnifySipApi/Production/Src/Konnetic Unify SIP API/Konnetic.Sip.UnitTests/bin/Debug/Konnetic.Sip.UnitTests.DLL" adapterTypeName="Microsoft.VisualStudio.TestTools.TestTypes.Unit.UnitTestAdapter, Microsoft.VisualStudio.QualityTools.Tips.UnitTest.Adapter" className="Konnetic.Sip.UnitTests.HeaderFieldBaseAdapter, Konnetic.Sip.UnitTests, Version=1.0.3676.32754, Culture=neutral, PublicKeyToken=null" name="FieldValueTest" />
    </UnitTest>
    <UnitTest name="ToTest" storage="konnetic.sip.unittests.dll" id="5f4b1f5d-420e-0c6d-bb02-fdc3d866c376">
      <Css projectStructure="" iteration="" />
      <Owners>
        <Owner name="" />
      </Owners>
      <Execution id="0569014d-07bc-4a70-8e80-2341a8cac2b6" />
      <TestMethod codeBase="D:/Business/Development/Konnetic/UnifySipApi/Production/Src/Konnetic Unify SIP API/Konnetic.Sip.UnitTests/bin/Debug/Konnetic.Sip.UnitTests.DLL" adapterTypeName="Microsoft.VisualStudio.TestTools.TestTypes.Unit.UnitTestAdapter, Microsoft.VisualStudio.QualityTools.Tips.UnitTest.Adapter" className="Konnetic.Sip.UnitTests.InviteAdapter, Konnetic.Sip.UnitTests, Version=1.0.3676.32754, Culture=neutral, PublicKeyToken=null" name="ToTest" />
    </UnitTest>
    <UnitTest name="EqualsTest2" storage="konnetic.sip.unittests.dll" id="f7c52dcd-ea19-91d1-45fd-48dfb8bbe19e">
      <Css projectStructure="" iteration="" />
      <Owners>
        <Owner name="" />
      </Owners>
      <Execution id="61636525-d981-4d6b-b23e-1d49e0140745" />
      <TestMethod codeBase="D:/Business/Development/Konnetic/UnifySipApi/Production/Src/Konnetic Unify SIP API/Konnetic.Sip.UnitTests/bin/Debug/Konnetic.Sip.UnitTests.DLL" adapterTypeName="Microsoft.VisualStudio.TestTools.TestTypes.Unit.UnitTestAdapter, Microsoft.VisualStudio.QualityTools.Tips.UnitTest.Adapter" className="Konnetic.Sip.UnitTests.SecondsHeaderFieldAdapter, Konnetic.Sip.UnitTests, Version=1.0.3676.32754, Culture=neutral, PublicKeyToken=null" name="EqualsTest2" />
    </UnitTest>
    <UnitTest name="ReplyToHeaderFieldConstructorTest" storage="konnetic.sip.unittests.dll" id="53b07533-d29d-27c7-3b3e-cdbc127a73ff">
      <Css projectStructure="" iteration="" />
      <Owners>
        <Owner name="" />
      </Owners>
      <Execution id="8837c750-82fb-4f84-b7b0-d7f4c76bd95c" />
      <TestMethod codeBase="D:/Business/Development/Konnetic/UnifySipApi/Production/Src/Konnetic Unify SIP API/Konnetic.Sip.UnitTests/bin/Debug/Konnetic.Sip.UnitTests.DLL" adapterTypeName="Microsoft.VisualStudio.TestTools.TestTypes.Unit.UnitTestAdapter, Microsoft.VisualStudio.QualityTools.Tips.UnitTest.Adapter" className="Konnetic.Sip.UnitTests.ReplyToHeaderFieldAdapter, Konnetic.Sip.UnitTests, Version=1.0.3676.32754, Culture=neutral, PublicKeyToken=null" name="ReplyToHeaderFieldConstructorTest" />
    </UnitTest>
    <UnitTest name="ContainsTest1a" storage="konnetic.sip.unittests.dll" id="4dffc473-738c-6906-b3e2-2b42efb8e067">
      <Css projectStructure="" iteration="" />
      <Owners>
        <Owner name="" />
      </Owners>
      <Execution id="9e6cc91c-5544-4858-a88c-af956d6fa379" />
      <TestMethod codeBase="D:/Business/Development/Konnetic/UnifySipApi/Production/Src/Konnetic Unify SIP API/Konnetic.Sip.UnitTests/bin/Debug/Konnetic.Sip.UnitTests.DLL" adapterTypeName="Microsoft.VisualStudio.TestTools.TestTypes.Unit.UnitTestAdapter, Microsoft.VisualStudio.QualityTools.Tips.UnitTest.Adapter" className="Konnetic.Sip.UnitTests.HeaderFieldCollectionAdapter, Konnetic.Sip.UnitTests, Version=1.0.3676.32754, Culture=neutral, PublicKeyToken=null" name="ContainsTest1a" expectedException="System.ArgumentNullException, mscorlib, Version=2.0.0.0, Culture=neutral, PublicKeyToken=b77a5c561934e089" />
    </UnitTest>
    <UnitTest name="GetStringValueTest" storage="konnetic.sip.unittests.dll" id="7bb2468a-03f8-2342-b47c-1455acb5e208">
      <Css projectStructure="" iteration="" />
      <Owners>
        <Owner name="" />
      </Owners>
      <Execution id="7e1bc1a1-7e78-4696-af54-888755034436" />
      <TestMethod codeBase="D:/Business/Development/Konnetic/UnifySipApi/Production/Src/Konnetic Unify SIP API/Konnetic.Sip.UnitTests/bin/Debug/Konnetic.Sip.UnitTests.DLL" adapterTypeName="Microsoft.VisualStudio.TestTools.TestTypes.Unit.UnitTestAdapter, Microsoft.VisualStudio.QualityTools.Tips.UnitTest.Adapter" className="Konnetic.Sip.UnitTests.TimestampHeaderFieldAdapter, Konnetic.Sip.UnitTests, Version=1.0.3676.32754, Culture=neutral, PublicKeyToken=null" name="GetStringValueTest" />
    </UnitTest>
    <UnitTest name="WwwAuthenticateHeaderFieldConstructorTest1" storage="konnetic.sip.unittests.dll" id="0de0e096-da85-a3c9-9b80-e7ca19a1a934">
      <Css projectStructure="" iteration="" />
      <Owners>
        <Owner name="" />
      </Owners>
      <Execution id="9d311cdf-9046-4501-999f-968bce3aa89d" />
      <TestMethod codeBase="D:/Business/Development/Konnetic/UnifySipApi/Production/Src/Konnetic Unify SIP API/Konnetic.Sip.UnitTests/bin/Debug/Konnetic.Sip.UnitTests.DLL" adapterTypeName="Microsoft.VisualStudio.TestTools.TestTypes.Unit.UnitTestAdapter, Microsoft.VisualStudio.QualityTools.Tips.UnitTest.Adapter" className="Konnetic.Sip.UnitTests.WwwAuthenticateHeaderFieldAdapter, Konnetic.Sip.UnitTests, Version=1.0.3676.32754, Culture=neutral, PublicKeyToken=null" name="WwwAuthenticateHeaderFieldConstructorTest1" />
    </UnitTest>
    <UnitTest name="SchemeTest" storage="konnetic.sip.unittests.dll" id="2f9b1bb9-5b7e-e32c-f659-1c4d6c66a5d8">
      <Css projectStructure="" iteration="" />
      <Owners>
        <Owner name="" />
      </Owners>
      <DeploymentItems>
        <DeploymentItem filename="Konnetic.Sip.dll" />
      </DeploymentItems>
      <Execution id="f0fb762f-e75d-45d3-aa4c-9d30147fac09" />
      <TestMethod codeBase="D:/Business/Development/Konnetic/UnifySipApi/Production/Src/Konnetic Unify SIP API/Konnetic.Sip.UnitTests/bin/Debug/Konnetic.Sip.UnitTests.DLL" adapterTypeName="Microsoft.VisualStudio.TestTools.TestTypes.Unit.UnitTestAdapter, Microsoft.VisualStudio.QualityTools.Tips.UnitTest.Adapter" className="Konnetic.Sip.UnitTests.SecurityHeaderFieldAdapter, Konnetic.Sip.UnitTests, Version=1.0.3676.32754, Culture=neutral, PublicKeyToken=null" name="SchemeTest" />
    </UnitTest>
    <UnitTest name="CloneTest" storage="konnetic.sip.unittests.dll" id="bf36685a-bc53-21ba-e0df-18005a377685">
      <Css projectStructure="" iteration="" />
      <Owners>
        <Owner name="" />
      </Owners>
      <Execution id="f9b69e65-1f98-420b-a3ee-b554b9d201e0" />
      <TestMethod codeBase="D:/Business/Development/Konnetic/UnifySipApi/Production/Src/Konnetic Unify SIP API/Konnetic.Sip.UnitTests/bin/Debug/Konnetic.Sip.UnitTests.DLL" adapterTypeName="Microsoft.VisualStudio.TestTools.TestTypes.Unit.UnitTestAdapter, Microsoft.VisualStudio.QualityTools.Tips.UnitTest.Adapter" className="Konnetic.Sip.UnitTests.StatusLineHeaderFieldAdapter, Konnetic.Sip.UnitTests, Version=1.0.3676.32754, Culture=neutral, PublicKeyToken=null" name="CloneTest" />
    </UnitTest>
    <UnitTest name="ParseTest" storage="konnetic.sip.unittests.dll" id="e9cb9147-f916-cf17-8be2-8b46b302a392">
      <Css projectStructure="" iteration="" />
      <Owners>
        <Owner name="" />
      </Owners>
      <Execution id="b7356531-14ca-45b0-b047-87c57ffb7fe7" />
      <TestMethod codeBase="D:/Business/Development/Konnetic/UnifySipApi/Production/Src/Konnetic Unify SIP API/Konnetic.Sip.UnitTests/bin/Debug/Konnetic.Sip.UnitTests.DLL" adapterTypeName="Microsoft.VisualStudio.TestTools.TestTypes.Unit.UnitTestAdapter, Microsoft.VisualStudio.QualityTools.Tips.UnitTest.Adapter" className="Konnetic.Sip.UnitTests.ToHeaderFieldAdapter, Konnetic.Sip.UnitTests, Version=1.0.3676.32754, Culture=neutral, PublicKeyToken=null" name="ParseTest" />
    </UnitTest>
    <UnitTest name="EqualsTest2" storage="konnetic.sip.unittests.dll" id="f3f97917-e29b-3cb6-e8e9-5220d867f27a">
      <Css projectStructure="" iteration="" />
      <Owners>
        <Owner name="" />
      </Owners>
      <Execution id="75a74a5f-a6cf-4496-a8bb-0a05227cb807" />
      <TestMethod codeBase="D:/Business/Development/Konnetic/UnifySipApi/Production/Src/Konnetic Unify SIP API/Konnetic.Sip.UnitTests/bin/Debug/Konnetic.Sip.UnitTests.DLL" adapterTypeName="Microsoft.VisualStudio.TestTools.TestTypes.Unit.UnitTestAdapter, Microsoft.VisualStudio.QualityTools.Tips.UnitTest.Adapter" className="Konnetic.Sip.UnitTests.AcceptEncodingHeaderFieldAdapter, Konnetic.Sip.UnitTests, Version=1.0.3676.32754, Culture=neutral, PublicKeyToken=null" name="EqualsTest2" />
    </UnitTest>
    <UnitTest name="ToStringTest1" storage="konnetic.sip.unittests.dll" id="2222dbfa-3daf-0b63-bdcf-4870eeef6e3b">
      <Css projectStructure="" iteration="" />
      <Owners>
        <Owner name="" />
      </Owners>
      <Execution id="2e1808bc-b4cd-4265-9c45-1891d43b9dfe" />
      <TestMethod codeBase="D:/Business/Development/Konnetic/UnifySipApi/Production/Src/Konnetic Unify SIP API/Konnetic.Sip.UnitTests/bin/Debug/Konnetic.Sip.UnitTests.DLL" adapterTypeName="Microsoft.VisualStudio.TestTools.TestTypes.Unit.UnitTestAdapter, Microsoft.VisualStudio.QualityTools.Tips.UnitTest.Adapter" className="Konnetic.Sip.UnitTests.ParamatizedHeaderFieldAdapter, Konnetic.Sip.UnitTests, Version=1.0.3676.32754, Culture=neutral, PublicKeyToken=null" name="ToStringTest1" />
    </UnitTest>
    <UnitTest name="IsValidTest" storage="konnetic.sip.unittests.dll" id="9213ef96-3fe8-13eb-42ad-b4718cf46a65">
      <Css projectStructure="" iteration="" />
      <Owners>
        <Owner name="" />
      </Owners>
      <Execution id="817715b1-c226-42a5-9aad-eebbb7885a2f" />
      <TestMethod codeBase="D:/Business/Development/Konnetic/UnifySipApi/Production/Src/Konnetic Unify SIP API/Konnetic.Sip.UnitTests/bin/Debug/Konnetic.Sip.UnitTests.DLL" adapterTypeName="Microsoft.VisualStudio.TestTools.TestTypes.Unit.UnitTestAdapter, Microsoft.VisualStudio.QualityTools.Tips.UnitTest.Adapter" className="Konnetic.Sip.UnitTests.SecurityHeaderFieldBaseAdapter, Konnetic.Sip.UnitTests, Version=1.0.3676.32754, Culture=neutral, PublicKeyToken=null" name="IsValidTest" />
    </UnitTest>
    <UnitTest name="RemoveTest" storage="konnetic.sip.unittests.dll" id="f6a3f83b-588e-a90f-7929-af2f7181a64a">
      <Css projectStructure="" iteration="" />
      <Owners>
        <Owner name="" />
      </Owners>
      <Execution id="511314e0-009b-4499-8c68-ddc11153dad9" />
      <TestMethod codeBase="D:/Business/Development/Konnetic/UnifySipApi/Production/Src/Konnetic Unify SIP API/Konnetic.Sip.UnitTests/bin/Debug/Konnetic.Sip.UnitTests.DLL" adapterTypeName="Microsoft.VisualStudio.TestTools.TestTypes.Unit.UnitTestAdapter, Microsoft.VisualStudio.QualityTools.Tips.UnitTest.Adapter" className="Konnetic.Sip.UnitTests.HeaderFieldCollectionAdapter, Konnetic.Sip.UnitTests, Version=1.0.3676.32754, Culture=neutral, PublicKeyToken=null" name="RemoveTest" />
    </UnitTest>
    <UnitTest name="LengthTest1" storage="konnetic.sip.unittests.dll" id="da12012f-0c55-0fc0-7569-852d16e7e798">
      <Css projectStructure="" iteration="" />
      <Owners>
        <Owner name="" />
      </Owners>
      <Execution id="ad11e9e7-4fb9-404e-a95e-04cbe8eb1497" />
      <TestMethod codeBase="D:/Business/Development/Konnetic/UnifySipApi/Production/Src/Konnetic Unify SIP API/Konnetic.Sip.UnitTests/bin/Debug/Konnetic.Sip.UnitTests.DLL" adapterTypeName="Microsoft.VisualStudio.TestTools.TestTypes.Unit.UnitTestAdapter, Microsoft.VisualStudio.QualityTools.Tips.UnitTest.Adapter" className="Konnetic.Sip.UnitTests.ContentLengthHeaderFieldAdapter, Konnetic.Sip.UnitTests, Version=1.0.3676.32754, Culture=neutral, PublicKeyToken=null" name="LengthTest1" />
    </UnitTest>
    <UnitTest name="EqualsTest" storage="konnetic.sip.unittests.dll" id="9bbffa2f-b0eb-21cf-169f-1e725920b104">
      <Css projectStructure="" iteration="" />
      <Owners>
        <Owner name="" />
      </Owners>
      <Execution id="6ec4560d-4255-4dba-886f-4bfe0be42d22" />
      <TestMethod codeBase="D:/Business/Development/Konnetic/UnifySipApi/Production/Src/Konnetic Unify SIP API/Konnetic.Sip.UnitTests/bin/Debug/Konnetic.Sip.UnitTests.DLL" adapterTypeName="Microsoft.VisualStudio.TestTools.TestTypes.Unit.UnitTestAdapter, Microsoft.VisualStudio.QualityTools.Tips.UnitTest.Adapter" className="Konnetic.Sip.UnitTests.ReplyToHeaderFieldAdapter, Konnetic.Sip.UnitTests, Version=1.0.3676.32754, Culture=neutral, PublicKeyToken=null" name="EqualsTest" />
    </UnitTest>
    <UnitTest name="MediaSubTypeTest" storage="konnetic.sip.unittests.dll" id="6c61836e-9058-4667-11e4-a13277c06c95">
      <Css projectStructure="" iteration="" />
      <Owners>
        <Owner name="" />
      </Owners>
      <Execution id="c7c5b7b2-776b-41b5-a7d6-3b920761e0f5" />
      <TestMethod codeBase="D:/Business/Development/Konnetic/UnifySipApi/Production/Src/Konnetic Unify SIP API/Konnetic.Sip.UnitTests/bin/Debug/Konnetic.Sip.UnitTests.DLL" adapterTypeName="Microsoft.VisualStudio.TestTools.TestTypes.Unit.UnitTestAdapter, Microsoft.VisualStudio.QualityTools.Tips.UnitTest.Adapter" className="Konnetic.Sip.UnitTests.MediaTypeHeaderFieldAdapter, Konnetic.Sip.UnitTests, Version=1.0.3676.32754, Culture=neutral, PublicKeyToken=null" name="MediaSubTypeTest" />
    </UnitTest>
    <UnitTest name="AuthorizationHeaderFieldConstructorTest1" storage="konnetic.sip.unittests.dll" id="53fdcf4d-8752-94e5-f9e1-a193818a7871">
      <Css projectStructure="" iteration="" />
      <Owners>
        <Owner name="" />
      </Owners>
      <Execution id="4f84a61a-9013-4132-a142-c8f71bbe9bd2" />
      <TestMethod codeBase="D:/Business/Development/Konnetic/UnifySipApi/Production/Src/Konnetic Unify SIP API/Konnetic.Sip.UnitTests/bin/Debug/Konnetic.Sip.UnitTests.DLL" adapterTypeName="Microsoft.VisualStudio.TestTools.TestTypes.Unit.UnitTestAdapter, Microsoft.VisualStudio.QualityTools.Tips.UnitTest.Adapter" className="Konnetic.Sip.UnitTests.AuthorizationHeaderFieldAdapter, Konnetic.Sip.UnitTests, Version=1.0.3676.32754, Culture=neutral, PublicKeyToken=null" name="AuthorizationHeaderFieldConstructorTest1" />
    </UnitTest>
    <UnitTest name="ParseTest" storage="konnetic.sip.unittests.dll" id="d4cf1168-c921-0ad5-8ffa-a9c44fac2942">
      <Css projectStructure="" iteration="" />
      <Owners>
        <Owner name="" />
      </Owners>
      <Execution id="81309f1e-3876-49dd-be6d-7f0dd15ec29f" />
      <TestMethod codeBase="D:/Business/Development/Konnetic/UnifySipApi/Production/Src/Konnetic Unify SIP API/Konnetic.Sip.UnitTests/bin/Debug/Konnetic.Sip.UnitTests.DLL" adapterTypeName="Microsoft.VisualStudio.TestTools.TestTypes.Unit.UnitTestAdapter, Microsoft.VisualStudio.QualityTools.Tips.UnitTest.Adapter" className="Konnetic.Sip.UnitTests.MinExpiresHeaderFieldAdapter, Konnetic.Sip.UnitTests, Version=1.0.3676.32754, Culture=neutral, PublicKeyToken=null" name="ParseTest" />
    </UnitTest>
    <UnitTest name="QValueTest" storage="konnetic.sip.unittests.dll" id="fba3950c-6521-b56d-9781-70ab5d274fba">
      <Css projectStructure="" iteration="" />
      <Owners>
        <Owner name="" />
      </Owners>
      <Execution id="8e11d397-3cd3-44dd-934b-6db4d0ec9476" />
      <TestMethod codeBase="D:/Business/Development/Konnetic/UnifySipApi/Production/Src/Konnetic Unify SIP API/Konnetic.Sip.UnitTests/bin/Debug/Konnetic.Sip.UnitTests.DLL" adapterTypeName="Microsoft.VisualStudio.TestTools.TestTypes.Unit.UnitTestAdapter, Microsoft.VisualStudio.QualityTools.Tips.UnitTest.Adapter" className="Konnetic.Sip.UnitTests.AcceptLanguageHeaderFieldAdapter, Konnetic.Sip.UnitTests, Version=1.0.3676.32754, Culture=neutral, PublicKeyToken=null" name="QValueTest" />
    </UnitTest>
    <UnitTest name="IsValidTest" storage="konnetic.sip.unittests.dll" id="82084a40-5af4-73ba-c8b2-26671c663373">
      <Css projectStructure="" iteration="" />
      <Owners>
        <Owner name="" />
      </Owners>
      <Execution id="dadbd8a0-b77e-4c31-aa68-e385d8f4135d" />
      <TestMethod codeBase="D:/Business/Development/Konnetic/UnifySipApi/Production/Src/Konnetic Unify SIP API/Konnetic.Sip.UnitTests/bin/Debug/Konnetic.Sip.UnitTests.DLL" adapterTypeName="Microsoft.VisualStudio.TestTools.TestTypes.Unit.UnitTestAdapter, Microsoft.VisualStudio.QualityTools.Tips.UnitTest.Adapter" className="Konnetic.Sip.UnitTests.MediaTypeHeaderFieldAdapter, Konnetic.Sip.UnitTests, Version=1.0.3676.32754, Culture=neutral, PublicKeyToken=null" name="IsValidTest" />
    </UnitTest>
    <UnitTest name="SupportedHeaderFieldConstructorTest" storage="konnetic.sip.unittests.dll" id="e3cfeafa-6b45-b8c4-84c1-7e8f0a9f48ce">
      <Css projectStructure="" iteration="" />
      <Owners>
        <Owner name="" />
      </Owners>
      <Execution id="af0f27b6-daaa-40e7-8a78-9b0bb80e7f27" />
      <TestMethod codeBase="D:/Business/Development/Konnetic/UnifySipApi/Production/Src/Konnetic Unify SIP API/Konnetic.Sip.UnitTests/bin/Debug/Konnetic.Sip.UnitTests.DLL" adapterTypeName="Microsoft.VisualStudio.TestTools.TestTypes.Unit.UnitTestAdapter, Microsoft.VisualStudio.QualityTools.Tips.UnitTest.Adapter" className="Konnetic.Sip.UnitTests.SupportedHeaderFieldAdapter, Konnetic.Sip.UnitTests, Version=1.0.3676.32754, Culture=neutral, PublicKeyToken=null" name="SupportedHeaderFieldConstructorTest" />
    </UnitTest>
    <UnitTest name="CloneTest" storage="konnetic.sip.unittests.dll" id="06e8262b-ee4b-6bad-9fea-064065b62594">
      <Css projectStructure="" iteration="" />
      <Owners>
        <Owner name="" />
      </Owners>
      <Execution id="04a9698f-f3b8-41c2-98ed-18ea5a6636fa" />
      <TestMethod codeBase="D:/Business/Development/Konnetic/UnifySipApi/Production/Src/Konnetic Unify SIP API/Konnetic.Sip.UnitTests/bin/Debug/Konnetic.Sip.UnitTests.DLL" adapterTypeName="Microsoft.VisualStudio.TestTools.TestTypes.Unit.UnitTestAdapter, Microsoft.VisualStudio.QualityTools.Tips.UnitTest.Adapter" className="Konnetic.Sip.UnitTests.ProxyAuthorizationHeaderFieldAdapter, Konnetic.Sip.UnitTests, Version=1.0.3676.32754, Culture=neutral, PublicKeyToken=null" name="CloneTest" />
    </UnitTest>
    <UnitTest name="EqualsTest2" storage="konnetic.sip.unittests.dll" id="f6367e15-0a2e-a08e-cf98-c8bee7704f8f">
      <Css projectStructure="" iteration="" />
      <Owners>
        <Owner name="" />
      </Owners>
      <Execution id="79830378-d615-4d84-8bac-536077f1220c" />
      <TestMethod codeBase="D:/Business/Development/Konnetic/UnifySipApi/Production/Src/Konnetic Unify SIP API/Konnetic.Sip.UnitTests/bin/Debug/Konnetic.Sip.UnitTests.DLL" adapterTypeName="Microsoft.VisualStudio.TestTools.TestTypes.Unit.UnitTestAdapter, Microsoft.VisualStudio.QualityTools.Tips.UnitTest.Adapter" className="Konnetic.Sip.UnitTests.FromHeaderFieldAdapter, Konnetic.Sip.UnitTests, Version=1.0.3676.32754, Culture=neutral, PublicKeyToken=null" name="EqualsTest2" />
    </UnitTest>
    <UnitTest name="TimeToLiveTest1" storage="konnetic.sip.unittests.dll" id="e9a9bf2d-a705-e390-7215-4ac9ea87aecc">
      <Css projectStructure="" iteration="" />
      <Owners>
        <Owner name="" />
      </Owners>
      <Execution id="b3496b7e-55fd-42b4-8d75-ac168ee541c2" />
      <TestMethod codeBase="D:/Business/Development/Konnetic/UnifySipApi/Production/Src/Konnetic Unify SIP API/Konnetic.Sip.UnitTests/bin/Debug/Konnetic.Sip.UnitTests.DLL" adapterTypeName="Microsoft.VisualStudio.TestTools.TestTypes.Unit.UnitTestAdapter, Microsoft.VisualStudio.QualityTools.Tips.UnitTest.Adapter" className="Konnetic.Sip.UnitTests.SipUriAdapter, Konnetic.Sip.UnitTests, Version=1.0.3676.32754, Culture=neutral, PublicKeyToken=null" name="TimeToLiveTest1" expectedException="Konnetic.Sip.SipOutOfRangeException, Konnetic.Sip, Version=1.0.3676.32752, Culture=neutral, PublicKeyToken=null" />
    </UnitTest>
    <UnitTest name="CallIdHeaderFieldConstructorTest" storage="konnetic.sip.unittests.dll" id="fcc674ae-ddfd-443f-c462-a054f8d7c32b">
      <Css projectStructure="" iteration="" />
      <Owners>
        <Owner name="" />
      </Owners>
      <Execution id="d821d9f3-8fd3-408f-bb1a-6fbfdb92a4fa" />
      <TestMethod codeBase="D:/Business/Development/Konnetic/UnifySipApi/Production/Src/Konnetic Unify SIP API/Konnetic.Sip.UnitTests/bin/Debug/Konnetic.Sip.UnitTests.DLL" adapterTypeName="Microsoft.VisualStudio.TestTools.TestTypes.Unit.UnitTestAdapter, Microsoft.VisualStudio.QualityTools.Tips.UnitTest.Adapter" className="Konnetic.Sip.UnitTests.CallIdHeaderFieldAdapter, Konnetic.Sip.UnitTests, Version=1.0.3676.32754, Culture=neutral, PublicKeyToken=null" name="CallIdHeaderFieldConstructorTest" />
    </UnitTest>
    <UnitTest name="TimeToLiveTest4" storage="konnetic.sip.unittests.dll" id="b66c4ad3-e118-bc40-6386-4737d23a6276">
      <Css projectStructure="" iteration="" />
      <Owners>
        <Owner name="" />
      </Owners>
      <Execution id="a73d1b77-7fe6-46ee-bfec-a801aff29e2b" />
      <TestMethod codeBase="D:/Business/Development/Konnetic/UnifySipApi/Production/Src/Konnetic Unify SIP API/Konnetic.Sip.UnitTests/bin/Debug/Konnetic.Sip.UnitTests.DLL" adapterTypeName="Microsoft.VisualStudio.TestTools.TestTypes.Unit.UnitTestAdapter, Microsoft.VisualStudio.QualityTools.Tips.UnitTest.Adapter" className="Konnetic.Sip.UnitTests.SipUriAdapter, Konnetic.Sip.UnitTests, Version=1.0.3676.32754, Culture=neutral, PublicKeyToken=null" name="TimeToLiveTest4" expectedException="Konnetic.Sip.SipUriFormatException, Konnetic.Sip, Version=1.0.3676.32752, Culture=neutral, PublicKeyToken=null" />
    </UnitTest>
    <UnitTest name="GetStringValueTest" storage="konnetic.sip.unittests.dll" id="fe75ad5d-59de-a5e9-8458-3383e268c8fe">
      <Css projectStructure="" iteration="" />
      <Owners>
        <Owner name="" />
      </Owners>
      <Execution id="12424fbf-515b-4106-9d32-f8194512c3d7" />
      <TestMethod codeBase="D:/Business/Development/Konnetic/UnifySipApi/Production/Src/Konnetic Unify SIP API/Konnetic.Sip.UnitTests/bin/Debug/Konnetic.Sip.UnitTests.DLL" adapterTypeName="Microsoft.VisualStudio.TestTools.TestTypes.Unit.UnitTestAdapter, Microsoft.VisualStudio.QualityTools.Tips.UnitTest.Adapter" className="Konnetic.Sip.UnitTests.AllowHeaderFieldAdapter, Konnetic.Sip.UnitTests, Version=1.0.3676.32754, Culture=neutral, PublicKeyToken=null" name="GetStringValueTest" />
    </UnitTest>
    <UnitTest name="CloneTest" storage="konnetic.sip.unittests.dll" id="810bf624-e530-3e28-8468-8b2daae6f8e8">
      <Css projectStructure="" iteration="" />
      <Owners>
        <Owner name="" />
      </Owners>
      <Execution id="93515dcd-de1f-4e42-9887-14fed87ce7e6" />
      <TestMethod codeBase="D:/Business/Development/Konnetic/UnifySipApi/Production/Src/Konnetic Unify SIP API/Konnetic.Sip.UnitTests/bin/Debug/Konnetic.Sip.UnitTests.DLL" adapterTypeName="Microsoft.VisualStudio.TestTools.TestTypes.Unit.UnitTestAdapter, Microsoft.VisualStudio.QualityTools.Tips.UnitTest.Adapter" className="Konnetic.Sip.UnitTests.AcceptHeaderFieldAdapter, Konnetic.Sip.UnitTests, Version=1.0.3676.32754, Culture=neutral, PublicKeyToken=null" name="CloneTest" />
    </UnitTest>
    <UnitTest name="QValueTest" storage="konnetic.sip.unittests.dll" id="aa3968af-95f9-708a-2563-0bd51a5fd41e">
      <Css projectStructure="" iteration="" />
      <Owners>
        <Owner name="" />
      </Owners>
      <Execution id="12a45d34-619c-4149-9d4d-45b4105383f9" />
      <TestMethod codeBase="D:/Business/Development/Konnetic/UnifySipApi/Production/Src/Konnetic Unify SIP API/Konnetic.Sip.UnitTests/bin/Debug/Konnetic.Sip.UnitTests.DLL" adapterTypeName="Microsoft.VisualStudio.TestTools.TestTypes.Unit.UnitTestAdapter, Microsoft.VisualStudio.QualityTools.Tips.UnitTest.Adapter" className="Konnetic.Sip.UnitTests.AcceptHeaderFieldAdapter, Konnetic.Sip.UnitTests, Version=1.0.3676.32754, Culture=neutral, PublicKeyToken=null" name="QValueTest" />
    </UnitTest>
    <UnitTest name="HostTest3" storage="konnetic.sip.unittests.dll" id="e0900f84-4154-2092-de81-cb70da8a58bf">
      <Css projectStructure="" iteration="" />
      <Owners>
        <Owner name="" />
      </Owners>
      <Execution id="242fa4c3-0668-4acf-a56e-bbdcca498b9e" />
      <TestMethod codeBase="D:/Business/Development/Konnetic/UnifySipApi/Production/Src/Konnetic Unify SIP API/Konnetic.Sip.UnitTests/bin/Debug/Konnetic.Sip.UnitTests.DLL" adapterTypeName="Microsoft.VisualStudio.TestTools.TestTypes.Unit.UnitTestAdapter, Microsoft.VisualStudio.QualityTools.Tips.UnitTest.Adapter" className="Konnetic.Sip.UnitTests.SipUriBuilderAdapter, Konnetic.Sip.UnitTests, Version=1.0.3676.32754, Culture=neutral, PublicKeyToken=null" name="HostTest3" expectedException="System.ArgumentNullException, mscorlib, Version=2.0.0.0, Culture=neutral, PublicKeyToken=b77a5c561934e089" />
    </UnitTest>
    <UnitTest name="NewTest" storage="konnetic.sip.unittests.dll" id="9a66289d-ae1f-b242-30c7-4841312f1161">
      <Css projectStructure="" iteration="" />
      <Owners>
        <Owner name="" />
      </Owners>
      <Execution id="caac5818-c6ab-49c9-ad10-ff68f0609279" />
      <TestMethod codeBase="D:/Business/Development/Konnetic/UnifySipApi/Production/Src/Konnetic Unify SIP API/Konnetic.Sip.UnitTests/bin/Debug/Konnetic.Sip.UnitTests.DLL" adapterTypeName="Microsoft.VisualStudio.TestTools.TestTypes.Unit.UnitTestAdapter, Microsoft.VisualStudio.QualityTools.Tips.UnitTest.Adapter" className="Konnetic.Sip.UnitTests.ToHeaderFieldAdapter, Konnetic.Sip.UnitTests, Version=1.0.3676.32754, Culture=neutral, PublicKeyToken=null" name="NewTest" />
    </UnitTest>
    <UnitTest name="AcceptHeaderFieldConstructorTest1" storage="konnetic.sip.unittests.dll" id="efdd8514-8315-9f55-46d1-49cf235ec2a3">
      <Css projectStructure="" iteration="" />
      <Owners>
        <Owner name="" />
      </Owners>
      <Execution id="d81df304-384d-4f28-8971-3633490759a1" />
      <TestMethod codeBase="D:/Business/Development/Konnetic/UnifySipApi/Production/Src/Konnetic Unify SIP API/Konnetic.Sip.UnitTests/bin/Debug/Konnetic.Sip.UnitTests.DLL" adapterTypeName="Microsoft.VisualStudio.TestTools.TestTypes.Unit.UnitTestAdapter, Microsoft.VisualStudio.QualityTools.Tips.UnitTest.Adapter" className="Konnetic.Sip.UnitTests.AcceptHeaderFieldAdapter, Konnetic.Sip.UnitTests, Version=1.0.3676.32754, Culture=neutral, PublicKeyToken=null" name="AcceptHeaderFieldConstructorTest1" />
    </UnitTest>
    <UnitTest name="MethodParameterTest" storage="konnetic.sip.unittests.dll" id="07032410-b7ec-b5a6-23c2-4eced5df9ea5">
      <Css projectStructure="" iteration="" />
      <Owners>
        <Owner name="" />
      </Owners>
      <Execution id="70a682ec-a865-4e2a-a244-67a769478e7e" />
      <TestMethod codeBase="D:/Business/Development/Konnetic/UnifySipApi/Production/Src/Konnetic Unify SIP API/Konnetic.Sip.UnitTests/bin/Debug/Konnetic.Sip.UnitTests.DLL" adapterTypeName="Microsoft.VisualStudio.TestTools.TestTypes.Unit.UnitTestAdapter, Microsoft.VisualStudio.QualityTools.Tips.UnitTest.Adapter" className="Konnetic.Sip.UnitTests.SipUriBuilderAdapter, Konnetic.Sip.UnitTests, Version=1.0.3676.32754, Culture=neutral, PublicKeyToken=null" name="MethodParameterTest" />
    </UnitTest>
    <UnitTest name="op_ImplicitTest" storage="konnetic.sip.unittests.dll" id="0d8a8936-3cd1-9ced-c662-482a86422ca6">
      <Css projectStructure="" iteration="" />
      <Owners>
        <Owner name="" />
      </Owners>
      <Execution id="dd69ef40-6fc7-44b2-ba7f-867fe2cf7474" />
      <TestMethod codeBase="D:/Business/Development/Konnetic/UnifySipApi/Production/Src/Konnetic Unify SIP API/Konnetic.Sip.UnitTests/bin/Debug/Konnetic.Sip.UnitTests.DLL" adapterTypeName="Microsoft.VisualStudio.TestTools.TestTypes.Unit.UnitTestAdapter, Microsoft.VisualStudio.QualityTools.Tips.UnitTest.Adapter" className="Konnetic.Sip.UnitTests.AcceptLanguageHeaderFieldAdapter, Konnetic.Sip.UnitTests, Version=1.0.3676.32754, Culture=neutral, PublicKeyToken=null" name="op_ImplicitTest" />
    </UnitTest>
    <UnitTest name="AcceptEncodingHeaderFieldConstructorTest2" storage="konnetic.sip.unittests.dll" id="b5f10db0-9da4-6fbb-4ad5-23cfdf1c10cf">
      <Css projectStructure="" iteration="" />
      <Owners>
        <Owner name="" />
      </Owners>
      <Execution id="f6509327-607a-42e4-aca8-d47f95e73036" />
      <TestMethod codeBase="D:/Business/Development/Konnetic/UnifySipApi/Production/Src/Konnetic Unify SIP API/Konnetic.Sip.UnitTests/bin/Debug/Konnetic.Sip.UnitTests.DLL" adapterTypeName="Microsoft.VisualStudio.TestTools.TestTypes.Unit.UnitTestAdapter, Microsoft.VisualStudio.QualityTools.Tips.UnitTest.Adapter" className="Konnetic.Sip.UnitTests.AcceptEncodingHeaderFieldAdapter, Konnetic.Sip.UnitTests, Version=1.0.3676.32754, Culture=neutral, PublicKeyToken=null" name="AcceptEncodingHeaderFieldConstructorTest2" />
    </UnitTest>
    <UnitTest name="GetStringValueTest" storage="konnetic.sip.unittests.dll" id="41b4227b-1355-fc8a-58d4-ec62dd0846de">
      <Css projectStructure="" iteration="" />
      <Owners>
        <Owner name="" />
      </Owners>
      <Execution id="6da3dfc4-4034-4eed-8228-5f741e81e98e" />
      <TestMethod codeBase="D:/Business/Development/Konnetic/UnifySipApi/Production/Src/Konnetic Unify SIP API/Konnetic.Sip.UnitTests/bin/Debug/Konnetic.Sip.UnitTests.DLL" adapterTypeName="Microsoft.VisualStudio.TestTools.TestTypes.Unit.UnitTestAdapter, Microsoft.VisualStudio.QualityTools.Tips.UnitTest.Adapter" className="Konnetic.Sip.UnitTests.DateHeaderFieldAdapter, Konnetic.Sip.UnitTests, Version=1.0.3676.32754, Culture=neutral, PublicKeyToken=null" name="GetStringValueTest" />
    </UnitTest>
    <UnitTest name="SequenceTest1" storage="konnetic.sip.unittests.dll" id="b9f4bb6f-b5d4-3f0f-6243-2e6a5fd98ee5">
      <Css projectStructure="" iteration="" />
      <Owners>
        <Owner name="" />
      </Owners>
      <Execution id="7bb8e309-2ced-4cbd-bc58-ff5b78c736c0" />
      <TestMethod codeBase="D:/Business/Development/Konnetic/UnifySipApi/Production/Src/Konnetic Unify SIP API/Konnetic.Sip.UnitTests/bin/Debug/Konnetic.Sip.UnitTests.DLL" adapterTypeName="Microsoft.VisualStudio.TestTools.TestTypes.Unit.UnitTestAdapter, Microsoft.VisualStudio.QualityTools.Tips.UnitTest.Adapter" className="Konnetic.Sip.UnitTests.CSeqHeaderFieldAdapter, Konnetic.Sip.UnitTests, Version=1.0.3676.32754, Culture=neutral, PublicKeyToken=null" name="SequenceTest1" expectedException="Konnetic.Sip.SipOutOfRangeException, Konnetic.Sip, Version=1.0.3676.32752, Culture=neutral, PublicKeyToken=null" />
    </UnitTest>
    <UnitTest name="ToStringTest" storage="konnetic.sip.unittests.dll" id="ce902bb7-9f65-7f7d-a8f8-65e8b1480988">
      <Css projectStructure="" iteration="" />
      <Owners>
        <Owner name="" />
      </Owners>
      <Execution id="e07b9e8f-efda-436f-8319-a36a70450aef" />
      <TestMethod codeBase="D:/Business/Development/Konnetic/UnifySipApi/Production/Src/Konnetic Unify SIP API/Konnetic.Sip.UnitTests/bin/Debug/Konnetic.Sip.UnitTests.DLL" adapterTypeName="Microsoft.VisualStudio.TestTools.TestTypes.Unit.UnitTestAdapter, Microsoft.VisualStudio.QualityTools.Tips.UnitTest.Adapter" className="Konnetic.Sip.UnitTests.CallIdHeaderFieldAdapter, Konnetic.Sip.UnitTests, Version=1.0.3676.32754, Culture=neutral, PublicKeyToken=null" name="ToStringTest" />
    </UnitTest>
    <UnitTest name="EqualsTest" storage="konnetic.sip.unittests.dll" id="4f422e84-eeb3-89db-19e6-477df92a29a5">
      <Css projectStructure="" iteration="" />
      <Owners>
        <Owner name="" />
      </Owners>
      <Execution id="016e3a6f-a889-4c0c-9204-ed88e4802b0a" />
      <TestMethod codeBase="D:/Business/Development/Konnetic/UnifySipApi/Production/Src/Konnetic Unify SIP API/Konnetic.Sip.UnitTests/bin/Debug/Konnetic.Sip.UnitTests.DLL" adapterTypeName="Microsoft.VisualStudio.TestTools.TestTypes.Unit.UnitTestAdapter, Microsoft.VisualStudio.QualityTools.Tips.UnitTest.Adapter" className="Konnetic.Sip.UnitTests.ProxyAuthenticateHeaderFieldAdapter, Konnetic.Sip.UnitTests, Version=1.0.3676.32754, Culture=neutral, PublicKeyToken=null" name="EqualsTest" />
    </UnitTest>
    <UnitTest name="BodyTest" storage="konnetic.sip.unittests.dll" id="4b33aca5-10b0-7836-6ece-0b1dbff452ca">
      <Css projectStructure="" iteration="" />
      <Owners>
        <Owner name="" />
      </Owners>
      <Execution id="28101efa-55b1-4c97-a224-b63a139ea4ea" />
      <TestMethod codeBase="D:/Business/Development/Konnetic/UnifySipApi/Production/Src/Konnetic Unify SIP API/Konnetic.Sip.UnitTests/bin/Debug/Konnetic.Sip.UnitTests.DLL" adapterTypeName="Microsoft.VisualStudio.TestTools.TestTypes.Unit.UnitTestAdapter, Microsoft.VisualStudio.QualityTools.Tips.UnitTest.Adapter" className="Konnetic.Sip.UnitTests.SipMessageAdapter, Konnetic.Sip.UnitTests, Version=1.0.3676.32754, Culture=neutral, PublicKeyToken=null" name="BodyTest" />
    </UnitTest>
    <UnitTest name="CountTest" storage="konnetic.sip.unittests.dll" id="437e71d0-4b2c-6b40-a545-2f9202644e81">
      <Css projectStructure="" iteration="" />
      <Owners>
        <Owner name="" />
      </Owners>
      <Execution id="10ed4bbd-c5e4-4054-a598-abe3ff371b32" />
      <TestMethod codeBase="D:/Business/Development/Konnetic/UnifySipApi/Production/Src/Konnetic Unify SIP API/Konnetic.Sip.UnitTests/bin/Debug/Konnetic.Sip.UnitTests.DLL" adapterTypeName="Microsoft.VisualStudio.TestTools.TestTypes.Unit.UnitTestAdapter, Microsoft.VisualStudio.QualityTools.Tips.UnitTest.Adapter" className="Konnetic.Sip.UnitTests.HeaderFieldGroupAdapter, Konnetic.Sip.UnitTests, Version=1.0.3676.32754, Culture=neutral, PublicKeyToken=null" name="CountTest" />
    </UnitTest>
    <UnitTest name="UriTest1" storage="konnetic.sip.unittests.dll" id="dc1c4f32-db5d-b6d1-99d7-5e9a9121a1e5">
      <Css projectStructure="" iteration="" />
      <Owners>
        <Owner name="" />
      </Owners>
      <Execution id="15cbbba3-45cb-4045-8200-5c160bc7d689" />
      <TestMethod codeBase="D:/Business/Development/Konnetic/UnifySipApi/Production/Src/Konnetic Unify SIP API/Konnetic.Sip.UnitTests/bin/Debug/Konnetic.Sip.UnitTests.DLL" adapterTypeName="Microsoft.VisualStudio.TestTools.TestTypes.Unit.UnitTestAdapter, Microsoft.VisualStudio.QualityTools.Tips.UnitTest.Adapter" className="Konnetic.Sip.UnitTests.ContactHeaderFieldAdapter, Konnetic.Sip.UnitTests, Version=1.0.3676.32754, Culture=neutral, PublicKeyToken=null" name="UriTest1" expectedException="System.ArgumentNullException, mscorlib, Version=2.0.0.0, Culture=neutral, PublicKeyToken=b77a5c561934e089" />
    </UnitTest>
    <UnitTest name="GetStringValueTest" storage="konnetic.sip.unittests.dll" id="9e370050-a802-1c07-bd7d-98f078fb21c2">
      <Css projectStructure="" iteration="" />
      <Owners>
        <Owner name="" />
      </Owners>
      <Execution id="40696761-93a4-4d49-a33d-21370db5c50a" />
      <TestMethod codeBase="D:/Business/Development/Konnetic/UnifySipApi/Production/Src/Konnetic Unify SIP API/Konnetic.Sip.UnitTests/bin/Debug/Konnetic.Sip.UnitTests.DLL" adapterTypeName="Microsoft.VisualStudio.TestTools.TestTypes.Unit.UnitTestAdapter, Microsoft.VisualStudio.QualityTools.Tips.UnitTest.Adapter" className="Konnetic.Sip.UnitTests.AcceptHeaderFieldAdapter, Konnetic.Sip.UnitTests, Version=1.0.3676.32754, Culture=neutral, PublicKeyToken=null" name="GetStringValueTest" />
    </UnitTest>
    <UnitTest name="ToStringTest1" storage="konnetic.sip.unittests.dll" id="40fc81cc-e13f-6893-1e5c-b920a232e3f9">
      <Css projectStructure="" iteration="" />
      <Owners>
        <Owner name="" />
      </Owners>
      <Execution id="a741ffcc-6e89-45b8-8b86-2e85c1f6cb2b" />
      <TestMethod codeBase="D:/Business/Development/Konnetic/UnifySipApi/Production/Src/Konnetic Unify SIP API/Konnetic.Sip.UnitTests/bin/Debug/Konnetic.Sip.UnitTests.DLL" adapterTypeName="Microsoft.VisualStudio.TestTools.TestTypes.Unit.UnitTestAdapter, Microsoft.VisualStudio.QualityTools.Tips.UnitTest.Adapter" className="Konnetic.Sip.UnitTests.HeaderFieldCollectionAdapter, Konnetic.Sip.UnitTests, Version=1.0.3676.32754, Culture=neutral, PublicKeyToken=null" name="ToStringTest1" />
    </UnitTest>
    <UnitTest name="EqualsTest1" storage="konnetic.sip.unittests.dll" id="87947e3f-db3d-b7e4-bc06-73a007360519">
      <Css projectStructure="" iteration="" />
      <Owners>
        <Owner name="" />
      </Owners>
      <Execution id="09878c1a-68c3-4c82-84d9-5ff194bc7a57" />
      <TestMethod codeBase="D:/Business/Development/Konnetic/UnifySipApi/Production/Src/Konnetic Unify SIP API/Konnetic.Sip.UnitTests/bin/Debug/Konnetic.Sip.UnitTests.DLL" adapterTypeName="Microsoft.VisualStudio.TestTools.TestTypes.Unit.UnitTestAdapter, Microsoft.VisualStudio.QualityTools.Tips.UnitTest.Adapter" className="Konnetic.Sip.UnitTests.AcceptHeaderFieldAdapter, Konnetic.Sip.UnitTests, Version=1.0.3676.32754, Culture=neutral, PublicKeyToken=null" name="EqualsTest1" />
    </UnitTest>
    <UnitTest name="GetStringValue2" storage="konnetic.sip.unittests.dll" id="2832b89c-4c90-4ef9-c021-8746d0ae9776">
      <Css projectStructure="" iteration="" />
      <Owners>
        <Owner name="" />
      </Owners>
      <Execution id="0d3d3158-36b4-4a0e-b7b7-3ae886f8c57f" />
      <TestMethod codeBase="D:/Business/Development/Konnetic/UnifySipApi/Production/Src/Konnetic Unify SIP API/Konnetic.Sip.UnitTests/bin/Debug/Konnetic.Sip.UnitTests.DLL" adapterTypeName="Microsoft.VisualStudio.TestTools.TestTypes.Unit.UnitTestAdapter, Microsoft.VisualStudio.QualityTools.Tips.UnitTest.Adapter" className="Konnetic.Sip.UnitTests.ParamatizedHeaderFieldAdapter, Konnetic.Sip.UnitTests, Version=1.0.3676.32754, Culture=neutral, PublicKeyToken=null" name="GetStringValue2" expectedException="Konnetic.Sip.SipDuplicateItemException, Konnetic.Sip, Version=1.0.3676.32752, Culture=neutral, PublicKeyToken=null" />
    </UnitTest>
    <UnitTest name="UriTest" storage="konnetic.sip.unittests.dll" id="60fb8ee9-be04-9275-bddc-2583cad0042d">
      <Css projectStructure="" iteration="" />
      <Owners>
        <Owner name="" />
      </Owners>
      <Execution id="17cf9caa-e39f-479e-857a-99a89f7f85c4" />
      <TestMethod codeBase="D:/Business/Development/Konnetic/UnifySipApi/Production/Src/Konnetic Unify SIP API/Konnetic.Sip.UnitTests/bin/Debug/Konnetic.Sip.UnitTests.DLL" adapterTypeName="Microsoft.VisualStudio.TestTools.TestTypes.Unit.UnitTestAdapter, Microsoft.VisualStudio.QualityTools.Tips.UnitTest.Adapter" className="Konnetic.Sip.UnitTests.FromHeaderFieldAdapter, Konnetic.Sip.UnitTests, Version=1.0.3676.32754, Culture=neutral, PublicKeyToken=null" name="UriTest" />
    </UnitTest>
    <UnitTest name="LrTest" storage="konnetic.sip.unittests.dll" id="c2b07253-2621-e456-a0f2-3f42f6657023">
      <Css projectStructure="" iteration="" />
      <Owners>
        <Owner name="" />
      </Owners>
      <Execution id="e140f495-7014-47ab-8d7b-60e98dc210eb" />
      <TestMethod codeBase="D:/Business/Development/Konnetic/UnifySipApi/Production/Src/Konnetic Unify SIP API/Konnetic.Sip.UnitTests/bin/Debug/Konnetic.Sip.UnitTests.DLL" adapterTypeName="Microsoft.VisualStudio.TestTools.TestTypes.Unit.UnitTestAdapter, Microsoft.VisualStudio.QualityTools.Tips.UnitTest.Adapter" className="Konnetic.Sip.UnitTests.SipUriAdapter, Konnetic.Sip.UnitTests, Version=1.0.3676.32754, Culture=neutral, PublicKeyToken=null" name="LrTest" />
    </UnitTest>
    <UnitTest name="SchemeTest1" storage="konnetic.sip.unittests.dll" id="2f89b703-c259-b26d-08e4-45036597bbf8">
      <Css projectStructure="" iteration="" />
      <Owners>
        <Owner name="" />
      </Owners>
      <Execution id="eb9bcfcd-2810-4034-8723-07bdb07b0351" />
      <TestMethod codeBase="D:/Business/Development/Konnetic/UnifySipApi/Production/Src/Konnetic Unify SIP API/Konnetic.Sip.UnitTests/bin/Debug/Konnetic.Sip.UnitTests.DLL" adapterTypeName="Microsoft.VisualStudio.TestTools.TestTypes.Unit.UnitTestAdapter, Microsoft.VisualStudio.QualityTools.Tips.UnitTest.Adapter" className="Konnetic.Sip.UnitTests.SipUriAdapter, Konnetic.Sip.UnitTests, Version=1.0.3676.32754, Culture=neutral, PublicKeyToken=null" name="SchemeTest1" expectedException="System.UriFormatException, System, Version=2.0.0.0, Culture=neutral, PublicKeyToken=b77a5c561934e089" />
    </UnitTest>
    <UnitTest name="ParseTest" storage="konnetic.sip.unittests.dll" id="ee3a6ac7-5d38-9b2c-9998-371476aa5b33">
      <Css projectStructure="" iteration="" />
      <Owners>
        <Owner name="" />
      </Owners>
      <Execution id="9ab5849e-0e73-47a5-89c7-7a7e041f1c07" />
      <TestMethod codeBase="D:/Business/Development/Konnetic/UnifySipApi/Production/Src/Konnetic Unify SIP API/Konnetic.Sip.UnitTests/bin/Debug/Konnetic.Sip.UnitTests.DLL" adapterTypeName="Microsoft.VisualStudio.TestTools.TestTypes.Unit.UnitTestAdapter, Microsoft.VisualStudio.QualityTools.Tips.UnitTest.Adapter" className="Konnetic.Sip.UnitTests.SecurityHeaderFieldBaseAdapter, Konnetic.Sip.UnitTests, Version=1.0.3676.32754, Culture=neutral, PublicKeyToken=null" name="ParseTest" />
    </UnitTest>
    <UnitTest name="EqualsTest" storage="konnetic.sip.unittests.dll" id="3c33498b-ad96-d6bf-7627-ebbfa23e6c84">
      <Css projectStructure="" iteration="" />
      <Owners>
        <Owner name="" />
      </Owners>
      <Execution id="b680dbea-40f8-4f31-9e63-990bd1177d19" />
      <TestMethod codeBase="D:/Business/Development/Konnetic/UnifySipApi/Production/Src/Konnetic Unify SIP API/Konnetic.Sip.UnitTests/bin/Debug/Konnetic.Sip.UnitTests.DLL" adapterTypeName="Microsoft.VisualStudio.TestTools.TestTypes.Unit.UnitTestAdapter, Microsoft.VisualStudio.QualityTools.Tips.UnitTest.Adapter" className="Konnetic.Sip.UnitTests.DateHeaderFieldAdapter, Konnetic.Sip.UnitTests, Version=1.0.3676.32754, Culture=neutral, PublicKeyToken=null" name="EqualsTest" />
    </UnitTest>
    <UnitTest name="GetStringValueTest" storage="konnetic.sip.unittests.dll" id="45c9bb0f-b348-2aee-2307-2fc6b54e3dfd">
      <Css projectStructure="" iteration="" />
      <Owners>
        <Owner name="" />
      </Owners>
      <Execution id="bb4a6597-8f3e-4114-914f-e5338eae34fb" />
      <TestMethod codeBase="D:/Business/Development/Konnetic/UnifySipApi/Production/Src/Konnetic Unify SIP API/Konnetic.Sip.UnitTests/bin/Debug/Konnetic.Sip.UnitTests.DLL" adapterTypeName="Microsoft.VisualStudio.TestTools.TestTypes.Unit.UnitTestAdapter, Microsoft.VisualStudio.QualityTools.Tips.UnitTest.Adapter" className="Konnetic.Sip.UnitTests.HttpUriHeaderFieldAdapter, Konnetic.Sip.UnitTests, Version=1.0.3676.32754, Culture=neutral, PublicKeyToken=null" name="GetStringValueTest" />
    </UnitTest>
    <UnitTest name="ToBytesTest" storage="konnetic.sip.unittests.dll" id="b50e377e-eed1-1ebd-54fd-8f1e4e2f227d">
      <Css projectStructure="" iteration="" />
      <Owners>
        <Owner name="" />
      </Owners>
      <Execution id="30dd3a17-eb03-4a79-8081-72b778d1f6a4" />
      <TestMethod codeBase="D:/Business/Development/Konnetic/UnifySipApi/Production/Src/Konnetic Unify SIP API/Konnetic.Sip.UnitTests/bin/Debug/Konnetic.Sip.UnitTests.DLL" adapterTypeName="Microsoft.VisualStudio.TestTools.TestTypes.Unit.UnitTestAdapter, Microsoft.VisualStudio.QualityTools.Tips.UnitTest.Adapter" className="Konnetic.Sip.UnitTests.HeaderFieldBaseAdapter, Konnetic.Sip.UnitTests, Version=1.0.3676.32754, Culture=neutral, PublicKeyToken=null" name="ToBytesTest" />
    </UnitTest>
    <UnitTest name="EqualsTest1" storage="konnetic.sip.unittests.dll" id="a29b1dfc-2712-0916-f0e2-30edb013f762">
      <Css projectStructure="" iteration="" />
      <Owners>
        <Owner name="" />
      </Owners>
      <Execution id="1ba85c11-2a5f-4358-b225-f8b24b608706" />
      <TestMethod codeBase="D:/Business/Development/Konnetic/UnifySipApi/Production/Src/Konnetic Unify SIP API/Konnetic.Sip.UnitTests/bin/Debug/Konnetic.Sip.UnitTests.DLL" adapterTypeName="Microsoft.VisualStudio.TestTools.TestTypes.Unit.UnitTestAdapter, Microsoft.VisualStudio.QualityTools.Tips.UnitTest.Adapter" className="Konnetic.Sip.UnitTests.QValueHeaderFieldAdapter, Konnetic.Sip.UnitTests, Version=1.0.3676.32754, Culture=neutral, PublicKeyToken=null" name="EqualsTest1" />
    </UnitTest>
    <UnitTest name="MessageQopTest1" storage="konnetic.sip.unittests.dll" id="ba22e27e-d80c-9116-a6d3-262ec27c9ac0">
      <Css projectStructure="" iteration="" />
      <Owners>
        <Owner name="" />
      </Owners>
      <Execution id="862e9570-55ed-4188-9260-f3bd167876f5" />
      <TestMethod codeBase="D:/Business/Development/Konnetic/UnifySipApi/Production/Src/Konnetic Unify SIP API/Konnetic.Sip.UnitTests/bin/Debug/Konnetic.Sip.UnitTests.DLL" adapterTypeName="Microsoft.VisualStudio.TestTools.TestTypes.Unit.UnitTestAdapter, Microsoft.VisualStudio.QualityTools.Tips.UnitTest.Adapter" className="Konnetic.Sip.UnitTests.SecurityHeaderFieldAdapter, Konnetic.Sip.UnitTests, Version=1.0.3676.32754, Culture=neutral, PublicKeyToken=null" name="MessageQopTest1" />
    </UnitTest>
    <UnitTest name="HostTest" storage="konnetic.sip.unittests.dll" id="dd02d0b9-8a69-dcf0-6e25-9cd01c58e24e">
      <Css projectStructure="" iteration="" />
      <Owners>
        <Owner name="" />
      </Owners>
      <Execution id="643af94d-7fd9-46be-8e1f-fdfa9941b5cd" />
      <TestMethod codeBase="D:/Business/Development/Konnetic/UnifySipApi/Production/Src/Konnetic Unify SIP API/Konnetic.Sip.UnitTests/bin/Debug/Konnetic.Sip.UnitTests.DLL" adapterTypeName="Microsoft.VisualStudio.TestTools.TestTypes.Unit.UnitTestAdapter, Microsoft.VisualStudio.QualityTools.Tips.UnitTest.Adapter" className="Konnetic.Sip.UnitTests.SipUriBuilderAdapter, Konnetic.Sip.UnitTests, Version=1.0.3676.32754, Culture=neutral, PublicKeyToken=null" name="HostTest" />
    </UnitTest>
    <UnitTest name="MaddrParameterTest" storage="konnetic.sip.unittests.dll" id="46876560-4557-a94b-8bbd-025266b3e77d">
      <Css projectStructure="" iteration="" />
      <Owners>
        <Owner name="" />
      </Owners>
      <Execution id="2afc231a-a05f-4cb4-8da2-70ac4307c8be" />
      <TestMethod codeBase="D:/Business/Development/Konnetic/UnifySipApi/Production/Src/Konnetic Unify SIP API/Konnetic.Sip.UnitTests/bin/Debug/Konnetic.Sip.UnitTests.DLL" adapterTypeName="Microsoft.VisualStudio.TestTools.TestTypes.Unit.UnitTestAdapter, Microsoft.VisualStudio.QualityTools.Tips.UnitTest.Adapter" className="Konnetic.Sip.UnitTests.SipUriBuilderAdapter, Konnetic.Sip.UnitTests, Version=1.0.3676.32754, Culture=neutral, PublicKeyToken=null" name="MaddrParameterTest" />
    </UnitTest>
    <UnitTest name="ReplyToHeaderFieldConstructorTest2" storage="konnetic.sip.unittests.dll" id="4009c002-559d-70e0-d854-576fa6fbb9df">
      <Css projectStructure="" iteration="" />
      <Owners>
        <Owner name="" />
      </Owners>
      <Execution id="d076eace-6e95-482a-ae17-5bec0eefb49e" />
      <TestMethod codeBase="D:/Business/Development/Konnetic/UnifySipApi/Production/Src/Konnetic Unify SIP API/Konnetic.Sip.UnitTests/bin/Debug/Konnetic.Sip.UnitTests.DLL" adapterTypeName="Microsoft.VisualStudio.TestTools.TestTypes.Unit.UnitTestAdapter, Microsoft.VisualStudio.QualityTools.Tips.UnitTest.Adapter" className="Konnetic.Sip.UnitTests.ReplyToHeaderFieldAdapter, Konnetic.Sip.UnitTests, Version=1.0.3676.32754, Culture=neutral, PublicKeyToken=null" name="ReplyToHeaderFieldConstructorTest2" />
    </UnitTest>
    <UnitTest name="SecondsTest1" storage="konnetic.sip.unittests.dll" id="eadeb63a-f5af-326f-449a-e44b16756724">
      <Css projectStructure="" iteration="" />
      <Owners>
        <Owner name="" />
      </Owners>
      <Execution id="dae980ff-6749-4a95-a4cc-13d6285f58dc" />
      <TestMethod codeBase="D:/Business/Development/Konnetic/UnifySipApi/Production/Src/Konnetic Unify SIP API/Konnetic.Sip.UnitTests/bin/Debug/Konnetic.Sip.UnitTests.DLL" adapterTypeName="Microsoft.VisualStudio.TestTools.TestTypes.Unit.UnitTestAdapter, Microsoft.VisualStudio.QualityTools.Tips.UnitTest.Adapter" className="Konnetic.Sip.UnitTests.SecondsHeaderFieldAdapter, Konnetic.Sip.UnitTests, Version=1.0.3676.32754, Culture=neutral, PublicKeyToken=null" name="SecondsTest1" expectedException="Konnetic.Sip.SipOutOfRangeException, Konnetic.Sip, Version=1.0.3676.32752, Culture=neutral, PublicKeyToken=null" />
    </UnitTest>
    <UnitTest name="ParseTest" storage="konnetic.sip.unittests.dll" id="60ed062d-226c-abd8-e4cc-4400bc355eaa">
      <Css projectStructure="" iteration="" />
      <Owners>
        <Owner name="" />
      </Owners>
      <Execution id="296f57b5-0277-42d9-892b-e0ab175cb0bc" />
      <TestMethod codeBase="D:/Business/Development/Konnetic/UnifySipApi/Production/Src/Konnetic Unify SIP API/Konnetic.Sip.UnitTests/bin/Debug/Konnetic.Sip.UnitTests.DLL" adapterTypeName="Microsoft.VisualStudio.TestTools.TestTypes.Unit.UnitTestAdapter, Microsoft.VisualStudio.QualityTools.Tips.UnitTest.Adapter" className="Konnetic.Sip.UnitTests.RequestLineHeaderFieldAdapter, Konnetic.Sip.UnitTests, Version=1.0.3676.32754, Culture=neutral, PublicKeyToken=null" name="ParseTest" />
    </UnitTest>
    <UnitTest name="EqualsTest" storage="konnetic.sip.unittests.dll" id="d79efa66-8800-cceb-b167-fa9c8168b035">
      <Css projectStructure="" iteration="" />
      <Owners>
        <Owner name="" />
      </Owners>
      <Execution id="492ee08c-a211-496a-9e5f-516abc1af8c2" />
      <TestMethod codeBase="D:/Business/Development/Konnetic/UnifySipApi/Production/Src/Konnetic Unify SIP API/Konnetic.Sip.UnitTests/bin/Debug/Konnetic.Sip.UnitTests.DLL" adapterTypeName="Microsoft.VisualStudio.TestTools.TestTypes.Unit.UnitTestAdapter, Microsoft.VisualStudio.QualityTools.Tips.UnitTest.Adapter" className="Konnetic.Sip.UnitTests.UserAgentHeaderFieldAdapter, Konnetic.Sip.UnitTests, Version=1.0.3676.32754, Culture=neutral, PublicKeyToken=null" name="EqualsTest" />
    </UnitTest>
    <UnitTest name="EqualsTest" storage="konnetic.sip.unittests.dll" id="4096fc3f-2b93-7dbd-87a7-9f71b499ba0b">
      <Css projectStructure="" iteration="" />
      <Owners>
        <Owner name="" />
      </Owners>
      <Execution id="b2f44f12-bd19-4e63-96df-d39417f7d43b" />
      <TestMethod codeBase="D:/Business/Development/Konnetic/UnifySipApi/Production/Src/Konnetic Unify SIP API/Konnetic.Sip.UnitTests/bin/Debug/Konnetic.Sip.UnitTests.DLL" adapterTypeName="Microsoft.VisualStudio.TestTools.TestTypes.Unit.UnitTestAdapter, Microsoft.VisualStudio.QualityTools.Tips.UnitTest.Adapter" className="Konnetic.Sip.UnitTests.SipUriAdapter, Konnetic.Sip.UnitTests, Version=1.0.3676.32754, Culture=neutral, PublicKeyToken=null" name="EqualsTest" />
    </UnitTest>
    <UnitTest name="IsValidTest" storage="konnetic.sip.unittests.dll" id="6c6fffd8-977b-944b-8bb6-07b6855947de">
      <Css projectStructure="" iteration="" />
      <Owners>
        <Owner name="" />
      </Owners>
      <Execution id="b205e9d7-75dc-4ff0-adb9-401f678f206e" />
      <TestMethod codeBase="D:/Business/Development/Konnetic/UnifySipApi/Production/Src/Konnetic Unify SIP API/Konnetic.Sip.UnitTests/bin/Debug/Konnetic.Sip.UnitTests.DLL" adapterTypeName="Microsoft.VisualStudio.TestTools.TestTypes.Unit.UnitTestAdapter, Microsoft.VisualStudio.QualityTools.Tips.UnitTest.Adapter" className="Konnetic.Sip.UnitTests.OptionHeaderFieldAdapter, Konnetic.Sip.UnitTests, Version=1.0.3676.32754, Culture=neutral, PublicKeyToken=null" name="IsValidTest" />
    </UnitTest>
    <UnitTest name="HostPortTest" storage="konnetic.sip.unittests.dll" id="57f24fd1-341f-e19e-6cbe-fd2d520928e2">
      <Css projectStructure="" iteration="" />
      <Owners>
        <Owner name="" />
      </Owners>
      <Execution id="9d651c25-c41a-4d00-89e4-98e69d709872" />
      <TestMethod codeBase="D:/Business/Development/Konnetic/UnifySipApi/Production/Src/Konnetic Unify SIP API/Konnetic.Sip.UnitTests/bin/Debug/Konnetic.Sip.UnitTests.DLL" adapterTypeName="Microsoft.VisualStudio.TestTools.TestTypes.Unit.UnitTestAdapter, Microsoft.VisualStudio.QualityTools.Tips.UnitTest.Adapter" className="Konnetic.Sip.UnitTests.SipUriAdapter, Konnetic.Sip.UnitTests, Version=1.0.3676.32754, Culture=neutral, PublicKeyToken=null" name="HostPortTest" />
    </UnitTest>
    <UnitTest name="AddTest2b" storage="konnetic.sip.unittests.dll" id="94d0b36c-6fd0-8b70-3547-484f0800e310">
      <Css projectStructure="" iteration="" />
      <Owners>
        <Owner name="" />
      </Owners>
      <Execution id="5a41f544-f2e7-4ee6-89f3-9f48c01782f7" />
      <TestMethod codeBase="D:/Business/Development/Konnetic/UnifySipApi/Production/Src/Konnetic Unify SIP API/Konnetic.Sip.UnitTests/bin/Debug/Konnetic.Sip.UnitTests.DLL" adapterTypeName="Microsoft.VisualStudio.TestTools.TestTypes.Unit.UnitTestAdapter, Microsoft.VisualStudio.QualityTools.Tips.UnitTest.Adapter" className="Konnetic.Sip.UnitTests.HeaderFieldCollectionAdapter, Konnetic.Sip.UnitTests, Version=1.0.3676.32754, Culture=neutral, PublicKeyToken=null" name="AddTest2b" expectedException="System.ArgumentException, mscorlib, Version=2.0.0.0, Culture=neutral, PublicKeyToken=b77a5c561934e089" />
    </UnitTest>
    <UnitTest name="GetStringValueTest" storage="konnetic.sip.unittests.dll" id="fd33622e-9cba-03e8-a005-8da48c46f51b">
      <Css projectStructure="" iteration="" />
      <Owners>
        <Owner name="" />
      </Owners>
      <Execution id="34205d8c-19d5-49cd-b904-e5ba38c3328c" />
      <TestMethod codeBase="D:/Business/Development/Konnetic/UnifySipApi/Production/Src/Konnetic Unify SIP API/Konnetic.Sip.UnitTests/bin/Debug/Konnetic.Sip.UnitTests.DLL" adapterTypeName="Microsoft.VisualStudio.TestTools.TestTypes.Unit.UnitTestAdapter, Microsoft.VisualStudio.QualityTools.Tips.UnitTest.Adapter" className="Konnetic.Sip.UnitTests.ViaHeaderFieldAdapter, Konnetic.Sip.UnitTests, Version=1.0.3676.32754, Culture=neutral, PublicKeyToken=null" name="GetStringValueTest" />
    </UnitTest>
    <UnitTest name="EqualsTest2" storage="konnetic.sip.unittests.dll" id="e632e4d6-529f-3e89-321f-cd18bcfb0ca5">
      <Css projectStructure="" iteration="" />
      <Owners>
        <Owner name="" />
      </Owners>
      <Execution id="ec8e8366-1c28-4066-90d4-01613cb26905" />
      <TestMethod codeBase="D:/Business/Development/Konnetic/UnifySipApi/Production/Src/Konnetic Unify SIP API/Konnetic.Sip.UnitTests/bin/Debug/Konnetic.Sip.UnitTests.DLL" adapterTypeName="Microsoft.VisualStudio.TestTools.TestTypes.Unit.UnitTestAdapter, Microsoft.VisualStudio.QualityTools.Tips.UnitTest.Adapter" className="Konnetic.Sip.UnitTests.ToHeaderFieldAdapter, Konnetic.Sip.UnitTests, Version=1.0.3676.32754, Culture=neutral, PublicKeyToken=null" name="EqualsTest2" />
    </UnitTest>
    <UnitTest name="ParseTest" storage="konnetic.sip.unittests.dll" id="fcb7e33d-99d7-3026-ac95-76b3f26ee440">
      <Css projectStructure="" iteration="" />
      <Owners>
        <Owner name="" />
      </Owners>
      <Execution id="6e35c71f-ad0c-4af5-8899-689fa4eb25ca" />
      <TestMethod codeBase="D:/Business/Development/Konnetic/UnifySipApi/Production/Src/Konnetic Unify SIP API/Konnetic.Sip.UnitTests/bin/Debug/Konnetic.Sip.UnitTests.DLL" adapterTypeName="Microsoft.VisualStudio.TestTools.TestTypes.Unit.UnitTestAdapter, Microsoft.VisualStudio.QualityTools.Tips.UnitTest.Adapter" className="Konnetic.Sip.UnitTests.AcceptEncodingHeaderFieldAdapter, Konnetic.Sip.UnitTests, Version=1.0.3676.32754, Culture=neutral, PublicKeyToken=null" name="ParseTest" />
    </UnitTest>
    <UnitTest name="EqualsTest5" storage="konnetic.sip.unittests.dll" id="393138b1-4d13-9f69-3cb8-746ed87ecd17">
      <Css projectStructure="" iteration="" />
      <Owners>
        <Owner name="" />
      </Owners>
      <Execution id="44354174-875f-47b3-8cc6-be73f0c840e6" />
      <TestMethod codeBase="D:/Business/Development/Konnetic/UnifySipApi/Production/Src/Konnetic Unify SIP API/Konnetic.Sip.UnitTests/bin/Debug/Konnetic.Sip.UnitTests.DLL" adapterTypeName="Microsoft.VisualStudio.TestTools.TestTypes.Unit.UnitTestAdapter, Microsoft.VisualStudio.QualityTools.Tips.UnitTest.Adapter" className="Konnetic.Sip.UnitTests.AcceptLanguageHeaderFieldAdapter, Konnetic.Sip.UnitTests, Version=1.0.3676.32754, Culture=neutral, PublicKeyToken=null" name="EqualsTest5" />
    </UnitTest>
    <UnitTest name="op_ExplicitTest" storage="konnetic.sip.unittests.dll" id="8be02d66-34d5-2e98-8ae2-e603c86651bf">
      <Css projectStructure="" iteration="" />
      <Owners>
        <Owner name="" />
      </Owners>
      <Execution id="89f0e226-8132-4c1e-95d7-e047e2a11557" />
      <TestMethod codeBase="D:/Business/Development/Konnetic/UnifySipApi/Production/Src/Konnetic Unify SIP API/Konnetic.Sip.UnitTests/bin/Debug/Konnetic.Sip.UnitTests.DLL" adapterTypeName="Microsoft.VisualStudio.TestTools.TestTypes.Unit.UnitTestAdapter, Microsoft.VisualStudio.QualityTools.Tips.UnitTest.Adapter" className="Konnetic.Sip.UnitTests.ToHeaderFieldAdapter, Konnetic.Sip.UnitTests, Version=1.0.3676.32754, Culture=neutral, PublicKeyToken=null" name="op_ExplicitTest" />
    </UnitTest>
    <UnitTest name="GetStringValueTest" storage="konnetic.sip.unittests.dll" id="cac26a26-3c32-2097-c833-3d3964beaa68">
      <Css projectStructure="" iteration="" />
      <Owners>
        <Owner name="" />
      </Owners>
      <Execution id="45b5b80a-5906-4a12-a0f1-8f5b09b96fc8" />
      <TestMethod codeBase="D:/Business/Development/Konnetic/UnifySipApi/Production/Src/Konnetic Unify SIP API/Konnetic.Sip.UnitTests/bin/Debug/Konnetic.Sip.UnitTests.DLL" adapterTypeName="Microsoft.VisualStudio.TestTools.TestTypes.Unit.UnitTestAdapter, Microsoft.VisualStudio.QualityTools.Tips.UnitTest.Adapter" className="Konnetic.Sip.UnitTests.SubjectHeaderFieldAdapter, Konnetic.Sip.UnitTests, Version=1.0.3676.32754, Culture=neutral, PublicKeyToken=null" name="GetStringValueTest" />
    </UnitTest>
    <UnitTest name="SecondsTest1" storage="konnetic.sip.unittests.dll" id="e1e78b30-f6f8-0428-a142-4b028d3b0d9f">
      <Css projectStructure="" iteration="" />
      <Owners>
        <Owner name="" />
      </Owners>
      <Execution id="f6227f52-4d4c-44d4-8bf1-2de2b8cfe876" />
      <TestMethod codeBase="D:/Business/Development/Konnetic/UnifySipApi/Production/Src/Konnetic Unify SIP API/Konnetic.Sip.UnitTests/bin/Debug/Konnetic.Sip.UnitTests.DLL" adapterTypeName="Microsoft.VisualStudio.TestTools.TestTypes.Unit.UnitTestAdapter, Microsoft.VisualStudio.QualityTools.Tips.UnitTest.Adapter" className="Konnetic.Sip.UnitTests.ExpiresHeaderFieldAdapter, Konnetic.Sip.UnitTests, Version=1.0.3676.32754, Culture=neutral, PublicKeyToken=null" name="SecondsTest1" expectedException="Konnetic.Sip.SipOutOfRangeException, Konnetic.Sip, Version=1.0.3676.32752, Culture=neutral, PublicKeyToken=null" />
    </UnitTest>
    <UnitTest name="CloneTest" storage="konnetic.sip.unittests.dll" id="61928ea5-174b-896a-c1b0-a77de6a67141">
      <Css projectStructure="" iteration="" />
      <Owners>
        <Owner name="" />
      </Owners>
      <Execution id="11459447-b744-4ea4-9bab-eab25abd54d4" />
      <TestMethod codeBase="D:/Business/Development/Konnetic/UnifySipApi/Production/Src/Konnetic Unify SIP API/Konnetic.Sip.UnitTests/bin/Debug/Konnetic.Sip.UnitTests.DLL" adapterTypeName="Microsoft.VisualStudio.TestTools.TestTypes.Unit.UnitTestAdapter, Microsoft.VisualStudio.QualityTools.Tips.UnitTest.Adapter" className="Konnetic.Sip.UnitTests.MimeVersionHeaderFieldAdapter, Konnetic.Sip.UnitTests, Version=1.0.3676.32754, Culture=neutral, PublicKeyToken=null" name="CloneTest" />
    </UnitTest>
    <UnitTest name="MediaTypeTest" storage="konnetic.sip.unittests.dll" id="693198bf-2303-6a3e-1291-7188a975b76e">
      <Css projectStructure="" iteration="" />
      <Owners>
        <Owner name="" />
      </Owners>
      <Execution id="a39c8013-8c83-44fc-ad29-b0d5f75ebe89" />
      <TestMethod codeBase="D:/Business/Development/Konnetic/UnifySipApi/Production/Src/Konnetic Unify SIP API/Konnetic.Sip.UnitTests/bin/Debug/Konnetic.Sip.UnitTests.DLL" adapterTypeName="Microsoft.VisualStudio.TestTools.TestTypes.Unit.UnitTestAdapter, Microsoft.VisualStudio.QualityTools.Tips.UnitTest.Adapter" className="Konnetic.Sip.UnitTests.MediaTypeHeaderFieldAdapter, Konnetic.Sip.UnitTests, Version=1.0.3676.32754, Culture=neutral, PublicKeyToken=null" name="MediaTypeTest" />
    </UnitTest>
    <UnitTest name="GetHeaderField" storage="konnetic.sip.unittests.dll" id="3e6b5251-0c61-4f0a-1686-92b54532928d">
      <Css projectStructure="" iteration="" />
      <Owners>
        <Owner name="" />
      </Owners>
      <Execution id="85989892-641a-4bbc-a98d-df277dfbabde" />
      <TestMethod codeBase="D:/Business/Development/Konnetic/UnifySipApi/Production/Src/Konnetic Unify SIP API/Konnetic.Sip.UnitTests/bin/Debug/Konnetic.Sip.UnitTests.DLL" adapterTypeName="Microsoft.VisualStudio.TestTools.TestTypes.Unit.UnitTestAdapter, Microsoft.VisualStudio.QualityTools.Tips.UnitTest.Adapter" className="Konnetic.Sip.UnitTests.HeaderFieldGroupAdapter, Konnetic.Sip.UnitTests, Version=1.0.3676.32754, Culture=neutral, PublicKeyToken=null" name="GetHeaderField" />
    </UnitTest>
    <UnitTest name="FindTest" storage="konnetic.sip.unittests.dll" id="0f243024-b17e-deb1-2702-c5790a5aa3a0">
      <Css projectStructure="" iteration="" />
      <Owners>
        <Owner name="" />
      </Owners>
      <DeploymentItems>
        <DeploymentItem filename="Konnetic.Sip.dll" />
      </DeploymentItems>
      <Execution id="dcf5edbe-165e-4a21-9c23-d1ad1913b47f" />
      <TestMethod codeBase="D:/Business/Development/Konnetic/UnifySipApi/Production/Src/Konnetic Unify SIP API/Konnetic.Sip.UnitTests/bin/Debug/Konnetic.Sip.UnitTests.DLL" adapterTypeName="Microsoft.VisualStudio.TestTools.TestTypes.Unit.UnitTestAdapter, Microsoft.VisualStudio.QualityTools.Tips.UnitTest.Adapter" className="Konnetic.Sip.UnitTests.InviteAdapter, Konnetic.Sip.UnitTests, Version=1.0.3676.32754, Culture=neutral, PublicKeyToken=null" name="FindTest" />
    </UnitTest>
    <UnitTest name="CloneTest" storage="konnetic.sip.unittests.dll" id="78c352a6-0f34-2b5c-a271-c2fe6fb225ba">
      <Css projectStructure="" iteration="" />
      <Owners>
        <Owner name="" />
      </Owners>
      <Execution id="ef6c8c90-76b8-4129-9a4c-b0dd81c17e55" />
      <TestMethod codeBase="D:/Business/Development/Konnetic/UnifySipApi/Production/Src/Konnetic Unify SIP API/Konnetic.Sip.UnitTests/bin/Debug/Konnetic.Sip.UnitTests.DLL" adapterTypeName="Microsoft.VisualStudio.TestTools.TestTypes.Unit.UnitTestAdapter, Microsoft.VisualStudio.QualityTools.Tips.UnitTest.Adapter" className="Konnetic.Sip.UnitTests.AuthorizationHeaderFieldAdapter, Konnetic.Sip.UnitTests, Version=1.0.3676.32754, Culture=neutral, PublicKeyToken=null" name="CloneTest" />
    </UnitTest>
    <UnitTest name="SecondsTest" storage="konnetic.sip.unittests.dll" id="d36e8363-b140-0e69-2ac9-943c106cba2c">
      <Css projectStructure="" iteration="" />
      <Owners>
        <Owner name="" />
      </Owners>
      <Execution id="399019e3-5c41-42c9-a274-676b476dbc67" />
      <TestMethod codeBase="D:/Business/Development/Konnetic/UnifySipApi/Production/Src/Konnetic Unify SIP API/Konnetic.Sip.UnitTests/bin/Debug/Konnetic.Sip.UnitTests.DLL" adapterTypeName="Microsoft.VisualStudio.TestTools.TestTypes.Unit.UnitTestAdapter, Microsoft.VisualStudio.QualityTools.Tips.UnitTest.Adapter" className="Konnetic.Sip.UnitTests.RetryAfterHeaderFieldAdapter, Konnetic.Sip.UnitTests, Version=1.0.3676.32754, Culture=neutral, PublicKeyToken=null" name="SecondsTest" />
    </UnitTest>
    <UnitTest name="UpdateTesta" storage="konnetic.sip.unittests.dll" id="11c3208b-346d-b9f1-49ea-f08bda1c467d">
      <Css projectStructure="" iteration="" />
      <Owners>
        <Owner name="" />
      </Owners>
      <Execution id="e53826eb-e2c8-4052-af34-2626b3a5f8cd" />
      <TestMethod codeBase="D:/Business/Development/Konnetic/UnifySipApi/Production/Src/Konnetic Unify SIP API/Konnetic.Sip.UnitTests/bin/Debug/Konnetic.Sip.UnitTests.DLL" adapterTypeName="Microsoft.VisualStudio.TestTools.TestTypes.Unit.UnitTestAdapter, Microsoft.VisualStudio.QualityTools.Tips.UnitTest.Adapter" className="Konnetic.Sip.UnitTests.HeaderFieldCollectionAdapter, Konnetic.Sip.UnitTests, Version=1.0.3676.32754, Culture=neutral, PublicKeyToken=null" name="UpdateTesta" expectedException="System.ArgumentNullException, mscorlib, Version=2.0.0.0, Culture=neutral, PublicKeyToken=b77a5c561934e089" />
    </UnitTest>
    <UnitTest name="UpdateTest1a" storage="konnetic.sip.unittests.dll" id="fb257754-7258-574a-bd67-0784c582980f">
      <Css projectStructure="" iteration="" />
      <Owners>
        <Owner name="" />
      </Owners>
      <Execution id="4d0dc49d-f523-4f47-8b56-8938c5e320c9" />
      <TestMethod codeBase="D:/Business/Development/Konnetic/UnifySipApi/Production/Src/Konnetic Unify SIP API/Konnetic.Sip.UnitTests/bin/Debug/Konnetic.Sip.UnitTests.DLL" adapterTypeName="Microsoft.VisualStudio.TestTools.TestTypes.Unit.UnitTestAdapter, Microsoft.VisualStudio.QualityTools.Tips.UnitTest.Adapter" className="Konnetic.Sip.UnitTests.HeaderFieldCollectionAdapter, Konnetic.Sip.UnitTests, Version=1.0.3676.32754, Culture=neutral, PublicKeyToken=null" name="UpdateTest1a" expectedException="System.ArgumentException, mscorlib, Version=2.0.0.0, Culture=neutral, PublicKeyToken=b77a5c561934e089" />
    </UnitTest>
    <UnitTest name="GetStringValueTest" storage="konnetic.sip.unittests.dll" id="dba35281-c4c6-aba3-a50c-1b21c6f7b9b7">
      <Css projectStructure="" iteration="" />
      <Owners>
        <Owner name="" />
      </Owners>
      <Execution id="ab8420bc-0e28-4ba7-bb30-63ed748d656b" />
      <TestMethod codeBase="D:/Business/Development/Konnetic/UnifySipApi/Production/Src/Konnetic Unify SIP API/Konnetic.Sip.UnitTests/bin/Debug/Konnetic.Sip.UnitTests.DLL" adapterTypeName="Microsoft.VisualStudio.TestTools.TestTypes.Unit.UnitTestAdapter, Microsoft.VisualStudio.QualityTools.Tips.UnitTest.Adapter" className="Konnetic.Sip.UnitTests.OrganizationHeaderFieldAdapter, Konnetic.Sip.UnitTests, Version=1.0.3676.32754, Culture=neutral, PublicKeyToken=null" name="GetStringValueTest" />
    </UnitTest>
    <UnitTest name="ParseTest" storage="konnetic.sip.unittests.dll" id="c286aae4-55f5-b9de-ed41-e5dcac376aa4">
      <Css projectStructure="" iteration="" />
      <Owners>
        <Owner name="" />
      </Owners>
      <Execution id="e35242d2-58f3-4357-b42d-905dc64dfe40" />
      <TestMethod codeBase="D:/Business/Development/Konnetic/UnifySipApi/Production/Src/Konnetic Unify SIP API/Konnetic.Sip.UnitTests/bin/Debug/Konnetic.Sip.UnitTests.DLL" adapterTypeName="Microsoft.VisualStudio.TestTools.TestTypes.Unit.UnitTestAdapter, Microsoft.VisualStudio.QualityTools.Tips.UnitTest.Adapter" className="Konnetic.Sip.UnitTests.MaxForwardsHeaderFieldAdapter, Konnetic.Sip.UnitTests, Version=1.0.3676.32754, Culture=neutral, PublicKeyToken=null" name="ParseTest" />
    </UnitTest>
    <UnitTest name="ValueTest1" storage="konnetic.sip.unittests.dll" id="e715464c-f91f-3985-31f5-b4c19dc3bb47">
      <Css projectStructure="" iteration="" />
      <Owners>
        <Owner name="" />
      </Owners>
      <Execution id="5094fb70-0fc8-4a9f-b816-b19458c65ba0" />
      <TestMethod codeBase="D:/Business/Development/Konnetic/UnifySipApi/Production/Src/Konnetic Unify SIP API/Konnetic.Sip.UnitTests/bin/Debug/Konnetic.Sip.UnitTests.DLL" adapterTypeName="Microsoft.VisualStudio.TestTools.TestTypes.Unit.UnitTestAdapter, Microsoft.VisualStudio.QualityTools.Tips.UnitTest.Adapter" className="Konnetic.Sip.UnitTests.GenericHeaderFieldAdapter, Konnetic.Sip.UnitTests, Version=1.0.3676.32754, Culture=neutral, PublicKeyToken=null" name="ValueTest1" />
    </UnitTest>
    <UnitTest name="BranchTest1" storage="konnetic.sip.unittests.dll" id="7349c5b0-6f6a-6aa4-89fa-e0a64adb3801">
      <Css projectStructure="" iteration="" />
      <Owners>
        <Owner name="" />
      </Owners>
      <Execution id="db42eeca-4ecf-4e66-811a-cec9908dc1e6" />
      <TestMethod codeBase="D:/Business/Development/Konnetic/UnifySipApi/Production/Src/Konnetic Unify SIP API/Konnetic.Sip.UnitTests/bin/Debug/Konnetic.Sip.UnitTests.DLL" adapterTypeName="Microsoft.VisualStudio.TestTools.TestTypes.Unit.UnitTestAdapter, Microsoft.VisualStudio.QualityTools.Tips.UnitTest.Adapter" className="Konnetic.Sip.UnitTests.ViaHeaderFieldAdapter, Konnetic.Sip.UnitTests, Version=1.0.3676.32754, Culture=neutral, PublicKeyToken=null" name="BranchTest1" />
    </UnitTest>
    <UnitTest name="SecondsTest2" storage="konnetic.sip.unittests.dll" id="9702b0ef-1a9b-69ea-9f16-6d68ecac4b2b">
      <Css projectStructure="" iteration="" />
      <Owners>
        <Owner name="" />
      </Owners>
      <Execution id="92d94bf4-603a-4b69-bd0b-46c70c22b68a" />
      <TestMethod codeBase="D:/Business/Development/Konnetic/UnifySipApi/Production/Src/Konnetic Unify SIP API/Konnetic.Sip.UnitTests/bin/Debug/Konnetic.Sip.UnitTests.DLL" adapterTypeName="Microsoft.VisualStudio.TestTools.TestTypes.Unit.UnitTestAdapter, Microsoft.VisualStudio.QualityTools.Tips.UnitTest.Adapter" className="Konnetic.Sip.UnitTests.ExpiresHeaderFieldAdapter, Konnetic.Sip.UnitTests, Version=1.0.3676.32754, Culture=neutral, PublicKeyToken=null" name="SecondsTest2" expectedException="Konnetic.Sip.SipOutOfRangeException, Konnetic.Sip, Version=1.0.3676.32752, Culture=neutral, PublicKeyToken=null" />
    </UnitTest>
    <UnitTest name="op_ImplicitTest" storage="konnetic.sip.unittests.dll" id="a57468a4-b6f7-3d7d-668a-8b1444cbab84">
      <Css projectStructure="" iteration="" />
      <Owners>
        <Owner name="" />
      </Owners>
      <Execution id="f990f5a6-91af-4d93-95e3-e682481e1e9b" />
      <TestMethod codeBase="D:/Business/Development/Konnetic/UnifySipApi/Production/Src/Konnetic Unify SIP API/Konnetic.Sip.UnitTests/bin/Debug/Konnetic.Sip.UnitTests.DLL" adapterTypeName="Microsoft.VisualStudio.TestTools.TestTypes.Unit.UnitTestAdapter, Microsoft.VisualStudio.QualityTools.Tips.UnitTest.Adapter" className="Konnetic.Sip.UnitTests.CallInfoHeaderFieldAdapter, Konnetic.Sip.UnitTests, Version=1.0.3676.32754, Culture=neutral, PublicKeyToken=null" name="op_ImplicitTest" />
    </UnitTest>
    <UnitTest name="ParseTest" storage="konnetic.sip.unittests.dll" id="0a6b1658-9659-8bfe-780c-ebff2e24c99c">
      <Css projectStructure="" iteration="" />
      <Owners>
        <Owner name="" />
      </Owners>
      <Execution id="18a4eff0-b705-4f12-b83d-c21d5280080f" />
      <TestMethod codeBase="D:/Business/Development/Konnetic/UnifySipApi/Production/Src/Konnetic Unify SIP API/Konnetic.Sip.UnitTests/bin/Debug/Konnetic.Sip.UnitTests.DLL" adapterTypeName="Microsoft.VisualStudio.TestTools.TestTypes.Unit.UnitTestAdapter, Microsoft.VisualStudio.QualityTools.Tips.UnitTest.Adapter" className="Konnetic.Sip.UnitTests.RecordRouteHeaderFieldAdapter, Konnetic.Sip.UnitTests, Version=1.0.3676.32754, Culture=neutral, PublicKeyToken=null" name="ParseTest" />
    </UnitTest>
    <UnitTest name="IsValidTest" storage="konnetic.sip.unittests.dll" id="ce84458c-0830-5afe-f37b-f1d91a38d4b5">
      <Css projectStructure="" iteration="" />
      <Owners>
        <Owner name="" />
      </Owners>
      <Execution id="85703ac4-0612-4d85-b541-0e6de0d985df" />
      <TestMethod codeBase="D:/Business/Development/Konnetic/UnifySipApi/Production/Src/Konnetic Unify SIP API/Konnetic.Sip.UnitTests/bin/Debug/Konnetic.Sip.UnitTests.DLL" adapterTypeName="Microsoft.VisualStudio.TestTools.TestTypes.Unit.UnitTestAdapter, Microsoft.VisualStudio.QualityTools.Tips.UnitTest.Adapter" className="Konnetic.Sip.UnitTests.OrganizationHeaderFieldAdapter, Konnetic.Sip.UnitTests, Version=1.0.3676.32754, Culture=neutral, PublicKeyToken=null" name="IsValidTest" />
    </UnitTest>
    <UnitTest name="CloneTest" storage="konnetic.sip.unittests.dll" id="b3b87a25-707e-eabd-cd9b-4706c79e030a">
      <Css projectStructure="" iteration="" />
      <Owners>
        <Owner name="" />
      </Owners>
      <Execution id="6393236f-7008-4aee-bfcb-fffbee93a9fa" />
      <TestMethod codeBase="D:/Business/Development/Konnetic/UnifySipApi/Production/Src/Konnetic Unify SIP API/Konnetic.Sip.UnitTests/bin/Debug/Konnetic.Sip.UnitTests.DLL" adapterTypeName="Microsoft.VisualStudio.TestTools.TestTypes.Unit.UnitTestAdapter, Microsoft.VisualStudio.QualityTools.Tips.UnitTest.Adapter" className="Konnetic.Sip.UnitTests.ContentEncodingHeaderFieldAdapter, Konnetic.Sip.UnitTests, Version=1.0.3676.32754, Culture=neutral, PublicKeyToken=null" name="CloneTest" />
    </UnitTest>
    <UnitTest name="CloneTest" storage="konnetic.sip.unittests.dll" id="b60ecaa4-88ea-cc5e-4fdb-c6ec7040bde7">
      <Css projectStructure="" iteration="" />
      <Owners>
        <Owner name="" />
      </Owners>
      <Execution id="96b03229-9f56-437c-9a93-4154bf912986" />
      <TestMethod codeBase="D:/Business/Development/Konnetic/UnifySipApi/Production/Src/Konnetic Unify SIP API/Konnetic.Sip.UnitTests/bin/Debug/Konnetic.Sip.UnitTests.DLL" adapterTypeName="Microsoft.VisualStudio.TestTools.TestTypes.Unit.UnitTestAdapter, Microsoft.VisualStudio.QualityTools.Tips.UnitTest.Adapter" className="Konnetic.Sip.UnitTests.RequireHeaderFieldAdapter, Konnetic.Sip.UnitTests, Version=1.0.3676.32754, Culture=neutral, PublicKeyToken=null" name="CloneTest" />
    </UnitTest>
    <UnitTest name="ParametersTest" storage="konnetic.sip.unittests.dll" id="0ffb05a9-2b5a-b9b8-aef4-0a20f7ce8213">
      <Css projectStructure="" iteration="" />
      <Owners>
        <Owner name="" />
      </Owners>
      <Execution id="8943273c-7963-440f-bc70-e68668c9f9b3" />
      <TestMethod codeBase="D:/Business/Development/Konnetic/UnifySipApi/Production/Src/Konnetic Unify SIP API/Konnetic.Sip.UnitTests/bin/Debug/Konnetic.Sip.UnitTests.DLL" adapterTypeName="Microsoft.VisualStudio.TestTools.TestTypes.Unit.UnitTestAdapter, Microsoft.VisualStudio.QualityTools.Tips.UnitTest.Adapter" className="Konnetic.Sip.UnitTests.SipUriAdapter, Konnetic.Sip.UnitTests, Version=1.0.3676.32754, Culture=neutral, PublicKeyToken=null" name="ParametersTest" />
    </UnitTest>
    <UnitTest name="CSeqHeaderFieldConstructorTest2" storage="konnetic.sip.unittests.dll" id="c96e31ca-43c5-df87-6c5b-7e1eee7f237c">
      <Css projectStructure="" iteration="" />
      <Owners>
        <Owner name="" />
      </Owners>
      <Execution id="8349e2a2-5c53-4efb-9bcf-36cd9e102fe4" />
      <TestMethod codeBase="D:/Business/Development/Konnetic/UnifySipApi/Production/Src/Konnetic Unify SIP API/Konnetic.Sip.UnitTests/bin/Debug/Konnetic.Sip.UnitTests.DLL" adapterTypeName="Microsoft.VisualStudio.TestTools.TestTypes.Unit.UnitTestAdapter, Microsoft.VisualStudio.QualityTools.Tips.UnitTest.Adapter" className="Konnetic.Sip.UnitTests.CSeqHeaderFieldAdapter, Konnetic.Sip.UnitTests, Version=1.0.3676.32754, Culture=neutral, PublicKeyToken=null" name="CSeqHeaderFieldConstructorTest2" />
    </UnitTest>
    <UnitTest name="QValueTest2" storage="konnetic.sip.unittests.dll" id="79e1d2d9-9256-0515-c892-e4c21109d8f8">
      <Css projectStructure="" iteration="" />
      <Owners>
        <Owner name="" />
      </Owners>
      <Execution id="9d60633c-9dcc-4a49-ace5-8dc2d4bc6b2f" />
      <TestMethod codeBase="D:/Business/Development/Konnetic/UnifySipApi/Production/Src/Konnetic Unify SIP API/Konnetic.Sip.UnitTests/bin/Debug/Konnetic.Sip.UnitTests.DLL" adapterTypeName="Microsoft.VisualStudio.TestTools.TestTypes.Unit.UnitTestAdapter, Microsoft.VisualStudio.QualityTools.Tips.UnitTest.Adapter" className="Konnetic.Sip.UnitTests.AcceptHeaderFieldAdapter, Konnetic.Sip.UnitTests, Version=1.0.3676.32754, Culture=neutral, PublicKeyToken=null" name="QValueTest2" expectedException="Konnetic.Sip.SipOutOfRangeException, Konnetic.Sip, Version=1.0.3676.32752, Culture=neutral, PublicKeyToken=null" />
    </UnitTest>
    <UnitTest name="IsValidTest" storage="konnetic.sip.unittests.dll" id="d14c80b8-ac60-2e68-75ed-9e671dd76c42">
      <Css projectStructure="" iteration="" />
      <Owners>
        <Owner name="" />
      </Owners>
      <Execution id="9225a97f-e59a-4ce2-a7c2-bef69e4a63b8" />
      <TestMethod codeBase="D:/Business/Development/Konnetic/UnifySipApi/Production/Src/Konnetic Unify SIP API/Konnetic.Sip.UnitTests/bin/Debug/Konnetic.Sip.UnitTests.DLL" adapterTypeName="Microsoft.VisualStudio.TestTools.TestTypes.Unit.UnitTestAdapter, Microsoft.VisualStudio.QualityTools.Tips.UnitTest.Adapter" className="Konnetic.Sip.UnitTests.MaxForwardsHeaderFieldAdapter, Konnetic.Sip.UnitTests, Version=1.0.3676.32754, Culture=neutral, PublicKeyToken=null" name="IsValidTest" />
    </UnitTest>
    <UnitTest name="ParseTest" storage="konnetic.sip.unittests.dll" id="73780057-5466-4549-214f-f8eda301ff72">
      <Css projectStructure="" iteration="" />
      <Owners>
        <Owner name="" />
      </Owners>
      <Execution id="b4e4370e-bf8e-4089-8a6f-64568f958284" />
      <TestMethod codeBase="D:/Business/Development/Konnetic/UnifySipApi/Production/Src/Konnetic Unify SIP API/Konnetic.Sip.UnitTests/bin/Debug/Konnetic.Sip.UnitTests.DLL" adapterTypeName="Microsoft.VisualStudio.TestTools.TestTypes.Unit.UnitTestAdapter, Microsoft.VisualStudio.QualityTools.Tips.UnitTest.Adapter" className="Konnetic.Sip.UnitTests.AcceptHeaderFieldAdapter, Konnetic.Sip.UnitTests, Version=1.0.3676.32754, Culture=neutral, PublicKeyToken=null" name="ParseTest" />
    </UnitTest>
    <UnitTest name="GetSipComponentsTest" storage="konnetic.sip.unittests.dll" id="8aee3132-1d8d-8a8a-67dd-bb5765529bd9">
      <Css projectStructure="" iteration="" />
      <Owners>
        <Owner name="" />
      </Owners>
      <Execution id="69356de9-3b65-4869-9bdd-33f6194e069a" />
      <TestMethod codeBase="D:/Business/Development/Konnetic/UnifySipApi/Production/Src/Konnetic Unify SIP API/Konnetic.Sip.UnitTests/bin/Debug/Konnetic.Sip.UnitTests.DLL" adapterTypeName="Microsoft.VisualStudio.TestTools.TestTypes.Unit.UnitTestAdapter, Microsoft.VisualStudio.QualityTools.Tips.UnitTest.Adapter" className="Konnetic.Sip.UnitTests.SipUriAdapter, Konnetic.Sip.UnitTests, Version=1.0.3676.32754, Culture=neutral, PublicKeyToken=null" name="GetSipComponentsTest" />
    </UnitTest>
    <UnitTest name="GetStringValueTest" storage="konnetic.sip.unittests.dll" id="c1fb7d66-a535-1262-27c7-aaa12490a290">
      <Css projectStructure="" iteration="" />
      <Owners>
        <Owner name="" />
      </Owners>
      <Execution id="b625fba9-d16b-46f2-9380-485be945fee0" />
      <TestMethod codeBase="D:/Business/Development/Konnetic/UnifySipApi/Production/Src/Konnetic Unify SIP API/Konnetic.Sip.UnitTests/bin/Debug/Konnetic.Sip.UnitTests.DLL" adapterTypeName="Microsoft.VisualStudio.TestTools.TestTypes.Unit.UnitTestAdapter, Microsoft.VisualStudio.QualityTools.Tips.UnitTest.Adapter" className="Konnetic.Sip.UnitTests.RetryAfterHeaderFieldAdapter, Konnetic.Sip.UnitTests, Version=1.0.3676.32754, Culture=neutral, PublicKeyToken=null" name="GetStringValueTest" />
    </UnitTest>
    <UnitTest name="ContentEncodingTest" storage="konnetic.sip.unittests.dll" id="223c7435-6b43-2007-709d-8c2478b15d0c">
      <Css projectStructure="" iteration="" />
      <Owners>
        <Owner name="" />
      </Owners>
      <Execution id="fe742040-f1f8-4263-b0b4-fdf0e3281eed" />
      <TestMethod codeBase="D:/Business/Development/Konnetic/UnifySipApi/Production/Src/Konnetic Unify SIP API/Konnetic.Sip.UnitTests/bin/Debug/Konnetic.Sip.UnitTests.DLL" adapterTypeName="Microsoft.VisualStudio.TestTools.TestTypes.Unit.UnitTestAdapter, Microsoft.VisualStudio.QualityTools.Tips.UnitTest.Adapter" className="Konnetic.Sip.UnitTests.ContentEncodingHeaderFieldAdapter, Konnetic.Sip.UnitTests, Version=1.0.3676.32754, Culture=neutral, PublicKeyToken=null" name="ContentEncodingTest" />
    </UnitTest>
    <UnitTest name="TagTest" storage="konnetic.sip.unittests.dll" id="b494661d-9d1e-37a3-0b29-b38f69e98eab">
      <Css projectStructure="" iteration="" />
      <Owners>
        <Owner name="" />
      </Owners>
      <Execution id="86fcc6c9-1145-4151-986d-a57be7c0efcd" />
      <TestMethod codeBase="D:/Business/Development/Konnetic/UnifySipApi/Production/Src/Konnetic Unify SIP API/Konnetic.Sip.UnitTests/bin/Debug/Konnetic.Sip.UnitTests.DLL" adapterTypeName="Microsoft.VisualStudio.TestTools.TestTypes.Unit.UnitTestAdapter, Microsoft.VisualStudio.QualityTools.Tips.UnitTest.Adapter" className="Konnetic.Sip.UnitTests.FromHeaderFieldAdapter, Konnetic.Sip.UnitTests, Version=1.0.3676.32754, Culture=neutral, PublicKeyToken=null" name="TagTest" />
    </UnitTest>
    <UnitTest name="HasParametersTest" storage="konnetic.sip.unittests.dll" id="b3460b61-9fef-7e10-0196-a2c8ddefcce9">
      <Css projectStructure="" iteration="" />
      <Owners>
        <Owner name="" />
      </Owners>
      <Execution id="760f01f4-0f94-4441-a02f-cae72f15d6e8" />
      <TestMethod codeBase="D:/Business/Development/Konnetic/UnifySipApi/Production/Src/Konnetic Unify SIP API/Konnetic.Sip.UnitTests/bin/Debug/Konnetic.Sip.UnitTests.DLL" adapterTypeName="Microsoft.VisualStudio.TestTools.TestTypes.Unit.UnitTestAdapter, Microsoft.VisualStudio.QualityTools.Tips.UnitTest.Adapter" className="Konnetic.Sip.UnitTests.ParamatizedHeaderFieldAdapter, Konnetic.Sip.UnitTests, Version=1.0.3676.32754, Culture=neutral, PublicKeyToken=null" name="HasParametersTest" />
    </UnitTest>
    <UnitTest name="WarningHeaderFieldConstructorTest2" storage="konnetic.sip.unittests.dll" id="f2b89d9a-0575-103e-8e34-9aa35a50ee4a">
      <Css projectStructure="" iteration="" />
      <Owners>
        <Owner name="" />
      </Owners>
      <Execution id="47368bcc-ee97-47aa-9da6-971476afe1f9" />
      <TestMethod codeBase="D:/Business/Development/Konnetic/UnifySipApi/Production/Src/Konnetic Unify SIP API/Konnetic.Sip.UnitTests/bin/Debug/Konnetic.Sip.UnitTests.DLL" adapterTypeName="Microsoft.VisualStudio.TestTools.TestTypes.Unit.UnitTestAdapter, Microsoft.VisualStudio.QualityTools.Tips.UnitTest.Adapter" className="Konnetic.Sip.UnitTests.WarningHeaderFieldAdapter, Konnetic.Sip.UnitTests, Version=1.0.3676.32754, Culture=neutral, PublicKeyToken=null" name="WarningHeaderFieldConstructorTest2" />
    </UnitTest>
    <UnitTest name="GetStringValueTest" storage="konnetic.sip.unittests.dll" id="c94a84d0-7cf2-6fb2-d82b-9275b239db95">
      <Css projectStructure="" iteration="" />
      <Owners>
        <Owner name="" />
      </Owners>
      <Execution id="e40a6968-b122-47db-9a6d-34bebed671c5" />
      <TestMethod codeBase="D:/Business/Development/Konnetic/UnifySipApi/Production/Src/Konnetic Unify SIP API/Konnetic.Sip.UnitTests/bin/Debug/Konnetic.Sip.UnitTests.DLL" adapterTypeName="Microsoft.VisualStudio.TestTools.TestTypes.Unit.UnitTestAdapter, Microsoft.VisualStudio.QualityTools.Tips.UnitTest.Adapter" className="Konnetic.Sip.UnitTests.MediaTypeHeaderFieldAdapter, Konnetic.Sip.UnitTests, Version=1.0.3676.32754, Culture=neutral, PublicKeyToken=null" name="GetStringValueTest" />
    </UnitTest>
    <UnitTest name="PriorityHeaderFieldConstructorTest2" storage="konnetic.sip.unittests.dll" id="62c0ac74-4e3d-5ecb-96ec-cf15917b26b6">
      <Css projectStructure="" iteration="" />
      <Owners>
        <Owner name="" />
      </Owners>
      <Execution id="09e7d520-0d9b-48d2-9ee4-5afe5f144e54" />
      <TestMethod codeBase="D:/Business/Development/Konnetic/UnifySipApi/Production/Src/Konnetic Unify SIP API/Konnetic.Sip.UnitTests/bin/Debug/Konnetic.Sip.UnitTests.DLL" adapterTypeName="Microsoft.VisualStudio.TestTools.TestTypes.Unit.UnitTestAdapter, Microsoft.VisualStudio.QualityTools.Tips.UnitTest.Adapter" className="Konnetic.Sip.UnitTests.PriorityHeaderFieldAdapter, Konnetic.Sip.UnitTests, Version=1.0.3676.32754, Culture=neutral, PublicKeyToken=null" name="PriorityHeaderFieldConstructorTest2" />
    </UnitTest>
    <UnitTest name="ToStringTest" storage="konnetic.sip.unittests.dll" id="ffff8b6f-bdf7-4cf8-2e75-e22216455b6a">
      <Css projectStructure="" iteration="" />
      <Owners>
        <Owner name="" />
      </Owners>
      <Execution id="084655cf-73a2-433c-8559-960fe921b93a" />
      <TestMethod codeBase="D:/Business/Development/Konnetic/UnifySipApi/Production/Src/Konnetic Unify SIP API/Konnetic.Sip.UnitTests/bin/Debug/Konnetic.Sip.UnitTests.DLL" adapterTypeName="Microsoft.VisualStudio.TestTools.TestTypes.Unit.UnitTestAdapter, Microsoft.VisualStudio.QualityTools.Tips.UnitTest.Adapter" className="Konnetic.Sip.UnitTests.HeaderFieldBaseAdapter, Konnetic.Sip.UnitTests, Version=1.0.3676.32754, Culture=neutral, PublicKeyToken=null" name="ToStringTest" />
    </UnitTest>
    <UnitTest name="LanguageRangeParameterTest" storage="konnetic.sip.unittests.dll" id="1d696a76-e791-4872-c480-f7a5e599513e">
      <Css projectStructure="" iteration="" />
      <Owners>
        <Owner name="" />
      </Owners>
      <Execution id="26ab02ef-8194-4bf4-b2a7-6dbe2ef79d71" />
      <TestMethod codeBase="D:/Business/Development/Konnetic/UnifySipApi/Production/Src/Konnetic Unify SIP API/Konnetic.Sip.UnitTests/bin/Debug/Konnetic.Sip.UnitTests.DLL" adapterTypeName="Microsoft.VisualStudio.TestTools.TestTypes.Unit.UnitTestAdapter, Microsoft.VisualStudio.QualityTools.Tips.UnitTest.Adapter" className="Konnetic.Sip.UnitTests.AcceptLanguageHeaderFieldAdapter, Konnetic.Sip.UnitTests, Version=1.0.3676.32754, Culture=neutral, PublicKeyToken=null" name="LanguageRangeParameterTest" />
    </UnitTest>
    <UnitTest name="ParseTest" storage="konnetic.sip.unittests.dll" id="91e3fbe1-a16a-b613-f879-63a6196833a3">
      <Css projectStructure="" iteration="" />
      <Owners>
        <Owner name="" />
      </Owners>
      <Execution id="06e31b87-8e85-45b7-a006-01200df63acb" />
      <TestMethod codeBase="D:/Business/Development/Konnetic/UnifySipApi/Production/Src/Konnetic Unify SIP API/Konnetic.Sip.UnitTests/bin/Debug/Konnetic.Sip.UnitTests.DLL" adapterTypeName="Microsoft.VisualStudio.TestTools.TestTypes.Unit.UnitTestAdapter, Microsoft.VisualStudio.QualityTools.Tips.UnitTest.Adapter" className="Konnetic.Sip.UnitTests.AcceptLanguageHeaderFieldAdapter, Konnetic.Sip.UnitTests, Version=1.0.3676.32754, Culture=neutral, PublicKeyToken=null" name="ParseTest" />
    </UnitTest>
    <UnitTest name="op_ImplicitTest" storage="konnetic.sip.unittests.dll" id="f8d9683c-ee75-771f-a166-4512b59870e9">
      <Css projectStructure="" iteration="" />
      <Owners>
        <Owner name="" />
      </Owners>
      <Execution id="167991a8-1ab5-43d2-b26d-875db7f6f93a" />
      <TestMethod codeBase="D:/Business/Development/Konnetic/UnifySipApi/Production/Src/Konnetic Unify SIP API/Konnetic.Sip.UnitTests/bin/Debug/Konnetic.Sip.UnitTests.DLL" adapterTypeName="Microsoft.VisualStudio.TestTools.TestTypes.Unit.UnitTestAdapter, Microsoft.VisualStudio.QualityTools.Tips.UnitTest.Adapter" className="Konnetic.Sip.UnitTests.ContactHeaderFieldAdapter, Konnetic.Sip.UnitTests, Version=1.0.3676.32754, Culture=neutral, PublicKeyToken=null" name="op_ImplicitTest" />
    </UnitTest>
    <UnitTest name="ContentDispositionHeaderFieldConstructorTest" storage="konnetic.sip.unittests.dll" id="30cd5cc0-0b68-0639-c423-44f593bc1ae2">
      <Css projectStructure="" iteration="" />
      <Owners>
        <Owner name="" />
      </Owners>
      <Execution id="153f9484-1862-4b11-85f8-1f8147b89a6f" />
      <TestMethod codeBase="D:/Business/Development/Konnetic/UnifySipApi/Production/Src/Konnetic Unify SIP API/Konnetic.Sip.UnitTests/bin/Debug/Konnetic.Sip.UnitTests.DLL" adapterTypeName="Microsoft.VisualStudio.TestTools.TestTypes.Unit.UnitTestAdapter, Microsoft.VisualStudio.QualityTools.Tips.UnitTest.Adapter" className="Konnetic.Sip.UnitTests.ContentDispositionHeaderFieldAdapter, Konnetic.Sip.UnitTests, Version=1.0.3676.32754, Culture=neutral, PublicKeyToken=null" name="ContentDispositionHeaderFieldConstructorTest" />
    </UnitTest>
    <UnitTest name="ContentDispositionHeaderFieldConstructorTest3" storage="konnetic.sip.unittests.dll" id="0ec7c5ea-ba60-1b69-0088-887cc48b1020">
      <Css projectStructure="" iteration="" />
      <Owners>
        <Owner name="" />
      </Owners>
      <Execution id="2d2fbf74-b214-4507-8c41-1a7d8782b6ef" />
      <TestMethod codeBase="D:/Business/Development/Konnetic/UnifySipApi/Production/Src/Konnetic Unify SIP API/Konnetic.Sip.UnitTests/bin/Debug/Konnetic.Sip.UnitTests.DLL" adapterTypeName="Microsoft.VisualStudio.TestTools.TestTypes.Unit.UnitTestAdapter, Microsoft.VisualStudio.QualityTools.Tips.UnitTest.Adapter" className="Konnetic.Sip.UnitTests.ContentDispositionHeaderFieldAdapter, Konnetic.Sip.UnitTests, Version=1.0.3676.32754, Culture=neutral, PublicKeyToken=null" name="ContentDispositionHeaderFieldConstructorTest3" />
    </UnitTest>
    <UnitTest name="IsValidTest" storage="konnetic.sip.unittests.dll" id="12ea7ec2-496d-dd87-3bf4-e57da7015f2d">
      <Css projectStructure="" iteration="" />
      <Owners>
        <Owner name="" />
      </Owners>
      <Execution id="67037645-f30e-4053-932f-1f70a1fd7c85" />
      <TestMethod codeBase="D:/Business/Development/Konnetic/UnifySipApi/Production/Src/Konnetic Unify SIP API/Konnetic.Sip.UnitTests/bin/Debug/Konnetic.Sip.UnitTests.DLL" adapterTypeName="Microsoft.VisualStudio.TestTools.TestTypes.Unit.UnitTestAdapter, Microsoft.VisualStudio.QualityTools.Tips.UnitTest.Adapter" className="Konnetic.Sip.UnitTests.AcceptLanguageHeaderFieldAdapter, Konnetic.Sip.UnitTests, Version=1.0.3676.32754, Culture=neutral, PublicKeyToken=null" name="IsValidTest" />
    </UnitTest>
    <UnitTest name="TimestampHeaderFieldConstructorTest" storage="konnetic.sip.unittests.dll" id="a9aad769-c0f1-fd41-10a7-9493ce4b003a">
      <Css projectStructure="" iteration="" />
      <Owners>
        <Owner name="" />
      </Owners>
      <Execution id="f514c14f-0a6e-4d66-bc49-275eac7701aa" />
      <TestMethod codeBase="D:/Business/Development/Konnetic/UnifySipApi/Production/Src/Konnetic Unify SIP API/Konnetic.Sip.UnitTests/bin/Debug/Konnetic.Sip.UnitTests.DLL" adapterTypeName="Microsoft.VisualStudio.TestTools.TestTypes.Unit.UnitTestAdapter, Microsoft.VisualStudio.QualityTools.Tips.UnitTest.Adapter" className="Konnetic.Sip.UnitTests.TimestampHeaderFieldAdapter, Konnetic.Sip.UnitTests, Version=1.0.3676.32754, Culture=neutral, PublicKeyToken=null" name="TimestampHeaderFieldConstructorTest" />
    </UnitTest>
    <UnitTest name="IsValidTest" storage="konnetic.sip.unittests.dll" id="46697a9a-3629-b479-4baa-02c38113d5c0">
      <Css projectStructure="" iteration="" />
      <Owners>
        <Owner name="" />
      </Owners>
      <Execution id="9f413ba1-0bda-4657-9dee-842d0cdc3c8a" />
      <TestMethod codeBase="D:/Business/Development/Konnetic/UnifySipApi/Production/Src/Konnetic Unify SIP API/Konnetic.Sip.UnitTests/bin/Debug/Konnetic.Sip.UnitTests.DLL" adapterTypeName="Microsoft.VisualStudio.TestTools.TestTypes.Unit.UnitTestAdapter, Microsoft.VisualStudio.QualityTools.Tips.UnitTest.Adapter" className="Konnetic.Sip.UnitTests.ContentEncodingHeaderFieldAdapter, Konnetic.Sip.UnitTests, Version=1.0.3676.32754, Culture=neutral, PublicKeyToken=null" name="IsValidTest" />
    </UnitTest>
    <UnitTest name="AlertInfoHeaderFieldConstructorTest" storage="konnetic.sip.unittests.dll" id="9e4f37c8-e134-c2f1-824d-92ce41a37c65">
      <Css projectStructure="" iteration="" />
      <Owners>
        <Owner name="" />
      </Owners>
      <Execution id="fb31e027-2352-4cdb-a692-78a0fa5a4a92" />
      <TestMethod codeBase="D:/Business/Development/Konnetic/UnifySipApi/Production/Src/Konnetic Unify SIP API/Konnetic.Sip.UnitTests/bin/Debug/Konnetic.Sip.UnitTests.DLL" adapterTypeName="Microsoft.VisualStudio.TestTools.TestTypes.Unit.UnitTestAdapter, Microsoft.VisualStudio.QualityTools.Tips.UnitTest.Adapter" className="Konnetic.Sip.UnitTests.AlertInfoHeaderFieldAdapter, Konnetic.Sip.UnitTests, Version=1.0.3676.32754, Culture=neutral, PublicKeyToken=null" name="AlertInfoHeaderFieldConstructorTest" />
    </UnitTest>
    <UnitTest name="ParseTest1" storage="konnetic.sip.unittests.dll" id="7c39c5a2-ff25-b490-d12c-412bc268bc5a">
      <Css projectStructure="" iteration="" />
      <Owners>
        <Owner name="" />
      </Owners>
      <Execution id="fc091b32-038c-40ec-bb75-be665410d2d2" />
      <TestMethod codeBase="D:/Business/Development/Konnetic/UnifySipApi/Production/Src/Konnetic Unify SIP API/Konnetic.Sip.UnitTests/bin/Debug/Konnetic.Sip.UnitTests.DLL" adapterTypeName="Microsoft.VisualStudio.TestTools.TestTypes.Unit.UnitTestAdapter, Microsoft.VisualStudio.QualityTools.Tips.UnitTest.Adapter" className="Konnetic.Sip.UnitTests.ExpiresHeaderFieldAdapter, Konnetic.Sip.UnitTests, Version=1.0.3676.32754, Culture=neutral, PublicKeyToken=null" name="ParseTest1" expectedException="Konnetic.Sip.SipParseException, Konnetic.Sip, Version=1.0.3676.32752, Culture=neutral, PublicKeyToken=null" />
    </UnitTest>
    <UnitTest name="GetStringValueTest" storage="konnetic.sip.unittests.dll" id="e0e38ab5-7d23-2588-a9ea-422574af010a">
      <Css projectStructure="" iteration="" />
      <Owners>
        <Owner name="" />
      </Owners>
      <Execution id="680d351d-185a-431f-8d1f-160397c82def" />
      <TestMethod codeBase="D:/Business/Development/Konnetic/UnifySipApi/Production/Src/Konnetic Unify SIP API/Konnetic.Sip.UnitTests/bin/Debug/Konnetic.Sip.UnitTests.DLL" adapterTypeName="Microsoft.VisualStudio.TestTools.TestTypes.Unit.UnitTestAdapter, Microsoft.VisualStudio.QualityTools.Tips.UnitTest.Adapter" className="Konnetic.Sip.UnitTests.ChallengeHeaderFieldAdapter, Konnetic.Sip.UnitTests, Version=1.0.3676.32754, Culture=neutral, PublicKeyToken=null" name="GetStringValueTest" />
    </UnitTest>
    <UnitTest name="AcceptEncodingHeaderFieldConstructorTest1" storage="konnetic.sip.unittests.dll" id="5bdde3ee-0323-3082-2b5d-af52e4c65cf1">
      <Css projectStructure="" iteration="" />
      <Owners>
        <Owner name="" />
      </Owners>
      <Execution id="de662e72-6499-4174-8b4a-b6f472e84da2" />
      <TestMethod codeBase="D:/Business/Development/Konnetic/UnifySipApi/Production/Src/Konnetic Unify SIP API/Konnetic.Sip.UnitTests/bin/Debug/Konnetic.Sip.UnitTests.DLL" adapterTypeName="Microsoft.VisualStudio.TestTools.TestTypes.Unit.UnitTestAdapter, Microsoft.VisualStudio.QualityTools.Tips.UnitTest.Adapter" className="Konnetic.Sip.UnitTests.AcceptEncodingHeaderFieldAdapter, Konnetic.Sip.UnitTests, Version=1.0.3676.32754, Culture=neutral, PublicKeyToken=null" name="AcceptEncodingHeaderFieldConstructorTest1" />
    </UnitTest>
    <UnitTest name="CallInfoHeaderFieldConstructorTest3" storage="konnetic.sip.unittests.dll" id="31efc700-48af-cff0-b872-b7bfb1273484">
      <Css projectStructure="" iteration="" />
      <Owners>
        <Owner name="" />
      </Owners>
      <Execution id="37518d1b-8f3d-493e-9a86-56806d92fb9b" />
      <TestMethod codeBase="D:/Business/Development/Konnetic/UnifySipApi/Production/Src/Konnetic Unify SIP API/Konnetic.Sip.UnitTests/bin/Debug/Konnetic.Sip.UnitTests.DLL" adapterTypeName="Microsoft.VisualStudio.TestTools.TestTypes.Unit.UnitTestAdapter, Microsoft.VisualStudio.QualityTools.Tips.UnitTest.Adapter" className="Konnetic.Sip.UnitTests.CallInfoHeaderFieldAdapter, Konnetic.Sip.UnitTests, Version=1.0.3676.32754, Culture=neutral, PublicKeyToken=null" name="CallInfoHeaderFieldConstructorTest3" />
    </UnitTest>
    <UnitTest name="ContentLanguageHeaderFieldConstructorTest2" storage="konnetic.sip.unittests.dll" id="8b3b4ab5-6484-1eae-3363-2226212794b9">
      <Css projectStructure="" iteration="" />
      <Owners>
        <Owner name="" />
      </Owners>
      <Execution id="8e43d725-5ac8-47bd-9eec-f2f0df29504e" />
      <TestMethod codeBase="D:/Business/Development/Konnetic/UnifySipApi/Production/Src/Konnetic Unify SIP API/Konnetic.Sip.UnitTests/bin/Debug/Konnetic.Sip.UnitTests.DLL" adapterTypeName="Microsoft.VisualStudio.TestTools.TestTypes.Unit.UnitTestAdapter, Microsoft.VisualStudio.QualityTools.Tips.UnitTest.Adapter" className="Konnetic.Sip.UnitTests.ContentLanguageHeaderFieldAdapter, Konnetic.Sip.UnitTests, Version=1.0.3676.32754, Culture=neutral, PublicKeyToken=null" name="ContentLanguageHeaderFieldConstructorTest2" />
    </UnitTest>
    <UnitTest name="CodingTest1" storage="konnetic.sip.unittests.dll" id="0730233c-3ab6-4e70-51d4-140d92aca19d">
      <Css projectStructure="" iteration="" />
      <Owners>
        <Owner name="" />
      </Owners>
      <Execution id="5ba8dea4-684b-40b5-8d03-762338a66c5f" />
      <TestMethod codeBase="D:/Business/Development/Konnetic/UnifySipApi/Production/Src/Konnetic Unify SIP API/Konnetic.Sip.UnitTests/bin/Debug/Konnetic.Sip.UnitTests.DLL" adapterTypeName="Microsoft.VisualStudio.TestTools.TestTypes.Unit.UnitTestAdapter, Microsoft.VisualStudio.QualityTools.Tips.UnitTest.Adapter" className="Konnetic.Sip.UnitTests.AcceptEncodingHeaderFieldAdapter, Konnetic.Sip.UnitTests, Version=1.0.3676.32754, Culture=neutral, PublicKeyToken=null" name="CodingTest1" expectedException="System.ArgumentNullException, mscorlib, Version=2.0.0.0, Culture=neutral, PublicKeyToken=b77a5c561934e089" />
    </UnitTest>
    <UnitTest name="TagTest" storage="konnetic.sip.unittests.dll" id="8a609d2f-f99f-8d4e-6850-f15d52ca61fa">
      <Css projectStructure="" iteration="" />
      <Owners>
        <Owner name="" />
      </Owners>
      <Execution id="6d837ed9-cd8e-450d-a3a8-23fd931058ed" />
      <TestMethod codeBase="D:/Business/Development/Konnetic/UnifySipApi/Production/Src/Konnetic Unify SIP API/Konnetic.Sip.UnitTests/bin/Debug/Konnetic.Sip.UnitTests.DLL" adapterTypeName="Microsoft.VisualStudio.TestTools.TestTypes.Unit.UnitTestAdapter, Microsoft.VisualStudio.QualityTools.Tips.UnitTest.Adapter" className="Konnetic.Sip.UnitTests.TagAddressedHeaderFieldAdapter, Konnetic.Sip.UnitTests, Version=1.0.3676.32754, Culture=neutral, PublicKeyToken=null" name="TagTest" />
    </UnitTest>
    <UnitTest name="UnsupportedHeaderFieldConstructorTest" storage="konnetic.sip.unittests.dll" id="a94976f2-f8ad-a26b-8c42-d3c9dab1233b">
      <Css projectStructure="" iteration="" />
      <Owners>
        <Owner name="" />
      </Owners>
      <Execution id="48de3f01-c169-4852-849c-6e00042f889c" />
      <TestMethod codeBase="D:/Business/Development/Konnetic/UnifySipApi/Production/Src/Konnetic Unify SIP API/Konnetic.Sip.UnitTests/bin/Debug/Konnetic.Sip.UnitTests.DLL" adapterTypeName="Microsoft.VisualStudio.TestTools.TestTypes.Unit.UnitTestAdapter, Microsoft.VisualStudio.QualityTools.Tips.UnitTest.Adapter" className="Konnetic.Sip.UnitTests.UnsupportedHeaderFieldAdapter, Konnetic.Sip.UnitTests, Version=1.0.3676.32754, Culture=neutral, PublicKeyToken=null" name="UnsupportedHeaderFieldConstructorTest" />
    </UnitTest>
    <UnitTest name="ToStringTest" storage="konnetic.sip.unittests.dll" id="8a8c4b7d-647e-1717-2f4d-c7aceee55561">
      <Css projectStructure="" iteration="" />
      <Owners>
        <Owner name="" />
      </Owners>
      <Execution id="81a6ef4c-55eb-45a6-8c9a-a9b0c148425b" />
      <TestMethod codeBase="D:/Business/Development/Konnetic/UnifySipApi/Production/Src/Konnetic Unify SIP API/Konnetic.Sip.UnitTests/bin/Debug/Konnetic.Sip.UnitTests.DLL" adapterTypeName="Microsoft.VisualStudio.TestTools.TestTypes.Unit.UnitTestAdapter, Microsoft.VisualStudio.QualityTools.Tips.UnitTest.Adapter" className="Konnetic.Sip.UnitTests.StatusLineHeaderFieldAdapter, Konnetic.Sip.UnitTests, Version=1.0.3676.32754, Culture=neutral, PublicKeyToken=null" name="ToStringTest" />
    </UnitTest>
    <UnitTest name="EqualsTest" storage="konnetic.sip.unittests.dll" id="ca65a182-5c74-f55f-c093-f8e1f61e0c6c">
      <Css projectStructure="" iteration="" />
      <Owners>
        <Owner name="" />
      </Owners>
      <Execution id="63aa43e9-cd53-4f4e-8265-dcb3c8e4a647" />
      <TestMethod codeBase="D:/Business/Development/Konnetic/UnifySipApi/Production/Src/Konnetic Unify SIP API/Konnetic.Sip.UnitTests/bin/Debug/Konnetic.Sip.UnitTests.DLL" adapterTypeName="Microsoft.VisualStudio.TestTools.TestTypes.Unit.UnitTestAdapter, Microsoft.VisualStudio.QualityTools.Tips.UnitTest.Adapter" className="Konnetic.Sip.UnitTests.SecondsHeaderFieldAdapter, Konnetic.Sip.UnitTests, Version=1.0.3676.32754, Culture=neutral, PublicKeyToken=null" name="EqualsTest" />
    </UnitTest>
    <UnitTest name="SchemeTest2" storage="konnetic.sip.unittests.dll" id="9c071512-9e94-8644-f7ac-ea4906eaa8c0">
      <Css projectStructure="" iteration="" />
      <Owners>
        <Owner name="" />
      </Owners>
      <DeploymentItems>
        <DeploymentItem filename="Konnetic.Sip.dll" />
      </DeploymentItems>
      <Execution id="68388772-73c7-4bc7-918c-a688ca474f42" />
      <TestMethod codeBase="D:/Business/Development/Konnetic/UnifySipApi/Production/Src/Konnetic Unify SIP API/Konnetic.Sip.UnitTests/bin/Debug/Konnetic.Sip.UnitTests.DLL" adapterTypeName="Microsoft.VisualStudio.TestTools.TestTypes.Unit.UnitTestAdapter, Microsoft.VisualStudio.QualityTools.Tips.UnitTest.Adapter" className="Konnetic.Sip.UnitTests.SecurityHeaderFieldAdapter, Konnetic.Sip.UnitTests, Version=1.0.3676.32754, Culture=neutral, PublicKeyToken=null" name="SchemeTest2" expectedException="Konnetic.Sip.SipFormatException, Konnetic.Sip, Version=1.0.3676.32752, Culture=neutral, PublicKeyToken=null" />
    </UnitTest>
    <UnitTest name="EqualsTest4" storage="konnetic.sip.unittests.dll" id="c3d656dd-ae3f-9f0d-1cd8-3aea2f5fbf06">
      <Css projectStructure="" iteration="" />
      <Owners>
        <Owner name="" />
      </Owners>
      <Execution id="c263bd18-8efb-45db-aa73-dc2dfcf52e19" />
      <TestMethod codeBase="D:/Business/Development/Konnetic/UnifySipApi/Production/Src/Konnetic Unify SIP API/Konnetic.Sip.UnitTests/bin/Debug/Konnetic.Sip.UnitTests.DLL" adapterTypeName="Microsoft.VisualStudio.TestTools.TestTypes.Unit.UnitTestAdapter, Microsoft.VisualStudio.QualityTools.Tips.UnitTest.Adapter" className="Konnetic.Sip.UnitTests.AcceptLanguageHeaderFieldAdapter, Konnetic.Sip.UnitTests, Version=1.0.3676.32754, Culture=neutral, PublicKeyToken=null" name="EqualsTest4" />
    </UnitTest>
    <UnitTest name="ToUriStringTest1a" storage="konnetic.sip.unittests.dll" id="a15ab840-a85f-1924-dc9a-631a4ab45aab">
      <Css projectStructure="" iteration="" />
      <Owners>
        <Owner name="" />
      </Owners>
      <Execution id="253cfdf3-1fc0-4d75-97f2-2d2ce4d948af" />
      <TestMethod codeBase="D:/Business/Development/Konnetic/UnifySipApi/Production/Src/Konnetic Unify SIP API/Konnetic.Sip.UnitTests/bin/Debug/Konnetic.Sip.UnitTests.DLL" adapterTypeName="Microsoft.VisualStudio.TestTools.TestTypes.Unit.UnitTestAdapter, Microsoft.VisualStudio.QualityTools.Tips.UnitTest.Adapter" className="Konnetic.Sip.UnitTests.HeaderFieldCollectionAdapter, Konnetic.Sip.UnitTests, Version=1.0.3676.32754, Culture=neutral, PublicKeyToken=null" name="ToUriStringTest1a" expectedException="System.ArgumentNullException, mscorlib, Version=2.0.0.0, Culture=neutral, PublicKeyToken=b77a5c561934e089" />
    </UnitTest>
    <UnitTest name="ToStringTest" storage="konnetic.sip.unittests.dll" id="90793361-0c37-1e69-5fa4-b134d2fbd0db">
      <Css projectStructure="" iteration="" />
      <Owners>
        <Owner name="" />
      </Owners>
      <Execution id="864fd032-4b47-4e54-bc9f-af9bfba3c06b" />
      <TestMethod codeBase="D:/Business/Development/Konnetic/UnifySipApi/Production/Src/Konnetic Unify SIP API/Konnetic.Sip.UnitTests/bin/Debug/Konnetic.Sip.UnitTests.DLL" adapterTypeName="Microsoft.VisualStudio.TestTools.TestTypes.Unit.UnitTestAdapter, Microsoft.VisualStudio.QualityTools.Tips.UnitTest.Adapter" className="Konnetic.Sip.UnitTests.HeaderFieldCollectionAdapter, Konnetic.Sip.UnitTests, Version=1.0.3676.32754, Culture=neutral, PublicKeyToken=null" name="ToStringTest" />
    </UnitTest>
    <UnitTest name="EqualsTest1" storage="konnetic.sip.unittests.dll" id="77c5d6e0-e937-c39a-36cb-c306d56e5b59">
      <Css projectStructure="" iteration="" />
      <Owners>
        <Owner name="" />
      </Owners>
      <Execution id="98272a16-e4c7-4942-9033-fd1bc23a56dd" />
      <TestMethod codeBase="D:/Business/Development/Konnetic/UnifySipApi/Production/Src/Konnetic Unify SIP API/Konnetic.Sip.UnitTests/bin/Debug/Konnetic.Sip.UnitTests.DLL" adapterTypeName="Microsoft.VisualStudio.TestTools.TestTypes.Unit.UnitTestAdapter, Microsoft.VisualStudio.QualityTools.Tips.UnitTest.Adapter" className="Konnetic.Sip.UnitTests.SecondsHeaderFieldAdapter, Konnetic.Sip.UnitTests, Version=1.0.3676.32754, Culture=neutral, PublicKeyToken=null" name="EqualsTest1" />
    </UnitTest>
    <UnitTest name="ToStringTest1a" storage="konnetic.sip.unittests.dll" id="0c00b763-4e63-8983-67d5-9feef507d5f8">
      <Css projectStructure="" iteration="" />
      <Owners>
        <Owner name="" />
      </Owners>
      <Execution id="7fa88a33-6341-4c4e-a7f3-d4b7afd0c798" />
      <TestMethod codeBase="D:/Business/Development/Konnetic/UnifySipApi/Production/Src/Konnetic Unify SIP API/Konnetic.Sip.UnitTests/bin/Debug/Konnetic.Sip.UnitTests.DLL" adapterTypeName="Microsoft.VisualStudio.TestTools.TestTypes.Unit.UnitTestAdapter, Microsoft.VisualStudio.QualityTools.Tips.UnitTest.Adapter" className="Konnetic.Sip.UnitTests.HeaderFieldCollectionAdapter, Konnetic.Sip.UnitTests, Version=1.0.3676.32754, Culture=neutral, PublicKeyToken=null" name="ToStringTest1a" expectedException="System.ArgumentException, mscorlib, Version=2.0.0.0, Culture=neutral, PublicKeyToken=b77a5c561934e089" />
    </UnitTest>
    <UnitTest name="ItemTest1" storage="konnetic.sip.unittests.dll" id="e9c89fff-87ec-ce57-8ec4-4a9f7ecfcdd2">
      <Css projectStructure="" iteration="" />
      <Owners>
        <Owner name="" />
      </Owners>
      <Execution id="cf223f3d-a10e-4d86-b5fa-2ed18f0ccf01" />
      <TestMethod codeBase="D:/Business/Development/Konnetic/UnifySipApi/Production/Src/Konnetic Unify SIP API/Konnetic.Sip.UnitTests/bin/Debug/Konnetic.Sip.UnitTests.DLL" adapterTypeName="Microsoft.VisualStudio.TestTools.TestTypes.Unit.UnitTestAdapter, Microsoft.VisualStudio.QualityTools.Tips.UnitTest.Adapter" className="Konnetic.Sip.UnitTests.HeaderFieldGroupAdapter, Konnetic.Sip.UnitTests, Version=1.0.3676.32754, Culture=neutral, PublicKeyToken=null" name="ItemTest1" />
    </UnitTest>
    <UnitTest name="EqualsTest" storage="konnetic.sip.unittests.dll" id="7718c374-59db-a0f4-9354-4c0fdfdfcc4a">
      <Css projectStructure="" iteration="" />
      <Owners>
        <Owner name="" />
      </Owners>
      <Execution id="7b2c8187-ec3a-4489-b2f4-cf9f35185118" />
      <TestMethod codeBase="D:/Business/Development/Konnetic/UnifySipApi/Production/Src/Konnetic Unify SIP API/Konnetic.Sip.UnitTests/bin/Debug/Konnetic.Sip.UnitTests.DLL" adapterTypeName="Microsoft.VisualStudio.TestTools.TestTypes.Unit.UnitTestAdapter, Microsoft.VisualStudio.QualityTools.Tips.UnitTest.Adapter" className="Konnetic.Sip.UnitTests.OrganizationHeaderFieldAdapter, Konnetic.Sip.UnitTests, Version=1.0.3676.32754, Culture=neutral, PublicKeyToken=null" name="EqualsTest" />
    </UnitTest>
    <UnitTest name="HandlingTest" storage="konnetic.sip.unittests.dll" id="98839050-ff82-f3c0-8366-f7a5c6f29a16">
      <Css projectStructure="" iteration="" />
      <Owners>
        <Owner name="" />
      </Owners>
      <Execution id="0545d878-7861-4517-ac1b-b520517e7c86" />
      <TestMethod codeBase="D:/Business/Development/Konnetic/UnifySipApi/Production/Src/Konnetic Unify SIP API/Konnetic.Sip.UnitTests/bin/Debug/Konnetic.Sip.UnitTests.DLL" adapterTypeName="Microsoft.VisualStudio.TestTools.TestTypes.Unit.UnitTestAdapter, Microsoft.VisualStudio.QualityTools.Tips.UnitTest.Adapter" className="Konnetic.Sip.UnitTests.ContentDispositionHeaderFieldAdapter, Konnetic.Sip.UnitTests, Version=1.0.3676.32754, Culture=neutral, PublicKeyToken=null" name="HandlingTest" />
    </UnitTest>
    <UnitTest name="ToHeaderFieldConstructorTest4" storage="konnetic.sip.unittests.dll" id="2b73fd65-22bf-9a43-b16a-23137d760043">
      <Css projectStructure="" iteration="" />
      <Owners>
        <Owner name="" />
      </Owners>
      <Execution id="c70560aa-a9c8-415b-bb5c-7b83ae059cd6" />
      <TestMethod codeBase="D:/Business/Development/Konnetic/UnifySipApi/Production/Src/Konnetic Unify SIP API/Konnetic.Sip.UnitTests/bin/Debug/Konnetic.Sip.UnitTests.DLL" adapterTypeName="Microsoft.VisualStudio.TestTools.TestTypes.Unit.UnitTestAdapter, Microsoft.VisualStudio.QualityTools.Tips.UnitTest.Adapter" className="Konnetic.Sip.UnitTests.ToHeaderFieldAdapter, Konnetic.Sip.UnitTests, Version=1.0.3676.32754, Culture=neutral, PublicKeyToken=null" name="ToHeaderFieldConstructorTest4" />
    </UnitTest>
    <UnitTest name="IsValidTest" storage="konnetic.sip.unittests.dll" id="6da2a228-e8ae-8d22-6fed-3bc9bc60dab4">
      <Css projectStructure="" iteration="" />
      <Owners>
        <Owner name="" />
      </Owners>
      <Execution id="1fd236db-ffdd-4f42-89a5-519270d04e28" />
      <TestMethod codeBase="D:/Business/Development/Konnetic/UnifySipApi/Production/Src/Konnetic Unify SIP API/Konnetic.Sip.UnitTests/bin/Debug/Konnetic.Sip.UnitTests.DLL" adapterTypeName="Microsoft.VisualStudio.TestTools.TestTypes.Unit.UnitTestAdapter, Microsoft.VisualStudio.QualityTools.Tips.UnitTest.Adapter" className="Konnetic.Sip.UnitTests.HttpUriHeaderFieldAdapter, Konnetic.Sip.UnitTests, Version=1.0.3676.32754, Culture=neutral, PublicKeyToken=null" name="IsValidTest" />
    </UnitTest>
    <UnitTest name="RealmTest" storage="konnetic.sip.unittests.dll" id="f632445c-84ba-0347-794e-aafa7119d4d5">
      <Css projectStructure="" iteration="" />
      <Owners>
        <Owner name="" />
      </Owners>
      <Execution id="9ac95646-af9a-4d25-ba82-c9e701cddf48" />
      <TestMethod codeBase="D:/Business/Development/Konnetic/UnifySipApi/Production/Src/Konnetic Unify SIP API/Konnetic.Sip.UnitTests/bin/Debug/Konnetic.Sip.UnitTests.DLL" adapterTypeName="Microsoft.VisualStudio.TestTools.TestTypes.Unit.UnitTestAdapter, Microsoft.VisualStudio.QualityTools.Tips.UnitTest.Adapter" className="Konnetic.Sip.UnitTests.SecurityHeaderFieldAdapter, Konnetic.Sip.UnitTests, Version=1.0.3676.32754, Culture=neutral, PublicKeyToken=null" name="RealmTest" />
    </UnitTest>
    <UnitTest name="OrganizationHeaderFieldConstructorTest1" storage="konnetic.sip.unittests.dll" id="7c4ec478-7fa1-670a-8024-c666f688df3a">
      <Css projectStructure="" iteration="" />
      <Owners>
        <Owner name="" />
      </Owners>
      <Execution id="5ac912d5-b821-4647-86d0-e7f6b0a0f9f8" />
      <TestMethod codeBase="D:/Business/Development/Konnetic/UnifySipApi/Production/Src/Konnetic Unify SIP API/Konnetic.Sip.UnitTests/bin/Debug/Konnetic.Sip.UnitTests.DLL" adapterTypeName="Microsoft.VisualStudio.TestTools.TestTypes.Unit.UnitTestAdapter, Microsoft.VisualStudio.QualityTools.Tips.UnitTest.Adapter" className="Konnetic.Sip.UnitTests.OrganizationHeaderFieldAdapter, Konnetic.Sip.UnitTests, Version=1.0.3676.32754, Culture=neutral, PublicKeyToken=null" name="OrganizationHeaderFieldConstructorTest1" />
    </UnitTest>
    <UnitTest name="IsValidTest" storage="konnetic.sip.unittests.dll" id="b5217233-fb60-a236-0635-9eeab49addcc">
      <Css projectStructure="" iteration="" />
      <Owners>
        <Owner name="" />
      </Owners>
      <Execution id="a8512f64-becf-4707-82cf-e06ef5ab3e9a" />
      <TestMethod codeBase="D:/Business/Development/Konnetic/UnifySipApi/Production/Src/Konnetic Unify SIP API/Konnetic.Sip.UnitTests/bin/Debug/Konnetic.Sip.UnitTests.DLL" adapterTypeName="Microsoft.VisualStudio.TestTools.TestTypes.Unit.UnitTestAdapter, Microsoft.VisualStudio.QualityTools.Tips.UnitTest.Adapter" className="Konnetic.Sip.UnitTests.CallInfoHeaderFieldAdapter, Konnetic.Sip.UnitTests, Version=1.0.3676.32754, Culture=neutral, PublicKeyToken=null" name="IsValidTest" />
    </UnitTest>
    <UnitTest name="IsValidTest" storage="konnetic.sip.unittests.dll" id="4ad03857-e8d9-6687-ae20-f93b06c71fbe">
      <Css projectStructure="" iteration="" />
      <Owners>
        <Owner name="" />
      </Owners>
      <Execution id="09ce770b-e562-46b2-bfc1-99d70aca2c34" />
      <TestMethod codeBase="D:/Business/Development/Konnetic/UnifySipApi/Production/Src/Konnetic Unify SIP API/Konnetic.Sip.UnitTests/bin/Debug/Konnetic.Sip.UnitTests.DLL" adapterTypeName="Microsoft.VisualStudio.TestTools.TestTypes.Unit.UnitTestAdapter, Microsoft.VisualStudio.QualityTools.Tips.UnitTest.Adapter" className="Konnetic.Sip.UnitTests.TimestampHeaderFieldAdapter, Konnetic.Sip.UnitTests, Version=1.0.3676.32754, Culture=neutral, PublicKeyToken=null" name="IsValidTest" />
    </UnitTest>
    <UnitTest name="ContainsTest1" storage="konnetic.sip.unittests.dll" id="257afc87-8939-934a-33b1-c4c02c6ca1b7">
      <Css projectStructure="" iteration="" />
      <Owners>
        <Owner name="" />
      </Owners>
      <Execution id="d50a8e75-fcb8-4743-a243-dde8824ba8d8" />
      <TestMethod codeBase="D:/Business/Development/Konnetic/UnifySipApi/Production/Src/Konnetic Unify SIP API/Konnetic.Sip.UnitTests/bin/Debug/Konnetic.Sip.UnitTests.DLL" adapterTypeName="Microsoft.VisualStudio.TestTools.TestTypes.Unit.UnitTestAdapter, Microsoft.VisualStudio.QualityTools.Tips.UnitTest.Adapter" className="Konnetic.Sip.UnitTests.HeaderFieldCollectionAdapter, Konnetic.Sip.UnitTests, Version=1.0.3676.32754, Culture=neutral, PublicKeyToken=null" name="ContainsTest1" />
    </UnitTest>
    <UnitTest name="CloneTest" storage="konnetic.sip.unittests.dll" id="3b3a44fa-ae5d-d017-0e32-5cfc8d272ce9">
      <Css projectStructure="" iteration="" />
      <Owners>
        <Owner name="" />
      </Owners>
      <Execution id="80a5c8c3-8b03-4911-a23b-964858035323" />
      <TestMethod codeBase="D:/Business/Development/Konnetic/UnifySipApi/Production/Src/Konnetic Unify SIP API/Konnetic.Sip.UnitTests/bin/Debug/Konnetic.Sip.UnitTests.DLL" adapterTypeName="Microsoft.VisualStudio.TestTools.TestTypes.Unit.UnitTestAdapter, Microsoft.VisualStudio.QualityTools.Tips.UnitTest.Adapter" className="Konnetic.Sip.UnitTests.ContentLanguageHeaderFieldAdapter, Konnetic.Sip.UnitTests, Version=1.0.3676.32754, Culture=neutral, PublicKeyToken=null" name="CloneTest" />
    </UnitTest>
    <UnitTest name="NonceTest1" storage="konnetic.sip.unittests.dll" id="3f3a2c8d-1837-4708-7a51-269907d3c87b">
      <Css projectStructure="" iteration="" />
      <Owners>
        <Owner name="" />
      </Owners>
      <Execution id="3259b882-fc87-4aaf-a4de-49811c1901af" />
      <TestMethod codeBase="D:/Business/Development/Konnetic/UnifySipApi/Production/Src/Konnetic Unify SIP API/Konnetic.Sip.UnitTests/bin/Debug/Konnetic.Sip.UnitTests.DLL" adapterTypeName="Microsoft.VisualStudio.TestTools.TestTypes.Unit.UnitTestAdapter, Microsoft.VisualStudio.QualityTools.Tips.UnitTest.Adapter" className="Konnetic.Sip.UnitTests.SecurityHeaderFieldAdapter, Konnetic.Sip.UnitTests, Version=1.0.3676.32754, Culture=neutral, PublicKeyToken=null" name="NonceTest1" />
    </UnitTest>
    <UnitTest name="AcceptHeaderFieldConstructorTest2" storage="konnetic.sip.unittests.dll" id="4e51d85c-ed8b-cf02-76b9-fdf4cc556257">
      <Css projectStructure="" iteration="" />
      <Owners>
        <Owner name="" />
      </Owners>
      <Execution id="5335bc00-ee04-413d-a076-b20dc8f91d04" />
      <TestMethod codeBase="D:/Business/Development/Konnetic/UnifySipApi/Production/Src/Konnetic Unify SIP API/Konnetic.Sip.UnitTests/bin/Debug/Konnetic.Sip.UnitTests.DLL" adapterTypeName="Microsoft.VisualStudio.TestTools.TestTypes.Unit.UnitTestAdapter, Microsoft.VisualStudio.QualityTools.Tips.UnitTest.Adapter" className="Konnetic.Sip.UnitTests.AcceptHeaderFieldAdapter, Konnetic.Sip.UnitTests, Version=1.0.3676.32754, Culture=neutral, PublicKeyToken=null" name="AcceptHeaderFieldConstructorTest2" />
    </UnitTest>
    <UnitTest name="EqualsTest2" storage="konnetic.sip.unittests.dll" id="b3c292b7-7199-e250-b14a-20b5e05be5b4">
      <Css projectStructure="" iteration="" />
      <Owners>
        <Owner name="" />
      </Owners>
      <Execution id="7bbf8a7c-d7d7-4f05-8b94-1c419d655854" />
      <TestMethod codeBase="D:/Business/Development/Konnetic/UnifySipApi/Production/Src/Konnetic Unify SIP API/Konnetic.Sip.UnitTests/bin/Debug/Konnetic.Sip.UnitTests.DLL" adapterTypeName="Microsoft.VisualStudio.TestTools.TestTypes.Unit.UnitTestAdapter, Microsoft.VisualStudio.QualityTools.Tips.UnitTest.Adapter" className="Konnetic.Sip.UnitTests.AcceptLanguageHeaderFieldAdapter, Konnetic.Sip.UnitTests, Version=1.0.3676.32754, Culture=neutral, PublicKeyToken=null" name="EqualsTest2" />
    </UnitTest>
    <UnitTest name="QValueTest" storage="konnetic.sip.unittests.dll" id="efca558e-b604-628e-59e0-400a6230c9fe">
      <Css projectStructure="" iteration="" />
      <Owners>
        <Owner name="" />
      </Owners>
      <Execution id="79ce4948-9043-47e3-8979-245bca55d000" />
      <TestMethod codeBase="D:/Business/Development/Konnetic/UnifySipApi/Production/Src/Konnetic Unify SIP API/Konnetic.Sip.UnitTests/bin/Debug/Konnetic.Sip.UnitTests.DLL" adapterTypeName="Microsoft.VisualStudio.TestTools.TestTypes.Unit.UnitTestAdapter, Microsoft.VisualStudio.QualityTools.Tips.UnitTest.Adapter" className="Konnetic.Sip.UnitTests.ContactHeaderFieldAdapter, Konnetic.Sip.UnitTests, Version=1.0.3676.32754, Culture=neutral, PublicKeyToken=null" name="QValueTest" />
    </UnitTest>
    <UnitTest name="AddTest2" storage="konnetic.sip.unittests.dll" id="58f8ce8a-bd4a-597b-aa01-13175d672f22">
      <Css projectStructure="" iteration="" />
      <Owners>
        <Owner name="" />
      </Owners>
      <Execution id="b889c2bf-9236-4baf-a597-5d50fb0655a3" />
      <TestMethod codeBase="D:/Business/Development/Konnetic/UnifySipApi/Production/Src/Konnetic Unify SIP API/Konnetic.Sip.UnitTests/bin/Debug/Konnetic.Sip.UnitTests.DLL" adapterTypeName="Microsoft.VisualStudio.TestTools.TestTypes.Unit.UnitTestAdapter, Microsoft.VisualStudio.QualityTools.Tips.UnitTest.Adapter" className="Konnetic.Sip.UnitTests.HeaderFieldCollectionAdapter, Konnetic.Sip.UnitTests, Version=1.0.3676.32754, Culture=neutral, PublicKeyToken=null" name="AddTest2" />
    </UnitTest>
    <UnitTest name="SchemeTest" storage="konnetic.sip.unittests.dll" id="39d9ae78-7934-7a61-a51b-c020246293c8">
      <Css projectStructure="" iteration="" />
      <Owners>
        <Owner name="" />
      </Owners>
      <Execution id="7719ae9b-bc62-43f0-9217-25b869ba6116" />
      <TestMethod codeBase="D:/Business/Development/Konnetic/UnifySipApi/Production/Src/Konnetic Unify SIP API/Konnetic.Sip.UnitTests/bin/Debug/Konnetic.Sip.UnitTests.DLL" adapterTypeName="Microsoft.VisualStudio.TestTools.TestTypes.Unit.UnitTestAdapter, Microsoft.VisualStudio.QualityTools.Tips.UnitTest.Adapter" className="Konnetic.Sip.UnitTests.SipUriAdapter, Konnetic.Sip.UnitTests, Version=1.0.3676.32754, Culture=neutral, PublicKeyToken=null" name="SchemeTest" />
    </UnitTest>
  </TestDefinitions>
  <TestLists>
    <TestList name="Results Not in a List" id="8c84fa94-04c1-424b-9868-57a2d4851a1d" />
    <TestList name="All Loaded Results" id="19431567-8539-422a-85d7-44ee4e166bda" />
  </TestLists>
  <TestEntries>
    <TestEntry testId="9f23e047-be80-6b91-4aa7-a14ea77e6264" executionId="aaca62f8-2d5b-459f-a095-fc59e4f53208" testListId="8c84fa94-04c1-424b-9868-57a2d4851a1d" />
    <TestEntry testId="5bdde3ee-0323-3082-2b5d-af52e4c65cf1" executionId="de662e72-6499-4174-8b4a-b6f472e84da2" testListId="8c84fa94-04c1-424b-9868-57a2d4851a1d" />
    <TestEntry testId="b5f10db0-9da4-6fbb-4ad5-23cfdf1c10cf" executionId="f6509327-607a-42e4-aca8-d47f95e73036" testListId="8c84fa94-04c1-424b-9868-57a2d4851a1d" />
    <TestEntry testId="ad50b3ee-f6d9-7fa3-3994-71846f2209d8" executionId="cd9d358b-9d80-4a17-9ea4-dd889df0a4f1" testListId="8c84fa94-04c1-424b-9868-57a2d4851a1d" />
    <TestEntry testId="97ab1c4a-2084-b960-c074-b28a3ef278db" executionId="d83f2c00-6a97-4782-bfdc-4b2c8a994b56" testListId="8c84fa94-04c1-424b-9868-57a2d4851a1d" />
    <TestEntry testId="61e96ee3-7e53-17b4-9cb4-71047009ae46" executionId="546cebcd-6b66-4db1-9be5-36c474b25be2" testListId="8c84fa94-04c1-424b-9868-57a2d4851a1d" />
    <TestEntry testId="0730233c-3ab6-4e70-51d4-140d92aca19d" executionId="5ba8dea4-684b-40b5-8d03-762338a66c5f" testListId="8c84fa94-04c1-424b-9868-57a2d4851a1d" />
    <TestEntry testId="62504953-1404-9771-1911-59470b0a720a" executionId="9f1caabf-42af-4c14-a4e6-d902234deb00" testListId="8c84fa94-04c1-424b-9868-57a2d4851a1d" />
    <TestEntry testId="2f813705-6cc6-d943-d4d6-7add0ff80f93" executionId="f407a3cf-4eb2-4b2a-8606-412016abaebe" testListId="8c84fa94-04c1-424b-9868-57a2d4851a1d" />
    <TestEntry testId="f3f97917-e29b-3cb6-e8e9-5220d867f27a" executionId="75a74a5f-a6cf-4496-a8bb-0a05227cb807" testListId="8c84fa94-04c1-424b-9868-57a2d4851a1d" />
    <TestEntry testId="eb0692eb-2921-a367-266d-100a0db73e75" executionId="8e86bbb5-a314-44df-ae1b-5de2bf5b80e3" testListId="8c84fa94-04c1-424b-9868-57a2d4851a1d" />
    <TestEntry testId="a027c581-e82b-bbb6-54e1-9a6b391ce061" executionId="ff04b009-cfb4-4ee8-8bde-b6e643b1bb48" testListId="8c84fa94-04c1-424b-9868-57a2d4851a1d" />
    <TestEntry testId="0958c599-599c-3e21-b6b6-43f0864edf8e" executionId="3553d632-28e5-4856-ba11-b3d498fdd0a6" testListId="8c84fa94-04c1-424b-9868-57a2d4851a1d" />
    <TestEntry testId="3a79eed3-3697-fa7b-2d47-8f88dea592eb" executionId="367ef95b-7fe8-4017-be19-d695f8e2d9e5" testListId="8c84fa94-04c1-424b-9868-57a2d4851a1d" />
    <TestEntry testId="d2eed7c7-7e00-b0ee-63f8-16c03900c516" executionId="b8b82eb6-3265-4608-a787-f9975397d6d6" testListId="8c84fa94-04c1-424b-9868-57a2d4851a1d" />
    <TestEntry testId="fcb7e33d-99d7-3026-ac95-76b3f26ee440" executionId="6e35c71f-ad0c-4af5-8899-689fa4eb25ca" testListId="8c84fa94-04c1-424b-9868-57a2d4851a1d" />
    <TestEntry testId="138ffba3-fe99-228e-da98-0489deb88867" executionId="458864fa-6543-435b-a340-1e7d58675522" testListId="8c84fa94-04c1-424b-9868-57a2d4851a1d" />
    <TestEntry testId="ee0362fc-282e-fa5a-6102-3f3c77a77002" executionId="10268483-7650-4eb2-97dc-81bdda056b4b" testListId="8c84fa94-04c1-424b-9868-57a2d4851a1d" />
    <TestEntry testId="3614ac7c-af59-a39c-a026-949f6a122f19" executionId="1e9d0a82-d81c-4ffd-8bf4-f1f5c29105df" testListId="8c84fa94-04c1-424b-9868-57a2d4851a1d" />
    <TestEntry testId="990de1ba-a4fb-3a66-71c3-0d5bfb2adb0e" executionId="96473af8-ffde-4730-b429-9e0f2d87e66d" testListId="8c84fa94-04c1-424b-9868-57a2d4851a1d" />
    <TestEntry testId="efdd8514-8315-9f55-46d1-49cf235ec2a3" executionId="d81df304-384d-4f28-8971-3633490759a1" testListId="8c84fa94-04c1-424b-9868-57a2d4851a1d" />
    <TestEntry testId="4e51d85c-ed8b-cf02-76b9-fdf4cc556257" executionId="5335bc00-ee04-413d-a076-b20dc8f91d04" testListId="8c84fa94-04c1-424b-9868-57a2d4851a1d" />
    <TestEntry testId="fd89da1b-fb70-5efb-43f7-a477eb836d33" executionId="5adb22d4-7de2-4512-ab76-2fe5e672a209" testListId="8c84fa94-04c1-424b-9868-57a2d4851a1d" />
    <TestEntry testId="810bf624-e530-3e28-8468-8b2daae6f8e8" executionId="93515dcd-de1f-4e42-9887-14fed87ce7e6" testListId="8c84fa94-04c1-424b-9868-57a2d4851a1d" />
    <TestEntry testId="8fb579b8-efaa-d05c-afc3-f18b4af8b156" executionId="cec96575-6dbe-465b-8aee-6ffde67e6a06" testListId="8c84fa94-04c1-424b-9868-57a2d4851a1d" />
    <TestEntry testId="df3c7fef-99e8-d10b-56df-8382448aa5f2" executionId="411ca309-034e-4476-9435-9d3ddba8e424" testListId="8c84fa94-04c1-424b-9868-57a2d4851a1d" />
    <TestEntry testId="df651a68-f07b-03ab-e9ed-0d4c997059b3" executionId="165f4e16-4916-4b74-9fa4-4115da325f9a" testListId="8c84fa94-04c1-424b-9868-57a2d4851a1d" />
    <TestEntry testId="87947e3f-db3d-b7e4-bc06-73a007360519" executionId="09878c1a-68c3-4c82-84d9-5ff194bc7a57" testListId="8c84fa94-04c1-424b-9868-57a2d4851a1d" />
    <TestEntry testId="529a404d-64fa-62e8-a3f3-c53fb0527ab9" executionId="d965cec2-fdee-4263-9e0a-95f57d6d38dc" testListId="8c84fa94-04c1-424b-9868-57a2d4851a1d" />
    <TestEntry testId="9e370050-a802-1c07-bd7d-98f078fb21c2" executionId="40696761-93a4-4d49-a33d-21370db5c50a" testListId="8c84fa94-04c1-424b-9868-57a2d4851a1d" />
    <TestEntry testId="91937611-da57-e424-d474-c61a087d7e8c" executionId="29afdc7b-ae6b-485c-9b90-e0a698ad91f8" testListId="8c84fa94-04c1-424b-9868-57a2d4851a1d" />
    <TestEntry testId="975f16c2-108e-7509-2def-7a29e1cfb65b" executionId="859f7cba-eb02-4411-bd14-2e20edb67612" testListId="8c84fa94-04c1-424b-9868-57a2d4851a1d" />
    <TestEntry testId="d4751220-aeb8-3539-2ff0-a864cf29f176" executionId="c2b5cd24-a2b0-4a21-9564-2b925a163320" testListId="8c84fa94-04c1-424b-9868-57a2d4851a1d" />
    <TestEntry testId="0fc37452-6dc5-7d14-c450-ba88f1f37aaa" executionId="973c12cb-3c77-43c1-b0ea-8487d765f68c" testListId="8c84fa94-04c1-424b-9868-57a2d4851a1d" />
    <TestEntry testId="0e22fcd8-674f-1a52-081a-be3026bc7fe6" executionId="9e489b6f-feba-45a5-92bf-8cd77a3413ed" testListId="8c84fa94-04c1-424b-9868-57a2d4851a1d" />
    <TestEntry testId="d1061e5a-f0f3-25c4-76c8-760798af3da9" executionId="0c955a0e-bc05-4d62-9cc7-3d4fdc89d909" testListId="8c84fa94-04c1-424b-9868-57a2d4851a1d" />
    <TestEntry testId="c4c73490-12c1-4a02-6b66-d9c611c1cef5" executionId="3a615477-f774-4a6b-a6db-107be86d5b05" testListId="8c84fa94-04c1-424b-9868-57a2d4851a1d" />
    <TestEntry testId="6cba244c-4e00-c2a3-1253-3b2bd1580602" executionId="f1fda21f-580f-46cb-8647-6c517080a013" testListId="8c84fa94-04c1-424b-9868-57a2d4851a1d" />
    <TestEntry testId="8aa1bb4c-58fe-61ce-cc7a-6dfc68deb938" executionId="a1407fa5-f2ea-4ca5-ae1e-fa75d7c5b003" testListId="8c84fa94-04c1-424b-9868-57a2d4851a1d" />
    <TestEntry testId="73780057-5466-4549-214f-f8eda301ff72" executionId="b4e4370e-bf8e-4089-8a6f-64568f958284" testListId="8c84fa94-04c1-424b-9868-57a2d4851a1d" />
    <TestEntry testId="aa3968af-95f9-708a-2563-0bd51a5fd41e" executionId="12a45d34-619c-4149-9d4d-45b4105383f9" testListId="8c84fa94-04c1-424b-9868-57a2d4851a1d" />
    <TestEntry testId="09b4d1b7-dcf1-d075-5b85-644bda55d5ff" executionId="c46a67c4-d8e5-4326-85b3-ee493dff2ccd" testListId="8c84fa94-04c1-424b-9868-57a2d4851a1d" />
    <TestEntry testId="79e1d2d9-9256-0515-c892-e4c21109d8f8" executionId="9d60633c-9dcc-4a49-ace5-8dc2d4bc6b2f" testListId="8c84fa94-04c1-424b-9868-57a2d4851a1d" />
    <TestEntry testId="0213355b-f7d5-41d6-c871-05de5eda1ff9" executionId="5590b404-118e-4cbc-81ce-04c75ce06278" testListId="8c84fa94-04c1-424b-9868-57a2d4851a1d" />
    <TestEntry testId="ed9de4c0-e26d-13ea-f62d-c57195616688" executionId="5a3d81e5-c079-4d63-b84a-0dda480398df" testListId="8c84fa94-04c1-424b-9868-57a2d4851a1d" />
    <TestEntry testId="5bbf9f2c-014e-1915-935a-830815ccb107" executionId="a5b2e376-71a1-48e0-8492-1c6e36063c62" testListId="8c84fa94-04c1-424b-9868-57a2d4851a1d" />
    <TestEntry testId="3914c030-2748-c6a4-c67a-3bd0a3dac9ea" executionId="3802a01f-f549-4baa-a5a9-54c1ec37b898" testListId="8c84fa94-04c1-424b-9868-57a2d4851a1d" />
    <TestEntry testId="1eb18527-acb0-426e-b19a-827f271f56e9" executionId="2fbf7ede-c97a-4772-a774-39b620601fb9" testListId="8c84fa94-04c1-424b-9868-57a2d4851a1d" />
    <TestEntry testId="b3c292b7-7199-e250-b14a-20b5e05be5b4" executionId="7bbf8a7c-d7d7-4f05-8b94-1c419d655854" testListId="8c84fa94-04c1-424b-9868-57a2d4851a1d" />
    <TestEntry testId="b8fef058-4142-c9b3-a026-0aed8febe1da" executionId="7ce92194-6cda-4bb1-8e0c-ab66e6e255a4" testListId="8c84fa94-04c1-424b-9868-57a2d4851a1d" />
    <TestEntry testId="c3d656dd-ae3f-9f0d-1cd8-3aea2f5fbf06" executionId="c263bd18-8efb-45db-aa73-dc2dfcf52e19" testListId="8c84fa94-04c1-424b-9868-57a2d4851a1d" />
    <TestEntry testId="393138b1-4d13-9f69-3cb8-746ed87ecd17" executionId="44354174-875f-47b3-8cc6-be73f0c840e6" testListId="8c84fa94-04c1-424b-9868-57a2d4851a1d" />
    <TestEntry testId="912946f4-daba-7f85-27a2-ebcf265c7db0" executionId="39388209-019b-4f97-aa63-794a688cce50" testListId="8c84fa94-04c1-424b-9868-57a2d4851a1d" />
    <TestEntry testId="12ea7ec2-496d-dd87-3bf4-e57da7015f2d" executionId="67037645-f30e-4053-932f-1f70a1fd7c85" testListId="8c84fa94-04c1-424b-9868-57a2d4851a1d" />
    <TestEntry testId="1d696a76-e791-4872-c480-f7a5e599513e" executionId="26ab02ef-8194-4bf4-b2a7-6dbe2ef79d71" testListId="8c84fa94-04c1-424b-9868-57a2d4851a1d" />
    <TestEntry testId="d072ea90-6800-1cc4-ba11-08aa2ba216c1" executionId="fc937763-3426-4e07-bf63-3e9c14604a52" testListId="8c84fa94-04c1-424b-9868-57a2d4851a1d" />
    <TestEntry testId="02ad00e5-b396-f9f9-108d-3b6dac5efb8c" executionId="9645deb2-7e64-4d27-aa82-ffb281a8a99b" testListId="8c84fa94-04c1-424b-9868-57a2d4851a1d" />
    <TestEntry testId="0d8a8936-3cd1-9ced-c662-482a86422ca6" executionId="dd69ef40-6fc7-44b2-ba7f-867fe2cf7474" testListId="8c84fa94-04c1-424b-9868-57a2d4851a1d" />
    <TestEntry testId="91e3fbe1-a16a-b613-f879-63a6196833a3" executionId="06e31b87-8e85-45b7-a006-01200df63acb" testListId="8c84fa94-04c1-424b-9868-57a2d4851a1d" />
    <TestEntry testId="d8a6efee-457c-937d-1488-c0c7bc680694" executionId="1be93cbe-00b0-4ae7-9251-f83e40ebbf8f" testListId="8c84fa94-04c1-424b-9868-57a2d4851a1d" />
    <TestEntry testId="fba3950c-6521-b56d-9781-70ab5d274fba" executionId="8e11d397-3cd3-44dd-934b-6db4d0ec9476" testListId="8c84fa94-04c1-424b-9868-57a2d4851a1d" />
    <TestEntry testId="90d34e26-ea8b-8555-c3eb-ea067f7196ce" executionId="adfccb26-a243-46d6-bb80-3b52a86134c8" testListId="8c84fa94-04c1-424b-9868-57a2d4851a1d" />
    <TestEntry testId="791ebcb3-143c-3341-3b16-6549494c6a7a" executionId="eeb19e31-c23a-426f-b637-dc72e6231e78" testListId="8c84fa94-04c1-424b-9868-57a2d4851a1d" />
    <TestEntry testId="9e4f37c8-e134-c2f1-824d-92ce41a37c65" executionId="fb31e027-2352-4cdb-a692-78a0fa5a4a92" testListId="8c84fa94-04c1-424b-9868-57a2d4851a1d" />
    <TestEntry testId="2d6b8ba7-4c5f-7dd3-8ecc-e87fa0c97e39" executionId="faf267a4-dc27-4430-804a-3e1840c24f2f" testListId="8c84fa94-04c1-424b-9868-57a2d4851a1d" />
    <TestEntry testId="73d42770-5357-af8f-b373-ac7e0bcdbef9" executionId="8790927e-3844-40d0-b291-e7e027bc5453" testListId="8c84fa94-04c1-424b-9868-57a2d4851a1d" />
    <TestEntry testId="5d5cb8f8-7788-21f0-8233-d7526964d75c" executionId="6e5bdebb-6143-4478-9386-fd50efcf79de" testListId="8c84fa94-04c1-424b-9868-57a2d4851a1d" />
    <TestEntry testId="759d86c4-bc95-184f-a175-6840fbef8648" executionId="3f3533af-d92d-4c7a-98c2-e6ba377182a3" testListId="8c84fa94-04c1-424b-9868-57a2d4851a1d" />
    <TestEntry testId="1d0e83cb-ce9d-9d2b-f644-f5bbb0ecd97d" executionId="59446312-4097-405e-b672-34653d48fde9" testListId="8c84fa94-04c1-424b-9868-57a2d4851a1d" />
    <TestEntry testId="6035b3c2-01ad-9d5f-631f-f746665e4450" executionId="c2af4149-963c-4c0d-afa4-6ff264463978" testListId="8c84fa94-04c1-424b-9868-57a2d4851a1d" />
    <TestEntry testId="54f835d4-b418-0cbe-e90b-fc13bb78fb20" executionId="49921007-a5a1-4193-9aa8-23637bb87483" testListId="8c84fa94-04c1-424b-9868-57a2d4851a1d" />
    <TestEntry testId="c03d2759-f116-8184-aeef-57cf3937bd5f" executionId="b4964f75-98ab-44c1-a418-3a49c794be4b" testListId="8c84fa94-04c1-424b-9868-57a2d4851a1d" />
    <TestEntry testId="5b581cd1-12f9-207f-c6d6-ff3c06f50422" executionId="565d8609-7d0c-42ad-a3a4-5c920ef02073" testListId="8c84fa94-04c1-424b-9868-57a2d4851a1d" />
    <TestEntry testId="fe75ad5d-59de-a5e9-8458-3383e268c8fe" executionId="12424fbf-515b-4106-9d32-f8194512c3d7" testListId="8c84fa94-04c1-424b-9868-57a2d4851a1d" />
    <TestEntry testId="84ac06b4-3179-88e1-4667-60a412ef51c1" executionId="e47a6ab9-e341-4e89-a278-6cc335705ad8" testListId="8c84fa94-04c1-424b-9868-57a2d4851a1d" />
    <TestEntry testId="c3e96409-eee7-72d2-011f-211d8b5252c8" executionId="6ef85c3c-3923-41bb-9288-3c05ef39e148" testListId="8c84fa94-04c1-424b-9868-57a2d4851a1d" />
    <TestEntry testId="88dec3ab-eaf6-0891-a7de-8122ec529298" executionId="d2020aab-147e-495c-b808-45a12705f56e" testListId="8c84fa94-04c1-424b-9868-57a2d4851a1d" />
    <TestEntry testId="3878ca7a-c366-59ea-0287-9cf36143a223" executionId="419d65fc-5221-41ef-b591-360cd4acb98e" testListId="8c84fa94-04c1-424b-9868-57a2d4851a1d" />
    <TestEntry testId="b53f6cd5-53ac-63ea-5b89-17785b961271" executionId="9712e371-3582-400d-a670-df5bc557c7de" testListId="8c84fa94-04c1-424b-9868-57a2d4851a1d" />
    <TestEntry testId="cf042103-7921-1ead-d6ff-4ed9f0d4db27" executionId="3a552343-126a-4db3-81de-407ee13322da" testListId="8c84fa94-04c1-424b-9868-57a2d4851a1d" />
    <TestEntry testId="f77290fe-ecdb-ef71-1845-a4d0afb3808a" executionId="54f21631-3e84-41d0-abfb-465997f133ca" testListId="8c84fa94-04c1-424b-9868-57a2d4851a1d" />
    <TestEntry testId="ff904e43-4b5c-668a-c135-f89f0a1e4732" executionId="fd83253c-3c31-415f-843c-b33766ff9349" testListId="8c84fa94-04c1-424b-9868-57a2d4851a1d" />
    <TestEntry testId="d7dd276a-3eb9-4541-8449-21198e243eac" executionId="0964cc7e-c3b7-4594-8d43-4f193f672cc3" testListId="8c84fa94-04c1-424b-9868-57a2d4851a1d" />
    <TestEntry testId="4537e9c5-13d5-3f84-48b3-e3974462164d" executionId="d5d5593d-8881-45f4-b8b7-4b687f383f28" testListId="8c84fa94-04c1-424b-9868-57a2d4851a1d" />
    <TestEntry testId="6a2896ab-8ffa-eb69-1977-ec41f7340322" executionId="c7bbf9f2-76ed-426a-8527-0ccdceacbd98" testListId="8c84fa94-04c1-424b-9868-57a2d4851a1d" />
    <TestEntry testId="1095599a-77d7-d9e4-e245-7efc28dee7bf" executionId="7dc8e70f-80cf-4370-bb51-d63bf78b99bf" testListId="8c84fa94-04c1-424b-9868-57a2d4851a1d" />
    <TestEntry testId="8562f742-9517-c34d-03a9-bab2acf0de01" executionId="4261fbe7-7b0a-4756-b041-df0ce6fce70a" testListId="8c84fa94-04c1-424b-9868-57a2d4851a1d" />
    <TestEntry testId="5f1edde8-4079-8b9b-df15-97d30c2142b7" executionId="a5ff018b-d98e-4807-a99a-00f6c10e7557" testListId="8c84fa94-04c1-424b-9868-57a2d4851a1d" />
    <TestEntry testId="e535ad30-87cf-2185-3e7b-49fa9c533d06" executionId="0e175559-f958-4266-bd88-d014ca50fa36" testListId="8c84fa94-04c1-424b-9868-57a2d4851a1d" />
    <TestEntry testId="51241e96-8a45-4508-6c21-6576cae5e089" executionId="95c78c70-56f1-4410-a260-c42d13328cea" testListId="8c84fa94-04c1-424b-9868-57a2d4851a1d" />
    <TestEntry testId="c6aa4bf3-1519-31b9-269f-08883e8cc1f9" executionId="0a1e1138-9f2d-45f5-9be1-7eab116b84fc" testListId="8c84fa94-04c1-424b-9868-57a2d4851a1d" />
    <TestEntry testId="133c2409-2ac8-7dd8-dc7d-02ea9f3e0e34" executionId="b44bf2ab-7040-47ac-a151-7e4b73285ab1" testListId="8c84fa94-04c1-424b-9868-57a2d4851a1d" />
    <TestEntry testId="ef6f535e-46aa-6566-1379-f4bd4f777672" executionId="341f4e41-3dac-4801-8791-31a033bbc559" testListId="8c84fa94-04c1-424b-9868-57a2d4851a1d" />
    <TestEntry testId="f0088058-c984-d0e2-ec2c-7428ea284f04" executionId="811fbb34-c701-4b10-9deb-4cd2c867a3ae" testListId="8c84fa94-04c1-424b-9868-57a2d4851a1d" />
    <TestEntry testId="2defc979-9ece-a883-f2e5-a716597e4490" executionId="b4eda8ef-e105-443c-828b-1e21c60f8351" testListId="8c84fa94-04c1-424b-9868-57a2d4851a1d" />
    <TestEntry testId="43cd2310-1244-5958-de05-7dbed89c1279" executionId="723ae001-965f-4941-bdbe-9e0d7cfd227c" testListId="8c84fa94-04c1-424b-9868-57a2d4851a1d" />
    <TestEntry testId="8a491826-af2b-4194-9a57-367d7e895c8e" executionId="bdb906ab-df95-4da9-b403-5fa03e9119c9" testListId="8c84fa94-04c1-424b-9868-57a2d4851a1d" />
    <TestEntry testId="358cf0f0-ae9e-9e0c-c8dc-b6de15c457e5" executionId="e93da3b6-8be7-445a-988d-ed4fc606a0f2" testListId="8c84fa94-04c1-424b-9868-57a2d4851a1d" />
    <TestEntry testId="a1f2ed90-96f8-ae32-7c39-50d89244e537" executionId="b4db364e-9b0f-4998-a13f-54c09a6aeb7b" testListId="8c84fa94-04c1-424b-9868-57a2d4851a1d" />
    <TestEntry testId="ca3899a2-5ef4-0a20-aa0d-3c4a23704f55" executionId="2dcd9d89-bfd8-47b2-8f76-11d3af295007" testListId="8c84fa94-04c1-424b-9868-57a2d4851a1d" />
    <TestEntry testId="4b7943ae-fd96-7f84-a79e-6cf51639fef8" executionId="6c4fccf7-1611-4f16-be6c-eb50ff194f7a" testListId="8c84fa94-04c1-424b-9868-57a2d4851a1d" />
    <TestEntry testId="53fdcf4d-8752-94e5-f9e1-a193818a7871" executionId="4f84a61a-9013-4132-a142-c8f71bbe9bd2" testListId="8c84fa94-04c1-424b-9868-57a2d4851a1d" />
    <TestEntry testId="78c352a6-0f34-2b5c-a271-c2fe6fb225ba" executionId="ef6c8c90-76b8-4129-9a4c-b0dd81c17e55" testListId="8c84fa94-04c1-424b-9868-57a2d4851a1d" />
    <TestEntry testId="cfc34de2-afba-0a3d-cb8a-3072831a3fc5" executionId="131d20f3-940e-4d45-b5a2-ae3464325491" testListId="8c84fa94-04c1-424b-9868-57a2d4851a1d" />
    <TestEntry testId="f21ed412-50ba-85c7-73e2-e5454f45b29e" executionId="7b923810-2be3-4530-89fb-20a2e6fe067e" testListId="8c84fa94-04c1-424b-9868-57a2d4851a1d" />
    <TestEntry testId="9e563c9b-580f-9e4b-a429-fe9560fd6933" executionId="743f4df6-69f3-47f8-a012-ffddceda75b3" testListId="8c84fa94-04c1-424b-9868-57a2d4851a1d" />
    <TestEntry testId="f88ad514-d164-710a-f7c9-edec1f48a439" executionId="2b1028f5-ed4b-4b61-9541-f8ebb77ed0cb" testListId="8c84fa94-04c1-424b-9868-57a2d4851a1d" />
    <TestEntry testId="8e036fee-8400-ab80-9758-d72863e8f2df" executionId="1e102d37-7e4f-4863-a07d-ac2af69fbc56" testListId="8c84fa94-04c1-424b-9868-57a2d4851a1d" />
    <TestEntry testId="7eddd2c9-38fd-a5e1-a909-96ab6ec1a8f6" executionId="fa580551-7e7b-44a1-93ec-2722bd70d587" testListId="8c84fa94-04c1-424b-9868-57a2d4851a1d" />
    <TestEntry testId="d9ee298b-fb9a-9d11-6d93-cb9cf649019e" executionId="73f14df2-be41-4277-8cd3-d9b4ab001473" testListId="8c84fa94-04c1-424b-9868-57a2d4851a1d" />
    <TestEntry testId="1bfaba6c-99fd-3ed9-5612-7d46a332a15b" executionId="dc9dec71-2c8a-4363-99ee-338574b46d80" testListId="8c84fa94-04c1-424b-9868-57a2d4851a1d" />
    <TestEntry testId="edd461de-e8c6-30e5-8034-07800c3631ef" executionId="408ec77e-2069-40d6-b0dc-f9c3783361b1" testListId="8c84fa94-04c1-424b-9868-57a2d4851a1d" />
    <TestEntry testId="84e20c4d-1403-12bb-a10f-ba8b9a8d759b" executionId="a15fc4db-0a34-4807-99e5-ac53476cb5f2" testListId="8c84fa94-04c1-424b-9868-57a2d4851a1d" />
    <TestEntry testId="5e83aea4-5d93-4a26-1885-99c7abf13ff3" executionId="66108f89-e0cd-4fab-b5eb-5d8066436eea" testListId="8c84fa94-04c1-424b-9868-57a2d4851a1d" />
    <TestEntry testId="927f2713-67eb-32ce-11a3-fc6e816015a1" executionId="d211b42c-ee20-4a4b-9707-1756ea7b19d5" testListId="8c84fa94-04c1-424b-9868-57a2d4851a1d" />
    <TestEntry testId="5362163e-0e42-7373-a7ac-a3fea5f5ff7f" executionId="07316fc3-9084-464e-bcf3-b3234bb22283" testListId="8c84fa94-04c1-424b-9868-57a2d4851a1d" />
    <TestEntry testId="b6546c86-e6d1-5c92-19ef-f904080cf8c3" executionId="c231d51f-2e29-4ebb-ad21-8309fa024cf2" testListId="8c84fa94-04c1-424b-9868-57a2d4851a1d" />
    <TestEntry testId="62d00f27-fc8d-137e-2f74-c2404c24d9ae" executionId="a7e0d006-b6ae-43d3-823b-977715cbf94d" testListId="8c84fa94-04c1-424b-9868-57a2d4851a1d" />
    <TestEntry testId="684e5f58-2e48-e0a8-32da-f4469e918e77" executionId="209ac1f4-2f6f-4558-934e-a7e03ba7d7b8" testListId="8c84fa94-04c1-424b-9868-57a2d4851a1d" />
    <TestEntry testId="f054641a-70e0-0abd-b7e6-795968c12f53" executionId="f3d0068f-ba83-47e5-83e5-c5aad82fca30" testListId="8c84fa94-04c1-424b-9868-57a2d4851a1d" />
    <TestEntry testId="fcc674ae-ddfd-443f-c462-a054f8d7c32b" executionId="d821d9f3-8fd3-408f-bb1a-6fbfdb92a4fa" testListId="8c84fa94-04c1-424b-9868-57a2d4851a1d" />
    <TestEntry testId="7970795d-7b49-c514-10b8-7e515b952390" executionId="c6a6437d-eb10-447c-a6b9-ee1c22f07e82" testListId="8c84fa94-04c1-424b-9868-57a2d4851a1d" />
    <TestEntry testId="83754c52-8531-e906-bb19-724658716214" executionId="fd197d14-5722-4f6d-933e-6558ab55d619" testListId="8c84fa94-04c1-424b-9868-57a2d4851a1d" />
    <TestEntry testId="8b143fd9-486e-a9e8-843e-0f6d5df549f4" executionId="8e8b155e-d0ef-4c9f-a105-383590525f47" testListId="8c84fa94-04c1-424b-9868-57a2d4851a1d" />
    <TestEntry testId="60c4c558-ca35-ca38-d61a-4c985c589871" executionId="53992805-769b-4229-b3f7-5f491b850d4b" testListId="8c84fa94-04c1-424b-9868-57a2d4851a1d" />
    <TestEntry testId="5f7c1d67-e395-41fb-a4ae-9d6c57f63ca3" executionId="377fa2c5-7507-439d-9bd3-53a5cffc1fe3" testListId="8c84fa94-04c1-424b-9868-57a2d4851a1d" />
    <TestEntry testId="530ad9f8-9d84-8d72-050b-6a1845bd664d" executionId="2e18ebda-9486-42ba-aa8d-e8bc52fe6669" testListId="8c84fa94-04c1-424b-9868-57a2d4851a1d" />
    <TestEntry testId="693b4063-8868-611b-17dc-e3e00f8c1c78" executionId="a4b95345-b5d9-4b1d-8acd-59fc07590a2b" testListId="8c84fa94-04c1-424b-9868-57a2d4851a1d" />
    <TestEntry testId="7223519c-1ccb-e68b-346b-974b196952b8" executionId="0b790f21-d1c1-4926-97a9-62c789652f9a" testListId="8c84fa94-04c1-424b-9868-57a2d4851a1d" />
    <TestEntry testId="498cdc58-e9d9-f776-fd88-555fa30fb569" executionId="70a12f65-0f48-4ce4-be2a-2e4b934eac70" testListId="8c84fa94-04c1-424b-9868-57a2d4851a1d" />
    <TestEntry testId="3666c5cb-66d0-806f-3a51-cb310e4be51f" executionId="199d45f0-122b-4475-bbcc-434ebec86965" testListId="8c84fa94-04c1-424b-9868-57a2d4851a1d" />
    <TestEntry testId="ce902bb7-9f65-7f7d-a8f8-65e8b1480988" executionId="e07b9e8f-efda-436f-8319-a36a70450aef" testListId="8c84fa94-04c1-424b-9868-57a2d4851a1d" />
    <TestEntry testId="c80fc2e6-8ae4-bb71-9e9f-63b448fce612" executionId="2d301ca6-7813-4611-8866-9fa65ca2b0c1" testListId="8c84fa94-04c1-424b-9868-57a2d4851a1d" />
    <TestEntry testId="5f7610e4-2697-060b-0675-fabfd22640d6" executionId="32d318a8-ae42-4bcf-9a09-96dfe85edc59" testListId="8c84fa94-04c1-424b-9868-57a2d4851a1d" />
    <TestEntry testId="a04bd54c-d3fc-6508-1fcd-e8dd84f49a7f" executionId="1196ae0d-fae8-456b-9298-4b13d0b529c6" testListId="8c84fa94-04c1-424b-9868-57a2d4851a1d" />
    <TestEntry testId="52622862-e198-3ea8-a12e-b904159b59f1" executionId="1aca9f41-d8c8-431a-8b28-363e592e8632" testListId="8c84fa94-04c1-424b-9868-57a2d4851a1d" />
    <TestEntry testId="31efc700-48af-cff0-b872-b7bfb1273484" executionId="37518d1b-8f3d-493e-9a86-56806d92fb9b" testListId="8c84fa94-04c1-424b-9868-57a2d4851a1d" />
    <TestEntry testId="ab37664e-eba3-8c3e-98b1-54079183df78" executionId="82fbf039-1332-4f15-a4a0-678b7928ad08" testListId="8c84fa94-04c1-424b-9868-57a2d4851a1d" />
    <TestEntry testId="60beaba2-89e2-6be5-3b8c-56b3b01c3f30" executionId="1541a5ce-3cc9-4d39-9967-e8d6508212d0" testListId="8c84fa94-04c1-424b-9868-57a2d4851a1d" />
    <TestEntry testId="44586c73-c5a1-a7ba-fcca-1038fcad5a0d" executionId="8c3aa832-a267-4af8-bcac-fdb521835dd8" testListId="8c84fa94-04c1-424b-9868-57a2d4851a1d" />
    <TestEntry testId="b5217233-fb60-a236-0635-9eeab49addcc" executionId="a8512f64-becf-4707-82cf-e06ef5ab3e9a" testListId="8c84fa94-04c1-424b-9868-57a2d4851a1d" />
    <TestEntry testId="5d4b6689-71b2-48ff-8a6c-5a7763654b98" executionId="f9c068b6-052e-476f-abf3-af03e072a57a" testListId="8c84fa94-04c1-424b-9868-57a2d4851a1d" />
    <TestEntry testId="a57468a4-b6f7-3d7d-668a-8b1444cbab84" executionId="f990f5a6-91af-4d93-95e3-e682481e1e9b" testListId="8c84fa94-04c1-424b-9868-57a2d4851a1d" />
    <TestEntry testId="8d0b28f1-26ea-04de-390d-400472f48150" executionId="80eec727-1630-4bcf-8a9c-c8d858f0efdc" testListId="8c84fa94-04c1-424b-9868-57a2d4851a1d" />
    <TestEntry testId="46b9496f-cfe3-3d12-f944-8488e6c4665d" executionId="d615307c-410a-48b9-8a92-4c1d84824aac" testListId="8c84fa94-04c1-424b-9868-57a2d4851a1d" />
    <TestEntry testId="bb0b2457-cec8-151a-cfa6-4d71d66620bf" executionId="31fb3ab2-28b2-4aa1-94db-38ccccb108fa" testListId="8c84fa94-04c1-424b-9868-57a2d4851a1d" />
    <TestEntry testId="f7732818-bc76-2c94-53fc-408b2b50a5de" executionId="e79ee791-1418-4daa-8815-0caefe5c502f" testListId="8c84fa94-04c1-424b-9868-57a2d4851a1d" />
    <TestEntry testId="c8347b88-43ae-4c54-b006-fb10c1b56058" executionId="c5e02e68-9630-4c0b-93e5-1a0ccdd7f09e" testListId="8c84fa94-04c1-424b-9868-57a2d4851a1d" />
    <TestEntry testId="e0e38ab5-7d23-2588-a9ea-422574af010a" executionId="680d351d-185a-431f-8d1f-160397c82def" testListId="8c84fa94-04c1-424b-9868-57a2d4851a1d" />
    <TestEntry testId="efb4b9e6-f5fd-c5f9-e1e2-b9b81ecac9eb" executionId="13409206-5deb-47ec-bbf1-5025060f67d1" testListId="8c84fa94-04c1-424b-9868-57a2d4851a1d" />
    <TestEntry testId="817064e8-5886-c8e9-c725-3c37efb1481a" executionId="83b7c87c-f5f4-41b1-92c8-fff3852bb86a" testListId="8c84fa94-04c1-424b-9868-57a2d4851a1d" />
    <TestEntry testId="62ed3ecd-cb91-299a-8c91-658bae768300" executionId="3d179e98-7f80-4f59-b3f8-bb3dc1551be8" testListId="8c84fa94-04c1-424b-9868-57a2d4851a1d" />
    <TestEntry testId="cf060ce6-4521-d146-44d3-4bbbd9ab9561" executionId="657d7bbb-d49a-4696-8f69-77e9ae998cb4" testListId="8c84fa94-04c1-424b-9868-57a2d4851a1d" />
    <TestEntry testId="566943ee-4030-3411-c5cc-f720bb545d7d" executionId="7d487ccf-ac10-459c-adc5-9d06af0fd7de" testListId="8c84fa94-04c1-424b-9868-57a2d4851a1d" />
    <TestEntry testId="267a5520-b2ce-30b4-eed9-5f24f23d3f7d" executionId="c0ee18ee-f2fd-475e-81cb-7e00b9d5b824" testListId="8c84fa94-04c1-424b-9868-57a2d4851a1d" />
    <TestEntry testId="c936f60a-1609-ce20-bf50-21f8d2594c11" executionId="f2b5b9fa-9a48-4d9d-9605-fb4b08f774bb" testListId="8c84fa94-04c1-424b-9868-57a2d4851a1d" />
    <TestEntry testId="a4dba884-3e56-8c56-f7ac-6fbff2da6c9e" executionId="ade6324c-7530-463d-b32e-147e61d6b484" testListId="8c84fa94-04c1-424b-9868-57a2d4851a1d" />
    <TestEntry testId="ee701298-4235-fb1d-7d76-008e9b4378fd" executionId="0998e313-63e7-4559-89eb-1c68220ea0e1" testListId="8c84fa94-04c1-424b-9868-57a2d4851a1d" />
    <TestEntry testId="606bc273-5b37-8b28-a56e-504695f865e2" executionId="c9b29d8b-82e9-4e61-a363-257fdc65b748" testListId="8c84fa94-04c1-424b-9868-57a2d4851a1d" />
    <TestEntry testId="c4c62807-9df3-a9d8-2b11-8b38d83caf7f" executionId="53b4065d-3ac6-4aa5-b9ee-ea74683f8733" testListId="8c84fa94-04c1-424b-9868-57a2d4851a1d" />
    <TestEntry testId="1a18fe2b-5455-dbe2-5424-6b629ae862d6" executionId="e8765ba7-eb4c-43c0-8b88-91e886b97150" testListId="8c84fa94-04c1-424b-9868-57a2d4851a1d" />
    <TestEntry testId="43075d4f-fc2b-d482-e15b-00ea8bbf132e" executionId="90c44a58-1e7e-48eb-9dae-3e20fe2bbd9d" testListId="8c84fa94-04c1-424b-9868-57a2d4851a1d" />
    <TestEntry testId="ee759bf7-c5c3-7da8-b46a-9347e911d0d1" executionId="66cb88e4-0a4d-4f75-a737-15877c95646e" testListId="8c84fa94-04c1-424b-9868-57a2d4851a1d" />
    <TestEntry testId="8ceea709-a449-48d9-55c4-6bf39e99159a" executionId="5202d70d-e9c9-408c-99f6-0e7a57fcfc24" testListId="8c84fa94-04c1-424b-9868-57a2d4851a1d" />
    <TestEntry testId="f8d9683c-ee75-771f-a166-4512b59870e9" executionId="167991a8-1ab5-43d2-b26d-875db7f6f93a" testListId="8c84fa94-04c1-424b-9868-57a2d4851a1d" />
    <TestEntry testId="eb873e86-1b7c-3c17-d48e-ea47dd02089d" executionId="b860ff94-27f2-4d4c-8003-f65945383922" testListId="8c84fa94-04c1-424b-9868-57a2d4851a1d" />
    <TestEntry testId="459f7dae-7e47-7837-b6da-302b3d1ec0dc" executionId="a134fb06-606f-4928-ac30-61669efbeafa" testListId="8c84fa94-04c1-424b-9868-57a2d4851a1d" />
    <TestEntry testId="efca558e-b604-628e-59e0-400a6230c9fe" executionId="79ce4948-9043-47e3-8979-245bca55d000" testListId="8c84fa94-04c1-424b-9868-57a2d4851a1d" />
    <TestEntry testId="e3342c41-5815-79b9-1710-b732892bfac7" executionId="14aa3648-68a0-4ecf-a581-695ba51a8272" testListId="8c84fa94-04c1-424b-9868-57a2d4851a1d" />
    <TestEntry testId="dc1c4f32-db5d-b6d1-99d7-5e9a9121a1e5" executionId="15cbbba3-45cb-4045-8200-5c160bc7d689" testListId="8c84fa94-04c1-424b-9868-57a2d4851a1d" />
    <TestEntry testId="8456b9bc-1502-c935-fe2c-1c0b85b8069f" executionId="aeac22af-b2b1-4244-937a-a43ccec7736a" testListId="8c84fa94-04c1-424b-9868-57a2d4851a1d" />
    <TestEntry testId="30cd5cc0-0b68-0639-c423-44f593bc1ae2" executionId="153f9484-1862-4b11-85f8-1f8147b89a6f" testListId="8c84fa94-04c1-424b-9868-57a2d4851a1d" />
    <TestEntry testId="781aecbc-0a4f-ee8f-7877-569a57a0d36c" executionId="4334a38d-d857-49e0-bb38-102382d58458" testListId="8c84fa94-04c1-424b-9868-57a2d4851a1d" />
    <TestEntry testId="0ccb1409-a625-8ae5-bf80-d22c93abbe88" executionId="70409a77-8d85-493e-a863-27529630144b" testListId="8c84fa94-04c1-424b-9868-57a2d4851a1d" />
    <TestEntry testId="0ec7c5ea-ba60-1b69-0088-887cc48b1020" executionId="2d2fbf74-b214-4507-8c41-1a7d8782b6ef" testListId="8c84fa94-04c1-424b-9868-57a2d4851a1d" />
    <TestEntry testId="01ae3fa0-ed8b-8c8c-ac6d-a52854caf134" executionId="d063ca7f-ca11-4ebd-9781-ba02b69b5a99" testListId="8c84fa94-04c1-424b-9868-57a2d4851a1d" />
    <TestEntry testId="c4944c7e-1515-f015-86e2-11fd01671676" executionId="02fbabd6-c203-4297-b804-bcde03aabf3d" testListId="8c84fa94-04c1-424b-9868-57a2d4851a1d" />
    <TestEntry testId="42c3f6f1-5106-183b-2a3e-7f83f18109e4" executionId="d2191e70-eec0-4c40-80bf-149391f67467" testListId="8c84fa94-04c1-424b-9868-57a2d4851a1d" />
    <TestEntry testId="3f43a7ed-aaf5-a821-0c08-25ea2f37adff" executionId="493b016d-3527-4a33-b22b-515284e4d94d" testListId="8c84fa94-04c1-424b-9868-57a2d4851a1d" />
    <TestEntry testId="98839050-ff82-f3c0-8366-f7a5c6f29a16" executionId="0545d878-7861-4517-ac1b-b520517e7c86" testListId="8c84fa94-04c1-424b-9868-57a2d4851a1d" />
    <TestEntry testId="2d46e5cc-84fc-f3a5-6c79-1316af1ae37c" executionId="1a30912e-5441-469f-9bd6-7c90d97e537c" testListId="8c84fa94-04c1-424b-9868-57a2d4851a1d" />
    <TestEntry testId="03ea1ece-8b1a-3360-9e98-40c4a8c67db9" executionId="d72904a3-7381-49fd-a011-399e16af48bb" testListId="8c84fa94-04c1-424b-9868-57a2d4851a1d" />
    <TestEntry testId="b3b87a25-707e-eabd-cd9b-4706c79e030a" executionId="6393236f-7008-4aee-bfcb-fffbee93a9fa" testListId="8c84fa94-04c1-424b-9868-57a2d4851a1d" />
    <TestEntry testId="c870b85f-8c6f-144f-b0fb-4e9fa2a2b97c" executionId="e2670951-4262-4e9b-84c3-5ddd52846cfd" testListId="8c84fa94-04c1-424b-9868-57a2d4851a1d" />
    <TestEntry testId="2a96f827-bbc4-2c3b-f0d8-f7fcaed1d769" executionId="7ade6eea-976d-4caa-be5f-d7729c9ac706" testListId="8c84fa94-04c1-424b-9868-57a2d4851a1d" />
    <TestEntry testId="223c7435-6b43-2007-709d-8c2478b15d0c" executionId="fe742040-f1f8-4263-b0b4-fdf0e3281eed" testListId="8c84fa94-04c1-424b-9868-57a2d4851a1d" />
    <TestEntry testId="25c3230e-0d44-73e3-81f2-19a43d9ed02c" executionId="8aacc19f-cbb8-4acc-99d6-3a84e433a838" testListId="8c84fa94-04c1-424b-9868-57a2d4851a1d" />
    <TestEntry testId="1e22ff15-a9eb-0b99-c3ac-e6e4353748db" executionId="a4617a8d-599b-4e30-a193-9873be3d1e5f" testListId="8c84fa94-04c1-424b-9868-57a2d4851a1d" />
    <TestEntry testId="91fc7454-6e78-8a4e-a332-a8e52ffd3882" executionId="dce1885c-f80d-4594-9391-66163d675e88" testListId="8c84fa94-04c1-424b-9868-57a2d4851a1d" />
    <TestEntry testId="9859568f-1ed1-8313-aa8b-52e7b09b6aee" executionId="54268f85-bbe3-4fe4-a632-49aa5a7ede69" testListId="8c84fa94-04c1-424b-9868-57a2d4851a1d" />
    <TestEntry testId="46697a9a-3629-b479-4baa-02c38113d5c0" executionId="9f413ba1-0bda-4657-9dee-842d0cdc3c8a" testListId="8c84fa94-04c1-424b-9868-57a2d4851a1d" />
    <TestEntry testId="64e43d9d-1444-1d43-8b3e-a7652ce10540" executionId="924c7ba4-9cc8-4de1-b55d-729acc1d4b91" testListId="8c84fa94-04c1-424b-9868-57a2d4851a1d" />
    <TestEntry testId="3b3a44fa-ae5d-d017-0e32-5cfc8d272ce9" executionId="80a5c8c3-8b03-4911-a23b-964858035323" testListId="8c84fa94-04c1-424b-9868-57a2d4851a1d" />
    <TestEntry testId="b645fe28-5376-5b09-f1a2-7726c4c32c0e" executionId="0eebe381-2f1c-49ee-88ea-b8f8face8cb1" testListId="8c84fa94-04c1-424b-9868-57a2d4851a1d" />
    <TestEntry testId="b01aee79-cd27-7816-1ad0-ea68f0b5ad21" executionId="fb322e9d-f482-4cf9-95cb-6d03c97e7eba" testListId="8c84fa94-04c1-424b-9868-57a2d4851a1d" />
    <TestEntry testId="8b3b4ab5-6484-1eae-3363-2226212794b9" executionId="8e43d725-5ac8-47bd-9eec-f2f0df29504e" testListId="8c84fa94-04c1-424b-9868-57a2d4851a1d" />
    <TestEntry testId="be18124e-660f-efb1-6325-f87bf94bdc20" executionId="18c993c1-2fc2-4db5-85cd-ab46497e32d9" testListId="8c84fa94-04c1-424b-9868-57a2d4851a1d" />
    <TestEntry testId="24c1ee82-30ff-8e41-0008-d5c7cd9f80e3" executionId="0e5cfdbf-6845-4a61-81dc-585a72bde864" testListId="8c84fa94-04c1-424b-9868-57a2d4851a1d" />
    <TestEntry testId="773ad362-0240-58dc-aa8f-272190d27b6e" executionId="5977b9f9-b545-4c32-a6d3-887718ea65f9" testListId="8c84fa94-04c1-424b-9868-57a2d4851a1d" />
    <TestEntry testId="cb5cecba-74e0-e400-cbc2-9222bf1ee755" executionId="f8763f04-92b1-4098-8a3b-43d5e8b8ce8d" testListId="8c84fa94-04c1-424b-9868-57a2d4851a1d" />
    <TestEntry testId="415bc79e-0d30-94dd-66f4-4999b2696e1a" executionId="7be95045-1be6-4201-b5e6-8d54ad27b3c4" testListId="8c84fa94-04c1-424b-9868-57a2d4851a1d" />
    <TestEntry testId="c8656c06-fe46-8c5d-9a0a-7b056f3a0738" executionId="aa73baa1-7532-4ffc-a00e-77288da058cd" testListId="8c84fa94-04c1-424b-9868-57a2d4851a1d" />
    <TestEntry testId="ad44d01f-312b-56e4-69ce-f2d7063579c6" executionId="e5497048-f1f4-4b1f-a469-a0af6d433645" testListId="8c84fa94-04c1-424b-9868-57a2d4851a1d" />
    <TestEntry testId="2d5af9c7-a7df-0db2-a34a-cf466f002a23" executionId="47bef634-f239-482c-ab07-6e679050c00e" testListId="8c84fa94-04c1-424b-9868-57a2d4851a1d" />
    <TestEntry testId="60aed6ce-f14b-1678-56d5-4ec00907365c" executionId="2f28153e-d5cf-4d98-98c2-e7df491cd637" testListId="8c84fa94-04c1-424b-9868-57a2d4851a1d" />
    <TestEntry testId="e8dec672-3843-6f37-8753-4ec1a9697769" executionId="f359600c-44eb-4de8-a70b-98b90e39ac87" testListId="8c84fa94-04c1-424b-9868-57a2d4851a1d" />
    <TestEntry testId="fd77eda1-7bce-2aa6-17fa-2657da80ebad" executionId="27cf497b-7f42-405d-acc4-97d7290c4d4d" testListId="8c84fa94-04c1-424b-9868-57a2d4851a1d" />
    <TestEntry testId="7a89a995-febf-4228-b231-81beac4b1a82" executionId="09bd320b-cc71-405f-afac-7c57651bae68" testListId="8c84fa94-04c1-424b-9868-57a2d4851a1d" />
    <TestEntry testId="b730b2be-1068-d3d6-362b-12e7fd1a3164" executionId="3ec58f1b-e280-4c43-8a55-ba93f6a8057f" testListId="8c84fa94-04c1-424b-9868-57a2d4851a1d" />
    <TestEntry testId="da12012f-0c55-0fc0-7569-852d16e7e798" executionId="ad11e9e7-4fb9-404e-a95e-04cbe8eb1497" testListId="8c84fa94-04c1-424b-9868-57a2d4851a1d" />
    <TestEntry testId="b065705c-9e09-a61a-8a7c-4d8d72f89e39" executionId="ca08d358-fc45-4be3-b4bd-e160415ef3ec" testListId="8c84fa94-04c1-424b-9868-57a2d4851a1d" />
    <TestEntry testId="e60850c8-54a4-7b27-6af1-719dc0284008" executionId="7adffaac-3b2c-43c8-b777-117d13e90bca" testListId="8c84fa94-04c1-424b-9868-57a2d4851a1d" />
    <TestEntry testId="4ce024e9-114c-b93f-dda0-d8d5eecbac78" executionId="102d8ac0-837e-4c3c-b8c4-dc577b48f746" testListId="8c84fa94-04c1-424b-9868-57a2d4851a1d" />
    <TestEntry testId="5e6a8cc5-eed7-b02b-7bb3-305606a2feaa" executionId="985f599b-e3fb-45b8-83e3-ac11340c23bf" testListId="8c84fa94-04c1-424b-9868-57a2d4851a1d" />
    <TestEntry testId="c7790254-4ede-da32-a73b-877f9504e2d5" executionId="5eaf14f7-6489-4a1e-8503-91efa2b9d6d0" testListId="8c84fa94-04c1-424b-9868-57a2d4851a1d" />
    <TestEntry testId="b5ecfde3-6a11-3c88-f95b-5db558bbb3b6" executionId="56d3e5ad-06a5-49db-b330-76e6adb76ef7" testListId="8c84fa94-04c1-424b-9868-57a2d4851a1d" />
    <TestEntry testId="37e9e05e-3df1-6701-2b47-d1d261dc14b9" executionId="475d1e7e-cb75-4b23-ab92-3f2f38303306" testListId="8c84fa94-04c1-424b-9868-57a2d4851a1d" />
    <TestEntry testId="d35deb84-0f4d-903b-6b22-c3e0e1eb4d8f" executionId="3bf8d269-96a2-4eff-9326-89bcc6e6ffbe" testListId="8c84fa94-04c1-424b-9868-57a2d4851a1d" />
    <TestEntry testId="171f34fb-a3ff-5cb4-eba5-176021935ca8" executionId="95a81ae4-20df-4268-88e1-2916499f7709" testListId="8c84fa94-04c1-424b-9868-57a2d4851a1d" />
    <TestEntry testId="c96e31ca-43c5-df87-6c5b-7e1eee7f237c" executionId="8349e2a2-5c53-4efb-9bcf-36cd9e102fe4" testListId="8c84fa94-04c1-424b-9868-57a2d4851a1d" />
    <TestEntry testId="36b9e57f-6cdd-063c-348b-15dec7da5e32" executionId="bb33899e-e1ed-433c-af21-50432db6363f" testListId="8c84fa94-04c1-424b-9868-57a2d4851a1d" />
    <TestEntry testId="ff052629-d3e6-e97f-5869-798bc9db96cb" executionId="2540a49b-24c9-498d-97fa-26c6310697b5" testListId="8c84fa94-04c1-424b-9868-57a2d4851a1d" />
    <TestEntry testId="ed362dc0-8761-8caa-fa70-7dcfc2b975a1" executionId="a8042458-343c-429c-9ada-69b2de16037f" testListId="8c84fa94-04c1-424b-9868-57a2d4851a1d" />
    <TestEntry testId="f231423a-8910-6775-2714-87c764c894b7" executionId="5eb4ce17-8232-4d95-8595-4d2b6d73dd6e" testListId="8c84fa94-04c1-424b-9868-57a2d4851a1d" />
    <TestEntry testId="d9045caf-bc9e-9155-eab3-e1213b60e9f3" executionId="7ab7f995-f1ef-4f37-a393-f737f7d5036e" testListId="8c84fa94-04c1-424b-9868-57a2d4851a1d" />
    <TestEntry testId="a7ce8045-fdaa-8c92-34a2-239e6e9f9d66" executionId="bae77cf9-c72d-44c6-b862-96aa00147bbc" testListId="8c84fa94-04c1-424b-9868-57a2d4851a1d" />
    <TestEntry testId="db9a66c0-39ad-ec1b-d228-d79c14b86964" executionId="0043c342-0271-4365-b5c0-7d3faa7b3bea" testListId="8c84fa94-04c1-424b-9868-57a2d4851a1d" />
    <TestEntry testId="1761c801-50d6-e824-8c7c-e8367d6461d1" executionId="4eb96b66-a559-403c-b601-48c962ba2517" testListId="8c84fa94-04c1-424b-9868-57a2d4851a1d" />
    <TestEntry testId="b4606197-0caa-4e5f-980e-a295995011de" executionId="db767dd9-6f2e-49a9-8b79-0953ded50ce1" testListId="8c84fa94-04c1-424b-9868-57a2d4851a1d" />
    <TestEntry testId="b8a72e2f-4fd2-5d84-9dfc-2631b4799fa0" executionId="618f4b19-2854-4435-ab78-6570c298097e" testListId="8c84fa94-04c1-424b-9868-57a2d4851a1d" />
    <TestEntry testId="36eb86d9-12bf-335f-3264-5de6af2186e7" executionId="b8d8a876-8503-432a-98ed-2fe57a1174f6" testListId="8c84fa94-04c1-424b-9868-57a2d4851a1d" />
    <TestEntry testId="87f2cb96-39ad-c42d-30a7-69606290a85a" executionId="fbc8be6b-9fb1-427b-9622-c5031f5d501c" testListId="8c84fa94-04c1-424b-9868-57a2d4851a1d" />
    <TestEntry testId="f900d04a-d129-0db5-09c0-6ef7ee8f768c" executionId="5c6b2aef-6d7e-449d-be16-a753e61dc322" testListId="8c84fa94-04c1-424b-9868-57a2d4851a1d" />
    <TestEntry testId="b9f4bb6f-b5d4-3f0f-6243-2e6a5fd98ee5" executionId="7bb8e309-2ced-4cbd-bc58-ff5b78c736c0" testListId="8c84fa94-04c1-424b-9868-57a2d4851a1d" />
    <TestEntry testId="d3322319-7dfb-78fc-e2f3-977074aa2956" executionId="0b147f68-84a1-499f-9f45-f8bab902dc07" testListId="8c84fa94-04c1-424b-9868-57a2d4851a1d" />
    <TestEntry testId="441736c6-1ad4-60a0-a63a-c1e36b1d5be8" executionId="5f0e1515-1dbe-47ef-850a-4363a0273f5e" testListId="8c84fa94-04c1-424b-9868-57a2d4851a1d" />
    <TestEntry testId="841ecca1-70fb-53f7-e4d4-ba47f60040c3" executionId="a685df81-32e5-450d-ae1c-c0cc23b59e0b" testListId="8c84fa94-04c1-424b-9868-57a2d4851a1d" />
    <TestEntry testId="6e7e5746-d77a-a570-e1b2-1f3692d4d4fe" executionId="3eb19acc-5840-49f0-9168-24d08b162485" testListId="8c84fa94-04c1-424b-9868-57a2d4851a1d" />
    <TestEntry testId="44c2e18b-ab51-eb6d-b965-a631eff536b7" executionId="bd173619-1355-47e0-8a6d-6baad18999b7" testListId="8c84fa94-04c1-424b-9868-57a2d4851a1d" />
    <TestEntry testId="3c33498b-ad96-d6bf-7627-ebbfa23e6c84" executionId="b680dbea-40f8-4f31-9e63-990bd1177d19" testListId="8c84fa94-04c1-424b-9868-57a2d4851a1d" />
    <TestEntry testId="41b4227b-1355-fc8a-58d4-ec62dd0846de" executionId="6da3dfc4-4034-4eed-8228-5f741e81e98e" testListId="8c84fa94-04c1-424b-9868-57a2d4851a1d" />
    <TestEntry testId="7d2232cb-1c05-69d2-304b-8b03e407524d" executionId="4fd382b2-2806-437b-825e-9fa70874e89e" testListId="8c84fa94-04c1-424b-9868-57a2d4851a1d" />
    <TestEntry testId="7b5d90ff-b3d4-28d4-b1f9-6914f2b8d903" executionId="58606630-087c-48a1-8b81-e093324d4305" testListId="8c84fa94-04c1-424b-9868-57a2d4851a1d" />
    <TestEntry testId="675075ad-b38b-9827-0891-15ca1615bdea" executionId="c4137d04-c4c3-41e2-b83c-d4277b45f55f" testListId="8c84fa94-04c1-424b-9868-57a2d4851a1d" />
    <TestEntry testId="0ddd8109-a79c-6895-fd6b-2c2835aa6dbc" executionId="9a6db8f6-6d27-4f93-9cd7-009cb798911f" testListId="8c84fa94-04c1-424b-9868-57a2d4851a1d" />
    <TestEntry testId="7fab194e-bfd3-3216-740f-56086c4caf7d" executionId="86a7ab2e-a79a-4f3d-8fce-6817b9ca032d" testListId="8c84fa94-04c1-424b-9868-57a2d4851a1d" />
    <TestEntry testId="5a3d4b0b-6243-c852-6119-6f4ff0db48e0" executionId="b999b00e-2084-44c2-b814-493660a95a7a" testListId="8c84fa94-04c1-424b-9868-57a2d4851a1d" />
    <TestEntry testId="8b7cfd53-36dd-18ae-b319-523051717a9c" executionId="704fe976-b12e-4223-8b9f-2f3c35a9b2d4" testListId="8c84fa94-04c1-424b-9868-57a2d4851a1d" />
    <TestEntry testId="4602326d-c2d5-976d-520d-c678d4e79d17" executionId="d616d79a-78df-4187-b42a-12793e32c683" testListId="8c84fa94-04c1-424b-9868-57a2d4851a1d" />
    <TestEntry testId="502eb26c-fc20-7eca-94d7-4070e1de924d" executionId="18124816-4923-4826-b818-4ab9cc63bceb" testListId="8c84fa94-04c1-424b-9868-57a2d4851a1d" />
    <TestEntry testId="1aecd7b7-5e3b-76f1-16fd-64f728c43ada" executionId="a35a3762-a570-430a-a0b7-1474d1f01867" testListId="8c84fa94-04c1-424b-9868-57a2d4851a1d" />
    <TestEntry testId="78646480-ed6c-bc35-4298-855f0c730e52" executionId="30e79d31-6f4b-4651-969c-59512ef535e4" testListId="8c84fa94-04c1-424b-9868-57a2d4851a1d" />
    <TestEntry testId="5e4b7276-a1d0-5132-d911-2a5ccea2bcde" executionId="8b0ca328-a552-41a4-ad3f-3a29bc742d63" testListId="8c84fa94-04c1-424b-9868-57a2d4851a1d" />
    <TestEntry testId="47b07c14-56d5-d8fc-f6c9-99ec15fac313" executionId="62c47158-c57a-4205-99be-00c849b011b8" testListId="8c84fa94-04c1-424b-9868-57a2d4851a1d" />
    <TestEntry testId="4038cf32-fea0-a30a-c01b-561546a0f9f8" executionId="13f52a49-81aa-407a-b203-6827e14efaff" testListId="8c84fa94-04c1-424b-9868-57a2d4851a1d" />
    <TestEntry testId="90b90f44-f46b-56ab-7233-a38566f4877c" executionId="5f56bb56-19d4-4300-8e92-f3286afecf89" testListId="8c84fa94-04c1-424b-9868-57a2d4851a1d" />
    <TestEntry testId="698cdce9-402f-d47b-749d-731207071545" executionId="dcbf0e42-2d9a-44b0-b3ac-f830a5c67a41" testListId="8c84fa94-04c1-424b-9868-57a2d4851a1d" />
    <TestEntry testId="7c39c5a2-ff25-b490-d12c-412bc268bc5a" executionId="fc091b32-038c-40ec-bb75-be665410d2d2" testListId="8c84fa94-04c1-424b-9868-57a2d4851a1d" />
    <TestEntry testId="b1f63b10-d0c7-5976-c9b0-683f19dcc235" executionId="0e07428b-54dc-47e1-a15a-28e207d6fbb4" testListId="8c84fa94-04c1-424b-9868-57a2d4851a1d" />
    <TestEntry testId="e1e78b30-f6f8-0428-a142-4b028d3b0d9f" executionId="f6227f52-4d4c-44d4-8bf1-2de2b8cfe876" testListId="8c84fa94-04c1-424b-9868-57a2d4851a1d" />
    <TestEntry testId="9702b0ef-1a9b-69ea-9f16-6d68ecac4b2b" executionId="92d94bf4-603a-4b69-bd0b-46c70c22b68a" testListId="8c84fa94-04c1-424b-9868-57a2d4851a1d" />
    <TestEntry testId="6c9c10a3-3a25-b4d2-8cae-06d13c41a5c9" executionId="c10bce19-57c4-41b8-b8ac-231c50f345cc" testListId="8c84fa94-04c1-424b-9868-57a2d4851a1d" />
    <TestEntry testId="683c1146-0f71-f538-62bf-ffd01b15913d" executionId="4f3d41fa-8796-43aa-997c-84df6df20e33" testListId="8c84fa94-04c1-424b-9868-57a2d4851a1d" />
    <TestEntry testId="b3be7c7e-becc-5cf9-3fcd-538ccc4afdf5" executionId="215643ea-8865-42e6-ac02-b4cf049701db" testListId="8c84fa94-04c1-424b-9868-57a2d4851a1d" />
    <TestEntry testId="b96e95cd-717a-090b-be0a-f4afe96e8050" executionId="62b27e49-223b-45a3-a501-31bcaafe4f0d" testListId="8c84fa94-04c1-424b-9868-57a2d4851a1d" />
    <TestEntry testId="7f4e88ac-ee97-e202-44b4-cb077709c4f5" executionId="777b4b4f-22d7-44d6-9d22-63295fddeaa7" testListId="8c84fa94-04c1-424b-9868-57a2d4851a1d" />
    <TestEntry testId="f8b74a11-d1e4-d73d-f74a-3c7c7463beff" executionId="be4ae96d-de3e-4386-a587-fdc94ed72753" testListId="8c84fa94-04c1-424b-9868-57a2d4851a1d" />
    <TestEntry testId="f6367e15-0a2e-a08e-cf98-c8bee7704f8f" executionId="79830378-d615-4d84-8bac-536077f1220c" testListId="8c84fa94-04c1-424b-9868-57a2d4851a1d" />
    <TestEntry testId="d2f1b13f-1900-e37c-89d6-3ec3ece22de8" executionId="a973cf9c-c8ec-46b4-a4c1-c8cb4d880854" testListId="8c84fa94-04c1-424b-9868-57a2d4851a1d" />
    <TestEntry testId="742a5545-dc86-69b8-7d59-bdc2d5d0ee39" executionId="2bfbc7a9-6ad9-4310-8909-9e422b2b82cc" testListId="8c84fa94-04c1-424b-9868-57a2d4851a1d" />
    <TestEntry testId="b757a0cc-c5e9-b68b-af8b-9c9af9996115" executionId="171bb05d-4d04-46cd-b751-f757159845f3" testListId="8c84fa94-04c1-424b-9868-57a2d4851a1d" />
    <TestEntry testId="43a10462-0cee-509c-5925-853c0f0bc9b2" executionId="f7e646f7-ebe6-42f0-a9a7-75ab6ba35a9e" testListId="8c84fa94-04c1-424b-9868-57a2d4851a1d" />
    <TestEntry testId="4b00709b-721b-5f65-0b6b-797183363c56" executionId="d468a0b3-ac99-4f64-bd2b-5598803a77ad" testListId="8c84fa94-04c1-424b-9868-57a2d4851a1d" />
    <TestEntry testId="4d2f7bcf-cba1-1d46-e8af-f7b60671800e" executionId="43ce7098-d8ac-4916-83de-4d8e9aa5ddff" testListId="8c84fa94-04c1-424b-9868-57a2d4851a1d" />
    <TestEntry testId="b494661d-9d1e-37a3-0b29-b38f69e98eab" executionId="86fcc6c9-1145-4151-986d-a57be7c0efcd" testListId="8c84fa94-04c1-424b-9868-57a2d4851a1d" />
    <TestEntry testId="bc528197-4f52-8eac-37cc-fdbd400427b1" executionId="16b2e979-32e5-47ac-b145-d601e4ffa304" testListId="8c84fa94-04c1-424b-9868-57a2d4851a1d" />
    <TestEntry testId="fbfc6aa5-9a9d-15d7-c9a6-7165b17141ce" executionId="71050878-85b7-4125-ab38-22099edd5073" testListId="8c84fa94-04c1-424b-9868-57a2d4851a1d" />
    <TestEntry testId="24fedb21-76fa-d17f-8a3f-9779036875ca" executionId="37a8bd0c-6f05-4ef1-8969-1e325752a906" testListId="8c84fa94-04c1-424b-9868-57a2d4851a1d" />
    <TestEntry testId="60fb8ee9-be04-9275-bddc-2583cad0042d" executionId="17cf9caa-e39f-479e-857a-99a89f7f85c4" testListId="8c84fa94-04c1-424b-9868-57a2d4851a1d" />
    <TestEntry testId="d3b3b457-e9fd-9f4a-efcc-14b4556b9c3b" executionId="fcabeb4c-62a4-4b35-84c8-fba87efbd919" testListId="8c84fa94-04c1-424b-9868-57a2d4851a1d" />
    <TestEntry testId="37722bd3-9ffd-bde6-6fd4-a863161d8e79" executionId="24627f72-496d-4033-b768-d8a90d736a83" testListId="8c84fa94-04c1-424b-9868-57a2d4851a1d" />
    <TestEntry testId="29a1f7dd-0314-a2c3-e35d-5640e68aa63c" executionId="ab8cb260-5674-45cc-a0f8-db2435a408e7" testListId="8c84fa94-04c1-424b-9868-57a2d4851a1d" />
    <TestEntry testId="6b1afae7-2627-b01d-a7ec-1b6c02bd2bcb" executionId="2044ab53-bad1-4182-8a7d-a836629a3391" testListId="8c84fa94-04c1-424b-9868-57a2d4851a1d" />
    <TestEntry testId="e88a4501-1744-7dc7-7775-2fd3d99f8687" executionId="72fcc337-5e4b-4516-92a4-ef81bb1a8307" testListId="8c84fa94-04c1-424b-9868-57a2d4851a1d" />
    <TestEntry testId="a69e6755-130f-e1cf-480b-01ac27a59c0b" executionId="c3044475-847c-46e1-9aca-2ac57a6d9604" testListId="8c84fa94-04c1-424b-9868-57a2d4851a1d" />
    <TestEntry testId="b2924485-fb76-2c4b-0b99-d9dde5ec5acc" executionId="f7e764ee-99a6-4fad-8f93-7d9752b0cc6d" testListId="8c84fa94-04c1-424b-9868-57a2d4851a1d" />
    <TestEntry testId="fd20c522-5576-c06c-0b52-c93ed8497413" executionId="2d7bd4fa-69b7-4e3e-8d52-f7d7a057044c" testListId="8c84fa94-04c1-424b-9868-57a2d4851a1d" />
    <TestEntry testId="f24089cf-fe3d-8362-70e4-ab0b76a7de15" executionId="778a86b1-7e0f-4b4b-aded-1861f7d9b7e7" testListId="8c84fa94-04c1-424b-9868-57a2d4851a1d" />
    <TestEntry testId="e715464c-f91f-3985-31f5-b4c19dc3bb47" executionId="5094fb70-0fc8-4a9f-b816-b19458c65ba0" testListId="8c84fa94-04c1-424b-9868-57a2d4851a1d" />
    <TestEntry testId="3f9b007a-0887-0a4b-fc11-bcd2e8627500" executionId="cb8ae09d-9a48-4115-adf8-68bcc8523006" testListId="8c84fa94-04c1-424b-9868-57a2d4851a1d" />
    <TestEntry testId="ae348294-ad17-096f-e5dc-d84f86d3516a" executionId="e86b108d-ee9c-4ee1-8ae7-6ca5ed757e74" testListId="8c84fa94-04c1-424b-9868-57a2d4851a1d" />
    <TestEntry testId="dfcdc542-2d97-6a12-d64f-1b53e6e361de" executionId="7ecae247-d70d-42eb-a929-4de4737f0704" testListId="8c84fa94-04c1-424b-9868-57a2d4851a1d" />
    <TestEntry testId="1c9ab6fe-369f-fc97-dc6a-6306f610a6c1" executionId="e91b29d0-e25e-41c9-af5c-1fd2553255ee" testListId="8c84fa94-04c1-424b-9868-57a2d4851a1d" />
    <TestEntry testId="a04b07f4-c2e9-1778-e150-c2f82ad83ff1" executionId="84b7fdde-3ce9-49c5-8628-2ff9883e12f2" testListId="8c84fa94-04c1-424b-9868-57a2d4851a1d" />
    <TestEntry testId="b50e377e-eed1-1ebd-54fd-8f1e4e2f227d" executionId="30dd3a17-eb03-4a79-8081-72b778d1f6a4" testListId="8c84fa94-04c1-424b-9868-57a2d4851a1d" />
    <TestEntry testId="eed2e3ea-26e8-3856-ffb0-523951424ffd" executionId="996f1f25-f486-495b-a355-256d161ac22e" testListId="8c84fa94-04c1-424b-9868-57a2d4851a1d" />
    <TestEntry testId="ffff8b6f-bdf7-4cf8-2e75-e22216455b6a" executionId="084655cf-73a2-433c-8559-960fe921b93a" testListId="8c84fa94-04c1-424b-9868-57a2d4851a1d" />
    <TestEntry testId="7d96e561-65fb-7fc1-7af3-dc6699d1a2a8" executionId="1dc1d253-5038-406d-b9f1-79e47d057e84" testListId="8c84fa94-04c1-424b-9868-57a2d4851a1d" />
    <TestEntry testId="fb88ca7f-cdc7-8360-b83c-e01e3433a330" executionId="77133648-6cde-4c95-be68-9c3ebaf186d4" testListId="8c84fa94-04c1-424b-9868-57a2d4851a1d" />
    <TestEntry testId="06afeb1c-6fed-119d-c733-4c3f850f0cf8" executionId="e8227d62-509c-4a1e-b558-2c9bf87e53c9" testListId="8c84fa94-04c1-424b-9868-57a2d4851a1d" />
    <TestEntry testId="7a911cb9-e4cc-99b5-e24b-a5efe3109032" executionId="728a0b61-57b7-413a-b2bc-4c13e9367789" testListId="8c84fa94-04c1-424b-9868-57a2d4851a1d" />
    <TestEntry testId="58f8ce8a-bd4a-597b-aa01-13175d672f22" executionId="b889c2bf-9236-4baf-a597-5d50fb0655a3" testListId="8c84fa94-04c1-424b-9868-57a2d4851a1d" />
    <TestEntry testId="283fdc25-b04c-b75d-3ca4-4848fe01fc94" executionId="a77bdb35-578b-4a08-bd9c-48118e4cc052" testListId="8c84fa94-04c1-424b-9868-57a2d4851a1d" />
    <TestEntry testId="94d0b36c-6fd0-8b70-3547-484f0800e310" executionId="5a41f544-f2e7-4ee6-89f3-9f48c01782f7" testListId="8c84fa94-04c1-424b-9868-57a2d4851a1d" />
    <TestEntry testId="b8c35519-53ca-996b-8251-ea51d46800d9" executionId="7385de01-22d6-4769-9ffc-aadee9c799bb" testListId="8c84fa94-04c1-424b-9868-57a2d4851a1d" />
    <TestEntry testId="61311b76-2951-119f-c76b-24008781f5b1" executionId="57b51395-3692-41b8-a7e4-cc3889ef77ff" testListId="8c84fa94-04c1-424b-9868-57a2d4851a1d" />
    <TestEntry testId="257afc87-8939-934a-33b1-c4c02c6ca1b7" executionId="d50a8e75-fcb8-4743-a243-dde8824ba8d8" testListId="8c84fa94-04c1-424b-9868-57a2d4851a1d" />
    <TestEntry testId="4dffc473-738c-6906-b3e2-2b42efb8e067" executionId="9e6cc91c-5544-4858-a88c-af956d6fa379" testListId="8c84fa94-04c1-424b-9868-57a2d4851a1d" />
    <TestEntry testId="b8cefc1a-3e1b-4181-48b4-448172fa2147" executionId="7a6009fa-721a-4183-beff-73ade3ee0106" testListId="8c84fa94-04c1-424b-9868-57a2d4851a1d" />
    <TestEntry testId="31f8f411-1302-7d79-0be7-e9b489eee19b" executionId="4e3839fd-5a68-4c4a-a8a5-3f6eaffd3af3" testListId="8c84fa94-04c1-424b-9868-57a2d4851a1d" />
    <TestEntry testId="c0ec6e0d-9725-72a9-5a3f-b9e6a6bef587" executionId="2f09779c-4c49-406a-8527-f5a2559a2e38" testListId="8c84fa94-04c1-424b-9868-57a2d4851a1d" />
    <TestEntry testId="30180969-22e2-8ecf-4ef2-8f47d438fff6" executionId="fe21f603-18b4-41ae-b096-801382fd9431" testListId="8c84fa94-04c1-424b-9868-57a2d4851a1d" />
    <TestEntry testId="d12703bb-7f00-90dc-006c-306c39b56798" executionId="9d7d7a2f-be15-4cbb-865a-99000990f518" testListId="8c84fa94-04c1-424b-9868-57a2d4851a1d" />
    <TestEntry testId="62af2ef0-4b12-2264-7b5e-72fc56fdb0f6" executionId="a27a4954-f901-4f62-a84f-e8c249deebf5" testListId="8c84fa94-04c1-424b-9868-57a2d4851a1d" />
    <TestEntry testId="76a44a5c-1ea5-f866-0fc4-f907ccd0a0f1" executionId="fdab4d17-d13b-433b-a1e1-02bdc5349224" testListId="8c84fa94-04c1-424b-9868-57a2d4851a1d" />
    <TestEntry testId="87433f91-298c-de7f-7fd7-ed4627dd4e26" executionId="2c201da3-2336-431a-ad48-11b0c33e26d9" testListId="8c84fa94-04c1-424b-9868-57a2d4851a1d" />
    <TestEntry testId="f6a3f83b-588e-a90f-7929-af2f7181a64a" executionId="511314e0-009b-4499-8c68-ddc11153dad9" testListId="8c84fa94-04c1-424b-9868-57a2d4851a1d" />
    <TestEntry testId="b6fdb925-a5cb-8e46-bc4d-94e250d3569a" executionId="1e37bb26-cb3c-4e1d-806a-4998bf836f8e" testListId="8c84fa94-04c1-424b-9868-57a2d4851a1d" />
    <TestEntry testId="89731d22-c10e-10e1-9ee1-c69d03ff4927" executionId="99dcf595-3f5a-4963-854d-74c55fa9165a" testListId="8c84fa94-04c1-424b-9868-57a2d4851a1d" />
    <TestEntry testId="4b8e3901-3eb3-94bf-53ca-5ecbdeb6942f" executionId="1721b4b0-429a-4c8e-b8dc-bec7299ef60b" testListId="8c84fa94-04c1-424b-9868-57a2d4851a1d" />
    <TestEntry testId="cc9a9b38-e550-d32a-fe40-8906159d0506" executionId="c0a6a900-0bb4-4152-9712-8e050d814f58" testListId="8c84fa94-04c1-424b-9868-57a2d4851a1d" />
    <TestEntry testId="da3e7724-cef9-6f7b-1931-f0310e0a3053" executionId="e4b2c214-7377-4ad6-9edc-9665e1ceb465" testListId="8c84fa94-04c1-424b-9868-57a2d4851a1d" />
    <TestEntry testId="df48f158-c648-f021-9b57-091f0f74f055" executionId="83f16903-72cd-47b5-be9b-5e1cb89523b3" testListId="8c84fa94-04c1-424b-9868-57a2d4851a1d" />
    <TestEntry testId="90793361-0c37-1e69-5fa4-b134d2fbd0db" executionId="864fd032-4b47-4e54-bc9f-af9bfba3c06b" testListId="8c84fa94-04c1-424b-9868-57a2d4851a1d" />
    <TestEntry testId="40fc81cc-e13f-6893-1e5c-b920a232e3f9" executionId="a741ffcc-6e89-45b8-8b86-2e85c1f6cb2b" testListId="8c84fa94-04c1-424b-9868-57a2d4851a1d" />
    <TestEntry testId="0c00b763-4e63-8983-67d5-9feef507d5f8" executionId="7fa88a33-6341-4c4e-a7f3-d4b7afd0c798" testListId="8c84fa94-04c1-424b-9868-57a2d4851a1d" />
    <TestEntry testId="43bb3858-859b-37a1-fcbc-30a05cfb698d" executionId="12d4cd02-c190-4fdf-9f8e-5d3e5f902a81" testListId="8c84fa94-04c1-424b-9868-57a2d4851a1d" />
    <TestEntry testId="cfd92794-4add-46d2-81cf-ed5c6c096483" executionId="67420483-3049-4501-9262-aec65df37a39" testListId="8c84fa94-04c1-424b-9868-57a2d4851a1d" />
    <TestEntry testId="a15ab840-a85f-1924-dc9a-631a4ab45aab" executionId="253cfdf3-1fc0-4d75-97f2-2d2ce4d948af" testListId="8c84fa94-04c1-424b-9868-57a2d4851a1d" />
    <TestEntry testId="a8a39f46-ca03-5543-3a23-31ed8f94eb6e" executionId="a2da1ae4-27f8-43c5-a786-5bf68c74d170" testListId="8c84fa94-04c1-424b-9868-57a2d4851a1d" />
    <TestEntry testId="fb257754-7258-574a-bd67-0784c582980f" executionId="4d0dc49d-f523-4f47-8b56-8938c5e320c9" testListId="8c84fa94-04c1-424b-9868-57a2d4851a1d" />
    <TestEntry testId="11c3208b-346d-b9f1-49ea-f08bda1c467d" executionId="e53826eb-e2c8-4052-af34-2626b3a5f8cd" testListId="8c84fa94-04c1-424b-9868-57a2d4851a1d" />
    <TestEntry testId="5af9c230-e7da-25b7-d254-ffdd78a71fb1" executionId="1c0b69eb-ee41-42b2-8ead-c305fe5dbb34" testListId="8c84fa94-04c1-424b-9868-57a2d4851a1d" />
    <TestEntry testId="a03fc25c-4fe7-be96-59d7-028c1359a2c2" executionId="6809f127-2b1e-4b8c-8824-34165d24aa20" testListId="8c84fa94-04c1-424b-9868-57a2d4851a1d" />
    <TestEntry testId="2db8a768-d135-af72-866d-330cabc9011f" executionId="57137d82-625d-4e9d-b834-8193d3100152" testListId="8c84fa94-04c1-424b-9868-57a2d4851a1d" />
    <TestEntry testId="d687f2f4-3b09-a250-e039-3e15bf56edc1" executionId="acaf1637-4ec6-49ef-b8d6-d35590e1421d" testListId="8c84fa94-04c1-424b-9868-57a2d4851a1d" />
    <TestEntry testId="b2ab1d43-041d-c4bd-966f-1cedfc017503" executionId="d3d09674-77c7-464d-a686-049a1b977a3e" testListId="8c84fa94-04c1-424b-9868-57a2d4851a1d" />
    <TestEntry testId="654423be-f74c-92a1-5a2a-7d2fe6c59520" executionId="a3be3899-6194-4c2f-95d6-c41347c2c92f" testListId="8c84fa94-04c1-424b-9868-57a2d4851a1d" />
    <TestEntry testId="e03ec238-2078-09ac-f6d8-6d2ac0577a51" executionId="da09ecc8-1f0f-4689-8cc7-490dc793c9aa" testListId="8c84fa94-04c1-424b-9868-57a2d4851a1d" />
    <TestEntry testId="437e71d0-4b2c-6b40-a545-2f9202644e81" executionId="10ed4bbd-c5e4-4054-a598-abe3ff371b32" testListId="8c84fa94-04c1-424b-9868-57a2d4851a1d" />
    <TestEntry testId="965fc447-457c-4211-01a1-cd22e046159c" executionId="d2adb18f-56f3-4fd1-9311-7e2bc68bfb68" testListId="8c84fa94-04c1-424b-9868-57a2d4851a1d" />
    <TestEntry testId="4e2a3aaf-9097-cca0-0abf-a1102ed0e215" executionId="201d0e1d-f952-4063-b361-6053bf81c821" testListId="8c84fa94-04c1-424b-9868-57a2d4851a1d" />
    <TestEntry testId="d0036319-886d-2ed2-0d0b-bec59d56b6df" executionId="55f3c760-721d-4d1f-a378-c3704d0be376" testListId="8c84fa94-04c1-424b-9868-57a2d4851a1d" />
    <TestEntry testId="3e6b5251-0c61-4f0a-1686-92b54532928d" executionId="85989892-641a-4bbc-a98d-df277dfbabde" testListId="8c84fa94-04c1-424b-9868-57a2d4851a1d" />
    <TestEntry testId="30092593-6f2a-0c9a-c9e7-7bfb523b090d" executionId="f1303b59-9fdf-4f06-ab84-183dc5899d59" testListId="8c84fa94-04c1-424b-9868-57a2d4851a1d" />
    <TestEntry testId="c9c91e4c-bf85-1e35-0ceb-8a3bd1b83f3b" executionId="b5b17a7b-e59f-467e-8092-af9ae89c8ff5" testListId="8c84fa94-04c1-424b-9868-57a2d4851a1d" />
    <TestEntry testId="c44ebc1d-f3df-c251-1233-2de0b7d449c2" executionId="bd6ee8c4-d0dd-43c2-b0be-d341d8b17626" testListId="8c84fa94-04c1-424b-9868-57a2d4851a1d" />
    <TestEntry testId="e9c89fff-87ec-ce57-8ec4-4a9f7ecfcdd2" executionId="cf223f3d-a10e-4d86-b5fa-2ed18f0ccf01" testListId="8c84fa94-04c1-424b-9868-57a2d4851a1d" />
    <TestEntry testId="8b96deb2-f131-a9b3-0f4b-293dc0d35e3f" executionId="3ffeb0d4-0c3b-4f67-a99b-0659317fbf8b" testListId="8c84fa94-04c1-424b-9868-57a2d4851a1d" />
    <TestEntry testId="b98d3f84-e9c1-949e-6a89-52af533cabdc" executionId="fccf6247-3c55-49cc-8872-4c93f9cdfd69" testListId="8c84fa94-04c1-424b-9868-57a2d4851a1d" />
    <TestEntry testId="180b0b81-6f27-f10f-e3c0-13ae1de12742" executionId="8167649a-3c5d-4651-8260-e76be30e334f" testListId="8c84fa94-04c1-424b-9868-57a2d4851a1d" />
    <TestEntry testId="bffd8ebe-fad0-4a52-3ae3-b773805b5659" executionId="35de8b23-a903-4c17-a3f8-e9eb68d6d1be" testListId="8c84fa94-04c1-424b-9868-57a2d4851a1d" />
    <TestEntry testId="0fb7b682-6dbf-7e3a-54f4-9d7a4eca0b27" executionId="5ec8cefc-a882-4f28-86e0-d53f1ae3ca03" testListId="8c84fa94-04c1-424b-9868-57a2d4851a1d" />
    <TestEntry testId="45c9bb0f-b348-2aee-2307-2fc6b54e3dfd" executionId="bb4a6597-8f3e-4114-914f-e5338eae34fb" testListId="8c84fa94-04c1-424b-9868-57a2d4851a1d" />
    <TestEntry testId="9a9add79-fb2d-e1d7-5ece-8ea15ba85a0b" executionId="80b3d43b-9b2a-4b16-bed3-95f683cadbb1" testListId="8c84fa94-04c1-424b-9868-57a2d4851a1d" />
    <TestEntry testId="9f5e96d9-f594-a650-a56d-ab9e9bd8ee43" executionId="98e961b7-956e-48c3-a89f-71fa78ce4936" testListId="8c84fa94-04c1-424b-9868-57a2d4851a1d" />
    <TestEntry testId="6da2a228-e8ae-8d22-6fed-3bc9bc60dab4" executionId="1fd236db-ffdd-4f42-89a5-519270d04e28" testListId="8c84fa94-04c1-424b-9868-57a2d4851a1d" />
    <TestEntry testId="b6e4a849-0571-be78-9ea0-6195a9ed6136" executionId="0032a3e1-e7db-4d89-8290-ab335f04c580" testListId="8c84fa94-04c1-424b-9868-57a2d4851a1d" />
    <TestEntry testId="f317f6b6-ce74-2457-46a7-a6fb07a891c8" executionId="d750d100-80d2-4652-995e-98e616cf2bcd" testListId="8c84fa94-04c1-424b-9868-57a2d4851a1d" />
    <TestEntry testId="99b74081-c859-1454-2fd3-b7f0ea4de95a" executionId="b8c54443-8b2f-4203-ba5a-e42e8c18f933" testListId="8c84fa94-04c1-424b-9868-57a2d4851a1d" />
    <TestEntry testId="55b6e5be-ea09-a222-e73a-ba91e368a1ea" executionId="0b4e27ae-b8ba-46d1-a560-1c94da53029e" testListId="8c84fa94-04c1-424b-9868-57a2d4851a1d" />
    <TestEntry testId="0fe1b9ed-be49-d374-beb1-1c704fd8fd91" executionId="7e0fab39-d303-42df-8550-1b92679db208" testListId="8c84fa94-04c1-424b-9868-57a2d4851a1d" />
    <TestEntry testId="da130122-ea4b-0eb5-37fa-60acf4e67a4f" executionId="6113c42e-af58-4ea3-9527-d3243c6452be" testListId="8c84fa94-04c1-424b-9868-57a2d4851a1d" />
    <TestEntry testId="627e898b-3f51-5815-be77-e43db4fdb009" executionId="701ffdfe-1c81-448b-a800-65bf7120c039" testListId="8c84fa94-04c1-424b-9868-57a2d4851a1d" />
    <TestEntry testId="52a0354e-355b-71d0-7b4b-a411115c239c" executionId="c753d308-0dcc-4e96-a9cf-f94c5ab6a30a" testListId="8c84fa94-04c1-424b-9868-57a2d4851a1d" />
    <TestEntry testId="476523d4-b8cd-6990-9a73-441f396672eb" executionId="22308533-c482-45d5-8516-260874cf3a83" testListId="8c84fa94-04c1-424b-9868-57a2d4851a1d" />
    <TestEntry testId="0f243024-b17e-deb1-2702-c5790a5aa3a0" executionId="dcf5edbe-165e-4a21-9c23-d1ad1913b47f" testListId="8c84fa94-04c1-424b-9868-57a2d4851a1d" />
    <TestEntry testId="4bb2064b-f902-4142-92c2-800bfd203daa" executionId="5f0c23a1-6c72-499c-9cf8-86b54409b60f" testListId="8c84fa94-04c1-424b-9868-57a2d4851a1d" />
    <TestEntry testId="601018cb-0e72-cfd2-66f0-1ea43fbc38bf" executionId="04d30efd-4098-4d63-88cf-6c38e1772c9b" testListId="8c84fa94-04c1-424b-9868-57a2d4851a1d" />
    <TestEntry testId="963a260b-97c5-ba9b-8663-d7f110ce4c77" executionId="31acd042-4211-4cfa-b96f-088ff11f7483" testListId="8c84fa94-04c1-424b-9868-57a2d4851a1d" />
    <TestEntry testId="ad24270f-19fe-e364-5d7f-6d92e4c610ab" executionId="32d92667-1f65-4d7f-950d-4acadaa7e215" testListId="8c84fa94-04c1-424b-9868-57a2d4851a1d" />
    <TestEntry testId="f5d18427-058d-1740-5a94-2b31d364b286" executionId="9d735c6d-789b-469d-b317-d0c992c2ba5d" testListId="8c84fa94-04c1-424b-9868-57a2d4851a1d" />
    <TestEntry testId="d67fc62c-febd-6e81-5d4d-a1999162d171" executionId="78e8c547-af94-4120-9397-9d5844f13ea4" testListId="8c84fa94-04c1-424b-9868-57a2d4851a1d" />
    <TestEntry testId="b880a952-9fb4-9133-67b3-317df0db308e" executionId="472561b1-e1a3-4133-ac47-9eec2c21d304" testListId="8c84fa94-04c1-424b-9868-57a2d4851a1d" />
    <TestEntry testId="5f4b1f5d-420e-0c6d-bb02-fdc3d866c376" executionId="0569014d-07bc-4a70-8e80-2341a8cac2b6" testListId="8c84fa94-04c1-424b-9868-57a2d4851a1d" />
    <TestEntry testId="18e01e5b-7430-c808-383e-eb734fc2d287" executionId="b59f371a-1411-4d8c-82c1-7460c739c960" testListId="8c84fa94-04c1-424b-9868-57a2d4851a1d" />
    <TestEntry testId="205abb23-b21c-9707-4f83-b91a45c3c6e4" executionId="75d6fc73-995c-4f13-8f32-513793286853" testListId="8c84fa94-04c1-424b-9868-57a2d4851a1d" />
    <TestEntry testId="5c6a1da4-81b8-2218-6688-67ed6872cb36" executionId="14959915-f958-4dca-b0f4-38c013f4227e" testListId="8c84fa94-04c1-424b-9868-57a2d4851a1d" />
    <TestEntry testId="d14c80b8-ac60-2e68-75ed-9e671dd76c42" executionId="9225a97f-e59a-4ce2-a7c2-bef69e4a63b8" testListId="8c84fa94-04c1-424b-9868-57a2d4851a1d" />
    <TestEntry testId="6516a524-5a6b-ce92-255f-71fa774a7dfd" executionId="01bf2e50-aec3-4bd2-b193-46415d725241" testListId="8c84fa94-04c1-424b-9868-57a2d4851a1d" />
    <TestEntry testId="cc1c6dcb-d4ea-b968-f61f-8b995a096727" executionId="aad976a2-c860-4b01-a2bc-163fe48859ed" testListId="8c84fa94-04c1-424b-9868-57a2d4851a1d" />
    <TestEntry testId="8cbb00bd-45a0-0019-d8be-fedec8a263dc" executionId="1b76a67e-c6e8-4f52-bc63-b2f0d9168a69" testListId="8c84fa94-04c1-424b-9868-57a2d4851a1d" />
    <TestEntry testId="e75bd83a-27d6-1994-c000-1061bd9f4692" executionId="b463ae7d-1b1c-4b5c-a6de-85e74ea97b05" testListId="8c84fa94-04c1-424b-9868-57a2d4851a1d" />
    <TestEntry testId="c286aae4-55f5-b9de-ed41-e5dcac376aa4" executionId="e35242d2-58f3-4357-b42d-905dc64dfe40" testListId="8c84fa94-04c1-424b-9868-57a2d4851a1d" />
    <TestEntry testId="fc1f4a05-9335-a59f-605e-e239b8e79a0b" executionId="f160a35c-525c-4e62-8baa-54a93ef0a9c5" testListId="8c84fa94-04c1-424b-9868-57a2d4851a1d" />
    <TestEntry testId="7a0b57ca-ce7e-3e53-7798-73b29d9af632" executionId="fc651f75-706d-45e7-ac41-c1a6497b0a48" testListId="8c84fa94-04c1-424b-9868-57a2d4851a1d" />
    <TestEntry testId="fa41cf25-91a0-653f-e4ae-a51c61352050" executionId="c99edca9-e30b-49f1-a610-fdbb8000f1cc" testListId="8c84fa94-04c1-424b-9868-57a2d4851a1d" />
    <TestEntry testId="c94a84d0-7cf2-6fb2-d82b-9275b239db95" executionId="e40a6968-b122-47db-9a6d-34bebed671c5" testListId="8c84fa94-04c1-424b-9868-57a2d4851a1d" />
    <TestEntry testId="82084a40-5af4-73ba-c8b2-26671c663373" executionId="dadbd8a0-b77e-4c31-aa68-e385d8f4135d" testListId="8c84fa94-04c1-424b-9868-57a2d4851a1d" />
    <TestEntry testId="6c61836e-9058-4667-11e4-a13277c06c95" executionId="c7c5b7b2-776b-41b5-a7d6-3b920761e0f5" testListId="8c84fa94-04c1-424b-9868-57a2d4851a1d" />
    <TestEntry testId="693198bf-2303-6a3e-1291-7188a975b76e" executionId="a39c8013-8c83-44fc-ad29-b0d5f75ebe89" testListId="8c84fa94-04c1-424b-9868-57a2d4851a1d" />
    <TestEntry testId="60b5deab-503e-1879-5b48-e44c787b6065" executionId="d55b6f63-61aa-44b2-b628-8aeff89511c2" testListId="8c84fa94-04c1-424b-9868-57a2d4851a1d" />
    <TestEntry testId="61928ea5-174b-896a-c1b0-a77de6a67141" executionId="11459447-b744-4ea4-9bab-eab25abd54d4" testListId="8c84fa94-04c1-424b-9868-57a2d4851a1d" />
    <TestEntry testId="f9e65002-39a1-3e1e-81c7-25836126e037" executionId="536f1eab-0eb8-4b8c-bf6d-917489e1598f" testListId="8c84fa94-04c1-424b-9868-57a2d4851a1d" />
    <TestEntry testId="2a78e021-a628-dffa-6474-eb6689d75576" executionId="9f3b208d-5fb9-440c-8617-a35aaa56b4d7" testListId="8c84fa94-04c1-424b-9868-57a2d4851a1d" />
    <TestEntry testId="9e86081b-78ed-d79c-1537-9b78b7fe52fb" executionId="14ca9ba4-459d-4825-a5ef-a91c4bc4ab94" testListId="8c84fa94-04c1-424b-9868-57a2d4851a1d" />
    <TestEntry testId="868150a8-7957-226f-60ed-e91c0ee967fd" executionId="104d0da8-e0f5-4b2d-abc4-1669d3a018f0" testListId="8c84fa94-04c1-424b-9868-57a2d4851a1d" />
    <TestEntry testId="1573eb77-8e46-59ae-b51a-607bbac9f262" executionId="8a3cc1df-541d-4ca0-a764-203631839008" testListId="8c84fa94-04c1-424b-9868-57a2d4851a1d" />
    <TestEntry testId="81839bb7-aafc-6fa6-7030-401fae301175" executionId="6f4feb65-2f23-46ef-bb18-be54610061ea" testListId="8c84fa94-04c1-424b-9868-57a2d4851a1d" />
    <TestEntry testId="be7c65f6-8c50-f9ee-4a4c-3f0436f69ecb" executionId="c91bdd55-5bb0-41de-9f4c-46c20c27b548" testListId="8c84fa94-04c1-424b-9868-57a2d4851a1d" />
    <TestEntry testId="8b571c8f-e789-1f93-bfe6-26a68b5a12b7" executionId="1d7a36ce-4eb5-4fb9-95e8-7104016c93e0" testListId="8c84fa94-04c1-424b-9868-57a2d4851a1d" />
    <TestEntry testId="bb8d202b-c816-b970-5acb-f04a09708d9b" executionId="4468081a-f326-4185-9c9e-f7227f27d6f1" testListId="8c84fa94-04c1-424b-9868-57a2d4851a1d" />
    <TestEntry testId="ba1cb348-c2e1-048e-80cb-c8d91df95539" executionId="93b16cae-a9fe-4d5c-a96e-491beec47b9f" testListId="8c84fa94-04c1-424b-9868-57a2d4851a1d" />
    <TestEntry testId="6ce770ec-1443-25af-7eeb-954bddb67e57" executionId="6d7fbebc-3a18-45b4-879a-108ff1e79035" testListId="8c84fa94-04c1-424b-9868-57a2d4851a1d" />
    <TestEntry testId="bfad2aac-95d7-1632-7b36-efa71fb06c01" executionId="fb6be5a7-d29b-4039-9cac-7a7bc1e22b64" testListId="8c84fa94-04c1-424b-9868-57a2d4851a1d" />
    <TestEntry testId="f5b2ddda-d319-c4f7-e53d-fd633e3d7b91" executionId="8f15aaf3-b00d-4fb1-8ead-af4b943b06e5" testListId="8c84fa94-04c1-424b-9868-57a2d4851a1d" />
    <TestEntry testId="41884091-d2b1-f31b-e0e8-0f3546c18a8a" executionId="7bb7da70-b56c-416f-8baa-5b35972d3473" testListId="8c84fa94-04c1-424b-9868-57a2d4851a1d" />
    <TestEntry testId="c5b2f288-63fa-34f1-0aec-fcafb6ee3f5f" executionId="2b5f5942-55d3-418c-89e7-11b27a80d4af" testListId="8c84fa94-04c1-424b-9868-57a2d4851a1d" />
    <TestEntry testId="552972cc-eb27-e413-e825-43fbc7340d18" executionId="19f6a71d-0fb0-4064-8c2a-77627778da5e" testListId="8c84fa94-04c1-424b-9868-57a2d4851a1d" />
    <TestEntry testId="d4cf1168-c921-0ad5-8ffa-a9c44fac2942" executionId="81309f1e-3876-49dd-be6d-7f0dd15ec29f" testListId="8c84fa94-04c1-424b-9868-57a2d4851a1d" />
    <TestEntry testId="ab79b81c-d88b-da0f-31ca-e54c12879e75" executionId="090d9f18-f18b-41fc-a245-fcedff73a99b" testListId="8c84fa94-04c1-424b-9868-57a2d4851a1d" />
    <TestEntry testId="d3a207fe-8216-3c22-b324-6da031a387b5" executionId="31e2d973-df4c-4de6-8531-41209921af94" testListId="8c84fa94-04c1-424b-9868-57a2d4851a1d" />
    <TestEntry testId="b5bcbd60-f92b-75e1-36fe-83cac450444e" executionId="e840c80c-3bf5-4296-861b-9ff63d181f98" testListId="8c84fa94-04c1-424b-9868-57a2d4851a1d" />
    <TestEntry testId="4cb55f25-3f3d-3d6a-85f6-f1fa882dcd21" executionId="85b0340b-2dc5-480c-b5ef-6f9d5bb2d071" testListId="8c84fa94-04c1-424b-9868-57a2d4851a1d" />
    <TestEntry testId="b2a3ce30-4e5f-1457-98b5-3ed8beb22122" executionId="affac40e-b31a-428c-a934-c565d9c8a2bf" testListId="8c84fa94-04c1-424b-9868-57a2d4851a1d" />
    <TestEntry testId="210bb9b9-9fdd-7c04-d2c1-53ee38de336f" executionId="bb3dade2-31c6-4145-a74b-b88d3ff80dff" testListId="8c84fa94-04c1-424b-9868-57a2d4851a1d" />
    <TestEntry testId="6c6fffd8-977b-944b-8bb6-07b6855947de" executionId="b205e9d7-75dc-4ff0-adb9-401f678f206e" testListId="8c84fa94-04c1-424b-9868-57a2d4851a1d" />
    <TestEntry testId="e0c5ed9e-6cc4-38c0-0df6-988a9377689e" executionId="f73ad990-7926-4291-bbca-fcd0596b1467" testListId="8c84fa94-04c1-424b-9868-57a2d4851a1d" />
    <TestEntry testId="280a6648-e938-4c1f-ce3c-b13e8bcb95fd" executionId="3ecf4e5b-cbea-4904-b7fa-0fd4b471b934" testListId="8c84fa94-04c1-424b-9868-57a2d4851a1d" />
    <TestEntry testId="1d081054-6151-efe7-b3f5-96938a1b23bf" executionId="708fcb54-426c-49ee-89ae-b20a5e5ab86b" testListId="8c84fa94-04c1-424b-9868-57a2d4851a1d" />
    <TestEntry testId="7718c374-59db-a0f4-9354-4c0fdfdfcc4a" executionId="7b2c8187-ec3a-4489-b2f4-cf9f35185118" testListId="8c84fa94-04c1-424b-9868-57a2d4851a1d" />
    <TestEntry testId="dba35281-c4c6-aba3-a50c-1b21c6f7b9b7" executionId="ab8420bc-0e28-4ba7-bb30-63ed748d656b" testListId="8c84fa94-04c1-424b-9868-57a2d4851a1d" />
    <TestEntry testId="ce84458c-0830-5afe-f37b-f1d91a38d4b5" executionId="85703ac4-0612-4d85-b541-0e6de0d985df" testListId="8c84fa94-04c1-424b-9868-57a2d4851a1d" />
    <TestEntry testId="eb7920bf-a6e1-c75d-46b0-de6dd1c7c658" executionId="f73952f8-20ed-4071-9d05-7d384b56d28e" testListId="8c84fa94-04c1-424b-9868-57a2d4851a1d" />
    <TestEntry testId="7c4ec478-7fa1-670a-8024-c666f688df3a" executionId="5ac912d5-b821-4647-86d0-e7f6b0a0f9f8" testListId="8c84fa94-04c1-424b-9868-57a2d4851a1d" />
    <TestEntry testId="686d845e-146e-7ebf-ee2c-eb408614cc86" executionId="0aa00086-8353-4702-96fe-e38f2028b4f9" testListId="8c84fa94-04c1-424b-9868-57a2d4851a1d" />
    <TestEntry testId="a87374d3-3771-cd37-9dec-d1065703799a" executionId="46a542f5-6697-4ce8-bac8-fed09ea5b4c0" testListId="8c84fa94-04c1-424b-9868-57a2d4851a1d" />
    <TestEntry testId="855bb2a0-0fbc-5ce8-ce09-73258876e1e3" executionId="289d1bef-f2ae-4d47-8d61-a0a01463f7ae" testListId="8c84fa94-04c1-424b-9868-57a2d4851a1d" />
    <TestEntry testId="410e0e19-c3ea-6c3d-087c-cf0e242394c2" executionId="fed129d6-ad74-438c-b1bd-1b215dddbc86" testListId="8c84fa94-04c1-424b-9868-57a2d4851a1d" />
    <TestEntry testId="2832b89c-4c90-4ef9-c021-8746d0ae9776" executionId="0d3d3158-36b4-4a0e-b7b7-3ae886f8c57f" testListId="8c84fa94-04c1-424b-9868-57a2d4851a1d" />
    <TestEntry testId="896ac348-a389-5651-d4d6-64e9df8bb49f" executionId="4f344ffa-4cad-46a7-8352-6300299889bd" testListId="8c84fa94-04c1-424b-9868-57a2d4851a1d" />
    <TestEntry testId="b3460b61-9fef-7e10-0196-a2c8ddefcce9" executionId="760f01f4-0f94-4441-a02f-cae72f15d6e8" testListId="8c84fa94-04c1-424b-9868-57a2d4851a1d" />
    <TestEntry testId="9d269ee2-4aee-5575-c070-85e4cf7df8b4" executionId="46ace0d5-9dce-4233-9619-afb4e54fc969" testListId="8c84fa94-04c1-424b-9868-57a2d4851a1d" />
    <TestEntry testId="9a43ccab-b0e3-47fd-c5a4-62289e6be33a" executionId="8e8c81a4-0bfb-41d1-abcd-d605a6e74804" testListId="8c84fa94-04c1-424b-9868-57a2d4851a1d" />
    <TestEntry testId="08b514db-2f89-8a9b-d764-0367b3aba0bf" executionId="03baf86e-1bbd-4dbb-b135-edcb856804bb" testListId="8c84fa94-04c1-424b-9868-57a2d4851a1d" />
    <TestEntry testId="ea63fe3f-8816-3cc7-9f19-a8d4b2ffb6cb" executionId="5b5485bf-64cd-4325-b214-000d3554c974" testListId="8c84fa94-04c1-424b-9868-57a2d4851a1d" />
    <TestEntry testId="bca649d8-b0d8-f0ac-ade8-6b6ba8fccdb2" executionId="fa3e31c9-a820-44fa-9643-31bddc1fab58" testListId="8c84fa94-04c1-424b-9868-57a2d4851a1d" />
    <TestEntry testId="57d29a05-d78a-e2cb-f059-9938b139364e" executionId="9501dcc4-844a-4e82-a69a-154d4b07ff23" testListId="8c84fa94-04c1-424b-9868-57a2d4851a1d" />
    <TestEntry testId="2222dbfa-3daf-0b63-bdcf-4870eeef6e3b" executionId="2e1808bc-b4cd-4265-9c45-1891d43b9dfe" testListId="8c84fa94-04c1-424b-9868-57a2d4851a1d" />
    <TestEntry testId="be8b134f-ff9c-2a6a-ea6f-1cd88e025c03" executionId="b26ca9e7-dbd3-4817-b68f-516cc8e6833f" testListId="8c84fa94-04c1-424b-9868-57a2d4851a1d" />
    <TestEntry testId="92aed08b-06ee-d289-f490-706f9ba32410" executionId="e863e02c-b819-4b2f-85d1-6a8eab29a949" testListId="8c84fa94-04c1-424b-9868-57a2d4851a1d" />
    <TestEntry testId="94714b9f-a1ce-0c8a-be15-86e0d9804923" executionId="641cdd3b-e830-4f58-9557-4e3b6a645874" testListId="8c84fa94-04c1-424b-9868-57a2d4851a1d" />
    <TestEntry testId="466fbb9f-8656-473b-1e0f-79e449edfc51" executionId="50b2b62c-b7cc-48c8-8f02-b969e91c56cf" testListId="8c84fa94-04c1-424b-9868-57a2d4851a1d" />
    <TestEntry testId="3346cd6a-f554-d182-e537-914d0ca5483a" executionId="162bba85-e310-4dc4-9f65-b6a226e75b30" testListId="8c84fa94-04c1-424b-9868-57a2d4851a1d" />
    <TestEntry testId="2474a6fa-4a3e-fff1-f866-95614deda3e7" executionId="cbd6fad5-d7f5-40a6-b477-4351b9d0c0fc" testListId="8c84fa94-04c1-424b-9868-57a2d4851a1d" />
    <TestEntry testId="d8d15216-2f25-22fc-fa4d-11918987a915" executionId="29895d38-8ae6-4e84-98fc-edee802f02a5" testListId="8c84fa94-04c1-424b-9868-57a2d4851a1d" />
    <TestEntry testId="62c0ac74-4e3d-5ecb-96ec-cf15917b26b6" executionId="09e7d520-0d9b-48d2-9ee4-5afe5f144e54" testListId="8c84fa94-04c1-424b-9868-57a2d4851a1d" />
    <TestEntry testId="fa938ca1-2b71-1639-675a-7687d653c3f6" executionId="56a2426e-f3e1-4159-a458-5fcaca9531c3" testListId="8c84fa94-04c1-424b-9868-57a2d4851a1d" />
    <TestEntry testId="428568ae-f4e4-54ff-3deb-ee3bca4a2e24" executionId="cfccf783-e7a2-4537-bb57-b259d1ad10f2" testListId="8c84fa94-04c1-424b-9868-57a2d4851a1d" />
    <TestEntry testId="c0558edf-1bed-b157-3ae0-2cae9af825db" executionId="9cfdb355-fd86-4b9a-940f-f45795b12cd4" testListId="8c84fa94-04c1-424b-9868-57a2d4851a1d" />
    <TestEntry testId="4f422e84-eeb3-89db-19e6-477df92a29a5" executionId="016e3a6f-a889-4c0c-9204-ed88e4802b0a" testListId="8c84fa94-04c1-424b-9868-57a2d4851a1d" />
    <TestEntry testId="6e9d7e82-132a-cad1-6b4b-bbd4dc268438" executionId="c8defc5a-0295-488c-9ef6-59c9136e8d5d" testListId="8c84fa94-04c1-424b-9868-57a2d4851a1d" />
    <TestEntry testId="08e22c23-024d-f6dc-1fad-a79bf6694224" executionId="008f981a-12a7-4581-b366-7a05df63148c" testListId="8c84fa94-04c1-424b-9868-57a2d4851a1d" />
    <TestEntry testId="b484b2f3-7130-db20-c96b-39005f5bfc72" executionId="c3dfbaeb-e703-494d-adca-eef34d0288eb" testListId="8c84fa94-04c1-424b-9868-57a2d4851a1d" />
    <TestEntry testId="06e8262b-ee4b-6bad-9fea-064065b62594" executionId="04a9698f-f3b8-41c2-98ed-18ea5a6636fa" testListId="8c84fa94-04c1-424b-9868-57a2d4851a1d" />
    <TestEntry testId="0b04150c-9778-ae73-27dd-c7be40b78c7f" executionId="ea6b0fac-b3c1-4d11-874a-740f994c02f6" testListId="8c84fa94-04c1-424b-9868-57a2d4851a1d" />
    <TestEntry testId="d07abc88-a501-1ccc-9a5d-0c9aa1a4d566" executionId="9ddaf338-c9e1-4094-9e6d-441b35c5429c" testListId="8c84fa94-04c1-424b-9868-57a2d4851a1d" />
    <TestEntry testId="e3872c75-1d55-f87d-592c-75a56c065b6b" executionId="d4a9161f-a01c-4edc-9582-292d3a9ee90a" testListId="8c84fa94-04c1-424b-9868-57a2d4851a1d" />
    <TestEntry testId="7d717175-2905-e8a7-02ed-85f6a9e5c075" executionId="ef9bbae5-2e7b-48db-a5ff-eacefb72c11b" testListId="8c84fa94-04c1-424b-9868-57a2d4851a1d" />
    <TestEntry testId="8c5a1e66-e71f-df50-7008-6b6a358266c2" executionId="8f6ae0f3-987c-45ed-b9a0-222f97572e2f" testListId="8c84fa94-04c1-424b-9868-57a2d4851a1d" />
    <TestEntry testId="d2a159b7-141b-e7a2-1545-bc0632ae7db8" executionId="5cc4f90d-21fa-4866-8975-ee86db43393f" testListId="8c84fa94-04c1-424b-9868-57a2d4851a1d" />
    <TestEntry testId="1b788345-3c5a-05c2-4d88-0af71e4c57df" executionId="37988178-fa27-4d39-962d-3f4509c1d538" testListId="8c84fa94-04c1-424b-9868-57a2d4851a1d" />
    <TestEntry testId="4d61e91d-57d6-3e08-cc8a-6fecb9cbd84d" executionId="b80b8365-8638-44dd-93b1-b4bb04852d46" testListId="8c84fa94-04c1-424b-9868-57a2d4851a1d" />
    <TestEntry testId="a29b1dfc-2712-0916-f0e2-30edb013f762" executionId="1ba85c11-2a5f-4358-b225-f8b24b608706" testListId="8c84fa94-04c1-424b-9868-57a2d4851a1d" />
    <TestEntry testId="5d98c783-a4db-c8a0-f483-d68c70a83d69" executionId="48331af7-f47a-41a2-9502-eea781922c37" testListId="8c84fa94-04c1-424b-9868-57a2d4851a1d" />
    <TestEntry testId="2cf89818-ac7c-672a-178c-efb31c5b06e8" executionId="c8967b95-c479-4916-a681-c7b03a85dae3" testListId="8c84fa94-04c1-424b-9868-57a2d4851a1d" />
    <TestEntry testId="8a30e99a-a16e-9388-d6ad-cf8a6a213c4e" executionId="70cb5d89-9e41-4bfb-abf6-ee121ee85506" testListId="8c84fa94-04c1-424b-9868-57a2d4851a1d" />
    <TestEntry testId="72cccbaf-ce9c-ec7e-d47c-345e3e53b11c" executionId="e7f3e28e-62f3-4fb2-b376-e7ceab47258d" testListId="8c84fa94-04c1-424b-9868-57a2d4851a1d" />
    <TestEntry testId="b3c73762-7363-8119-d1b0-de576eca721d" executionId="5ab57dbd-9b4c-4fc0-914f-f1f213a4222f" testListId="8c84fa94-04c1-424b-9868-57a2d4851a1d" />
    <TestEntry testId="d42d7db3-cf6e-12ad-a8d3-abc60c349b7f" executionId="53ef849b-67a9-415c-acd0-3b42d1f76c60" testListId="8c84fa94-04c1-424b-9868-57a2d4851a1d" />
    <TestEntry testId="1912cca7-5ca0-dc0d-f6dd-08ffea4b9813" executionId="ad09f659-8a38-40b6-a05c-14799f306f78" testListId="8c84fa94-04c1-424b-9868-57a2d4851a1d" />
    <TestEntry testId="95af99ea-1d4b-0fbb-91a8-69315605d3b2" executionId="4821e868-b518-454a-978d-7563fa7213fe" testListId="8c84fa94-04c1-424b-9868-57a2d4851a1d" />
    <TestEntry testId="0a6b1658-9659-8bfe-780c-ebff2e24c99c" executionId="18a4eff0-b705-4f12-b83d-c21d5280080f" testListId="8c84fa94-04c1-424b-9868-57a2d4851a1d" />
    <TestEntry testId="79e37168-2641-8f03-164a-e3b44f46c555" executionId="d621b40e-df60-4300-8c14-dbec1f8425fe" testListId="8c84fa94-04c1-424b-9868-57a2d4851a1d" />
    <TestEntry testId="265a32e8-d8b5-0015-e8d2-31f7a5fdd2f7" executionId="e893e037-01af-434e-8ffd-e93c7afc5642" testListId="8c84fa94-04c1-424b-9868-57a2d4851a1d" />
    <TestEntry testId="f23c6842-a102-6047-ef8c-8777a2d9c46f" executionId="62adb5ae-2846-4dc5-a122-c5b7d8c9a062" testListId="8c84fa94-04c1-424b-9868-57a2d4851a1d" />
    <TestEntry testId="fe58bec2-a07e-0615-a599-cc771dbb3059" executionId="a54da1ac-8185-4142-803e-a7043639e819" testListId="8c84fa94-04c1-424b-9868-57a2d4851a1d" />
    <TestEntry testId="9bbffa2f-b0eb-21cf-169f-1e725920b104" executionId="6ec4560d-4255-4dba-886f-4bfe0be42d22" testListId="8c84fa94-04c1-424b-9868-57a2d4851a1d" />
    <TestEntry testId="69c78431-50a0-a306-20db-a6aa900cee93" executionId="d1c9fee1-556d-478e-afde-8d2ef7380d40" testListId="8c84fa94-04c1-424b-9868-57a2d4851a1d" />
    <TestEntry testId="53b07533-d29d-27c7-3b3e-cdbc127a73ff" executionId="8837c750-82fb-4f84-b7b0-d7f4c76bd95c" testListId="8c84fa94-04c1-424b-9868-57a2d4851a1d" />
    <TestEntry testId="93a1c870-b620-1a0a-e358-7cfab6ae8d2a" executionId="1c2fc99d-7359-4dc9-9a2b-3fdab82090b4" testListId="8c84fa94-04c1-424b-9868-57a2d4851a1d" />
    <TestEntry testId="4009c002-559d-70e0-d854-576fa6fbb9df" executionId="d076eace-6e95-482a-ae17-5bec0eefb49e" testListId="8c84fa94-04c1-424b-9868-57a2d4851a1d" />
    <TestEntry testId="a363a665-cb05-17bc-adb7-2e5e949483cc" executionId="82986c11-5900-458c-b1ad-2f918a2d7485" testListId="8c84fa94-04c1-424b-9868-57a2d4851a1d" />
    <TestEntry testId="5613a4bd-258d-58c2-025e-441d9a5d79d1" executionId="97da92f1-c693-4fc1-b5cf-3f653f6961f9" testListId="8c84fa94-04c1-424b-9868-57a2d4851a1d" />
    <TestEntry testId="c5371649-d394-a81a-5e98-375982f0ce29" executionId="98acf5dd-32bd-4b34-a02b-e5f3ade43a3d" testListId="8c84fa94-04c1-424b-9868-57a2d4851a1d" />
    <TestEntry testId="5b17a006-ee2a-eaee-85c5-fe4cb4a3a656" executionId="544a65fd-af67-4b29-b2c2-1f1d6a8ce119" testListId="8c84fa94-04c1-424b-9868-57a2d4851a1d" />
    <TestEntry testId="93bf4dc3-db0d-df2c-1c0b-0ba961778a38" executionId="edda5d81-4e14-463d-a92d-4987b2e110a1" testListId="8c84fa94-04c1-424b-9868-57a2d4851a1d" />
    <TestEntry testId="58d72461-31d0-43f1-b96e-1f2eda0aa740" executionId="a15fe8e8-8984-41cc-987a-aff14ff618f5" testListId="8c84fa94-04c1-424b-9868-57a2d4851a1d" />
    <TestEntry testId="df176579-96e0-39fd-bfb7-2365202cc6b9" executionId="5490e2a9-c889-4e6e-b9b7-89b5a24b8a6f" testListId="8c84fa94-04c1-424b-9868-57a2d4851a1d" />
    <TestEntry testId="60ed062d-226c-abd8-e4cc-4400bc355eaa" executionId="296f57b5-0277-42d9-892b-e0ab175cb0bc" testListId="8c84fa94-04c1-424b-9868-57a2d4851a1d" />
    <TestEntry testId="0ddb5b3b-007a-068d-3ad8-a13d9cd416b0" executionId="84960ad4-03e2-45b2-9da2-4de6a1335d54" testListId="8c84fa94-04c1-424b-9868-57a2d4851a1d" />
    <TestEntry testId="150fbbdc-eaf6-212c-1667-0c42957a066b" executionId="65b9d9c6-e596-4777-9b64-7f4aacec221d" testListId="8c84fa94-04c1-424b-9868-57a2d4851a1d" />
    <TestEntry testId="1d388e96-3340-615e-2cfc-0c9ed6e85c8a" executionId="f0f3e012-f3cb-41f0-972d-3db9e0709a1e" testListId="8c84fa94-04c1-424b-9868-57a2d4851a1d" />
    <TestEntry testId="8f6d6b7f-8745-a112-7ac4-a2cce21fb4ba" executionId="929e6ba2-ae91-4f61-9b3f-cb7bd23898f7" testListId="8c84fa94-04c1-424b-9868-57a2d4851a1d" />
    <TestEntry testId="022409ee-26e9-8247-bceb-baf9bf49698e" executionId="c35f2dd2-dabb-4856-9379-af9183d83f89" testListId="8c84fa94-04c1-424b-9868-57a2d4851a1d" />
    <TestEntry testId="4b2b2d2a-01d4-fdeb-4396-088f78386bf0" executionId="117c9c5b-9996-4855-bd20-dc8e328779b1" testListId="8c84fa94-04c1-424b-9868-57a2d4851a1d" />
    <TestEntry testId="b60ecaa4-88ea-cc5e-4fdb-c6ec7040bde7" executionId="96b03229-9f56-437c-9a93-4154bf912986" testListId="8c84fa94-04c1-424b-9868-57a2d4851a1d" />
    <TestEntry testId="9fd13a60-0d5b-81ac-3048-2d09f32ec55e" executionId="4bddb6a4-2152-415e-9b7e-0eb054a04862" testListId="8c84fa94-04c1-424b-9868-57a2d4851a1d" />
    <TestEntry testId="8514384f-e279-8096-98ab-06c9efbda7c5" executionId="f9ee7602-a448-4228-8bb2-969cf01758fd" testListId="8c84fa94-04c1-424b-9868-57a2d4851a1d" />
    <TestEntry testId="1072ac25-fb58-d842-901c-1c62dc7fda99" executionId="32e850a2-c921-4e4e-a2bc-7171b69a065c" testListId="8c84fa94-04c1-424b-9868-57a2d4851a1d" />
    <TestEntry testId="deb6c386-1a0d-3cdf-7b7f-fbe2b6d41106" executionId="5c4c8e6d-b649-457c-853b-5dd4f4cc89f6" testListId="8c84fa94-04c1-424b-9868-57a2d4851a1d" />
    <TestEntry testId="abcf5635-0f6d-7e3b-f68d-15d33fbc975b" executionId="b1b4d543-90ee-45ef-ab9c-40cbd7f64822" testListId="8c84fa94-04c1-424b-9868-57a2d4851a1d" />
    <TestEntry testId="34f40cae-732a-5618-532c-4cd20289a25f" executionId="50a99f59-fb33-4f13-bedc-538e4bced564" testListId="8c84fa94-04c1-424b-9868-57a2d4851a1d" />
    <TestEntry testId="66f5dc2d-6be1-d159-4b60-60e51f787d69" executionId="65449bd0-d40e-476a-88f2-0edc0d678a47" testListId="8c84fa94-04c1-424b-9868-57a2d4851a1d" />
    <TestEntry testId="8d89084c-be0a-158b-a9c2-b907cc430171" executionId="78680a65-385f-4680-8ae5-ac6e1bfccaaa" testListId="8c84fa94-04c1-424b-9868-57a2d4851a1d" />
    <TestEntry testId="73cf7a2a-886e-b60a-32af-84079abf340c" executionId="16c0f759-f545-49de-9b79-80973e031c2e" testListId="8c84fa94-04c1-424b-9868-57a2d4851a1d" />
    <TestEntry testId="c1fb7d66-a535-1262-27c7-aaa12490a290" executionId="b625fba9-d16b-46f2-9380-485be945fee0" testListId="8c84fa94-04c1-424b-9868-57a2d4851a1d" />
    <TestEntry testId="98fb8e3a-5c45-182f-cded-cb5e5af2922d" executionId="a45b1b9d-8e71-4ced-bdf9-661e8cd7d091" testListId="8c84fa94-04c1-424b-9868-57a2d4851a1d" />
    <TestEntry testId="25adea36-0cd4-1742-188a-3103b6fe4b0b" executionId="9c4673fc-a00b-43f0-8cc1-2a21fe3cb046" testListId="8c84fa94-04c1-424b-9868-57a2d4851a1d" />
    <TestEntry testId="3f61563d-63cb-ca69-e34e-b4ff2732f9a2" executionId="c821a481-75d8-449d-b53e-86c13f971950" testListId="8c84fa94-04c1-424b-9868-57a2d4851a1d" />
    <TestEntry testId="4ce5518a-5843-4d05-0018-6c55521934c3" executionId="70764f75-5ff8-45c8-a6ad-2272fc3f8dcd" testListId="8c84fa94-04c1-424b-9868-57a2d4851a1d" />
    <TestEntry testId="d36e8363-b140-0e69-2ac9-943c106cba2c" executionId="399019e3-5c41-42c9-a274-676b476dbc67" testListId="8c84fa94-04c1-424b-9868-57a2d4851a1d" />
    <TestEntry testId="62a1add7-67c1-b13d-c3e2-19295e3c3f72" executionId="3ec3d2ef-aea8-4935-b2cf-899fc5cb6cef" testListId="8c84fa94-04c1-424b-9868-57a2d4851a1d" />
    <TestEntry testId="952528be-eebf-34ab-0872-eea5c79beb10" executionId="d203677c-c001-4f2a-9360-73e42792fb23" testListId="8c84fa94-04c1-424b-9868-57a2d4851a1d" />
    <TestEntry testId="79b6aa59-e79b-62fb-e9e1-581db6fcb659" executionId="25e21aa4-d9d5-45e3-9d29-02c31e85ae1e" testListId="8c84fa94-04c1-424b-9868-57a2d4851a1d" />
    <TestEntry testId="9b085dd3-c57b-414c-88cf-dc00c727d982" executionId="ebc6f46d-2e37-4ecf-b940-95dbbcc6f8b9" testListId="8c84fa94-04c1-424b-9868-57a2d4851a1d" />
    <TestEntry testId="98c4f005-6650-258b-7d09-815731c1f6fb" executionId="428589ca-935b-42d1-8181-7b4974474692" testListId="8c84fa94-04c1-424b-9868-57a2d4851a1d" />
    <TestEntry testId="83be2f92-3700-afd1-9eb4-39fa21129b38" executionId="2ddf4225-ab1a-42e3-be37-888161683e92" testListId="8c84fa94-04c1-424b-9868-57a2d4851a1d" />
    <TestEntry testId="ca65a182-5c74-f55f-c093-f8e1f61e0c6c" executionId="63aa43e9-cd53-4f4e-8265-dcb3c8e4a647" testListId="8c84fa94-04c1-424b-9868-57a2d4851a1d" />
    <TestEntry testId="77c5d6e0-e937-c39a-36cb-c306d56e5b59" executionId="98272a16-e4c7-4942-9033-fd1bc23a56dd" testListId="8c84fa94-04c1-424b-9868-57a2d4851a1d" />
    <TestEntry testId="f7c52dcd-ea19-91d1-45fd-48dfb8bbe19e" executionId="61636525-d981-4d6b-b23e-1d49e0140745" testListId="8c84fa94-04c1-424b-9868-57a2d4851a1d" />
    <TestEntry testId="467eab11-ef3e-fa64-8ec8-e192d7eb33fb" executionId="06a0d3ec-6adf-402b-8a02-c0cc6dd05c0d" testListId="8c84fa94-04c1-424b-9868-57a2d4851a1d" />
    <TestEntry testId="b6e5c851-6f65-e65d-30c6-202bc8b164ec" executionId="7ee673ff-a79f-44be-825a-ab09a4f20c0e" testListId="8c84fa94-04c1-424b-9868-57a2d4851a1d" />
    <TestEntry testId="e419491f-9820-3213-b896-1d75eafc4330" executionId="f86a6d66-d5d7-40a2-bb1f-c94ca37e7288" testListId="8c84fa94-04c1-424b-9868-57a2d4851a1d" />
    <TestEntry testId="e64ea3f0-79d9-94d9-e80b-e81c374ff5d6" executionId="de3cb3e6-5136-4e78-bb49-04594df81d3c" testListId="8c84fa94-04c1-424b-9868-57a2d4851a1d" />
    <TestEntry testId="97f3e931-9398-6d00-626a-fdbd66f47f88" executionId="5dc896b2-0fa5-4995-818d-300db76ce2ab" testListId="8c84fa94-04c1-424b-9868-57a2d4851a1d" />
    <TestEntry testId="0d0c1fc6-9b10-261b-7582-e147dcadfc74" executionId="ba4f44c0-d6ee-4549-ad10-471606b8f350" testListId="8c84fa94-04c1-424b-9868-57a2d4851a1d" />
    <TestEntry testId="eadeb63a-f5af-326f-449a-e44b16756724" executionId="dae980ff-6749-4a95-a4cc-13d6285f58dc" testListId="8c84fa94-04c1-424b-9868-57a2d4851a1d" />
    <TestEntry testId="d338e8a8-3f1a-d9de-fd64-3c62d44f7fcb" executionId="71d43f74-a885-4bf0-8f16-66a0dfff3454" testListId="8c84fa94-04c1-424b-9868-57a2d4851a1d" />
    <TestEntry testId="c1961863-4d77-453b-d32a-03b584e6ea16" executionId="7d80ce04-afc3-4cd8-82d5-0def1b089eab" testListId="8c84fa94-04c1-424b-9868-57a2d4851a1d" />
    <TestEntry testId="69ed02b0-411a-ae94-1ed8-bb0b91feb043" executionId="fd1d811c-587a-443a-8665-3349bbe90c08" testListId="8c84fa94-04c1-424b-9868-57a2d4851a1d" />
    <TestEntry testId="8a0af2ff-7120-092f-49d6-72604c68a308" executionId="fe92db57-4f1f-4e87-9f75-909e21a19e27" testListId="8c84fa94-04c1-424b-9868-57a2d4851a1d" />
    <TestEntry testId="2df960ff-0372-6a1c-8f16-dfbc9b1b7bfe" executionId="1c8ef097-b7dc-42f3-97c7-d2c40857c4e6" testListId="8c84fa94-04c1-424b-9868-57a2d4851a1d" />
    <TestEntry testId="3d010d93-3620-7440-f244-577aeb725c90" executionId="5632a5f6-e6f2-4882-8c75-ee45d8c3fcb8" testListId="8c84fa94-04c1-424b-9868-57a2d4851a1d" />
    <TestEntry testId="71c29d61-1b6f-0111-2406-481f825f9f0b" executionId="0c9282b3-fba5-442a-a83f-99b985e280c6" testListId="8c84fa94-04c1-424b-9868-57a2d4851a1d" />
    <TestEntry testId="54d3fe58-799f-1150-2727-d2fbf7e10829" executionId="b8d97c30-f615-4dcc-abbc-9ed73d9eb8e3" testListId="8c84fa94-04c1-424b-9868-57a2d4851a1d" />
    <TestEntry testId="8e2d0d52-7b7f-a2e1-427c-1f0e57ad1f65" executionId="a73110e4-28bd-4da8-a23a-bd4aca955186" testListId="8c84fa94-04c1-424b-9868-57a2d4851a1d" />
    <TestEntry testId="ba22e27e-d80c-9116-a6d3-262ec27c9ac0" executionId="862e9570-55ed-4188-9260-f3bd167876f5" testListId="8c84fa94-04c1-424b-9868-57a2d4851a1d" />
    <TestEntry testId="1d2f353a-18b0-7375-7df9-ce86d961fabc" executionId="bf75605e-8280-432a-9380-0aa9b357f3b5" testListId="8c84fa94-04c1-424b-9868-57a2d4851a1d" />
    <TestEntry testId="3f3a2c8d-1837-4708-7a51-269907d3c87b" executionId="3259b882-fc87-4aaf-a4de-49811c1901af" testListId="8c84fa94-04c1-424b-9868-57a2d4851a1d" />
    <TestEntry testId="d006efdb-4f9a-d512-1e33-59e6cb7d3ab3" executionId="5cf0461e-c07f-43a6-9be6-17955127fd49" testListId="8c84fa94-04c1-424b-9868-57a2d4851a1d" />
    <TestEntry testId="393f5d9d-f3de-971a-74b0-c03b2b0c182d" executionId="2605f1a9-12d7-4f6e-8e4e-df9626a8f763" testListId="8c84fa94-04c1-424b-9868-57a2d4851a1d" />
    <TestEntry testId="32e95b67-fb97-f0bf-bced-6d30c83967f9" executionId="d6fde147-b36a-4904-bd08-43f5a8bb3bec" testListId="8c84fa94-04c1-424b-9868-57a2d4851a1d" />
    <TestEntry testId="e1ea717e-3adf-50a2-d3bc-7b19427855e7" executionId="7d339329-80b5-43fd-8d98-6dc9514b7da0" testListId="8c84fa94-04c1-424b-9868-57a2d4851a1d" />
    <TestEntry testId="4fb145f2-6489-0c89-7a64-cb5a21f71c60" executionId="116b8c55-439d-4919-9a3b-11f11ca2fcb8" testListId="8c84fa94-04c1-424b-9868-57a2d4851a1d" />
    <TestEntry testId="f632445c-84ba-0347-794e-aafa7119d4d5" executionId="9ac95646-af9a-4d25-ba82-c9e701cddf48" testListId="8c84fa94-04c1-424b-9868-57a2d4851a1d" />
    <TestEntry testId="e14953ca-230c-5bcb-ec77-fdf4a5ccfceb" executionId="9436a3cf-9b78-48c6-8aed-8df63be6aac5" testListId="8c84fa94-04c1-424b-9868-57a2d4851a1d" />
    <TestEntry testId="280e1b3e-c60f-ea1a-b701-59690debb2f0" executionId="57b0d5eb-b3b1-424b-973a-e6889e692781" testListId="8c84fa94-04c1-424b-9868-57a2d4851a1d" />
    <TestEntry testId="2f9b1bb9-5b7e-e32c-f659-1c4d6c66a5d8" executionId="f0fb762f-e75d-45d3-aa4c-9d30147fac09" testListId="8c84fa94-04c1-424b-9868-57a2d4851a1d" />
    <TestEntry testId="9c071512-9e94-8644-f7ac-ea4906eaa8c0" executionId="68388772-73c7-4bc7-918c-a688ca474f42" testListId="8c84fa94-04c1-424b-9868-57a2d4851a1d" />
    <TestEntry testId="8a4bb0af-ec6e-330f-3e0e-62aa326a9c22" executionId="aea1c77f-438e-4b94-9e34-d05c4df55c0e" testListId="8c84fa94-04c1-424b-9868-57a2d4851a1d" />
    <TestEntry testId="9213ef96-3fe8-13eb-42ad-b4718cf46a65" executionId="817715b1-c226-42a5-9aad-eebbb7885a2f" testListId="8c84fa94-04c1-424b-9868-57a2d4851a1d" />
    <TestEntry testId="ee3a6ac7-5d38-9b2c-9998-371476aa5b33" executionId="9ab5849e-0e73-47a5-89c7-7a7e041f1c07" testListId="8c84fa94-04c1-424b-9868-57a2d4851a1d" />
    <TestEntry testId="537775bd-1794-8e9c-6660-053356ddcc49" executionId="48f1a4ad-cd07-484f-9656-70726c7d8af9" testListId="8c84fa94-04c1-424b-9868-57a2d4851a1d" />
    <TestEntry testId="919b5b7d-181c-8dc3-5e75-80d4199358b1" executionId="fbd6c786-9278-42d7-a64c-18e6fe3398a8" testListId="8c84fa94-04c1-424b-9868-57a2d4851a1d" />
    <TestEntry testId="d297706e-d66c-0ee4-d886-19ff243e7583" executionId="21c057ec-1d4a-4f5a-a1cb-3aa41a5192d3" testListId="8c84fa94-04c1-424b-9868-57a2d4851a1d" />
    <TestEntry testId="ab50aa7e-1be4-3eb6-ddb8-2e75f25a2e97" executionId="fccc8de5-cea4-4460-ba56-ca5b59e709dd" testListId="8c84fa94-04c1-424b-9868-57a2d4851a1d" />
    <TestEntry testId="cd6050f4-4794-f19d-5528-8116511db0c5" executionId="cab3eb39-7bf1-4496-b1e4-26bcf7b1ecfe" testListId="8c84fa94-04c1-424b-9868-57a2d4851a1d" />
    <TestEntry testId="c205524d-7f16-ee35-6688-566763d159c5" executionId="1a84c7e9-b127-429a-b0b8-bf934373b8c4" testListId="8c84fa94-04c1-424b-9868-57a2d4851a1d" />
    <TestEntry testId="7d6cb479-0302-5dea-08b0-3c15233e4a62" executionId="a952341c-e9e3-46c2-a8ab-41ffd27bdddf" testListId="8c84fa94-04c1-424b-9868-57a2d4851a1d" />
    <TestEntry testId="0c961700-c9e8-4fba-e67e-c65cff4c1efe" executionId="03f93124-5615-4e59-ae6a-c9d82bdd133c" testListId="8c84fa94-04c1-424b-9868-57a2d4851a1d" />
    <TestEntry testId="8c19eba2-2e64-3ebc-bbab-11d0e56db202" executionId="8a18bb59-49bd-4cde-9808-57995a416d29" testListId="8c84fa94-04c1-424b-9868-57a2d4851a1d" />
    <TestEntry testId="4b33aca5-10b0-7836-6ece-0b1dbff452ca" executionId="28101efa-55b1-4c97-a224-b63a139ea4ea" testListId="8c84fa94-04c1-424b-9868-57a2d4851a1d" />
    <TestEntry testId="16e6c6cc-6ed7-4d1e-f87e-d66188532ce5" executionId="7c27edd8-b48b-41b3-a0a3-497292049e03" testListId="8c84fa94-04c1-424b-9868-57a2d4851a1d" />
    <TestEntry testId="0021914a-f8c7-5e38-5848-d3236416393c" executionId="6362b919-39a1-4e43-a44b-ce06035dee89" testListId="8c84fa94-04c1-424b-9868-57a2d4851a1d" />
    <TestEntry testId="cb4c235c-0551-93d3-b846-1b94b1bc7961" executionId="449b470e-531c-43a7-83ba-22208c9d3cd8" testListId="8c84fa94-04c1-424b-9868-57a2d4851a1d" />
    <TestEntry testId="a5af5b89-6917-0e3f-93e0-7ebcdeda0839" executionId="2038328e-7a49-49b3-adee-a651390e8bde" testListId="8c84fa94-04c1-424b-9868-57a2d4851a1d" />
    <TestEntry testId="4096fc3f-2b93-7dbd-87a7-9f71b499ba0b" executionId="b2f44f12-bd19-4e63-96df-d39417f7d43b" testListId="8c84fa94-04c1-424b-9868-57a2d4851a1d" />
    <TestEntry testId="04927b79-0ad2-a1a8-4abe-a9fd418b47c3" executionId="cbd91844-0bd1-4110-9e9d-a4126fea70b1" testListId="8c84fa94-04c1-424b-9868-57a2d4851a1d" />
    <TestEntry testId="7fd11d3a-667e-44c7-d0d2-9d08370d35bf" executionId="9918f033-6a0b-47b9-a937-ebf8803b36d7" testListId="8c84fa94-04c1-424b-9868-57a2d4851a1d" />
    <TestEntry testId="52b62817-b882-d52d-d2bc-d6558cfaf6cd" executionId="215b2dcb-9bb0-4087-a477-64515009990a" testListId="8c84fa94-04c1-424b-9868-57a2d4851a1d" />
    <TestEntry testId="8aee3132-1d8d-8a8a-67dd-bb5765529bd9" executionId="69356de9-3b65-4869-9bdd-33f6194e069a" testListId="8c84fa94-04c1-424b-9868-57a2d4851a1d" />
    <TestEntry testId="a14026f5-0dea-e60a-cd45-d17847802a93" executionId="bab95586-7607-4956-baca-2e66ae396cee" testListId="8c84fa94-04c1-424b-9868-57a2d4851a1d" />
    <TestEntry testId="57f24fd1-341f-e19e-6cbe-fd2d520928e2" executionId="9d651c25-c41a-4d00-89e4-98e69d709872" testListId="8c84fa94-04c1-424b-9868-57a2d4851a1d" />
    <TestEntry testId="cfc3e271-4faa-4043-f5eb-dbb5157a696f" executionId="56e0f009-0219-4f13-9729-2a10d3a98ec6" testListId="8c84fa94-04c1-424b-9868-57a2d4851a1d" />
    <TestEntry testId="c2b07253-2621-e456-a0f2-3f42f6657023" executionId="e140f495-7014-47ab-8d7b-60e98dc210eb" testListId="8c84fa94-04c1-424b-9868-57a2d4851a1d" />
    <TestEntry testId="6ccea588-c05c-fb04-18cc-f1b66449e7ec" executionId="f228529e-f158-4276-bf1e-625600e7face" testListId="8c84fa94-04c1-424b-9868-57a2d4851a1d" />
    <TestEntry testId="a7192f43-50fa-797e-b17f-00a9d0a5f617" executionId="5178a2c9-dbb1-4bdd-b7c9-3d8453e81a85" testListId="8c84fa94-04c1-424b-9868-57a2d4851a1d" />
    <TestEntry testId="0ffb05a9-2b5a-b9b8-aef4-0a20f7ce8213" executionId="8943273c-7963-440f-bc70-e68668c9f9b3" testListId="8c84fa94-04c1-424b-9868-57a2d4851a1d" />
    <TestEntry testId="487ff0f2-4233-f8d9-35bf-598176de870f" executionId="b9b82dbd-4cb4-4048-9bbd-f8ab79d98599" testListId="8c84fa94-04c1-424b-9868-57a2d4851a1d" />
    <TestEntry testId="39d9ae78-7934-7a61-a51b-c020246293c8" executionId="7719ae9b-bc62-43f0-9217-25b869ba6116" testListId="8c84fa94-04c1-424b-9868-57a2d4851a1d" />
    <TestEntry testId="2f89b703-c259-b26d-08e4-45036597bbf8" executionId="eb9bcfcd-2810-4034-8723-07bdb07b0351" testListId="8c84fa94-04c1-424b-9868-57a2d4851a1d" />
    <TestEntry testId="609fc705-e00a-bb16-635f-b3efec10bb00" executionId="14c91b4d-7abe-41c0-a43a-2b4e043ead09" testListId="8c84fa94-04c1-424b-9868-57a2d4851a1d" />
    <TestEntry testId="30d522b1-6b74-542d-624b-686a0cee5ec8" executionId="1863f70a-5613-430f-b6dc-89e13c4b1672" testListId="8c84fa94-04c1-424b-9868-57a2d4851a1d" />
    <TestEntry testId="f7b9b035-fa1a-5256-1251-1f0e65416400" executionId="05fef900-b426-4d66-bd0d-c5c818c1ddaf" testListId="8c84fa94-04c1-424b-9868-57a2d4851a1d" />
    <TestEntry testId="21fe019c-d5e4-19f4-5a70-b1d48984772a" executionId="c6778a5d-03a6-4122-8011-9e87b6d8dbf9" testListId="8c84fa94-04c1-424b-9868-57a2d4851a1d" />
    <TestEntry testId="e9a9bf2d-a705-e390-7215-4ac9ea87aecc" executionId="b3496b7e-55fd-42b4-8d75-ac168ee541c2" testListId="8c84fa94-04c1-424b-9868-57a2d4851a1d" />
    <TestEntry testId="cbbaa707-002e-74c8-991c-2405ab20821e" executionId="ef7796c2-ade8-4b6b-8659-9d6657e15e28" testListId="8c84fa94-04c1-424b-9868-57a2d4851a1d" />
    <TestEntry testId="63b458f5-1f17-a79f-0166-869c7e2992b2" executionId="1de59cb5-d34d-45f4-b8db-2a01a3e77515" testListId="8c84fa94-04c1-424b-9868-57a2d4851a1d" />
    <TestEntry testId="b66c4ad3-e118-bc40-6386-4737d23a6276" executionId="a73d1b77-7fe6-46ee-bfec-a801aff29e2b" testListId="8c84fa94-04c1-424b-9868-57a2d4851a1d" />
    <TestEntry testId="99cd5bcc-733e-e60a-e63c-e5dc7c1d9bc3" executionId="1d1cab23-6762-4016-9940-f0d2418113c5" testListId="8c84fa94-04c1-424b-9868-57a2d4851a1d" />
    <TestEntry testId="89cbdba0-e045-1e63-b636-4eeb96f685e8" executionId="ebbdf8a4-72c5-4060-bf50-543281c155da" testListId="8c84fa94-04c1-424b-9868-57a2d4851a1d" />
    <TestEntry testId="637804f3-090e-169e-ab4f-260cfe1e2244" executionId="bb393df7-9029-4c63-99ae-76560aa9adfa" testListId="8c84fa94-04c1-424b-9868-57a2d4851a1d" />
    <TestEntry testId="a935a387-bec0-f5d3-98e4-410b84656cd1" executionId="7ed2c8ea-5c3c-4918-a2d2-442a700324ee" testListId="8c84fa94-04c1-424b-9868-57a2d4851a1d" />
    <TestEntry testId="a30b8a6b-21ed-bd22-cde4-bd638f5d7cac" executionId="207914ef-91e3-4c5c-b59f-795e9e9e67cc" testListId="8c84fa94-04c1-424b-9868-57a2d4851a1d" />
    <TestEntry testId="cdd061d4-b4ec-7760-6650-4f2d3deec1af" executionId="38304fec-63b5-4049-a60b-9e33870ef7bd" testListId="8c84fa94-04c1-424b-9868-57a2d4851a1d" />
    <TestEntry testId="9b2d5c01-cdc2-53bc-572d-0e1d14810a53" executionId="161e5ace-7869-4b93-a2b4-b1184cedd749" testListId="8c84fa94-04c1-424b-9868-57a2d4851a1d" />
    <TestEntry testId="dd02d0b9-8a69-dcf0-6e25-9cd01c58e24e" executionId="643af94d-7fd9-46be-8e1f-fdfa9941b5cd" testListId="8c84fa94-04c1-424b-9868-57a2d4851a1d" />
    <TestEntry testId="e0900f84-4154-2092-de81-cb70da8a58bf" executionId="242fa4c3-0668-4acf-a56e-bbdcca498b9e" testListId="8c84fa94-04c1-424b-9868-57a2d4851a1d" />
    <TestEntry testId="7892af7f-99e5-d09a-0682-e43dbb8f401f" executionId="74f24412-88d8-4015-8bf5-0e10783af3c5" testListId="8c84fa94-04c1-424b-9868-57a2d4851a1d" />
    <TestEntry testId="46876560-4557-a94b-8bbd-025266b3e77d" executionId="2afc231a-a05f-4cb4-8da2-70ac4307c8be" testListId="8c84fa94-04c1-424b-9868-57a2d4851a1d" />
    <TestEntry testId="bac77f2e-86af-85d5-2366-e7dbb90f3746" executionId="81f5a124-12e9-4e0b-96c7-b8bc6f63be1b" testListId="8c84fa94-04c1-424b-9868-57a2d4851a1d" />
    <TestEntry testId="a28e432d-1788-8c1b-986a-91f97842b553" executionId="a7f9fae7-6ea1-45c1-ab70-a47594da1d31" testListId="8c84fa94-04c1-424b-9868-57a2d4851a1d" />
    <TestEntry testId="07032410-b7ec-b5a6-23c2-4eced5df9ea5" executionId="70a682ec-a865-4e2a-a244-67a769478e7e" testListId="8c84fa94-04c1-424b-9868-57a2d4851a1d" />
    <TestEntry testId="40271ef0-52eb-4856-4468-00a9c50b8ddb" executionId="d7c4b66e-b0bd-49c3-8fa9-49318fe2a7dd" testListId="8c84fa94-04c1-424b-9868-57a2d4851a1d" />
    <TestEntry testId="8d746b3f-8b5e-c33a-f0f3-2a35d061d5b4" executionId="9611f540-3ff1-482d-ba9a-d8cb80f7cade" testListId="8c84fa94-04c1-424b-9868-57a2d4851a1d" />
    <TestEntry testId="99bf64d3-9109-f2e8-fc16-baa616b0d610" executionId="ba7d6f82-80c5-40fe-8b0d-1cfa7eb33f30" testListId="8c84fa94-04c1-424b-9868-57a2d4851a1d" />
    <TestEntry testId="f02fc44e-cf40-9573-f28f-5a322abf2a50" executionId="11c48e4c-13a0-4bed-89e7-856e892c6433" testListId="8c84fa94-04c1-424b-9868-57a2d4851a1d" />
    <TestEntry testId="e5001eb1-5c44-a71b-aaee-2d9b55622598" executionId="bc955347-75ad-45b7-bf74-244eb3a154b3" testListId="8c84fa94-04c1-424b-9868-57a2d4851a1d" />
    <TestEntry testId="8ab3307b-788b-8354-a367-4071bc13b301" executionId="0a1dd6af-bc06-4796-ae2a-b030fbeebe05" testListId="8c84fa94-04c1-424b-9868-57a2d4851a1d" />
    <TestEntry testId="b9831d60-574c-5e3e-63c2-c41acd46a851" executionId="76045e4b-53c1-4e8d-a308-be973e7dd358" testListId="8c84fa94-04c1-424b-9868-57a2d4851a1d" />
    <TestEntry testId="07a7875a-0592-780b-6248-8b10c3e9f131" executionId="3b6d62bf-b041-471d-aa74-6f83cfae9c31" testListId="8c84fa94-04c1-424b-9868-57a2d4851a1d" />
    <TestEntry testId="188a21e6-bebe-c03b-3cdc-92f59a40ddf3" executionId="d5499d9b-78dd-4e12-84b0-18b6b68613f4" testListId="8c84fa94-04c1-424b-9868-57a2d4851a1d" />
    <TestEntry testId="37b2c5e4-fff3-948c-3631-d1d7595da8d3" executionId="84b2ad7c-8f20-4553-83a5-f335d84d5208" testListId="8c84fa94-04c1-424b-9868-57a2d4851a1d" />
    <TestEntry testId="e6bf14dc-48e4-5589-bb28-efaac48d2858" executionId="d6d8ef4b-f474-4055-b97d-414d7f6fdb9d" testListId="8c84fa94-04c1-424b-9868-57a2d4851a1d" />
    <TestEntry testId="0863d8ef-0af0-f19a-4712-29ea5920f528" executionId="cc889d05-57b5-4453-8f6c-63e3525d2550" testListId="8c84fa94-04c1-424b-9868-57a2d4851a1d" />
    <TestEntry testId="9598ad57-ab6e-4267-a008-5cda66c6ad8a" executionId="75f3e873-5fd9-4d9c-a72c-fd2d6a2ef274" testListId="8c84fa94-04c1-424b-9868-57a2d4851a1d" />
    <TestEntry testId="41d0e987-fa08-6836-a5b0-11f2ad9dc42d" executionId="5b9fb907-9762-460c-b36d-bda0ee330f28" testListId="8c84fa94-04c1-424b-9868-57a2d4851a1d" />
    <TestEntry testId="33b293ac-165e-bfc9-907c-c93ed2515447" executionId="eabf27e7-7907-44ab-bfae-b00a03574e75" testListId="8c84fa94-04c1-424b-9868-57a2d4851a1d" />
    <TestEntry testId="57236b3e-4172-ff9c-6eff-69eebe62c2d2" executionId="4f443d60-2c04-49bb-a3e2-8e978413ba92" testListId="8c84fa94-04c1-424b-9868-57a2d4851a1d" />
    <TestEntry testId="09f6bfbb-1a44-4c88-9a9a-da36b209807b" executionId="254617d9-ceac-4353-b3eb-9bb9c7628c0d" testListId="8c84fa94-04c1-424b-9868-57a2d4851a1d" />
    <TestEntry testId="801f0d39-b65e-16ee-0769-eebc8ef6addd" executionId="355cd1c1-d71b-4c07-a5f9-48635b29daa4" testListId="8c84fa94-04c1-424b-9868-57a2d4851a1d" />
    <TestEntry testId="89421267-932f-1905-bcef-6a0ef147533b" executionId="22b0e70a-c966-4ce2-a95f-9e87b9ce94c1" testListId="8c84fa94-04c1-424b-9868-57a2d4851a1d" />
    <TestEntry testId="0625bd13-623c-7824-6280-393d330f21e0" executionId="2efcb972-0e4a-44ef-9420-2d585226eb88" testListId="8c84fa94-04c1-424b-9868-57a2d4851a1d" />
    <TestEntry testId="3c1d08b4-0c29-5f5c-d593-ff549d7485a5" executionId="463f5264-1ea9-4914-9e60-058585663969" testListId="8c84fa94-04c1-424b-9868-57a2d4851a1d" />
    <TestEntry testId="c00a7128-c961-5650-9b15-6b42feab7b0b" executionId="09e0a0ca-b49d-452d-bd80-58140c064dfb" testListId="8c84fa94-04c1-424b-9868-57a2d4851a1d" />
    <TestEntry testId="bf36685a-bc53-21ba-e0df-18005a377685" executionId="f9b69e65-1f98-420b-a3ee-b554b9d201e0" testListId="8c84fa94-04c1-424b-9868-57a2d4851a1d" />
    <TestEntry testId="de4866bc-4c0f-26a2-b305-a28707073345" executionId="bb013109-d5a0-48a0-b901-65f69f271e71" testListId="8c84fa94-04c1-424b-9868-57a2d4851a1d" />
    <TestEntry testId="9f5eef0b-08c6-8926-1662-371d517e73fc" executionId="9ec9aa0a-4e7e-4f54-8424-aca16b55490b" testListId="8c84fa94-04c1-424b-9868-57a2d4851a1d" />
    <TestEntry testId="f890a367-d3b2-92aa-75f8-3c2217b5c820" executionId="5b4d8120-f76e-4642-bf1b-f26b68cd1f5f" testListId="8c84fa94-04c1-424b-9868-57a2d4851a1d" />
    <TestEntry testId="f98ef04e-9540-3115-950e-453a3a5732f4" executionId="7e004ce7-762a-4198-97c9-701402d80825" testListId="8c84fa94-04c1-424b-9868-57a2d4851a1d" />
    <TestEntry testId="b9bc1142-1edd-c1b5-813a-ac4bd495e02a" executionId="9d504688-13d7-4787-bfa2-c5a8720755fa" testListId="8c84fa94-04c1-424b-9868-57a2d4851a1d" />
    <TestEntry testId="ab714d61-2c70-e0e4-a548-208584e7aa24" executionId="1fa553a6-4bb6-4155-9a9a-e60cda17ee95" testListId="8c84fa94-04c1-424b-9868-57a2d4851a1d" />
    <TestEntry testId="2dd223df-9e33-9f81-1dc1-53a79e28d94a" executionId="e0a510be-ec08-45b6-bb76-8338b972b26c" testListId="8c84fa94-04c1-424b-9868-57a2d4851a1d" />
    <TestEntry testId="58e8224f-2386-35a0-76a1-c467780b4116" executionId="69ba92b1-d13a-4ef7-9c1e-2c78c9bc1fbe" testListId="8c84fa94-04c1-424b-9868-57a2d4851a1d" />
    <TestEntry testId="f3dd6df3-743a-86b0-a28d-bd5c1ee5d7ca" executionId="e214df6f-00ef-4242-82fb-a7caa78e9fe4" testListId="8c84fa94-04c1-424b-9868-57a2d4851a1d" />
    <TestEntry testId="8a8c4b7d-647e-1717-2f4d-c7aceee55561" executionId="81a6ef4c-55eb-45a6-8c9a-a9b0c148425b" testListId="8c84fa94-04c1-424b-9868-57a2d4851a1d" />
    <TestEntry testId="dafaea47-3fbf-d475-22f7-9097e24c173c" executionId="d0acb044-a715-4f48-9d74-1f17b5473e03" testListId="8c84fa94-04c1-424b-9868-57a2d4851a1d" />
    <TestEntry testId="79d08849-52e4-bf6a-4c4a-acab07cf2e9c" executionId="6783b3b3-133a-4614-bcad-ee8cee3d1554" testListId="8c84fa94-04c1-424b-9868-57a2d4851a1d" />
    <TestEntry testId="2d52e52a-0f36-9454-43de-59c463cd0b6c" executionId="6da25a18-87e2-4b14-99ea-ec54f35a22df" testListId="8c84fa94-04c1-424b-9868-57a2d4851a1d" />
    <TestEntry testId="cac26a26-3c32-2097-c833-3d3964beaa68" executionId="45b5b80a-5906-4a12-a0f1-8f5b09b96fc8" testListId="8c84fa94-04c1-424b-9868-57a2d4851a1d" />
    <TestEntry testId="e0ae0367-605f-ad66-1e00-5eb12c0c08b8" executionId="2be9e85d-d7dc-4f3e-a4de-1a7955f2ba68" testListId="8c84fa94-04c1-424b-9868-57a2d4851a1d" />
    <TestEntry testId="a3decba9-a131-75e7-05f3-0c1196804dcb" executionId="dd6f6ced-17c1-4944-b42f-02a35e9b3390" testListId="8c84fa94-04c1-424b-9868-57a2d4851a1d" />
    <TestEntry testId="6989ef40-b6e2-fc8f-f91a-027f54dfac64" executionId="81d24f14-c18c-4716-ad93-ea56d248e1a0" testListId="8c84fa94-04c1-424b-9868-57a2d4851a1d" />
    <TestEntry testId="4ec9be8a-05d6-331c-54cd-77eafcc66c64" executionId="44fcf58c-2475-4d60-8fd7-a84bb664b446" testListId="8c84fa94-04c1-424b-9868-57a2d4851a1d" />
    <TestEntry testId="c249f1a7-7551-b93e-62b3-c153a72d7cbf" executionId="2767ae22-c133-49ad-8ba9-227fea50af2b" testListId="8c84fa94-04c1-424b-9868-57a2d4851a1d" />
    <TestEntry testId="4a7ce450-da20-7255-3fb2-7b7aeb5a68ed" executionId="f6000bee-68e7-4fc5-a570-eea95217e630" testListId="8c84fa94-04c1-424b-9868-57a2d4851a1d" />
    <TestEntry testId="5fda116a-34f1-b84a-648e-d03322e1974c" executionId="40331ab9-5e3f-40b0-8051-4e4ba63466cb" testListId="8c84fa94-04c1-424b-9868-57a2d4851a1d" />
    <TestEntry testId="488ae078-65af-ec72-fbe8-54773b1473ee" executionId="5dd20980-d023-4465-9abb-6f2efa7f2577" testListId="8c84fa94-04c1-424b-9868-57a2d4851a1d" />
    <TestEntry testId="e3cfeafa-6b45-b8c4-84c1-7e8f0a9f48ce" executionId="af0f27b6-daaa-40e7-8a78-9b0bb80e7f27" testListId="8c84fa94-04c1-424b-9868-57a2d4851a1d" />
    <TestEntry testId="f09f473c-1343-5e66-52b5-716db12fe779" executionId="5a1d2358-8dbc-40f1-a1eb-0ca3127e7c67" testListId="8c84fa94-04c1-424b-9868-57a2d4851a1d" />
    <TestEntry testId="8a609d2f-f99f-8d4e-6850-f15d52ca61fa" executionId="6d837ed9-cd8e-450d-a3a8-23fd931058ed" testListId="8c84fa94-04c1-424b-9868-57a2d4851a1d" />
    <TestEntry testId="9afd9250-0ced-3200-70c5-1cb884c3fde3" executionId="58101819-9763-49c5-a553-27917c44d869" testListId="8c84fa94-04c1-424b-9868-57a2d4851a1d" />
    <TestEntry testId="a621adba-6be6-42e3-7dd0-6614c7cbd13e" executionId="77a1de09-cbc8-4ca8-9ff6-862e54f0051e" testListId="8c84fa94-04c1-424b-9868-57a2d4851a1d" />
    <TestEntry testId="405db453-7353-8c7d-ec17-131309ef05a2" executionId="bf52e843-ecb4-452d-977f-a5fd81f8a259" testListId="8c84fa94-04c1-424b-9868-57a2d4851a1d" />
    <TestEntry testId="7bb2468a-03f8-2342-b47c-1455acb5e208" executionId="7e1bc1a1-7e78-4696-af54-888755034436" testListId="8c84fa94-04c1-424b-9868-57a2d4851a1d" />
    <TestEntry testId="4ad03857-e8d9-6687-ae20-f93b06c71fbe" executionId="09ce770b-e562-46b2-bfc1-99d70aca2c34" testListId="8c84fa94-04c1-424b-9868-57a2d4851a1d" />
    <TestEntry testId="3ed6dc71-47af-4e4f-acd3-2d70debd5ba4" executionId="b5e4d097-11df-4fd1-aab7-476e2e988c5c" testListId="8c84fa94-04c1-424b-9868-57a2d4851a1d" />
    <TestEntry testId="a9aad769-c0f1-fd41-10a7-9493ce4b003a" executionId="f514c14f-0a6e-4d66-bc49-275eac7701aa" testListId="8c84fa94-04c1-424b-9868-57a2d4851a1d" />
    <TestEntry testId="f3c01a2c-bc45-4831-1614-293aa460be41" executionId="fd56102b-c55c-4d48-8bd6-03c3fac1fdcf" testListId="8c84fa94-04c1-424b-9868-57a2d4851a1d" />
    <TestEntry testId="dcd76ec8-2fc8-bd83-380d-019a8a108059" executionId="f1c24793-8f92-477b-b328-8e8909e035fa" testListId="8c84fa94-04c1-424b-9868-57a2d4851a1d" />
    <TestEntry testId="016bed45-2953-978e-a184-cadb8dd0c8b9" executionId="b8b8f87a-bc79-4f1d-80a6-4ac0ea58cca0" testListId="8c84fa94-04c1-424b-9868-57a2d4851a1d" />
    <TestEntry testId="5731f1aa-b07e-05e4-22e4-14a9eac3ea55" executionId="1cedb19d-1b07-4fde-9abc-b6d714e0fe2d" testListId="8c84fa94-04c1-424b-9868-57a2d4851a1d" />
    <TestEntry testId="8df34ac8-0c19-d473-099e-1719e1bb8214" executionId="50b294ca-7513-47b6-a1fe-289b8f4e78a0" testListId="8c84fa94-04c1-424b-9868-57a2d4851a1d" />
    <TestEntry testId="e632e4d6-529f-3e89-321f-cd18bcfb0ca5" executionId="ec8e8366-1c28-4066-90d4-01613cb26905" testListId="8c84fa94-04c1-424b-9868-57a2d4851a1d" />
    <TestEntry testId="f9b7d80a-a952-9b08-5f2f-c65934bef448" executionId="69d6e9a6-723d-4a87-a091-f89a75add928" testListId="8c84fa94-04c1-424b-9868-57a2d4851a1d" />
    <TestEntry testId="812f3ca5-8642-aec7-4b29-fedd7ff51257" executionId="dec1ae17-66a5-493c-a992-46deca82b133" testListId="8c84fa94-04c1-424b-9868-57a2d4851a1d" />
    <TestEntry testId="9a66289d-ae1f-b242-30c7-4841312f1161" executionId="caac5818-c6ab-49c9-ad10-ff68f0609279" testListId="8c84fa94-04c1-424b-9868-57a2d4851a1d" />
    <TestEntry testId="8be02d66-34d5-2e98-8ae2-e603c86651bf" executionId="89f0e226-8132-4c1e-95d7-e047e2a11557" testListId="8c84fa94-04c1-424b-9868-57a2d4851a1d" />
    <TestEntry testId="7df58dbe-8686-9c12-c5b1-8abf88f24b54" executionId="e795c933-71b5-468a-8c6b-679c731ec410" testListId="8c84fa94-04c1-424b-9868-57a2d4851a1d" />
    <TestEntry testId="e9cb9147-f916-cf17-8be2-8b46b302a392" executionId="b7356531-14ca-45b0-b047-87c57ffb7fe7" testListId="8c84fa94-04c1-424b-9868-57a2d4851a1d" />
    <TestEntry testId="efe88225-23f6-c8d3-7d45-d42debb0eff0" executionId="63bc5478-83d0-4e01-b42b-a62401f0a886" testListId="8c84fa94-04c1-424b-9868-57a2d4851a1d" />
    <TestEntry testId="329fb17c-bfb0-b568-2d5d-2b15c1a5a082" executionId="900379a4-8ef3-44ae-8339-3db407042115" testListId="8c84fa94-04c1-424b-9868-57a2d4851a1d" />
    <TestEntry testId="e784b817-eddd-110b-1b00-8831c88ac249" executionId="5448d557-3256-4cd2-8a26-9e8c81539822" testListId="8c84fa94-04c1-424b-9868-57a2d4851a1d" />
    <TestEntry testId="98369417-9d26-35af-70a6-e6c193a59aba" executionId="51d32bd1-8807-4831-80e8-64def5f6343a" testListId="8c84fa94-04c1-424b-9868-57a2d4851a1d" />
    <TestEntry testId="1fac06c4-6ad8-9cd6-f17a-54235b1ed924" executionId="1453cb6a-9cc7-42cb-ae77-81fa999d5d2c" testListId="8c84fa94-04c1-424b-9868-57a2d4851a1d" />
    <TestEntry testId="b7545ab2-6006-ee70-b543-3b5f28dd0893" executionId="30eef605-1fd0-468b-90ab-e66c99e22dfd" testListId="8c84fa94-04c1-424b-9868-57a2d4851a1d" />
    <TestEntry testId="2b73fd65-22bf-9a43-b16a-23137d760043" executionId="c70560aa-a9c8-415b-bb5c-7b83ae059cd6" testListId="8c84fa94-04c1-424b-9868-57a2d4851a1d" />
    <TestEntry testId="cdb7874b-2763-ef71-ceac-30f497669ab8" executionId="ef24e3f3-78fc-4268-8288-cb0da141b477" testListId="8c84fa94-04c1-424b-9868-57a2d4851a1d" />
    <TestEntry testId="36eeae6a-0d33-fb1d-2b70-58e434d0dc8f" executionId="dcadaffc-0bdb-46c4-9619-3554f1873828" testListId="8c84fa94-04c1-424b-9868-57a2d4851a1d" />
    <TestEntry testId="9e09a27b-a600-c849-f989-15f8134c63a7" executionId="2476cba5-b627-4bed-9869-b16c424e38e6" testListId="8c84fa94-04c1-424b-9868-57a2d4851a1d" />
    <TestEntry testId="e2970103-1ef2-656f-32f1-c542caea11a1" executionId="42c58574-218f-4516-91dc-e44fe7877e07" testListId="8c84fa94-04c1-424b-9868-57a2d4851a1d" />
    <TestEntry testId="bfe19651-ad70-69f7-645b-3455d7540c57" executionId="a14897bf-03f7-4865-83f4-91da80223f2f" testListId="8c84fa94-04c1-424b-9868-57a2d4851a1d" />
    <TestEntry testId="4b2ca340-ba3e-09c5-fe66-8d23594496da" executionId="2b6ca1b2-a29e-4ac8-b7e3-3794c9d54ea9" testListId="8c84fa94-04c1-424b-9868-57a2d4851a1d" />
    <TestEntry testId="63aa3800-f12c-3b0f-3a15-e533b7836e13" executionId="8a57ef7b-d55e-4c8c-8f19-f3c2e6f4e2f9" testListId="8c84fa94-04c1-424b-9868-57a2d4851a1d" />
    <TestEntry testId="a94976f2-f8ad-a26b-8c42-d3c9dab1233b" executionId="48de3f01-c169-4852-849c-6e00042f889c" testListId="8c84fa94-04c1-424b-9868-57a2d4851a1d" />
    <TestEntry testId="06f34c0f-4bc9-1d01-2901-2acfe714ab1b" executionId="be9ff82b-2b9c-41dc-aeb1-6be20a645242" testListId="8c84fa94-04c1-424b-9868-57a2d4851a1d" />
    <TestEntry testId="b1213be7-72b8-8437-08eb-a006205a6677" executionId="e2c226f8-3890-4489-a754-44c797d7fc5f" testListId="8c84fa94-04c1-424b-9868-57a2d4851a1d" />
    <TestEntry testId="d79efa66-8800-cceb-b167-fa9c8168b035" executionId="492ee08c-a211-496a-9e5f-516abc1af8c2" testListId="8c84fa94-04c1-424b-9868-57a2d4851a1d" />
    <TestEntry testId="05d9a554-9aa1-7382-187c-f603d5a8c8e4" executionId="caca7a7e-5c4e-4a20-974b-d97e6a29067b" testListId="8c84fa94-04c1-424b-9868-57a2d4851a1d" />
    <TestEntry testId="74411174-ee30-d59d-a404-77139d10280d" executionId="5ed6dbdb-82f9-4311-946f-cfd1d019686a" testListId="8c84fa94-04c1-424b-9868-57a2d4851a1d" />
    <TestEntry testId="03c4b3be-2262-9adb-0e4d-c4b0eb0602a0" executionId="a628f38d-b463-465c-9d05-901ff989dab8" testListId="8c84fa94-04c1-424b-9868-57a2d4851a1d" />
    <TestEntry testId="5209c115-7bcc-6c1d-3bc0-7b03f1c465fb" executionId="90d5713d-be49-4fdb-8075-5e1d5c8a2ce7" testListId="8c84fa94-04c1-424b-9868-57a2d4851a1d" />
    <TestEntry testId="6de686f4-499f-e538-e68f-e3c77c6c3da5" executionId="26e0b522-f2d1-43eb-9a8d-62e9a664fc4a" testListId="8c84fa94-04c1-424b-9868-57a2d4851a1d" />
    <TestEntry testId="7349c5b0-6f6a-6aa4-89fa-e0a64adb3801" executionId="db42eeca-4ecf-4e66-811a-cec9908dc1e6" testListId="8c84fa94-04c1-424b-9868-57a2d4851a1d" />
    <TestEntry testId="08a7b873-8494-1e8a-f483-fdb60f33ee70" executionId="9c602659-2990-4652-842b-f2b7557f5176" testListId="8c84fa94-04c1-424b-9868-57a2d4851a1d" />
    <TestEntry testId="ec212d73-05f4-785a-0362-d42b5098439d" executionId="55d9a7c2-3f65-45d0-8d9b-685fc349d88b" testListId="8c84fa94-04c1-424b-9868-57a2d4851a1d" />
    <TestEntry testId="fd33622e-9cba-03e8-a005-8da48c46f51b" executionId="34205d8c-19d5-49cd-b904-e5ba38c3328c" testListId="8c84fa94-04c1-424b-9868-57a2d4851a1d" />
    <TestEntry testId="32623270-853f-c035-9cc6-a870f9522af0" executionId="38c4c536-61a2-4626-b81a-90da76498d03" testListId="8c84fa94-04c1-424b-9868-57a2d4851a1d" />
    <TestEntry testId="ee081124-9307-dcf9-29cc-3cbce5f6c202" executionId="55ed49ff-3348-4b47-b662-2b0ee9b315e0" testListId="8c84fa94-04c1-424b-9868-57a2d4851a1d" />
    <TestEntry testId="1f135881-1517-d302-ef48-5e83ecf61cf4" executionId="67227e2d-57dc-4a02-9a73-0646b66ec0ac" testListId="8c84fa94-04c1-424b-9868-57a2d4851a1d" />
    <TestEntry testId="5ce5a375-e156-663e-1164-348cf3bc4c4d" executionId="222c2d0a-f995-45b6-9064-861ca8c2d1e4" testListId="8c84fa94-04c1-424b-9868-57a2d4851a1d" />
    <TestEntry testId="15aeca06-395c-c20a-6019-cfbe82568869" executionId="17c2b72d-d826-45a9-a629-5a308b5631d2" testListId="8c84fa94-04c1-424b-9868-57a2d4851a1d" />
    <TestEntry testId="34615eb4-49cb-336f-f161-7fd88e0844db" executionId="a108f7d9-c6d1-42a4-9c38-c17ff13c45fb" testListId="8c84fa94-04c1-424b-9868-57a2d4851a1d" />
    <TestEntry testId="6f2ffa3f-b04d-1c43-987f-3a9e819759de" executionId="ded45017-35c0-4529-825b-4402f15730e8" testListId="8c84fa94-04c1-424b-9868-57a2d4851a1d" />
    <TestEntry testId="5c68da63-c934-39b7-4739-3a633402d860" executionId="72dd8ce6-dd52-4fa6-9424-aee27b587233" testListId="8c84fa94-04c1-424b-9868-57a2d4851a1d" />
    <TestEntry testId="03f4e619-649d-ee81-fea5-ca665a729ea6" executionId="0e622ae7-8a84-419d-9a92-053aa2d09f39" testListId="8c84fa94-04c1-424b-9868-57a2d4851a1d" />
    <TestEntry testId="bf2189fb-83f6-f71a-420e-cb91c0ac23e7" executionId="395fc138-ff78-4807-ade1-6a9e66440f82" testListId="8c84fa94-04c1-424b-9868-57a2d4851a1d" />
    <TestEntry testId="d9dbc101-9de8-2a35-9443-1343016cb266" executionId="00ba3e7a-4d23-42f3-adf3-d7b711b54a8d" testListId="8c84fa94-04c1-424b-9868-57a2d4851a1d" />
    <TestEntry testId="888fec28-389e-a583-098f-b6f95f3a14b8" executionId="432a8c4a-398f-45a0-8ee4-9efa681f029c" testListId="8c84fa94-04c1-424b-9868-57a2d4851a1d" />
    <TestEntry testId="97ed1f68-1569-227d-b576-c51950c034ba" executionId="fc980a53-732c-4c5f-906b-1b5ddde6b25e" testListId="8c84fa94-04c1-424b-9868-57a2d4851a1d" />
    <TestEntry testId="545da1cd-2469-9d39-800e-510833648a16" executionId="eaad9cf1-d657-49b5-8893-a37f6b92caee" testListId="8c84fa94-04c1-424b-9868-57a2d4851a1d" />
    <TestEntry testId="7526e87d-4221-1c26-f5ca-ee21045d335d" executionId="9bc57478-0bd7-4e13-a46a-3c5e4ae3678e" testListId="8c84fa94-04c1-424b-9868-57a2d4851a1d" />
    <TestEntry testId="747de9fa-a7e3-c593-29cb-954818f360ce" executionId="e61a3e08-5997-4a06-a3c1-840451b3536c" testListId="8c84fa94-04c1-424b-9868-57a2d4851a1d" />
    <TestEntry testId="698a1dc3-2fa5-8365-3a98-c41fe5416af3" executionId="d7aa176b-d645-4d7b-bc55-f4cfdace1362" testListId="8c84fa94-04c1-424b-9868-57a2d4851a1d" />
    <TestEntry testId="f5f10275-8a34-2285-414c-5a8a3360c9ea" executionId="d19f0dea-d731-43a6-8e04-616422568387" testListId="8c84fa94-04c1-424b-9868-57a2d4851a1d" />
    <TestEntry testId="514967d8-45f1-dd68-d3ca-0ee1f70fd130" executionId="0dcbe3fe-7ff6-4ada-b573-0e20d703beb6" testListId="8c84fa94-04c1-424b-9868-57a2d4851a1d" />
    <TestEntry testId="3feb6034-c736-cc29-fad7-4b90b51a9175" executionId="27288871-c97a-49dc-9e52-b526d482031f" testListId="8c84fa94-04c1-424b-9868-57a2d4851a1d" />
    <TestEntry testId="316e2443-96ee-3335-2e70-9d61a1599709" executionId="7c553df7-e68d-48e1-aad1-655cdba729c0" testListId="8c84fa94-04c1-424b-9868-57a2d4851a1d" />
    <TestEntry testId="e2b9c080-ff18-9cf3-ffe1-15d84d9117d4" executionId="c319f6d7-eebe-4751-a20a-2b374cb36144" testListId="8c84fa94-04c1-424b-9868-57a2d4851a1d" />
    <TestEntry testId="0f2b2321-b820-db33-f161-c2ab7389c691" executionId="da64549d-336b-4b0c-b0ae-4cbe9702756a" testListId="8c84fa94-04c1-424b-9868-57a2d4851a1d" />
    <TestEntry testId="f2b89d9a-0575-103e-8e34-9aa35a50ee4a" executionId="47368bcc-ee97-47aa-9da6-971476afe1f9" testListId="8c84fa94-04c1-424b-9868-57a2d4851a1d" />
    <TestEntry testId="96fce6bb-2cdf-20c1-4fa9-4459c77ceb48" executionId="ad7a2998-c0d3-40cf-a692-197028bf66c4" testListId="8c84fa94-04c1-424b-9868-57a2d4851a1d" />
    <TestEntry testId="574d1f6a-0076-ae77-fd2f-a8b3e49010b2" executionId="fcefdfac-5150-47ad-8640-808ccf3b695d" testListId="8c84fa94-04c1-424b-9868-57a2d4851a1d" />
    <TestEntry testId="aff38362-4b5c-4a90-2a93-d3aae0598ec5" executionId="1add06e3-031b-4988-9dc1-7e4cd42a9d10" testListId="8c84fa94-04c1-424b-9868-57a2d4851a1d" />
    <TestEntry testId="6c9092ff-7bdf-8147-ef18-d7ecfb3ab43b" executionId="5d349dae-daf5-47af-bbca-43864a454c87" testListId="8c84fa94-04c1-424b-9868-57a2d4851a1d" />
    <TestEntry testId="0de0e096-da85-a3c9-9b80-e7ca19a1a934" executionId="9d311cdf-9046-4501-999f-968bce3aa89d" testListId="8c84fa94-04c1-424b-9868-57a2d4851a1d" />
  </TestEntries>
  <Results>
    <UnitTestResult executionId="aaca62f8-2d5b-459f-a095-fc59e4f53208" testId="9f23e047-be80-6b91-4aa7-a14ea77e6264" testName="AcceptEncodingHeaderFieldConstructorTest" computerName="SERVER001" duration="00:00:00.2069228" startTime="2010-01-24T19:15:47.1478482+11:00" endTime="2010-01-24T19:15:48.1178482+11:00" testType="13cdc9d9-ddb5-4fa4-a97d-d965ccfc6d4b" outcome="Failed" testListId="8c84fa94-04c1-424b-9868-57a2d4851a1d">
      <Output>
        <ErrorInfo>
          <Message>Test method Konnetic.Sip.UnitTests.AcceptEncodingHeaderFieldAdapter.AcceptEncodingHeaderFieldConstructorTest threw exception:  System.NullReferenceException: Object reference not set to an instance of an object..</Message>
          <StackTrace>    at Konnetic.Sip.Headers.QValueHeaderFieldBase.set_QValue(Single value) in D:\Business\Development\Konnetic\UnifySipApi\Production\Src\Konnetic Unify SIP API\Konnetic.Sip\Headers\BaseHeaderFields\QValueHeaderFieldBase.cs:line 58
   at Konnetic.Sip.Headers.QValueHeaderFieldBase..ctor(Single qValue) in D:\Business\Development\Konnetic\UnifySipApi\Production\Src\Konnetic Unify SIP API\Konnetic.Sip\Headers\BaseHeaderFields\QValueHeaderFieldBase.cs:line 92
   at Konnetic.Sip.Headers.QValueHeaderFieldBase..ctor() in D:\Business\Development\Konnetic\UnifySipApi\Production\Src\Konnetic Unify SIP API\Konnetic.Sip\Headers\BaseHeaderFields\QValueHeaderFieldBase.cs:line 80
   at Konnetic.Sip.Headers.AcceptEncodingHeaderField..ctor() in D:\Business\Development\Konnetic\UnifySipApi\Production\Src\Konnetic Unify SIP API\Konnetic.Sip\Headers\AcceptEncodingHeaderField.cs:line 133
   at Konnetic.Sip.Headers.AcceptEncodingHeaderField..ctor(String encoding) in D:\Business\Development\Konnetic\UnifySipApi\Production\Src\Konnetic Unify SIP API\Konnetic.Sip\Headers\AcceptEncodingHeaderField.cs:line 149
   at Konnetic.Sip.UnitTests.AcceptEncodingHeaderFieldAdapter.AcceptEncodingHeaderFieldConstructorTest() in D:\Business\Development\Konnetic\UnifySipApi\Production\Src\Konnetic Unify SIP API\Konnetic.Sip.UnitTests\HeaderFields\AcceptEncodingHeaderFieldAdapter.cs:line 49
</StackTrace>
        </ErrorInfo>
      </Output>
    </UnitTestResult>
    <UnitTestResult executionId="de662e72-6499-4174-8b4a-b6f472e84da2" testId="5bdde3ee-0323-3082-2b5d-af52e4c65cf1" testName="AcceptEncodingHeaderFieldConstructorTest1" computerName="SERVER001" duration="00:00:00.0017790" startTime="2010-01-24T19:15:48.1198482+11:00" endTime="2010-01-24T19:15:48.1238482+11:00" testType="13cdc9d9-ddb5-4fa4-a97d-d965ccfc6d4b" outcome="Failed" testListId="8c84fa94-04c1-424b-9868-57a2d4851a1d">
      <Output>
        <ErrorInfo>
          <Message>Test method Konnetic.Sip.UnitTests.AcceptEncodingHeaderFieldAdapter.AcceptEncodingHeaderFieldConstructorTest1 threw exception:  System.NullReferenceException: Object reference not set to an instance of an object..</Message>
          <StackTrace>    at Konnetic.Sip.Headers.QValueHeaderFieldBase.set_QValue(Single value) in D:\Business\Development\Konnetic\UnifySipApi\Production\Src\Konnetic Unify SIP API\Konnetic.Sip\Headers\BaseHeaderFields\QValueHeaderFieldBase.cs:line 58
   at Konnetic.Sip.Headers.QValueHeaderFieldBase..ctor(Single qValue) in D:\Business\Development\Konnetic\UnifySipApi\Production\Src\Konnetic Unify SIP API\Konnetic.Sip\Headers\BaseHeaderFields\QValueHeaderFieldBase.cs:line 92
   at Konnetic.Sip.Headers.QValueHeaderFieldBase..ctor() in D:\Business\Development\Konnetic\UnifySipApi\Production\Src\Konnetic Unify SIP API\Konnetic.Sip\Headers\BaseHeaderFields\QValueHeaderFieldBase.cs:line 80
   at Konnetic.Sip.Headers.AcceptEncodingHeaderField..ctor() in D:\Business\Development\Konnetic\UnifySipApi\Production\Src\Konnetic Unify SIP API\Konnetic.Sip\Headers\AcceptEncodingHeaderField.cs:line 133
   at Konnetic.Sip.UnitTests.AcceptEncodingHeaderFieldAdapter.AcceptEncodingHeaderFieldConstructorTest1() in D:\Business\Development\Konnetic\UnifySipApi\Production\Src\Konnetic Unify SIP API\Konnetic.Sip.UnitTests\HeaderFields\AcceptEncodingHeaderFieldAdapter.cs:line 61
</StackTrace>
        </ErrorInfo>
      </Output>
    </UnitTestResult>
    <UnitTestResult executionId="f6509327-607a-42e4-aca8-d47f95e73036" testId="b5f10db0-9da4-6fbb-4ad5-23cfdf1c10cf" testName="AcceptEncodingHeaderFieldConstructorTest2" computerName="SERVER001" duration="00:00:00.0015447" startTime="2010-01-24T19:15:48.1248482+11:00" endTime="2010-01-24T19:15:48.1298482+11:00" testType="13cdc9d9-ddb5-4fa4-a97d-d965ccfc6d4b" outcome="Failed" testListId="8c84fa94-04c1-424b-9868-57a2d4851a1d">
      <Output>
        <ErrorInfo>
          <Message>Test method Konnetic.Sip.UnitTests.AcceptEncodingHeaderFieldAdapter.AcceptEncodingHeaderFieldConstructorTest2 threw exception:  System.NullReferenceException: Object reference not set to an instance of an object..</Message>
          <StackTrace>    at Konnetic.Sip.Headers.QValueHeaderFieldBase.set_QValue(Single value) in D:\Business\Development\Konnetic\UnifySipApi\Production\Src\Konnetic Unify SIP API\Konnetic.Sip\Headers\BaseHeaderFields\QValueHeaderFieldBase.cs:line 58
   at Konnetic.Sip.Headers.QValueHeaderFieldBase..ctor(Single qValue) in D:\Business\Development\Konnetic\UnifySipApi\Production\Src\Konnetic Unify SIP API\Konnetic.Sip\Headers\BaseHeaderFields\QValueHeaderFieldBase.cs:line 92
   at Konnetic.Sip.Headers.QValueHeaderFieldBase..ctor() in D:\Business\Development\Konnetic\UnifySipApi\Production\Src\Konnetic Unify SIP API\Konnetic.Sip\Headers\BaseHeaderFields\QValueHeaderFieldBase.cs:line 80
   at Konnetic.Sip.Headers.AcceptEncodingHeaderField..ctor() in D:\Business\Development\Konnetic\UnifySipApi\Production\Src\Konnetic Unify SIP API\Konnetic.Sip\Headers\AcceptEncodingHeaderField.cs:line 133
   at Konnetic.Sip.UnitTests.AcceptEncodingHeaderFieldAdapter.AcceptEncodingHeaderFieldConstructorTest2() in D:\Business\Development\Konnetic\UnifySipApi\Production\Src\Konnetic Unify SIP API\Konnetic.Sip.UnitTests\HeaderFields\AcceptEncodingHeaderFieldAdapter.cs:line 77
</StackTrace>
        </ErrorInfo>
      </Output>
    </UnitTestResult>
    <UnitTestResult executionId="cd9d358b-9d80-4a17-9ea4-dd889df0a4f1" testId="ad50b3ee-f6d9-7fa3-3994-71846f2209d8" testName="CloneTest" computerName="SERVER001" duration="00:00:00.0029354" startTime="2010-01-24T19:15:48.1298482+11:00" endTime="2010-01-24T19:15:48.1378482+11:00" testType="13cdc9d9-ddb5-4fa4-a97d-d965ccfc6d4b" outcome="Failed" testListId="8c84fa94-04c1-424b-9868-57a2d4851a1d">
      <Output>
        <ErrorInfo>
          <Message>Test method Konnetic.Sip.UnitTests.AcceptEncodingHeaderFieldAdapter.CloneTest threw exception:  System.NullReferenceException: Object reference not set to an instance of an object..</Message>
          <StackTrace>    at Konnetic.Sip.Headers.QValueHeaderFieldBase.set_QValue(Single value) in D:\Business\Development\Konnetic\UnifySipApi\Production\Src\Konnetic Unify SIP API\Konnetic.Sip\Headers\BaseHeaderFields\QValueHeaderFieldBase.cs:line 58
   at Konnetic.Sip.Headers.QValueHeaderFieldBase..ctor(Single qValue) in D:\Business\Development\Konnetic\UnifySipApi\Production\Src\Konnetic Unify SIP API\Konnetic.Sip\Headers\BaseHeaderFields\QValueHeaderFieldBase.cs:line 92
   at Konnetic.Sip.Headers.QValueHeaderFieldBase..ctor() in D:\Business\Development\Konnetic\UnifySipApi\Production\Src\Konnetic Unify SIP API\Konnetic.Sip\Headers\BaseHeaderFields\QValueHeaderFieldBase.cs:line 80
   at Konnetic.Sip.Headers.AcceptEncodingHeaderField..ctor() in D:\Business\Development\Konnetic\UnifySipApi\Production\Src\Konnetic Unify SIP API\Konnetic.Sip\Headers\AcceptEncodingHeaderField.cs:line 133
   at Konnetic.Sip.UnitTests.AcceptEncodingHeaderFieldAdapter.CloneTest() in D:\Business\Development\Konnetic\UnifySipApi\Production\Src\Konnetic Unify SIP API\Konnetic.Sip.UnitTests\HeaderFields\AcceptEncodingHeaderFieldAdapter.cs:line 89
</StackTrace>
        </ErrorInfo>
      </Output>
    </UnitTestResult>
    <UnitTestResult executionId="d83f2c00-6a97-4782-bfdc-4b2c8a994b56" testId="97ab1c4a-2084-b960-c074-b28a3ef278db" testName="CodingParameterTest" computerName="SERVER001" duration="00:00:00.0066155" startTime="2010-01-24T19:15:48.1388482+11:00" endTime="2010-01-24T19:15:48.1478482+11:00" testType="13cdc9d9-ddb5-4fa4-a97d-d965ccfc6d4b" outcome="Failed" testListId="8c84fa94-04c1-424b-9868-57a2d4851a1d">
      <Output>
        <ErrorInfo>
          <Message>Test method Konnetic.Sip.UnitTests.AcceptEncodingHeaderFieldAdapter.CodingParameterTest threw exception:  System.NullReferenceException: Object reference not set to an instance of an object..</Message>
          <StackTrace>    at Konnetic.Sip.Headers.QValueHeaderFieldBase.set_QValue(Single value) in D:\Business\Development\Konnetic\UnifySipApi\Production\Src\Konnetic Unify SIP API\Konnetic.Sip\Headers\BaseHeaderFields\QValueHeaderFieldBase.cs:line 58
   at Konnetic.Sip.Headers.QValueHeaderFieldBase..ctor(Single qValue) in D:\Business\Development\Konnetic\UnifySipApi\Production\Src\Konnetic Unify SIP API\Konnetic.Sip\Headers\BaseHeaderFields\QValueHeaderFieldBase.cs:line 92
   at Konnetic.Sip.Headers.QValueHeaderFieldBase..ctor() in D:\Business\Development\Konnetic\UnifySipApi\Production\Src\Konnetic Unify SIP API\Konnetic.Sip\Headers\BaseHeaderFields\QValueHeaderFieldBase.cs:line 80
   at Konnetic.Sip.Headers.AcceptEncodingHeaderField..ctor() in D:\Business\Development\Konnetic\UnifySipApi\Production\Src\Konnetic Unify SIP API\Konnetic.Sip\Headers\AcceptEncodingHeaderField.cs:line 133
   at Konnetic.Sip.UnitTests.AcceptEncodingHeaderFieldAdapter.CodingThrowsError(String val) in D:\Business\Development\Konnetic\UnifySipApi\Production\Src\Konnetic Unify SIP API\Konnetic.Sip.UnitTests\HeaderFields\AcceptEncodingHeaderFieldAdapter.cs:line 597
   at Konnetic.Sip.UnitTests.AcceptEncodingHeaderFieldAdapter.CodingParameterTest() in D:\Business\Development\Konnetic\UnifySipApi\Production\Src\Konnetic Unify SIP API\Konnetic.Sip.UnitTests\HeaderFields\AcceptEncodingHeaderFieldAdapter.cs:line 121
</StackTrace>
        </ErrorInfo>
      </Output>
    </UnitTestResult>
    <UnitTestResult executionId="546cebcd-6b66-4db1-9be5-36c474b25be2" testId="61e96ee3-7e53-17b4-9cb4-71047009ae46" testName="CodingTest" computerName="SERVER001" duration="00:00:00.0015853" startTime="2010-01-24T19:15:48.1498482+11:00" endTime="2010-01-24T19:15:48.1538482+11:00" testType="13cdc9d9-ddb5-4fa4-a97d-d965ccfc6d4b" outcome="Failed" testListId="8c84fa94-04c1-424b-9868-57a2d4851a1d">
      <Output>
        <ErrorInfo>
          <Message>Test method Konnetic.Sip.UnitTests.AcceptEncodingHeaderFieldAdapter.CodingTest threw exception:  System.NullReferenceException: Object reference not set to an instance of an object..</Message>
          <StackTrace>    at Konnetic.Sip.Headers.QValueHeaderFieldBase.set_QValue(Single value) in D:\Business\Development\Konnetic\UnifySipApi\Production\Src\Konnetic Unify SIP API\Konnetic.Sip\Headers\BaseHeaderFields\QValueHeaderFieldBase.cs:line 58
   at Konnetic.Sip.Headers.QValueHeaderFieldBase..ctor(Single qValue) in D:\Business\Development\Konnetic\UnifySipApi\Production\Src\Konnetic Unify SIP API\Konnetic.Sip\Headers\BaseHeaderFields\QValueHeaderFieldBase.cs:line 92
   at Konnetic.Sip.Headers.QValueHeaderFieldBase..ctor() in D:\Business\Development\Konnetic\UnifySipApi\Production\Src\Konnetic Unify SIP API\Konnetic.Sip\Headers\BaseHeaderFields\QValueHeaderFieldBase.cs:line 80
   at Konnetic.Sip.Headers.AcceptEncodingHeaderField..ctor() in D:\Business\Development\Konnetic\UnifySipApi\Production\Src\Konnetic Unify SIP API\Konnetic.Sip\Headers\AcceptEncodingHeaderField.cs:line 133
   at Konnetic.Sip.UnitTests.AcceptEncodingHeaderFieldAdapter.CodingTest() in D:\Business\Development\Konnetic\UnifySipApi\Production\Src\Konnetic Unify SIP API\Konnetic.Sip.UnitTests\HeaderFields\AcceptEncodingHeaderFieldAdapter.cs:line 175
</StackTrace>
        </ErrorInfo>
      </Output>
    </UnitTestResult>
    <UnitTestResult executionId="5ba8dea4-684b-40b5-8d03-762338a66c5f" testId="0730233c-3ab6-4e70-51d4-140d92aca19d" testName="CodingTest1" computerName="SERVER001" duration="00:00:00.0022600" startTime="2010-01-24T19:15:48.1548482+11:00" endTime="2010-01-24T19:15:48.1598482+11:00" testType="13cdc9d9-ddb5-4fa4-a97d-d965ccfc6d4b" outcome="Failed" testListId="8c84fa94-04c1-424b-9868-57a2d4851a1d">
      <Output>
        <ErrorInfo>
          <Message>Test method Konnetic.Sip.UnitTests.AcceptEncodingHeaderFieldAdapter.CodingTest1 threw exception System.NullReferenceException, but exception System.ArgumentNullException was expected. Exception message:  System.NullReferenceException: Object reference not set to an instance of an object.
</Message>
          <StackTrace>    at Konnetic.Sip.Headers.QValueHeaderFieldBase.set_QValue(Single value) in D:\Business\Development\Konnetic\UnifySipApi\Production\Src\Konnetic Unify SIP API\Konnetic.Sip\Headers\BaseHeaderFields\QValueHeaderFieldBase.cs:line 58
   at Konnetic.Sip.Headers.QValueHeaderFieldBase..ctor(Single qValue) in D:\Business\Development\Konnetic\UnifySipApi\Production\Src\Konnetic Unify SIP API\Konnetic.Sip\Headers\BaseHeaderFields\QValueHeaderFieldBase.cs:line 92
   at Konnetic.Sip.Headers.QValueHeaderFieldBase..ctor() in D:\Business\Development\Konnetic\UnifySipApi\Production\Src\Konnetic Unify SIP API\Konnetic.Sip\Headers\BaseHeaderFields\QValueHeaderFieldBase.cs:line 80
   at Konnetic.Sip.Headers.AcceptEncodingHeaderField..ctor() in D:\Business\Development\Konnetic\UnifySipApi\Production\Src\Konnetic Unify SIP API\Konnetic.Sip\Headers\AcceptEncodingHeaderField.cs:line 133
   at Konnetic.Sip.UnitTests.AcceptEncodingHeaderFieldAdapter.CodingTest1() in D:\Business\Development\Konnetic\UnifySipApi\Production\Src\Konnetic Unify SIP API\Konnetic.Sip.UnitTests\HeaderFields\AcceptEncodingHeaderFieldAdapter.cs:line 192
</StackTrace>
        </ErrorInfo>
      </Output>
    </UnitTestResult>
    <UnitTestResult executionId="9f1caabf-42af-4c14-a4e6-d902234deb00" testId="62504953-1404-9771-1911-59470b0a720a" testName="EqualsTest" computerName="SERVER001" duration="00:00:00.0025698" startTime="2010-01-24T19:15:48.1598482+11:00" endTime="2010-01-24T19:15:48.1648482+11:00" testType="13cdc9d9-ddb5-4fa4-a97d-d965ccfc6d4b" outcome="Failed" testListId="8c84fa94-04c1-424b-9868-57a2d4851a1d">
      <Output>
        <ErrorInfo>
          <Message>Test method Konnetic.Sip.UnitTests.AcceptEncodingHeaderFieldAdapter.EqualsTest threw exception:  System.NullReferenceException: Object reference not set to an instance of an object..</Message>
          <StackTrace>    at Konnetic.Sip.Headers.QValueHeaderFieldBase.set_QValue(Single value) in D:\Business\Development\Konnetic\UnifySipApi\Production\Src\Konnetic Unify SIP API\Konnetic.Sip\Headers\BaseHeaderFields\QValueHeaderFieldBase.cs:line 58
   at Konnetic.Sip.Headers.QValueHeaderFieldBase..ctor(Single qValue) in D:\Business\Development\Konnetic\UnifySipApi\Production\Src\Konnetic Unify SIP API\Konnetic.Sip\Headers\BaseHeaderFields\QValueHeaderFieldBase.cs:line 92
   at Konnetic.Sip.Headers.QValueHeaderFieldBase..ctor() in D:\Business\Development\Konnetic\UnifySipApi\Production\Src\Konnetic Unify SIP API\Konnetic.Sip\Headers\BaseHeaderFields\QValueHeaderFieldBase.cs:line 80
   at Konnetic.Sip.Headers.AcceptEncodingHeaderField..ctor() in D:\Business\Development\Konnetic\UnifySipApi\Production\Src\Konnetic Unify SIP API\Konnetic.Sip\Headers\AcceptEncodingHeaderField.cs:line 133
   at Konnetic.Sip.UnitTests.AcceptEncodingHeaderFieldAdapter.EqualsTest() in D:\Business\Development\Konnetic\UnifySipApi\Production\Src\Konnetic Unify SIP API\Konnetic.Sip.UnitTests\HeaderFields\AcceptEncodingHeaderFieldAdapter.cs:line 206
</StackTrace>
        </ErrorInfo>
      </Output>
    </UnitTestResult>
    <UnitTestResult executionId="f407a3cf-4eb2-4b2a-8606-412016abaebe" testId="2f813705-6cc6-d943-d4d6-7add0ff80f93" testName="EqualsTest1" computerName="SERVER001" duration="00:00:00.0026031" startTime="2010-01-24T19:15:48.1658482+11:00" endTime="2010-01-24T19:15:48.1708482+11:00" testType="13cdc9d9-ddb5-4fa4-a97d-d965ccfc6d4b" outcome="Failed" testListId="8c84fa94-04c1-424b-9868-57a2d4851a1d">
      <Output>
        <ErrorInfo>
          <Message>Test method Konnetic.Sip.UnitTests.AcceptEncodingHeaderFieldAdapter.EqualsTest1 threw exception:  System.NullReferenceException: Object reference not set to an instance of an object..</Message>
          <StackTrace>    at Konnetic.Sip.Headers.QValueHeaderFieldBase.set_QValue(Single value) in D:\Business\Development\Konnetic\UnifySipApi\Production\Src\Konnetic Unify SIP API\Konnetic.Sip\Headers\BaseHeaderFields\QValueHeaderFieldBase.cs:line 58
   at Konnetic.Sip.Headers.QValueHeaderFieldBase..ctor(Single qValue) in D:\Business\Development\Konnetic\UnifySipApi\Production\Src\Konnetic Unify SIP API\Konnetic.Sip\Headers\BaseHeaderFields\QValueHeaderFieldBase.cs:line 92
   at Konnetic.Sip.Headers.QValueHeaderFieldBase..ctor() in D:\Business\Development\Konnetic\UnifySipApi\Production\Src\Konnetic Unify SIP API\Konnetic.Sip\Headers\BaseHeaderFields\QValueHeaderFieldBase.cs:line 80
   at Konnetic.Sip.Headers.AcceptEncodingHeaderField..ctor() in D:\Business\Development\Konnetic\UnifySipApi\Production\Src\Konnetic Unify SIP API\Konnetic.Sip\Headers\AcceptEncodingHeaderField.cs:line 133
   at Konnetic.Sip.UnitTests.AcceptEncodingHeaderFieldAdapter.EqualsTest1() in D:\Business\Development\Konnetic\UnifySipApi\Production\Src\Konnetic Unify SIP API\Konnetic.Sip.UnitTests\HeaderFields\AcceptEncodingHeaderFieldAdapter.cs:line 237
</StackTrace>
        </ErrorInfo>
      </Output>
    </UnitTestResult>
    <UnitTestResult executionId="75a74a5f-a6cf-4496-a8bb-0a05227cb807" testId="f3f97917-e29b-3cb6-e8e9-5220d867f27a" testName="EqualsTest2" computerName="SERVER001" duration="00:00:00.0017079" startTime="2010-01-24T19:15:48.1718482+11:00" endTime="2010-01-24T19:15:48.1758482+11:00" testType="13cdc9d9-ddb5-4fa4-a97d-d965ccfc6d4b" outcome="Failed" testListId="8c84fa94-04c1-424b-9868-57a2d4851a1d">
      <Output>
        <ErrorInfo>
          <Message>Test method Konnetic.Sip.UnitTests.AcceptEncodingHeaderFieldAdapter.EqualsTest2 threw exception:  System.NullReferenceException: Object reference not set to an instance of an object..</Message>
          <StackTrace>    at Konnetic.Sip.Headers.QValueHeaderFieldBase.set_QValue(Single value) in D:\Business\Development\Konnetic\UnifySipApi\Production\Src\Konnetic Unify SIP API\Konnetic.Sip\Headers\BaseHeaderFields\QValueHeaderFieldBase.cs:line 58
   at Konnetic.Sip.Headers.QValueHeaderFieldBase..ctor(Single qValue) in D:\Business\Development\Konnetic\UnifySipApi\Production\Src\Konnetic Unify SIP API\Konnetic.Sip\Headers\BaseHeaderFields\QValueHeaderFieldBase.cs:line 92
   at Konnetic.Sip.Headers.QValueHeaderFieldBase..ctor() in D:\Business\Development\Konnetic\UnifySipApi\Production\Src\Konnetic Unify SIP API\Konnetic.Sip\Headers\BaseHeaderFields\QValueHeaderFieldBase.cs:line 80
   at Konnetic.Sip.Headers.AcceptEncodingHeaderField..ctor() in D:\Business\Development\Konnetic\UnifySipApi\Production\Src\Konnetic Unify SIP API\Konnetic.Sip\Headers\AcceptEncodingHeaderField.cs:line 133
   at Konnetic.Sip.UnitTests.AcceptEncodingHeaderFieldAdapter.EqualsTest2() in D:\Business\Development\Konnetic\UnifySipApi\Production\Src\Konnetic Unify SIP API\Konnetic.Sip.UnitTests\HeaderFields\AcceptEncodingHeaderFieldAdapter.cs:line 287
</StackTrace>
        </ErrorInfo>
      </Output>
    </UnitTestResult>
    <UnitTestResult executionId="8e86bbb5-a314-44df-ae1b-5de2bf5b80e3" testId="eb0692eb-2921-a367-266d-100a0db73e75" testName="GetHashCodeTest" computerName="SERVER001" duration="00:00:00.0025528" startTime="2010-01-24T19:15:48.1768482+11:00" endTime="2010-01-24T19:15:48.1808482+11:00" testType="13cdc9d9-ddb5-4fa4-a97d-d965ccfc6d4b" outcome="Failed" testListId="8c84fa94-04c1-424b-9868-57a2d4851a1d">
      <Output>
        <ErrorInfo>
          <Message>Test method Konnetic.Sip.UnitTests.AcceptEncodingHeaderFieldAdapter.GetHashCodeTest threw exception:  System.NullReferenceException: Object reference not set to an instance of an object..</Message>
          <StackTrace>    at Konnetic.Sip.Headers.QValueHeaderFieldBase.set_QValue(Single value) in D:\Business\Development\Konnetic\UnifySipApi\Production\Src\Konnetic Unify SIP API\Konnetic.Sip\Headers\BaseHeaderFields\QValueHeaderFieldBase.cs:line 58
   at Konnetic.Sip.Headers.QValueHeaderFieldBase..ctor(Single qValue) in D:\Business\Development\Konnetic\UnifySipApi\Production\Src\Konnetic Unify SIP API\Konnetic.Sip\Headers\BaseHeaderFields\QValueHeaderFieldBase.cs:line 92
   at Konnetic.Sip.Headers.QValueHeaderFieldBase..ctor() in D:\Business\Development\Konnetic\UnifySipApi\Production\Src\Konnetic Unify SIP API\Konnetic.Sip\Headers\BaseHeaderFields\QValueHeaderFieldBase.cs:line 80
   at Konnetic.Sip.Headers.AcceptEncodingHeaderField..ctor() in D:\Business\Development\Konnetic\UnifySipApi\Production\Src\Konnetic Unify SIP API\Konnetic.Sip\Headers\AcceptEncodingHeaderField.cs:line 133
   at Konnetic.Sip.UnitTests.AcceptEncodingHeaderFieldAdapter.GetHashCodeTest() in D:\Business\Development\Konnetic\UnifySipApi\Production\Src\Konnetic Unify SIP API\Konnetic.Sip.UnitTests\HeaderFields\AcceptEncodingHeaderFieldAdapter.cs:line 129
</StackTrace>
        </ErrorInfo>
      </Output>
    </UnitTestResult>
    <UnitTestResult executionId="ff04b009-cfb4-4ee8-8bde-b6e643b1bb48" testId="a027c581-e82b-bbb6-54e1-9a6b391ce061" testName="GetStringValueTest" computerName="SERVER001" duration="00:00:00.0022674" startTime="2010-01-24T19:15:48.1818482+11:00" endTime="2010-01-24T19:15:48.1868482+11:00" testType="13cdc9d9-ddb5-4fa4-a97d-d965ccfc6d4b" outcome="Failed" testListId="8c84fa94-04c1-424b-9868-57a2d4851a1d">
      <Output>
        <ErrorInfo>
          <Message>Test method Konnetic.Sip.UnitTests.AcceptEncodingHeaderFieldAdapter.GetStringValueTest threw exception:  System.NullReferenceException: Object reference not set to an instance of an object..</Message>
          <StackTrace>    at Konnetic.Sip.Headers.QValueHeaderFieldBase.set_QValue(Single value) in D:\Business\Development\Konnetic\UnifySipApi\Production\Src\Konnetic Unify SIP API\Konnetic.Sip\Headers\BaseHeaderFields\QValueHeaderFieldBase.cs:line 58
   at Konnetic.Sip.Headers.QValueHeaderFieldBase..ctor(Single qValue) in D:\Business\Development\Konnetic\UnifySipApi\Production\Src\Konnetic Unify SIP API\Konnetic.Sip\Headers\BaseHeaderFields\QValueHeaderFieldBase.cs:line 92
   at Konnetic.Sip.Headers.QValueHeaderFieldBase..ctor() in D:\Business\Development\Konnetic\UnifySipApi\Production\Src\Konnetic Unify SIP API\Konnetic.Sip\Headers\BaseHeaderFields\QValueHeaderFieldBase.cs:line 80
   at Konnetic.Sip.Headers.AcceptEncodingHeaderField..ctor() in D:\Business\Development\Konnetic\UnifySipApi\Production\Src\Konnetic Unify SIP API\Konnetic.Sip\Headers\AcceptEncodingHeaderField.cs:line 133
   at Konnetic.Sip.UnitTests.AcceptEncodingHeaderFieldAdapter.GetStringValueTest() in D:\Business\Development\Konnetic\UnifySipApi\Production\Src\Konnetic Unify SIP API\Konnetic.Sip.UnitTests\HeaderFields\AcceptEncodingHeaderFieldAdapter.cs:line 533
</StackTrace>
        </ErrorInfo>
      </Output>
    </UnitTestResult>
    <UnitTestResult executionId="3553d632-28e5-4856-ba11-b3d498fdd0a6" testId="0958c599-599c-3e21-b6b6-43f0864edf8e" testName="IsValidTest" computerName="SERVER001" duration="00:00:00.0021356" startTime="2010-01-24T19:15:48.1868482+11:00" endTime="2010-01-24T19:15:48.1918482+11:00" testType="13cdc9d9-ddb5-4fa4-a97d-d965ccfc6d4b" outcome="Failed" testListId="8c84fa94-04c1-424b-9868-57a2d4851a1d">
      <Output>
        <ErrorInfo>
          <Message>Test method Konnetic.Sip.UnitTests.AcceptEncodingHeaderFieldAdapter.IsValidTest threw exception:  System.NullReferenceException: Object reference not set to an instance of an object..</Message>
          <StackTrace>    at Konnetic.Sip.Headers.QValueHeaderFieldBase.set_QValue(Single value) in D:\Business\Development\Konnetic\UnifySipApi\Production\Src\Konnetic Unify SIP API\Konnetic.Sip\Headers\BaseHeaderFields\QValueHeaderFieldBase.cs:line 58
   at Konnetic.Sip.Headers.QValueHeaderFieldBase..ctor(Single qValue) in D:\Business\Development\Konnetic\UnifySipApi\Production\Src\Konnetic Unify SIP API\Konnetic.Sip\Headers\BaseHeaderFields\QValueHeaderFieldBase.cs:line 92
   at Konnetic.Sip.Headers.QValueHeaderFieldBase..ctor() in D:\Business\Development\Konnetic\UnifySipApi\Production\Src\Konnetic Unify SIP API\Konnetic.Sip\Headers\BaseHeaderFields\QValueHeaderFieldBase.cs:line 80
   at Konnetic.Sip.Headers.AcceptEncodingHeaderField..ctor() in D:\Business\Development\Konnetic\UnifySipApi\Production\Src\Konnetic Unify SIP API\Konnetic.Sip\Headers\AcceptEncodingHeaderField.cs:line 133
   at Konnetic.Sip.UnitTests.AcceptEncodingHeaderFieldAdapter.IsValidTest() in D:\Business\Development\Konnetic\UnifySipApi\Production\Src\Konnetic Unify SIP API\Konnetic.Sip.UnitTests\HeaderFields\AcceptEncodingHeaderFieldAdapter.cs:line 311
</StackTrace>
        </ErrorInfo>
      </Output>
    </UnitTestResult>
    <UnitTestResult executionId="367ef95b-7fe8-4017-be19-d695f8e2d9e5" testId="3a79eed3-3697-fa7b-2d47-8f88dea592eb" testName="op_ExplicitTest" computerName="SERVER001" duration="00:00:00.0017417" startTime="2010-01-24T19:15:48.1918482+11:00" endTime="2010-01-24T19:15:48.1968482+11:00" testType="13cdc9d9-ddb5-4fa4-a97d-d965ccfc6d4b" outcome="Failed" testListId="8c84fa94-04c1-424b-9868-57a2d4851a1d">
      <Output>
        <ErrorInfo>
          <Message>Test method Konnetic.Sip.UnitTests.AcceptEncodingHeaderFieldAdapter.op_ExplicitTest threw exception:  System.NullReferenceException: Object reference not set to an instance of an object..</Message>
          <StackTrace>    at Konnetic.Sip.Headers.QValueHeaderFieldBase.set_QValue(Single value) in D:\Business\Development\Konnetic\UnifySipApi\Production\Src\Konnetic Unify SIP API\Konnetic.Sip\Headers\BaseHeaderFields\QValueHeaderFieldBase.cs:line 58
   at Konnetic.Sip.Headers.QValueHeaderFieldBase..ctor(Single qValue) in D:\Business\Development\Konnetic\UnifySipApi\Production\Src\Konnetic Unify SIP API\Konnetic.Sip\Headers\BaseHeaderFields\QValueHeaderFieldBase.cs:line 92
   at Konnetic.Sip.Headers.QValueHeaderFieldBase..ctor() in D:\Business\Development\Konnetic\UnifySipApi\Production\Src\Konnetic Unify SIP API\Konnetic.Sip\Headers\BaseHeaderFields\QValueHeaderFieldBase.cs:line 80
   at Konnetic.Sip.Headers.AcceptEncodingHeaderField..ctor() in D:\Business\Development\Konnetic\UnifySipApi\Production\Src\Konnetic Unify SIP API\Konnetic.Sip\Headers\AcceptEncodingHeaderField.cs:line 133
   at Konnetic.Sip.UnitTests.AcceptEncodingHeaderFieldAdapter.op_ExplicitTest() in D:\Business\Development\Konnetic\UnifySipApi\Production\Src\Konnetic Unify SIP API\Konnetic.Sip.UnitTests\HeaderFields\AcceptEncodingHeaderFieldAdapter.cs:line 561
</StackTrace>
        </ErrorInfo>
      </Output>
    </UnitTestResult>
    <UnitTestResult executionId="b8b82eb6-3265-4608-a787-f9975397d6d6" testId="d2eed7c7-7e00-b0ee-63f8-16c03900c516" testName="op_ImplicitTest" computerName="SERVER001" duration="00:00:00.0019031" startTime="2010-01-24T19:15:48.1978482+11:00" endTime="2010-01-24T19:15:48.2018482+11:00" testType="13cdc9d9-ddb5-4fa4-a97d-d965ccfc6d4b" outcome="Failed" testListId="8c84fa94-04c1-424b-9868-57a2d4851a1d">
      <Output>
        <ErrorInfo>
          <Message>Test method Konnetic.Sip.UnitTests.AcceptEncodingHeaderFieldAdapter.op_ImplicitTest threw exception:  System.NullReferenceException: Object reference not set to an instance of an object..</Message>
          <StackTrace>    at Konnetic.Sip.Headers.QValueHeaderFieldBase.set_QValue(Single value) in D:\Business\Development\Konnetic\UnifySipApi\Production\Src\Konnetic Unify SIP API\Konnetic.Sip\Headers\BaseHeaderFields\QValueHeaderFieldBase.cs:line 58
   at Konnetic.Sip.Headers.QValueHeaderFieldBase..ctor(Single qValue) in D:\Business\Development\Konnetic\UnifySipApi\Production\Src\Konnetic Unify SIP API\Konnetic.Sip\Headers\BaseHeaderFields\QValueHeaderFieldBase.cs:line 92
   at Konnetic.Sip.Headers.QValueHeaderFieldBase..ctor() in D:\Business\Development\Konnetic\UnifySipApi\Production\Src\Konnetic Unify SIP API\Konnetic.Sip\Headers\BaseHeaderFields\QValueHeaderFieldBase.cs:line 80
   at Konnetic.Sip.Headers.AcceptEncodingHeaderField..ctor() in D:\Business\Development\Konnetic\UnifySipApi\Production\Src\Konnetic Unify SIP API\Konnetic.Sip\Headers\AcceptEncodingHeaderField.cs:line 133
   at Konnetic.Sip.UnitTests.AcceptEncodingHeaderFieldAdapter.op_ImplicitTest() in D:\Business\Development\Konnetic\UnifySipApi\Production\Src\Konnetic Unify SIP API\Konnetic.Sip.UnitTests\HeaderFields\AcceptEncodingHeaderFieldAdapter.cs:line 580
</StackTrace>
        </ErrorInfo>
      </Output>
    </UnitTestResult>
    <UnitTestResult executionId="6e35c71f-ad0c-4af5-8899-689fa4eb25ca" testId="fcb7e33d-99d7-3026-ac95-76b3f26ee440" testName="ParseTest" computerName="SERVER001" duration="00:00:00.0035476" startTime="2010-01-24T19:15:48.2028482+11:00" endTime="2010-01-24T19:15:48.2088482+11:00" testType="13cdc9d9-ddb5-4fa4-a97d-d965ccfc6d4b" outcome="Failed" testListId="8c84fa94-04c1-424b-9868-57a2d4851a1d">
      <Output>
        <ErrorInfo>
          <Message>Test method Konnetic.Sip.UnitTests.AcceptEncodingHeaderFieldAdapter.ParseTest threw exception:  System.NullReferenceException: Object reference not set to an instance of an object..</Message>
          <StackTrace>    at Konnetic.Sip.Headers.QValueHeaderFieldBase.set_QValue(Single value) in D:\Business\Development\Konnetic\UnifySipApi\Production\Src\Konnetic Unify SIP API\Konnetic.Sip\Headers\BaseHeaderFields\QValueHeaderFieldBase.cs:line 58
   at Konnetic.Sip.Headers.QValueHeaderFieldBase..ctor(Single qValue) in D:\Business\Development\Konnetic\UnifySipApi\Production\Src\Konnetic Unify SIP API\Konnetic.Sip\Headers\BaseHeaderFields\QValueHeaderFieldBase.cs:line 92
   at Konnetic.Sip.Headers.QValueHeaderFieldBase..ctor() in D:\Business\Development\Konnetic\UnifySipApi\Production\Src\Konnetic Unify SIP API\Konnetic.Sip\Headers\BaseHeaderFields\QValueHeaderFieldBase.cs:line 80
   at Konnetic.Sip.Headers.AcceptEncodingHeaderField..ctor() in D:\Business\Development\Konnetic\UnifySipApi\Production\Src\Konnetic Unify SIP API\Konnetic.Sip\Headers\AcceptEncodingHeaderField.cs:line 133
   at Konnetic.Sip.UnitTests.AcceptEncodingHeaderFieldAdapter.ParseTest() in D:\Business\Development\Konnetic\UnifySipApi\Production\Src\Konnetic Unify SIP API\Konnetic.Sip.UnitTests\HeaderFields\AcceptEncodingHeaderFieldAdapter.cs:line 362
</StackTrace>
        </ErrorInfo>
      </Output>
    </UnitTestResult>
    <UnitTestResult executionId="458864fa-6543-435b-a340-1e7d58675522" testId="138ffba3-fe99-228e-da98-0489deb88867" testName="ParseTest1" computerName="SERVER001" duration="00:00:00.0016358" startTime="2010-01-24T19:15:48.2098482+11:00" endTime="2010-01-24T19:15:48.2138482+11:00" testType="13cdc9d9-ddb5-4fa4-a97d-d965ccfc6d4b" outcome="Failed" testListId="8c84fa94-04c1-424b-9868-57a2d4851a1d">
      <Output>
        <ErrorInfo>
          <Message>Test method Konnetic.Sip.UnitTests.AcceptEncodingHeaderFieldAdapter.ParseTest1 threw exception System.NullReferenceException, but exception Konnetic.Sip.SipParseException was expected. Exception message:  System.NullReferenceException: Object reference not set to an instance of an object.
</Message>
          <StackTrace>    at Konnetic.Sip.Headers.QValueHeaderFieldBase.set_QValue(Single value) in D:\Business\Development\Konnetic\UnifySipApi\Production\Src\Konnetic Unify SIP API\Konnetic.Sip\Headers\BaseHeaderFields\QValueHeaderFieldBase.cs:line 58
   at Konnetic.Sip.Headers.QValueHeaderFieldBase..ctor(Single qValue) in D:\Business\Development\Konnetic\UnifySipApi\Production\Src\Konnetic Unify SIP API\Konnetic.Sip\Headers\BaseHeaderFields\QValueHeaderFieldBase.cs:line 92
   at Konnetic.Sip.Headers.QValueHeaderFieldBase..ctor() in D:\Business\Development\Konnetic\UnifySipApi\Production\Src\Konnetic Unify SIP API\Konnetic.Sip\Headers\BaseHeaderFields\QValueHeaderFieldBase.cs:line 80
   at Konnetic.Sip.Headers.AcceptEncodingHeaderField..ctor() in D:\Business\Development\Konnetic\UnifySipApi\Production\Src\Konnetic Unify SIP API\Konnetic.Sip\Headers\AcceptEncodingHeaderField.cs:line 133
   at Konnetic.Sip.UnitTests.AcceptEncodingHeaderFieldAdapter.ParseTest1() in D:\Business\Development\Konnetic\UnifySipApi\Production\Src\Konnetic Unify SIP API\Konnetic.Sip.UnitTests\HeaderFields\AcceptEncodingHeaderFieldAdapter.cs:line 432
</StackTrace>
        </ErrorInfo>
      </Output>
    </UnitTestResult>
    <UnitTestResult executionId="10268483-7650-4eb2-97dc-81bdda056b4b" testId="ee0362fc-282e-fa5a-6102-3f3c77a77002" testName="QValueTest" computerName="SERVER001" duration="00:00:00.0018503" startTime="2010-01-24T19:15:48.2148482+11:00" endTime="2010-01-24T19:15:48.2188482+11:00" testType="13cdc9d9-ddb5-4fa4-a97d-d965ccfc6d4b" outcome="Failed" testListId="8c84fa94-04c1-424b-9868-57a2d4851a1d">
      <Output>
        <ErrorInfo>
          <Message>Test method Konnetic.Sip.UnitTests.AcceptEncodingHeaderFieldAdapter.QValueTest threw exception:  System.NullReferenceException: Object reference not set to an instance of an object..</Message>
          <StackTrace>    at Konnetic.Sip.Headers.QValueHeaderFieldBase.set_QValue(Single value) in D:\Business\Development\Konnetic\UnifySipApi\Production\Src\Konnetic Unify SIP API\Konnetic.Sip\Headers\BaseHeaderFields\QValueHeaderFieldBase.cs:line 58
   at Konnetic.Sip.Headers.QValueHeaderFieldBase..ctor(Single qValue) in D:\Business\Development\Konnetic\UnifySipApi\Production\Src\Konnetic Unify SIP API\Konnetic.Sip\Headers\BaseHeaderFields\QValueHeaderFieldBase.cs:line 92
   at Konnetic.Sip.Headers.QValueHeaderFieldBase..ctor() in D:\Business\Development\Konnetic\UnifySipApi\Production\Src\Konnetic Unify SIP API\Konnetic.Sip\Headers\BaseHeaderFields\QValueHeaderFieldBase.cs:line 80
   at Konnetic.Sip.Headers.AcceptEncodingHeaderField..ctor() in D:\Business\Development\Konnetic\UnifySipApi\Production\Src\Konnetic Unify SIP API\Konnetic.Sip\Headers\AcceptEncodingHeaderField.cs:line 133
   at Konnetic.Sip.UnitTests.AcceptEncodingHeaderFieldAdapter.QValueTest() in D:\Business\Development\Konnetic\UnifySipApi\Production\Src\Konnetic Unify SIP API\Konnetic.Sip.UnitTests\HeaderFields\AcceptEncodingHeaderFieldAdapter.cs:line 491
</StackTrace>
        </ErrorInfo>
      </Output>
    </UnitTestResult>
    <UnitTestResult executionId="1e9d0a82-d81c-4ffd-8bf4-f1f5c29105df" testId="3614ac7c-af59-a39c-a026-949f6a122f19" testName="QValueTest2" computerName="SERVER001" duration="00:00:00.0014752" startTime="2010-01-24T19:15:48.2188482+11:00" endTime="2010-01-24T19:15:48.2238482+11:00" testType="13cdc9d9-ddb5-4fa4-a97d-d965ccfc6d4b" outcome="Failed" testListId="8c84fa94-04c1-424b-9868-57a2d4851a1d">
      <Output>
        <ErrorInfo>
          <Message>Test method Konnetic.Sip.UnitTests.AcceptEncodingHeaderFieldAdapter.QValueTest2 threw exception System.NullReferenceException, but exception Konnetic.Sip.SipOutOfRangeException was expected. Exception message:  System.NullReferenceException: Object reference not set to an instance of an object.
</Message>
          <StackTrace>    at Konnetic.Sip.Headers.QValueHeaderFieldBase.set_QValue(Single value) in D:\Business\Development\Konnetic\UnifySipApi\Production\Src\Konnetic Unify SIP API\Konnetic.Sip\Headers\BaseHeaderFields\QValueHeaderFieldBase.cs:line 58
   at Konnetic.Sip.Headers.QValueHeaderFieldBase..ctor(Single qValue) in D:\Business\Development\Konnetic\UnifySipApi\Production\Src\Konnetic Unify SIP API\Konnetic.Sip\Headers\BaseHeaderFields\QValueHeaderFieldBase.cs:line 92
   at Konnetic.Sip.Headers.QValueHeaderFieldBase..ctor() in D:\Business\Development\Konnetic\UnifySipApi\Production\Src\Konnetic Unify SIP API\Konnetic.Sip\Headers\BaseHeaderFields\QValueHeaderFieldBase.cs:line 80
   at Konnetic.Sip.Headers.AcceptEncodingHeaderField..ctor() in D:\Business\Development\Konnetic\UnifySipApi\Production\Src\Konnetic Unify SIP API\Konnetic.Sip\Headers\AcceptEncodingHeaderField.cs:line 133
   at Konnetic.Sip.UnitTests.AcceptEncodingHeaderFieldAdapter.QValueTest2() in D:\Business\Development\Konnetic\UnifySipApi\Production\Src\Konnetic Unify SIP API\Konnetic.Sip.UnitTests\HeaderFields\AcceptEncodingHeaderFieldAdapter.cs:line 508
</StackTrace>
        </ErrorInfo>
      </Output>
    </UnitTestResult>
    <UnitTestResult executionId="96473af8-ffde-4730-b429-9e0f2d87e66d" testId="990de1ba-a4fb-3a66-71c3-0d5bfb2adb0e" testName="AcceptHeaderFieldConstructorTest" computerName="SERVER001" duration="00:00:00.0098020" startTime="2010-01-24T19:15:48.2238482+11:00" endTime="2010-01-24T19:15:48.2378482+11:00" testType="13cdc9d9-ddb5-4fa4-a97d-d965ccfc6d4b" outcome="Passed" testListId="8c84fa94-04c1-424b-9868-57a2d4851a1d">
      <Output>
      </Output>
    </UnitTestResult>
    <UnitTestResult executionId="d81df304-384d-4f28-8971-3633490759a1" testId="efdd8514-8315-9f55-46d1-49cf235ec2a3" testName="AcceptHeaderFieldConstructorTest1" computerName="SERVER001" duration="00:00:00.0007854" startTime="2010-01-24T19:15:48.2388482+11:00" endTime="2010-01-24T19:15:48.2418482+11:00" testType="13cdc9d9-ddb5-4fa4-a97d-d965ccfc6d4b" outcome="Passed" testListId="8c84fa94-04c1-424b-9868-57a2d4851a1d">
      <Output>
      </Output>
    </UnitTestResult>
    <UnitTestResult executionId="5335bc00-ee04-413d-a076-b20dc8f91d04" testId="4e51d85c-ed8b-cf02-76b9-fdf4cc556257" testName="AcceptHeaderFieldConstructorTest2" computerName="SERVER001" duration="00:00:00.0036718" startTime="2010-01-24T19:15:48.2428482+11:00" endTime="2010-01-24T19:15:48.2488482+11:00" testType="13cdc9d9-ddb5-4fa4-a97d-d965ccfc6d4b" outcome="Failed" testListId="8c84fa94-04c1-424b-9868-57a2d4851a1d">
      <Output>
        <ErrorInfo>
          <Message>Test method Konnetic.Sip.UnitTests.AcceptHeaderFieldAdapter.AcceptHeaderFieldConstructorTest2 threw exception:  System.NullReferenceException: Object reference not set to an instance of an object..</Message>
          <StackTrace>    at Konnetic.Sip.Headers.ParamatizedHeaderFieldBase.get_HasParameters() in D:\Business\Development\Konnetic\UnifySipApi\Production\Src\Konnetic Unify SIP API\Konnetic.Sip\Headers\BaseHeaderFields\ParamatizedHeaderFieldBase.cs:line 43
   at Konnetic.Sip.UnitTests.AcceptHeaderFieldAdapter.AcceptHeaderFieldConstructorTest2() in D:\Business\Development\Konnetic\UnifySipApi\Production\Src\Konnetic Unify SIP API\Konnetic.Sip.UnitTests\HeaderFields\AcceptHeaderFieldAdapter.cs:line 97
</StackTrace>
        </ErrorInfo>
      </Output>
    </UnitTestResult>
    <UnitTestResult executionId="5adb22d4-7de2-4512-ab76-2fe5e672a209" testId="fd89da1b-fb70-5efb-43f7-a477eb836d33" testName="AcceptHeaderFieldConstructorTest3" computerName="SERVER001" duration="00:00:00.0008945" startTime="2010-01-24T19:15:48.2498482+11:00" endTime="2010-01-24T19:15:48.2528482+11:00" testType="13cdc9d9-ddb5-4fa4-a97d-d965ccfc6d4b" outcome="Passed" testListId="8c84fa94-04c1-424b-9868-57a2d4851a1d">
      <Output>
      </Output>
    </UnitTestResult>
    <UnitTestResult executionId="93515dcd-de1f-4e42-9887-14fed87ce7e6" testId="810bf624-e530-3e28-8468-8b2daae6f8e8" testName="CloneTest" computerName="SERVER001" duration="00:00:00.0027762" startTime="2010-01-24T19:15:48.2538482+11:00" endTime="2010-01-24T19:15:48.2588482+11:00" testType="13cdc9d9-ddb5-4fa4-a97d-d965ccfc6d4b" outcome="Failed" testListId="8c84fa94-04c1-424b-9868-57a2d4851a1d">
      <Output>
        <ErrorInfo>
          <Message>Test method Konnetic.Sip.UnitTests.AcceptHeaderFieldAdapter.CloneTest threw exception:  System.NullReferenceException: Object reference not set to an instance of an object..</Message>
          <StackTrace>    at Konnetic.Sip.Headers.AcceptHeaderField.Clone() in D:\Business\Development\Konnetic\UnifySipApi\Production\Src\Konnetic Unify SIP API\Konnetic.Sip\Headers\AcceptHeaderField.cs:line 262
   at Konnetic.Sip.UnitTests.AcceptHeaderFieldAdapter.CloneTest() in D:\Business\Development\Konnetic\UnifySipApi\Production\Src\Konnetic Unify SIP API\Konnetic.Sip.UnitTests\HeaderFields\AcceptHeaderFieldAdapter.cs:line 127
</StackTrace>
        </ErrorInfo>
      </Output>
    </UnitTestResult>
    <UnitTestResult executionId="cec96575-6dbe-465b-8aee-6ffde67e6a06" testId="8fb579b8-efaa-d05c-afc3-f18b4af8b156" testName="ConstructorTest3" computerName="SERVER001" duration="00:00:00.0014788" startTime="2010-01-24T19:15:48.2598482+11:00" endTime="2010-01-24T19:15:48.2638482+11:00" testType="13cdc9d9-ddb5-4fa4-a97d-d965ccfc6d4b" outcome="Passed" testListId="8c84fa94-04c1-424b-9868-57a2d4851a1d">
      <Output>
      </Output>
    </UnitTestResult>
    <UnitTestResult executionId="411ca309-034e-4476-9435-9d3ddba8e424" testId="df3c7fef-99e8-d10b-56df-8382448aa5f2" testName="ConstructorTest4" computerName="SERVER001" duration="00:00:00.0008637" startTime="2010-01-24T19:15:48.2638482+11:00" endTime="2010-01-24T19:15:48.2678482+11:00" testType="13cdc9d9-ddb5-4fa4-a97d-d965ccfc6d4b" outcome="Passed" testListId="8c84fa94-04c1-424b-9868-57a2d4851a1d">
      <Output>
      </Output>
    </UnitTestResult>
    <UnitTestResult executionId="165f4e16-4916-4b74-9fa4-4115da325f9a" testId="df651a68-f07b-03ab-e9ed-0d4c997059b3" testName="EqualsTest" computerName="SERVER001" duration="00:00:00.0099384" startTime="2010-01-24T19:15:48.2678482+11:00" endTime="2010-01-24T19:15:48.2808482+11:00" testType="13cdc9d9-ddb5-4fa4-a97d-d965ccfc6d4b" outcome="Passed" testListId="8c84fa94-04c1-424b-9868-57a2d4851a1d">
      <Output>
      </Output>
    </UnitTestResult>
    <UnitTestResult executionId="09878c1a-68c3-4c82-84d9-5ff194bc7a57" testId="87947e3f-db3d-b7e4-bc06-73a007360519" testName="EqualsTest1" computerName="SERVER001" duration="00:00:00.0008655" startTime="2010-01-24T19:15:48.2808482+11:00" endTime="2010-01-24T19:15:48.2838482+11:00" testType="13cdc9d9-ddb5-4fa4-a97d-d965ccfc6d4b" outcome="Passed" testListId="8c84fa94-04c1-424b-9868-57a2d4851a1d">
      <Output>
      </Output>
    </UnitTestResult>
    <UnitTestResult executionId="d965cec2-fdee-4263-9e0a-95f57d6d38dc" testId="529a404d-64fa-62e8-a3f3-c53fb0527ab9" testName="EqualsTest2" computerName="SERVER001" duration="00:00:00.0032169" startTime="2010-01-24T19:15:48.2848482+11:00" endTime="2010-01-24T19:15:48.2898482+11:00" testType="13cdc9d9-ddb5-4fa4-a97d-d965ccfc6d4b" outcome="Failed" testListId="8c84fa94-04c1-424b-9868-57a2d4851a1d">
      <Output>
        <ErrorInfo>
          <Message>Test method Konnetic.Sip.UnitTests.AcceptHeaderFieldAdapter.EqualsTest2 threw exception:  System.NullReferenceException: Object reference not set to an instance of an object..</Message>
          <StackTrace>    at Konnetic.Sip.Headers.AcceptHeaderField.set_QValue(Single value) in D:\Business\Development\Konnetic\UnifySipApi\Production\Src\Konnetic Unify SIP API\Konnetic.Sip\Headers\AcceptHeaderField.cs:line 158
   at Konnetic.Sip.UnitTests.AcceptHeaderFieldAdapter.EqualsTest2() in D:\Business\Development\Konnetic\UnifySipApi\Production\Src\Konnetic Unify SIP API\Konnetic.Sip.UnitTests\HeaderFields\AcceptHeaderFieldAdapter.cs:line 259
</StackTrace>
        </ErrorInfo>
      </Output>
    </UnitTestResult>
    <UnitTestResult executionId="40696761-93a4-4d49-a33d-21370db5c50a" testId="9e370050-a802-1c07-bd7d-98f078fb21c2" testName="GetStringValueTest" computerName="SERVER001" duration="00:00:00.0122449" startTime="2010-01-24T19:15:48.2908482+11:00" endTime="2010-01-24T19:15:48.3058482+11:00" testType="13cdc9d9-ddb5-4fa4-a97d-d965ccfc6d4b" outcome="Passed" testListId="8c84fa94-04c1-424b-9868-57a2d4851a1d">
      <Output>
      </Output>
    </UnitTestResult>
    <UnitTestResult executionId="29afdc7b-ae6b-485c-9b90-e0a698ad91f8" testId="91937611-da57-e424-d474-c61a087d7e8c" testName="IsValidTest" computerName="SERVER001" duration="00:00:00.0033158" startTime="2010-01-24T19:15:48.3098482+11:00" endTime="2010-01-24T19:15:48.3158482+11:00" testType="13cdc9d9-ddb5-4fa4-a97d-d965ccfc6d4b" outcome="Failed" testListId="8c84fa94-04c1-424b-9868-57a2d4851a1d">
      <Output>
        <ErrorInfo>
          <Message>Test method Konnetic.Sip.UnitTests.AcceptHeaderFieldAdapter.IsValidTest threw exception:  System.NullReferenceException: Object reference not set to an instance of an object..</Message>
          <StackTrace>    at Konnetic.Sip.Headers.ParamatizedHeaderFieldBase.get_HasParameters() in D:\Business\Development\Konnetic\UnifySipApi\Production\Src\Konnetic Unify SIP API\Konnetic.Sip\Headers\BaseHeaderFields\ParamatizedHeaderFieldBase.cs:line 43
   at Konnetic.Sip.Headers.ParamatizedHeaderFieldBase.IsValid() in D:\Business\Development\Konnetic\UnifySipApi\Production\Src\Konnetic Unify SIP API\Konnetic.Sip\Headers\BaseHeaderFields\ParamatizedHeaderFieldBase.cs:line 202
   at Konnetic.Sip.Headers.MediaTypeHeaderFieldBase.IsValid() in D:\Business\Development\Konnetic\UnifySipApi\Production\Src\Konnetic Unify SIP API\Konnetic.Sip\Headers\BaseHeaderFields\MediaTypeHeaderFieldBase.cs:line 275
   at Konnetic.Sip.UnitTests.AcceptHeaderFieldAdapter.IsValidTest() in D:\Business\Development\Konnetic\UnifySipApi\Production\Src\Konnetic Unify SIP API\Konnetic.Sip.UnitTests\HeaderFields\AcceptHeaderFieldAdapter.cs:line 291
</StackTrace>
        </ErrorInfo>
      </Output>
    </UnitTestResult>
    <UnitTestResult executionId="859f7cba-eb02-4411-bd14-2e20edb67612" testId="975f16c2-108e-7509-2def-7a29e1cfb65b" testName="MediaSubTypeParameterTest" computerName="SERVER001" duration="00:00:00.0013111" startTime="2010-01-24T19:15:48.3168482+11:00" endTime="2010-01-24T19:15:48.3208482+11:00" testType="13cdc9d9-ddb5-4fa4-a97d-d965ccfc6d4b" outcome="Passed" testListId="8c84fa94-04c1-424b-9868-57a2d4851a1d">
      <Output>
      </Output>
    </UnitTestResult>
    <UnitTestResult executionId="c2b5cd24-a2b0-4a21-9564-2b925a163320" testId="d4751220-aeb8-3539-2ff0-a864cf29f176" testName="MediaSubTypeTest" computerName="SERVER001" duration="00:00:00.0008533" startTime="2010-01-24T19:15:48.3218482+11:00" endTime="2010-01-24T19:15:48.3248482+11:00" testType="13cdc9d9-ddb5-4fa4-a97d-d965ccfc6d4b" outcome="Passed" testListId="8c84fa94-04c1-424b-9868-57a2d4851a1d">
      <Output>
      </Output>
    </UnitTestResult>
    <UnitTestResult executionId="973c12cb-3c77-43c1-b0ea-8487d765f68c" testId="0fc37452-6dc5-7d14-c450-ba88f1f37aaa" testName="MediaSubTypeTest1" computerName="SERVER001" duration="00:00:00.0008055" startTime="2010-01-24T19:15:48.3258482+11:00" endTime="2010-01-24T19:15:48.3278482+11:00" testType="13cdc9d9-ddb5-4fa4-a97d-d965ccfc6d4b" outcome="Passed" testListId="8c84fa94-04c1-424b-9868-57a2d4851a1d">
      <Output>
      </Output>
    </UnitTestResult>
    <UnitTestResult executionId="9e489b6f-feba-45a5-92bf-8cd77a3413ed" testId="0e22fcd8-674f-1a52-081a-be3026bc7fe6" testName="MediaTypeParameterTest" computerName="SERVER001" duration="00:00:00.0011537" startTime="2010-01-24T19:15:48.3288482+11:00" endTime="2010-01-24T19:15:48.3328482+11:00" testType="13cdc9d9-ddb5-4fa4-a97d-d965ccfc6d4b" outcome="Passed" testListId="8c84fa94-04c1-424b-9868-57a2d4851a1d">
      <Output>
      </Output>
    </UnitTestResult>
    <UnitTestResult executionId="0c955a0e-bc05-4d62-9cc7-3d4fdc89d909" testId="d1061e5a-f0f3-25c4-76c8-760798af3da9" testName="MediaTypeTest" computerName="SERVER001" duration="00:00:00.0016168" startTime="2010-01-24T19:15:48.3328482+11:00" endTime="2010-01-24T19:15:48.3378482+11:00" testType="13cdc9d9-ddb5-4fa4-a97d-d965ccfc6d4b" outcome="Passed" testListId="8c84fa94-04c1-424b-9868-57a2d4851a1d">
      <Output>
      </Output>
    </UnitTestResult>
    <UnitTestResult executionId="3a615477-f774-4a6b-a6db-107be86d5b05" testId="c4c73490-12c1-4a02-6b66-d9c611c1cef5" testName="MediaTypeTest1" computerName="SERVER001" duration="00:00:00.0010314" startTime="2010-01-24T19:15:48.3378482+11:00" endTime="2010-01-24T19:15:48.3418482+11:00" testType="13cdc9d9-ddb5-4fa4-a97d-d965ccfc6d4b" outcome="Passed" testListId="8c84fa94-04c1-424b-9868-57a2d4851a1d">
      <Output>
      </Output>
    </UnitTestResult>
    <UnitTestResult executionId="f1fda21f-580f-46cb-8647-6c517080a013" testId="6cba244c-4e00-c2a3-1253-3b2bd1580602" testName="op_ExplicitTest" computerName="SERVER001" duration="00:00:00.0016671" startTime="2010-01-24T19:15:48.3418482+11:00" endTime="2010-01-24T19:15:48.3458482+11:00" testType="13cdc9d9-ddb5-4fa4-a97d-d965ccfc6d4b" outcome="Passed" testListId="8c84fa94-04c1-424b-9868-57a2d4851a1d">
      <Output>
      </Output>
    </UnitTestResult>
    <UnitTestResult executionId="a1407fa5-f2ea-4ca5-ae1e-fa75d7c5b003" testId="8aa1bb4c-58fe-61ce-cc7a-6dfc68deb938" testName="op_ImplicitTest" computerName="SERVER001" duration="00:00:00.0225199" startTime="2010-01-24T19:15:48.3468482+11:00" endTime="2010-01-24T19:15:48.3718482+11:00" testType="13cdc9d9-ddb5-4fa4-a97d-d965ccfc6d4b" outcome="Failed" testListId="8c84fa94-04c1-424b-9868-57a2d4851a1d">
      <Output>
        <ErrorInfo>
          <Message>Test method Konnetic.Sip.UnitTests.AcceptHeaderFieldAdapter.op_ImplicitTest threw exception:  System.NullReferenceException: Object reference not set to an instance of an object..</Message>
          <StackTrace>    at Konnetic.Sip.Headers.AcceptHeaderField.set_QValue(Single value) in D:\Business\Development\Konnetic\UnifySipApi\Production\Src\Konnetic Unify SIP API\Konnetic.Sip\Headers\AcceptHeaderField.cs:line 153
   at Konnetic.Sip.Headers.AcceptHeaderField.Parse(String value) in D:\Business\Development\Konnetic\UnifySipApi\Production\Src\Konnetic Unify SIP API\Konnetic.Sip\Headers\AcceptHeaderField.cs:line 363
   at Konnetic.Sip.Headers.AcceptHeaderField.op_Implicit(String value) in D:\Business\Development\Konnetic\UnifySipApi\Production\Src\Konnetic Unify SIP API\Konnetic.Sip\Headers\AcceptHeaderField.cs:line 235
   at Konnetic.Sip.UnitTests.AcceptHeaderFieldAdapter.op_ImplicitTest() in D:\Business\Development\Konnetic\UnifySipApi\Production\Src\Konnetic Unify SIP API\Konnetic.Sip.UnitTests\HeaderFields\AcceptHeaderFieldAdapter.cs:line 630
</StackTrace>
        </ErrorInfo>
      </Output>
    </UnitTestResult>
    <UnitTestResult executionId="b4e4370e-bf8e-4089-8a6f-64568f958284" testId="73780057-5466-4549-214f-f8eda301ff72" testName="ParseTest" computerName="SERVER001" duration="00:00:00.0021439" startTime="2010-01-24T19:15:48.3728482+11:00" endTime="2010-01-24T19:15:48.3778482+11:00" testType="13cdc9d9-ddb5-4fa4-a97d-d965ccfc6d4b" outcome="Failed" testListId="8c84fa94-04c1-424b-9868-57a2d4851a1d">
      <Output>
        <ErrorInfo>
          <Message>Test method Konnetic.Sip.UnitTests.AcceptHeaderFieldAdapter.ParseTest threw exception:  System.NullReferenceException: Object reference not set to an instance of an object..</Message>
          <StackTrace>    at Konnetic.Sip.Headers.AcceptHeaderField.set_QValue(Single value) in D:\Business\Development\Konnetic\UnifySipApi\Production\Src\Konnetic Unify SIP API\Konnetic.Sip\Headers\AcceptHeaderField.cs:line 153
   at Konnetic.Sip.Headers.AcceptHeaderField.Parse(String value) in D:\Business\Development\Konnetic\UnifySipApi\Production\Src\Konnetic Unify SIP API\Konnetic.Sip\Headers\AcceptHeaderField.cs:line 363
   at Konnetic.Sip.UnitTests.AcceptHeaderFieldAdapter.ParseTest() in D:\Business\Development\Konnetic\UnifySipApi\Production\Src\Konnetic Unify SIP API\Konnetic.Sip.UnitTests\HeaderFields\AcceptHeaderFieldAdapter.cs:line 451
</StackTrace>
        </ErrorInfo>
      </Output>
    </UnitTestResult>
    <UnitTestResult executionId="12a45d34-619c-4149-9d4d-45b4105383f9" testId="aa3968af-95f9-708a-2563-0bd51a5fd41e" testName="QValueTest" computerName="SERVER001" duration="00:00:00.0015609" startTime="2010-01-24T19:15:48.3778482+11:00" endTime="2010-01-24T19:15:48.3818482+11:00" testType="13cdc9d9-ddb5-4fa4-a97d-d965ccfc6d4b" outcome="Failed" testListId="8c84fa94-04c1-424b-9868-57a2d4851a1d">
      <Output>
        <ErrorInfo>
          <Message>Test method Konnetic.Sip.UnitTests.AcceptHeaderFieldAdapter.QValueTest threw exception:  System.NullReferenceException: Object reference not set to an instance of an object..</Message>
          <StackTrace>    at Konnetic.Sip.Headers.AcceptHeaderField.set_QValue(Single value) in D:\Business\Development\Konnetic\UnifySipApi\Production\Src\Konnetic Unify SIP API\Konnetic.Sip\Headers\AcceptHeaderField.cs:line 158
   at Konnetic.Sip.UnitTests.AcceptHeaderFieldAdapter.QValueTest() in D:\Business\Development\Konnetic\UnifySipApi\Production\Src\Konnetic Unify SIP API\Konnetic.Sip.UnitTests\HeaderFields\AcceptHeaderFieldAdapter.cs:line 499
</StackTrace>
        </ErrorInfo>
      </Output>
    </UnitTestResult>
    <UnitTestResult executionId="c46a67c4-d8e5-4326-85b3-ee493dff2ccd" testId="09b4d1b7-dcf1-d075-5b85-644bda55d5ff" testName="QValueTest1" computerName="SERVER001" duration="00:00:00.0016541" startTime="2010-01-24T19:15:48.3828482+11:00" endTime="2010-01-24T19:15:48.3878482+11:00" testType="13cdc9d9-ddb5-4fa4-a97d-d965ccfc6d4b" outcome="Passed" testListId="8c84fa94-04c1-424b-9868-57a2d4851a1d">
      <Output>
      </Output>
    </UnitTestResult>
    <UnitTestResult executionId="9d60633c-9dcc-4a49-ace5-8dc2d4bc6b2f" testId="79e1d2d9-9256-0515-c892-e4c21109d8f8" testName="QValueTest2" computerName="SERVER001" duration="00:00:00.0008418" startTime="2010-01-24T19:15:48.3878482+11:00" endTime="2010-01-24T19:15:48.3918482+11:00" testType="13cdc9d9-ddb5-4fa4-a97d-d965ccfc6d4b" outcome="Passed" testListId="8c84fa94-04c1-424b-9868-57a2d4851a1d">
      <Output>
      </Output>
    </UnitTestResult>
    <UnitTestResult executionId="5590b404-118e-4cbc-81ce-04c75ce06278" testId="0213355b-f7d5-41d6-c871-05de5eda1ff9" testName="AcceptLanguageHeaderFieldConstructorTest" computerName="SERVER001" duration="00:00:00.0034936" startTime="2010-01-24T19:15:48.3918482+11:00" endTime="2010-01-24T19:15:48.3978482+11:00" testType="13cdc9d9-ddb5-4fa4-a97d-d965ccfc6d4b" outcome="Failed" testListId="8c84fa94-04c1-424b-9868-57a2d4851a1d">
      <Output>
        <ErrorInfo>
          <Message>Test method Konnetic.Sip.UnitTests.AcceptLanguageHeaderFieldAdapter.AcceptLanguageHeaderFieldConstructorTest threw exception:  System.NullReferenceException: Object reference not set to an instance of an object..</Message>
          <StackTrace>    at Konnetic.Sip.Headers.QValueHeaderFieldBase.set_QValue(Single value) in D:\Business\Development\Konnetic\UnifySipApi\Production\Src\Konnetic Unify SIP API\Konnetic.Sip\Headers\BaseHeaderFields\QValueHeaderFieldBase.cs:line 58
   at Konnetic.Sip.Headers.QValueHeaderFieldBase..ctor(Single qValue) in D:\Business\Development\Konnetic\UnifySipApi\Production\Src\Konnetic Unify SIP API\Konnetic.Sip\Headers\BaseHeaderFields\QValueHeaderFieldBase.cs:line 92
   at Konnetic.Sip.Headers.QValueHeaderFieldBase..ctor() in D:\Business\Development\Konnetic\UnifySipApi\Production\Src\Konnetic Unify SIP API\Konnetic.Sip\Headers\BaseHeaderFields\QValueHeaderFieldBase.cs:line 80
   at Konnetic.Sip.Headers.AcceptLanguageHeaderField..ctor(String languageRange) in D:\Business\Development\Konnetic\UnifySipApi\Production\Src\Konnetic Unify SIP API\Konnetic.Sip\Headers\AcceptLanguageHeaderField.cs:line 136
   at Konnetic.Sip.UnitTests.AcceptLanguageHeaderFieldAdapter.AcceptLanguageHeaderFieldConstructorTest() in D:\Business\Development\Konnetic\UnifySipApi\Production\Src\Konnetic Unify SIP API\Konnetic.Sip.UnitTests\HeaderFields\AcceptLanguageHeaderFieldAdapter.cs:line 49
</StackTrace>
        </ErrorInfo>
      </Output>
    </UnitTestResult>
    <UnitTestResult executionId="5a3d81e5-c079-4d63-b84a-0dda480398df" testId="ed9de4c0-e26d-13ea-f62d-c57195616688" testName="AcceptLanguageHeaderFieldConstructorTest1" computerName="SERVER001" duration="00:00:00.0019757" startTime="2010-01-24T19:15:48.3988482+11:00" endTime="2010-01-24T19:15:48.4038482+11:00" testType="13cdc9d9-ddb5-4fa4-a97d-d965ccfc6d4b" outcome="Failed" testListId="8c84fa94-04c1-424b-9868-57a2d4851a1d">
      <Output>
        <ErrorInfo>
          <Message>Test method Konnetic.Sip.UnitTests.AcceptLanguageHeaderFieldAdapter.AcceptLanguageHeaderFieldConstructorTest1 threw exception:  System.NullReferenceException: Object reference not set to an instance of an object..</Message>
          <StackTrace>    at Konnetic.Sip.Headers.QValueHeaderFieldBase.set_QValue(Single value) in D:\Business\Development\Konnetic\UnifySipApi\Production\Src\Konnetic Unify SIP API\Konnetic.Sip\Headers\BaseHeaderFields\QValueHeaderFieldBase.cs:line 58
   at Konnetic.Sip.Headers.QValueHeaderFieldBase..ctor(Single qValue) in D:\Business\Development\Konnetic\UnifySipApi\Production\Src\Konnetic Unify SIP API\Konnetic.Sip\Headers\BaseHeaderFields\QValueHeaderFieldBase.cs:line 92
   at Konnetic.Sip.Headers.QValueHeaderFieldBase..ctor() in D:\Business\Development\Konnetic\UnifySipApi\Production\Src\Konnetic Unify SIP API\Konnetic.Sip\Headers\BaseHeaderFields\QValueHeaderFieldBase.cs:line 80
   at Konnetic.Sip.Headers.AcceptLanguageHeaderField..ctor(String languageRange) in D:\Business\Development\Konnetic\UnifySipApi\Production\Src\Konnetic Unify SIP API\Konnetic.Sip\Headers\AcceptLanguageHeaderField.cs:line 136
   at Konnetic.Sip.Headers.AcceptLanguageHeaderField..ctor() in D:\Business\Development\Konnetic\UnifySipApi\Production\Src\Konnetic Unify SIP API\Konnetic.Sip\Headers\AcceptLanguageHeaderField.cs:line 127
   at Konnetic.Sip.UnitTests.AcceptLanguageHeaderFieldAdapter.AcceptLanguageHeaderFieldConstructorTest1() in D:\Business\Development\Konnetic\UnifySipApi\Production\Src\Konnetic Unify SIP API\Konnetic.Sip.UnitTests\HeaderFields\AcceptLanguageHeaderFieldAdapter.cs:line 68
</StackTrace>
        </ErrorInfo>
      </Output>
    </UnitTestResult>
    <UnitTestResult executionId="a5b2e376-71a1-48e0-8492-1c6e36063c62" testId="5bbf9f2c-014e-1915-935a-830815ccb107" testName="CloneTest" computerName="SERVER001" duration="00:00:00.0017789" startTime="2010-01-24T19:15:48.4038482+11:00" endTime="2010-01-24T19:15:48.4078482+11:00" testType="13cdc9d9-ddb5-4fa4-a97d-d965ccfc6d4b" outcome="Failed" testListId="8c84fa94-04c1-424b-9868-57a2d4851a1d">
      <Output>
        <ErrorInfo>
          <Message>Test method Konnetic.Sip.UnitTests.AcceptLanguageHeaderFieldAdapter.CloneTest threw exception:  System.NullReferenceException: Object reference not set to an instance of an object..</Message>
          <StackTrace>    at Konnetic.Sip.Headers.QValueHeaderFieldBase.set_QValue(Single value) in D:\Business\Development\Konnetic\UnifySipApi\Production\Src\Konnetic Unify SIP API\Konnetic.Sip\Headers\BaseHeaderFields\QValueHeaderFieldBase.cs:line 58
   at Konnetic.Sip.Headers.QValueHeaderFieldBase..ctor(Single qValue) in D:\Business\Development\Konnetic\UnifySipApi\Production\Src\Konnetic Unify SIP API\Konnetic.Sip\Headers\BaseHeaderFields\QValueHeaderFieldBase.cs:line 92
   at Konnetic.Sip.Headers.QValueHeaderFieldBase..ctor() in D:\Business\Development\Konnetic\UnifySipApi\Production\Src\Konnetic Unify SIP API\Konnetic.Sip\Headers\BaseHeaderFields\QValueHeaderFieldBase.cs:line 80
   at Konnetic.Sip.Headers.AcceptLanguageHeaderField..ctor(String languageRange) in D:\Business\Development\Konnetic\UnifySipApi\Production\Src\Konnetic Unify SIP API\Konnetic.Sip\Headers\AcceptLanguageHeaderField.cs:line 136
   at Konnetic.Sip.Headers.AcceptLanguageHeaderField..ctor() in D:\Business\Development\Konnetic\UnifySipApi\Production\Src\Konnetic Unify SIP API\Konnetic.Sip\Headers\AcceptLanguageHeaderField.cs:line 127
   at Konnetic.Sip.UnitTests.AcceptLanguageHeaderFieldAdapter.CloneTest() in D:\Business\Development\Konnetic\UnifySipApi\Production\Src\Konnetic Unify SIP API\Konnetic.Sip.UnitTests\HeaderFields\AcceptLanguageHeaderFieldAdapter.cs:line 82
</StackTrace>
        </ErrorInfo>
      </Output>
    </UnitTestResult>
    <UnitTestResult executionId="3802a01f-f549-4baa-a5a9-54c1ec37b898" testId="3914c030-2748-c6a4-c67a-3bd0a3dac9ea" testName="EqualsTest" computerName="SERVER001" duration="00:00:00.0025480" startTime="2010-01-24T19:15:48.4088482+11:00" endTime="2010-01-24T19:15:48.4138482+11:00" testType="13cdc9d9-ddb5-4fa4-a97d-d965ccfc6d4b" outcome="Failed" testListId="8c84fa94-04c1-424b-9868-57a2d4851a1d">
      <Output>
        <ErrorInfo>
          <Message>Test method Konnetic.Sip.UnitTests.AcceptLanguageHeaderFieldAdapter.EqualsTest threw exception:  System.NullReferenceException: Object reference not set to an instance of an object..</Message>
          <StackTrace>    at Konnetic.Sip.Headers.QValueHeaderFieldBase.set_QValue(Single value) in D:\Business\Development\Konnetic\UnifySipApi\Production\Src\Konnetic Unify SIP API\Konnetic.Sip\Headers\BaseHeaderFields\QValueHeaderFieldBase.cs:line 58
   at Konnetic.Sip.Headers.QValueHeaderFieldBase..ctor(Single qValue) in D:\Business\Development\Konnetic\UnifySipApi\Production\Src\Konnetic Unify SIP API\Konnetic.Sip\Headers\BaseHeaderFields\QValueHeaderFieldBase.cs:line 92
   at Konnetic.Sip.Headers.QValueHeaderFieldBase..ctor() in D:\Business\Development\Konnetic\UnifySipApi\Production\Src\Konnetic Unify SIP API\Konnetic.Sip\Headers\BaseHeaderFields\QValueHeaderFieldBase.cs:line 80
   at Konnetic.Sip.Headers.AcceptLanguageHeaderField..ctor(String languageRange) in D:\Business\Development\Konnetic\UnifySipApi\Production\Src\Konnetic Unify SIP API\Konnetic.Sip\Headers\AcceptLanguageHeaderField.cs:line 136
   at Konnetic.Sip.Headers.AcceptLanguageHeaderField..ctor() in D:\Business\Development\Konnetic\UnifySipApi\Production\Src\Konnetic Unify SIP API\Konnetic.Sip\Headers\AcceptLanguageHeaderField.cs:line 127
   at Konnetic.Sip.UnitTests.AcceptLanguageHeaderFieldAdapter.EqualsTest() in D:\Business\Development\Konnetic\UnifySipApi\Production\Src\Konnetic Unify SIP API\Konnetic.Sip.UnitTests\HeaderFields\AcceptLanguageHeaderFieldAdapter.cs:line 100
</StackTrace>
        </ErrorInfo>
      </Output>
    </UnitTestResult>
    <UnitTestResult executionId="2fbf7ede-c97a-4772-a774-39b620601fb9" testId="1eb18527-acb0-426e-b19a-827f271f56e9" testName="EqualsTest1" computerName="SERVER001" duration="00:00:00.0027816" startTime="2010-01-24T19:15:48.4148482+11:00" endTime="2010-01-24T19:15:48.4198482+11:00" testType="13cdc9d9-ddb5-4fa4-a97d-d965ccfc6d4b" outcome="Failed" testListId="8c84fa94-04c1-424b-9868-57a2d4851a1d">
      <Output>
        <ErrorInfo>
          <Message>Test method Konnetic.Sip.UnitTests.AcceptLanguageHeaderFieldAdapter.EqualsTest1 threw exception:  System.NullReferenceException: Object reference not set to an instance of an object..</Message>
          <StackTrace>    at Konnetic.Sip.Headers.QValueHeaderFieldBase.set_QValue(Single value) in D:\Business\Development\Konnetic\UnifySipApi\Production\Src\Konnetic Unify SIP API\Konnetic.Sip\Headers\BaseHeaderFields\QValueHeaderFieldBase.cs:line 58
   at Konnetic.Sip.Headers.QValueHeaderFieldBase..ctor(Single qValue) in D:\Business\Development\Konnetic\UnifySipApi\Production\Src\Konnetic Unify SIP API\Konnetic.Sip\Headers\BaseHeaderFields\QValueHeaderFieldBase.cs:line 92
   at Konnetic.Sip.Headers.QValueHeaderFieldBase..ctor() in D:\Business\Development\Konnetic\UnifySipApi\Production\Src\Konnetic Unify SIP API\Konnetic.Sip\Headers\BaseHeaderFields\QValueHeaderFieldBase.cs:line 80
   at Konnetic.Sip.Headers.AcceptLanguageHeaderField..ctor(String languageRange) in D:\Business\Development\Konnetic\UnifySipApi\Production\Src\Konnetic Unify SIP API\Konnetic.Sip\Headers\AcceptLanguageHeaderField.cs:line 136
   at Konnetic.Sip.Headers.AcceptLanguageHeaderField..ctor() in D:\Business\Development\Konnetic\UnifySipApi\Production\Src\Konnetic Unify SIP API\Konnetic.Sip\Headers\AcceptLanguageHeaderField.cs:line 127
   at Konnetic.Sip.UnitTests.AcceptLanguageHeaderFieldAdapter.EqualsTest1() in D:\Business\Development\Konnetic\UnifySipApi\Production\Src\Konnetic Unify SIP API\Konnetic.Sip.UnitTests\HeaderFields\AcceptLanguageHeaderFieldAdapter.cs:line 141
</StackTrace>
        </ErrorInfo>
      </Output>
    </UnitTestResult>
    <UnitTestResult executionId="7bbf8a7c-d7d7-4f05-8b94-1c419d655854" testId="b3c292b7-7199-e250-b14a-20b5e05be5b4" testName="EqualsTest2" computerName="SERVER001" duration="00:00:00.0020389" startTime="2010-01-24T19:15:48.4208482+11:00" endTime="2010-01-24T19:15:48.4248482+11:00" testType="13cdc9d9-ddb5-4fa4-a97d-d965ccfc6d4b" outcome="Failed" testListId="8c84fa94-04c1-424b-9868-57a2d4851a1d">
      <Output>
        <ErrorInfo>
          <Message>Test method Konnetic.Sip.UnitTests.AcceptLanguageHeaderFieldAdapter.EqualsTest2 threw exception:  System.NullReferenceException: Object reference not set to an instance of an object..</Message>
          <StackTrace>    at Konnetic.Sip.Headers.QValueHeaderFieldBase.set_QValue(Single value) in D:\Business\Development\Konnetic\UnifySipApi\Production\Src\Konnetic Unify SIP API\Konnetic.Sip\Headers\BaseHeaderFields\QValueHeaderFieldBase.cs:line 58
   at Konnetic.Sip.Headers.QValueHeaderFieldBase..ctor(Single qValue) in D:\Business\Development\Konnetic\UnifySipApi\Production\Src\Konnetic Unify SIP API\Konnetic.Sip\Headers\BaseHeaderFields\QValueHeaderFieldBase.cs:line 92
   at Konnetic.Sip.Headers.QValueHeaderFieldBase..ctor() in D:\Business\Development\Konnetic\UnifySipApi\Production\Src\Konnetic Unify SIP API\Konnetic.Sip\Headers\BaseHeaderFields\QValueHeaderFieldBase.cs:line 80
   at Konnetic.Sip.Headers.AcceptLanguageHeaderField..ctor(String languageRange) in D:\Business\Development\Konnetic\UnifySipApi\Production\Src\Konnetic Unify SIP API\Konnetic.Sip\Headers\AcceptLanguageHeaderField.cs:line 136
   at Konnetic.Sip.Headers.AcceptLanguageHeaderField..ctor() in D:\Business\Development\Konnetic\UnifySipApi\Production\Src\Konnetic Unify SIP API\Konnetic.Sip\Headers\AcceptLanguageHeaderField.cs:line 127
   at Konnetic.Sip.UnitTests.AcceptLanguageHeaderFieldAdapter.EqualsTest2() in D:\Business\Development\Konnetic\UnifySipApi\Production\Src\Konnetic Unify SIP API\Konnetic.Sip.UnitTests\HeaderFields\AcceptLanguageHeaderFieldAdapter.cs:line 191
</StackTrace>
        </ErrorInfo>
      </Output>
    </UnitTestResult>
    <UnitTestResult executionId="7ce92194-6cda-4bb1-8e0c-ab66e6e255a4" testId="b8fef058-4142-c9b3-a026-0aed8febe1da" testName="EqualsTest3" computerName="SERVER001" duration="00:00:00.0035878" startTime="2010-01-24T19:15:48.4248482+11:00" endTime="2010-01-24T19:15:48.4308482+11:00" testType="13cdc9d9-ddb5-4fa4-a97d-d965ccfc6d4b" outcome="Failed" testListId="8c84fa94-04c1-424b-9868-57a2d4851a1d">
      <Output>
        <ErrorInfo>
          <Message>Test method Konnetic.Sip.UnitTests.AcceptLanguageHeaderFieldAdapter.EqualsTest3 threw exception:  System.NullReferenceException: Object reference not set to an instance of an object..</Message>
          <StackTrace>    at Konnetic.Sip.Headers.QValueHeaderFieldBase.set_QValue(Single value) in D:\Business\Development\Konnetic\UnifySipApi\Production\Src\Konnetic Unify SIP API\Konnetic.Sip\Headers\BaseHeaderFields\QValueHeaderFieldBase.cs:line 58
   at Konnetic.Sip.Headers.QValueHeaderFieldBase..ctor(Single qValue) in D:\Business\Development\Konnetic\UnifySipApi\Production\Src\Konnetic Unify SIP API\Konnetic.Sip\Headers\BaseHeaderFields\QValueHeaderFieldBase.cs:line 92
   at Konnetic.Sip.Headers.QValueHeaderFieldBase..ctor() in D:\Business\Development\Konnetic\UnifySipApi\Production\Src\Konnetic Unify SIP API\Konnetic.Sip\Headers\BaseHeaderFields\QValueHeaderFieldBase.cs:line 80
   at Konnetic.Sip.Headers.AcceptLanguageHeaderField..ctor(String languageRange) in D:\Business\Development\Konnetic\UnifySipApi\Production\Src\Konnetic Unify SIP API\Konnetic.Sip\Headers\AcceptLanguageHeaderField.cs:line 136
   at Konnetic.Sip.Headers.AcceptLanguageHeaderField..ctor() in D:\Business\Development\Konnetic\UnifySipApi\Production\Src\Konnetic Unify SIP API\Konnetic.Sip\Headers\AcceptLanguageHeaderField.cs:line 127
   at Konnetic.Sip.UnitTests.AcceptLanguageHeaderFieldAdapter.EqualsTest3() in D:\Business\Development\Konnetic\UnifySipApi\Production\Src\Konnetic Unify SIP API\Konnetic.Sip.UnitTests\HeaderFields\AcceptLanguageHeaderFieldAdapter.cs:line 226
</StackTrace>
        </ErrorInfo>
      </Output>
    </UnitTestResult>
    <UnitTestResult executionId="c263bd18-8efb-45db-aa73-dc2dfcf52e19" testId="c3d656dd-ae3f-9f0d-1cd8-3aea2f5fbf06" testName="EqualsTest4" computerName="SERVER001" duration="00:00:00.0018190" startTime="2010-01-24T19:15:48.4318482+11:00" endTime="2010-01-24T19:15:48.4358482+11:00" testType="13cdc9d9-ddb5-4fa4-a97d-d965ccfc6d4b" outcome="Failed" testListId="8c84fa94-04c1-424b-9868-57a2d4851a1d">
      <Output>
        <ErrorInfo>
          <Message>Test method Konnetic.Sip.UnitTests.AcceptLanguageHeaderFieldAdapter.EqualsTest4 threw exception:  System.NullReferenceException: Object reference not set to an instance of an object..</Message>
          <StackTrace>    at Konnetic.Sip.Headers.QValueHeaderFieldBase.set_QValue(Single value) in D:\Business\Development\Konnetic\UnifySipApi\Production\Src\Konnetic Unify SIP API\Konnetic.Sip\Headers\BaseHeaderFields\QValueHeaderFieldBase.cs:line 58
   at Konnetic.Sip.Headers.QValueHeaderFieldBase..ctor(Single qValue) in D:\Business\Development\Konnetic\UnifySipApi\Production\Src\Konnetic Unify SIP API\Konnetic.Sip\Headers\BaseHeaderFields\QValueHeaderFieldBase.cs:line 92
   at Konnetic.Sip.Headers.QValueHeaderFieldBase..ctor() in D:\Business\Development\Konnetic\UnifySipApi\Production\Src\Konnetic Unify SIP API\Konnetic.Sip\Headers\BaseHeaderFields\QValueHeaderFieldBase.cs:line 80
   at Konnetic.Sip.Headers.AcceptLanguageHeaderField..ctor(String languageRange) in D:\Business\Development\Konnetic\UnifySipApi\Production\Src\Konnetic Unify SIP API\Konnetic.Sip\Headers\AcceptLanguageHeaderField.cs:line 136
   at Konnetic.Sip.Headers.AcceptLanguageHeaderField..ctor() in D:\Business\Development\Konnetic\UnifySipApi\Production\Src\Konnetic Unify SIP API\Konnetic.Sip\Headers\AcceptLanguageHeaderField.cs:line 127
   at Konnetic.Sip.UnitTests.AcceptLanguageHeaderFieldAdapter.EqualsTest4() in D:\Business\Development\Konnetic\UnifySipApi\Production\Src\Konnetic Unify SIP API\Konnetic.Sip.UnitTests\HeaderFields\AcceptLanguageHeaderFieldAdapter.cs:line 294
</StackTrace>
        </ErrorInfo>
      </Output>
    </UnitTestResult>
    <UnitTestResult executionId="44354174-875f-47b3-8cc6-be73f0c840e6" testId="393138b1-4d13-9f69-3cb8-746ed87ecd17" testName="EqualsTest5" computerName="SERVER001" duration="00:00:00.0018606" startTime="2010-01-24T19:15:48.4378482+11:00" endTime="2010-01-24T19:15:48.4418482+11:00" testType="13cdc9d9-ddb5-4fa4-a97d-d965ccfc6d4b" outcome="Failed" testListId="8c84fa94-04c1-424b-9868-57a2d4851a1d">
      <Output>
        <ErrorInfo>
          <Message>Test method Konnetic.Sip.UnitTests.AcceptLanguageHeaderFieldAdapter.EqualsTest5 threw exception:  System.NullReferenceException: Object reference not set to an instance of an object..</Message>
          <StackTrace>    at Konnetic.Sip.Headers.QValueHeaderFieldBase.set_QValue(Single value) in D:\Business\Development\Konnetic\UnifySipApi\Production\Src\Konnetic Unify SIP API\Konnetic.Sip\Headers\BaseHeaderFields\QValueHeaderFieldBase.cs:line 58
   at Konnetic.Sip.Headers.QValueHeaderFieldBase..ctor(Single qValue) in D:\Business\Development\Konnetic\UnifySipApi\Production\Src\Konnetic Unify SIP API\Konnetic.Sip\Headers\BaseHeaderFields\QValueHeaderFieldBase.cs:line 92
   at Konnetic.Sip.Headers.QValueHeaderFieldBase..ctor() in D:\Business\Development\Konnetic\UnifySipApi\Production\Src\Konnetic Unify SIP API\Konnetic.Sip\Headers\BaseHeaderFields\QValueHeaderFieldBase.cs:line 80
   at Konnetic.Sip.Headers.AcceptLanguageHeaderField..ctor(String languageRange) in D:\Business\Development\Konnetic\UnifySipApi\Production\Src\Konnetic Unify SIP API\Konnetic.Sip\Headers\AcceptLanguageHeaderField.cs:line 136
   at Konnetic.Sip.Headers.AcceptLanguageHeaderField..ctor() in D:\Business\Development\Konnetic\UnifySipApi\Production\Src\Konnetic Unify SIP API\Konnetic.Sip\Headers\AcceptLanguageHeaderField.cs:line 127
   at Konnetic.Sip.UnitTests.AcceptLanguageHeaderFieldAdapter.EqualsTest5() in D:\Business\Development\Konnetic\UnifySipApi\Production\Src\Konnetic Unify SIP API\Konnetic.Sip.UnitTests\HeaderFields\AcceptLanguageHeaderFieldAdapter.cs:line 328
</StackTrace>
        </ErrorInfo>
      </Output>
    </UnitTestResult>
    <UnitTestResult executionId="39388209-019b-4f97-aa63-794a688cce50" testId="912946f4-daba-7f85-27a2-ebcf265c7db0" testName="GetStringValueTest" computerName="SERVER001" duration="00:00:00.0031373" startTime="2010-01-24T19:15:48.4418482+11:00" endTime="2010-01-24T19:15:48.4488482+11:00" testType="13cdc9d9-ddb5-4fa4-a97d-d965ccfc6d4b" outcome="Failed" testListId="8c84fa94-04c1-424b-9868-57a2d4851a1d">
      <Output>
        <ErrorInfo>
          <Message>Test method Konnetic.Sip.UnitTests.AcceptLanguageHeaderFieldAdapter.GetStringValueTest threw exception:  System.NullReferenceException: Object reference not set to an instance of an object..</Message>
          <StackTrace>    at Konnetic.Sip.Headers.QValueHeaderFieldBase.set_QValue(Single value) in D:\Business\Development\Konnetic\UnifySipApi\Production\Src\Konnetic Unify SIP API\Konnetic.Sip\Headers\BaseHeaderFields\QValueHeaderFieldBase.cs:line 58
   at Konnetic.Sip.Headers.QValueHeaderFieldBase..ctor(Single qValue) in D:\Business\Development\Konnetic\UnifySipApi\Production\Src\Konnetic Unify SIP API\Konnetic.Sip\Headers\BaseHeaderFields\QValueHeaderFieldBase.cs:line 92
   at Konnetic.Sip.Headers.QValueHeaderFieldBase..ctor() in D:\Business\Development\Konnetic\UnifySipApi\Production\Src\Konnetic Unify SIP API\Konnetic.Sip\Headers\BaseHeaderFields\QValueHeaderFieldBase.cs:line 80
   at Konnetic.Sip.Headers.AcceptLanguageHeaderField..ctor(String languageRange) in D:\Business\Development\Konnetic\UnifySipApi\Production\Src\Konnetic Unify SIP API\Konnetic.Sip\Headers\AcceptLanguageHeaderField.cs:line 136
   at Konnetic.Sip.Headers.AcceptLanguageHeaderField..ctor() in D:\Business\Development\Konnetic\UnifySipApi\Production\Src\Konnetic Unify SIP API\Konnetic.Sip\Headers\AcceptLanguageHeaderField.cs:line 127
   at Konnetic.Sip.UnitTests.AcceptLanguageHeaderFieldAdapter.GetStringValueTest() in D:\Business\Development\Konnetic\UnifySipApi\Production\Src\Konnetic Unify SIP API\Konnetic.Sip.UnitTests\HeaderFields\AcceptLanguageHeaderFieldAdapter.cs:line 557
</StackTrace>
        </ErrorInfo>
      </Output>
    </UnitTestResult>
    <UnitTestResult executionId="67037645-f30e-4053-932f-1f70a1fd7c85" testId="12ea7ec2-496d-dd87-3bf4-e57da7015f2d" testName="IsValidTest" computerName="SERVER001" duration="00:00:00.0022826" startTime="2010-01-24T19:15:48.4498482+11:00" endTime="2010-01-24T19:15:48.4548482+11:00" testType="13cdc9d9-ddb5-4fa4-a97d-d965ccfc6d4b" outcome="Failed" testListId="8c84fa94-04c1-424b-9868-57a2d4851a1d">
      <Output>
        <ErrorInfo>
          <Message>Test method Konnetic.Sip.UnitTests.AcceptLanguageHeaderFieldAdapter.IsValidTest threw exception:  System.NullReferenceException: Object reference not set to an instance of an object..</Message>
          <StackTrace>    at Konnetic.Sip.Headers.QValueHeaderFieldBase.set_QValue(Single value) in D:\Business\Development\Konnetic\UnifySipApi\Production\Src\Konnetic Unify SIP API\Konnetic.Sip\Headers\BaseHeaderFields\QValueHeaderFieldBase.cs:line 58
   at Konnetic.Sip.Headers.QValueHeaderFieldBase..ctor(Single qValue) in D:\Business\Development\Konnetic\UnifySipApi\Production\Src\Konnetic Unify SIP API\Konnetic.Sip\Headers\BaseHeaderFields\QValueHeaderFieldBase.cs:line 92
   at Konnetic.Sip.Headers.QValueHeaderFieldBase..ctor() in D:\Business\Development\Konnetic\UnifySipApi\Production\Src\Konnetic Unify SIP API\Konnetic.Sip\Headers\BaseHeaderFields\QValueHeaderFieldBase.cs:line 80
   at Konnetic.Sip.Headers.AcceptLanguageHeaderField..ctor(String languageRange) in D:\Business\Development\Konnetic\UnifySipApi\Production\Src\Konnetic Unify SIP API\Konnetic.Sip\Headers\AcceptLanguageHeaderField.cs:line 136
   at Konnetic.Sip.Headers.AcceptLanguageHeaderField..ctor() in D:\Business\Development\Konnetic\UnifySipApi\Production\Src\Konnetic Unify SIP API\Konnetic.Sip\Headers\AcceptLanguageHeaderField.cs:line 127
   at Konnetic.Sip.UnitTests.AcceptLanguageHeaderFieldAdapter.IsValidTest() in D:\Business\Development\Konnetic\UnifySipApi\Production\Src\Konnetic Unify SIP API\Konnetic.Sip.UnitTests\HeaderFields\AcceptLanguageHeaderFieldAdapter.cs:line 362
</StackTrace>
        </ErrorInfo>
      </Output>
    </UnitTestResult>
    <UnitTestResult executionId="26ab02ef-8194-4bf4-b2a7-6dbe2ef79d71" testId="1d696a76-e791-4872-c480-f7a5e599513e" testName="LanguageRangeParameterTest" computerName="SERVER001" duration="00:00:00.0028660" startTime="2010-01-24T19:15:48.4558482+11:00" endTime="2010-01-24T19:15:48.4608482+11:00" testType="13cdc9d9-ddb5-4fa4-a97d-d965ccfc6d4b" outcome="Failed" testListId="8c84fa94-04c1-424b-9868-57a2d4851a1d">
      <Output>
        <ErrorInfo>
          <Message>Test method Konnetic.Sip.UnitTests.AcceptLanguageHeaderFieldAdapter.LanguageRangeParameterTest threw exception:  System.NullReferenceException: Object reference not set to an instance of an object..</Message>
          <StackTrace>    at Konnetic.Sip.Headers.QValueHeaderFieldBase.set_QValue(Single value) in D:\Business\Development\Konnetic\UnifySipApi\Production\Src\Konnetic Unify SIP API\Konnetic.Sip\Headers\BaseHeaderFields\QValueHeaderFieldBase.cs:line 58
   at Konnetic.Sip.Headers.QValueHeaderFieldBase..ctor(Single qValue) in D:\Business\Development\Konnetic\UnifySipApi\Production\Src\Konnetic Unify SIP API\Konnetic.Sip\Headers\BaseHeaderFields\QValueHeaderFieldBase.cs:line 92
   at Konnetic.Sip.Headers.QValueHeaderFieldBase..ctor() in D:\Business\Development\Konnetic\UnifySipApi\Production\Src\Konnetic Unify SIP API\Konnetic.Sip\Headers\BaseHeaderFields\QValueHeaderFieldBase.cs:line 80
   at Konnetic.Sip.Headers.AcceptLanguageHeaderField..ctor(String languageRange) in D:\Business\Development\Konnetic\UnifySipApi\Production\Src\Konnetic Unify SIP API\Konnetic.Sip\Headers\AcceptLanguageHeaderField.cs:line 136
   at Konnetic.Sip.Headers.AcceptLanguageHeaderField..ctor() in D:\Business\Development\Konnetic\UnifySipApi\Production\Src\Konnetic Unify SIP API\Konnetic.Sip\Headers\AcceptLanguageHeaderField.cs:line 127
   at Konnetic.Sip.UnitTests.AcceptLanguageHeaderFieldAdapter.LanguageRangeThrowsError(String val) in D:\Business\Development\Konnetic\UnifySipApi\Production\Src\Konnetic Unify SIP API\Konnetic.Sip.UnitTests\HeaderFields\AcceptLanguageHeaderFieldAdapter.cs:line 630
   at Konnetic.Sip.UnitTests.AcceptLanguageHeaderFieldAdapter.LanguageRangeParameterTest() in D:\Business\Development\Konnetic\UnifySipApi\Production\Src\Konnetic Unify SIP API\Konnetic.Sip.UnitTests\HeaderFields\AcceptLanguageHeaderFieldAdapter.cs:line 409
</StackTrace>
        </ErrorInfo>
      </Output>
    </UnitTestResult>
    <UnitTestResult executionId="fc937763-3426-4e07-bf63-3e9c14604a52" testId="d072ea90-6800-1cc4-ba11-08aa2ba216c1" testName="LanguageRangeTest" computerName="SERVER001" duration="00:00:00.0026068" startTime="2010-01-24T19:15:48.4618482+11:00" endTime="2010-01-24T19:15:48.4668482+11:00" testType="13cdc9d9-ddb5-4fa4-a97d-d965ccfc6d4b" outcome="Failed" testListId="8c84fa94-04c1-424b-9868-57a2d4851a1d">
      <Output>
        <ErrorInfo>
          <Message>Test method Konnetic.Sip.UnitTests.AcceptLanguageHeaderFieldAdapter.LanguageRangeTest threw exception:  System.NullReferenceException: Object reference not set to an instance of an object..</Message>
          <StackTrace>    at Konnetic.Sip.Headers.QValueHeaderFieldBase.set_QValue(Single value) in D:\Business\Development\Konnetic\UnifySipApi\Production\Src\Konnetic Unify SIP API\Konnetic.Sip\Headers\BaseHeaderFields\QValueHeaderFieldBase.cs:line 58
   at Konnetic.Sip.Headers.QValueHeaderFieldBase..ctor(Single qValue) in D:\Business\Development\Konnetic\UnifySipApi\Production\Src\Konnetic Unify SIP API\Konnetic.Sip\Headers\BaseHeaderFields\QValueHeaderFieldBase.cs:line 92
   at Konnetic.Sip.Headers.QValueHeaderFieldBase..ctor() in D:\Business\Development\Konnetic\UnifySipApi\Production\Src\Konnetic Unify SIP API\Konnetic.Sip\Headers\BaseHeaderFields\QValueHeaderFieldBase.cs:line 80
   at Konnetic.Sip.Headers.AcceptLanguageHeaderField..ctor(String languageRange) in D:\Business\Development\Konnetic\UnifySipApi\Production\Src\Konnetic Unify SIP API\Konnetic.Sip\Headers\AcceptLanguageHeaderField.cs:line 136
   at Konnetic.Sip.Headers.AcceptLanguageHeaderField..ctor() in D:\Business\Development\Konnetic\UnifySipApi\Production\Src\Konnetic Unify SIP API\Konnetic.Sip\Headers\AcceptLanguageHeaderField.cs:line 127
   at Konnetic.Sip.UnitTests.AcceptLanguageHeaderFieldAdapter.LanguageRangeTest() in D:\Business\Development\Konnetic\UnifySipApi\Production\Src\Konnetic Unify SIP API\Konnetic.Sip.UnitTests\HeaderFields\AcceptLanguageHeaderFieldAdapter.cs:line 420
</StackTrace>
        </ErrorInfo>
      </Output>
    </UnitTestResult>
    <UnitTestResult executionId="9645deb2-7e64-4d27-aa82-ffb281a8a99b" testId="02ad00e5-b396-f9f9-108d-3b6dac5efb8c" testName="op_ExplicitTest" computerName="SERVER001" duration="00:00:00.0016085" startTime="2010-01-24T19:15:48.4678482+11:00" endTime="2010-01-24T19:15:48.4718482+11:00" testType="13cdc9d9-ddb5-4fa4-a97d-d965ccfc6d4b" outcome="Failed" testListId="8c84fa94-04c1-424b-9868-57a2d4851a1d">
      <Output>
        <ErrorInfo>
          <Message>Test method Konnetic.Sip.UnitTests.AcceptLanguageHeaderFieldAdapter.op_ExplicitTest threw exception:  System.NullReferenceException: Object reference not set to an instance of an object..</Message>
          <StackTrace>    at Konnetic.Sip.Headers.QValueHeaderFieldBase.set_QValue(Single value) in D:\Business\Development\Konnetic\UnifySipApi\Production\Src\Konnetic Unify SIP API\Konnetic.Sip\Headers\BaseHeaderFields\QValueHeaderFieldBase.cs:line 58
   at Konnetic.Sip.Headers.QValueHeaderFieldBase..ctor(Single qValue) in D:\Business\Development\Konnetic\UnifySipApi\Production\Src\Konnetic Unify SIP API\Konnetic.Sip\Headers\BaseHeaderFields\QValueHeaderFieldBase.cs:line 92
   at Konnetic.Sip.Headers.QValueHeaderFieldBase..ctor() in D:\Business\Development\Konnetic\UnifySipApi\Production\Src\Konnetic Unify SIP API\Konnetic.Sip\Headers\BaseHeaderFields\QValueHeaderFieldBase.cs:line 80
   at Konnetic.Sip.Headers.AcceptLanguageHeaderField..ctor(String languageRange) in D:\Business\Development\Konnetic\UnifySipApi\Production\Src\Konnetic Unify SIP API\Konnetic.Sip\Headers\AcceptLanguageHeaderField.cs:line 136
   at Konnetic.Sip.Headers.AcceptLanguageHeaderField..ctor() in D:\Business\Development\Konnetic\UnifySipApi\Production\Src\Konnetic Unify SIP API\Konnetic.Sip\Headers\AcceptLanguageHeaderField.cs:line 127
   at Konnetic.Sip.UnitTests.AcceptLanguageHeaderFieldAdapter.op_ExplicitTest() in D:\Business\Development\Konnetic\UnifySipApi\Production\Src\Konnetic Unify SIP API\Konnetic.Sip.UnitTests\HeaderFields\AcceptLanguageHeaderFieldAdapter.cs:line 595
</StackTrace>
        </ErrorInfo>
      </Output>
    </UnitTestResult>
    <UnitTestResult executionId="dd69ef40-6fc7-44b2-ba7f-867fe2cf7474" testId="0d8a8936-3cd1-9ced-c662-482a86422ca6" testName="op_ImplicitTest" computerName="SERVER001" duration="00:00:00.0021252" startTime="2010-01-24T19:15:48.4728482+11:00" endTime="2010-01-24T19:15:48.4768482+11:00" testType="13cdc9d9-ddb5-4fa4-a97d-d965ccfc6d4b" outcome="Failed" testListId="8c84fa94-04c1-424b-9868-57a2d4851a1d">
      <Output>
        <ErrorInfo>
          <Message>Test method Konnetic.Sip.UnitTests.AcceptLanguageHeaderFieldAdapter.op_ImplicitTest threw exception:  System.NullReferenceException: Object reference not set to an instance of an object..</Message>
          <StackTrace>    at Konnetic.Sip.Headers.QValueHeaderFieldBase.set_QValue(Single value) in D:\Business\Development\Konnetic\UnifySipApi\Production\Src\Konnetic Unify SIP API\Konnetic.Sip\Headers\BaseHeaderFields\QValueHeaderFieldBase.cs:line 58
   at Konnetic.Sip.Headers.QValueHeaderFieldBase..ctor(Single qValue) in D:\Business\Development\Konnetic\UnifySipApi\Production\Src\Konnetic Unify SIP API\Konnetic.Sip\Headers\BaseHeaderFields\QValueHeaderFieldBase.cs:line 92
   at Konnetic.Sip.Headers.QValueHeaderFieldBase..ctor() in D:\Business\Development\Konnetic\UnifySipApi\Production\Src\Konnetic Unify SIP API\Konnetic.Sip\Headers\BaseHeaderFields\QValueHeaderFieldBase.cs:line 80
   at Konnetic.Sip.Headers.AcceptLanguageHeaderField..ctor(String languageRange) in D:\Business\Development\Konnetic\UnifySipApi\Production\Src\Konnetic Unify SIP API\Konnetic.Sip\Headers\AcceptLanguageHeaderField.cs:line 136
   at Konnetic.Sip.UnitTests.AcceptLanguageHeaderFieldAdapter.op_ImplicitTest() in D:\Business\Development\Konnetic\UnifySipApi\Production\Src\Konnetic Unify SIP API\Konnetic.Sip.UnitTests\HeaderFields\AcceptLanguageHeaderFieldAdapter.cs:line 614
</StackTrace>
        </ErrorInfo>
      </Output>
    </UnitTestResult>
    <UnitTestResult executionId="06e31b87-8e85-45b7-a006-01200df63acb" testId="91e3fbe1-a16a-b613-f879-63a6196833a3" testName="ParseTest" computerName="SERVER001" duration="00:00:00.0019031" startTime="2010-01-24T19:15:48.4778482+11:00" endTime="2010-01-24T19:15:48.4818482+11:00" testType="13cdc9d9-ddb5-4fa4-a97d-d965ccfc6d4b" outcome="Failed" testListId="8c84fa94-04c1-424b-9868-57a2d4851a1d">
      <Output>
        <ErrorInfo>
          <Message>Test method Konnetic.Sip.UnitTests.AcceptLanguageHeaderFieldAdapter.ParseTest threw exception:  System.NullReferenceException: Object reference not set to an instance of an object..</Message>
          <StackTrace>    at Konnetic.Sip.Headers.QValueHeaderFieldBase.set_QValue(Single value) in D:\Business\Development\Konnetic\UnifySipApi\Production\Src\Konnetic Unify SIP API\Konnetic.Sip\Headers\BaseHeaderFields\QValueHeaderFieldBase.cs:line 58
   at Konnetic.Sip.Headers.QValueHeaderFieldBase..ctor(Single qValue) in D:\Business\Development\Konnetic\UnifySipApi\Production\Src\Konnetic Unify SIP API\Konnetic.Sip\Headers\BaseHeaderFields\QValueHeaderFieldBase.cs:line 92
   at Konnetic.Sip.Headers.QValueHeaderFieldBase..ctor() in D:\Business\Development\Konnetic\UnifySipApi\Production\Src\Konnetic Unify SIP API\Konnetic.Sip\Headers\BaseHeaderFields\QValueHeaderFieldBase.cs:line 80
   at Konnetic.Sip.Headers.AcceptLanguageHeaderField..ctor(String languageRange) in D:\Business\Development\Konnetic\UnifySipApi\Production\Src\Konnetic Unify SIP API\Konnetic.Sip\Headers\AcceptLanguageHeaderField.cs:line 136
   at Konnetic.Sip.Headers.AcceptLanguageHeaderField..ctor() in D:\Business\Development\Konnetic\UnifySipApi\Production\Src\Konnetic Unify SIP API\Konnetic.Sip\Headers\AcceptLanguageHeaderField.cs:line 127
   at Konnetic.Sip.UnitTests.AcceptLanguageHeaderFieldAdapter.ParseTest() in D:\Business\Development\Konnetic\UnifySipApi\Production\Src\Konnetic Unify SIP API\Konnetic.Sip.UnitTests\HeaderFields\AcceptLanguageHeaderFieldAdapter.cs:line 459
</StackTrace>
        </ErrorInfo>
      </Output>
    </UnitTestResult>
    <UnitTestResult executionId="1be93cbe-00b0-4ae7-9251-f83e40ebbf8f" testId="d8a6efee-457c-937d-1488-c0c7bc680694" testName="ParseTest1" computerName="SERVER001" duration="00:00:00.0022118" startTime="2010-01-24T19:15:48.4828482+11:00" endTime="2010-01-24T19:15:48.4868482+11:00" testType="13cdc9d9-ddb5-4fa4-a97d-d965ccfc6d4b" outcome="Failed" testListId="8c84fa94-04c1-424b-9868-57a2d4851a1d">
      <Output>
        <ErrorInfo>
          <Message>Test method Konnetic.Sip.UnitTests.AcceptLanguageHeaderFieldAdapter.ParseTest1 threw exception:  System.NullReferenceException: Object reference not set to an instance of an object..</Message>
          <StackTrace>    at Konnetic.Sip.Headers.QValueHeaderFieldBase.set_QValue(Single value) in D:\Business\Development\Konnetic\UnifySipApi\Production\Src\Konnetic Unify SIP API\Konnetic.Sip\Headers\BaseHeaderFields\QValueHeaderFieldBase.cs:line 58
   at Konnetic.Sip.Headers.QValueHeaderFieldBase..ctor(Single qValue) in D:\Business\Development\Konnetic\UnifySipApi\Production\Src\Konnetic Unify SIP API\Konnetic.Sip\Headers\BaseHeaderFields\QValueHeaderFieldBase.cs:line 92
   at Konnetic.Sip.Headers.QValueHeaderFieldBase..ctor() in D:\Business\Development\Konnetic\UnifySipApi\Production\Src\Konnetic Unify SIP API\Konnetic.Sip\Headers\BaseHeaderFields\QValueHeaderFieldBase.cs:line 80
   at Konnetic.Sip.Headers.AcceptLanguageHeaderField..ctor(String languageRange) in D:\Business\Development\Konnetic\UnifySipApi\Production\Src\Konnetic Unify SIP API\Konnetic.Sip\Headers\AcceptLanguageHeaderField.cs:line 136
   at Konnetic.Sip.Headers.AcceptLanguageHeaderField..ctor() in D:\Business\Development\Konnetic\UnifySipApi\Production\Src\Konnetic Unify SIP API\Konnetic.Sip\Headers\AcceptLanguageHeaderField.cs:line 127
   at Konnetic.Sip.UnitTests.AcceptLanguageHeaderFieldAdapter.ParseTest1() in D:\Business\Development\Konnetic\UnifySipApi\Production\Src\Konnetic Unify SIP API\Konnetic.Sip.UnitTests\HeaderFields\AcceptLanguageHeaderFieldAdapter.cs:line 474
</StackTrace>
        </ErrorInfo>
      </Output>
    </UnitTestResult>
    <UnitTestResult executionId="8e11d397-3cd3-44dd-934b-6db4d0ec9476" testId="fba3950c-6521-b56d-9781-70ab5d274fba" testName="QValueTest" computerName="SERVER001" duration="00:00:00.0025807" startTime="2010-01-24T19:15:48.4878482+11:00" endTime="2010-01-24T19:15:48.4928482+11:00" testType="13cdc9d9-ddb5-4fa4-a97d-d965ccfc6d4b" outcome="Failed" testListId="8c84fa94-04c1-424b-9868-57a2d4851a1d">
      <Output>
        <ErrorInfo>
          <Message>Test method Konnetic.Sip.UnitTests.AcceptLanguageHeaderFieldAdapter.QValueTest threw exception:  System.NullReferenceException: Object reference not set to an instance of an object..</Message>
          <StackTrace>    at Konnetic.Sip.Headers.QValueHeaderFieldBase.set_QValue(Single value) in D:\Business\Development\Konnetic\UnifySipApi\Production\Src\Konnetic Unify SIP API\Konnetic.Sip\Headers\BaseHeaderFields\QValueHeaderFieldBase.cs:line 58
   at Konnetic.Sip.Headers.QValueHeaderFieldBase..ctor(Single qValue) in D:\Business\Development\Konnetic\UnifySipApi\Production\Src\Konnetic Unify SIP API\Konnetic.Sip\Headers\BaseHeaderFields\QValueHeaderFieldBase.cs:line 92
   at Konnetic.Sip.Headers.QValueHeaderFieldBase..ctor() in D:\Business\Development\Konnetic\UnifySipApi\Production\Src\Konnetic Unify SIP API\Konnetic.Sip\Headers\BaseHeaderFields\QValueHeaderFieldBase.cs:line 80
   at Konnetic.Sip.Headers.AcceptLanguageHeaderField..ctor(String languageRange) in D:\Business\Development\Konnetic\UnifySipApi\Production\Src\Konnetic Unify SIP API\Konnetic.Sip\Headers\AcceptLanguageHeaderField.cs:line 136
   at Konnetic.Sip.Headers.AcceptLanguageHeaderField..ctor() in D:\Business\Development\Konnetic\UnifySipApi\Production\Src\Konnetic Unify SIP API\Konnetic.Sip\Headers\AcceptLanguageHeaderField.cs:line 127
   at Konnetic.Sip.UnitTests.AcceptLanguageHeaderFieldAdapter.QValueTest() in D:\Business\Development\Konnetic\UnifySipApi\Production\Src\Konnetic Unify SIP API\Konnetic.Sip.UnitTests\HeaderFields\AcceptLanguageHeaderFieldAdapter.cs:line 514
</StackTrace>
        </ErrorInfo>
      </Output>
    </UnitTestResult>
    <UnitTestResult executionId="adfccb26-a243-46d6-bb80-3b52a86134c8" testId="90d34e26-ea8b-8555-c3eb-ea067f7196ce" testName="QValueTest1" computerName="SERVER001" duration="00:00:00.0041857" startTime="2010-01-24T19:15:48.4938482+11:00" endTime="2010-01-24T19:15:48.5008482+11:00" testType="13cdc9d9-ddb5-4fa4-a97d-d965ccfc6d4b" outcome="Failed" testListId="8c84fa94-04c1-424b-9868-57a2d4851a1d">
      <Output>
        <ErrorInfo>
          <Message>Test method Konnetic.Sip.UnitTests.AcceptLanguageHeaderFieldAdapter.QValueTest1 threw exception System.NullReferenceException, but exception Konnetic.Sip.SipOutOfRangeException was expected. Exception message:  System.NullReferenceException: Object reference not set to an instance of an object.
</Message>
          <StackTrace>    at Konnetic.Sip.Headers.QValueHeaderFieldBase.set_QValue(Single value) in D:\Business\Development\Konnetic\UnifySipApi\Production\Src\Konnetic Unify SIP API\Konnetic.Sip\Headers\BaseHeaderFields\QValueHeaderFieldBase.cs:line 58
   at Konnetic.Sip.Headers.QValueHeaderFieldBase..ctor(Single qValue) in D:\Business\Development\Konnetic\UnifySipApi\Production\Src\Konnetic Unify SIP API\Konnetic.Sip\Headers\BaseHeaderFields\QValueHeaderFieldBase.cs:line 92
   at Konnetic.Sip.Headers.QValueHeaderFieldBase..ctor() in D:\Business\Development\Konnetic\UnifySipApi\Production\Src\Konnetic Unify SIP API\Konnetic.Sip\Headers\BaseHeaderFields\QValueHeaderFieldBase.cs:line 80
   at Konnetic.Sip.Headers.AcceptLanguageHeaderField..ctor(String languageRange) in D:\Business\Development\Konnetic\UnifySipApi\Production\Src\Konnetic Unify SIP API\Konnetic.Sip\Headers\AcceptLanguageHeaderField.cs:line 136
   at Konnetic.Sip.Headers.AcceptLanguageHeaderField..ctor() in D:\Business\Development\Konnetic\UnifySipApi\Production\Src\Konnetic Unify SIP API\Konnetic.Sip\Headers\AcceptLanguageHeaderField.cs:line 127
   at Konnetic.Sip.UnitTests.AcceptLanguageHeaderFieldAdapter.QValueTest1() in D:\Business\Development\Konnetic\UnifySipApi\Production\Src\Konnetic Unify SIP API\Konnetic.Sip.UnitTests\HeaderFields\AcceptLanguageHeaderFieldAdapter.cs:line 531
</StackTrace>
        </ErrorInfo>
      </Output>
    </UnitTestResult>
    <UnitTestResult executionId="eeb19e31-c23a-426f-b637-dc72e6231e78" testId="791ebcb3-143c-3341-3b16-6549494c6a7a" testName="QValueTest2" computerName="SERVER001" duration="00:00:00.0018752" startTime="2010-01-24T19:15:48.5018482+11:00" endTime="2010-01-24T19:15:48.5068482+11:00" testType="13cdc9d9-ddb5-4fa4-a97d-d965ccfc6d4b" outcome="Failed" testListId="8c84fa94-04c1-424b-9868-57a2d4851a1d">
      <Output>
        <ErrorInfo>
          <Message>Test method Konnetic.Sip.UnitTests.AcceptLanguageHeaderFieldAdapter.QValueTest2 threw exception System.NullReferenceException, but exception Konnetic.Sip.SipOutOfRangeException was expected. Exception message:  System.NullReferenceException: Object reference not set to an instance of an object.
</Message>
          <StackTrace>    at Konnetic.Sip.Headers.QValueHeaderFieldBase.set_QValue(Single value) in D:\Business\Development\Konnetic\UnifySipApi\Production\Src\Konnetic Unify SIP API\Konnetic.Sip\Headers\BaseHeaderFields\QValueHeaderFieldBase.cs:line 58
   at Konnetic.Sip.Headers.QValueHeaderFieldBase..ctor(Single qValue) in D:\Business\Development\Konnetic\UnifySipApi\Production\Src\Konnetic Unify SIP API\Konnetic.Sip\Headers\BaseHeaderFields\QValueHeaderFieldBase.cs:line 92
   at Konnetic.Sip.Headers.QValueHeaderFieldBase..ctor() in D:\Business\Development\Konnetic\UnifySipApi\Production\Src\Konnetic Unify SIP API\Konnetic.Sip\Headers\BaseHeaderFields\QValueHeaderFieldBase.cs:line 80
   at Konnetic.Sip.Headers.AcceptLanguageHeaderField..ctor(String languageRange) in D:\Business\Development\Konnetic\UnifySipApi\Production\Src\Konnetic Unify SIP API\Konnetic.Sip\Headers\AcceptLanguageHeaderField.cs:line 136
   at Konnetic.Sip.Headers.AcceptLanguageHeaderField..ctor() in D:\Business\Development\Konnetic\UnifySipApi\Production\Src\Konnetic Unify SIP API\Konnetic.Sip\Headers\AcceptLanguageHeaderField.cs:line 127
   at Konnetic.Sip.UnitTests.AcceptLanguageHeaderFieldAdapter.QValueTest2() in D:\Business\Development\Konnetic\UnifySipApi\Production\Src\Konnetic Unify SIP API\Konnetic.Sip.UnitTests\HeaderFields\AcceptLanguageHeaderFieldAdapter.cs:line 543
</StackTrace>
        </ErrorInfo>
      </Output>
    </UnitTestResult>
    <UnitTestResult executionId="fb31e027-2352-4cdb-a692-78a0fa5a4a92" testId="9e4f37c8-e134-c2f1-824d-92ce41a37c65" testName="AlertInfoHeaderFieldConstructorTest" computerName="SERVER001" duration="00:00:00.0033727" startTime="2010-01-24T19:15:48.5078482+11:00" endTime="2010-01-24T19:15:48.5138482+11:00" testType="13cdc9d9-ddb5-4fa4-a97d-d965ccfc6d4b" outcome="Failed" testListId="8c84fa94-04c1-424b-9868-57a2d4851a1d">
      <Output>
        <ErrorInfo>
          <Message>Test method Konnetic.Sip.UnitTests.AlertInfoHeaderFieldAdapter.AlertInfoHeaderFieldConstructorTest threw exception:  System.NullReferenceException: Object reference not set to an instance of an object..</Message>
          <StackTrace>    at Konnetic.Sip.Headers.ParamatizedHeaderFieldBase.get_HasParameters() in D:\Business\Development\Konnetic\UnifySipApi\Production\Src\Konnetic Unify SIP API\Konnetic.Sip\Headers\BaseHeaderFields\ParamatizedHeaderFieldBase.cs:line 43
   at Konnetic.Sip.UnitTests.AlertInfoHeaderFieldAdapter.AlertInfoHeaderFieldConstructorTest() in D:\Business\Development\Konnetic\UnifySipApi\Production\Src\Konnetic Unify SIP API\Konnetic.Sip.UnitTests\HeaderFields\AlertInfoHeaderFieldAdapter.cs:line 55
</StackTrace>
        </ErrorInfo>
      </Output>
    </UnitTestResult>
    <UnitTestResult executionId="faf267a4-dc27-4430-804a-3e1840c24f2f" testId="2d6b8ba7-4c5f-7dd3-8ecc-e87fa0c97e39" testName="AlertInfoHeaderFieldConstructorTest1" computerName="SERVER001" duration="00:00:00.0015196" startTime="2010-01-24T19:15:48.5148482+11:00" endTime="2010-01-24T19:15:48.5188482+11:00" testType="13cdc9d9-ddb5-4fa4-a97d-d965ccfc6d4b" outcome="Passed" testListId="8c84fa94-04c1-424b-9868-57a2d4851a1d">
      <Output>
      </Output>
    </UnitTestResult>
    <UnitTestResult executionId="8790927e-3844-40d0-b291-e7e027bc5453" testId="73d42770-5357-af8f-b373-ac7e0bcdbef9" testName="AlertInfoHeaderFieldConstructorTest2" computerName="SERVER001" duration="00:00:00.0005060" startTime="2010-01-24T19:15:48.5198482+11:00" endTime="2010-01-24T19:15:48.5238482+11:00" testType="13cdc9d9-ddb5-4fa4-a97d-d965ccfc6d4b" outcome="Passed" testListId="8c84fa94-04c1-424b-9868-57a2d4851a1d">
      <Output>
      </Output>
    </UnitTestResult>
    <UnitTestResult executionId="6e5bdebb-6143-4478-9386-fd50efcf79de" testId="5d5cb8f8-7788-21f0-8233-d7526964d75c" testName="CloneTest" computerName="SERVER001" duration="00:00:00.0030245" startTime="2010-01-24T19:15:48.5248482+11:00" endTime="2010-01-24T19:15:48.5298482+11:00" testType="13cdc9d9-ddb5-4fa4-a97d-d965ccfc6d4b" outcome="Failed" testListId="8c84fa94-04c1-424b-9868-57a2d4851a1d">
      <Output>
        <ErrorInfo>
          <Message>Test method Konnetic.Sip.UnitTests.AlertInfoHeaderFieldAdapter.CloneTest threw exception:  System.NullReferenceException: Object reference not set to an instance of an object..</Message>
          <StackTrace>    at Konnetic.Sip.Headers.AlertInfoHeaderField.Clone() in D:\Business\Development\Konnetic\UnifySipApi\Production\Src\Konnetic Unify SIP API\Konnetic.Sip\Headers\AlertInfoHeaderField.cs:line 121
   at Konnetic.Sip.UnitTests.AlertInfoHeaderFieldAdapter.CloneTest() in D:\Business\Development\Konnetic\UnifySipApi\Production\Src\Konnetic Unify SIP API\Konnetic.Sip.UnitTests\HeaderFields\AlertInfoHeaderFieldAdapter.cs:line 96
</StackTrace>
        </ErrorInfo>
      </Output>
    </UnitTestResult>
    <UnitTestResult executionId="3f3533af-d92d-4c7a-98c2-e6ba377182a3" testId="759d86c4-bc95-184f-a175-6840fbef8648" testName="EqualsTest" computerName="SERVER001" duration="00:00:00.0013959" startTime="2010-01-24T19:15:48.5308482+11:00" endTime="2010-01-24T19:15:48.5348482+11:00" testType="13cdc9d9-ddb5-4fa4-a97d-d965ccfc6d4b" outcome="Passed" testListId="8c84fa94-04c1-424b-9868-57a2d4851a1d">
      <Output>
      </Output>
    </UnitTestResult>
    <UnitTestResult executionId="59446312-4097-405e-b672-34653d48fde9" testId="1d0e83cb-ce9d-9d2b-f644-f5bbb0ecd97d" testName="ParseTest" computerName="SERVER001" duration="00:00:00.0058753" startTime="2010-01-24T19:15:48.5348482+11:00" endTime="2010-01-24T19:15:48.5438482+11:00" testType="13cdc9d9-ddb5-4fa4-a97d-d965ccfc6d4b" outcome="Failed" testListId="8c84fa94-04c1-424b-9868-57a2d4851a1d">
      <Output>
        <ErrorInfo>
          <Message>Test method Konnetic.Sip.UnitTests.AlertInfoHeaderFieldAdapter.ParseTest threw exception:  System.NullReferenceException: Object reference not set to an instance of an object..</Message>
          <StackTrace>    at Konnetic.Sip.Headers.ParamatizedHeaderFieldBase.Parse(String value) in D:\Business\Development\Konnetic\UnifySipApi\Production\Src\Konnetic Unify SIP API\Konnetic.Sip\Headers\BaseHeaderFields\ParamatizedHeaderFieldBase.cs:line 221
   at Konnetic.Sip.Headers.AbsoluteUriHeaderFieldBase.Parse(String value) in D:\Business\Development\Konnetic\UnifySipApi\Production\Src\Konnetic Unify SIP API\Konnetic.Sip\Headers\BaseHeaderFields\AbsoluteUriHeaderFieldBase.cs:line 289
   at Konnetic.Sip.Headers.AlertInfoHeaderField.Parse(String value) in D:\Business\Development\Konnetic\UnifySipApi\Production\Src\Konnetic Unify SIP API\Konnetic.Sip\Headers\AlertInfoHeaderField.cs:line 204
   at Konnetic.Sip.UnitTests.AlertInfoHeaderFieldAdapter.ParseTest() in D:\Business\Development\Konnetic\UnifySipApi\Production\Src\Konnetic Unify SIP API\Konnetic.Sip.UnitTests\HeaderFields\AlertInfoHeaderFieldAdapter.cs:line 149
</StackTrace>
        </ErrorInfo>
      </Output>
    </UnitTestResult>
    <UnitTestResult executionId="c2af4149-963c-4c0d-afa4-6ff264463978" testId="6035b3c2-01ad-9d5f-631f-f746665e4450" testName="AllowHeaderFieldConstructorTest" computerName="SERVER001" duration="00:00:00.0035548" startTime="2010-01-24T19:15:48.5438482+11:00" endTime="2010-01-24T19:15:48.5508482+11:00" testType="13cdc9d9-ddb5-4fa4-a97d-d965ccfc6d4b" outcome="Passed" testListId="8c84fa94-04c1-424b-9868-57a2d4851a1d">
      <Output>
      </Output>
    </UnitTestResult>
    <UnitTestResult executionId="49921007-a5a1-4193-9aa8-23637bb87483" testId="54f835d4-b418-0cbe-e90b-fc13bb78fb20" testName="AllowHeaderFieldConstructorTest1" computerName="SERVER001" duration="00:00:00.0011519" startTime="2010-01-24T19:15:48.5508482+11:00" endTime="2010-01-24T19:15:48.5558482+11:00" testType="13cdc9d9-ddb5-4fa4-a97d-d965ccfc6d4b" outcome="Passed" testListId="8c84fa94-04c1-424b-9868-57a2d4851a1d">
      <Output>
      </Output>
    </UnitTestResult>
    <UnitTestResult executionId="b4964f75-98ab-44c1-a418-3a49c794be4b" testId="c03d2759-f116-8184-aeef-57cf3937bd5f" testName="CloneTest" computerName="SERVER001" duration="00:00:00.0035217" startTime="2010-01-24T19:15:48.5568482+11:00" endTime="2010-01-24T19:15:48.5628482+11:00" testType="13cdc9d9-ddb5-4fa4-a97d-d965ccfc6d4b" outcome="Passed" testListId="8c84fa94-04c1-424b-9868-57a2d4851a1d">
      <Output>
      </Output>
    </UnitTestResult>
    <UnitTestResult executionId="565d8609-7d0c-42ad-a3a4-5c920ef02073" testId="5b581cd1-12f9-207f-c6d6-ff3c06f50422" testName="EqualsTest" computerName="SERVER001" duration="00:00:00.0010337" startTime="2010-01-24T19:15:48.5638482+11:00" endTime="2010-01-24T19:15:48.5668482+11:00" testType="13cdc9d9-ddb5-4fa4-a97d-d965ccfc6d4b" outcome="Passed" testListId="8c84fa94-04c1-424b-9868-57a2d4851a1d">
      <Output>
      </Output>
    </UnitTestResult>
    <UnitTestResult executionId="12424fbf-515b-4106-9d32-f8194512c3d7" testId="fe75ad5d-59de-a5e9-8458-3383e268c8fe" testName="GetStringValueTest" computerName="SERVER001" duration="00:00:00.0005977" startTime="2010-01-24T19:15:48.5688482+11:00" endTime="2010-01-24T19:15:48.5728482+11:00" testType="13cdc9d9-ddb5-4fa4-a97d-d965ccfc6d4b" outcome="Passed" testListId="8c84fa94-04c1-424b-9868-57a2d4851a1d">
      <Output>
      </Output>
    </UnitTestResult>
    <UnitTestResult executionId="e47a6ab9-e341-4e89-a278-6cc335705ad8" testId="84ac06b4-3179-88e1-4667-60a412ef51c1" testName="IsValidTest" computerName="SERVER001" duration="00:00:00.0022722" startTime="2010-01-24T19:15:48.5728482+11:00" endTime="2010-01-24T19:15:48.5798482+11:00" testType="13cdc9d9-ddb5-4fa4-a97d-d965ccfc6d4b" outcome="Passed" testListId="8c84fa94-04c1-424b-9868-57a2d4851a1d">
      <Output>
      </Output>
    </UnitTestResult>
    <UnitTestResult executionId="6ef85c3c-3923-41bb-9288-3c05ef39e148" testId="c3e96409-eee7-72d2-011f-211d8b5252c8" testName="MethodTest" computerName="SERVER001" duration="00:00:00.0032661" startTime="2010-01-24T19:15:48.5798482+11:00" endTime="2010-01-24T19:15:48.5858482+11:00" testType="13cdc9d9-ddb5-4fa4-a97d-d965ccfc6d4b" outcome="Passed" testListId="8c84fa94-04c1-424b-9868-57a2d4851a1d">
      <Output>
      </Output>
    </UnitTestResult>
    <UnitTestResult executionId="d2020aab-147e-495c-b808-45a12705f56e" testId="88dec3ab-eaf6-0891-a7de-8122ec529298" testName="op_ExplicitTest" computerName="SERVER001" duration="00:00:00.0247905" startTime="2010-01-24T19:15:48.5868482+11:00" endTime="2010-01-24T19:15:48.6138482+11:00" testType="13cdc9d9-ddb5-4fa4-a97d-d965ccfc6d4b" outcome="Passed" testListId="8c84fa94-04c1-424b-9868-57a2d4851a1d">
      <Output>
      </Output>
    </UnitTestResult>
    <UnitTestResult executionId="419d65fc-5221-41ef-b591-360cd4acb98e" testId="3878ca7a-c366-59ea-0287-9cf36143a223" testName="op_ImplicitTest" computerName="SERVER001" duration="00:00:00.0118919" startTime="2010-01-24T19:15:48.6148482+11:00" endTime="2010-01-24T19:15:48.6298482+11:00" testType="13cdc9d9-ddb5-4fa4-a97d-d965ccfc6d4b" outcome="Passed" testListId="8c84fa94-04c1-424b-9868-57a2d4851a1d">
      <Output>
      </Output>
    </UnitTestResult>
    <UnitTestResult executionId="9712e371-3582-400d-a670-df5bc557c7de" testId="b53f6cd5-53ac-63ea-5b89-17785b961271" testName="ParseTest" computerName="SERVER001" duration="00:00:00.0854278" startTime="2010-01-24T19:15:48.6308482+11:00" endTime="2010-01-24T19:15:48.7188482+11:00" testType="13cdc9d9-ddb5-4fa4-a97d-d965ccfc6d4b" outcome="Passed" testListId="8c84fa94-04c1-424b-9868-57a2d4851a1d">
      <Output>
      </Output>
    </UnitTestResult>
    <UnitTestResult executionId="3a552343-126a-4db3-81de-407ee13322da" testId="cf042103-7921-1ead-d6ff-4ed9f0d4db27" testName="AuthenticationInfoHeaderFieldConstructorTest" computerName="SERVER001" duration="00:00:00.0030324" startTime="2010-01-24T19:15:48.7198482+11:00" endTime="2010-01-24T19:15:48.7258482+11:00" testType="13cdc9d9-ddb5-4fa4-a97d-d965ccfc6d4b" outcome="Failed" testListId="8c84fa94-04c1-424b-9868-57a2d4851a1d">
      <Output>
        <ErrorInfo>
          <Message>Test method Konnetic.Sip.UnitTests.AuthenticationInfoHeaderFieldAdapter.AuthenticationInfoHeaderFieldConstructorTest threw exception:  System.NullReferenceException: Object reference not set to an instance of an object..</Message>
          <StackTrace>    at Konnetic.Sip.Headers.AuthenticationInfoHeaderField.get_CNonce() in D:\Business\Development\Konnetic\UnifySipApi\Production\Src\Konnetic Unify SIP API\Konnetic.Sip\Headers\AuthenticationInfoHeaderField.cs:line 78
   at Konnetic.Sip.UnitTests.AuthenticationInfoHeaderFieldAdapter.AuthenticationInfoHeaderFieldConstructorTest() in D:\Business\Development\Konnetic\UnifySipApi\Production\Src\Konnetic Unify SIP API\Konnetic.Sip.UnitTests\HeaderFields\AuthenticationInfoHeaderFieldAdapter.cs:line 51
</StackTrace>
        </ErrorInfo>
      </Output>
    </UnitTestResult>
    <UnitTestResult executionId="54f21631-3e84-41d0-abfb-465997f133ca" testId="f77290fe-ecdb-ef71-1845-a4d0afb3808a" testName="CloneTest" computerName="SERVER001" duration="00:00:00.0023056" startTime="2010-01-24T19:15:48.7258482+11:00" endTime="2010-01-24T19:15:48.7318482+11:00" testType="13cdc9d9-ddb5-4fa4-a97d-d965ccfc6d4b" outcome="Failed" testListId="8c84fa94-04c1-424b-9868-57a2d4851a1d">
      <Output>
        <ErrorInfo>
          <Message>Test method Konnetic.Sip.UnitTests.AuthenticationInfoHeaderFieldAdapter.CloneTest threw exception:  System.NullReferenceException: Object reference not set to an instance of an object..</Message>
          <StackTrace>    at Konnetic.Sip.Headers.AuthenticationInfoHeaderField.Clone() in D:\Business\Development\Konnetic\UnifySipApi\Production\Src\Konnetic Unify SIP API\Konnetic.Sip\Headers\AuthenticationInfoHeaderField.cs:line 310
   at Konnetic.Sip.UnitTests.AuthenticationInfoHeaderFieldAdapter.CloneTest() in D:\Business\Development\Konnetic\UnifySipApi\Production\Src\Konnetic Unify SIP API\Konnetic.Sip.UnitTests\HeaderFields\AuthenticationInfoHeaderFieldAdapter.cs:line 112
</StackTrace>
        </ErrorInfo>
      </Output>
    </UnitTestResult>
    <UnitTestResult executionId="fd83253c-3c31-415f-843c-b33766ff9349" testId="ff904e43-4b5c-668a-c135-f89f0a1e4732" testName="CNonceTest" computerName="SERVER001" duration="00:00:00.0025868" startTime="2010-01-24T19:15:48.7318482+11:00" endTime="2010-01-24T19:15:48.7368482+11:00" testType="13cdc9d9-ddb5-4fa4-a97d-d965ccfc6d4b" outcome="Failed" testListId="8c84fa94-04c1-424b-9868-57a2d4851a1d">
      <Output>
        <ErrorInfo>
          <Message>Test method Konnetic.Sip.UnitTests.AuthenticationInfoHeaderFieldAdapter.CNonceTest threw exception:  System.NullReferenceException: Object reference not set to an instance of an object..</Message>
          <StackTrace>    at Konnetic.Sip.Headers.AuthenticationInfoHeaderField.set_CNonce(String value) in D:\Business\Development\Konnetic\UnifySipApi\Production\Src\Konnetic Unify SIP API\Konnetic.Sip\Headers\AuthenticationInfoHeaderField.cs:line 93
   at Konnetic.Sip.UnitTests.AuthenticationInfoHeaderFieldAdapter.CNonceTest() in D:\Business\Development\Konnetic\UnifySipApi\Production\Src\Konnetic Unify SIP API\Konnetic.Sip.UnitTests\HeaderFields\AuthenticationInfoHeaderFieldAdapter.cs:line 71
</StackTrace>
        </ErrorInfo>
      </Output>
    </UnitTestResult>
    <UnitTestResult executionId="0964cc7e-c3b7-4594-8d43-4f193f672cc3" testId="d7dd276a-3eb9-4541-8449-21198e243eac" testName="GetStringValueTest" computerName="SERVER001" duration="00:00:00.0474862" startTime="2010-01-24T19:15:48.7378482+11:00" endTime="2010-01-24T19:15:48.7878482+11:00" testType="13cdc9d9-ddb5-4fa4-a97d-d965ccfc6d4b" outcome="Failed" testListId="8c84fa94-04c1-424b-9868-57a2d4851a1d">
      <Output>
        <ErrorInfo>
          <Message>Test method Konnetic.Sip.UnitTests.AuthenticationInfoHeaderFieldAdapter.GetStringValueTest threw exception:  System.NullReferenceException: Object reference not set to an instance of an object..</Message>
          <StackTrace>    at Konnetic.Sip.Headers.ParamatizedHeaderFieldBase.Parse(String value) in D:\Business\Development\Konnetic\UnifySipApi\Production\Src\Konnetic Unify SIP API\Konnetic.Sip\Headers\BaseHeaderFields\ParamatizedHeaderFieldBase.cs:line 221
   at Konnetic.Sip.Headers.SecurityHeaderFieldBase.Parse(String value) in D:\Business\Development\Konnetic\UnifySipApi\Production\Src\Konnetic Unify SIP API\Konnetic.Sip\Headers\BaseHeaderFields\SecurityHeaderFieldBase.cs:line 74
   at Konnetic.Sip.Headers.AuthenticationInfoHeaderField.Parse(String value) in D:\Business\Development\Konnetic\UnifySipApi\Production\Src\Konnetic Unify SIP API\Konnetic.Sip\Headers\AuthenticationInfoHeaderField.cs:line 401
   at Konnetic.Sip.UnitTests.AuthenticationInfoHeaderFieldAdapter.GetStringValueTest() in D:\Business\Development\Konnetic\UnifySipApi\Production\Src\Konnetic Unify SIP API\Konnetic.Sip.UnitTests\HeaderFields\AuthenticationInfoHeaderFieldAdapter.cs:line 365
</StackTrace>
        </ErrorInfo>
      </Output>
    </UnitTestResult>
    <UnitTestResult executionId="d5d5593d-8881-45f4-b8b7-4b687f383f28" testId="4537e9c5-13d5-3f84-48b3-e3974462164d" testName="IsValidTest" computerName="SERVER001" duration="00:00:00.0023458" startTime="2010-01-24T19:15:48.7888482+11:00" endTime="2010-01-24T19:15:48.7938482+11:00" testType="13cdc9d9-ddb5-4fa4-a97d-d965ccfc6d4b" outcome="Failed" testListId="8c84fa94-04c1-424b-9868-57a2d4851a1d">
      <Output>
        <ErrorInfo>
          <Message>Test method Konnetic.Sip.UnitTests.AuthenticationInfoHeaderFieldAdapter.IsValidTest threw exception:  System.NullReferenceException: Object reference not set to an instance of an object..</Message>
          <StackTrace>    at Konnetic.Sip.Headers.ParamatizedHeaderFieldBase.get_HasParameters() in D:\Business\Development\Konnetic\UnifySipApi\Production\Src\Konnetic Unify SIP API\Konnetic.Sip\Headers\BaseHeaderFields\ParamatizedHeaderFieldBase.cs:line 43
   at Konnetic.Sip.Headers.ParamatizedHeaderFieldBase.IsValid() in D:\Business\Development\Konnetic\UnifySipApi\Production\Src\Konnetic Unify SIP API\Konnetic.Sip\Headers\BaseHeaderFields\ParamatizedHeaderFieldBase.cs:line 202
   at Konnetic.Sip.Headers.SecurityHeaderFieldBase.IsValid() in D:\Business\Development\Konnetic\UnifySipApi\Production\Src\Konnetic Unify SIP API\Konnetic.Sip\Headers\BaseHeaderFields\SecurityHeaderFieldBase.cs:line 51
   at Konnetic.Sip.UnitTests.AuthenticationInfoHeaderFieldAdapter.IsValidTest() in D:\Business\Development\Konnetic\UnifySipApi\Production\Src\Konnetic Unify SIP API\Konnetic.Sip.UnitTests\HeaderFields\AuthenticationInfoHeaderFieldAdapter.cs:line 133
</StackTrace>
        </ErrorInfo>
      </Output>
    </UnitTestResult>
    <UnitTestResult executionId="c7bbf9f2-76ed-426a-8527-0ccdceacbd98" testId="6a2896ab-8ffa-eb69-1977-ec41f7340322" testName="MessageQopTest" computerName="SERVER001" duration="00:00:00.0020772" startTime="2010-01-24T19:15:48.7948482+11:00" endTime="2010-01-24T19:15:48.7988482+11:00" testType="13cdc9d9-ddb5-4fa4-a97d-d965ccfc6d4b" outcome="Failed" testListId="8c84fa94-04c1-424b-9868-57a2d4851a1d">
      <Output>
        <ErrorInfo>
          <Message>Test method Konnetic.Sip.UnitTests.AuthenticationInfoHeaderFieldAdapter.MessageQopTest threw exception:  System.NullReferenceException: Object reference not set to an instance of an object..</Message>
          <StackTrace>    at Konnetic.Sip.Headers.AuthenticationInfoHeaderField.set_MessageQop(String value) in D:\Business\Development\Konnetic\UnifySipApi\Production\Src\Konnetic Unify SIP API\Konnetic.Sip\Headers\AuthenticationInfoHeaderField.cs:line 130
   at Konnetic.Sip.UnitTests.AuthenticationInfoHeaderFieldAdapter.MessageQopTest() in D:\Business\Development\Konnetic\UnifySipApi\Production\Src\Konnetic Unify SIP API\Konnetic.Sip.UnitTests\HeaderFields\AuthenticationInfoHeaderFieldAdapter.cs:line 161
</StackTrace>
        </ErrorInfo>
      </Output>
    </UnitTestResult>
    <UnitTestResult executionId="7dc8e70f-80cf-4370-bb51-d63bf78b99bf" testId="1095599a-77d7-d9e4-e245-7efc28dee7bf" testName="MessageQopTest1" computerName="SERVER001" duration="00:00:00.0018421" startTime="2010-01-24T19:15:48.7998482+11:00" endTime="2010-01-24T19:15:48.8048482+11:00" testType="13cdc9d9-ddb5-4fa4-a97d-d965ccfc6d4b" outcome="Passed" testListId="8c84fa94-04c1-424b-9868-57a2d4851a1d">
      <Output>
      </Output>
    </UnitTestResult>
    <UnitTestResult executionId="4261fbe7-7b0a-4756-b041-df0ce6fce70a" testId="8562f742-9517-c34d-03a9-bab2acf0de01" testName="NextCountAllTest1" computerName="SERVER001" duration="00:00:00.0041623" startTime="2010-01-24T19:15:48.8048482+11:00" endTime="2010-01-24T19:15:48.8118482+11:00" testType="13cdc9d9-ddb5-4fa4-a97d-d965ccfc6d4b" outcome="Passed" testListId="8c84fa94-04c1-424b-9868-57a2d4851a1d">
      <Output>
      </Output>
    </UnitTestResult>
    <UnitTestResult executionId="a5ff018b-d98e-4807-a99a-00f6c10e7557" testId="5f1edde8-4079-8b9b-df15-97d30c2142b7" testName="NextNonceTest" computerName="SERVER001" duration="00:00:00.0031297" startTime="2010-01-24T19:15:48.8128482+11:00" endTime="2010-01-24T19:15:48.8178482+11:00" testType="13cdc9d9-ddb5-4fa4-a97d-d965ccfc6d4b" outcome="Failed" testListId="8c84fa94-04c1-424b-9868-57a2d4851a1d">
      <Output>
        <ErrorInfo>
          <Message>Test method Konnetic.Sip.UnitTests.AuthenticationInfoHeaderFieldAdapter.NextNonceTest threw exception:  System.NullReferenceException: Object reference not set to an instance of an object..</Message>
          <StackTrace>    at Konnetic.Sip.Headers.AuthenticationInfoHeaderField.set_NextNonce(String value) in D:\Business\Development\Konnetic\UnifySipApi\Production\Src\Konnetic Unify SIP API\Konnetic.Sip\Headers\AuthenticationInfoHeaderField.cs:line 164
   at Konnetic.Sip.UnitTests.AuthenticationInfoHeaderFieldAdapter.NextNonceTest() in D:\Business\Development\Konnetic\UnifySipApi\Production\Src\Konnetic Unify SIP API\Konnetic.Sip.UnitTests\HeaderFields\AuthenticationInfoHeaderFieldAdapter.cs:line 200
</StackTrace>
        </ErrorInfo>
      </Output>
    </UnitTestResult>
    <UnitTestResult executionId="0e175559-f958-4266-bd88-d014ca50fa36" testId="e535ad30-87cf-2185-3e7b-49fa9c533d06" testName="NonceCountTest" computerName="SERVER001" duration="00:00:00.0019719" startTime="2010-01-24T19:15:48.8188482+11:00" endTime="2010-01-24T19:15:48.8228482+11:00" testType="13cdc9d9-ddb5-4fa4-a97d-d965ccfc6d4b" outcome="Failed" testListId="8c84fa94-04c1-424b-9868-57a2d4851a1d">
      <Output>
        <ErrorInfo>
          <Message>Test method Konnetic.Sip.UnitTests.AuthenticationInfoHeaderFieldAdapter.NonceCountTest threw exception:  System.NullReferenceException: Object reference not set to an instance of an object..</Message>
          <StackTrace>    at Konnetic.Sip.Headers.AuthenticationInfoHeaderField.set_NonceCount(String value) in D:\Business\Development\Konnetic\UnifySipApi\Production\Src\Konnetic Unify SIP API\Konnetic.Sip\Headers\AuthenticationInfoHeaderField.cs:line 213
   at Konnetic.Sip.UnitTests.AuthenticationInfoHeaderFieldAdapter.NonceCountTest() in D:\Business\Development\Konnetic\UnifySipApi\Production\Src\Konnetic Unify SIP API\Konnetic.Sip.UnitTests\HeaderFields\AuthenticationInfoHeaderFieldAdapter.cs:line 231
</StackTrace>
        </ErrorInfo>
      </Output>
    </UnitTestResult>
    <UnitTestResult executionId="95c78c70-56f1-4410-a260-c42d13328cea" testId="51241e96-8a45-4508-6c21-6576cae5e089" testName="NonceCountTest1" computerName="SERVER001" duration="00:00:00.0009830" startTime="2010-01-24T19:15:48.8228482+11:00" endTime="2010-01-24T19:15:48.8268482+11:00" testType="13cdc9d9-ddb5-4fa4-a97d-d965ccfc6d4b" outcome="Passed" testListId="8c84fa94-04c1-424b-9868-57a2d4851a1d">
      <Output>
      </Output>
    </UnitTestResult>
    <UnitTestResult executionId="0a1e1138-9f2d-45f5-9be1-7eab116b84fc" testId="c6aa4bf3-1519-31b9-269f-08883e8cc1f9" testName="NonceCountTest2" computerName="SERVER001" duration="00:00:00.0008934" startTime="2010-01-24T19:15:48.8268482+11:00" endTime="2010-01-24T19:15:48.8298482+11:00" testType="13cdc9d9-ddb5-4fa4-a97d-d965ccfc6d4b" outcome="Passed" testListId="8c84fa94-04c1-424b-9868-57a2d4851a1d">
      <Output>
      </Output>
    </UnitTestResult>
    <UnitTestResult executionId="b44bf2ab-7040-47ac-a151-7e4b73285ab1" testId="133c2409-2ac8-7dd8-dc7d-02ea9f3e0e34" testName="op_ExplicitTest" computerName="SERVER001" duration="00:00:00.0250075" startTime="2010-01-24T19:15:48.8308482+11:00" endTime="2010-01-24T19:15:48.8588482+11:00" testType="13cdc9d9-ddb5-4fa4-a97d-d965ccfc6d4b" outcome="Failed" testListId="8c84fa94-04c1-424b-9868-57a2d4851a1d">
      <Output>
        <ErrorInfo>
          <Message>Test method Konnetic.Sip.UnitTests.AuthenticationInfoHeaderFieldAdapter.op_ExplicitTest threw exception:  System.NullReferenceException: Object reference not set to an instance of an object..</Message>
          <StackTrace>    at Konnetic.Sip.Headers.ParamatizedHeaderFieldBase.Parse(String value) in D:\Business\Development\Konnetic\UnifySipApi\Production\Src\Konnetic Unify SIP API\Konnetic.Sip\Headers\BaseHeaderFields\ParamatizedHeaderFieldBase.cs:line 221
   at Konnetic.Sip.Headers.SecurityHeaderFieldBase.Parse(String value) in D:\Business\Development\Konnetic\UnifySipApi\Production\Src\Konnetic Unify SIP API\Konnetic.Sip\Headers\BaseHeaderFields\SecurityHeaderFieldBase.cs:line 74
   at Konnetic.Sip.Headers.AuthenticationInfoHeaderField.Parse(String value) in D:\Business\Development\Konnetic\UnifySipApi\Production\Src\Konnetic Unify SIP API\Konnetic.Sip\Headers\AuthenticationInfoHeaderField.cs:line 401
   at Konnetic.Sip.UnitTests.AuthenticationInfoHeaderFieldAdapter.op_ExplicitTest() in D:\Business\Development\Konnetic\UnifySipApi\Production\Src\Konnetic Unify SIP API\Konnetic.Sip.UnitTests\HeaderFields\AuthenticationInfoHeaderFieldAdapter.cs:line 381
</StackTrace>
        </ErrorInfo>
      </Output>
    </UnitTestResult>
    <UnitTestResult executionId="341f4e41-3dac-4801-8791-31a033bbc559" testId="ef6f535e-46aa-6566-1379-f4bd4f777672" testName="op_ImplicitTest" computerName="SERVER001" duration="00:00:00.0032081" startTime="2010-01-24T19:15:48.8598482+11:00" endTime="2010-01-24T19:15:48.8648482+11:00" testType="13cdc9d9-ddb5-4fa4-a97d-d965ccfc6d4b" outcome="Failed" testListId="8c84fa94-04c1-424b-9868-57a2d4851a1d">
      <Output>
        <ErrorInfo>
          <Message>Test method Konnetic.Sip.UnitTests.AuthenticationInfoHeaderFieldAdapter.op_ImplicitTest threw exception:  System.NullReferenceException: Object reference not set to an instance of an object..</Message>
          <StackTrace>    at Konnetic.Sip.Headers.AuthenticationInfoHeaderField.set_NextNonce(String value) in D:\Business\Development\Konnetic\UnifySipApi\Production\Src\Konnetic Unify SIP API\Konnetic.Sip\Headers\AuthenticationInfoHeaderField.cs:line 170
   at Konnetic.Sip.UnitTests.AuthenticationInfoHeaderFieldAdapter.op_ImplicitTest() in D:\Business\Development\Konnetic\UnifySipApi\Production\Src\Konnetic Unify SIP API\Konnetic.Sip.UnitTests\HeaderFields\AuthenticationInfoHeaderFieldAdapter.cs:line 396
</StackTrace>
        </ErrorInfo>
      </Output>
    </UnitTestResult>
    <UnitTestResult executionId="811fbb34-c701-4b10-9deb-4cd2c867a3ae" testId="f0088058-c984-d0e2-ec2c-7428ea284f04" testName="ParseTest" computerName="SERVER001" duration="00:00:00.0039606" startTime="2010-01-24T19:15:48.8658482+11:00" endTime="2010-01-24T19:15:48.8728482+11:00" testType="13cdc9d9-ddb5-4fa4-a97d-d965ccfc6d4b" outcome="Failed" testListId="8c84fa94-04c1-424b-9868-57a2d4851a1d">
      <Output>
        <ErrorInfo>
          <Message>Test method Konnetic.Sip.UnitTests.AuthenticationInfoHeaderFieldAdapter.ParseTest threw exception:  System.NullReferenceException: Object reference not set to an instance of an object..</Message>
          <StackTrace>    at Konnetic.Sip.Headers.ParamatizedHeaderFieldBase.Parse(String value) in D:\Business\Development\Konnetic\UnifySipApi\Production\Src\Konnetic Unify SIP API\Konnetic.Sip\Headers\BaseHeaderFields\ParamatizedHeaderFieldBase.cs:line 221
   at Konnetic.Sip.Headers.SecurityHeaderFieldBase.Parse(String value) in D:\Business\Development\Konnetic\UnifySipApi\Production\Src\Konnetic Unify SIP API\Konnetic.Sip\Headers\BaseHeaderFields\SecurityHeaderFieldBase.cs:line 74
   at Konnetic.Sip.Headers.AuthenticationInfoHeaderField.Parse(String value) in D:\Business\Development\Konnetic\UnifySipApi\Production\Src\Konnetic Unify SIP API\Konnetic.Sip\Headers\AuthenticationInfoHeaderField.cs:line 401
   at Konnetic.Sip.UnitTests.AuthenticationInfoHeaderFieldAdapter.ParseTest() in D:\Business\Development\Konnetic\UnifySipApi\Production\Src\Konnetic Unify SIP API\Konnetic.Sip.UnitTests\HeaderFields\AuthenticationInfoHeaderFieldAdapter.cs:line 278
</StackTrace>
        </ErrorInfo>
      </Output>
    </UnitTestResult>
    <UnitTestResult executionId="b4eda8ef-e105-443c-828b-1e21c60f8351" testId="2defc979-9ece-a883-f2e5-a716597e4490" testName="ResponseAuthAllTest1" computerName="SERVER001" duration="00:00:00.0039713" startTime="2010-01-24T19:15:48.8728482+11:00" endTime="2010-01-24T19:15:48.8798482+11:00" testType="13cdc9d9-ddb5-4fa4-a97d-d965ccfc6d4b" outcome="Passed" testListId="8c84fa94-04c1-424b-9868-57a2d4851a1d">
      <Output>
      </Output>
    </UnitTestResult>
    <UnitTestResult executionId="723ae001-965f-4941-bdbe-9e0d7cfd227c" testId="43cd2310-1244-5958-de05-7dbed89c1279" testName="ResponseAuthTest" computerName="SERVER001" duration="00:00:00.0018905" startTime="2010-01-24T19:15:48.8808482+11:00" endTime="2010-01-24T19:15:48.8858482+11:00" testType="13cdc9d9-ddb5-4fa4-a97d-d965ccfc6d4b" outcome="Failed" testListId="8c84fa94-04c1-424b-9868-57a2d4851a1d">
      <Output>
        <ErrorInfo>
          <Message>Test method Konnetic.Sip.UnitTests.AuthenticationInfoHeaderFieldAdapter.ResponseAuthTest threw exception:  System.NullReferenceException: Object reference not set to an instance of an object..</Message>
          <StackTrace>    at Konnetic.Sip.Headers.AuthenticationInfoHeaderField.set_ResponseAuth(String value) in D:\Business\Development\Konnetic\UnifySipApi\Production\Src\Konnetic Unify SIP API\Konnetic.Sip\Headers\AuthenticationInfoHeaderField.cs:line 247
   at Konnetic.Sip.UnitTests.AuthenticationInfoHeaderFieldAdapter.ResponseAuthTest() in D:\Business\Development\Konnetic\UnifySipApi\Production\Src\Konnetic Unify SIP API\Konnetic.Sip.UnitTests\HeaderFields\AuthenticationInfoHeaderFieldAdapter.cs:line 325
</StackTrace>
        </ErrorInfo>
      </Output>
    </UnitTestResult>
    <UnitTestResult executionId="bdb906ab-df95-4da9-b403-5fa03e9119c9" testId="8a491826-af2b-4194-9a57-367d7e895c8e" testName="ResponseAuthTest1" computerName="SERVER001" duration="00:00:00.0010627" startTime="2010-01-24T19:15:48.8868482+11:00" endTime="2010-01-24T19:15:48.8908482+11:00" testType="13cdc9d9-ddb5-4fa4-a97d-d965ccfc6d4b" outcome="Passed" testListId="8c84fa94-04c1-424b-9868-57a2d4851a1d">
      <Output>
      </Output>
    </UnitTestResult>
    <UnitTestResult executionId="e93da3b6-8be7-445a-988d-ed4fc606a0f2" testId="358cf0f0-ae9e-9e0c-c8dc-b6de15c457e5" testName="AuthHeaderFieldGroupConstructorTest" computerName="SERVER001" duration="00:00:00.0108307" startTime="2010-01-24T19:15:48.8908482+11:00" endTime="2010-01-24T19:15:48.9048482+11:00" testType="13cdc9d9-ddb5-4fa4-a97d-d965ccfc6d4b" outcome="Inconclusive" testListId="8c84fa94-04c1-424b-9868-57a2d4851a1d">
      <Output>
        <ErrorInfo>
          <Message>Assert.Inconclusive failed. No appropriate type parameter is found to satisfies the type constraint(s) of T. Please call AuthHeaderFieldGroupConstructorTestHelper&lt;T&gt;() with appropriate type parameters.</Message>
          <StackTrace>   at Konnetic.Sip.UnitTests.AuthHeaderFieldGroupAdapter.AuthHeaderFieldGroupConstructorTest() in D:\Business\Development\Konnetic\UnifySipApi\Production\Src\Konnetic Unify SIP API\Konnetic.Sip.UnitTests\HeaderFields\SecurityHeaderFieldGroupAdapter.cs:line 118
</StackTrace>
        </ErrorInfo>
      </Output>
    </UnitTestResult>
    <UnitTestResult executionId="b4db364e-9b0f-4998-a13f-54c09a6aeb7b" testId="a1f2ed90-96f8-ae32-7c39-50d89244e537" testName="CloneTest" computerName="SERVER001" duration="00:00:00.0010458" startTime="2010-01-24T19:15:48.9058482+11:00" endTime="2010-01-24T19:15:48.9088482+11:00" testType="13cdc9d9-ddb5-4fa4-a97d-d965ccfc6d4b" outcome="Inconclusive" testListId="8c84fa94-04c1-424b-9868-57a2d4851a1d">
      <Output>
        <ErrorInfo>
          <Message>Assert.Inconclusive failed. No appropriate type parameter is found to satisfies the type constraint(s) of T. Please call CloneTestHelper&lt;T&gt;() with appropriate type parameters.</Message>
          <StackTrace>   at Konnetic.Sip.UnitTests.AuthHeaderFieldGroupAdapter.CloneTest() in D:\Business\Development\Konnetic\UnifySipApi\Production\Src\Konnetic Unify SIP API\Konnetic.Sip.UnitTests\HeaderFields\SecurityHeaderFieldGroupAdapter.cs:line 101
</StackTrace>
        </ErrorInfo>
      </Output>
    </UnitTestResult>
    <UnitTestResult executionId="2dcd9d89-bfd8-47b2-8f76-11d3af295007" testId="ca3899a2-5ef4-0a20-aa0d-3c4a23704f55" testName="ParseTest" computerName="SERVER001" duration="00:00:00.0012354" startTime="2010-01-24T19:15:48.9098482+11:00" endTime="2010-01-24T19:15:48.9138482+11:00" testType="13cdc9d9-ddb5-4fa4-a97d-d965ccfc6d4b" outcome="Inconclusive" testListId="8c84fa94-04c1-424b-9868-57a2d4851a1d">
      <Output>
        <ErrorInfo>
          <Message>Assert.Inconclusive failed. No appropriate type parameter is found to satisfies the type constraint(s) of T. Please call ParseTestHelper&lt;T&gt;() with appropriate type parameters.</Message>
          <StackTrace>   at Konnetic.Sip.UnitTests.AuthHeaderFieldGroupAdapter.ParseTest() in D:\Business\Development\Konnetic\UnifySipApi\Production\Src\Konnetic Unify SIP API\Konnetic.Sip.UnitTests\HeaderFields\SecurityHeaderFieldGroupAdapter.cs:line 80
</StackTrace>
        </ErrorInfo>
      </Output>
    </UnitTestResult>
    <UnitTestResult executionId="6c4fccf7-1611-4f16-be6c-eb50ff194f7a" testId="4b7943ae-fd96-7f84-a79e-6cf51639fef8" testName="AuthorizationHeaderFieldConstructorTest" computerName="SERVER001" duration="00:00:00.1190564" startTime="2010-01-24T19:15:48.9138482+11:00" endTime="2010-01-24T19:15:49.0358482+11:00" testType="13cdc9d9-ddb5-4fa4-a97d-d965ccfc6d4b" outcome="Failed" testListId="8c84fa94-04c1-424b-9868-57a2d4851a1d">
      <Output>
        <ErrorInfo>
          <Message>Test method Konnetic.Sip.UnitTests.AuthorizationHeaderFieldAdapter.AuthorizationHeaderFieldConstructorTest threw exception:  System.NullReferenceException: Object reference not set to an instance of an object..</Message>
          <StackTrace>    at Konnetic.Sip.Headers.SchemeHeaderFieldBase.get_Algorithm() in D:\Business\Development\Konnetic\UnifySipApi\Production\Src\Konnetic Unify SIP API\Konnetic.Sip\Headers\BaseHeaderFields\SchemeHeaderFieldBase.cs:line 38
   at Konnetic.Sip.UnitTests.AuthorizationHeaderFieldAdapter.AuthorizationHeaderFieldConstructorTest() in D:\Business\Development\Konnetic\UnifySipApi\Production\Src\Konnetic Unify SIP API\Konnetic.Sip.UnitTests\HeaderFields\AuthorizationHeaderFieldAdapter.cs:line 55
</StackTrace>
        </ErrorInfo>
      </Output>
    </UnitTestResult>
    <UnitTestResult executionId="4f84a61a-9013-4132-a142-c8f71bbe9bd2" testId="53fdcf4d-8752-94e5-f9e1-a193818a7871" testName="AuthorizationHeaderFieldConstructorTest1" computerName="SERVER001" duration="00:00:00.0021368" startTime="2010-01-24T19:15:49.0368482+11:00" endTime="2010-01-24T19:15:49.0418482+11:00" testType="13cdc9d9-ddb5-4fa4-a97d-d965ccfc6d4b" outcome="Failed" testListId="8c84fa94-04c1-424b-9868-57a2d4851a1d">
      <Output>
        <ErrorInfo>
          <Message>Test method Konnetic.Sip.UnitTests.AuthorizationHeaderFieldAdapter.AuthorizationHeaderFieldConstructorTest1 threw exception:  System.NullReferenceException: Object reference not set to an instance of an object..</Message>
          <StackTrace>    at Konnetic.Sip.Headers.SchemeHeaderFieldBase.get_Algorithm() in D:\Business\Development\Konnetic\UnifySipApi\Production\Src\Konnetic Unify SIP API\Konnetic.Sip\Headers\BaseHeaderFields\SchemeHeaderFieldBase.cs:line 38
   at Konnetic.Sip.UnitTests.AuthorizationHeaderFieldAdapter.AuthorizationHeaderFieldConstructorTest1() in D:\Business\Development\Konnetic\UnifySipApi\Production\Src\Konnetic Unify SIP API\Konnetic.Sip.UnitTests\HeaderFields\AuthorizationHeaderFieldAdapter.cs:line 79
</StackTrace>
        </ErrorInfo>
      </Output>
    </UnitTestResult>
    <UnitTestResult executionId="ef6c8c90-76b8-4129-9a4c-b0dd81c17e55" testId="78c352a6-0f34-2b5c-a271-c2fe6fb225ba" testName="CloneTest" computerName="SERVER001" duration="00:00:00.0027602" startTime="2010-01-24T19:15:49.0428482+11:00" endTime="2010-01-24T19:15:49.0478482+11:00" testType="13cdc9d9-ddb5-4fa4-a97d-d965ccfc6d4b" outcome="Failed" testListId="8c84fa94-04c1-424b-9868-57a2d4851a1d">
      <Output>
        <ErrorInfo>
          <Message>Test method Konnetic.Sip.UnitTests.AuthorizationHeaderFieldAdapter.CloneTest threw exception:  System.NullReferenceException: Object reference not set to an instance of an object..</Message>
          <StackTrace>    at Konnetic.Sip.Headers.AuthorizationHeaderField.Clone() in D:\Business\Development\Konnetic\UnifySipApi\Production\Src\Konnetic Unify SIP API\Konnetic.Sip\Headers\AuthorizationHeaderField.cs:line 145
   at Konnetic.Sip.UnitTests.AuthorizationHeaderFieldAdapter.CloneTest() in D:\Business\Development\Konnetic\UnifySipApi\Production\Src\Konnetic Unify SIP API\Konnetic.Sip.UnitTests\HeaderFields\AuthorizationHeaderFieldAdapter.cs:line 104
</StackTrace>
        </ErrorInfo>
      </Output>
    </UnitTestResult>
    <UnitTestResult executionId="131d20f3-940e-4d45-b5a2-ae3464325491" testId="cfc34de2-afba-0a3d-cb8a-3072831a3fc5" testName="EqualsTest" computerName="SERVER001" duration="00:00:00.0142902" startTime="2010-01-24T19:15:49.0478482+11:00" endTime="2010-01-24T19:15:49.0648482+11:00" testType="13cdc9d9-ddb5-4fa4-a97d-d965ccfc6d4b" outcome="Failed" testListId="8c84fa94-04c1-424b-9868-57a2d4851a1d">
      <Output>
        <ErrorInfo>
          <Message>Test method Konnetic.Sip.UnitTests.AuthorizationHeaderFieldAdapter.EqualsTest threw exception:  System.NullReferenceException: Object reference not set to an instance of an object..</Message>
          <StackTrace>    at Konnetic.Sip.Headers.SchemeHeaderFieldBase.set_Realm(String value) in D:\Business\Development\Konnetic\UnifySipApi\Production\Src\Konnetic Unify SIP API\Konnetic.Sip\Headers\BaseHeaderFields\SchemeHeaderFieldBase.cs:line 200
   at Konnetic.Sip.UnitTests.AuthorizationHeaderFieldAdapter.EqualsTest() in D:\Business\Development\Konnetic\UnifySipApi\Production\Src\Konnetic Unify SIP API\Konnetic.Sip.UnitTests\HeaderFields\AuthorizationHeaderFieldAdapter.cs:line 137
</StackTrace>
        </ErrorInfo>
      </Output>
    </UnitTestResult>
    <UnitTestResult executionId="7b923810-2be3-4530-89fb-20a2e6fe067e" testId="f21ed412-50ba-85c7-73e2-e5454f45b29e" testName="GetStringValueTest" computerName="SERVER001" duration="00:00:00.0051452" startTime="2010-01-24T19:15:49.0658482+11:00" endTime="2010-01-24T19:15:49.0738482+11:00" testType="13cdc9d9-ddb5-4fa4-a97d-d965ccfc6d4b" outcome="Failed" testListId="8c84fa94-04c1-424b-9868-57a2d4851a1d">
      <Output>
        <ErrorInfo>
          <Message>Test method Konnetic.Sip.UnitTests.AuthorizationHeaderFieldAdapter.GetStringValueTest threw exception:  System.NullReferenceException: Object reference not set to an instance of an object..</Message>
          <StackTrace>    at Konnetic.Sip.Headers.SchemeHeaderFieldBase.set_Algorithm(String value) in D:\Business\Development\Konnetic\UnifySipApi\Production\Src\Konnetic Unify SIP API\Konnetic.Sip\Headers\BaseHeaderFields\SchemeHeaderFieldBase.cs:line 58
   at Konnetic.Sip.UnitTests.AuthorizationHeaderFieldAdapter.GetStringValueTest() in D:\Business\Development\Konnetic\UnifySipApi\Production\Src\Konnetic Unify SIP API\Konnetic.Sip.UnitTests\HeaderFields\AuthorizationHeaderFieldAdapter.cs:line 172
</StackTrace>
        </ErrorInfo>
      </Output>
    </UnitTestResult>
    <UnitTestResult executionId="743f4df6-69f3-47f8-a012-ffddceda75b3" testId="9e563c9b-580f-9e4b-a429-fe9560fd6933" testName="op_ExplicitTest" computerName="SERVER001" duration="00:00:00.0039233" startTime="2010-01-24T19:15:49.0768482+11:00" endTime="2010-01-24T19:15:49.0838482+11:00" testType="13cdc9d9-ddb5-4fa4-a97d-d965ccfc6d4b" outcome="Failed" testListId="8c84fa94-04c1-424b-9868-57a2d4851a1d">
      <Output>
        <ErrorInfo>
          <Message>Test method Konnetic.Sip.UnitTests.AuthorizationHeaderFieldAdapter.op_ExplicitTest threw exception:  System.NullReferenceException: Object reference not set to an instance of an object..</Message>
          <StackTrace>    at Konnetic.Sip.Headers.AuthorizationHeaderFieldBase.set_Response(String value) in D:\Business\Development\Konnetic\UnifySipApi\Production\Src\Konnetic Unify SIP API\Konnetic.Sip\Headers\BaseHeaderFields\AuthorizationHeaderFieldBase.cs:line 188
   at Konnetic.Sip.UnitTests.AuthorizationHeaderFieldAdapter.op_ExplicitTest() in D:\Business\Development\Konnetic\UnifySipApi\Production\Src\Konnetic Unify SIP API\Konnetic.Sip.UnitTests\HeaderFields\AuthorizationHeaderFieldAdapter.cs:line 212
</StackTrace>
        </ErrorInfo>
      </Output>
    </UnitTestResult>
    <UnitTestResult executionId="2b1028f5-ed4b-4b61-9541-f8ebb77ed0cb" testId="f88ad514-d164-710a-f7c9-edec1f48a439" testName="op_ExplicitTest1" computerName="SERVER001" duration="00:00:00.0012181" startTime="2010-01-24T19:15:49.0838482+11:00" endTime="2010-01-24T19:15:49.0878482+11:00" testType="13cdc9d9-ddb5-4fa4-a97d-d965ccfc6d4b" outcome="Passed" testListId="8c84fa94-04c1-424b-9868-57a2d4851a1d">
      <Output>
      </Output>
    </UnitTestResult>
    <UnitTestResult executionId="1e102d37-7e4f-4863-a07d-ac2af69fbc56" testId="8e036fee-8400-ab80-9758-d72863e8f2df" testName="op_ImplicitTest" computerName="SERVER001" duration="00:00:00.0199693" startTime="2010-01-24T19:15:49.0888482+11:00" endTime="2010-01-24T19:15:49.1118482+11:00" testType="13cdc9d9-ddb5-4fa4-a97d-d965ccfc6d4b" outcome="Failed" testListId="8c84fa94-04c1-424b-9868-57a2d4851a1d">
      <Output>
        <ErrorInfo>
          <Message>Test method Konnetic.Sip.UnitTests.AuthorizationHeaderFieldAdapter.op_ImplicitTest threw exception:  System.NullReferenceException: Object reference not set to an instance of an object..</Message>
          <StackTrace>    at Konnetic.Sip.Headers.ParamatizedHeaderFieldBase.Parse(String value) in D:\Business\Development\Konnetic\UnifySipApi\Production\Src\Konnetic Unify SIP API\Konnetic.Sip\Headers\BaseHeaderFields\ParamatizedHeaderFieldBase.cs:line 221
   at Konnetic.Sip.Headers.SecurityHeaderFieldBase.Parse(String value) in D:\Business\Development\Konnetic\UnifySipApi\Production\Src\Konnetic Unify SIP API\Konnetic.Sip\Headers\BaseHeaderFields\SecurityHeaderFieldBase.cs:line 74
   at Konnetic.Sip.Headers.SchemeHeaderFieldBase.Parse(String value) in D:\Business\Development\Konnetic\UnifySipApi\Production\Src\Konnetic Unify SIP API\Konnetic.Sip\Headers\BaseHeaderFields\SchemeHeaderFieldBase.cs:line 369
   at Konnetic.Sip.Headers.AuthorizationHeaderFieldBase.Parse(String value) in D:\Business\Development\Konnetic\UnifySipApi\Production\Src\Konnetic Unify SIP API\Konnetic.Sip\Headers\BaseHeaderFields\AuthorizationHeaderFieldBase.cs:line 426
   at Konnetic.Sip.Headers.AuthorizationHeaderField.Parse(String value) in D:\Business\Development\Konnetic\UnifySipApi\Production\Src\Konnetic Unify SIP API\Konnetic.Sip\Headers\AuthorizationHeaderField.cs:line 242
   at Konnetic.Sip.Headers.AuthorizationHeaderField.op_Implicit(String value) in D:\Business\Development\Konnetic\UnifySipApi\Production\Src\Konnetic Unify SIP API\Konnetic.Sip\Headers\AuthorizationHeaderField.cs:line 118
   at Konnetic.Sip.UnitTests.AuthorizationHeaderFieldAdapter.op_ImplicitTest() in D:\Business\Development\Konnetic\UnifySipApi\Production\Src\Konnetic Unify SIP API\Konnetic.Sip.UnitTests\HeaderFields\AuthorizationHeaderFieldAdapter.cs:line 242
</StackTrace>
        </ErrorInfo>
      </Output>
    </UnitTestResult>
    <UnitTestResult executionId="fa580551-7e7b-44a1-93ec-2722bd70d587" testId="7eddd2c9-38fd-a5e1-a909-96ab6ec1a8f6" testName="CNonceTest" computerName="SERVER001" duration="00:00:00.0036707" startTime="2010-01-24T19:15:49.1128482+11:00" endTime="2010-01-24T19:15:49.1188482+11:00" testType="13cdc9d9-ddb5-4fa4-a97d-d965ccfc6d4b" outcome="Failed" testListId="8c84fa94-04c1-424b-9868-57a2d4851a1d">
      <Output>
        <ErrorInfo>
          <Message>Test method Konnetic.Sip.UnitTests.AuthorizationHeaderFieldBaseAdapter.CNonceTest threw exception:  System.NullReferenceException: Object reference not set to an instance of an object..</Message>
          <StackTrace>    at Konnetic.Sip.Headers.AuthorizationHeaderFieldBase.set_CNonce(String value) in D:\Business\Development\Konnetic\UnifySipApi\Production\Src\Konnetic Unify SIP API\Konnetic.Sip\Headers\BaseHeaderFields\AuthorizationHeaderFieldBase.cs:line 93
   at Konnetic.Sip.UnitTests.AuthorizationHeaderFieldBaseAdapter.CNonceTest() in D:\Business\Development\Konnetic\UnifySipApi\Production\Src\Konnetic Unify SIP API\Konnetic.Sip.UnitTests\HeaderFields\AuthorizationHeaderFieldBaseAdapter.cs:line 52
</StackTrace>
        </ErrorInfo>
      </Output>
    </UnitTestResult>
    <UnitTestResult executionId="73f14df2-be41-4277-8cd3-d9b4ab001473" testId="d9ee298b-fb9a-9d11-6d93-cb9cf649019e" testName="EqualsTest" computerName="SERVER001" duration="00:00:00.0038178" startTime="2010-01-24T19:15:49.1198482+11:00" endTime="2010-01-24T19:15:49.1268482+11:00" testType="13cdc9d9-ddb5-4fa4-a97d-d965ccfc6d4b" outcome="Failed" testListId="8c84fa94-04c1-424b-9868-57a2d4851a1d">
      <Output>
        <ErrorInfo>
          <Message>Test method Konnetic.Sip.UnitTests.AuthorizationHeaderFieldBaseAdapter.EqualsTest threw exception:  System.NullReferenceException: Object reference not set to an instance of an object..</Message>
          <StackTrace>    at Konnetic.Sip.Headers.AuthorizationHeaderFieldBase.set_Response(String value) in D:\Business\Development\Konnetic\UnifySipApi\Production\Src\Konnetic Unify SIP API\Konnetic.Sip\Headers\BaseHeaderFields\AuthorizationHeaderFieldBase.cs:line 188
   at Konnetic.Sip.UnitTests.AuthorizationHeaderFieldBaseAdapter.EqualsTest() in D:\Business\Development\Konnetic\UnifySipApi\Production\Src\Konnetic Unify SIP API\Konnetic.Sip.UnitTests\HeaderFields\AuthorizationHeaderFieldBaseAdapter.cs:line 82
</StackTrace>
        </ErrorInfo>
      </Output>
    </UnitTestResult>
    <UnitTestResult executionId="dc9dec71-2c8a-4363-99ee-338574b46d80" testId="1bfaba6c-99fd-3ed9-5612-7d46a332a15b" testName="EqualsTest1" computerName="SERVER001" duration="00:00:00.0029774" startTime="2010-01-24T19:15:49.1278482+11:00" endTime="2010-01-24T19:15:49.1338482+11:00" testType="13cdc9d9-ddb5-4fa4-a97d-d965ccfc6d4b" outcome="Failed" testListId="8c84fa94-04c1-424b-9868-57a2d4851a1d">
      <Output>
        <ErrorInfo>
          <Message>Test method Konnetic.Sip.UnitTests.AuthorizationHeaderFieldBaseAdapter.EqualsTest1 threw exception:  System.NullReferenceException: Object reference not set to an instance of an object..</Message>
          <StackTrace>    at Konnetic.Sip.Headers.SchemeHeaderFieldBase.set_Realm(String value) in D:\Business\Development\Konnetic\UnifySipApi\Production\Src\Konnetic Unify SIP API\Konnetic.Sip\Headers\BaseHeaderFields\SchemeHeaderFieldBase.cs:line 200
   at Konnetic.Sip.UnitTests.AuthorizationHeaderFieldBaseAdapter.EqualsTest1() in D:\Business\Development\Konnetic\UnifySipApi\Production\Src\Konnetic Unify SIP API\Konnetic.Sip.UnitTests\HeaderFields\AuthorizationHeaderFieldBaseAdapter.cs:line 107
</StackTrace>
        </ErrorInfo>
      </Output>
    </UnitTestResult>
    <UnitTestResult executionId="408ec77e-2069-40d6-b0dc-f9c3783361b1" testId="edd461de-e8c6-30e5-8034-07800c3631ef" testName="EqualsTest2" computerName="SERVER001" duration="00:00:00.0053432" startTime="2010-01-24T19:15:49.1348482+11:00" endTime="2010-01-24T19:15:49.1428482+11:00" testType="13cdc9d9-ddb5-4fa4-a97d-d965ccfc6d4b" outcome="Failed" testListId="8c84fa94-04c1-424b-9868-57a2d4851a1d">
      <Output>
        <ErrorInfo>
          <Message>Test method Konnetic.Sip.UnitTests.AuthorizationHeaderFieldBaseAdapter.EqualsTest2 threw exception:  System.NullReferenceException: Object reference not set to an instance of an object..</Message>
          <StackTrace>    at Konnetic.Sip.Headers.SchemeHeaderFieldBase.set_Realm(String value) in D:\Business\Development\Konnetic\UnifySipApi\Production\Src\Konnetic Unify SIP API\Konnetic.Sip\Headers\BaseHeaderFields\SchemeHeaderFieldBase.cs:line 200
   at Konnetic.Sip.UnitTests.AuthorizationHeaderFieldBaseAdapter.EqualsTest2() in D:\Business\Development\Konnetic\UnifySipApi\Production\Src\Konnetic Unify SIP API\Konnetic.Sip.UnitTests\HeaderFields\AuthorizationHeaderFieldBaseAdapter.cs:line 156
</StackTrace>
        </ErrorInfo>
      </Output>
    </UnitTestResult>
    <UnitTestResult executionId="a15fc4db-0a34-4807-99e5-ac53476cb5f2" testId="84e20c4d-1403-12bb-a10f-ba8b9a8d759b" testName="GetStringValueTest" computerName="SERVER001" duration="00:00:00.0028243" startTime="2010-01-24T19:15:49.1438482+11:00" endTime="2010-01-24T19:15:49.1488482+11:00" testType="13cdc9d9-ddb5-4fa4-a97d-d965ccfc6d4b" outcome="Failed" testListId="8c84fa94-04c1-424b-9868-57a2d4851a1d">
      <Output>
        <ErrorInfo>
          <Message>Test method Konnetic.Sip.UnitTests.AuthorizationHeaderFieldBaseAdapter.GetStringValueTest threw exception:  System.NullReferenceException: Object reference not set to an instance of an object..</Message>
          <StackTrace>    at Konnetic.Sip.Headers.SchemeHeaderFieldBase.set_Algorithm(String value) in D:\Business\Development\Konnetic\UnifySipApi\Production\Src\Konnetic Unify SIP API\Konnetic.Sip\Headers\BaseHeaderFields\SchemeHeaderFieldBase.cs:line 58
   at Konnetic.Sip.UnitTests.AuthorizationHeaderFieldBaseAdapter.GetStringValueTest() in D:\Business\Development\Konnetic\UnifySipApi\Production\Src\Konnetic Unify SIP API\Konnetic.Sip.UnitTests\HeaderFields\AuthorizationHeaderFieldBaseAdapter.cs:line 294
</StackTrace>
        </ErrorInfo>
      </Output>
    </UnitTestResult>
    <UnitTestResult executionId="66108f89-e0cd-4fab-b5eb-5d8066436eea" testId="5e83aea4-5d93-4a26-1885-99c7abf13ff3" testName="IsValidTest" computerName="SERVER001" duration="00:00:00.0026859" startTime="2010-01-24T19:15:49.1498482+11:00" endTime="2010-01-24T19:15:49.1558482+11:00" testType="13cdc9d9-ddb5-4fa4-a97d-d965ccfc6d4b" outcome="Failed" testListId="8c84fa94-04c1-424b-9868-57a2d4851a1d">
      <Output>
        <ErrorInfo>
          <Message>Test method Konnetic.Sip.UnitTests.AuthorizationHeaderFieldBaseAdapter.IsValidTest threw exception:  System.NullReferenceException: Object reference not set to an instance of an object..</Message>
          <StackTrace>    at Konnetic.Sip.Headers.ParamatizedHeaderFieldBase.get_HasParameters() in D:\Business\Development\Konnetic\UnifySipApi\Production\Src\Konnetic Unify SIP API\Konnetic.Sip\Headers\BaseHeaderFields\ParamatizedHeaderFieldBase.cs:line 43
   at Konnetic.Sip.Headers.ParamatizedHeaderFieldBase.IsValid() in D:\Business\Development\Konnetic\UnifySipApi\Production\Src\Konnetic Unify SIP API\Konnetic.Sip\Headers\BaseHeaderFields\ParamatizedHeaderFieldBase.cs:line 202
   at Konnetic.Sip.Headers.SecurityHeaderFieldBase.IsValid() in D:\Business\Development\Konnetic\UnifySipApi\Production\Src\Konnetic Unify SIP API\Konnetic.Sip\Headers\BaseHeaderFields\SecurityHeaderFieldBase.cs:line 51
   at Konnetic.Sip.Headers.SchemeHeaderFieldBase.IsValid() in D:\Business\Development\Konnetic\UnifySipApi\Production\Src\Konnetic Unify SIP API\Konnetic.Sip\Headers\BaseHeaderFields\SchemeHeaderFieldBase.cs:line 331
   at Konnetic.Sip.Headers.AuthorizationHeaderFieldBase.IsValid() in D:\Business\Development\Konnetic\UnifySipApi\Production\Src\Konnetic Unify SIP API\Konnetic.Sip\Headers\BaseHeaderFields\AuthorizationHeaderFieldBase.cs:line 378
   at Konnetic.Sip.UnitTests.AuthorizationHeaderFieldBaseAdapter.IsValidTest() in D:\Business\Development\Konnetic\UnifySipApi\Production\Src\Konnetic Unify SIP API\Konnetic.Sip.UnitTests\HeaderFields\AuthorizationHeaderFieldBaseAdapter.cs:line 176
</StackTrace>
        </ErrorInfo>
      </Output>
    </UnitTestResult>
    <UnitTestResult executionId="d211b42c-ee20-4a4b-9707-1756ea7b19d5" testId="927f2713-67eb-32ce-11a3-fc6e816015a1" testName="NonceCountTest" computerName="SERVER001" duration="00:00:00.0024600" startTime="2010-01-24T19:15:49.1558482+11:00" endTime="2010-01-24T19:15:49.1608482+11:00" testType="13cdc9d9-ddb5-4fa4-a97d-d965ccfc6d4b" outcome="Failed" testListId="8c84fa94-04c1-424b-9868-57a2d4851a1d">
      <Output>
        <ErrorInfo>
          <Message>Test method Konnetic.Sip.UnitTests.AuthorizationHeaderFieldBaseAdapter.NonceCountTest threw exception:  System.NullReferenceException: Object reference not set to an instance of an object..</Message>
          <StackTrace>    at Konnetic.Sip.Headers.AuthorizationHeaderFieldBase.set_NonceCount(String value) in D:\Business\Development\Konnetic\UnifySipApi\Production\Src\Konnetic Unify SIP API\Konnetic.Sip\Headers\BaseHeaderFields\AuthorizationHeaderFieldBase.cs:line 141
   at Konnetic.Sip.UnitTests.AuthorizationHeaderFieldBaseAdapter.NonceCountTest() in D:\Business\Development\Konnetic\UnifySipApi\Production\Src\Konnetic Unify SIP API\Konnetic.Sip.UnitTests\HeaderFields\AuthorizationHeaderFieldBaseAdapter.cs:line 194
</StackTrace>
        </ErrorInfo>
      </Output>
    </UnitTestResult>
    <UnitTestResult executionId="07316fc3-9084-464e-bcf3-b3234bb22283" testId="5362163e-0e42-7373-a7ac-a3fea5f5ff7f" testName="ParseTest" computerName="SERVER001" duration="00:00:00.0326002" startTime="2010-01-24T19:15:49.1618482+11:00" endTime="2010-01-24T19:15:49.1968482+11:00" testType="13cdc9d9-ddb5-4fa4-a97d-d965ccfc6d4b" outcome="Failed" testListId="8c84fa94-04c1-424b-9868-57a2d4851a1d">
      <Output>
        <ErrorInfo>
          <Message>Test method Konnetic.Sip.UnitTests.AuthorizationHeaderFieldBaseAdapter.ParseTest threw exception:  System.NullReferenceException: Object reference not set to an instance of an object..</Message>
          <StackTrace>    at Konnetic.Sip.Headers.ParamatizedHeaderFieldBase.Parse(String value) in D:\Business\Development\Konnetic\UnifySipApi\Production\Src\Konnetic Unify SIP API\Konnetic.Sip\Headers\BaseHeaderFields\ParamatizedHeaderFieldBase.cs:line 221
   at Konnetic.Sip.Headers.SecurityHeaderFieldBase.Parse(String value) in D:\Business\Development\Konnetic\UnifySipApi\Production\Src\Konnetic Unify SIP API\Konnetic.Sip\Headers\BaseHeaderFields\SecurityHeaderFieldBase.cs:line 74
   at Konnetic.Sip.Headers.SchemeHeaderFieldBase.Parse(String value) in D:\Business\Development\Konnetic\UnifySipApi\Production\Src\Konnetic Unify SIP API\Konnetic.Sip\Headers\BaseHeaderFields\SchemeHeaderFieldBase.cs:line 369
   at Konnetic.Sip.Headers.AuthorizationHeaderFieldBase.Parse(String value) in D:\Business\Development\Konnetic\UnifySipApi\Production\Src\Konnetic Unify SIP API\Konnetic.Sip\Headers\BaseHeaderFields\AuthorizationHeaderFieldBase.cs:line 426
   at Konnetic.Sip.Headers.AuthorizationHeaderField.Parse(String value) in D:\Business\Development\Konnetic\UnifySipApi\Production\Src\Konnetic Unify SIP API\Konnetic.Sip\Headers\AuthorizationHeaderField.cs:line 242
   at Konnetic.Sip.UnitTests.AuthorizationHeaderFieldBaseAdapter.ParseTest() in D:\Business\Development\Konnetic\UnifySipApi\Production\Src\Konnetic Unify SIP API\Konnetic.Sip.UnitTests\HeaderFields\AuthorizationHeaderFieldBaseAdapter.cs:line 212
</StackTrace>
        </ErrorInfo>
      </Output>
    </UnitTestResult>
    <UnitTestResult executionId="c231d51f-2e29-4ebb-ad21-8309fa024cf2" testId="b6546c86-e6d1-5c92-19ef-f904080cf8c3" testName="ResponseTest" computerName="SERVER001" duration="00:00:00.0017107" startTime="2010-01-24T19:15:49.1978482+11:00" endTime="2010-01-24T19:15:49.2018482+11:00" testType="13cdc9d9-ddb5-4fa4-a97d-d965ccfc6d4b" outcome="Failed" testListId="8c84fa94-04c1-424b-9868-57a2d4851a1d">
      <Output>
        <ErrorInfo>
          <Message>Test method Konnetic.Sip.UnitTests.AuthorizationHeaderFieldBaseAdapter.ResponseTest threw exception:  System.NullReferenceException: Object reference not set to an instance of an object..</Message>
          <StackTrace>    at Konnetic.Sip.Headers.AuthorizationHeaderFieldBase.set_Response(String value) in D:\Business\Development\Konnetic\UnifySipApi\Production\Src\Konnetic Unify SIP API\Konnetic.Sip\Headers\BaseHeaderFields\AuthorizationHeaderFieldBase.cs:line 178
   at Konnetic.Sip.UnitTests.AuthorizationHeaderFieldBaseAdapter.ResponseTest() in D:\Business\Development\Konnetic\UnifySipApi\Production\Src\Konnetic Unify SIP API\Konnetic.Sip.UnitTests\HeaderFields\AuthorizationHeaderFieldBaseAdapter.cs:line 257
</StackTrace>
        </ErrorInfo>
      </Output>
    </UnitTestResult>
    <UnitTestResult executionId="a7e0d006-b6ae-43d3-823b-977715cbf94d" testId="62d00f27-fc8d-137e-2f74-c2404c24d9ae" testName="ResponseTest1" computerName="SERVER001" duration="00:00:00.0009605" startTime="2010-01-24T19:15:49.2028482+11:00" endTime="2010-01-24T19:15:49.2058482+11:00" testType="13cdc9d9-ddb5-4fa4-a97d-d965ccfc6d4b" outcome="Passed" testListId="8c84fa94-04c1-424b-9868-57a2d4851a1d">
      <Output>
      </Output>
    </UnitTestResult>
    <UnitTestResult executionId="209ac1f4-2f6f-4558-934e-a7e03ba7d7b8" testId="684e5f58-2e48-e0a8-32da-f4469e918e77" testName="UriTest" computerName="SERVER001" duration="00:00:00.0548346" startTime="2010-01-24T19:15:49.2068482+11:00" endTime="2010-01-24T19:15:49.2648482+11:00" testType="13cdc9d9-ddb5-4fa4-a97d-d965ccfc6d4b" outcome="Failed" testListId="8c84fa94-04c1-424b-9868-57a2d4851a1d">
      <Output>
        <ErrorInfo>
          <Message>Test method Konnetic.Sip.UnitTests.AuthorizationHeaderFieldBaseAdapter.UriTest threw exception:  System.NullReferenceException: Object reference not set to an instance of an object..</Message>
          <StackTrace>    at Konnetic.Sip.Headers.ParamatizedHeaderFieldBase.Parse(String value) in D:\Business\Development\Konnetic\UnifySipApi\Production\Src\Konnetic Unify SIP API\Konnetic.Sip\Headers\BaseHeaderFields\ParamatizedHeaderFieldBase.cs:line 221
   at Konnetic.Sip.Headers.SipUriHeaderFieldBase.Parse(String value) in D:\Business\Development\Konnetic\UnifySipApi\Production\Src\Konnetic Unify SIP API\Konnetic.Sip\Headers\BaseHeaderFields\SipUriHeaderFieldBase.cs:line 235
   at Konnetic.Sip.Headers.AddressedHeaderFieldBase.Parse(String value) in D:\Business\Development\Konnetic\UnifySipApi\Production\Src\Konnetic Unify SIP API\Konnetic.Sip\Headers\BaseHeaderFields\AddressedHeaderFieldBase.cs:line 217
   at Konnetic.Sip.Headers.ToHeaderField.Parse(String value) in D:\Business\Development\Konnetic\UnifySipApi\Production\Src\Konnetic Unify SIP API\Konnetic.Sip\Headers\ToHeaderField.cs:line 275
   at Konnetic.Sip.Headers.HeaderFieldCollection.Add(String name, String value) in D:\Business\Development\Konnetic\UnifySipApi\Production\Src\Konnetic Unify SIP API\Konnetic.Sip\Headers\SupportTypes\HeaderFieldCollection.cs:line 98
   at Konnetic.Sip.Headers.HeaderFieldCollection.Add(String nameValuePair) in D:\Business\Development\Konnetic\UnifySipApi\Production\Src\Konnetic Unify SIP API\Konnetic.Sip\Headers\SupportTypes\HeaderFieldCollection.cs:line 79
   at Konnetic.Sip.SipStyleUriParser.ParseHeaders(SipUri uri) in D:\Business\Development\Konnetic\UnifySipApi\Production\Src\Konnetic Unify SIP API\Konnetic.Sip\Advanced\SipStyleUriParser.cs:line 237
   at Konnetic.Sip.SipUriBuilder.init(SipUri uri) in D:\Business\Development\Konnetic\UnifySipApi\Production\Src\Konnetic Unify SIP API\Konnetic.Sip\Advanced\SipUriBuilder.cs:line 483
   at Konnetic.Sip.SipUriBuilder..ctor(SipUri uri) in D:\Business\Development\Konnetic\UnifySipApi\Production\Src\Konnetic Unify SIP API\Konnetic.Sip\Advanced\SipUriBuilder.cs:line 431
   at Konnetic.Sip.SipUri..ctor(String uri, String domain) in D:\Business\Development\Konnetic\UnifySipApi\Production\Src\Konnetic Unify SIP API\Konnetic.Sip\SipUri.cs:line 174
   at Konnetic.Sip.SipUri..ctor(String uri) in D:\Business\Development\Konnetic\UnifySipApi\Production\Src\Konnetic Unify SIP API\Konnetic.Sip\SipUri.cs:line 164
   at Konnetic.Sip.UnitTests.AuthorizationHeaderFieldBaseAdapter.UriTest() in D:\Business\Development\Konnetic\UnifySipApi\Production\Src\Konnetic Unify SIP API\Konnetic.Sip.UnitTests\HeaderFields\AuthorizationHeaderFieldBaseAdapter.cs:line 333
</StackTrace>
        </ErrorInfo>
      </Output>
    </UnitTestResult>
    <UnitTestResult executionId="f3d0068f-ba83-47e5-83e5-c5aad82fca30" testId="f054641a-70e0-0abd-b7e6-795968c12f53" testName="UsernameTest" computerName="SERVER001" duration="00:00:00.0029090" startTime="2010-01-24T19:15:49.2658482+11:00" endTime="2010-01-24T19:15:49.2718482+11:00" testType="13cdc9d9-ddb5-4fa4-a97d-d965ccfc6d4b" outcome="Failed" testListId="8c84fa94-04c1-424b-9868-57a2d4851a1d">
      <Output>
        <ErrorInfo>
          <Message>Test method Konnetic.Sip.UnitTests.AuthorizationHeaderFieldBaseAdapter.UsernameTest threw exception:  System.NullReferenceException: Object reference not set to an instance of an object..</Message>
          <StackTrace>    at Konnetic.Sip.Headers.AuthorizationHeaderFieldBase.set_UserName(String value) in D:\Business\Development\Konnetic\UnifySipApi\Production\Src\Konnetic Unify SIP API\Konnetic.Sip\Headers\BaseHeaderFields\AuthorizationHeaderFieldBase.cs:line 231
   at Konnetic.Sip.UnitTests.AuthorizationHeaderFieldBaseAdapter.UsernameTest() in D:\Business\Development\Konnetic\UnifySipApi\Production\Src\Konnetic Unify SIP API\Konnetic.Sip.UnitTests\HeaderFields\AuthorizationHeaderFieldBaseAdapter.cs:line 348
</StackTrace>
        </ErrorInfo>
      </Output>
    </UnitTestResult>
    <UnitTestResult executionId="d821d9f3-8fd3-408f-bb1a-6fbfdb92a4fa" testId="fcc674ae-ddfd-443f-c462-a054f8d7c32b" testName="CallIdHeaderFieldConstructorTest" computerName="SERVER001" duration="00:00:00.0055690" startTime="2010-01-24T19:15:49.2718482+11:00" endTime="2010-01-24T19:15:49.2808482+11:00" testType="13cdc9d9-ddb5-4fa4-a97d-d965ccfc6d4b" outcome="Passed" testListId="8c84fa94-04c1-424b-9868-57a2d4851a1d">
      <Output>
      </Output>
    </UnitTestResult>
    <UnitTestResult executionId="c6a6437d-eb10-447c-a6b9-ee1c22f07e82" testId="7970795d-7b49-c514-10b8-7e515b952390" testName="CallIdHeaderFieldConstructorTest1" computerName="SERVER001" duration="00:00:00.0009114" startTime="2010-01-24T19:15:49.2818482+11:00" endTime="2010-01-24T19:15:49.2858482+11:00" testType="13cdc9d9-ddb5-4fa4-a97d-d965ccfc6d4b" outcome="Passed" testListId="8c84fa94-04c1-424b-9868-57a2d4851a1d">
      <Output>
      </Output>
    </UnitTestResult>
    <UnitTestResult executionId="fd197d14-5722-4f6d-933e-6558ab55d619" testId="83754c52-8531-e906-bb19-724658716214" testName="EqualsTest" computerName="SERVER001" duration="00:00:00.0494094" startTime="2010-01-24T19:15:49.2858482+11:00" endTime="2010-01-24T19:15:49.3378482+11:00" testType="13cdc9d9-ddb5-4fa4-a97d-d965ccfc6d4b" outcome="Passed" testListId="8c84fa94-04c1-424b-9868-57a2d4851a1d">
      <Output>
      </Output>
    </UnitTestResult>
    <UnitTestResult executionId="8e8b155e-d0ef-4c9f-a105-383590525f47" testId="8b143fd9-486e-a9e8-843e-0f6d5df549f4" testName="EqualsTest1" computerName="SERVER001" duration="00:00:00.0008203" startTime="2010-01-24T19:15:49.3388482+11:00" endTime="2010-01-24T19:15:49.3428482+11:00" testType="13cdc9d9-ddb5-4fa4-a97d-d965ccfc6d4b" outcome="Passed" testListId="8c84fa94-04c1-424b-9868-57a2d4851a1d">
      <Output>
      </Output>
    </UnitTestResult>
    <UnitTestResult executionId="53992805-769b-4229-b3f7-5f491b850d4b" testId="60c4c558-ca35-ca38-d61a-4c985c589871" testName="FieldNameTest" computerName="SERVER001" duration="00:00:00.0065126" startTime="2010-01-24T19:15:49.3438482+11:00" endTime="2010-01-24T19:15:49.4258482+11:00" testType="13cdc9d9-ddb5-4fa4-a97d-d965ccfc6d4b" outcome="Passed" testListId="8c84fa94-04c1-424b-9868-57a2d4851a1d">
      <Output>
      </Output>
    </UnitTestResult>
    <UnitTestResult executionId="377fa2c5-7507-439d-9bd3-53a5cffc1fe3" testId="5f7c1d67-e395-41fb-a4ae-9d6c57f63ca3" testName="NewCallIDTest" computerName="SERVER001" duration="00:00:00.0004714" startTime="2010-01-24T19:15:49.4278482+11:00" endTime="2010-01-24T19:15:49.4308482+11:00" testType="13cdc9d9-ddb5-4fa4-a97d-d965ccfc6d4b" outcome="Passed" testListId="8c84fa94-04c1-424b-9868-57a2d4851a1d">
      <Output>
      </Output>
    </UnitTestResult>
    <UnitTestResult executionId="2e18ebda-9486-42ba-aa8d-e8bc52fe6669" testId="530ad9f8-9d84-8d72-050b-6a1845bd664d" testName="NewCallIDTest1" computerName="SERVER001" duration="00:00:00.0004781" startTime="2010-01-24T19:15:49.4318482+11:00" endTime="2010-01-24T19:15:49.4348482+11:00" testType="13cdc9d9-ddb5-4fa4-a97d-d965ccfc6d4b" outcome="Passed" testListId="8c84fa94-04c1-424b-9868-57a2d4851a1d">
      <Output>
      </Output>
    </UnitTestResult>
    <UnitTestResult executionId="a4b95345-b5d9-4b1d-8acd-59fc07590a2b" testId="693b4063-8868-611b-17dc-e3e00f8c1c78" testName="RegenerateCallIDTest" computerName="SERVER001" duration="00:00:00.0004850" startTime="2010-01-24T19:15:49.4348482+11:00" endTime="2010-01-24T19:15:49.4378482+11:00" testType="13cdc9d9-ddb5-4fa4-a97d-d965ccfc6d4b" outcome="Passed" testListId="8c84fa94-04c1-424b-9868-57a2d4851a1d">
      <Output>
      </Output>
    </UnitTestResult>
    <UnitTestResult executionId="0b790f21-d1c1-4926-97a9-62c789652f9a" testId="7223519c-1ccb-e68b-346b-974b196952b8" testName="RegenerateCallIDTest1" computerName="SERVER001" duration="00:00:00.0021759" startTime="2010-01-24T19:15:49.4388482+11:00" endTime="2010-01-24T19:15:49.4428482+11:00" testType="13cdc9d9-ddb5-4fa4-a97d-d965ccfc6d4b" outcome="Passed" testListId="8c84fa94-04c1-424b-9868-57a2d4851a1d">
      <Output>
      </Output>
    </UnitTestResult>
    <UnitTestResult executionId="70a12f65-0f48-4ce4-be2a-2e4b934eac70" testId="498cdc58-e9d9-f776-fd88-555fa30fb569" testName="ToBytesTest" computerName="SERVER001" duration="00:00:00.0088254" startTime="2010-01-24T19:15:49.4438482+11:00" endTime="2010-01-24T19:15:49.4558482+11:00" testType="13cdc9d9-ddb5-4fa4-a97d-d965ccfc6d4b" outcome="Passed" testListId="8c84fa94-04c1-424b-9868-57a2d4851a1d">
      <Output>
      </Output>
    </UnitTestResult>
    <UnitTestResult executionId="199d45f0-122b-4475-bbcc-434ebec86965" testId="3666c5cb-66d0-806f-3a51-cb310e4be51f" testName="ToCharsTest" computerName="SERVER001" duration="00:00:00.0078399" startTime="2010-01-24T19:15:49.4558482+11:00" endTime="2010-01-24T19:15:49.4678482+11:00" testType="13cdc9d9-ddb5-4fa4-a97d-d965ccfc6d4b" outcome="Passed" testListId="8c84fa94-04c1-424b-9868-57a2d4851a1d">
      <Output>
      </Output>
    </UnitTestResult>
    <UnitTestResult executionId="e07b9e8f-efda-436f-8319-a36a70450aef" testId="ce902bb7-9f65-7f7d-a8f8-65e8b1480988" testName="ToStringTest" computerName="SERVER001" duration="00:00:00.0070946" startTime="2010-01-24T19:15:49.4678482+11:00" endTime="2010-01-24T19:15:49.4778482+11:00" testType="13cdc9d9-ddb5-4fa4-a97d-d965ccfc6d4b" outcome="Passed" testListId="8c84fa94-04c1-424b-9868-57a2d4851a1d">
      <Output>
      </Output>
    </UnitTestResult>
    <UnitTestResult executionId="2d301ca6-7813-4611-8866-9fa65ca2b0c1" testId="c80fc2e6-8ae4-bb71-9e9f-63b448fce612" testName="ValidTest" computerName="SERVER001" duration="00:00:00.0074515" startTime="2010-01-24T19:15:49.4778482+11:00" endTime="2010-01-24T19:15:49.4878482+11:00" testType="13cdc9d9-ddb5-4fa4-a97d-d965ccfc6d4b" outcome="Passed" testListId="8c84fa94-04c1-424b-9868-57a2d4851a1d">
      <Output>
      </Output>
    </UnitTestResult>
    <UnitTestResult executionId="32d318a8-ae42-4bcf-9a09-96dfe85edc59" testId="5f7610e4-2697-060b-0675-fabfd22640d6" testName="CallInfoHeaderFieldConstructorTest" computerName="SERVER001" duration="00:00:00.0027194" startTime="2010-01-24T19:15:49.4888482+11:00" endTime="2010-01-24T19:15:49.4968482+11:00" testType="13cdc9d9-ddb5-4fa4-a97d-d965ccfc6d4b" outcome="Failed" testListId="8c84fa94-04c1-424b-9868-57a2d4851a1d">
      <Output>
        <ErrorInfo>
          <Message>Test method Konnetic.Sip.UnitTests.CallInfoHeaderFieldAdapter.CallInfoHeaderFieldConstructorTest threw exception:  System.NullReferenceException: Object reference not set to an instance of an object..</Message>
          <StackTrace>    at Konnetic.Sip.Headers.ParamatizedHeaderFieldBase.get_HasParameters() in D:\Business\Development\Konnetic\UnifySipApi\Production\Src\Konnetic Unify SIP API\Konnetic.Sip\Headers\BaseHeaderFields\ParamatizedHeaderFieldBase.cs:line 43
   at Konnetic.Sip.UnitTests.CallInfoHeaderFieldAdapter.CallInfoHeaderFieldConstructorTest() in D:\Business\Development\Konnetic\UnifySipApi\Production\Src\Konnetic Unify SIP API\Konnetic.Sip.UnitTests\HeaderFields\CallInfoHeaderFieldAdapter.cs:line 57
</StackTrace>
        </ErrorInfo>
      </Output>
    </UnitTestResult>
    <UnitTestResult executionId="1196ae0d-fae8-456b-9298-4b13d0b529c6" testId="a04bd54c-d3fc-6508-1fcd-e8dd84f49a7f" testName="CallInfoHeaderFieldConstructorTest1" computerName="SERVER001" duration="00:00:00.0014909" startTime="2010-01-24T19:15:49.4978482+11:00" endTime="2010-01-24T19:15:49.5018482+11:00" testType="13cdc9d9-ddb5-4fa4-a97d-d965ccfc6d4b" outcome="Failed" testListId="8c84fa94-04c1-424b-9868-57a2d4851a1d">
      <Output>
        <ErrorInfo>
          <Message>Test method Konnetic.Sip.UnitTests.CallInfoHeaderFieldAdapter.CallInfoHeaderFieldConstructorTest1 threw exception:  System.NullReferenceException: Object reference not set to an instance of an object..</Message>
          <StackTrace>    at Konnetic.Sip.Headers.ParamatizedHeaderFieldBase.get_HasParameters() in D:\Business\Development\Konnetic\UnifySipApi\Production\Src\Konnetic Unify SIP API\Konnetic.Sip\Headers\BaseHeaderFields\ParamatizedHeaderFieldBase.cs:line 43
   at Konnetic.Sip.UnitTests.CallInfoHeaderFieldAdapter.CallInfoHeaderFieldConstructorTest1() in D:\Business\Development\Konnetic\UnifySipApi\Production\Src\Konnetic Unify SIP API\Konnetic.Sip.UnitTests\HeaderFields\CallInfoHeaderFieldAdapter.cs:line 74
</StackTrace>
        </ErrorInfo>
      </Output>
    </UnitTestResult>
    <UnitTestResult executionId="1aca9f41-d8c8-431a-8b28-363e592e8632" testId="52622862-e198-3ea8-a12e-b904159b59f1" testName="CallInfoHeaderFieldConstructorTest2" computerName="SERVER001" duration="00:00:00.0030485" startTime="2010-01-24T19:15:49.5018482+11:00" endTime="2010-01-24T19:15:49.5078482+11:00" testType="13cdc9d9-ddb5-4fa4-a97d-d965ccfc6d4b" outcome="Failed" testListId="8c84fa94-04c1-424b-9868-57a2d4851a1d">
      <Output>
        <ErrorInfo>
          <Message>Test method Konnetic.Sip.UnitTests.CallInfoHeaderFieldAdapter.CallInfoHeaderFieldConstructorTest2 threw exception:  System.NullReferenceException: Object reference not set to an instance of an object..</Message>
          <StackTrace>    at Konnetic.Sip.Headers.CallInfoHeaderField.set_Purpose(String value) in D:\Business\Development\Konnetic\UnifySipApi\Production\Src\Konnetic Unify SIP API\Konnetic.Sip\Headers\CallInfoHeaderField.cs:line 89
   at Konnetic.Sip.Headers.CallInfoHeaderField..ctor(Uri uri, CallInfoPurpose purpose) in D:\Business\Development\Konnetic\UnifySipApi\Production\Src\Konnetic Unify SIP API\Konnetic.Sip\Headers\CallInfoHeaderField.cs:line 152
   at Konnetic.Sip.UnitTests.CallInfoHeaderFieldAdapter.CallInfoHeaderFieldConstructorTest2() in D:\Business\Development\Konnetic\UnifySipApi\Production\Src\Konnetic Unify SIP API\Konnetic.Sip.UnitTests\HeaderFields\CallInfoHeaderFieldAdapter.cs:line 82
</StackTrace>
        </ErrorInfo>
      </Output>
    </UnitTestResult>
    <UnitTestResult executionId="37518d1b-8f3d-493e-9a86-56806d92fb9b" testId="31efc700-48af-cff0-b872-b7bfb1273484" testName="CallInfoHeaderFieldConstructorTest3" computerName="SERVER001" duration="00:00:00.0018730" startTime="2010-01-24T19:15:49.5078482+11:00" endTime="2010-01-24T19:15:49.5128482+11:00" testType="13cdc9d9-ddb5-4fa4-a97d-d965ccfc6d4b" outcome="Failed" testListId="8c84fa94-04c1-424b-9868-57a2d4851a1d">
      <Output>
        <ErrorInfo>
          <Message>Test method Konnetic.Sip.UnitTests.CallInfoHeaderFieldAdapter.CallInfoHeaderFieldConstructorTest3 threw exception:  System.NullReferenceException: Object reference not set to an instance of an object..</Message>
          <StackTrace>    at Konnetic.Sip.Headers.CallInfoHeaderField.set_Purpose(String value) in D:\Business\Development\Konnetic\UnifySipApi\Production\Src\Konnetic Unify SIP API\Konnetic.Sip\Headers\CallInfoHeaderField.cs:line 89
   at Konnetic.Sip.Headers.CallInfoHeaderField..ctor(Uri uri, CallInfoPurpose purpose) in D:\Business\Development\Konnetic\UnifySipApi\Production\Src\Konnetic Unify SIP API\Konnetic.Sip\Headers\CallInfoHeaderField.cs:line 152
   at Konnetic.Sip.Headers.CallInfoHeaderField..ctor(String uri, CallInfoPurpose purpose) in D:\Business\Development\Konnetic\UnifySipApi\Production\Src\Konnetic Unify SIP API\Konnetic.Sip\Headers\CallInfoHeaderField.cs:line 125
   at Konnetic.Sip.UnitTests.CallInfoHeaderFieldAdapter.CallInfoHeaderFieldConstructorTest3() in D:\Business\Development\Konnetic\UnifySipApi\Production\Src\Konnetic Unify SIP API\Konnetic.Sip.UnitTests\HeaderFields\CallInfoHeaderFieldAdapter.cs:line 96
</StackTrace>
        </ErrorInfo>
      </Output>
    </UnitTestResult>
    <UnitTestResult executionId="82fbf039-1332-4f15-a4a0-678b7928ad08" testId="ab37664e-eba3-8c3e-98b1-54079183df78" testName="CloneTest" computerName="SERVER001" duration="00:00:00.0019248" startTime="2010-01-24T19:15:49.5128482+11:00" endTime="2010-01-24T19:15:49.5168482+11:00" testType="13cdc9d9-ddb5-4fa4-a97d-d965ccfc6d4b" outcome="Failed" testListId="8c84fa94-04c1-424b-9868-57a2d4851a1d">
      <Output>
        <ErrorInfo>
          <Message>Test method Konnetic.Sip.UnitTests.CallInfoHeaderFieldAdapter.CloneTest threw exception:  System.NullReferenceException: Object reference not set to an instance of an object..</Message>
          <StackTrace>    at Konnetic.Sip.Headers.CallInfoHeaderField.Clone() in D:\Business\Development\Konnetic\UnifySipApi\Production\Src\Konnetic Unify SIP API\Konnetic.Sip\Headers\CallInfoHeaderField.cs:line 193
   at Konnetic.Sip.UnitTests.CallInfoHeaderFieldAdapter.CloneTest() in D:\Business\Development\Konnetic\UnifySipApi\Production\Src\Konnetic Unify SIP API\Konnetic.Sip.UnitTests\HeaderFields\CallInfoHeaderFieldAdapter.cs:line 116
</StackTrace>
        </ErrorInfo>
      </Output>
    </UnitTestResult>
    <UnitTestResult executionId="1541a5ce-3cc9-4d39-9967-e8d6508212d0" testId="60beaba2-89e2-6be5-3b8c-56b3b01c3f30" testName="GetStringValueTest" computerName="SERVER001" duration="00:00:00.0016152" startTime="2010-01-24T19:15:49.5178482+11:00" endTime="2010-01-24T19:15:49.5218482+11:00" testType="13cdc9d9-ddb5-4fa4-a97d-d965ccfc6d4b" outcome="Failed" testListId="8c84fa94-04c1-424b-9868-57a2d4851a1d">
      <Output>
        <ErrorInfo>
          <Message>Test method Konnetic.Sip.UnitTests.CallInfoHeaderFieldAdapter.GetStringValueTest threw exception:  System.NullReferenceException: Object reference not set to an instance of an object..</Message>
          <StackTrace>    at Konnetic.Sip.Headers.CallInfoHeaderField.set_Purpose(String value) in D:\Business\Development\Konnetic\UnifySipApi\Production\Src\Konnetic Unify SIP API\Konnetic.Sip\Headers\CallInfoHeaderField.cs:line 89
   at Konnetic.Sip.Headers.CallInfoHeaderField..ctor(Uri uri, CallInfoPurpose purpose) in D:\Business\Development\Konnetic\UnifySipApi\Production\Src\Konnetic Unify SIP API\Konnetic.Sip\Headers\CallInfoHeaderField.cs:line 152
   at Konnetic.Sip.UnitTests.CallInfoHeaderFieldAdapter.GetStringValueTest() in D:\Business\Development\Konnetic\UnifySipApi\Production\Src\Konnetic Unify SIP API\Konnetic.Sip.UnitTests\HeaderFields\CallInfoHeaderFieldAdapter.cs:line 276
</StackTrace>
        </ErrorInfo>
      </Output>
    </UnitTestResult>
    <UnitTestResult executionId="8c3aa832-a267-4af8-bcac-fdb521835dd8" testId="44586c73-c5a1-a7ba-fcca-1038fcad5a0d" testName="GetStringValueTest1" computerName="SERVER001" duration="00:00:00.0020576" startTime="2010-01-24T19:15:49.5228482+11:00" endTime="2010-01-24T19:15:49.5278482+11:00" testType="13cdc9d9-ddb5-4fa4-a97d-d965ccfc6d4b" outcome="Failed" testListId="8c84fa94-04c1-424b-9868-57a2d4851a1d">
      <Output>
        <ErrorInfo>
          <Message>Test method Konnetic.Sip.UnitTests.CallInfoHeaderFieldAdapter.GetStringValueTest1 threw exception:  System.NullReferenceException: Object reference not set to an instance of an object..</Message>
          <StackTrace>    at Konnetic.Sip.Headers.CallInfoHeaderField.set_Purpose(String value) in D:\Business\Development\Konnetic\UnifySipApi\Production\Src\Konnetic Unify SIP API\Konnetic.Sip\Headers\CallInfoHeaderField.cs:line 89
   at Konnetic.Sip.Headers.CallInfoHeaderField..ctor(Uri uri, CallInfoPurpose purpose) in D:\Business\Development\Konnetic\UnifySipApi\Production\Src\Konnetic Unify SIP API\Konnetic.Sip\Headers\CallInfoHeaderField.cs:line 152
   at Konnetic.Sip.Headers.CallInfoHeaderField..ctor(String uri, CallInfoPurpose purpose) in D:\Business\Development\Konnetic\UnifySipApi\Production\Src\Konnetic Unify SIP API\Konnetic.Sip\Headers\CallInfoHeaderField.cs:line 125
   at Konnetic.Sip.UnitTests.CallInfoHeaderFieldAdapter.GetStringValueTest1() in D:\Business\Development\Konnetic\UnifySipApi\Production\Src\Konnetic Unify SIP API\Konnetic.Sip.UnitTests\HeaderFields\CallInfoHeaderFieldAdapter.cs:line 310
</StackTrace>
        </ErrorInfo>
      </Output>
    </UnitTestResult>
    <UnitTestResult executionId="a8512f64-becf-4707-82cf-e06ef5ab3e9a" testId="b5217233-fb60-a236-0635-9eeab49addcc" testName="IsValidTest" computerName="SERVER001" duration="00:00:00.0021650" startTime="2010-01-24T19:15:49.5278482+11:00" endTime="2010-01-24T19:15:49.5328482+11:00" testType="13cdc9d9-ddb5-4fa4-a97d-d965ccfc6d4b" outcome="Failed" testListId="8c84fa94-04c1-424b-9868-57a2d4851a1d">
      <Output>
        <ErrorInfo>
          <Message>Test method Konnetic.Sip.UnitTests.CallInfoHeaderFieldAdapter.IsValidTest threw exception:  System.NullReferenceException: Object reference not set to an instance of an object..</Message>
          <StackTrace>    at Konnetic.Sip.Headers.ParamatizedHeaderFieldBase.get_HasParameters() in D:\Business\Development\Konnetic\UnifySipApi\Production\Src\Konnetic Unify SIP API\Konnetic.Sip\Headers\BaseHeaderFields\ParamatizedHeaderFieldBase.cs:line 43
   at Konnetic.Sip.Headers.ParamatizedHeaderFieldBase.IsValid() in D:\Business\Development\Konnetic\UnifySipApi\Production\Src\Konnetic Unify SIP API\Konnetic.Sip\Headers\BaseHeaderFields\ParamatizedHeaderFieldBase.cs:line 202
   at Konnetic.Sip.Headers.AbsoluteUriHeaderFieldBase.IsValid() in D:\Business\Development\Konnetic\UnifySipApi\Production\Src\Konnetic Unify SIP API\Konnetic.Sip\Headers\BaseHeaderFields\AbsoluteUriHeaderFieldBase.cs:line 233
   at Konnetic.Sip.UnitTests.CallInfoHeaderFieldAdapter.IsValidTest() in D:\Business\Development\Konnetic\UnifySipApi\Production\Src\Konnetic Unify SIP API\Konnetic.Sip.UnitTests\HeaderFields\CallInfoHeaderFieldAdapter.cs:line 134
</StackTrace>
        </ErrorInfo>
      </Output>
    </UnitTestResult>
    <UnitTestResult executionId="f9c068b6-052e-476f-abf3-af03e072a57a" testId="5d4b6689-71b2-48ff-8a6c-5a7763654b98" testName="op_ExplicitTest" computerName="SERVER001" duration="00:00:00.0021726" startTime="2010-01-24T19:15:49.5338482+11:00" endTime="2010-01-24T19:15:49.5388482+11:00" testType="13cdc9d9-ddb5-4fa4-a97d-d965ccfc6d4b" outcome="Failed" testListId="8c84fa94-04c1-424b-9868-57a2d4851a1d">
      <Output>
        <ErrorInfo>
          <Message>Test method Konnetic.Sip.UnitTests.CallInfoHeaderFieldAdapter.op_ExplicitTest threw exception:  System.NullReferenceException: Object reference not set to an instance of an object..</Message>
          <StackTrace>    at Konnetic.Sip.Headers.CallInfoHeaderField.set_Purpose(String value) in D:\Business\Development\Konnetic\UnifySipApi\Production\Src\Konnetic Unify SIP API\Konnetic.Sip\Headers\CallInfoHeaderField.cs:line 89
   at Konnetic.Sip.Headers.CallInfoHeaderField..ctor(Uri uri, CallInfoPurpose purpose) in D:\Business\Development\Konnetic\UnifySipApi\Production\Src\Konnetic Unify SIP API\Konnetic.Sip\Headers\CallInfoHeaderField.cs:line 152
   at Konnetic.Sip.Headers.CallInfoHeaderField..ctor(String uri, CallInfoPurpose purpose) in D:\Business\Development\Konnetic\UnifySipApi\Production\Src\Konnetic Unify SIP API\Konnetic.Sip\Headers\CallInfoHeaderField.cs:line 125
   at Konnetic.Sip.UnitTests.CallInfoHeaderFieldAdapter.op_ExplicitTest() in D:\Business\Development\Konnetic\UnifySipApi\Production\Src\Konnetic Unify SIP API\Konnetic.Sip.UnitTests\HeaderFields\CallInfoHeaderFieldAdapter.cs:line 333
</StackTrace>
        </ErrorInfo>
      </Output>
    </UnitTestResult>
    <UnitTestResult executionId="f990f5a6-91af-4d93-95e3-e682481e1e9b" testId="a57468a4-b6f7-3d7d-668a-8b1444cbab84" testName="op_ImplicitTest" computerName="SERVER001" duration="00:00:00.0413912" startTime="2010-01-24T19:15:49.5388482+11:00" endTime="2010-01-24T19:15:49.5828482+11:00" testType="13cdc9d9-ddb5-4fa4-a97d-d965ccfc6d4b" outcome="Failed" testListId="8c84fa94-04c1-424b-9868-57a2d4851a1d">
      <Output>
        <ErrorInfo>
          <Message>Test method Konnetic.Sip.UnitTests.CallInfoHeaderFieldAdapter.op_ImplicitTest threw exception:  System.NullReferenceException: Object reference not set to an instance of an object..</Message>
          <StackTrace>    at Konnetic.Sip.Headers.ParamatizedHeaderFieldBase.Parse(String value) in D:\Business\Development\Konnetic\UnifySipApi\Production\Src\Konnetic Unify SIP API\Konnetic.Sip\Headers\BaseHeaderFields\ParamatizedHeaderFieldBase.cs:line 221
   at Konnetic.Sip.Headers.AbsoluteUriHeaderFieldBase.Parse(String value) in D:\Business\Development\Konnetic\UnifySipApi\Production\Src\Konnetic Unify SIP API\Konnetic.Sip\Headers\BaseHeaderFields\AbsoluteUriHeaderFieldBase.cs:line 289
   at Konnetic.Sip.Headers.CallInfoHeaderField.Parse(String value) in D:\Business\Development\Konnetic\UnifySipApi\Production\Src\Konnetic Unify SIP API\Konnetic.Sip\Headers\CallInfoHeaderField.cs:line 281
   at Konnetic.Sip.Headers.CallInfoHeaderField.op_Implicit(String value) in D:\Business\Development\Konnetic\UnifySipApi\Production\Src\Konnetic Unify SIP API\Konnetic.Sip\Headers\CallInfoHeaderField.cs:line 169
   at Konnetic.Sip.UnitTests.CallInfoHeaderFieldAdapter.op_ImplicitTest() in D:\Business\Development\Konnetic\UnifySipApi\Production\Src\Konnetic Unify SIP API\Konnetic.Sip.UnitTests\HeaderFields\CallInfoHeaderFieldAdapter.cs:line 348
</StackTrace>
        </ErrorInfo>
      </Output>
    </UnitTestResult>
    <UnitTestResult executionId="80eec727-1630-4bcf-8a9c-c8d858f0efdc" testId="8d0b28f1-26ea-04de-390d-400472f48150" testName="ParseTest" computerName="SERVER001" duration="00:00:00.0026872" startTime="2010-01-24T19:15:49.5838482+11:00" endTime="2010-01-24T19:15:49.5888482+11:00" testType="13cdc9d9-ddb5-4fa4-a97d-d965ccfc6d4b" outcome="Failed" testListId="8c84fa94-04c1-424b-9868-57a2d4851a1d">
      <Output>
        <ErrorInfo>
          <Message>Test method Konnetic.Sip.UnitTests.CallInfoHeaderFieldAdapter.ParseTest threw exception:  System.NullReferenceException: Object reference not set to an instance of an object..</Message>
          <StackTrace>    at Konnetic.Sip.Headers.ParamatizedHeaderFieldBase.Parse(String value) in D:\Business\Development\Konnetic\UnifySipApi\Production\Src\Konnetic Unify SIP API\Konnetic.Sip\Headers\BaseHeaderFields\ParamatizedHeaderFieldBase.cs:line 221
   at Konnetic.Sip.Headers.AbsoluteUriHeaderFieldBase.Parse(String value) in D:\Business\Development\Konnetic\UnifySipApi\Production\Src\Konnetic Unify SIP API\Konnetic.Sip\Headers\BaseHeaderFields\AbsoluteUriHeaderFieldBase.cs:line 289
   at Konnetic.Sip.Headers.CallInfoHeaderField.Parse(String value) in D:\Business\Development\Konnetic\UnifySipApi\Production\Src\Konnetic Unify SIP API\Konnetic.Sip\Headers\CallInfoHeaderField.cs:line 281
   at Konnetic.Sip.UnitTests.CallInfoHeaderFieldAdapter.ParseTest() in D:\Business\Development\Konnetic\UnifySipApi\Production\Src\Konnetic Unify SIP API\Konnetic.Sip.UnitTests\HeaderFields\CallInfoHeaderFieldAdapter.cs:line 162
</StackTrace>
        </ErrorInfo>
      </Output>
    </UnitTestResult>
    <UnitTestResult executionId="d615307c-410a-48b9-8a92-4c1d84824aac" testId="46b9496f-cfe3-3d12-f944-8488e6c4665d" testName="ParseTest1" computerName="SERVER001" duration="00:00:00.0033176" startTime="2010-01-24T19:15:49.5898482+11:00" endTime="2010-01-24T19:15:49.5978482+11:00" testType="13cdc9d9-ddb5-4fa4-a97d-d965ccfc6d4b" outcome="Failed" testListId="8c84fa94-04c1-424b-9868-57a2d4851a1d">
      <Output>
        <ErrorInfo>
          <Message>Test method Konnetic.Sip.UnitTests.CallInfoHeaderFieldAdapter.ParseTest1 threw exception:  System.NullReferenceException: Object reference not set to an instance of an object..</Message>
          <StackTrace>    at Konnetic.Sip.Headers.ParamatizedHeaderFieldBase.Parse(String value) in D:\Business\Development\Konnetic\UnifySipApi\Production\Src\Konnetic Unify SIP API\Konnetic.Sip\Headers\BaseHeaderFields\ParamatizedHeaderFieldBase.cs:line 221
   at Konnetic.Sip.Headers.AbsoluteUriHeaderFieldBase.Parse(String value) in D:\Business\Development\Konnetic\UnifySipApi\Production\Src\Konnetic Unify SIP API\Konnetic.Sip\Headers\BaseHeaderFields\AbsoluteUriHeaderFieldBase.cs:line 289
   at Konnetic.Sip.Headers.CallInfoHeaderField.Parse(String value) in D:\Business\Development\Konnetic\UnifySipApi\Production\Src\Konnetic Unify SIP API\Konnetic.Sip\Headers\CallInfoHeaderField.cs:line 281
   at Konnetic.Sip.UnitTests.CallInfoHeaderFieldAdapter.ParseTest1() in D:\Business\Development\Konnetic\UnifySipApi\Production\Src\Konnetic Unify SIP API\Konnetic.Sip.UnitTests\HeaderFields\CallInfoHeaderFieldAdapter.cs:line 196
</StackTrace>
        </ErrorInfo>
      </Output>
    </UnitTestResult>
    <UnitTestResult executionId="31fb3ab2-28b2-4aa1-94db-38ccccb108fa" testId="bb0b2457-cec8-151a-cfa6-4d71d66620bf" testName="PurposeTest" computerName="SERVER001" duration="00:00:00.0020298" startTime="2010-01-24T19:15:49.5988482+11:00" endTime="2010-01-24T19:15:49.6038482+11:00" testType="13cdc9d9-ddb5-4fa4-a97d-d965ccfc6d4b" outcome="Failed" testListId="8c84fa94-04c1-424b-9868-57a2d4851a1d">
      <Output>
        <ErrorInfo>
          <Message>Test method Konnetic.Sip.UnitTests.CallInfoHeaderFieldAdapter.PurposeTest threw exception:  System.NullReferenceException: Object reference not set to an instance of an object..</Message>
          <StackTrace>    at Konnetic.Sip.Headers.CallInfoHeaderField.get_Purpose() in D:\Business\Development\Konnetic\UnifySipApi\Production\Src\Konnetic Unify SIP API\Konnetic.Sip\Headers\CallInfoHeaderField.cs:line 67
   at Konnetic.Sip.UnitTests.CallInfoHeaderFieldAdapter.PurposeTest() in D:\Business\Development\Konnetic\UnifySipApi\Production\Src\Konnetic Unify SIP API\Konnetic.Sip.UnitTests\HeaderFields\CallInfoHeaderFieldAdapter.cs:line 245
</StackTrace>
        </ErrorInfo>
      </Output>
    </UnitTestResult>
    <UnitTestResult executionId="e79ee791-1418-4daa-8815-0caefe5c502f" testId="f7732818-bc76-2c94-53fc-408b2b50a5de" testName="PurposeTest1" computerName="SERVER001" duration="00:00:00.0014540" startTime="2010-01-24T19:15:49.6038482+11:00" endTime="2010-01-24T19:15:49.6078482+11:00" testType="13cdc9d9-ddb5-4fa4-a97d-d965ccfc6d4b" outcome="Passed" testListId="8c84fa94-04c1-424b-9868-57a2d4851a1d">
      <Output>
      </Output>
    </UnitTestResult>
    <UnitTestResult executionId="c5e02e68-9630-4c0b-93e5-1a0ccdd7f09e" testId="c8347b88-43ae-4c54-b006-fb10c1b56058" testName="AlgorithmTest1" computerName="SERVER001" duration="00:00:00.0133382" startTime="2010-01-24T19:15:49.6088482+11:00" endTime="2010-01-24T19:15:49.6248482+11:00" testType="13cdc9d9-ddb5-4fa4-a97d-d965ccfc6d4b" outcome="Passed" testListId="8c84fa94-04c1-424b-9868-57a2d4851a1d">
      <Output>
      </Output>
    </UnitTestResult>
    <UnitTestResult executionId="680d351d-185a-431f-8d1f-160397c82def" testId="e0e38ab5-7d23-2588-a9ea-422574af010a" testName="GetStringValueTest" computerName="SERVER001" duration="00:00:00.0041646" startTime="2010-01-24T19:15:49.6258482+11:00" endTime="2010-01-24T19:15:49.6328482+11:00" testType="13cdc9d9-ddb5-4fa4-a97d-d965ccfc6d4b" outcome="Failed" testListId="8c84fa94-04c1-424b-9868-57a2d4851a1d">
      <Output>
        <ErrorInfo>
          <Message>Test method Konnetic.Sip.UnitTests.ChallengeHeaderFieldAdapter.GetStringValueTest threw exception:  System.NullReferenceException: Object reference not set to an instance of an object..</Message>
          <StackTrace>    at Konnetic.Sip.Headers.ChallengeHeaderFieldBase.set_MessageQop(String value) in D:\Business\Development\Konnetic\UnifySipApi\Production\Src\Konnetic Unify SIP API\Konnetic.Sip\Headers\BaseHeaderFields\ChallengeHeaderFieldBase.cs:line 115
   at Konnetic.Sip.UnitTests.ChallengeHeaderFieldAdapter.CreateChallengeHeaderField() in D:\Business\Development\Konnetic\UnifySipApi\Production\Src\Konnetic Unify SIP API\Konnetic.Sip.UnitTests\HeaderFields\ChallengeHeaderFieldAdapter.cs:line 237
   at Konnetic.Sip.UnitTests.ChallengeHeaderFieldAdapter.GetStringValueTest() in D:\Business\Development\Konnetic\UnifySipApi\Production\Src\Konnetic Unify SIP API\Konnetic.Sip.UnitTests\HeaderFields\ChallengeHeaderFieldAdapter.cs:line 217
</StackTrace>
        </ErrorInfo>
      </Output>
    </UnitTestResult>
    <UnitTestResult executionId="13409206-5deb-47ec-bbf1-5025060f67d1" testId="efb4b9e6-f5fd-c5f9-e1e2-b9b81ecac9eb" testName="MessageQopTest" computerName="SERVER001" duration="00:00:00.0024750" startTime="2010-01-24T19:15:49.6328482+11:00" endTime="2010-01-24T19:15:49.6388482+11:00" testType="13cdc9d9-ddb5-4fa4-a97d-d965ccfc6d4b" outcome="Failed" testListId="8c84fa94-04c1-424b-9868-57a2d4851a1d">
      <Output>
        <ErrorInfo>
          <Message>Test method Konnetic.Sip.UnitTests.ChallengeHeaderFieldAdapter.MessageQopTest threw exception:  System.NullReferenceException: Object reference not set to an instance of an object..</Message>
          <StackTrace>    at Konnetic.Sip.Headers.ChallengeHeaderFieldBase.get_MessageQop() in D:\Business\Development\Konnetic\UnifySipApi\Production\Src\Konnetic Unify SIP API\Konnetic.Sip\Headers\BaseHeaderFields\ChallengeHeaderFieldBase.cs:line 91
   at Konnetic.Sip.UnitTests.ChallengeHeaderFieldAdapter.MessageQopTest() in D:\Business\Development\Konnetic\UnifySipApi\Production\Src\Konnetic Unify SIP API\Konnetic.Sip.UnitTests\HeaderFields\ChallengeHeaderFieldAdapter.cs:line 72
</StackTrace>
        </ErrorInfo>
      </Output>
    </UnitTestResult>
    <UnitTestResult executionId="83b7c87c-f5f4-41b1-92c8-fff3852bb86a" testId="817064e8-5886-c8e9-c725-3c37efb1481a" testName="MessageQopTest1" computerName="SERVER001" duration="00:00:00.0080869" startTime="2010-01-24T19:15:49.6388482+11:00" endTime="2010-01-24T19:15:49.6498482+11:00" testType="13cdc9d9-ddb5-4fa4-a97d-d965ccfc6d4b" outcome="Passed" testListId="8c84fa94-04c1-424b-9868-57a2d4851a1d">
      <Output>
      </Output>
    </UnitTestResult>
    <UnitTestResult executionId="3d179e98-7f80-4f59-b3f8-bb3dc1551be8" testId="62ed3ecd-cb91-299a-8c91-658bae768300" testName="ParseTest" computerName="SERVER001" duration="00:00:00.0026532" startTime="2010-01-24T19:15:49.6508482+11:00" endTime="2010-01-24T19:15:49.6558482+11:00" testType="13cdc9d9-ddb5-4fa4-a97d-d965ccfc6d4b" outcome="Failed" testListId="8c84fa94-04c1-424b-9868-57a2d4851a1d">
      <Output>
        <ErrorInfo>
          <Message>Test method Konnetic.Sip.UnitTests.ChallengeHeaderFieldAdapter.ParseTest threw exception:  System.NullReferenceException: Object reference not set to an instance of an object..</Message>
          <StackTrace>    at Konnetic.Sip.Headers.ChallengeHeaderFieldBase.set_MessageQop(String value) in D:\Business\Development\Konnetic\UnifySipApi\Production\Src\Konnetic Unify SIP API\Konnetic.Sip\Headers\BaseHeaderFields\ChallengeHeaderFieldBase.cs:line 115
   at Konnetic.Sip.UnitTests.ChallengeHeaderFieldAdapter.CreateChallengeHeaderField() in D:\Business\Development\Konnetic\UnifySipApi\Production\Src\Konnetic Unify SIP API\Konnetic.Sip.UnitTests\HeaderFields\ChallengeHeaderFieldAdapter.cs:line 237
   at Konnetic.Sip.UnitTests.ChallengeHeaderFieldAdapter.ParseTest() in D:\Business\Development\Konnetic\UnifySipApi\Production\Src\Konnetic Unify SIP API\Konnetic.Sip.UnitTests\HeaderFields\ChallengeHeaderFieldAdapter.cs:line 135
</StackTrace>
        </ErrorInfo>
      </Output>
    </UnitTestResult>
    <UnitTestResult executionId="657d7bbb-d49a-4696-8f69-77e9ae998cb4" testId="cf060ce6-4521-d146-44d3-4bbbd9ab9561" testName="StaleTest" computerName="SERVER001" duration="00:00:00.0027017" startTime="2010-01-24T19:15:49.6568482+11:00" endTime="2010-01-24T19:15:49.6618482+11:00" testType="13cdc9d9-ddb5-4fa4-a97d-d965ccfc6d4b" outcome="Failed" testListId="8c84fa94-04c1-424b-9868-57a2d4851a1d">
      <Output>
        <ErrorInfo>
          <Message>Test method Konnetic.Sip.UnitTests.ChallengeHeaderFieldAdapter.StaleTest threw exception:  System.NullReferenceException: Object reference not set to an instance of an object..</Message>
          <StackTrace>    at Konnetic.Sip.Headers.ChallengeHeaderFieldBase.get_Stale() in D:\Business\Development\Konnetic\UnifySipApi\Production\Src\Konnetic Unify SIP API\Konnetic.Sip\Headers\BaseHeaderFields\ChallengeHeaderFieldBase.cs:line 131
   at Konnetic.Sip.UnitTests.ChallengeHeaderFieldAdapter.StaleTest() in D:\Business\Development\Konnetic\UnifySipApi\Production\Src\Konnetic Unify SIP API\Konnetic.Sip.UnitTests\HeaderFields\ChallengeHeaderFieldAdapter.cs:line 197
</StackTrace>
        </ErrorInfo>
      </Output>
    </UnitTestResult>
    <UnitTestResult executionId="7d487ccf-ac10-459c-adc5-9d06af0fd7de" testId="566943ee-4030-3411-c5cc-f720bb545d7d" testName="CloneTest" computerName="SERVER001" duration="00:00:00.0039617" startTime="2010-01-24T19:15:49.6628482+11:00" endTime="2010-01-24T19:15:49.6698482+11:00" testType="13cdc9d9-ddb5-4fa4-a97d-d965ccfc6d4b" outcome="Failed" testListId="8c84fa94-04c1-424b-9868-57a2d4851a1d">
      <Output>
        <ErrorInfo>
          <Message>Test method Konnetic.Sip.UnitTests.ContactHeaderFieldAdapter.CloneTest threw exception:  System.NullReferenceException: Object reference not set to an instance of an object..</Message>
          <StackTrace>    at Konnetic.Sip.Headers.ContactHeaderField.Clone() in D:\Business\Development\Konnetic\UnifySipApi\Production\Src\Konnetic Unify SIP API\Konnetic.Sip\Headers\ContactHeaderField.cs:line 260
   at Konnetic.Sip.UnitTests.ContactHeaderFieldAdapter.CloneTest() in D:\Business\Development\Konnetic\UnifySipApi\Production\Src\Konnetic Unify SIP API\Konnetic.Sip.UnitTests\HeaderFields\ContactHeaderFieldAdapter.cs:line 52
</StackTrace>
        </ErrorInfo>
      </Output>
    </UnitTestResult>
    <UnitTestResult executionId="c0ee18ee-f2fd-475e-81cb-7e00b9d5b824" testId="267a5520-b2ce-30b4-eed9-5f24f23d3f7d" testName="ContactHeaderFieldConstructorTest" computerName="SERVER001" duration="00:00:00.0014308" startTime="2010-01-24T19:15:49.6708482+11:00" endTime="2010-01-24T19:15:49.6758482+11:00" testType="13cdc9d9-ddb5-4fa4-a97d-d965ccfc6d4b" outcome="Passed" testListId="8c84fa94-04c1-424b-9868-57a2d4851a1d">
      <Output>
      </Output>
    </UnitTestResult>
    <UnitTestResult executionId="f2b5b9fa-9a48-4d9d-9605-fb4b08f774bb" testId="c936f60a-1609-ce20-bf50-21f8d2594c11" testName="ContactHeaderFieldConstructorTest2" computerName="SERVER001" duration="00:00:00.0156398" startTime="2010-01-24T19:15:49.6768482+11:00" endTime="2010-01-24T19:15:49.6958482+11:00" testType="13cdc9d9-ddb5-4fa4-a97d-d965ccfc6d4b" outcome="Passed" testListId="8c84fa94-04c1-424b-9868-57a2d4851a1d">
      <Output>
      </Output>
    </UnitTestResult>
    <UnitTestResult executionId="ade6324c-7530-463d-b32e-147e61d6b484" testId="a4dba884-3e56-8c56-f7ac-6fbff2da6c9e" testName="ContactHeaderFieldConstructorTest3" computerName="SERVER001" duration="00:00:00.0014633" startTime="2010-01-24T19:15:49.6958482+11:00" endTime="2010-01-24T19:15:49.7008482+11:00" testType="13cdc9d9-ddb5-4fa4-a97d-d965ccfc6d4b" outcome="Passed" testListId="8c84fa94-04c1-424b-9868-57a2d4851a1d">
      <Output>
      </Output>
    </UnitTestResult>
    <UnitTestResult executionId="0998e313-63e7-4559-89eb-1c68220ea0e1" testId="ee701298-4235-fb1d-7d76-008e9b4378fd" testName="ContactHeaderFieldConstructorTest4" computerName="SERVER001" duration="00:00:00.0010053" startTime="2010-01-24T19:15:49.7008482+11:00" endTime="2010-01-24T19:15:49.7048482+11:00" testType="13cdc9d9-ddb5-4fa4-a97d-d965ccfc6d4b" outcome="Passed" testListId="8c84fa94-04c1-424b-9868-57a2d4851a1d">
      <Output>
      </Output>
    </UnitTestResult>
    <UnitTestResult executionId="c9b29d8b-82e9-4e61-a363-257fdc65b748" testId="606bc273-5b37-8b28-a56e-504695f865e2" testName="ContactHeaderFieldConstructorTest5" computerName="SERVER001" duration="00:00:00.0007527" startTime="2010-01-24T19:15:49.7048482+11:00" endTime="2010-01-24T19:15:49.7088482+11:00" testType="13cdc9d9-ddb5-4fa4-a97d-d965ccfc6d4b" outcome="Passed" testListId="8c84fa94-04c1-424b-9868-57a2d4851a1d">
      <Output>
      </Output>
    </UnitTestResult>
    <UnitTestResult executionId="53b4065d-3ac6-4aa5-b9ee-ea74683f8733" testId="c4c62807-9df3-a9d8-2b11-8b38d83caf7f" testName="EqualsTest" computerName="SERVER001" duration="00:00:00.0047099" startTime="2010-01-24T19:15:49.7088482+11:00" endTime="2010-01-24T19:15:49.7168482+11:00" testType="13cdc9d9-ddb5-4fa4-a97d-d965ccfc6d4b" outcome="Failed" testListId="8c84fa94-04c1-424b-9868-57a2d4851a1d">
      <Output>
        <ErrorInfo>
          <Message>Test method Konnetic.Sip.UnitTests.ContactHeaderFieldAdapter.EqualsTest threw exception:  System.NullReferenceException: Object reference not set to an instance of an object..</Message>
          <StackTrace>    at Konnetic.Sip.Headers.ContactHeaderField.get_QValue() in D:\Business\Development\Konnetic\UnifySipApi\Production\Src\Konnetic Unify SIP API\Konnetic.Sip\Headers\ContactHeaderField.cs:line 138
   at Konnetic.Sip.Headers.ContactHeaderField.Equals(ContactHeaderField other) in D:\Business\Development\Konnetic\UnifySipApi\Production\Src\Konnetic Unify SIP API\Konnetic.Sip\Headers\ContactHeaderField.cs:line 284
   at Konnetic.Sip.UnitTests.ContactHeaderFieldAdapter.EqualsTest() in D:\Business\Development\Konnetic\UnifySipApi\Production\Src\Konnetic Unify SIP API\Konnetic.Sip.UnitTests\HeaderFields\ContactHeaderFieldAdapter.cs:line 147
</StackTrace>
        </ErrorInfo>
      </Output>
    </UnitTestResult>
    <UnitTestResult executionId="e8765ba7-eb4c-43c0-8b88-91e886b97150" testId="1a18fe2b-5455-dbe2-5424-6b629ae862d6" testName="ExpiresTest1" computerName="SERVER001" duration="00:00:00.0027576" startTime="2010-01-24T19:15:49.7168482+11:00" endTime="2010-01-24T19:15:49.7228482+11:00" testType="13cdc9d9-ddb5-4fa4-a97d-d965ccfc6d4b" outcome="Failed" testListId="8c84fa94-04c1-424b-9868-57a2d4851a1d">
      <Output>
        <ErrorInfo>
          <Message>Test method Konnetic.Sip.UnitTests.ContactHeaderFieldAdapter.ExpiresTest1 threw exception:  System.NullReferenceException: Object reference not set to an instance of an object..</Message>
          <StackTrace>    at Konnetic.Sip.Headers.ContactHeaderField.get_Expires() in D:\Business\Development\Konnetic\UnifySipApi\Production\Src\Konnetic Unify SIP API\Konnetic.Sip\Headers\ContactHeaderField.cs:line 95
   at Konnetic.Sip.UnitTests.ContactHeaderFieldAdapter.ExpiresTest1() in D:\Business\Development\Konnetic\UnifySipApi\Production\Src\Konnetic Unify SIP API\Konnetic.Sip.UnitTests\HeaderFields\ContactHeaderFieldAdapter.cs:line 170
</StackTrace>
        </ErrorInfo>
      </Output>
    </UnitTestResult>
    <UnitTestResult executionId="90c44a58-1e7e-48eb-9dae-3e20fe2bbd9d" testId="43075d4f-fc2b-d482-e15b-00ea8bbf132e" testName="GetStringValueTest" computerName="SERVER001" duration="00:00:00.0042691" startTime="2010-01-24T19:15:49.7228482+11:00" endTime="2010-01-24T19:15:49.7308482+11:00" testType="13cdc9d9-ddb5-4fa4-a97d-d965ccfc6d4b" outcome="Passed" testListId="8c84fa94-04c1-424b-9868-57a2d4851a1d">
      <Output>
      </Output>
    </UnitTestResult>
    <UnitTestResult executionId="66cb88e4-0a4d-4f75-a737-15877c95646e" testId="ee759bf7-c5c3-7da8-b46a-9347e911d0d1" testName="IsValidTest" computerName="SERVER001" duration="00:00:00.0023371" startTime="2010-01-24T19:15:49.7308482+11:00" endTime="2010-01-24T19:15:49.7358482+11:00" testType="13cdc9d9-ddb5-4fa4-a97d-d965ccfc6d4b" outcome="Failed" testListId="8c84fa94-04c1-424b-9868-57a2d4851a1d">
      <Output>
        <ErrorInfo>
          <Message>Test method Konnetic.Sip.UnitTests.ContactHeaderFieldAdapter.IsValidTest threw exception:  System.NullReferenceException: Object reference not set to an instance of an object..</Message>
          <StackTrace>    at Konnetic.Sip.Headers.ParamatizedHeaderFieldBase.get_HasParameters() in D:\Business\Development\Konnetic\UnifySipApi\Production\Src\Konnetic Unify SIP API\Konnetic.Sip\Headers\BaseHeaderFields\ParamatizedHeaderFieldBase.cs:line 43
   at Konnetic.Sip.Headers.ParamatizedHeaderFieldBase.IsValid() in D:\Business\Development\Konnetic\UnifySipApi\Production\Src\Konnetic Unify SIP API\Konnetic.Sip\Headers\BaseHeaderFields\ParamatizedHeaderFieldBase.cs:line 202
   at Konnetic.Sip.Headers.SipUriHeaderFieldBase.IsValid() in D:\Business\Development\Konnetic\UnifySipApi\Production\Src\Konnetic Unify SIP API\Konnetic.Sip\Headers\BaseHeaderFields\SipUriHeaderFieldBase.cs:line 182
   at Konnetic.Sip.UnitTests.ContactHeaderFieldAdapter.IsValidTest() in D:\Business\Development\Konnetic\UnifySipApi\Production\Src\Konnetic Unify SIP API\Konnetic.Sip.UnitTests\HeaderFields\ContactHeaderFieldAdapter.cs:line 207
</StackTrace>
        </ErrorInfo>
      </Output>
    </UnitTestResult>
    <UnitTestResult executionId="5202d70d-e9c9-408c-99f6-0e7a57fcfc24" testId="8ceea709-a449-48d9-55c4-6bf39e99159a" testName="op_ExplicitTest" computerName="SERVER001" duration="00:00:00.0008812" startTime="2010-01-24T19:15:49.7368482+11:00" endTime="2010-01-24T19:15:49.7398482+11:00" testType="13cdc9d9-ddb5-4fa4-a97d-d965ccfc6d4b" outcome="Passed" testListId="8c84fa94-04c1-424b-9868-57a2d4851a1d">
      <Output>
      </Output>
    </UnitTestResult>
    <UnitTestResult executionId="167991a8-1ab5-43d2-b26d-875db7f6f93a" testId="f8d9683c-ee75-771f-a166-4512b59870e9" testName="op_ImplicitTest" computerName="SERVER001" duration="00:00:00.0276081" startTime="2010-01-24T19:15:49.7408482+11:00" endTime="2010-01-24T19:15:49.7718482+11:00" testType="13cdc9d9-ddb5-4fa4-a97d-d965ccfc6d4b" outcome="Failed" testListId="8c84fa94-04c1-424b-9868-57a2d4851a1d">
      <Output>
        <ErrorInfo>
          <Message>Test method Konnetic.Sip.UnitTests.ContactHeaderFieldAdapter.op_ImplicitTest threw exception:  System.NullReferenceException: Object reference not set to an instance of an object..</Message>
          <StackTrace>    at Konnetic.Sip.Headers.ContactHeaderField.set_QValue(Single value) in D:\Business\Development\Konnetic\UnifySipApi\Production\Src\Konnetic Unify SIP API\Konnetic.Sip\Headers\ContactHeaderField.cs:line 163
   at Konnetic.Sip.Headers.ContactHeaderField.Parse(String value) in D:\Business\Development\Konnetic\UnifySipApi\Production\Src\Konnetic Unify SIP API\Konnetic.Sip\Headers\ContactHeaderField.cs:line 382
   at Konnetic.Sip.Headers.ContactHeaderField.op_Implicit(String value) in D:\Business\Development\Konnetic\UnifySipApi\Production\Src\Konnetic Unify SIP API\Konnetic.Sip\Headers\ContactHeaderField.cs:line 234
   at Konnetic.Sip.UnitTests.ContactHeaderFieldAdapter.op_ImplicitTest() in D:\Business\Development\Konnetic\UnifySipApi\Production\Src\Konnetic Unify SIP API\Konnetic.Sip.UnitTests\HeaderFields\ContactHeaderFieldAdapter.cs:line 440
</StackTrace>
        </ErrorInfo>
      </Output>
    </UnitTestResult>
    <UnitTestResult executionId="b860ff94-27f2-4d4c-8003-f65945383922" testId="eb873e86-1b7c-3c17-d48e-ea47dd02089d" testName="ParseTest" computerName="SERVER001" duration="00:00:00.0034882" startTime="2010-01-24T19:15:49.7718482+11:00" endTime="2010-01-24T19:15:49.7808482+11:00" testType="13cdc9d9-ddb5-4fa4-a97d-d965ccfc6d4b" outcome="Failed" testListId="8c84fa94-04c1-424b-9868-57a2d4851a1d">
      <Output>
        <ErrorInfo>
          <Message>Test method Konnetic.Sip.UnitTests.ContactHeaderFieldAdapter.ParseTest threw exception:  System.NullReferenceException: Object reference not set to an instance of an object..</Message>
          <StackTrace>    at Konnetic.Sip.Headers.ContactHeaderField.set_QValue(Single value) in D:\Business\Development\Konnetic\UnifySipApi\Production\Src\Konnetic Unify SIP API\Konnetic.Sip\Headers\ContactHeaderField.cs:line 163
   at Konnetic.Sip.Headers.ContactHeaderField.Parse(String value) in D:\Business\Development\Konnetic\UnifySipApi\Production\Src\Konnetic Unify SIP API\Konnetic.Sip\Headers\ContactHeaderField.cs:line 382
   at Konnetic.Sip.UnitTests.ContactHeaderFieldAdapter.ParseTest() in D:\Business\Development\Konnetic\UnifySipApi\Production\Src\Konnetic Unify SIP API\Konnetic.Sip.UnitTests\HeaderFields\ContactHeaderFieldAdapter.cs:line 224
</StackTrace>
        </ErrorInfo>
      </Output>
    </UnitTestResult>
    <UnitTestResult executionId="a134fb06-606f-4928-ac30-61669efbeafa" testId="459f7dae-7e47-7837-b6da-302b3d1ec0dc" testName="ParseTest1" computerName="SERVER001" duration="00:00:00.0029568" startTime="2010-01-24T19:15:49.7808482+11:00" endTime="2010-01-24T19:15:49.7868482+11:00" testType="13cdc9d9-ddb5-4fa4-a97d-d965ccfc6d4b" outcome="Failed" testListId="8c84fa94-04c1-424b-9868-57a2d4851a1d">
      <Output>
        <ErrorInfo>
          <Message>Test method Konnetic.Sip.UnitTests.ContactHeaderFieldAdapter.ParseTest1 threw exception:  System.NullReferenceException: Object reference not set to an instance of an object..</Message>
          <StackTrace>    at Konnetic.Sip.Headers.ContactHeaderField.set_QValue(Single value) in D:\Business\Development\Konnetic\UnifySipApi\Production\Src\Konnetic Unify SIP API\Konnetic.Sip\Headers\ContactHeaderField.cs:line 163
   at Konnetic.Sip.Headers.ContactHeaderField.Parse(String value) in D:\Business\Development\Konnetic\UnifySipApi\Production\Src\Konnetic Unify SIP API\Konnetic.Sip\Headers\ContactHeaderField.cs:line 382
   at Konnetic.Sip.UnitTests.ContactHeaderFieldAdapter.ParseTest1() in D:\Business\Development\Konnetic\UnifySipApi\Production\Src\Konnetic Unify SIP API\Konnetic.Sip.UnitTests\HeaderFields\ContactHeaderFieldAdapter.cs:line 301
</StackTrace>
        </ErrorInfo>
      </Output>
    </UnitTestResult>
    <UnitTestResult executionId="79ce4948-9043-47e3-8979-245bca55d000" testId="efca558e-b604-628e-59e0-400a6230c9fe" testName="QValueTest" computerName="SERVER001" duration="00:00:00.0020756" startTime="2010-01-24T19:15:49.7878482+11:00" endTime="2010-01-24T19:15:49.7928482+11:00" testType="13cdc9d9-ddb5-4fa4-a97d-d965ccfc6d4b" outcome="Failed" testListId="8c84fa94-04c1-424b-9868-57a2d4851a1d">
      <Output>
        <ErrorInfo>
          <Message>Test method Konnetic.Sip.UnitTests.ContactHeaderFieldAdapter.QValueTest threw exception:  System.NullReferenceException: Object reference not set to an instance of an object..</Message>
          <StackTrace>    at Konnetic.Sip.Headers.ContactHeaderField.get_QValue() in D:\Business\Development\Konnetic\UnifySipApi\Production\Src\Konnetic Unify SIP API\Konnetic.Sip\Headers\ContactHeaderField.cs:line 138
   at Konnetic.Sip.UnitTests.ContactHeaderFieldAdapter.QValueTest() in D:\Business\Development\Konnetic\UnifySipApi\Production\Src\Konnetic Unify SIP API\Konnetic.Sip.UnitTests\HeaderFields\ContactHeaderFieldAdapter.cs:line 333
</StackTrace>
        </ErrorInfo>
      </Output>
    </UnitTestResult>
    <UnitTestResult executionId="14aa3648-68a0-4ecf-a581-695ba51a8272" testId="e3342c41-5815-79b9-1710-b732892bfac7" testName="UriTest" computerName="SERVER001" duration="00:00:00.0009216" startTime="2010-01-24T19:15:49.7928482+11:00" endTime="2010-01-24T19:15:49.7968482+11:00" testType="13cdc9d9-ddb5-4fa4-a97d-d965ccfc6d4b" outcome="Passed" testListId="8c84fa94-04c1-424b-9868-57a2d4851a1d">
      <Output>
      </Output>
    </UnitTestResult>
    <UnitTestResult executionId="15cbbba3-45cb-4045-8200-5c160bc7d689" testId="dc1c4f32-db5d-b6d1-99d7-5e9a9121a1e5" testName="UriTest1" computerName="SERVER001" duration="00:00:00.0014174" startTime="2010-01-24T19:15:49.7968482+11:00" endTime="2010-01-24T19:15:49.8008482+11:00" testType="13cdc9d9-ddb5-4fa4-a97d-d965ccfc6d4b" outcome="Passed" testListId="8c84fa94-04c1-424b-9868-57a2d4851a1d">
      <Output>
      </Output>
    </UnitTestResult>
    <UnitTestResult executionId="aeac22af-b2b1-4244-937a-a43ccec7736a" testId="8456b9bc-1502-c935-fe2c-1c0b85b8069f" testName="CloneTest" computerName="SERVER001" duration="00:00:00.0050254" startTime="2010-01-24T19:15:49.8018482+11:00" endTime="2010-01-24T19:15:49.8098482+11:00" testType="13cdc9d9-ddb5-4fa4-a97d-d965ccfc6d4b" outcome="Failed" testListId="8c84fa94-04c1-424b-9868-57a2d4851a1d">
      <Output>
        <ErrorInfo>
          <Message>Test method Konnetic.Sip.UnitTests.ContentDispositionHeaderFieldAdapter.CloneTest threw exception:  System.NullReferenceException: Object reference not set to an instance of an object..</Message>
          <StackTrace>    at Konnetic.Sip.Headers.ContentDispositionHeaderField.set_Handling(String value) in D:\Business\Development\Konnetic\UnifySipApi\Production\Src\Konnetic Unify SIP API\Konnetic.Sip\Headers\ContentDispositionHeaderField.cs:line 113
   at Konnetic.Sip.Headers.ContentDispositionHeaderField..ctor(DispositionType dispositionType, ContentDispositionHandling handling) in D:\Business\Development\Konnetic\UnifySipApi\Production\Src\Konnetic Unify SIP API\Konnetic.Sip\Headers\ContentDispositionHeaderField.cs:line 178
   at Konnetic.Sip.UnitTests.ContentDispositionHeaderFieldAdapter.CloneTest() in D:\Business\Development\Konnetic\UnifySipApi\Production\Src\Konnetic Unify SIP API\Konnetic.Sip.UnitTests\HeaderFields\ContentDispositionHeaderFieldAdapter.cs:line 50
</StackTrace>
        </ErrorInfo>
      </Output>
    </UnitTestResult>
    <UnitTestResult executionId="153f9484-1862-4b11-85f8-1f8147b89a6f" testId="30cd5cc0-0b68-0639-c423-44f593bc1ae2" testName="ContentDispositionHeaderFieldConstructorTest" computerName="SERVER001" duration="00:00:00.0009123" startTime="2010-01-24T19:15:49.8108482+11:00" endTime="2010-01-24T19:15:49.8138482+11:00" testType="13cdc9d9-ddb5-4fa4-a97d-d965ccfc6d4b" outcome="Passed" testListId="8c84fa94-04c1-424b-9868-57a2d4851a1d">
      <Output>
      </Output>
    </UnitTestResult>
    <UnitTestResult executionId="4334a38d-d857-49e0-bb38-102382d58458" testId="781aecbc-0a4f-ee8f-7877-569a57a0d36c" testName="ContentDispositionHeaderFieldConstructorTest1" computerName="SERVER001" duration="00:00:00.0022955" startTime="2010-01-24T19:15:49.8148482+11:00" endTime="2010-01-24T19:15:49.8198482+11:00" testType="13cdc9d9-ddb5-4fa4-a97d-d965ccfc6d4b" outcome="Failed" testListId="8c84fa94-04c1-424b-9868-57a2d4851a1d">
      <Output>
        <ErrorInfo>
          <Message>Test method Konnetic.Sip.UnitTests.ContentDispositionHeaderFieldAdapter.ContentDispositionHeaderFieldConstructorTest1 threw exception:  System.NullReferenceException: Object reference not set to an instance of an object..</Message>
          <StackTrace>    at Konnetic.Sip.Headers.ParamatizedHeaderFieldBase.get_HasParameters() in D:\Business\Development\Konnetic\UnifySipApi\Production\Src\Konnetic Unify SIP API\Konnetic.Sip\Headers\BaseHeaderFields\ParamatizedHeaderFieldBase.cs:line 43
   at Konnetic.Sip.UnitTests.ContentDispositionHeaderFieldAdapter.ContentDispositionHeaderFieldConstructorTest1() in D:\Business\Development\Konnetic\UnifySipApi\Production\Src\Konnetic Unify SIP API\Konnetic.Sip.UnitTests\HeaderFields\ContentDispositionHeaderFieldAdapter.cs:line 94
</StackTrace>
        </ErrorInfo>
      </Output>
    </UnitTestResult>
    <UnitTestResult executionId="70409a77-8d85-493e-a863-27529630144b" testId="0ccb1409-a625-8ae5-bf80-d22c93abbe88" testName="ContentDispositionHeaderFieldConstructorTest2" computerName="SERVER001" duration="00:00:00.0021370" startTime="2010-01-24T19:15:49.8198482+11:00" endTime="2010-01-24T19:15:49.8248482+11:00" testType="13cdc9d9-ddb5-4fa4-a97d-d965ccfc6d4b" outcome="Failed" testListId="8c84fa94-04c1-424b-9868-57a2d4851a1d">
      <Output>
        <ErrorInfo>
          <Message>Test method Konnetic.Sip.UnitTests.ContentDispositionHeaderFieldAdapter.ContentDispositionHeaderFieldConstructorTest2 threw exception:  System.NullReferenceException: Object reference not set to an instance of an object..</Message>
          <StackTrace>    at Konnetic.Sip.Headers.ContentDispositionHeaderField.set_Handling(String value) in D:\Business\Development\Konnetic\UnifySipApi\Production\Src\Konnetic Unify SIP API\Konnetic.Sip\Headers\ContentDispositionHeaderField.cs:line 113
   at Konnetic.Sip.Headers.ContentDispositionHeaderField..ctor(DispositionType dispositionType, ContentDispositionHandling handling) in D:\Business\Development\Konnetic\UnifySipApi\Production\Src\Konnetic Unify SIP API\Konnetic.Sip\Headers\ContentDispositionHeaderField.cs:line 178
   at Konnetic.Sip.UnitTests.ContentDispositionHeaderFieldAdapter.ContentDispositionHeaderFieldConstructorTest2() in D:\Business\Development\Konnetic\UnifySipApi\Production\Src\Konnetic Unify SIP API\Konnetic.Sip.UnitTests\HeaderFields\ContentDispositionHeaderFieldAdapter.cs:line 112
</StackTrace>
        </ErrorInfo>
      </Output>
    </UnitTestResult>
    <UnitTestResult executionId="2d2fbf74-b214-4507-8c41-1a7d8782b6ef" testId="0ec7c5ea-ba60-1b69-0088-887cc48b1020" testName="ContentDispositionHeaderFieldConstructorTest3" computerName="SERVER001" duration="00:00:00.0005977" startTime="2010-01-24T19:15:49.8258482+11:00" endTime="2010-01-24T19:15:49.8288482+11:00" testType="13cdc9d9-ddb5-4fa4-a97d-d965ccfc6d4b" outcome="Passed" testListId="8c84fa94-04c1-424b-9868-57a2d4851a1d">
      <Output>
      </Output>
    </UnitTestResult>
    <UnitTestResult executionId="d063ca7f-ca11-4ebd-9781-ba02b69b5a99" testId="01ae3fa0-ed8b-8c8c-ac6d-a52854caf134" testName="DispositionTypeTest" computerName="SERVER001" duration="00:00:00.0006706" startTime="2010-01-24T19:15:49.8298482+11:00" endTime="2010-01-24T19:15:49.8338482+11:00" testType="13cdc9d9-ddb5-4fa4-a97d-d965ccfc6d4b" outcome="Passed" testListId="8c84fa94-04c1-424b-9868-57a2d4851a1d">
      <Output>
      </Output>
    </UnitTestResult>
    <UnitTestResult executionId="02fbabd6-c203-4297-b804-bcde03aabf3d" testId="c4944c7e-1515-f015-86e2-11fd01671676" testName="EqualsTest" computerName="SERVER001" duration="00:00:00.0024839" startTime="2010-01-24T19:15:49.8348482+11:00" endTime="2010-01-24T19:15:49.8398482+11:00" testType="13cdc9d9-ddb5-4fa4-a97d-d965ccfc6d4b" outcome="Failed" testListId="8c84fa94-04c1-424b-9868-57a2d4851a1d">
      <Output>
        <ErrorInfo>
          <Message>Test method Konnetic.Sip.UnitTests.ContentDispositionHeaderFieldAdapter.EqualsTest threw exception:  System.NullReferenceException: Object reference not set to an instance of an object..</Message>
          <StackTrace>    at Konnetic.Sip.Headers.ContentDispositionHeaderField.set_Handling(String value) in D:\Business\Development\Konnetic\UnifySipApi\Production\Src\Konnetic Unify SIP API\Konnetic.Sip\Headers\ContentDispositionHeaderField.cs:line 113
   at Konnetic.Sip.Headers.ContentDispositionHeaderField..ctor(DispositionType dispositionType, ContentDispositionHandling handling) in D:\Business\Development\Konnetic\UnifySipApi\Production\Src\Konnetic Unify SIP API\Konnetic.Sip\Headers\ContentDispositionHeaderField.cs:line 178
   at Konnetic.Sip.UnitTests.ContentDispositionHeaderFieldAdapter.EqualsTest() in D:\Business\Development\Konnetic\UnifySipApi\Production\Src\Konnetic Unify SIP API\Konnetic.Sip.UnitTests\HeaderFields\ContentDispositionHeaderFieldAdapter.cs:line 199
</StackTrace>
        </ErrorInfo>
      </Output>
    </UnitTestResult>
    <UnitTestResult executionId="d2191e70-eec0-4c40-80bf-149391f67467" testId="42c3f6f1-5106-183b-2a3e-7f83f18109e4" testName="GetStringValueTest" computerName="SERVER001" duration="00:00:00.0025587" startTime="2010-01-24T19:15:49.8398482+11:00" endTime="2010-01-24T19:15:49.8468482+11:00" testType="13cdc9d9-ddb5-4fa4-a97d-d965ccfc6d4b" outcome="Failed" testListId="8c84fa94-04c1-424b-9868-57a2d4851a1d">
      <Output>
        <ErrorInfo>
          <Message>Test method Konnetic.Sip.UnitTests.ContentDispositionHeaderFieldAdapter.GetStringValueTest threw exception:  System.NullReferenceException: Object reference not set to an instance of an object..</Message>
          <StackTrace>    at Konnetic.Sip.Headers.ContentDispositionHeaderField.set_Handling(String value) in D:\Business\Development\Konnetic\UnifySipApi\Production\Src\Konnetic Unify SIP API\Konnetic.Sip\Headers\ContentDispositionHeaderField.cs:line 113
   at Konnetic.Sip.UnitTests.ContentDispositionHeaderFieldAdapter.GetStringValueTest() in D:\Business\Development\Konnetic\UnifySipApi\Production\Src\Konnetic Unify SIP API\Konnetic.Sip.UnitTests\HeaderFields\ContentDispositionHeaderFieldAdapter.cs:line 349
</StackTrace>
        </ErrorInfo>
      </Output>
    </UnitTestResult>
    <UnitTestResult executionId="493b016d-3527-4a33-b22b-515284e4d94d" testId="3f43a7ed-aaf5-a821-0c08-25ea2f37adff" testName="GetStringValueTest1" computerName="SERVER001" duration="00:00:00.0011609" startTime="2010-01-24T19:15:49.8468482+11:00" endTime="2010-01-24T19:15:49.8518482+11:00" testType="13cdc9d9-ddb5-4fa4-a97d-d965ccfc6d4b" outcome="Passed" testListId="8c84fa94-04c1-424b-9868-57a2d4851a1d">
      <Output>
      </Output>
    </UnitTestResult>
    <UnitTestResult executionId="0545d878-7861-4517-ac1b-b520517e7c86" testId="98839050-ff82-f3c0-8366-f7a5c6f29a16" testName="HandlingTest" computerName="SERVER001" duration="00:00:00.0023276" startTime="2010-01-24T19:15:49.8518482+11:00" endTime="2010-01-24T19:15:49.8568482+11:00" testType="13cdc9d9-ddb5-4fa4-a97d-d965ccfc6d4b" outcome="Failed" testListId="8c84fa94-04c1-424b-9868-57a2d4851a1d">
      <Output>
        <ErrorInfo>
          <Message>Test method Konnetic.Sip.UnitTests.ContentDispositionHeaderFieldAdapter.HandlingTest threw exception:  System.NullReferenceException: Object reference not set to an instance of an object..</Message>
          <StackTrace>    at Konnetic.Sip.Headers.ContentDispositionHeaderField.get_Handling() in D:\Business\Development\Konnetic\UnifySipApi\Production\Src\Konnetic Unify SIP API\Konnetic.Sip\Headers\ContentDispositionHeaderField.cs:line 94
   at Konnetic.Sip.UnitTests.ContentDispositionHeaderFieldAdapter.HandlingTest() in D:\Business\Development\Konnetic\UnifySipApi\Production\Src\Konnetic Unify SIP API\Konnetic.Sip.UnitTests\HeaderFields\ContentDispositionHeaderFieldAdapter.cs:line 242
</StackTrace>
        </ErrorInfo>
      </Output>
    </UnitTestResult>
    <UnitTestResult executionId="1a30912e-5441-469f-9bd6-7c90d97e537c" testId="2d46e5cc-84fc-f3a5-6c79-1316af1ae37c" testName="IsValidTest" computerName="SERVER001" duration="00:00:00.0029354" startTime="2010-01-24T19:15:49.8578482+11:00" endTime="2010-01-24T19:15:49.8638482+11:00" testType="13cdc9d9-ddb5-4fa4-a97d-d965ccfc6d4b" outcome="Failed" testListId="8c84fa94-04c1-424b-9868-57a2d4851a1d">
      <Output>
        <ErrorInfo>
          <Message>Test method Konnetic.Sip.UnitTests.ContentDispositionHeaderFieldAdapter.IsValidTest threw exception:  System.NullReferenceException: Object reference not set to an instance of an object..</Message>
          <StackTrace>    at Konnetic.Sip.Headers.ParamatizedHeaderFieldBase.get_HasParameters() in D:\Business\Development\Konnetic\UnifySipApi\Production\Src\Konnetic Unify SIP API\Konnetic.Sip\Headers\BaseHeaderFields\ParamatizedHeaderFieldBase.cs:line 43
   at Konnetic.Sip.Headers.ParamatizedHeaderFieldBase.IsValid() in D:\Business\Development\Konnetic\UnifySipApi\Production\Src\Konnetic Unify SIP API\Konnetic.Sip\Headers\BaseHeaderFields\ParamatizedHeaderFieldBase.cs:line 202
   at Konnetic.Sip.Headers.ContentDispositionHeaderField.IsValid() in D:\Business\Development\Konnetic\UnifySipApi\Production\Src\Konnetic Unify SIP API\Konnetic.Sip\Headers\ContentDispositionHeaderField.cs:line 313
   at Konnetic.Sip.UnitTests.ContentDispositionHeaderFieldAdapter.IsValidTest() in D:\Business\Development\Konnetic\UnifySipApi\Production\Src\Konnetic Unify SIP API\Konnetic.Sip.UnitTests\HeaderFields\ContentDispositionHeaderFieldAdapter.cs:line 274
</StackTrace>
        </ErrorInfo>
      </Output>
    </UnitTestResult>
    <UnitTestResult executionId="d72904a3-7381-49fd-a011-399e16af48bb" testId="03ea1ece-8b1a-3360-9e98-40c4a8c67db9" testName="ParseTest" computerName="SERVER001" duration="00:00:00.0029605" startTime="2010-01-24T19:15:49.8638482+11:00" endTime="2010-01-24T19:15:49.8698482+11:00" testType="13cdc9d9-ddb5-4fa4-a97d-d965ccfc6d4b" outcome="Failed" testListId="8c84fa94-04c1-424b-9868-57a2d4851a1d">
      <Output>
        <ErrorInfo>
          <Message>Test method Konnetic.Sip.UnitTests.ContentDispositionHeaderFieldAdapter.ParseTest threw exception:  System.NullReferenceException: Object reference not set to an instance of an object..</Message>
          <StackTrace>    at Konnetic.Sip.Headers.ParamatizedHeaderFieldBase.Parse(String value) in D:\Business\Development\Konnetic\UnifySipApi\Production\Src\Konnetic Unify SIP API\Konnetic.Sip\Headers\BaseHeaderFields\ParamatizedHeaderFieldBase.cs:line 221
   at Konnetic.Sip.Headers.ContentDispositionHeaderField.Parse(String value) in D:\Business\Development\Konnetic\UnifySipApi\Production\Src\Konnetic Unify SIP API\Konnetic.Sip\Headers\ContentDispositionHeaderField.cs:line 345
   at Konnetic.Sip.UnitTests.ContentDispositionHeaderFieldAdapter.ParseTest() in D:\Business\Development\Konnetic\UnifySipApi\Production\Src\Konnetic Unify SIP API\Konnetic.Sip.UnitTests\HeaderFields\ContentDispositionHeaderFieldAdapter.cs:line 314
</StackTrace>
        </ErrorInfo>
      </Output>
    </UnitTestResult>
    <UnitTestResult executionId="6393236f-7008-4aee-bfcb-fffbee93a9fa" testId="b3b87a25-707e-eabd-cd9b-4706c79e030a" testName="CloneTest" computerName="SERVER001" duration="00:00:00.0022950" startTime="2010-01-24T19:15:49.8698482+11:00" endTime="2010-01-24T19:15:49.8758482+11:00" testType="13cdc9d9-ddb5-4fa4-a97d-d965ccfc6d4b" outcome="Passed" testListId="8c84fa94-04c1-424b-9868-57a2d4851a1d">
      <Output>
      </Output>
    </UnitTestResult>
    <UnitTestResult executionId="e2670951-4262-4e9b-84c3-5ddd52846cfd" testId="c870b85f-8c6f-144f-b0fb-4e9fa2a2b97c" testName="ContentEncodingHeaderFieldConstructorTest" computerName="SERVER001" duration="00:00:00.0009644" startTime="2010-01-24T19:15:49.8768482+11:00" endTime="2010-01-24T19:15:49.8808482+11:00" testType="13cdc9d9-ddb5-4fa4-a97d-d965ccfc6d4b" outcome="Passed" testListId="8c84fa94-04c1-424b-9868-57a2d4851a1d">
      <Output>
      </Output>
    </UnitTestResult>
    <UnitTestResult executionId="7ade6eea-976d-4caa-be5f-d7729c9ac706" testId="2a96f827-bbc4-2c3b-f0d8-f7fcaed1d769" testName="ContentEncodingHeaderFieldConstructorTest1" computerName="SERVER001" duration="00:00:00.0007234" startTime="2010-01-24T19:15:49.8808482+11:00" endTime="2010-01-24T19:15:49.8838482+11:00" testType="13cdc9d9-ddb5-4fa4-a97d-d965ccfc6d4b" outcome="Passed" testListId="8c84fa94-04c1-424b-9868-57a2d4851a1d">
      <Output>
      </Output>
    </UnitTestResult>
    <UnitTestResult executionId="fe742040-f1f8-4263-b0b4-fdf0e3281eed" testId="223c7435-6b43-2007-709d-8c2478b15d0c" testName="ContentEncodingTest" computerName="SERVER001" duration="00:00:00.0008270" startTime="2010-01-24T19:15:49.8848482+11:00" endTime="2010-01-24T19:15:49.8878482+11:00" testType="13cdc9d9-ddb5-4fa4-a97d-d965ccfc6d4b" outcome="Passed" testListId="8c84fa94-04c1-424b-9868-57a2d4851a1d">
      <Output>
      </Output>
    </UnitTestResult>
    <UnitTestResult executionId="8aacc19f-cbb8-4acc-99d6-3a84e433a838" testId="25c3230e-0d44-73e3-81f2-19a43d9ed02c" testName="ContentEncodingTest1" computerName="SERVER001" duration="00:00:00.0010096" startTime="2010-01-24T19:15:49.8888482+11:00" endTime="2010-01-24T19:15:49.8918482+11:00" testType="13cdc9d9-ddb5-4fa4-a97d-d965ccfc6d4b" outcome="Passed" testListId="8c84fa94-04c1-424b-9868-57a2d4851a1d">
      <Output>
      </Output>
    </UnitTestResult>
    <UnitTestResult executionId="a4617a8d-599b-4e30-a193-9873be3d1e5f" testId="1e22ff15-a9eb-0b99-c3ac-e6e4353748db" testName="EncodingTest1" computerName="SERVER001" duration="00:00:00.0015807" startTime="2010-01-24T19:15:49.8928482+11:00" endTime="2010-01-24T19:15:49.8978482+11:00" testType="13cdc9d9-ddb5-4fa4-a97d-d965ccfc6d4b" outcome="Passed" testListId="8c84fa94-04c1-424b-9868-57a2d4851a1d">
      <Output>
      </Output>
    </UnitTestResult>
    <UnitTestResult executionId="dce1885c-f80d-4594-9391-66163d675e88" testId="91fc7454-6e78-8a4e-a332-a8e52ffd3882" testName="EqualsTest" computerName="SERVER001" duration="00:00:00.0005965" startTime="2010-01-24T19:15:49.8978482+11:00" endTime="2010-01-24T19:15:49.9008482+11:00" testType="13cdc9d9-ddb5-4fa4-a97d-d965ccfc6d4b" outcome="Passed" testListId="8c84fa94-04c1-424b-9868-57a2d4851a1d">
      <Output>
      </Output>
    </UnitTestResult>
    <UnitTestResult executionId="54268f85-bbe3-4fe4-a632-49aa5a7ede69" testId="9859568f-1ed1-8313-aa8b-52e7b09b6aee" testName="GetStringValueTest" computerName="SERVER001" duration="00:00:00.0008726" startTime="2010-01-24T19:15:49.9018482+11:00" endTime="2010-01-24T19:15:49.9048482+11:00" testType="13cdc9d9-ddb5-4fa4-a97d-d965ccfc6d4b" outcome="Passed" testListId="8c84fa94-04c1-424b-9868-57a2d4851a1d">
      <Output>
      </Output>
    </UnitTestResult>
    <UnitTestResult executionId="9f413ba1-0bda-4657-9dee-842d0cdc3c8a" testId="46697a9a-3629-b479-4baa-02c38113d5c0" testName="IsValidTest" computerName="SERVER001" duration="00:00:00.0010613" startTime="2010-01-24T19:15:49.9058482+11:00" endTime="2010-01-24T19:15:49.9108482+11:00" testType="13cdc9d9-ddb5-4fa4-a97d-d965ccfc6d4b" outcome="Passed" testListId="8c84fa94-04c1-424b-9868-57a2d4851a1d">
      <Output>
      </Output>
    </UnitTestResult>
    <UnitTestResult executionId="924c7ba4-9cc8-4de1-b55d-729acc1d4b91" testId="64e43d9d-1444-1d43-8b3e-a7652ce10540" testName="ParseTest" computerName="SERVER001" duration="00:00:00.1408222" startTime="2010-01-24T19:15:49.9118482+11:00" endTime="2010-01-24T19:15:50.0558482+11:00" testType="13cdc9d9-ddb5-4fa4-a97d-d965ccfc6d4b" outcome="Passed" testListId="8c84fa94-04c1-424b-9868-57a2d4851a1d">
      <Output>
      </Output>
    </UnitTestResult>
    <UnitTestResult executionId="80a5c8c3-8b03-4911-a23b-964858035323" testId="3b3a44fa-ae5d-d017-0e32-5cfc8d272ce9" testName="CloneTest" computerName="SERVER001" duration="00:00:00.0025490" startTime="2010-01-24T19:15:50.0568482+11:00" endTime="2010-01-24T19:15:50.0628482+11:00" testType="13cdc9d9-ddb5-4fa4-a97d-d965ccfc6d4b" outcome="Passed" testListId="8c84fa94-04c1-424b-9868-57a2d4851a1d">
      <Output>
      </Output>
    </UnitTestResult>
    <UnitTestResult executionId="0eebe381-2f1c-49ee-88ea-b8f8face8cb1" testId="b645fe28-5376-5b09-f1a2-7726c4c32c0e" testName="ContentLanguageHeaderFieldConstructorTest" computerName="SERVER001" duration="00:00:00.0008665" startTime="2010-01-24T19:15:50.0638482+11:00" endTime="2010-01-24T19:15:50.0668482+11:00" testType="13cdc9d9-ddb5-4fa4-a97d-d965ccfc6d4b" outcome="Passed" testListId="8c84fa94-04c1-424b-9868-57a2d4851a1d">
      <Output>
      </Output>
    </UnitTestResult>
    <UnitTestResult executionId="fb322e9d-f482-4cf9-95cb-6d03c97e7eba" testId="b01aee79-cd27-7816-1ad0-ea68f0b5ad21" testName="ContentLanguageHeaderFieldConstructorTest1" computerName="SERVER001" duration="00:00:00.0006675" startTime="2010-01-24T19:15:50.0678482+11:00" endTime="2010-01-24T19:15:50.0708482+11:00" testType="13cdc9d9-ddb5-4fa4-a97d-d965ccfc6d4b" outcome="Passed" testListId="8c84fa94-04c1-424b-9868-57a2d4851a1d">
      <Output>
      </Output>
    </UnitTestResult>
    <UnitTestResult executionId="8e43d725-5ac8-47bd-9eec-f2f0df29504e" testId="8b3b4ab5-6484-1eae-3363-2226212794b9" testName="ContentLanguageHeaderFieldConstructorTest2" computerName="SERVER001" duration="00:00:00.0009185" startTime="2010-01-24T19:15:50.0718482+11:00" endTime="2010-01-24T19:15:50.0748482+11:00" testType="13cdc9d9-ddb5-4fa4-a97d-d965ccfc6d4b" outcome="Passed" testListId="8c84fa94-04c1-424b-9868-57a2d4851a1d">
      <Output>
      </Output>
    </UnitTestResult>
    <UnitTestResult executionId="18c993c1-2fc2-4db5-85cd-ab46497e32d9" testId="be18124e-660f-efb1-6325-f87bf94bdc20" testName="EqualsTest" computerName="SERVER001" duration="00:00:00.0006034" startTime="2010-01-24T19:15:50.0758482+11:00" endTime="2010-01-24T19:15:50.0788482+11:00" testType="13cdc9d9-ddb5-4fa4-a97d-d965ccfc6d4b" outcome="Passed" testListId="8c84fa94-04c1-424b-9868-57a2d4851a1d">
      <Output>
      </Output>
    </UnitTestResult>
    <UnitTestResult executionId="0e5cfdbf-6845-4a61-81dc-585a72bde864" testId="24c1ee82-30ff-8e41-0008-d5c7cd9f80e3" testName="GetStringValueTest" computerName="SERVER001" duration="00:00:00.0011104" startTime="2010-01-24T19:15:50.0798482+11:00" endTime="2010-01-24T19:15:50.0828482+11:00" testType="13cdc9d9-ddb5-4fa4-a97d-d965ccfc6d4b" outcome="Passed" testListId="8c84fa94-04c1-424b-9868-57a2d4851a1d">
      <Output>
      </Output>
    </UnitTestResult>
    <UnitTestResult executionId="5977b9f9-b545-4c32-a6d3-887718ea65f9" testId="773ad362-0240-58dc-aa8f-272190d27b6e" testName="IsValidTest" computerName="SERVER001" duration="00:00:00.0009026" startTime="2010-01-24T19:15:50.0838482+11:00" endTime="2010-01-24T19:15:50.0878482+11:00" testType="13cdc9d9-ddb5-4fa4-a97d-d965ccfc6d4b" outcome="Passed" testListId="8c84fa94-04c1-424b-9868-57a2d4851a1d">
      <Output>
      </Output>
    </UnitTestResult>
    <UnitTestResult executionId="f8763f04-92b1-4098-8a3b-43d5e8b8ce8d" testId="cb5cecba-74e0-e400-cbc2-9222bf1ee755" testName="LanguageTagTest" computerName="SERVER001" duration="00:00:00.0009161" startTime="2010-01-24T19:15:50.0888482+11:00" endTime="2010-01-24T19:15:50.0948482+11:00" testType="13cdc9d9-ddb5-4fa4-a97d-d965ccfc6d4b" outcome="Passed" testListId="8c84fa94-04c1-424b-9868-57a2d4851a1d">
      <Output>
      </Output>
    </UnitTestResult>
    <UnitTestResult executionId="7be95045-1be6-4201-b5e6-8d54ad27b3c4" testId="415bc79e-0d30-94dd-66f4-4999b2696e1a" testName="LanguageTagTest1" computerName="SERVER001" duration="00:00:00.0015163" startTime="2010-01-24T19:15:50.0958482+11:00" endTime="2010-01-24T19:15:50.0998482+11:00" testType="13cdc9d9-ddb5-4fa4-a97d-d965ccfc6d4b" outcome="Passed" testListId="8c84fa94-04c1-424b-9868-57a2d4851a1d">
      <Output>
      </Output>
    </UnitTestResult>
    <UnitTestResult executionId="aa73baa1-7532-4ffc-a00e-77288da058cd" testId="c8656c06-fe46-8c5d-9a0a-7b056f3a0738" testName="ParseTest" computerName="SERVER001" duration="00:00:00.0641768" startTime="2010-01-24T19:15:50.0998482+11:00" endTime="2010-01-24T19:15:50.1668482+11:00" testType="13cdc9d9-ddb5-4fa4-a97d-d965ccfc6d4b" outcome="Passed" testListId="8c84fa94-04c1-424b-9868-57a2d4851a1d">
      <Output>
      </Output>
    </UnitTestResult>
    <UnitTestResult executionId="e5497048-f1f4-4b1f-a469-a0af6d433645" testId="ad44d01f-312b-56e4-69ce-f2d7063579c6" testName="CloneTest" computerName="SERVER001" duration="00:00:00.0018355" startTime="2010-01-24T19:15:50.1678482+11:00" endTime="2010-01-24T19:15:50.1718482+11:00" testType="13cdc9d9-ddb5-4fa4-a97d-d965ccfc6d4b" outcome="Passed" testListId="8c84fa94-04c1-424b-9868-57a2d4851a1d">
      <Output>
      </Output>
    </UnitTestResult>
    <UnitTestResult executionId="47bef634-f239-482c-ab07-6e679050c00e" testId="2d5af9c7-a7df-0db2-a34a-cf466f002a23" testName="ContentLengthHeaderFieldConstructorTest" computerName="SERVER001" duration="00:00:00.0008378" startTime="2010-01-24T19:15:50.1728482+11:00" endTime="2010-01-24T19:15:50.1768482+11:00" testType="13cdc9d9-ddb5-4fa4-a97d-d965ccfc6d4b" outcome="Passed" testListId="8c84fa94-04c1-424b-9868-57a2d4851a1d">
      <Output>
      </Output>
    </UnitTestResult>
    <UnitTestResult executionId="2f28153e-d5cf-4d98-98c2-e7df491cd637" testId="60aed6ce-f14b-1678-56d5-4ec00907365c" testName="ContentLengthHeaderFieldConstructorTest1" computerName="SERVER001" duration="00:00:00.0004638" startTime="2010-01-24T19:15:50.1768482+11:00" endTime="2010-01-24T19:15:50.1798482+11:00" testType="13cdc9d9-ddb5-4fa4-a97d-d965ccfc6d4b" outcome="Passed" testListId="8c84fa94-04c1-424b-9868-57a2d4851a1d">
      <Output>
      </Output>
    </UnitTestResult>
    <UnitTestResult executionId="f359600c-44eb-4de8-a70b-98b90e39ac87" testId="e8dec672-3843-6f37-8753-4ec1a9697769" testName="EqualsTest" computerName="SERVER001" duration="00:00:00.0008958" startTime="2010-01-24T19:15:50.1808482+11:00" endTime="2010-01-24T19:15:50.1838482+11:00" testType="13cdc9d9-ddb5-4fa4-a97d-d965ccfc6d4b" outcome="Passed" testListId="8c84fa94-04c1-424b-9868-57a2d4851a1d">
      <Output>
      </Output>
    </UnitTestResult>
    <UnitTestResult executionId="27cf497b-7f42-405d-acc4-97d7290c4d4d" testId="fd77eda1-7bce-2aa6-17fa-2657da80ebad" testName="GetStringValueTest" computerName="SERVER001" duration="00:00:00.0005527" startTime="2010-01-24T19:15:50.1848482+11:00" endTime="2010-01-24T19:15:50.1878482+11:00" testType="13cdc9d9-ddb5-4fa4-a97d-d965ccfc6d4b" outcome="Passed" testListId="8c84fa94-04c1-424b-9868-57a2d4851a1d">
      <Output>
      </Output>
    </UnitTestResult>
    <UnitTestResult executionId="09bd320b-cc71-405f-afac-7c57651bae68" testId="7a89a995-febf-4228-b231-81beac4b1a82" testName="IsValidTest" computerName="SERVER001" duration="00:00:00.0011176" startTime="2010-01-24T19:15:50.1878482+11:00" endTime="2010-01-24T19:15:50.1918482+11:00" testType="13cdc9d9-ddb5-4fa4-a97d-d965ccfc6d4b" outcome="Passed" testListId="8c84fa94-04c1-424b-9868-57a2d4851a1d">
      <Output>
      </Output>
    </UnitTestResult>
    <UnitTestResult executionId="3ec58f1b-e280-4c43-8a55-ba93f6a8057f" testId="b730b2be-1068-d3d6-362b-12e7fd1a3164" testName="LengthTest" computerName="SERVER001" duration="00:00:00.0013496" startTime="2010-01-24T19:15:50.1918482+11:00" endTime="2010-01-24T19:15:50.1968482+11:00" testType="13cdc9d9-ddb5-4fa4-a97d-d965ccfc6d4b" outcome="Passed" testListId="8c84fa94-04c1-424b-9868-57a2d4851a1d">
      <Output>
      </Output>
    </UnitTestResult>
    <UnitTestResult executionId="ad11e9e7-4fb9-404e-a95e-04cbe8eb1497" testId="da12012f-0c55-0fc0-7569-852d16e7e798" testName="LengthTest1" computerName="SERVER001" duration="00:00:00.0022704" startTime="2010-01-24T19:15:50.1968482+11:00" endTime="2010-01-24T19:15:50.2018482+11:00" testType="13cdc9d9-ddb5-4fa4-a97d-d965ccfc6d4b" outcome="Passed" testListId="8c84fa94-04c1-424b-9868-57a2d4851a1d">
      <Output>
      </Output>
    </UnitTestResult>
    <UnitTestResult executionId="ca08d358-fc45-4be3-b4bd-e160415ef3ec" testId="b065705c-9e09-a61a-8a7c-4d8d72f89e39" testName="ParseTest" computerName="SERVER001" duration="00:00:00.0740541" startTime="2010-01-24T19:15:50.2028482+11:00" endTime="2010-01-24T19:15:50.2828482+11:00" testType="13cdc9d9-ddb5-4fa4-a97d-d965ccfc6d4b" outcome="Passed" testListId="8c84fa94-04c1-424b-9868-57a2d4851a1d">
      <Output>
      </Output>
    </UnitTestResult>
    <UnitTestResult executionId="7adffaac-3b2c-43c8-b777-117d13e90bca" testId="e60850c8-54a4-7b27-6af1-719dc0284008" testName="CloneTest" computerName="SERVER001" duration="00:00:00.0029185" startTime="2010-01-24T19:15:50.2828482+11:00" endTime="2010-01-24T19:15:50.2898482+11:00" testType="13cdc9d9-ddb5-4fa4-a97d-d965ccfc6d4b" outcome="Failed" testListId="8c84fa94-04c1-424b-9868-57a2d4851a1d">
      <Output>
        <ErrorInfo>
          <Message>Test method Konnetic.Sip.UnitTests.ContentTypeHeaderFieldAdapter.CloneTest threw exception:  System.NullReferenceException: Object reference not set to an instance of an object..</Message>
          <StackTrace>    at Konnetic.Sip.Headers.ContentTypeHeaderField.Clone() in D:\Business\Development\Konnetic\UnifySipApi\Production\Src\Konnetic Unify SIP API\Konnetic.Sip\Headers\ContentTypeHeaderField.cs:line 149
   at Konnetic.Sip.UnitTests.ContentTypeHeaderFieldAdapter.CloneTest() in D:\Business\Development\Konnetic\UnifySipApi\Production\Src\Konnetic Unify SIP API\Konnetic.Sip.UnitTests\HeaderFields\ContentTypeHeaderFieldAdapter.cs:line 51
</StackTrace>
        </ErrorInfo>
      </Output>
    </UnitTestResult>
    <UnitTestResult executionId="102d8ac0-837e-4c3c-b8c4-dc577b48f746" testId="4ce024e9-114c-b93f-dda0-d8d5eecbac78" testName="ContentTypeHeaderFieldConstructorTest" computerName="SERVER001" duration="00:00:00.0005286" startTime="2010-01-24T19:15:50.2908482+11:00" endTime="2010-01-24T19:15:50.2938482+11:00" testType="13cdc9d9-ddb5-4fa4-a97d-d965ccfc6d4b" outcome="Passed" testListId="8c84fa94-04c1-424b-9868-57a2d4851a1d">
      <Output>
      </Output>
    </UnitTestResult>
    <UnitTestResult executionId="985f599b-e3fb-45b8-83e3-ac11340c23bf" testId="5e6a8cc5-eed7-b02b-7bb3-305606a2feaa" testName="ContentTypeHeaderFieldConstructorTest1" computerName="SERVER001" duration="00:00:00.0005349" startTime="2010-01-24T19:15:50.2938482+11:00" endTime="2010-01-24T19:15:50.2968482+11:00" testType="13cdc9d9-ddb5-4fa4-a97d-d965ccfc6d4b" outcome="Passed" testListId="8c84fa94-04c1-424b-9868-57a2d4851a1d">
      <Output>
      </Output>
    </UnitTestResult>
    <UnitTestResult executionId="5eaf14f7-6489-4a1e-8503-91efa2b9d6d0" testId="c7790254-4ede-da32-a73b-877f9504e2d5" testName="ContentTypeHeaderFieldConstructorTest2" computerName="SERVER001" duration="00:00:00.0009453" startTime="2010-01-24T19:15:50.2978482+11:00" endTime="2010-01-24T19:15:50.3018482+11:00" testType="13cdc9d9-ddb5-4fa4-a97d-d965ccfc6d4b" outcome="Passed" testListId="8c84fa94-04c1-424b-9868-57a2d4851a1d">
      <Output>
      </Output>
    </UnitTestResult>
    <UnitTestResult executionId="56d3e5ad-06a5-49db-b330-76e6adb76ef7" testId="b5ecfde3-6a11-3c88-f95b-5db558bbb3b6" testName="ParseTest" computerName="SERVER001" duration="00:00:00.0086923" startTime="2010-01-24T19:15:50.3028482+11:00" endTime="2010-01-24T19:15:50.3138482+11:00" testType="13cdc9d9-ddb5-4fa4-a97d-d965ccfc6d4b" outcome="Failed" testListId="8c84fa94-04c1-424b-9868-57a2d4851a1d">
      <Output>
        <ErrorInfo>
          <Message>Test method Konnetic.Sip.UnitTests.ContentTypeHeaderFieldAdapter.ParseTest threw exception:  System.NullReferenceException: Object reference not set to an instance of an object..</Message>
          <StackTrace>    at Konnetic.Sip.Headers.ParamatizedHeaderFieldBase.Parse(String value) in D:\Business\Development\Konnetic\UnifySipApi\Production\Src\Konnetic Unify SIP API\Konnetic.Sip\Headers\BaseHeaderFields\ParamatizedHeaderFieldBase.cs:line 221
   at Konnetic.Sip.Headers.MediaTypeHeaderFieldBase.Parse(String value) in D:\Business\Development\Konnetic\UnifySipApi\Production\Src\Konnetic Unify SIP API\Konnetic.Sip\Headers\BaseHeaderFields\MediaTypeHeaderFieldBase.cs:line 307
   at Konnetic.Sip.Headers.ContentTypeHeaderField.Parse(String value) in D:\Business\Development\Konnetic\UnifySipApi\Production\Src\Konnetic Unify SIP API\Konnetic.Sip\Headers\ContentTypeHeaderField.cs:line 245
   at Konnetic.Sip.UnitTests.ContentTypeHeaderFieldAdapter.ParseTest() in D:\Business\Development\Konnetic\UnifySipApi\Production\Src\Konnetic Unify SIP API\Konnetic.Sip.UnitTests\HeaderFields\ContentTypeHeaderFieldAdapter.cs:line 128
</StackTrace>
        </ErrorInfo>
      </Output>
    </UnitTestResult>
    <UnitTestResult executionId="475d1e7e-cb75-4b23-ab92-3f2f38303306" testId="37e9e05e-3df1-6701-2b47-d1d261dc14b9" testName="CloneTest" computerName="SERVER001" duration="00:00:00.0047463" startTime="2010-01-24T19:15:50.3148482+11:00" endTime="2010-01-24T19:15:50.3228482+11:00" testType="13cdc9d9-ddb5-4fa4-a97d-d965ccfc6d4b" outcome="Passed" testListId="8c84fa94-04c1-424b-9868-57a2d4851a1d">
      <Output>
      </Output>
    </UnitTestResult>
    <UnitTestResult executionId="3bf8d269-96a2-4eff-9326-89bcc6e6ffbe" testId="d35deb84-0f4d-903b-6b22-c3e0e1eb4d8f" testName="CSeqHeaderFieldConstructorTest" computerName="SERVER001" duration="00:00:00.0011812" startTime="2010-01-24T19:15:50.3238482+11:00" endTime="2010-01-24T19:15:50.3278482+11:00" testType="13cdc9d9-ddb5-4fa4-a97d-d965ccfc6d4b" outcome="Passed" testListId="8c84fa94-04c1-424b-9868-57a2d4851a1d">
      <Output>
      </Output>
    </UnitTestResult>
    <UnitTestResult executionId="95a81ae4-20df-4268-88e1-2916499f7709" testId="171f34fb-a3ff-5cb4-eba5-176021935ca8" testName="CSeqHeaderFieldConstructorTest1" computerName="SERVER001" duration="00:00:00.0004199" startTime="2010-01-24T19:15:50.3278482+11:00" endTime="2010-01-24T19:15:50.3308482+11:00" testType="13cdc9d9-ddb5-4fa4-a97d-d965ccfc6d4b" outcome="Passed" testListId="8c84fa94-04c1-424b-9868-57a2d4851a1d">
      <Output>
      </Output>
    </UnitTestResult>
    <UnitTestResult executionId="8349e2a2-5c53-4efb-9bcf-36cd9e102fe4" testId="c96e31ca-43c5-df87-6c5b-7e1eee7f237c" testName="CSeqHeaderFieldConstructorTest2" computerName="SERVER001" duration="00:00:00.0011121" startTime="2010-01-24T19:15:50.3308482+11:00" endTime="2010-01-24T19:15:50.3348482+11:00" testType="13cdc9d9-ddb5-4fa4-a97d-d965ccfc6d4b" outcome="Passed" testListId="8c84fa94-04c1-424b-9868-57a2d4851a1d">
      <Output>
      </Output>
    </UnitTestResult>
    <UnitTestResult executionId="bb33899e-e1ed-433c-af21-50432db6363f" testId="36b9e57f-6cdd-063c-348b-15dec7da5e32" testName="CSeqHeaderFieldConstructorTest3" computerName="SERVER001" duration="00:00:00.0008044" startTime="2010-01-24T19:15:50.3358482+11:00" endTime="2010-01-24T19:15:50.3418482+11:00" testType="13cdc9d9-ddb5-4fa4-a97d-d965ccfc6d4b" outcome="Passed" testListId="8c84fa94-04c1-424b-9868-57a2d4851a1d">
      <Output>
      </Output>
    </UnitTestResult>
    <UnitTestResult executionId="2540a49b-24c9-498d-97fa-26c6310697b5" testId="ff052629-d3e6-e97f-5869-798bc9db96cb" testName="CSeqHeaderFieldConstructorTest5" computerName="SERVER001" duration="00:00:00.0009131" startTime="2010-01-24T19:15:50.3418482+11:00" endTime="2010-01-24T19:15:50.3458482+11:00" testType="13cdc9d9-ddb5-4fa4-a97d-d965ccfc6d4b" outcome="Passed" testListId="8c84fa94-04c1-424b-9868-57a2d4851a1d">
      <Output>
      </Output>
    </UnitTestResult>
    <UnitTestResult executionId="a8042458-343c-429c-9ada-69b2de16037f" testId="ed362dc0-8761-8caa-fa70-7dcfc2b975a1" testName="EqualsTest" computerName="SERVER001" duration="00:00:00.0014161" startTime="2010-01-24T19:15:50.3458482+11:00" endTime="2010-01-24T19:15:50.3498482+11:00" testType="13cdc9d9-ddb5-4fa4-a97d-d965ccfc6d4b" outcome="Passed" testListId="8c84fa94-04c1-424b-9868-57a2d4851a1d">
      <Output>
      </Output>
    </UnitTestResult>
    <UnitTestResult executionId="5eb4ce17-8232-4d95-8595-4d2b6d73dd6e" testId="f231423a-8910-6775-2714-87c764c894b7" testName="GetStringValueTest" computerName="SERVER001" duration="00:00:00.0016672" startTime="2010-01-24T19:15:50.3508482+11:00" endTime="2010-01-24T19:15:50.3548482+11:00" testType="13cdc9d9-ddb5-4fa4-a97d-d965ccfc6d4b" outcome="Passed" testListId="8c84fa94-04c1-424b-9868-57a2d4851a1d">
      <Output>
      </Output>
    </UnitTestResult>
    <UnitTestResult executionId="7ab7f995-f1ef-4f37-a393-f737f7d5036e" testId="d9045caf-bc9e-9155-eab3-e1213b60e9f3" testName="IsValidTest" computerName="SERVER001" duration="00:00:00.0010794" startTime="2010-01-24T19:15:50.3558482+11:00" endTime="2010-01-24T19:15:50.3588482+11:00" testType="13cdc9d9-ddb5-4fa4-a97d-d965ccfc6d4b" outcome="Passed" testListId="8c84fa94-04c1-424b-9868-57a2d4851a1d">
      <Output>
      </Output>
    </UnitTestResult>
    <UnitTestResult executionId="bae77cf9-c72d-44c6-b862-96aa00147bbc" testId="a7ce8045-fdaa-8c92-34a2-239e6e9f9d66" testName="MethodTest" computerName="SERVER001" duration="00:00:00.0012341" startTime="2010-01-24T19:15:50.3598482+11:00" endTime="2010-01-24T19:15:50.3638482+11:00" testType="13cdc9d9-ddb5-4fa4-a97d-d965ccfc6d4b" outcome="Passed" testListId="8c84fa94-04c1-424b-9868-57a2d4851a1d">
      <Output>
      </Output>
    </UnitTestResult>
    <UnitTestResult executionId="0043c342-0271-4365-b5c0-7d3faa7b3bea" testId="db9a66c0-39ad-ec1b-d228-d79c14b86964" testName="MethodTest1" computerName="SERVER001" duration="00:00:00.0012942" startTime="2010-01-24T19:15:50.3638482+11:00" endTime="2010-01-24T19:15:50.3678482+11:00" testType="13cdc9d9-ddb5-4fa4-a97d-d965ccfc6d4b" outcome="Passed" testListId="8c84fa94-04c1-424b-9868-57a2d4851a1d">
      <Output>
      </Output>
    </UnitTestResult>
    <UnitTestResult executionId="4eb96b66-a559-403c-b601-48c962ba2517" testId="1761c801-50d6-e824-8c7c-e8367d6461d1" testName="NewSequenceTest" computerName="SERVER001" duration="00:00:00.0003774" startTime="2010-01-24T19:15:50.3678482+11:00" endTime="2010-01-24T19:15:50.3708482+11:00" testType="13cdc9d9-ddb5-4fa4-a97d-d965ccfc6d4b" outcome="Passed" testListId="8c84fa94-04c1-424b-9868-57a2d4851a1d">
      <Output>
      </Output>
    </UnitTestResult>
    <UnitTestResult executionId="db767dd9-6f2e-49a9-8b79-0953ded50ce1" testId="b4606197-0caa-4e5f-980e-a295995011de" testName="NextTest" computerName="SERVER001" duration="00:00:00.0022815" startTime="2010-01-24T19:15:50.3718482+11:00" endTime="2010-01-24T19:15:50.3768482+11:00" testType="13cdc9d9-ddb5-4fa4-a97d-d965ccfc6d4b" outcome="Failed" testListId="8c84fa94-04c1-424b-9868-57a2d4851a1d">
      <Output>
        <ErrorInfo>
          <Message>Assert.IsTrue failed. </Message>
          <StackTrace>   at Konnetic.Sip.UnitTests.CSeqHeaderFieldAdapter.NextTest() in D:\Business\Development\Konnetic\UnifySipApi\Production\Src\Konnetic Unify SIP API\Konnetic.Sip.UnitTests\HeaderFields\CSeqHeaderFieldAdapter.cs:line 327
</StackTrace>
        </ErrorInfo>
      </Output>
    </UnitTestResult>
    <UnitTestResult executionId="618f4b19-2854-4435-ab78-6570c298097e" testId="b8a72e2f-4fd2-5d84-9dfc-2631b4799fa0" testName="ParseTest" computerName="SERVER001" duration="00:00:00.1187637" startTime="2010-01-24T19:15:50.3778482+11:00" endTime="2010-01-24T19:15:50.4998482+11:00" testType="13cdc9d9-ddb5-4fa4-a97d-d965ccfc6d4b" outcome="Passed" testListId="8c84fa94-04c1-424b-9868-57a2d4851a1d">
      <Output>
      </Output>
    </UnitTestResult>
    <UnitTestResult executionId="b8d8a876-8503-432a-98ed-2fe57a1174f6" testId="36eb86d9-12bf-335f-3264-5de6af2186e7" testName="ParseTest1" computerName="SERVER001" duration="00:00:00.0101929" startTime="2010-01-24T19:15:50.5028482+11:00" endTime="2010-01-24T19:15:50.5168482+11:00" testType="13cdc9d9-ddb5-4fa4-a97d-d965ccfc6d4b" outcome="Passed" testListId="8c84fa94-04c1-424b-9868-57a2d4851a1d">
      <Output>
      </Output>
    </UnitTestResult>
    <UnitTestResult executionId="fbc8be6b-9fb1-427b-9622-c5031f5d501c" testId="87f2cb96-39ad-c42d-30a7-69606290a85a" testName="RecreateSequenceTest" computerName="SERVER001" duration="00:00:00.0014823" startTime="2010-01-24T19:15:50.5178482+11:00" endTime="2010-01-24T19:15:50.5238482+11:00" testType="13cdc9d9-ddb5-4fa4-a97d-d965ccfc6d4b" outcome="Passed" testListId="8c84fa94-04c1-424b-9868-57a2d4851a1d">
      <Output>
      </Output>
    </UnitTestResult>
    <UnitTestResult executionId="5c6b2aef-6d7e-449d-be16-a753e61dc322" testId="f900d04a-d129-0db5-09c0-6ef7ee8f768c" testName="SequenceTest" computerName="SERVER001" duration="00:00:00.0023521" startTime="2010-01-24T19:15:50.5238482+11:00" endTime="2010-01-24T19:15:50.5288482+11:00" testType="13cdc9d9-ddb5-4fa4-a97d-d965ccfc6d4b" outcome="Passed" testListId="8c84fa94-04c1-424b-9868-57a2d4851a1d">
      <Output>
      </Output>
    </UnitTestResult>
    <UnitTestResult executionId="7bb8e309-2ced-4cbd-bc58-ff5b78c736c0" testId="b9f4bb6f-b5d4-3f0f-6243-2e6a5fd98ee5" testName="SequenceTest1" computerName="SERVER001" duration="00:00:00.0010981" startTime="2010-01-24T19:15:50.5298482+11:00" endTime="2010-01-24T19:15:50.5328482+11:00" testType="13cdc9d9-ddb5-4fa4-a97d-d965ccfc6d4b" outcome="Passed" testListId="8c84fa94-04c1-424b-9868-57a2d4851a1d">
      <Output>
      </Output>
    </UnitTestResult>
    <UnitTestResult executionId="0b147f68-84a1-499f-9f45-f8bab902dc07" testId="d3322319-7dfb-78fc-e2f3-977074aa2956" testName="SequenceTest2" computerName="SERVER001" duration="00:00:00.0010027" startTime="2010-01-24T19:15:50.5338482+11:00" endTime="2010-01-24T19:15:50.5378482+11:00" testType="13cdc9d9-ddb5-4fa4-a97d-d965ccfc6d4b" outcome="Passed" testListId="8c84fa94-04c1-424b-9868-57a2d4851a1d">
      <Output>
      </Output>
    </UnitTestResult>
    <UnitTestResult executionId="5f0e1515-1dbe-47ef-850a-4363a0273f5e" testId="441736c6-1ad4-60a0-a63a-c1e36b1d5be8" testName="CloneTest" computerName="SERVER001" duration="00:00:00.0274493" startTime="2010-01-24T19:15:50.5388482+11:00" endTime="2010-01-24T19:15:50.5698482+11:00" testType="13cdc9d9-ddb5-4fa4-a97d-d965ccfc6d4b" outcome="Passed" testListId="8c84fa94-04c1-424b-9868-57a2d4851a1d">
      <Output>
      </Output>
    </UnitTestResult>
    <UnitTestResult executionId="a685df81-32e5-450d-ae1c-c0cc23b59e0b" testId="841ecca1-70fb-53f7-e4d4-ba47f60040c3" testName="DateHeaderFieldConstructorTest" computerName="SERVER001" duration="00:00:00.0015263" startTime="2010-01-24T19:15:50.5708482+11:00" endTime="2010-01-24T19:15:50.5738482+11:00" testType="13cdc9d9-ddb5-4fa4-a97d-d965ccfc6d4b" outcome="Passed" testListId="8c84fa94-04c1-424b-9868-57a2d4851a1d">
      <Output>
      </Output>
    </UnitTestResult>
    <UnitTestResult executionId="3eb19acc-5840-49f0-9168-24d08b162485" testId="6e7e5746-d77a-a570-e1b2-1f3692d4d4fe" testName="DateHeaderFieldConstructorTest1" computerName="SERVER001" duration="00:00:00.0004502" startTime="2010-01-24T19:15:50.5748482+11:00" endTime="2010-01-24T19:15:50.5778482+11:00" testType="13cdc9d9-ddb5-4fa4-a97d-d965ccfc6d4b" outcome="Passed" testListId="8c84fa94-04c1-424b-9868-57a2d4851a1d">
      <Output>
      </Output>
    </UnitTestResult>
    <UnitTestResult executionId="bd173619-1355-47e0-8a6d-6baad18999b7" testId="44c2e18b-ab51-eb6d-b965-a631eff536b7" testName="DateTest" computerName="SERVER001" duration="00:00:00.0029265" startTime="2010-01-24T19:15:50.5788482+11:00" endTime="2010-01-24T19:15:50.5838482+11:00" testType="13cdc9d9-ddb5-4fa4-a97d-d965ccfc6d4b" outcome="Passed" testListId="8c84fa94-04c1-424b-9868-57a2d4851a1d">
      <Output>
      </Output>
    </UnitTestResult>
    <UnitTestResult executionId="b680dbea-40f8-4f31-9e63-990bd1177d19" testId="3c33498b-ad96-d6bf-7627-ebbfa23e6c84" testName="EqualsTest" computerName="SERVER001" duration="00:00:00.0011998" startTime="2010-01-24T19:15:50.5848482+11:00" endTime="2010-01-24T19:15:50.5888482+11:00" testType="13cdc9d9-ddb5-4fa4-a97d-d965ccfc6d4b" outcome="Passed" testListId="8c84fa94-04c1-424b-9868-57a2d4851a1d">
      <Output>
      </Output>
    </UnitTestResult>
    <UnitTestResult executionId="6da3dfc4-4034-4eed-8228-5f741e81e98e" testId="41b4227b-1355-fc8a-58d4-ec62dd0846de" testName="GetStringValueTest" computerName="SERVER001" duration="00:00:00.0007773" startTime="2010-01-24T19:15:50.5888482+11:00" endTime="2010-01-24T19:15:50.5928482+11:00" testType="13cdc9d9-ddb5-4fa4-a97d-d965ccfc6d4b" outcome="Passed" testListId="8c84fa94-04c1-424b-9868-57a2d4851a1d">
      <Output>
      </Output>
    </UnitTestResult>
    <UnitTestResult executionId="4fd382b2-2806-437b-825e-9fa70874e89e" testId="7d2232cb-1c05-69d2-304b-8b03e407524d" testName="IsValidTest" computerName="SERVER001" duration="00:00:00.0009110" startTime="2010-01-24T19:15:50.5928482+11:00" endTime="2010-01-24T19:15:50.5968482+11:00" testType="13cdc9d9-ddb5-4fa4-a97d-d965ccfc6d4b" outcome="Passed" testListId="8c84fa94-04c1-424b-9868-57a2d4851a1d">
      <Output>
      </Output>
    </UnitTestResult>
    <UnitTestResult executionId="58606630-087c-48a1-8b81-e093324d4305" testId="7b5d90ff-b3d4-28d4-b1f9-6914f2b8d903" testName="ParseTest" computerName="SERVER001" duration="00:00:00.0610952" startTime="2010-01-24T19:15:50.5968482+11:00" endTime="2010-01-24T19:15:50.6638482+11:00" testType="13cdc9d9-ddb5-4fa4-a97d-d965ccfc6d4b" outcome="Passed" testListId="8c84fa94-04c1-424b-9868-57a2d4851a1d">
      <Output>
      </Output>
    </UnitTestResult>
    <UnitTestResult executionId="c4137d04-c4c3-41e2-b83c-d4277b45f55f" testId="675075ad-b38b-9827-0891-15ca1615bdea" testName="CloneTest" computerName="SERVER001" duration="00:00:00.0041353" startTime="2010-01-24T19:15:50.6648482+11:00" endTime="2010-01-24T19:15:50.6718482+11:00" testType="13cdc9d9-ddb5-4fa4-a97d-d965ccfc6d4b" outcome="Failed" testListId="8c84fa94-04c1-424b-9868-57a2d4851a1d">
      <Output>
        <ErrorInfo>
          <Message>Test method Konnetic.Sip.UnitTests.ErrorHeaderFieldAdapter.CloneTest threw exception:  System.NullReferenceException: Object reference not set to an instance of an object..</Message>
          <StackTrace>    at Konnetic.Sip.Headers.ErrorInfoHeaderField.Clone() in D:\Business\Development\Konnetic\UnifySipApi\Production\Src\Konnetic Unify SIP API\Konnetic.Sip\Headers\ErrorInfoHeaderField.cs:line 130
   at Konnetic.Sip.UnitTests.ErrorHeaderFieldAdapter.CloneTest() in D:\Business\Development\Konnetic\UnifySipApi\Production\Src\Konnetic Unify SIP API\Konnetic.Sip.UnitTests\HeaderFields\ErrorHeaderFieldAdapter.cs:line 52
</StackTrace>
        </ErrorInfo>
      </Output>
    </UnitTestResult>
    <UnitTestResult executionId="9a6db8f6-6d27-4f93-9cd7-009cb798911f" testId="0ddd8109-a79c-6895-fd6b-2c2835aa6dbc" testName="EqualsTest" computerName="SERVER001" duration="00:00:00.0055126" startTime="2010-01-24T19:15:50.6728482+11:00" endTime="2010-01-24T19:15:50.6808482+11:00" testType="13cdc9d9-ddb5-4fa4-a97d-d965ccfc6d4b" outcome="Passed" testListId="8c84fa94-04c1-424b-9868-57a2d4851a1d">
      <Output>
      </Output>
    </UnitTestResult>
    <UnitTestResult executionId="86a7ab2e-a79a-4f3d-8fce-6817b9ca032d" testId="7fab194e-bfd3-3216-740f-56086c4caf7d" testName="ErrorHeaderFieldConstructorTest" computerName="SERVER001" duration="00:00:00.0008417" startTime="2010-01-24T19:15:50.6808482+11:00" endTime="2010-01-24T19:15:50.6848482+11:00" testType="13cdc9d9-ddb5-4fa4-a97d-d965ccfc6d4b" outcome="Passed" testListId="8c84fa94-04c1-424b-9868-57a2d4851a1d">
      <Output>
      </Output>
    </UnitTestResult>
    <UnitTestResult executionId="b999b00e-2084-44c2-b814-493660a95a7a" testId="5a3d4b0b-6243-c852-6119-6f4ff0db48e0" testName="ErrorHeaderFieldConstructorTest1" computerName="SERVER001" duration="00:00:00.0010716" startTime="2010-01-24T19:15:50.6848482+11:00" endTime="2010-01-24T19:15:50.6888482+11:00" testType="13cdc9d9-ddb5-4fa4-a97d-d965ccfc6d4b" outcome="Passed" testListId="8c84fa94-04c1-424b-9868-57a2d4851a1d">
      <Output>
      </Output>
    </UnitTestResult>
    <UnitTestResult executionId="704fe976-b12e-4223-8b9f-2f3c35a9b2d4" testId="8b7cfd53-36dd-18ae-b319-523051717a9c" testName="ErrorHeaderFieldConstructorTest2" computerName="SERVER001" duration="00:00:00.0007202" startTime="2010-01-24T19:15:50.6898482+11:00" endTime="2010-01-24T19:15:50.6928482+11:00" testType="13cdc9d9-ddb5-4fa4-a97d-d965ccfc6d4b" outcome="Passed" testListId="8c84fa94-04c1-424b-9868-57a2d4851a1d">
      <Output>
      </Output>
    </UnitTestResult>
    <UnitTestResult executionId="d616d79a-78df-4187-b42a-12793e32c683" testId="4602326d-c2d5-976d-520d-c678d4e79d17" testName="ParseTest" computerName="SERVER001" duration="00:00:00.0038397" startTime="2010-01-24T19:15:50.6938482+11:00" endTime="2010-01-24T19:15:50.6998482+11:00" testType="13cdc9d9-ddb5-4fa4-a97d-d965ccfc6d4b" outcome="Failed" testListId="8c84fa94-04c1-424b-9868-57a2d4851a1d">
      <Output>
        <ErrorInfo>
          <Message>Test method Konnetic.Sip.UnitTests.ErrorHeaderFieldAdapter.ParseTest threw exception:  System.NullReferenceException: Object reference not set to an instance of an object..</Message>
          <StackTrace>    at Konnetic.Sip.Headers.ParamatizedHeaderFieldBase.Parse(String value) in D:\Business\Development\Konnetic\UnifySipApi\Production\Src\Konnetic Unify SIP API\Konnetic.Sip\Headers\BaseHeaderFields\ParamatizedHeaderFieldBase.cs:line 221
   at Konnetic.Sip.Headers.SipUriHeaderFieldBase.Parse(String value) in D:\Business\Development\Konnetic\UnifySipApi\Production\Src\Konnetic Unify SIP API\Konnetic.Sip\Headers\BaseHeaderFields\SipUriHeaderFieldBase.cs:line 235
   at Konnetic.Sip.Headers.ErrorInfoHeaderField.Parse(String value) in D:\Business\Development\Konnetic\UnifySipApi\Production\Src\Konnetic Unify SIP API\Konnetic.Sip\Headers\ErrorInfoHeaderField.cs:line 222
   at Konnetic.Sip.UnitTests.ErrorHeaderFieldAdapter.ParseTest() in D:\Business\Development\Konnetic\UnifySipApi\Production\Src\Konnetic Unify SIP API\Konnetic.Sip.UnitTests\HeaderFields\ErrorHeaderFieldAdapter.cs:line 181
</StackTrace>
        </ErrorInfo>
      </Output>
    </UnitTestResult>
    <UnitTestResult executionId="18124816-4923-4826-b818-4ab9cc63bceb" testId="502eb26c-fc20-7eca-94d7-4070e1de924d" testName="UriTest" computerName="SERVER001" duration="00:00:00.0009906" startTime="2010-01-24T19:15:50.7008482+11:00" endTime="2010-01-24T19:15:50.7038482+11:00" testType="13cdc9d9-ddb5-4fa4-a97d-d965ccfc6d4b" outcome="Passed" testListId="8c84fa94-04c1-424b-9868-57a2d4851a1d">
      <Output>
      </Output>
    </UnitTestResult>
    <UnitTestResult executionId="a35a3762-a570-430a-a0b7-1474d1f01867" testId="1aecd7b7-5e3b-76f1-16fd-64f728c43ada" testName="CloneTest" computerName="SERVER001" duration="00:00:00.0026603" startTime="2010-01-24T19:15:50.7048482+11:00" endTime="2010-01-24T19:15:50.7108482+11:00" testType="13cdc9d9-ddb5-4fa4-a97d-d965ccfc6d4b" outcome="Passed" testListId="8c84fa94-04c1-424b-9868-57a2d4851a1d">
      <Output>
      </Output>
    </UnitTestResult>
    <UnitTestResult executionId="30e79d31-6f4b-4651-969c-59512ef535e4" testId="78646480-ed6c-bc35-4298-855f0c730e52" testName="EqualsTest" computerName="SERVER001" duration="00:00:00.0008713" startTime="2010-01-24T19:15:50.7108482+11:00" endTime="2010-01-24T19:15:50.7148482+11:00" testType="13cdc9d9-ddb5-4fa4-a97d-d965ccfc6d4b" outcome="Passed" testListId="8c84fa94-04c1-424b-9868-57a2d4851a1d">
      <Output>
      </Output>
    </UnitTestResult>
    <UnitTestResult executionId="8b0ca328-a552-41a4-ad3f-3a29bc742d63" testId="5e4b7276-a1d0-5132-d911-2a5ccea2bcde" testName="ExpiresHeaderFieldConstructorTest" computerName="SERVER001" duration="00:00:00.0007288" startTime="2010-01-24T19:15:50.7148482+11:00" endTime="2010-01-24T19:15:50.7178482+11:00" testType="13cdc9d9-ddb5-4fa4-a97d-d965ccfc6d4b" outcome="Passed" testListId="8c84fa94-04c1-424b-9868-57a2d4851a1d">
      <Output>
      </Output>
    </UnitTestResult>
    <UnitTestResult executionId="62c47158-c57a-4205-99be-00c849b011b8" testId="47b07c14-56d5-d8fc-f6c9-99ec15fac313" testName="ExpiresHeaderFieldConstructorTest1" computerName="SERVER001" duration="00:00:00.0007348" startTime="2010-01-24T19:15:50.7218482+11:00" endTime="2010-01-24T19:15:50.7258482+11:00" testType="13cdc9d9-ddb5-4fa4-a97d-d965ccfc6d4b" outcome="Passed" testListId="8c84fa94-04c1-424b-9868-57a2d4851a1d">
      <Output>
      </Output>
    </UnitTestResult>
    <UnitTestResult executionId="13f52a49-81aa-407a-b203-6827e14efaff" testId="4038cf32-fea0-a30a-c01b-561546a0f9f8" testName="ExpiresHeaderFieldConstructorTest1a" computerName="SERVER001" duration="00:00:00.0008815" startTime="2010-01-24T19:15:50.7268482+11:00" endTime="2010-01-24T19:15:50.7308482+11:00" testType="13cdc9d9-ddb5-4fa4-a97d-d965ccfc6d4b" outcome="Passed" testListId="8c84fa94-04c1-424b-9868-57a2d4851a1d">
      <Output>
      </Output>
    </UnitTestResult>
    <UnitTestResult executionId="5f56bb56-19d4-4300-8e92-f3286afecf89" testId="90b90f44-f46b-56ab-7233-a38566f4877c" testName="ExpiresHeaderFieldConstructorTest1b" computerName="SERVER001" duration="00:00:00.0008806" startTime="2010-01-24T19:15:50.7318482+11:00" endTime="2010-01-24T19:15:50.7348482+11:00" testType="13cdc9d9-ddb5-4fa4-a97d-d965ccfc6d4b" outcome="Passed" testListId="8c84fa94-04c1-424b-9868-57a2d4851a1d">
      <Output>
      </Output>
    </UnitTestResult>
    <UnitTestResult executionId="dcbf0e42-2d9a-44b0-b3ac-f830a5c67a41" testId="698cdce9-402f-d47b-749d-731207071545" testName="ParseTest" computerName="SERVER001" duration="00:00:00.0670653" startTime="2010-01-24T19:15:50.7358482+11:00" endTime="2010-01-24T19:15:50.8068482+11:00" testType="13cdc9d9-ddb5-4fa4-a97d-d965ccfc6d4b" outcome="Passed" testListId="8c84fa94-04c1-424b-9868-57a2d4851a1d">
      <Output>
      </Output>
    </UnitTestResult>
    <UnitTestResult executionId="fc091b32-038c-40ec-bb75-be665410d2d2" testId="7c39c5a2-ff25-b490-d12c-412bc268bc5a" testName="ParseTest1" computerName="SERVER001" duration="00:00:00.0120379" startTime="2010-01-24T19:15:50.8078482+11:00" endTime="2010-01-24T19:15:50.8228482+11:00" testType="13cdc9d9-ddb5-4fa4-a97d-d965ccfc6d4b" outcome="Passed" testListId="8c84fa94-04c1-424b-9868-57a2d4851a1d">
      <Output>
      </Output>
    </UnitTestResult>
    <UnitTestResult executionId="0e07428b-54dc-47e1-a15a-28e207d6fbb4" testId="b1f63b10-d0c7-5976-c9b0-683f19dcc235" testName="SecondsTest" computerName="SERVER001" duration="00:00:00.0005447" startTime="2010-01-24T19:15:50.8228482+11:00" endTime="2010-01-24T19:15:50.8258482+11:00" testType="13cdc9d9-ddb5-4fa4-a97d-d965ccfc6d4b" outcome="Passed" testListId="8c84fa94-04c1-424b-9868-57a2d4851a1d">
      <Output>
      </Output>
    </UnitTestResult>
    <UnitTestResult executionId="f6227f52-4d4c-44d4-8bf1-2de2b8cfe876" testId="e1e78b30-f6f8-0428-a142-4b028d3b0d9f" testName="SecondsTest1" computerName="SERVER001" duration="00:00:00.0009750" startTime="2010-01-24T19:15:50.8268482+11:00" endTime="2010-01-24T19:15:50.8308482+11:00" testType="13cdc9d9-ddb5-4fa4-a97d-d965ccfc6d4b" outcome="Passed" testListId="8c84fa94-04c1-424b-9868-57a2d4851a1d">
      <Output>
      </Output>
    </UnitTestResult>
    <UnitTestResult executionId="92d94bf4-603a-4b69-bd0b-46c70c22b68a" testId="9702b0ef-1a9b-69ea-9f16-6d68ecac4b2b" testName="SecondsTest2" computerName="SERVER001" duration="00:00:00.0007694" startTime="2010-01-24T19:15:50.8308482+11:00" endTime="2010-01-24T19:15:50.8348482+11:00" testType="13cdc9d9-ddb5-4fa4-a97d-d965ccfc6d4b" outcome="Passed" testListId="8c84fa94-04c1-424b-9868-57a2d4851a1d">
      <Output>
      </Output>
    </UnitTestResult>
    <UnitTestResult executionId="c10bce19-57c4-41b8-b8ac-231c50f345cc" testId="6c9c10a3-3a25-b4d2-8cae-06d13c41a5c9" testName="SecondsTest3" computerName="SERVER001" duration="00:00:00.0009333" startTime="2010-01-24T19:15:50.8348482+11:00" endTime="2010-01-24T19:15:50.8388482+11:00" testType="13cdc9d9-ddb5-4fa4-a97d-d965ccfc6d4b" outcome="Passed" testListId="8c84fa94-04c1-424b-9868-57a2d4851a1d">
      <Output>
      </Output>
    </UnitTestResult>
    <UnitTestResult executionId="4f3d41fa-8796-43aa-997c-84df6df20e33" testId="683c1146-0f71-f538-62bf-ffd01b15913d" testName="SecondsTest4" computerName="SERVER001" duration="00:00:00.0007777" startTime="2010-01-24T19:15:50.8398482+11:00" endTime="2010-01-24T19:15:50.8428482+11:00" testType="13cdc9d9-ddb5-4fa4-a97d-d965ccfc6d4b" outcome="Passed" testListId="8c84fa94-04c1-424b-9868-57a2d4851a1d">
      <Output>
      </Output>
    </UnitTestResult>
    <UnitTestResult executionId="215643ea-8865-42e6-ac02-b4cf049701db" testId="b3be7c7e-becc-5cf9-3fcd-538ccc4afdf5" testName="CloneTest" computerName="SERVER001" duration="00:00:00.0052808" startTime="2010-01-24T19:15:50.8438482+11:00" endTime="2010-01-24T19:15:50.8538482+11:00" testType="13cdc9d9-ddb5-4fa4-a97d-d965ccfc6d4b" outcome="Failed" testListId="8c84fa94-04c1-424b-9868-57a2d4851a1d">
      <Output>
        <ErrorInfo>
          <Message>Test method Konnetic.Sip.UnitTests.FromHeaderFieldAdapter.CloneTest threw exception:  System.NullReferenceException: Object reference not set to an instance of an object..</Message>
          <StackTrace>    at Konnetic.Sip.Headers.TagAddressedHeaderFieldBase.set_Tag(String value) in D:\Business\Development\Konnetic\UnifySipApi\Production\Src\Konnetic Unify SIP API\Konnetic.Sip\Headers\BaseHeaderFields\TagAddressedHeaderFieldBase.cs:line 50
   at Konnetic.Sip.Headers.TagAddressedHeaderFieldBase.RecreateTag() in D:\Business\Development\Konnetic\UnifySipApi\Production\Src\Konnetic Unify SIP API\Konnetic.Sip\Headers\BaseHeaderFields\TagAddressedHeaderFieldBase.cs:line 151
   at Konnetic.Sip.Headers.FromHeaderField..ctor() in D:\Business\Development\Konnetic\UnifySipApi\Production\Src\Konnetic Unify SIP API\Konnetic.Sip\Headers\FromHeaderField.cs:line 150
   at Konnetic.Sip.UnitTests.FromHeaderFieldAdapter.CloneTest() in D:\Business\Development\Konnetic\UnifySipApi\Production\Src\Konnetic Unify SIP API\Konnetic.Sip.UnitTests\HeaderFields\FromHeaderFieldAdapter.cs:line 49
</StackTrace>
        </ErrorInfo>
      </Output>
    </UnitTestResult>
    <UnitTestResult executionId="62b27e49-223b-45a3-a501-31bcaafe4f0d" testId="b96e95cd-717a-090b-be0a-f4afe96e8050" testName="DisplayNameTest1" computerName="SERVER001" duration="00:00:00.0024991" startTime="2010-01-24T19:15:50.8548482+11:00" endTime="2010-01-24T19:15:50.8598482+11:00" testType="13cdc9d9-ddb5-4fa4-a97d-d965ccfc6d4b" outcome="Failed" testListId="8c84fa94-04c1-424b-9868-57a2d4851a1d">
      <Output>
        <ErrorInfo>
          <Message>Test method Konnetic.Sip.UnitTests.FromHeaderFieldAdapter.DisplayNameTest1 threw exception:  System.NullReferenceException: Object reference not set to an instance of an object..</Message>
          <StackTrace>    at Konnetic.Sip.Headers.TagAddressedHeaderFieldBase.set_Tag(String value) in D:\Business\Development\Konnetic\UnifySipApi\Production\Src\Konnetic Unify SIP API\Konnetic.Sip\Headers\BaseHeaderFields\TagAddressedHeaderFieldBase.cs:line 50
   at Konnetic.Sip.Headers.TagAddressedHeaderFieldBase.RecreateTag() in D:\Business\Development\Konnetic\UnifySipApi\Production\Src\Konnetic Unify SIP API\Konnetic.Sip\Headers\BaseHeaderFields\TagAddressedHeaderFieldBase.cs:line 151
   at Konnetic.Sip.Headers.FromHeaderField..ctor() in D:\Business\Development\Konnetic\UnifySipApi\Production\Src\Konnetic Unify SIP API\Konnetic.Sip\Headers\FromHeaderField.cs:line 150
   at Konnetic.Sip.UnitTests.FromHeaderFieldAdapter.DisplayNameTest1() in D:\Business\Development\Konnetic\UnifySipApi\Production\Src\Konnetic Unify SIP API\Konnetic.Sip.UnitTests\HeaderFields\FromHeaderFieldAdapter.cs:line 87
</StackTrace>
        </ErrorInfo>
      </Output>
    </UnitTestResult>
    <UnitTestResult executionId="777b4b4f-22d7-44d6-9d22-63295fddeaa7" testId="7f4e88ac-ee97-e202-44b4-cb077709c4f5" testName="EqualsTest" computerName="SERVER001" duration="00:00:00.0027867" startTime="2010-01-24T19:15:50.8618482+11:00" endTime="2010-01-24T19:15:50.8668482+11:00" testType="13cdc9d9-ddb5-4fa4-a97d-d965ccfc6d4b" outcome="Failed" testListId="8c84fa94-04c1-424b-9868-57a2d4851a1d">
      <Output>
        <ErrorInfo>
          <Message>Test method Konnetic.Sip.UnitTests.FromHeaderFieldAdapter.EqualsTest threw exception:  System.NullReferenceException: Object reference not set to an instance of an object..</Message>
          <StackTrace>    at Konnetic.Sip.Headers.TagAddressedHeaderFieldBase.set_Tag(String value) in D:\Business\Development\Konnetic\UnifySipApi\Production\Src\Konnetic Unify SIP API\Konnetic.Sip\Headers\BaseHeaderFields\TagAddressedHeaderFieldBase.cs:line 50
   at Konnetic.Sip.Headers.TagAddressedHeaderFieldBase.RecreateTag() in D:\Business\Development\Konnetic\UnifySipApi\Production\Src\Konnetic Unify SIP API\Konnetic.Sip\Headers\BaseHeaderFields\TagAddressedHeaderFieldBase.cs:line 151
   at Konnetic.Sip.Headers.FromHeaderField..ctor() in D:\Business\Development\Konnetic\UnifySipApi\Production\Src\Konnetic Unify SIP API\Konnetic.Sip\Headers\FromHeaderField.cs:line 150
   at Konnetic.Sip.UnitTests.FromHeaderFieldAdapter.EqualsTest() in D:\Business\Development\Konnetic\UnifySipApi\Production\Src\Konnetic Unify SIP API\Konnetic.Sip.UnitTests\HeaderFields\FromHeaderFieldAdapter.cs:line 127
</StackTrace>
        </ErrorInfo>
      </Output>
    </UnitTestResult>
    <UnitTestResult executionId="be4ae96d-de3e-4386-a587-fdc94ed72753" testId="f8b74a11-d1e4-d73d-f74a-3c7c7463beff" testName="EqualsTest1" computerName="SERVER001" duration="00:00:00.0027217" startTime="2010-01-24T19:15:50.8678482+11:00" endTime="2010-01-24T19:15:50.8728482+11:00" testType="13cdc9d9-ddb5-4fa4-a97d-d965ccfc6d4b" outcome="Failed" testListId="8c84fa94-04c1-424b-9868-57a2d4851a1d">
      <Output>
        <ErrorInfo>
          <Message>Test method Konnetic.Sip.UnitTests.FromHeaderFieldAdapter.EqualsTest1 threw exception:  System.NullReferenceException: Object reference not set to an instance of an object..</Message>
          <StackTrace>    at Konnetic.Sip.Headers.TagAddressedHeaderFieldBase.set_Tag(String value) in D:\Business\Development\Konnetic\UnifySipApi\Production\Src\Konnetic Unify SIP API\Konnetic.Sip\Headers\BaseHeaderFields\TagAddressedHeaderFieldBase.cs:line 50
   at Konnetic.Sip.Headers.TagAddressedHeaderFieldBase.RecreateTag() in D:\Business\Development\Konnetic\UnifySipApi\Production\Src\Konnetic Unify SIP API\Konnetic.Sip\Headers\BaseHeaderFields\TagAddressedHeaderFieldBase.cs:line 151
   at Konnetic.Sip.Headers.FromHeaderField..ctor() in D:\Business\Development\Konnetic\UnifySipApi\Production\Src\Konnetic Unify SIP API\Konnetic.Sip\Headers\FromHeaderField.cs:line 150
   at Konnetic.Sip.UnitTests.FromHeaderFieldAdapter.EqualsTest1() in D:\Business\Development\Konnetic\UnifySipApi\Production\Src\Konnetic Unify SIP API\Konnetic.Sip.UnitTests\HeaderFields\FromHeaderFieldAdapter.cs:line 166
</StackTrace>
        </ErrorInfo>
      </Output>
    </UnitTestResult>
    <UnitTestResult executionId="79830378-d615-4d84-8bac-536077f1220c" testId="f6367e15-0a2e-a08e-cf98-c8bee7704f8f" testName="EqualsTest2" computerName="SERVER001" duration="00:00:00.0056955" startTime="2010-01-24T19:15:50.8738482+11:00" endTime="2010-01-24T19:15:50.8818482+11:00" testType="13cdc9d9-ddb5-4fa4-a97d-d965ccfc6d4b" outcome="Failed" testListId="8c84fa94-04c1-424b-9868-57a2d4851a1d">
      <Output>
        <ErrorInfo>
          <Message>Test method Konnetic.Sip.UnitTests.FromHeaderFieldAdapter.EqualsTest2 threw exception:  System.NullReferenceException: Object reference not set to an instance of an object..</Message>
          <StackTrace>    at Konnetic.Sip.Headers.TagAddressedHeaderFieldBase.set_Tag(String value) in D:\Business\Development\Konnetic\UnifySipApi\Production\Src\Konnetic Unify SIP API\Konnetic.Sip\Headers\BaseHeaderFields\TagAddressedHeaderFieldBase.cs:line 50
   at Konnetic.Sip.Headers.TagAddressedHeaderFieldBase.RecreateTag() in D:\Business\Development\Konnetic\UnifySipApi\Production\Src\Konnetic Unify SIP API\Konnetic.Sip\Headers\BaseHeaderFields\TagAddressedHeaderFieldBase.cs:line 151
   at Konnetic.Sip.Headers.FromHeaderField..ctor() in D:\Business\Development\Konnetic\UnifySipApi\Production\Src\Konnetic Unify SIP API\Konnetic.Sip\Headers\FromHeaderField.cs:line 150
   at Konnetic.Sip.UnitTests.FromHeaderFieldAdapter.EqualsTest2() in D:\Business\Development\Konnetic\UnifySipApi\Production\Src\Konnetic Unify SIP API\Konnetic.Sip.UnitTests\HeaderFields\FromHeaderFieldAdapter.cs:line 214
</StackTrace>
        </ErrorInfo>
      </Output>
    </UnitTestResult>
    <UnitTestResult executionId="a973cf9c-c8ec-46b4-a4c1-c8cb4d880854" testId="d2f1b13f-1900-e37c-89d6-3ec3ece22de8" testName="FieldNameTest" computerName="SERVER001" duration="00:00:00.0107440" startTime="2010-01-24T19:15:50.8828482+11:00" endTime="2010-01-24T19:15:50.8968482+11:00" testType="13cdc9d9-ddb5-4fa4-a97d-d965ccfc6d4b" outcome="Failed" testListId="8c84fa94-04c1-424b-9868-57a2d4851a1d">
      <Output>
        <ErrorInfo>
          <Message>Test method Konnetic.Sip.UnitTests.FromHeaderFieldAdapter.FieldNameTest threw exception:  System.NullReferenceException: Object reference not set to an instance of an object..</Message>
          <StackTrace>    at Konnetic.Sip.Headers.TagAddressedHeaderFieldBase.set_Tag(String value) in D:\Business\Development\Konnetic\UnifySipApi\Production\Src\Konnetic Unify SIP API\Konnetic.Sip\Headers\BaseHeaderFields\TagAddressedHeaderFieldBase.cs:line 50
   at Konnetic.Sip.Headers.TagAddressedHeaderFieldBase.RecreateTag() in D:\Business\Development\Konnetic\UnifySipApi\Production\Src\Konnetic Unify SIP API\Konnetic.Sip\Headers\BaseHeaderFields\TagAddressedHeaderFieldBase.cs:line 151
   at Konnetic.Sip.Headers.FromHeaderField..ctor() in D:\Business\Development\Konnetic\UnifySipApi\Production\Src\Konnetic Unify SIP API\Konnetic.Sip\Headers\FromHeaderField.cs:line 150
   at Konnetic.Sip.Headers.FromHeaderField_Accessor..ctor()
   at Konnetic.Sip.UnitTests.FromHeaderFieldAdapter.FieldNameTest() in D:\Business\Development\Konnetic\UnifySipApi\Production\Src\Konnetic Unify SIP API\Konnetic.Sip.UnitTests\HeaderFields\FromHeaderFieldAdapter.cs:line 303
</StackTrace>
        </ErrorInfo>
      </Output>
    </UnitTestResult>
    <UnitTestResult executionId="2bfbc7a9-6ad9-4310-8909-9e422b2b82cc" testId="742a5545-dc86-69b8-7d59-bdc2d5d0ee39" testName="FromHeaderFieldConstructorTest" computerName="SERVER001" duration="00:00:00.0033842" startTime="2010-01-24T19:15:50.8978482+11:00" endTime="2010-01-24T19:15:50.9038482+11:00" testType="13cdc9d9-ddb5-4fa4-a97d-d965ccfc6d4b" outcome="Failed" testListId="8c84fa94-04c1-424b-9868-57a2d4851a1d">
      <Output>
        <ErrorInfo>
          <Message>Test method Konnetic.Sip.UnitTests.FromHeaderFieldAdapter.FromHeaderFieldConstructorTest threw exception:  System.NullReferenceException: Object reference not set to an instance of an object..</Message>
          <StackTrace>    at Konnetic.Sip.Headers.TagAddressedHeaderFieldBase.set_Tag(String value) in D:\Business\Development\Konnetic\UnifySipApi\Production\Src\Konnetic Unify SIP API\Konnetic.Sip\Headers\BaseHeaderFields\TagAddressedHeaderFieldBase.cs:line 46
   at Konnetic.Sip.Headers.FromHeaderField..ctor(SipUri uri, String displayName, String tag) in D:\Business\Development\Konnetic\UnifySipApi\Production\Src\Konnetic Unify SIP API\Konnetic.Sip\Headers\FromHeaderField.cs:line 190
   at Konnetic.Sip.Headers.FromHeaderField..ctor(SipUri uri, String displayName) in D:\Business\Development\Konnetic\UnifySipApi\Production\Src\Konnetic Unify SIP API\Konnetic.Sip\Headers\FromHeaderField.cs:line 175
   at Konnetic.Sip.Headers.FromHeaderField..ctor(SipUri uri) in D:\Business\Development\Konnetic\UnifySipApi\Production\Src\Konnetic Unify SIP API\Konnetic.Sip\Headers\FromHeaderField.cs:line 165
   at Konnetic.Sip.Headers.FromHeaderField..ctor(String uri) in D:\Business\Development\Konnetic\UnifySipApi\Production\Src\Konnetic Unify SIP API\Konnetic.Sip\Headers\FromHeaderField.cs:line 156
   at Konnetic.Sip.UnitTests.FromHeaderFieldAdapter.FromHeaderFieldConstructorTest() in D:\Business\Development\Konnetic\UnifySipApi\Production\Src\Konnetic Unify SIP API\Konnetic.Sip.UnitTests\HeaderFields\FromHeaderFieldAdapter.cs:line 321
</StackTrace>
        </ErrorInfo>
      </Output>
    </UnitTestResult>
    <UnitTestResult executionId="171bb05d-4d04-46cd-b751-f757159845f3" testId="b757a0cc-c5e9-b68b-af8b-9c9af9996115" testName="FromHeaderFieldConstructorTest1" computerName="SERVER001" duration="00:00:00.0024016" startTime="2010-01-24T19:15:50.9048482+11:00" endTime="2010-01-24T19:15:50.9098482+11:00" testType="13cdc9d9-ddb5-4fa4-a97d-d965ccfc6d4b" outcome="Failed" testListId="8c84fa94-04c1-424b-9868-57a2d4851a1d">
      <Output>
        <ErrorInfo>
          <Message>Test method Konnetic.Sip.UnitTests.FromHeaderFieldAdapter.FromHeaderFieldConstructorTest1 threw exception:  System.NullReferenceException: Object reference not set to an instance of an object..</Message>
          <StackTrace>    at Konnetic.Sip.Headers.TagAddressedHeaderFieldBase.set_Tag(String value) in D:\Business\Development\Konnetic\UnifySipApi\Production\Src\Konnetic Unify SIP API\Konnetic.Sip\Headers\BaseHeaderFields\TagAddressedHeaderFieldBase.cs:line 50
   at Konnetic.Sip.Headers.TagAddressedHeaderFieldBase.RecreateTag() in D:\Business\Development\Konnetic\UnifySipApi\Production\Src\Konnetic Unify SIP API\Konnetic.Sip\Headers\BaseHeaderFields\TagAddressedHeaderFieldBase.cs:line 151
   at Konnetic.Sip.Headers.FromHeaderField..ctor() in D:\Business\Development\Konnetic\UnifySipApi\Production\Src\Konnetic Unify SIP API\Konnetic.Sip\Headers\FromHeaderField.cs:line 150
   at Konnetic.Sip.UnitTests.FromHeaderFieldAdapter.FromHeaderFieldConstructorTest1() in D:\Business\Development\Konnetic\UnifySipApi\Production\Src\Konnetic Unify SIP API\Konnetic.Sip.UnitTests\HeaderFields\FromHeaderFieldAdapter.cs:line 337
</StackTrace>
        </ErrorInfo>
      </Output>
    </UnitTestResult>
    <UnitTestResult executionId="f7e646f7-ebe6-42f0-a9a7-75ab6ba35a9e" testId="43a10462-0cee-509c-5925-853c0f0bc9b2" testName="NewTest" computerName="SERVER001" duration="00:00:00.0018619" startTime="2010-01-24T19:15:50.9098482+11:00" endTime="2010-01-24T19:15:50.9148482+11:00" testType="13cdc9d9-ddb5-4fa4-a97d-d965ccfc6d4b" outcome="Failed" testListId="8c84fa94-04c1-424b-9868-57a2d4851a1d">
      <Output>
        <ErrorInfo>
          <Message>Test method Konnetic.Sip.UnitTests.FromHeaderFieldAdapter.NewTest threw exception:  System.NullReferenceException: Object reference not set to an instance of an object..</Message>
          <StackTrace>    at Konnetic.Sip.Headers.TagAddressedHeaderFieldBase.set_Tag(String value) in D:\Business\Development\Konnetic\UnifySipApi\Production\Src\Konnetic Unify SIP API\Konnetic.Sip\Headers\BaseHeaderFields\TagAddressedHeaderFieldBase.cs:line 50
   at Konnetic.Sip.Headers.TagAddressedHeaderFieldBase.RecreateTag() in D:\Business\Development\Konnetic\UnifySipApi\Production\Src\Konnetic Unify SIP API\Konnetic.Sip\Headers\BaseHeaderFields\TagAddressedHeaderFieldBase.cs:line 151
   at Konnetic.Sip.Headers.FromHeaderField..ctor() in D:\Business\Development\Konnetic\UnifySipApi\Production\Src\Konnetic Unify SIP API\Konnetic.Sip\Headers\FromHeaderField.cs:line 150
   at Konnetic.Sip.UnitTests.FromHeaderFieldAdapter.NewTest() in D:\Business\Development\Konnetic\UnifySipApi\Production\Src\Konnetic Unify SIP API\Konnetic.Sip.UnitTests\HeaderFields\FromHeaderFieldAdapter.cs:line 357
</StackTrace>
        </ErrorInfo>
      </Output>
    </UnitTestResult>
    <UnitTestResult executionId="d468a0b3-ac99-4f64-bd2b-5598803a77ad" testId="4b00709b-721b-5f65-0b6b-797183363c56" testName="ParseTest" computerName="SERVER001" duration="00:00:00.0024748" startTime="2010-01-24T19:15:50.9148482+11:00" endTime="2010-01-24T19:15:50.9208482+11:00" testType="13cdc9d9-ddb5-4fa4-a97d-d965ccfc6d4b" outcome="Failed" testListId="8c84fa94-04c1-424b-9868-57a2d4851a1d">
      <Output>
        <ErrorInfo>
          <Message>Test method Konnetic.Sip.UnitTests.FromHeaderFieldAdapter.ParseTest threw exception:  System.NullReferenceException: Object reference not set to an instance of an object..</Message>
          <StackTrace>    at Konnetic.Sip.Headers.TagAddressedHeaderFieldBase.set_Tag(String value) in D:\Business\Development\Konnetic\UnifySipApi\Production\Src\Konnetic Unify SIP API\Konnetic.Sip\Headers\BaseHeaderFields\TagAddressedHeaderFieldBase.cs:line 50
   at Konnetic.Sip.Headers.TagAddressedHeaderFieldBase.RecreateTag() in D:\Business\Development\Konnetic\UnifySipApi\Production\Src\Konnetic Unify SIP API\Konnetic.Sip\Headers\BaseHeaderFields\TagAddressedHeaderFieldBase.cs:line 151
   at Konnetic.Sip.Headers.FromHeaderField..ctor() in D:\Business\Development\Konnetic\UnifySipApi\Production\Src\Konnetic Unify SIP API\Konnetic.Sip\Headers\FromHeaderField.cs:line 150
   at Konnetic.Sip.UnitTests.FromHeaderFieldAdapter.ParseTest() in D:\Business\Development\Konnetic\UnifySipApi\Production\Src\Konnetic Unify SIP API\Konnetic.Sip.UnitTests\HeaderFields\FromHeaderFieldAdapter.cs:line 368
</StackTrace>
        </ErrorInfo>
      </Output>
    </UnitTestResult>
    <UnitTestResult executionId="43ce7098-d8ac-4916-83de-4d8e9aa5ddff" testId="4d2f7bcf-cba1-1d46-e8af-f7b60671800e" testName="RemainHiddenTest" computerName="SERVER001" duration="00:00:00.0021871" startTime="2010-01-24T19:15:50.9208482+11:00" endTime="2010-01-24T19:15:50.9258482+11:00" testType="13cdc9d9-ddb5-4fa4-a97d-d965ccfc6d4b" outcome="Failed" testListId="8c84fa94-04c1-424b-9868-57a2d4851a1d">
      <Output>
        <ErrorInfo>
          <Message>Test method Konnetic.Sip.UnitTests.FromHeaderFieldAdapter.RemainHiddenTest threw exception:  System.NullReferenceException: Object reference not set to an instance of an object..</Message>
          <StackTrace>    at Konnetic.Sip.Headers.TagAddressedHeaderFieldBase.set_Tag(String value) in D:\Business\Development\Konnetic\UnifySipApi\Production\Src\Konnetic Unify SIP API\Konnetic.Sip\Headers\BaseHeaderFields\TagAddressedHeaderFieldBase.cs:line 50
   at Konnetic.Sip.Headers.TagAddressedHeaderFieldBase.RecreateTag() in D:\Business\Development\Konnetic\UnifySipApi\Production\Src\Konnetic Unify SIP API\Konnetic.Sip\Headers\BaseHeaderFields\TagAddressedHeaderFieldBase.cs:line 151
   at Konnetic.Sip.Headers.FromHeaderField..ctor() in D:\Business\Development\Konnetic\UnifySipApi\Production\Src\Konnetic Unify SIP API\Konnetic.Sip\Headers\FromHeaderField.cs:line 150
   at Konnetic.Sip.UnitTests.FromHeaderFieldAdapter.RemainHiddenTest() in D:\Business\Development\Konnetic\UnifySipApi\Production\Src\Konnetic Unify SIP API\Konnetic.Sip.UnitTests\HeaderFields\FromHeaderFieldAdapter.cs:line 402
</StackTrace>
        </ErrorInfo>
      </Output>
    </UnitTestResult>
    <UnitTestResult executionId="86fcc6c9-1145-4151-986d-a57be7c0efcd" testId="b494661d-9d1e-37a3-0b29-b38f69e98eab" testName="TagTest" computerName="SERVER001" duration="00:00:00.0019836" startTime="2010-01-24T19:15:50.9268482+11:00" endTime="2010-01-24T19:15:50.9328482+11:00" testType="13cdc9d9-ddb5-4fa4-a97d-d965ccfc6d4b" outcome="Failed" testListId="8c84fa94-04c1-424b-9868-57a2d4851a1d">
      <Output>
        <ErrorInfo>
          <Message>Test method Konnetic.Sip.UnitTests.FromHeaderFieldAdapter.TagTest threw exception:  System.NullReferenceException: Object reference not set to an instance of an object..</Message>
          <StackTrace>    at Konnetic.Sip.Headers.TagAddressedHeaderFieldBase.set_Tag(String value) in D:\Business\Development\Konnetic\UnifySipApi\Production\Src\Konnetic Unify SIP API\Konnetic.Sip\Headers\BaseHeaderFields\TagAddressedHeaderFieldBase.cs:line 50
   at Konnetic.Sip.Headers.TagAddressedHeaderFieldBase.RecreateTag() in D:\Business\Development\Konnetic\UnifySipApi\Production\Src\Konnetic Unify SIP API\Konnetic.Sip\Headers\BaseHeaderFields\TagAddressedHeaderFieldBase.cs:line 151
   at Konnetic.Sip.Headers.FromHeaderField..ctor() in D:\Business\Development\Konnetic\UnifySipApi\Production\Src\Konnetic Unify SIP API\Konnetic.Sip\Headers\FromHeaderField.cs:line 150
   at Konnetic.Sip.UnitTests.FromHeaderFieldAdapter.TagTest() in D:\Business\Development\Konnetic\UnifySipApi\Production\Src\Konnetic Unify SIP API\Konnetic.Sip.UnitTests\HeaderFields\FromHeaderFieldAdapter.cs:line 434
</StackTrace>
        </ErrorInfo>
      </Output>
    </UnitTestResult>
    <UnitTestResult executionId="16b2e979-32e5-47ac-b145-d601e4ffa304" testId="bc528197-4f52-8eac-37cc-fdbd400427b1" testName="ToBytesTest" computerName="SERVER001" duration="00:00:00.0029159" startTime="2010-01-24T19:15:50.9338482+11:00" endTime="2010-01-24T19:15:50.9398482+11:00" testType="13cdc9d9-ddb5-4fa4-a97d-d965ccfc6d4b" outcome="Failed" testListId="8c84fa94-04c1-424b-9868-57a2d4851a1d">
      <Output>
        <ErrorInfo>
          <Message>Test method Konnetic.Sip.UnitTests.FromHeaderFieldAdapter.ToBytesTest threw exception:  System.NullReferenceException: Object reference not set to an instance of an object..</Message>
          <StackTrace>    at Konnetic.Sip.Headers.TagAddressedHeaderFieldBase.set_Tag(String value) in D:\Business\Development\Konnetic\UnifySipApi\Production\Src\Konnetic Unify SIP API\Konnetic.Sip\Headers\BaseHeaderFields\TagAddressedHeaderFieldBase.cs:line 50
   at Konnetic.Sip.Headers.TagAddressedHeaderFieldBase.RecreateTag() in D:\Business\Development\Konnetic\UnifySipApi\Production\Src\Konnetic Unify SIP API\Konnetic.Sip\Headers\BaseHeaderFields\TagAddressedHeaderFieldBase.cs:line 151
   at Konnetic.Sip.Headers.FromHeaderField..ctor() in D:\Business\Development\Konnetic\UnifySipApi\Production\Src\Konnetic Unify SIP API\Konnetic.Sip\Headers\FromHeaderField.cs:line 150
   at Konnetic.Sip.UnitTests.FromHeaderFieldAdapter.ToBytesTest() in D:\Business\Development\Konnetic\UnifySipApi\Production\Src\Konnetic Unify SIP API\Konnetic.Sip.UnitTests\HeaderFields\FromHeaderFieldAdapter.cs:line 456
</StackTrace>
        </ErrorInfo>
      </Output>
    </UnitTestResult>
    <UnitTestResult executionId="71050878-85b7-4125-ab38-22099edd5073" testId="fbfc6aa5-9a9d-15d7-c9a6-7165b17141ce" testName="ToCharsTest" computerName="SERVER001" duration="00:00:00.0018229" startTime="2010-01-24T19:15:50.9408482+11:00" endTime="2010-01-24T19:15:50.9458482+11:00" testType="13cdc9d9-ddb5-4fa4-a97d-d965ccfc6d4b" outcome="Failed" testListId="8c84fa94-04c1-424b-9868-57a2d4851a1d">
      <Output>
        <ErrorInfo>
          <Message>Test method Konnetic.Sip.UnitTests.FromHeaderFieldAdapter.ToCharsTest threw exception:  System.NullReferenceException: Object reference not set to an instance of an object..</Message>
          <StackTrace>    at Konnetic.Sip.Headers.TagAddressedHeaderFieldBase.set_Tag(String value) in D:\Business\Development\Konnetic\UnifySipApi\Production\Src\Konnetic Unify SIP API\Konnetic.Sip\Headers\BaseHeaderFields\TagAddressedHeaderFieldBase.cs:line 50
   at Konnetic.Sip.Headers.TagAddressedHeaderFieldBase.RecreateTag() in D:\Business\Development\Konnetic\UnifySipApi\Production\Src\Konnetic Unify SIP API\Konnetic.Sip\Headers\BaseHeaderFields\TagAddressedHeaderFieldBase.cs:line 151
   at Konnetic.Sip.Headers.FromHeaderField..ctor() in D:\Business\Development\Konnetic\UnifySipApi\Production\Src\Konnetic Unify SIP API\Konnetic.Sip\Headers\FromHeaderField.cs:line 150
   at Konnetic.Sip.UnitTests.FromHeaderFieldAdapter.ToCharsTest() in D:\Business\Development\Konnetic\UnifySipApi\Production\Src\Konnetic Unify SIP API\Konnetic.Sip.UnitTests\HeaderFields\FromHeaderFieldAdapter.cs:line 475
</StackTrace>
        </ErrorInfo>
      </Output>
    </UnitTestResult>
    <UnitTestResult executionId="37a8bd0c-6f05-4ef1-8969-1e325752a906" testId="24fedb21-76fa-d17f-8a3f-9779036875ca" testName="ToStringTest" computerName="SERVER001" duration="00:00:00.0015431" startTime="2010-01-24T19:15:50.9458482+11:00" endTime="2010-01-24T19:15:50.9498482+11:00" testType="13cdc9d9-ddb5-4fa4-a97d-d965ccfc6d4b" outcome="Failed" testListId="8c84fa94-04c1-424b-9868-57a2d4851a1d">
      <Output>
        <ErrorInfo>
          <Message>Test method Konnetic.Sip.UnitTests.FromHeaderFieldAdapter.ToStringTest threw exception:  System.NullReferenceException: Object reference not set to an instance of an object..</Message>
          <StackTrace>    at Konnetic.Sip.Headers.TagAddressedHeaderFieldBase.set_Tag(String value) in D:\Business\Development\Konnetic\UnifySipApi\Production\Src\Konnetic Unify SIP API\Konnetic.Sip\Headers\BaseHeaderFields\TagAddressedHeaderFieldBase.cs:line 50
   at Konnetic.Sip.Headers.TagAddressedHeaderFieldBase.RecreateTag() in D:\Business\Development\Konnetic\UnifySipApi\Production\Src\Konnetic Unify SIP API\Konnetic.Sip\Headers\BaseHeaderFields\TagAddressedHeaderFieldBase.cs:line 151
   at Konnetic.Sip.Headers.FromHeaderField..ctor() in D:\Business\Development\Konnetic\UnifySipApi\Production\Src\Konnetic Unify SIP API\Konnetic.Sip\Headers\FromHeaderField.cs:line 150
   at Konnetic.Sip.UnitTests.FromHeaderFieldAdapter.ToStringTest() in D:\Business\Development\Konnetic\UnifySipApi\Production\Src\Konnetic Unify SIP API\Konnetic.Sip.UnitTests\HeaderFields\FromHeaderFieldAdapter.cs:line 492
</StackTrace>
        </ErrorInfo>
      </Output>
    </UnitTestResult>
    <UnitTestResult executionId="17cf9caa-e39f-479e-857a-99a89f7f85c4" testId="60fb8ee9-be04-9275-bddc-2583cad0042d" testName="UriTest" computerName="SERVER001" duration="00:00:00.0021586" startTime="2010-01-24T19:15:50.9508482+11:00" endTime="2010-01-24T19:15:50.9558482+11:00" testType="13cdc9d9-ddb5-4fa4-a97d-d965ccfc6d4b" outcome="Failed" testListId="8c84fa94-04c1-424b-9868-57a2d4851a1d">
      <Output>
        <ErrorInfo>
          <Message>Test method Konnetic.Sip.UnitTests.FromHeaderFieldAdapter.UriTest threw exception:  System.NullReferenceException: Object reference not set to an instance of an object..</Message>
          <StackTrace>    at Konnetic.Sip.Headers.TagAddressedHeaderFieldBase.set_Tag(String value) in D:\Business\Development\Konnetic\UnifySipApi\Production\Src\Konnetic Unify SIP API\Konnetic.Sip\Headers\BaseHeaderFields\TagAddressedHeaderFieldBase.cs:line 50
   at Konnetic.Sip.Headers.TagAddressedHeaderFieldBase.RecreateTag() in D:\Business\Development\Konnetic\UnifySipApi\Production\Src\Konnetic Unify SIP API\Konnetic.Sip\Headers\BaseHeaderFields\TagAddressedHeaderFieldBase.cs:line 151
   at Konnetic.Sip.Headers.FromHeaderField..ctor() in D:\Business\Development\Konnetic\UnifySipApi\Production\Src\Konnetic Unify SIP API\Konnetic.Sip\Headers\FromHeaderField.cs:line 150
   at Konnetic.Sip.UnitTests.FromHeaderFieldAdapter.UriTest() in D:\Business\Development\Konnetic\UnifySipApi\Production\Src\Konnetic Unify SIP API\Konnetic.Sip.UnitTests\HeaderFields\FromHeaderFieldAdapter.cs:line 509
</StackTrace>
        </ErrorInfo>
      </Output>
    </UnitTestResult>
    <UnitTestResult executionId="fcabeb4c-62a4-4b35-84c8-fba87efbd919" testId="d3b3b457-e9fd-9f4a-efcc-14b4556b9c3b" testName="ValidTest" computerName="SERVER001" duration="00:00:00.0031072" startTime="2010-01-24T19:15:50.9568482+11:00" endTime="2010-01-24T19:15:50.9628482+11:00" testType="13cdc9d9-ddb5-4fa4-a97d-d965ccfc6d4b" outcome="Failed" testListId="8c84fa94-04c1-424b-9868-57a2d4851a1d">
      <Output>
        <ErrorInfo>
          <Message>Test method Konnetic.Sip.UnitTests.FromHeaderFieldAdapter.ValidTest threw exception:  System.NullReferenceException: Object reference not set to an instance of an object..</Message>
          <StackTrace>    at Konnetic.Sip.Headers.TagAddressedHeaderFieldBase.set_Tag(String value) in D:\Business\Development\Konnetic\UnifySipApi\Production\Src\Konnetic Unify SIP API\Konnetic.Sip\Headers\BaseHeaderFields\TagAddressedHeaderFieldBase.cs:line 50
   at Konnetic.Sip.Headers.TagAddressedHeaderFieldBase.RecreateTag() in D:\Business\Development\Konnetic\UnifySipApi\Production\Src\Konnetic Unify SIP API\Konnetic.Sip\Headers\BaseHeaderFields\TagAddressedHeaderFieldBase.cs:line 151
   at Konnetic.Sip.Headers.FromHeaderField..ctor() in D:\Business\Development\Konnetic\UnifySipApi\Production\Src\Konnetic Unify SIP API\Konnetic.Sip\Headers\FromHeaderField.cs:line 150
   at Konnetic.Sip.Headers.FromHeaderField_Accessor..ctor()
   at Konnetic.Sip.UnitTests.FromHeaderFieldAdapter.ValidTest() in D:\Business\Development\Konnetic\UnifySipApi\Production\Src\Konnetic Unify SIP API\Konnetic.Sip.UnitTests\HeaderFields\FromHeaderFieldAdapter.cs:line 523
</StackTrace>
        </ErrorInfo>
      </Output>
    </UnitTestResult>
    <UnitTestResult executionId="24627f72-496d-4033-b768-d8a90d736a83" testId="37722bd3-9ffd-bde6-6fd4-a863161d8e79" testName="CloneTest" computerName="SERVER001" duration="00:00:00.0024168" startTime="2010-01-24T19:15:50.9628482+11:00" endTime="2010-01-24T19:15:50.9688482+11:00" testType="13cdc9d9-ddb5-4fa4-a97d-d965ccfc6d4b" outcome="Passed" testListId="8c84fa94-04c1-424b-9868-57a2d4851a1d">
      <Output>
      </Output>
    </UnitTestResult>
    <UnitTestResult executionId="ab8cb260-5674-45cc-a0f8-db2435a408e7" testId="29a1f7dd-0314-a2c3-e35d-5640e68aa63c" testName="GenericHeaderFieldConstructorTest" computerName="SERVER001" duration="00:00:00.0558127" startTime="2010-01-24T19:15:50.9688482+11:00" endTime="2010-01-24T19:15:51.0278482+11:00" testType="13cdc9d9-ddb5-4fa4-a97d-d965ccfc6d4b" outcome="Passed" testListId="8c84fa94-04c1-424b-9868-57a2d4851a1d">
      <Output>
      </Output>
    </UnitTestResult>
    <UnitTestResult executionId="2044ab53-bad1-4182-8a7d-a836629a3391" testId="6b1afae7-2627-b01d-a7ec-1b6c02bd2bcb" testName="GenericHeaderFieldConstructorTest1" computerName="SERVER001" duration="00:00:00.0005466" startTime="2010-01-24T19:15:51.0288482+11:00" endTime="2010-01-24T19:15:51.0318482+11:00" testType="13cdc9d9-ddb5-4fa4-a97d-d965ccfc6d4b" outcome="Passed" testListId="8c84fa94-04c1-424b-9868-57a2d4851a1d">
      <Output>
      </Output>
    </UnitTestResult>
    <UnitTestResult executionId="72fcc337-5e4b-4516-92a4-ef81bb1a8307" testId="e88a4501-1744-7dc7-7775-2fd3d99f8687" testName="GenericHeaderFieldConstructorTest2" computerName="SERVER001" duration="00:00:00.0004129" startTime="2010-01-24T19:15:51.0328482+11:00" endTime="2010-01-24T19:15:51.0358482+11:00" testType="13cdc9d9-ddb5-4fa4-a97d-d965ccfc6d4b" outcome="Passed" testListId="8c84fa94-04c1-424b-9868-57a2d4851a1d">
      <Output>
      </Output>
    </UnitTestResult>
    <UnitTestResult executionId="c3044475-847c-46e1-9aca-2ac57a6d9604" testId="a69e6755-130f-e1cf-480b-01ac27a59c0b" testName="GenericHeaderFieldConstructorTesta" computerName="SERVER001" duration="00:00:00.0009189" startTime="2010-01-24T19:15:51.0358482+11:00" endTime="2010-01-24T19:15:51.0398482+11:00" testType="13cdc9d9-ddb5-4fa4-a97d-d965ccfc6d4b" outcome="Passed" testListId="8c84fa94-04c1-424b-9868-57a2d4851a1d">
      <Output>
      </Output>
    </UnitTestResult>
    <UnitTestResult executionId="f7e764ee-99a6-4fad-8f93-7d9752b0cc6d" testId="b2924485-fb76-2c4b-0b99-d9dde5ec5acc" testName="GetStringValueTest" computerName="SERVER001" duration="00:00:00.0005837" startTime="2010-01-24T19:15:51.0398482+11:00" endTime="2010-01-24T19:15:51.0428482+11:00" testType="13cdc9d9-ddb5-4fa4-a97d-d965ccfc6d4b" outcome="Passed" testListId="8c84fa94-04c1-424b-9868-57a2d4851a1d">
      <Output>
      </Output>
    </UnitTestResult>
    <UnitTestResult executionId="2d7bd4fa-69b7-4e3e-8d52-f7d7a057044c" testId="fd20c522-5576-c06c-0b52-c93ed8497413" testName="ParseTest" computerName="SERVER001" duration="00:00:00.0239524" startTime="2010-01-24T19:15:51.0438482+11:00" endTime="2010-01-24T19:15:51.0728482+11:00" testType="13cdc9d9-ddb5-4fa4-a97d-d965ccfc6d4b" outcome="Passed" testListId="8c84fa94-04c1-424b-9868-57a2d4851a1d">
      <Output>
      </Output>
    </UnitTestResult>
    <UnitTestResult executionId="778a86b1-7e0f-4b4b-aded-1861f7d9b7e7" testId="f24089cf-fe3d-8362-70e4-ab0b76a7de15" testName="ValueTest" computerName="SERVER001" duration="00:00:00.0006817" startTime="2010-01-24T19:15:51.0738482+11:00" endTime="2010-01-24T19:15:51.0768482+11:00" testType="13cdc9d9-ddb5-4fa4-a97d-d965ccfc6d4b" outcome="Passed" testListId="8c84fa94-04c1-424b-9868-57a2d4851a1d">
      <Output>
      </Output>
    </UnitTestResult>
    <UnitTestResult executionId="5094fb70-0fc8-4a9f-b816-b19458c65ba0" testId="e715464c-f91f-3985-31f5-b4c19dc3bb47" testName="ValueTest1" computerName="SERVER001" duration="00:00:00.0004910" startTime="2010-01-24T19:15:51.0778482+11:00" endTime="2010-01-24T19:15:51.0808482+11:00" testType="13cdc9d9-ddb5-4fa4-a97d-d965ccfc6d4b" outcome="Passed" testListId="8c84fa94-04c1-424b-9868-57a2d4851a1d">
      <Output>
      </Output>
    </UnitTestResult>
    <UnitTestResult executionId="cb8ae09d-9a48-4115-adf8-68bcc8523006" testId="3f9b007a-0887-0a4b-fc11-bcd2e8627500" testName="CompareToTest" computerName="SERVER001" duration="00:00:00.0036672" startTime="2010-01-24T19:15:51.0808482+11:00" endTime="2010-01-24T19:15:51.0878482+11:00" testType="13cdc9d9-ddb5-4fa4-a97d-d965ccfc6d4b" outcome="Failed" testListId="8c84fa94-04c1-424b-9868-57a2d4851a1d">
      <Output>
        <ErrorInfo>
          <Message>Test method Konnetic.Sip.UnitTests.HeaderFieldBaseAdapter.CompareToTest threw exception:  System.NullReferenceException: Object reference not set to an instance of an object..</Message>
          <StackTrace>    at Konnetic.Sip.Headers.TagAddressedHeaderFieldBase.set_Tag(String value) in D:\Business\Development\Konnetic\UnifySipApi\Production\Src\Konnetic Unify SIP API\Konnetic.Sip\Headers\BaseHeaderFields\TagAddressedHeaderFieldBase.cs:line 46
   at Konnetic.Sip.Headers.FromHeaderField..ctor(SipUri uri, String displayName, String tag) in D:\Business\Development\Konnetic\UnifySipApi\Production\Src\Konnetic Unify SIP API\Konnetic.Sip\Headers\FromHeaderField.cs:line 190
   at Konnetic.Sip.Headers.FromHeaderField..ctor(SipUri uri, String displayName) in D:\Business\Development\Konnetic\UnifySipApi\Production\Src\Konnetic Unify SIP API\Konnetic.Sip\Headers\FromHeaderField.cs:line 175
   at Konnetic.Sip.Headers.FromHeaderField..ctor(SipUri uri) in D:\Business\Development\Konnetic\UnifySipApi\Production\Src\Konnetic Unify SIP API\Konnetic.Sip\Headers\FromHeaderField.cs:line 165
   at Konnetic.Sip.UnitTests.HeaderFieldBaseAdapter.CompareToTest() in D:\Business\Development\Konnetic\UnifySipApi\Production\Src\Konnetic Unify SIP API\Konnetic.Sip.UnitTests\HeaderFields\HeaderFieldBaseAdapter.cs:line 57
</StackTrace>
        </ErrorInfo>
      </Output>
    </UnitTestResult>
    <UnitTestResult executionId="e86b108d-ee9c-4ee1-8ae7-6ca5ed757e74" testId="ae348294-ad17-096f-e5dc-d84f86d3516a" testName="EqualsTest1" computerName="SERVER001" duration="00:00:00.0033109" startTime="2010-01-24T19:15:51.0878482+11:00" endTime="2010-01-24T19:15:51.0938482+11:00" testType="13cdc9d9-ddb5-4fa4-a97d-d965ccfc6d4b" outcome="Failed" testListId="8c84fa94-04c1-424b-9868-57a2d4851a1d">
      <Output>
        <ErrorInfo>
          <Message>Test method Konnetic.Sip.UnitTests.HeaderFieldBaseAdapter.EqualsTest1 threw exception:  System.NullReferenceException: Object reference not set to an instance of an object..</Message>
          <StackTrace>    at Konnetic.Sip.Headers.TagAddressedHeaderFieldBase.set_Tag(String value) in D:\Business\Development\Konnetic\UnifySipApi\Production\Src\Konnetic Unify SIP API\Konnetic.Sip\Headers\BaseHeaderFields\TagAddressedHeaderFieldBase.cs:line 46
   at Konnetic.Sip.Headers.FromHeaderField..ctor(SipUri uri, String displayName, String tag) in D:\Business\Development\Konnetic\UnifySipApi\Production\Src\Konnetic Unify SIP API\Konnetic.Sip\Headers\FromHeaderField.cs:line 190
   at Konnetic.Sip.Headers.FromHeaderField..ctor(SipUri uri, String displayName) in D:\Business\Development\Konnetic\UnifySipApi\Production\Src\Konnetic Unify SIP API\Konnetic.Sip\Headers\FromHeaderField.cs:line 175
   at Konnetic.Sip.Headers.FromHeaderField..ctor(SipUri uri) in D:\Business\Development\Konnetic\UnifySipApi\Production\Src\Konnetic Unify SIP API\Konnetic.Sip\Headers\FromHeaderField.cs:line 165
   at Konnetic.Sip.UnitTests.HeaderFieldBaseAdapter.EqualsTest1() in D:\Business\Development\Konnetic\UnifySipApi\Production\Src\Konnetic Unify SIP API\Konnetic.Sip.UnitTests\HeaderFields\HeaderFieldBaseAdapter.cs:line 87
</StackTrace>
        </ErrorInfo>
      </Output>
    </UnitTestResult>
    <UnitTestResult executionId="7ecae247-d70d-42eb-a929-4de4737f0704" testId="dfcdc542-2d97-6a12-d64f-1b53e6e361de" testName="FieldNameTest" computerName="SERVER001" duration="00:00:00.0006642" startTime="2010-01-24T19:15:51.0948482+11:00" endTime="2010-01-24T19:15:51.0978482+11:00" testType="13cdc9d9-ddb5-4fa4-a97d-d965ccfc6d4b" outcome="Passed" testListId="8c84fa94-04c1-424b-9868-57a2d4851a1d">
      <Output>
      </Output>
    </UnitTestResult>
    <UnitTestResult executionId="e91b29d0-e25e-41c9-af5c-1fd2553255ee" testId="1c9ab6fe-369f-fc97-dc6a-6306f610a6c1" testName="FieldValueTest" computerName="SERVER001" duration="00:00:00.0478301" startTime="2010-01-24T19:15:51.0988482+11:00" endTime="2010-01-24T19:15:51.1488482+11:00" testType="13cdc9d9-ddb5-4fa4-a97d-d965ccfc6d4b" outcome="Failed" testListId="8c84fa94-04c1-424b-9868-57a2d4851a1d">
      <Output>
        <ErrorInfo>
          <Message>Test method Konnetic.Sip.UnitTests.HeaderFieldBaseAdapter.FieldValueTest threw exception:  System.NullReferenceException: Object reference not set to an instance of an object..</Message>
          <StackTrace>    at Konnetic.Sip.Headers.ParamatizedHeaderFieldBase.Parse(String value) in D:\Business\Development\Konnetic\UnifySipApi\Production\Src\Konnetic Unify SIP API\Konnetic.Sip\Headers\BaseHeaderFields\ParamatizedHeaderFieldBase.cs:line 221
   at Konnetic.Sip.Headers.SipUriHeaderFieldBase.Parse(String value) in D:\Business\Development\Konnetic\UnifySipApi\Production\Src\Konnetic Unify SIP API\Konnetic.Sip\Headers\BaseHeaderFields\SipUriHeaderFieldBase.cs:line 235
   at Konnetic.Sip.Headers.AddressedHeaderFieldBase.Parse(String value) in D:\Business\Development\Konnetic\UnifySipApi\Production\Src\Konnetic Unify SIP API\Konnetic.Sip\Headers\BaseHeaderFields\AddressedHeaderFieldBase.cs:line 217
   at Konnetic.Sip.Headers.ToHeaderField.Parse(String value) in D:\Business\Development\Konnetic\UnifySipApi\Production\Src\Konnetic Unify SIP API\Konnetic.Sip\Headers\ToHeaderField.cs:line 275
   at Konnetic.Sip.UnitTests.HeaderFieldBaseAdapter.FieldValueTest() in D:\Business\Development\Konnetic\UnifySipApi\Production\Src\Konnetic Unify SIP API\Konnetic.Sip.UnitTests\HeaderFields\HeaderFieldBaseAdapter.cs:line 125
</StackTrace>
        </ErrorInfo>
      </Output>
    </UnitTestResult>
    <UnitTestResult executionId="84b7fdde-3ce9-49c5-8628-2ff9883e12f2" testId="a04b07f4-c2e9-1778-e150-c2f82ad83ff1" testName="MultipleAllowedTest" computerName="SERVER001" duration="00:00:00.0014603" startTime="2010-01-24T19:15:51.1498482+11:00" endTime="2010-01-24T19:15:51.1538482+11:00" testType="13cdc9d9-ddb5-4fa4-a97d-d965ccfc6d4b" outcome="Passed" testListId="8c84fa94-04c1-424b-9868-57a2d4851a1d">
      <Output>
      </Output>
    </UnitTestResult>
    <UnitTestResult executionId="30dd3a17-eb03-4a79-8081-72b778d1f6a4" testId="b50e377e-eed1-1ebd-54fd-8f1e4e2f227d" testName="ToBytesTest" computerName="SERVER001" duration="00:00:00.0010101" startTime="2010-01-24T19:15:51.1548482+11:00" endTime="2010-01-24T19:15:51.1578482+11:00" testType="13cdc9d9-ddb5-4fa4-a97d-d965ccfc6d4b" outcome="Passed" testListId="8c84fa94-04c1-424b-9868-57a2d4851a1d">
      <Output>
      </Output>
    </UnitTestResult>
    <UnitTestResult executionId="996f1f25-f486-495b-a355-256d161ac22e" testId="eed2e3ea-26e8-3856-ffb0-523951424ffd" testName="ToCharsTest" computerName="SERVER001" duration="00:00:00.0006294" startTime="2010-01-24T19:15:51.1588482+11:00" endTime="2010-01-24T19:15:51.1618482+11:00" testType="13cdc9d9-ddb5-4fa4-a97d-d965ccfc6d4b" outcome="Passed" testListId="8c84fa94-04c1-424b-9868-57a2d4851a1d">
      <Output>
      </Output>
    </UnitTestResult>
    <UnitTestResult executionId="084655cf-73a2-433c-8559-960fe921b93a" testId="ffff8b6f-bdf7-4cf8-2e75-e22216455b6a" testName="ToStringTest" computerName="SERVER001" duration="00:00:00.0521483" startTime="2010-01-24T19:15:51.1628482+11:00" endTime="2010-01-24T19:15:51.2208482+11:00" testType="13cdc9d9-ddb5-4fa4-a97d-d965ccfc6d4b" outcome="Failed" testListId="8c84fa94-04c1-424b-9868-57a2d4851a1d">
      <Output>
        <ErrorInfo>
          <Message>Test method Konnetic.Sip.UnitTests.HeaderFieldBaseAdapter.ToStringTest threw exception:  System.NullReferenceException: Object reference not set to an instance of an object..</Message>
          <StackTrace>    at Konnetic.Sip.Headers.ParamatizedHeaderFieldBase.Parse(String value) in D:\Business\Development\Konnetic\UnifySipApi\Production\Src\Konnetic Unify SIP API\Konnetic.Sip\Headers\BaseHeaderFields\ParamatizedHeaderFieldBase.cs:line 221
   at Konnetic.Sip.Headers.SipUriHeaderFieldBase.Parse(String value) in D:\Business\Development\Konnetic\UnifySipApi\Production\Src\Konnetic Unify SIP API\Konnetic.Sip\Headers\BaseHeaderFields\SipUriHeaderFieldBase.cs:line 235
   at Konnetic.Sip.Headers.AddressedHeaderFieldBase.Parse(String value) in D:\Business\Development\Konnetic\UnifySipApi\Production\Src\Konnetic Unify SIP API\Konnetic.Sip\Headers\BaseHeaderFields\AddressedHeaderFieldBase.cs:line 217
   at Konnetic.Sip.Headers.ToHeaderField.Parse(String value) in D:\Business\Development\Konnetic\UnifySipApi\Production\Src\Konnetic Unify SIP API\Konnetic.Sip\Headers\ToHeaderField.cs:line 275
   at Konnetic.Sip.Headers.HeaderFieldBase_Accessor.Parse(String value)
   at Konnetic.Sip.UnitTests.HeaderFieldBaseAdapter.ToStringTest() in D:\Business\Development\Konnetic\UnifySipApi\Production\Src\Konnetic Unify SIP API\Konnetic.Sip.UnitTests\HeaderFields\HeaderFieldBaseAdapter.cs:line 191
</StackTrace>
        </ErrorInfo>
      </Output>
    </UnitTestResult>
    <UnitTestResult executionId="1dc1d253-5038-406d-b9f1-79e47d057e84" testId="7d96e561-65fb-7fc1-7af3-dc6699d1a2a8" testName="AddTest1" computerName="SERVER001" duration="00:00:00.0401144" startTime="2010-01-24T19:15:51.2218482+11:00" endTime="2010-01-24T19:15:51.2658482+11:00" testType="13cdc9d9-ddb5-4fa4-a97d-d965ccfc6d4b" outcome="Passed" testListId="8c84fa94-04c1-424b-9868-57a2d4851a1d">
      <Output>
      </Output>
    </UnitTestResult>
    <UnitTestResult executionId="77133648-6cde-4c95-be68-9c3ebaf186d4" testId="fb88ca7f-cdc7-8360-b83c-e01e3433a330" testName="AddTest1a" computerName="SERVER001" duration="00:00:00.0009837" startTime="2010-01-24T19:15:51.2668482+11:00" endTime="2010-01-24T19:15:51.2708482+11:00" testType="13cdc9d9-ddb5-4fa4-a97d-d965ccfc6d4b" outcome="Passed" testListId="8c84fa94-04c1-424b-9868-57a2d4851a1d">
      <Output>
      </Output>
    </UnitTestResult>
    <UnitTestResult executionId="e8227d62-509c-4a1e-b558-2c9bf87e53c9" testId="06afeb1c-6fed-119d-c733-4c3f850f0cf8" testName="AddTest1b" computerName="SERVER001" duration="00:00:00.0009039" startTime="2010-01-24T19:15:51.2708482+11:00" endTime="2010-01-24T19:15:51.2748482+11:00" testType="13cdc9d9-ddb5-4fa4-a97d-d965ccfc6d4b" outcome="Passed" testListId="8c84fa94-04c1-424b-9868-57a2d4851a1d">
      <Output>
      </Output>
    </UnitTestResult>
    <UnitTestResult executionId="728a0b61-57b7-413a-b2bc-4c13e9367789" testId="7a911cb9-e4cc-99b5-e24b-a5efe3109032" testName="AddTest1c" computerName="SERVER001" duration="00:00:00.0007604" startTime="2010-01-24T19:15:51.2758482+11:00" endTime="2010-01-24T19:15:51.2788482+11:00" testType="13cdc9d9-ddb5-4fa4-a97d-d965ccfc6d4b" outcome="Passed" testListId="8c84fa94-04c1-424b-9868-57a2d4851a1d">
      <Output>
      </Output>
    </UnitTestResult>
    <UnitTestResult executionId="b889c2bf-9236-4baf-a597-5d50fb0655a3" testId="58f8ce8a-bd4a-597b-aa01-13175d672f22" testName="AddTest2" computerName="SERVER001" duration="00:00:00.0557397" startTime="2010-01-24T19:15:51.2798482+11:00" endTime="2010-01-24T19:15:51.3388482+11:00" testType="13cdc9d9-ddb5-4fa4-a97d-d965ccfc6d4b" outcome="Passed" testListId="8c84fa94-04c1-424b-9868-57a2d4851a1d">
      <Output>
      </Output>
    </UnitTestResult>
    <UnitTestResult executionId="a77bdb35-578b-4a08-bd9c-48118e4cc052" testId="283fdc25-b04c-b75d-3ca4-4848fe01fc94" testName="AddTest2a" computerName="SERVER001" duration="00:00:00.0009098" startTime="2010-01-24T19:15:51.3388482+11:00" endTime="2010-01-24T19:15:51.3428482+11:00" testType="13cdc9d9-ddb5-4fa4-a97d-d965ccfc6d4b" outcome="Passed" testListId="8c84fa94-04c1-424b-9868-57a2d4851a1d">
      <Output>
      </Output>
    </UnitTestResult>
    <UnitTestResult executionId="5a41f544-f2e7-4ee6-89f3-9f48c01782f7" testId="94d0b36c-6fd0-8b70-3547-484f0800e310" testName="AddTest2b" computerName="SERVER001" duration="00:00:00.0008314" startTime="2010-01-24T19:15:51.3438482+11:00" endTime="2010-01-24T19:15:51.3478482+11:00" testType="13cdc9d9-ddb5-4fa4-a97d-d965ccfc6d4b" outcome="Passed" testListId="8c84fa94-04c1-424b-9868-57a2d4851a1d">
      <Output>
      </Output>
    </UnitTestResult>
    <UnitTestResult executionId="7385de01-22d6-4769-9ffc-aadee9c799bb" testId="b8c35519-53ca-996b-8251-ea51d46800d9" testName="AddTest2c" computerName="SERVER001" duration="00:00:00.0007452" startTime="2010-01-24T19:15:51.3488482+11:00" endTime="2010-01-24T19:15:51.3508482+11:00" testType="13cdc9d9-ddb5-4fa4-a97d-d965ccfc6d4b" outcome="Passed" testListId="8c84fa94-04c1-424b-9868-57a2d4851a1d">
      <Output>
      </Output>
    </UnitTestResult>
    <UnitTestResult executionId="57b51395-3692-41b8-a7e4-cc3889ef77ff" testId="61311b76-2951-119f-c76b-24008781f5b1" testName="ContainsTest" computerName="SERVER001" duration="00:00:00.0014587" startTime="2010-01-24T19:15:51.3548482+11:00" endTime="2010-01-24T19:15:51.3588482+11:00" testType="13cdc9d9-ddb5-4fa4-a97d-d965ccfc6d4b" outcome="Passed" testListId="8c84fa94-04c1-424b-9868-57a2d4851a1d">
      <Output>
      </Output>
    </UnitTestResult>
    <UnitTestResult executionId="d50a8e75-fcb8-4743-a243-dde8824ba8d8" testId="257afc87-8939-934a-33b1-c4c02c6ca1b7" testName="ContainsTest1" computerName="SERVER001" duration="00:00:00.0017981" startTime="2010-01-24T19:15:51.3598482+11:00" endTime="2010-01-24T19:15:51.3648482+11:00" testType="13cdc9d9-ddb5-4fa4-a97d-d965ccfc6d4b" outcome="Passed" testListId="8c84fa94-04c1-424b-9868-57a2d4851a1d">
      <Output>
      </Output>
    </UnitTestResult>
    <UnitTestResult executionId="9e6cc91c-5544-4858-a88c-af956d6fa379" testId="4dffc473-738c-6906-b3e2-2b42efb8e067" testName="ContainsTest1a" computerName="SERVER001" duration="00:00:00.0009224" startTime="2010-01-24T19:15:51.3658482+11:00" endTime="2010-01-24T19:15:51.3698482+11:00" testType="13cdc9d9-ddb5-4fa4-a97d-d965ccfc6d4b" outcome="Passed" testListId="8c84fa94-04c1-424b-9868-57a2d4851a1d">
      <Output>
      </Output>
    </UnitTestResult>
    <UnitTestResult executionId="7a6009fa-721a-4183-beff-73ade3ee0106" testId="b8cefc1a-3e1b-4181-48b4-448172fa2147" testName="ContainsTestab" computerName="SERVER001" duration="00:00:00.0007126" startTime="2010-01-24T19:15:51.3708482+11:00" endTime="2010-01-24T19:15:51.3738482+11:00" testType="13cdc9d9-ddb5-4fa4-a97d-d965ccfc6d4b" outcome="Passed" testListId="8c84fa94-04c1-424b-9868-57a2d4851a1d">
      <Output>
      </Output>
    </UnitTestResult>
    <UnitTestResult executionId="4e3839fd-5a68-4c4a-a8a5-3f6eaffd3af3" testId="31f8f411-1302-7d79-0be7-e9b489eee19b" testName="CountTest" computerName="SERVER001" duration="00:00:00.0033687" startTime="2010-01-24T19:15:51.3738482+11:00" endTime="2010-01-24T19:15:51.3808482+11:00" testType="13cdc9d9-ddb5-4fa4-a97d-d965ccfc6d4b" outcome="Passed" testListId="8c84fa94-04c1-424b-9868-57a2d4851a1d">
      <Output>
      </Output>
    </UnitTestResult>
    <UnitTestResult executionId="2f09779c-4c49-406a-8527-f5a2559a2e38" testId="c0ec6e0d-9725-72a9-5a3f-b9e6a6bef587" testName="ItemTest1" computerName="SERVER001" duration="00:00:00.0015455" startTime="2010-01-24T19:15:51.3818482+11:00" endTime="2010-01-24T19:15:51.3868482+11:00" testType="13cdc9d9-ddb5-4fa4-a97d-d965ccfc6d4b" outcome="Passed" testListId="8c84fa94-04c1-424b-9868-57a2d4851a1d">
      <Output>
      </Output>
    </UnitTestResult>
    <UnitTestResult executionId="fe21f603-18b4-41ae-b096-801382fd9431" testId="30180969-22e2-8ecf-4ef2-8f47d438fff6" testName="ItemTest1a" computerName="SERVER001" duration="00:00:00.0009303" startTime="2010-01-24T19:15:51.3868482+11:00" endTime="2010-01-24T19:15:51.3908482+11:00" testType="13cdc9d9-ddb5-4fa4-a97d-d965ccfc6d4b" outcome="Passed" testListId="8c84fa94-04c1-424b-9868-57a2d4851a1d">
      <Output>
      </Output>
    </UnitTestResult>
    <UnitTestResult executionId="9d7d7a2f-be15-4cbb-865a-99000990f518" testId="d12703bb-7f00-90dc-006c-306c39b56798" testName="ItemTest1ab" computerName="SERVER001" duration="00:00:00.0010213" startTime="2010-01-24T19:15:51.3928482+11:00" endTime="2010-01-24T19:15:51.3968482+11:00" testType="13cdc9d9-ddb5-4fa4-a97d-d965ccfc6d4b" outcome="Passed" testListId="8c84fa94-04c1-424b-9868-57a2d4851a1d">
      <Output>
      </Output>
    </UnitTestResult>
    <UnitTestResult executionId="a27a4954-f901-4f62-a84f-e8c249deebf5" testId="62af2ef0-4b12-2264-7b5e-72fc56fdb0f6" testName="ItemTest2" computerName="SERVER001" duration="00:00:00.0029955" startTime="2010-01-24T19:15:51.3978482+11:00" endTime="2010-01-24T19:15:51.4028482+11:00" testType="13cdc9d9-ddb5-4fa4-a97d-d965ccfc6d4b" outcome="Failed" testListId="8c84fa94-04c1-424b-9868-57a2d4851a1d">
      <Output>
        <ErrorInfo>
          <Message>Test method Konnetic.Sip.UnitTests.HeaderFieldCollectionAdapter.ItemTest2 threw exception:  System.NullReferenceException: Object reference not set to an instance of an object..</Message>
          <StackTrace>    at Konnetic.Sip.Headers.QValueHeaderFieldBase.set_QValue(Single value) in D:\Business\Development\Konnetic\UnifySipApi\Production\Src\Konnetic Unify SIP API\Konnetic.Sip\Headers\BaseHeaderFields\QValueHeaderFieldBase.cs:line 58
   at Konnetic.Sip.Headers.QValueHeaderFieldBase..ctor(Single qValue) in D:\Business\Development\Konnetic\UnifySipApi\Production\Src\Konnetic Unify SIP API\Konnetic.Sip\Headers\BaseHeaderFields\QValueHeaderFieldBase.cs:line 92
   at Konnetic.Sip.Headers.QValueHeaderFieldBase..ctor() in D:\Business\Development\Konnetic\UnifySipApi\Production\Src\Konnetic Unify SIP API\Konnetic.Sip\Headers\BaseHeaderFields\QValueHeaderFieldBase.cs:line 80
   at Konnetic.Sip.Headers.AcceptEncodingHeaderField..ctor() in D:\Business\Development\Konnetic\UnifySipApi\Production\Src\Konnetic Unify SIP API\Konnetic.Sip\Headers\AcceptEncodingHeaderField.cs:line 133
   at Konnetic.Sip.Headers.AcceptEncodingHeaderField..ctor(String encoding) in D:\Business\Development\Konnetic\UnifySipApi\Production\Src\Konnetic Unify SIP API\Konnetic.Sip\Headers\AcceptEncodingHeaderField.cs:line 149
   at Konnetic.Sip.UnitTests.HeaderFieldCollectionAdapter.ItemTest2() in D:\Business\Development\Konnetic\UnifySipApi\Production\Src\Konnetic Unify SIP API\Konnetic.Sip.UnitTests\HeaderFields\HeaderFieldCollectionAdapter.cs:line 329
</StackTrace>
        </ErrorInfo>
      </Output>
    </UnitTestResult>
    <UnitTestResult executionId="fdab4d17-d13b-433b-a1e1-02bdc5349224" testId="76a44a5c-1ea5-f866-0fc4-f907ccd0a0f1" testName="ItemTest2a" computerName="SERVER001" duration="00:00:00.0024190" startTime="2010-01-24T19:15:51.4038482+11:00" endTime="2010-01-24T19:15:51.4088482+11:00" testType="13cdc9d9-ddb5-4fa4-a97d-d965ccfc6d4b" outcome="Failed" testListId="8c84fa94-04c1-424b-9868-57a2d4851a1d">
      <Output>
        <ErrorInfo>
          <Message>Test method Konnetic.Sip.UnitTests.HeaderFieldCollectionAdapter.ItemTest2a threw exception System.NullReferenceException, but exception System.ArgumentOutOfRangeException was expected. Exception message:  System.NullReferenceException: Object reference not set to an instance of an object.
</Message>
          <StackTrace>    at Konnetic.Sip.Headers.QValueHeaderFieldBase.set_QValue(Single value) in D:\Business\Development\Konnetic\UnifySipApi\Production\Src\Konnetic Unify SIP API\Konnetic.Sip\Headers\BaseHeaderFields\QValueHeaderFieldBase.cs:line 58
   at Konnetic.Sip.Headers.QValueHeaderFieldBase..ctor(Single qValue) in D:\Business\Development\Konnetic\UnifySipApi\Production\Src\Konnetic Unify SIP API\Konnetic.Sip\Headers\BaseHeaderFields\QValueHeaderFieldBase.cs:line 92
   at Konnetic.Sip.Headers.QValueHeaderFieldBase..ctor() in D:\Business\Development\Konnetic\UnifySipApi\Production\Src\Konnetic Unify SIP API\Konnetic.Sip\Headers\BaseHeaderFields\QValueHeaderFieldBase.cs:line 80
   at Konnetic.Sip.Headers.AcceptEncodingHeaderField..ctor() in D:\Business\Development\Konnetic\UnifySipApi\Production\Src\Konnetic Unify SIP API\Konnetic.Sip\Headers\AcceptEncodingHeaderField.cs:line 133
   at Konnetic.Sip.Headers.AcceptEncodingHeaderField..ctor(String encoding) in D:\Business\Development\Konnetic\UnifySipApi\Production\Src\Konnetic Unify SIP API\Konnetic.Sip\Headers\AcceptEncodingHeaderField.cs:line 149
   at Konnetic.Sip.UnitTests.HeaderFieldCollectionAdapter.ItemTest2a() in D:\Business\Development\Konnetic\UnifySipApi\Production\Src\Konnetic Unify SIP API\Konnetic.Sip.UnitTests\HeaderFields\HeaderFieldCollectionAdapter.cs:line 352
</StackTrace>
        </ErrorInfo>
      </Output>
    </UnitTestResult>
    <UnitTestResult executionId="2c201da3-2336-431a-ad48-11b0c33e26d9" testId="87433f91-298c-de7f-7fd7-ed4627dd4e26" testName="ItemTest2b" computerName="SERVER001" duration="00:00:00.0013964" startTime="2010-01-24T19:15:51.4098482+11:00" endTime="2010-01-24T19:15:51.4138482+11:00" testType="13cdc9d9-ddb5-4fa4-a97d-d965ccfc6d4b" outcome="Failed" testListId="8c84fa94-04c1-424b-9868-57a2d4851a1d">
      <Output>
        <ErrorInfo>
          <Message>Test method Konnetic.Sip.UnitTests.HeaderFieldCollectionAdapter.ItemTest2b threw exception System.NullReferenceException, but exception System.ArgumentException was expected. Exception message:  System.NullReferenceException: Object reference not set to an instance of an object.
</Message>
          <StackTrace>    at Konnetic.Sip.Headers.QValueHeaderFieldBase.set_QValue(Single value) in D:\Business\Development\Konnetic\UnifySipApi\Production\Src\Konnetic Unify SIP API\Konnetic.Sip\Headers\BaseHeaderFields\QValueHeaderFieldBase.cs:line 58
   at Konnetic.Sip.Headers.QValueHeaderFieldBase..ctor(Single qValue) in D:\Business\Development\Konnetic\UnifySipApi\Production\Src\Konnetic Unify SIP API\Konnetic.Sip\Headers\BaseHeaderFields\QValueHeaderFieldBase.cs:line 92
   at Konnetic.Sip.Headers.QValueHeaderFieldBase..ctor() in D:\Business\Development\Konnetic\UnifySipApi\Production\Src\Konnetic Unify SIP API\Konnetic.Sip\Headers\BaseHeaderFields\QValueHeaderFieldBase.cs:line 80
   at Konnetic.Sip.Headers.AcceptEncodingHeaderField..ctor() in D:\Business\Development\Konnetic\UnifySipApi\Production\Src\Konnetic Unify SIP API\Konnetic.Sip\Headers\AcceptEncodingHeaderField.cs:line 133
   at Konnetic.Sip.Headers.AcceptEncodingHeaderField..ctor(String encoding) in D:\Business\Development\Konnetic\UnifySipApi\Production\Src\Konnetic Unify SIP API\Konnetic.Sip\Headers\AcceptEncodingHeaderField.cs:line 149
   at Konnetic.Sip.UnitTests.HeaderFieldCollectionAdapter.ItemTest2b() in D:\Business\Development\Konnetic\UnifySipApi\Production\Src\Konnetic Unify SIP API\Konnetic.Sip.UnitTests\HeaderFields\HeaderFieldCollectionAdapter.cs:line 361
</StackTrace>
        </ErrorInfo>
      </Output>
    </UnitTestResult>
    <UnitTestResult executionId="511314e0-009b-4499-8c68-ddc11153dad9" testId="f6a3f83b-588e-a90f-7929-af2f7181a64a" testName="RemoveTest" computerName="SERVER001" duration="00:00:00.0021900" startTime="2010-01-24T19:15:51.4138482+11:00" endTime="2010-01-24T19:15:51.4188482+11:00" testType="13cdc9d9-ddb5-4fa4-a97d-d965ccfc6d4b" outcome="Passed" testListId="8c84fa94-04c1-424b-9868-57a2d4851a1d">
      <Output>
      </Output>
    </UnitTestResult>
    <UnitTestResult executionId="1e37bb26-cb3c-4e1d-806a-4998bf836f8e" testId="b6fdb925-a5cb-8e46-bc4d-94e250d3569a" testName="RemoveTesta" computerName="SERVER001" duration="00:00:00.0010256" startTime="2010-01-24T19:15:51.4198482+11:00" endTime="2010-01-24T19:15:51.4268482+11:00" testType="13cdc9d9-ddb5-4fa4-a97d-d965ccfc6d4b" outcome="Passed" testListId="8c84fa94-04c1-424b-9868-57a2d4851a1d">
      <Output>
      </Output>
    </UnitTestResult>
    <UnitTestResult executionId="99dcf595-3f5a-4963-854d-74c55fa9165a" testId="89731d22-c10e-10e1-9ee1-c69d03ff4927" testName="SetTest" computerName="SERVER001" duration="00:00:00.0277403" startTime="2010-01-24T19:15:51.4268482+11:00" endTime="2010-01-24T19:15:51.4578482+11:00" testType="13cdc9d9-ddb5-4fa4-a97d-d965ccfc6d4b" outcome="Passed" testListId="8c84fa94-04c1-424b-9868-57a2d4851a1d">
      <Output>
      </Output>
    </UnitTestResult>
    <UnitTestResult executionId="1721b4b0-429a-4c8e-b8dc-bec7299ef60b" testId="4b8e3901-3eb3-94bf-53ca-5ecbdeb6942f" testName="SetTest1" computerName="SERVER001" duration="00:00:00.0014922" startTime="2010-01-24T19:15:51.4588482+11:00" endTime="2010-01-24T19:15:51.4628482+11:00" testType="13cdc9d9-ddb5-4fa4-a97d-d965ccfc6d4b" outcome="Passed" testListId="8c84fa94-04c1-424b-9868-57a2d4851a1d">
      <Output>
      </Output>
    </UnitTestResult>
    <UnitTestResult executionId="c0a6a900-0bb4-4152-9712-8e050d814f58" testId="cc9a9b38-e550-d32a-fe40-8906159d0506" testName="SetTesta" computerName="SERVER001" duration="00:00:00.0011674" startTime="2010-01-24T19:15:51.4638482+11:00" endTime="2010-01-24T19:15:51.4668482+11:00" testType="13cdc9d9-ddb5-4fa4-a97d-d965ccfc6d4b" outcome="Passed" testListId="8c84fa94-04c1-424b-9868-57a2d4851a1d">
      <Output>
      </Output>
    </UnitTestResult>
    <UnitTestResult executionId="e4b2c214-7377-4ad6-9edc-9665e1ceb465" testId="da3e7724-cef9-6f7b-1931-f0310e0a3053" testName="SetTestb" computerName="SERVER001" duration="00:00:00.0009477" startTime="2010-01-24T19:15:51.4678482+11:00" endTime="2010-01-24T19:15:51.4718482+11:00" testType="13cdc9d9-ddb5-4fa4-a97d-d965ccfc6d4b" outcome="Passed" testListId="8c84fa94-04c1-424b-9868-57a2d4851a1d">
      <Output>
      </Output>
    </UnitTestResult>
    <UnitTestResult executionId="83f16903-72cd-47b5-be9b-5e1cb89523b3" testId="df48f158-c648-f021-9b57-091f0f74f055" testName="SetTestc" computerName="SERVER001" duration="00:00:00.0010878" startTime="2010-01-24T19:15:51.4728482+11:00" endTime="2010-01-24T19:15:51.4768482+11:00" testType="13cdc9d9-ddb5-4fa4-a97d-d965ccfc6d4b" outcome="Passed" testListId="8c84fa94-04c1-424b-9868-57a2d4851a1d">
      <Output>
      </Output>
    </UnitTestResult>
    <UnitTestResult executionId="864fd032-4b47-4e54-bc9f-af9bfba3c06b" testId="90793361-0c37-1e69-5fa4-b134d2fbd0db" testName="ToStringTest" computerName="SERVER001" duration="00:00:00.0607331" startTime="2010-01-24T19:15:51.4768482+11:00" endTime="2010-01-24T19:15:51.5408482+11:00" testType="13cdc9d9-ddb5-4fa4-a97d-d965ccfc6d4b" outcome="Failed" testListId="8c84fa94-04c1-424b-9868-57a2d4851a1d">
      <Output>
        <ErrorInfo>
          <Message>Test method Konnetic.Sip.UnitTests.HeaderFieldCollectionAdapter.ToStringTest threw exception:  System.NullReferenceException: Object reference not set to an instance of an object..</Message>
          <StackTrace>    at Konnetic.Sip.Headers.ParamatizedHeaderFieldBase.Parse(String value) in D:\Business\Development\Konnetic\UnifySipApi\Production\Src\Konnetic Unify SIP API\Konnetic.Sip\Headers\BaseHeaderFields\ParamatizedHeaderFieldBase.cs:line 221
   at Konnetic.Sip.Headers.SipUriHeaderFieldBase.Parse(String value) in D:\Business\Development\Konnetic\UnifySipApi\Production\Src\Konnetic Unify SIP API\Konnetic.Sip\Headers\BaseHeaderFields\SipUriHeaderFieldBase.cs:line 235
   at Konnetic.Sip.Headers.AddressedHeaderFieldBase.Parse(String value) in D:\Business\Development\Konnetic\UnifySipApi\Production\Src\Konnetic Unify SIP API\Konnetic.Sip\Headers\BaseHeaderFields\AddressedHeaderFieldBase.cs:line 217
   at Konnetic.Sip.Headers.ToHeaderField.Parse(String value) in D:\Business\Development\Konnetic\UnifySipApi\Production\Src\Konnetic Unify SIP API\Konnetic.Sip\Headers\ToHeaderField.cs:line 275
   at Konnetic.Sip.Headers.HeaderFieldCollection.Add(String name, String value) in D:\Business\Development\Konnetic\UnifySipApi\Production\Src\Konnetic Unify SIP API\Konnetic.Sip\Headers\SupportTypes\HeaderFieldCollection.cs:line 98
   at Konnetic.Sip.Headers.HeaderFieldCollection.Add(String nameValuePair) in D:\Business\Development\Konnetic\UnifySipApi\Production\Src\Konnetic Unify SIP API\Konnetic.Sip\Headers\SupportTypes\HeaderFieldCollection.cs:line 79
   at Konnetic.Sip.UnitTests.HeaderFieldCollectionAdapter.ToStringTest() in D:\Business\Development\Konnetic\UnifySipApi\Production\Src\Konnetic Unify SIP API\Konnetic.Sip.UnitTests\HeaderFields\HeaderFieldCollectionAdapter.cs:line 500
</StackTrace>
        </ErrorInfo>
      </Output>
    </UnitTestResult>
    <UnitTestResult executionId="a741ffcc-6e89-45b8-8b86-2e85c1f6cb2b" testId="40fc81cc-e13f-6893-1e5c-b920a232e3f9" testName="ToStringTest1" computerName="SERVER001" duration="00:00:00.0584236" startTime="2010-01-24T19:15:51.5478482+11:00" endTime="2010-01-24T19:15:51.6108482+11:00" testType="13cdc9d9-ddb5-4fa4-a97d-d965ccfc6d4b" outcome="Failed" testListId="8c84fa94-04c1-424b-9868-57a2d4851a1d">
      <Output>
        <ErrorInfo>
          <Message>Test method Konnetic.Sip.UnitTests.HeaderFieldCollectionAdapter.ToStringTest1 threw exception:  System.NullReferenceException: Object reference not set to an instance of an object..</Message>
          <StackTrace>    at Konnetic.Sip.Headers.ParamatizedHeaderFieldBase.Parse(String value) in D:\Business\Development\Konnetic\UnifySipApi\Production\Src\Konnetic Unify SIP API\Konnetic.Sip\Headers\BaseHeaderFields\ParamatizedHeaderFieldBase.cs:line 221
   at Konnetic.Sip.Headers.SipUriHeaderFieldBase.Parse(String value) in D:\Business\Development\Konnetic\UnifySipApi\Production\Src\Konnetic Unify SIP API\Konnetic.Sip\Headers\BaseHeaderFields\SipUriHeaderFieldBase.cs:line 235
   at Konnetic.Sip.Headers.AddressedHeaderFieldBase.Parse(String value) in D:\Business\Development\Konnetic\UnifySipApi\Production\Src\Konnetic Unify SIP API\Konnetic.Sip\Headers\BaseHeaderFields\AddressedHeaderFieldBase.cs:line 217
   at Konnetic.Sip.Headers.ToHeaderField.Parse(String value) in D:\Business\Development\Konnetic\UnifySipApi\Production\Src\Konnetic Unify SIP API\Konnetic.Sip\Headers\ToHeaderField.cs:line 275
   at Konnetic.Sip.Headers.HeaderFieldCollection.Add(String name, String value) in D:\Business\Development\Konnetic\UnifySipApi\Production\Src\Konnetic Unify SIP API\Konnetic.Sip\Headers\SupportTypes\HeaderFieldCollection.cs:line 98
   at Konnetic.Sip.Headers.HeaderFieldCollection.Add(String nameValuePair) in D:\Business\Development\Konnetic\UnifySipApi\Production\Src\Konnetic Unify SIP API\Konnetic.Sip\Headers\SupportTypes\HeaderFieldCollection.cs:line 79
   at Konnetic.Sip.UnitTests.HeaderFieldCollectionAdapter.ToStringTest1() in D:\Business\Development\Konnetic\UnifySipApi\Production\Src\Konnetic Unify SIP API\Konnetic.Sip.UnitTests\HeaderFields\HeaderFieldCollectionAdapter.cs:line 521
</StackTrace>
        </ErrorInfo>
      </Output>
    </UnitTestResult>
    <UnitTestResult executionId="7fa88a33-6341-4c4e-a7f3-d4b7afd0c798" testId="0c00b763-4e63-8983-67d5-9feef507d5f8" testName="ToStringTest1a" computerName="SERVER001" duration="00:00:00.0035605" startTime="2010-01-24T19:15:51.6118482+11:00" endTime="2010-01-24T19:15:51.6188482+11:00" testType="13cdc9d9-ddb5-4fa4-a97d-d965ccfc6d4b" outcome="Passed" testListId="8c84fa94-04c1-424b-9868-57a2d4851a1d">
      <Output>
      </Output>
    </UnitTestResult>
    <UnitTestResult executionId="12d4cd02-c190-4fdf-9f8e-5d3e5f902a81" testId="43bb3858-859b-37a1-fcbc-30a05cfb698d" testName="ToUriStringTest" computerName="SERVER001" duration="00:00:00.0575497" startTime="2010-01-24T19:15:51.6198482+11:00" endTime="2010-01-24T19:15:51.6808482+11:00" testType="13cdc9d9-ddb5-4fa4-a97d-d965ccfc6d4b" outcome="Failed" testListId="8c84fa94-04c1-424b-9868-57a2d4851a1d">
      <Output>
        <ErrorInfo>
          <Message>Test method Konnetic.Sip.UnitTests.HeaderFieldCollectionAdapter.ToUriStringTest threw exception:  System.NullReferenceException: Object reference not set to an instance of an object..</Message>
          <StackTrace>    at Konnetic.Sip.Headers.ParamatizedHeaderFieldBase.Parse(String value) in D:\Business\Development\Konnetic\UnifySipApi\Production\Src\Konnetic Unify SIP API\Konnetic.Sip\Headers\BaseHeaderFields\ParamatizedHeaderFieldBase.cs:line 221
   at Konnetic.Sip.Headers.SipUriHeaderFieldBase.Parse(String value) in D:\Business\Development\Konnetic\UnifySipApi\Production\Src\Konnetic Unify SIP API\Konnetic.Sip\Headers\BaseHeaderFields\SipUriHeaderFieldBase.cs:line 235
   at Konnetic.Sip.Headers.AddressedHeaderFieldBase.Parse(String value) in D:\Business\Development\Konnetic\UnifySipApi\Production\Src\Konnetic Unify SIP API\Konnetic.Sip\Headers\BaseHeaderFields\AddressedHeaderFieldBase.cs:line 217
   at Konnetic.Sip.Headers.ToHeaderField.Parse(String value) in D:\Business\Development\Konnetic\UnifySipApi\Production\Src\Konnetic Unify SIP API\Konnetic.Sip\Headers\ToHeaderField.cs:line 275
   at Konnetic.Sip.Headers.HeaderFieldCollection.Add(String name, String value) in D:\Business\Development\Konnetic\UnifySipApi\Production\Src\Konnetic Unify SIP API\Konnetic.Sip\Headers\SupportTypes\HeaderFieldCollection.cs:line 98
   at Konnetic.Sip.Headers.HeaderFieldCollection.Add(String nameValuePair) in D:\Business\Development\Konnetic\UnifySipApi\Production\Src\Konnetic Unify SIP API\Konnetic.Sip\Headers\SupportTypes\HeaderFieldCollection.cs:line 79
   at Konnetic.Sip.UnitTests.HeaderFieldCollectionAdapter.ToUriStringTest() in D:\Business\Development\Konnetic\UnifySipApi\Production\Src\Konnetic Unify SIP API\Konnetic.Sip.UnitTests\HeaderFields\HeaderFieldCollectionAdapter.cs:line 548
</StackTrace>
        </ErrorInfo>
      </Output>
    </UnitTestResult>
    <UnitTestResult executionId="67420483-3049-4501-9262-aec65df37a39" testId="cfd92794-4add-46d2-81cf-ed5c6c096483" testName="ToUriStringTest1" computerName="SERVER001" duration="00:00:00.0864737" startTime="2010-01-24T19:15:51.6818482+11:00" endTime="2010-01-24T19:15:51.7708482+11:00" testType="13cdc9d9-ddb5-4fa4-a97d-d965ccfc6d4b" outcome="Failed" testListId="8c84fa94-04c1-424b-9868-57a2d4851a1d">
      <Output>
        <ErrorInfo>
          <Message>Test method Konnetic.Sip.UnitTests.HeaderFieldCollectionAdapter.ToUriStringTest1 threw exception:  System.NullReferenceException: Object reference not set to an instance of an object..</Message>
          <StackTrace>    at Konnetic.Sip.Headers.ParamatizedHeaderFieldBase.Parse(String value) in D:\Business\Development\Konnetic\UnifySipApi\Production\Src\Konnetic Unify SIP API\Konnetic.Sip\Headers\BaseHeaderFields\ParamatizedHeaderFieldBase.cs:line 221
   at Konnetic.Sip.Headers.SipUriHeaderFieldBase.Parse(String value) in D:\Business\Development\Konnetic\UnifySipApi\Production\Src\Konnetic Unify SIP API\Konnetic.Sip\Headers\BaseHeaderFields\SipUriHeaderFieldBase.cs:line 235
   at Konnetic.Sip.Headers.AddressedHeaderFieldBase.Parse(String value) in D:\Business\Development\Konnetic\UnifySipApi\Production\Src\Konnetic Unify SIP API\Konnetic.Sip\Headers\BaseHeaderFields\AddressedHeaderFieldBase.cs:line 217
   at Konnetic.Sip.Headers.ToHeaderField.Parse(String value) in D:\Business\Development\Konnetic\UnifySipApi\Production\Src\Konnetic Unify SIP API\Konnetic.Sip\Headers\ToHeaderField.cs:line 275
   at Konnetic.Sip.Headers.HeaderFieldCollection.Add(String name, String value) in D:\Business\Development\Konnetic\UnifySipApi\Production\Src\Konnetic Unify SIP API\Konnetic.Sip\Headers\SupportTypes\HeaderFieldCollection.cs:line 98
   at Konnetic.Sip.Headers.HeaderFieldCollection.Add(String nameValuePair) in D:\Business\Development\Konnetic\UnifySipApi\Production\Src\Konnetic Unify SIP API\Konnetic.Sip\Headers\SupportTypes\HeaderFieldCollection.cs:line 79
   at Konnetic.Sip.UnitTests.HeaderFieldCollectionAdapter.ToUriStringTest1() in D:\Business\Development\Konnetic\UnifySipApi\Production\Src\Konnetic Unify SIP API\Konnetic.Sip.UnitTests\HeaderFields\HeaderFieldCollectionAdapter.cs:line 564
</StackTrace>
        </ErrorInfo>
      </Output>
    </UnitTestResult>
    <UnitTestResult executionId="253cfdf3-1fc0-4d75-97f2-2d2ce4d948af" testId="a15ab840-a85f-1924-dc9a-631a4ab45aab" testName="ToUriStringTest1a" computerName="SERVER001" duration="00:00:00.0888286" startTime="2010-01-24T19:15:51.7718482+11:00" endTime="2010-01-24T19:15:51.8638482+11:00" testType="13cdc9d9-ddb5-4fa4-a97d-d965ccfc6d4b" outcome="Failed" testListId="8c84fa94-04c1-424b-9868-57a2d4851a1d">
      <Output>
        <ErrorInfo>
          <Message>Test method Konnetic.Sip.UnitTests.HeaderFieldCollectionAdapter.ToUriStringTest1a threw exception System.NullReferenceException, but exception System.ArgumentNullException was expected. Exception message:  System.NullReferenceException: Object reference not set to an instance of an object.
</Message>
          <StackTrace>    at Konnetic.Sip.Headers.ParamatizedHeaderFieldBase.Parse(String value) in D:\Business\Development\Konnetic\UnifySipApi\Production\Src\Konnetic Unify SIP API\Konnetic.Sip\Headers\BaseHeaderFields\ParamatizedHeaderFieldBase.cs:line 221
   at Konnetic.Sip.Headers.SipUriHeaderFieldBase.Parse(String value) in D:\Business\Development\Konnetic\UnifySipApi\Production\Src\Konnetic Unify SIP API\Konnetic.Sip\Headers\BaseHeaderFields\SipUriHeaderFieldBase.cs:line 235
   at Konnetic.Sip.Headers.AddressedHeaderFieldBase.Parse(String value) in D:\Business\Development\Konnetic\UnifySipApi\Production\Src\Konnetic Unify SIP API\Konnetic.Sip\Headers\BaseHeaderFields\AddressedHeaderFieldBase.cs:line 217
   at Konnetic.Sip.Headers.ToHeaderField.Parse(String value) in D:\Business\Development\Konnetic\UnifySipApi\Production\Src\Konnetic Unify SIP API\Konnetic.Sip\Headers\ToHeaderField.cs:line 275
   at Konnetic.Sip.Headers.HeaderFieldCollection.Add(String name, String value) in D:\Business\Development\Konnetic\UnifySipApi\Production\Src\Konnetic Unify SIP API\Konnetic.Sip\Headers\SupportTypes\HeaderFieldCollection.cs:line 98
   at Konnetic.Sip.Headers.HeaderFieldCollection.Add(String nameValuePair) in D:\Business\Development\Konnetic\UnifySipApi\Production\Src\Konnetic Unify SIP API\Konnetic.Sip\Headers\SupportTypes\HeaderFieldCollection.cs:line 79
   at Konnetic.Sip.UnitTests.HeaderFieldCollectionAdapter.ToUriStringTest1a() in D:\Business\Development\Konnetic\UnifySipApi\Production\Src\Konnetic Unify SIP API\Konnetic.Sip.UnitTests\HeaderFields\HeaderFieldCollectionAdapter.cs:line 583
</StackTrace>
        </ErrorInfo>
      </Output>
    </UnitTestResult>
    <UnitTestResult executionId="a2da1ae4-27f8-43c5-a786-5bf68c74d170" testId="a8a39f46-ca03-5543-3a23-31ed8f94eb6e" testName="UpdateTest" computerName="SERVER001" duration="00:00:00.0316734" startTime="2010-01-24T19:15:51.8648482+11:00" endTime="2010-01-24T19:15:51.8998482+11:00" testType="13cdc9d9-ddb5-4fa4-a97d-d965ccfc6d4b" outcome="Failed" testListId="8c84fa94-04c1-424b-9868-57a2d4851a1d">
      <Output>
        <ErrorInfo>
          <Message>Assert.IsTrue failed. </Message>
          <StackTrace>   at Konnetic.Sip.UnitTests.HeaderFieldCollectionAdapter.UpdateTest() in D:\Business\Development\Konnetic\UnifySipApi\Production\Src\Konnetic Unify SIP API\Konnetic.Sip.UnitTests\HeaderFields\HeaderFieldCollectionAdapter.cs:line 602
</StackTrace>
        </ErrorInfo>
      </Output>
    </UnitTestResult>
    <UnitTestResult executionId="4d0dc49d-f523-4f47-8b56-8938c5e320c9" testId="fb257754-7258-574a-bd67-0784c582980f" testName="UpdateTest1a" computerName="SERVER001" duration="00:00:00.0579653" startTime="2010-01-24T19:15:51.9128482+11:00" endTime="2010-01-24T19:15:51.9798482+11:00" testType="13cdc9d9-ddb5-4fa4-a97d-d965ccfc6d4b" outcome="Failed" testListId="8c84fa94-04c1-424b-9868-57a2d4851a1d">
      <Output>
        <ErrorInfo>
          <Message>Test method Konnetic.Sip.UnitTests.HeaderFieldCollectionAdapter.UpdateTest1a threw exception System.NullReferenceException, but exception System.ArgumentException was expected. Exception message:  System.NullReferenceException: Object reference not set to an instance of an object.
</Message>
          <StackTrace>    at Konnetic.Sip.Headers.ParamatizedHeaderFieldBase.Parse(String value) in D:\Business\Development\Konnetic\UnifySipApi\Production\Src\Konnetic Unify SIP API\Konnetic.Sip\Headers\BaseHeaderFields\ParamatizedHeaderFieldBase.cs:line 221
   at Konnetic.Sip.Headers.SipUriHeaderFieldBase.Parse(String value) in D:\Business\Development\Konnetic\UnifySipApi\Production\Src\Konnetic Unify SIP API\Konnetic.Sip\Headers\BaseHeaderFields\SipUriHeaderFieldBase.cs:line 235
   at Konnetic.Sip.Headers.AddressedHeaderFieldBase.Parse(String value) in D:\Business\Development\Konnetic\UnifySipApi\Production\Src\Konnetic Unify SIP API\Konnetic.Sip\Headers\BaseHeaderFields\AddressedHeaderFieldBase.cs:line 217
   at Konnetic.Sip.Headers.ToHeaderField.Parse(String value) in D:\Business\Development\Konnetic\UnifySipApi\Production\Src\Konnetic Unify SIP API\Konnetic.Sip\Headers\ToHeaderField.cs:line 275
   at Konnetic.Sip.Headers.HeaderFieldCollection.Add(String name, String value) in D:\Business\Development\Konnetic\UnifySipApi\Production\Src\Konnetic Unify SIP API\Konnetic.Sip\Headers\SupportTypes\HeaderFieldCollection.cs:line 98
   at Konnetic.Sip.UnitTests.HeaderFieldCollectionAdapter.UpdateTest1a() in D:\Business\Development\Konnetic\UnifySipApi\Production\Src\Konnetic Unify SIP API\Konnetic.Sip.UnitTests\HeaderFields\HeaderFieldCollectionAdapter.cs:line 659
</StackTrace>
        </ErrorInfo>
      </Output>
    </UnitTestResult>
    <UnitTestResult executionId="e53826eb-e2c8-4052-af34-2626b3a5f8cd" testId="11c3208b-346d-b9f1-49ea-f08bda1c467d" testName="UpdateTesta" computerName="SERVER001" duration="00:00:00.0293848" startTime="2010-01-24T19:15:51.9808482+11:00" endTime="2010-01-24T19:15:52.0138482+11:00" testType="13cdc9d9-ddb5-4fa4-a97d-d965ccfc6d4b" outcome="Passed" testListId="8c84fa94-04c1-424b-9868-57a2d4851a1d">
      <Output>
      </Output>
    </UnitTestResult>
    <UnitTestResult executionId="1c0b69eb-ee41-42b2-8ead-c305fe5dbb34" testId="5af9c230-e7da-25b7-d254-ffdd78a71fb1" testName="UpdateTestb" computerName="SERVER001" duration="00:00:00.0287363" startTime="2010-01-24T19:15:52.0138482+11:00" endTime="2010-01-24T19:15:52.0458482+11:00" testType="13cdc9d9-ddb5-4fa4-a97d-d965ccfc6d4b" outcome="Passed" testListId="8c84fa94-04c1-424b-9868-57a2d4851a1d">
      <Output>
      </Output>
    </UnitTestResult>
    <UnitTestResult executionId="6809f127-2b1e-4b8c-8824-34165d24aa20" testId="a03fc25c-4fe7-be96-59d7-028c1359a2c2" testName="CancelTest" computerName="SERVER001" duration="00:00:00.0010344" startTime="2010-01-24T19:15:52.0458482+11:00" endTime="2010-01-24T19:15:52.0518482+11:00" testType="13cdc9d9-ddb5-4fa4-a97d-d965ccfc6d4b" outcome="Passed" testListId="8c84fa94-04c1-424b-9868-57a2d4851a1d">
      <Output>
      </Output>
    </UnitTestResult>
    <UnitTestResult executionId="57137d82-625d-4e9d-b834-8193d3100152" testId="2db8a768-d135-af72-866d-330cabc9011f" testName="HeaderFieldNameTest" computerName="SERVER001" duration="00:00:00.0006573" startTime="2010-01-24T19:15:52.0528482+11:00" endTime="2010-01-24T19:15:52.0558482+11:00" testType="13cdc9d9-ddb5-4fa4-a97d-d965ccfc6d4b" outcome="Passed" testListId="8c84fa94-04c1-424b-9868-57a2d4851a1d">
      <Output>
      </Output>
    </UnitTestResult>
    <UnitTestResult executionId="acaf1637-4ec6-49ef-b8d6-d35590e1421d" testId="d687f2f4-3b09-a250-e039-3e15bf56edc1" testName="CreateHeaderFieldFromLineTest" computerName="SERVER001" duration="00:00:00.0749354" startTime="2010-01-24T19:15:52.0568482+11:00" endTime="2010-01-24T19:15:52.1368482+11:00" testType="13cdc9d9-ddb5-4fa4-a97d-d965ccfc6d4b" outcome="Failed" testListId="8c84fa94-04c1-424b-9868-57a2d4851a1d">
      <Output>
        <ErrorInfo>
          <Message>Test method Konnetic.Sip.UnitTests.HeaderFieldFactoryAdapter.CreateHeaderFieldFromLineTest threw exception:  System.NullReferenceException: Object reference not set to an instance of an object..</Message>
          <StackTrace>    at Konnetic.Sip.Headers.ParamatizedHeaderFieldBase.Parse(String value) in D:\Business\Development\Konnetic\UnifySipApi\Production\Src\Konnetic Unify SIP API\Konnetic.Sip\Headers\BaseHeaderFields\ParamatizedHeaderFieldBase.cs:line 221
   at Konnetic.Sip.Headers.SipUriHeaderFieldBase.Parse(String value) in D:\Business\Development\Konnetic\UnifySipApi\Production\Src\Konnetic Unify SIP API\Konnetic.Sip\Headers\BaseHeaderFields\SipUriHeaderFieldBase.cs:line 235
   at Konnetic.Sip.Headers.AddressedHeaderFieldBase.Parse(String value) in D:\Business\Development\Konnetic\UnifySipApi\Production\Src\Konnetic Unify SIP API\Konnetic.Sip\Headers\BaseHeaderFields\AddressedHeaderFieldBase.cs:line 217
   at Konnetic.Sip.Headers.ToHeaderField.Parse(String value) in D:\Business\Development\Konnetic\UnifySipApi\Production\Src\Konnetic Unify SIP API\Konnetic.Sip\Headers\ToHeaderField.cs:line 275
   at Konnetic.Sip.Headers.HeaderFieldFactory.CreateHeaderFieldFromLine(String headerLine) in D:\Business\Development\Konnetic\UnifySipApi\Production\Src\Konnetic Unify SIP API\Konnetic.Sip\Headers\SupportTypes\HeaderFieldFactory.cs:line 234
   at Konnetic.Sip.UnitTests.HeaderFieldFactoryAdapter.CreateHeaderFieldFromLineTest() in D:\Business\Development\Konnetic\UnifySipApi\Production\Src\Konnetic Unify SIP API\Konnetic.Sip.UnitTests\HeaderFields\HeaderFieldFactoryAdapter.cs:line 56
</StackTrace>
        </ErrorInfo>
      </Output>
    </UnitTestResult>
    <UnitTestResult executionId="d3d09674-77c7-464d-a686-049a1b977a3e" testId="b2ab1d43-041d-c4bd-966f-1cedfc017503" testName="CreateHeaderFieldFromLineTest1" computerName="SERVER001" duration="00:00:00.0014904" startTime="2010-01-24T19:15:52.1378482+11:00" endTime="2010-01-24T19:15:52.1418482+11:00" testType="13cdc9d9-ddb5-4fa4-a97d-d965ccfc6d4b" outcome="Passed" testListId="8c84fa94-04c1-424b-9868-57a2d4851a1d">
      <Output>
      </Output>
    </UnitTestResult>
    <UnitTestResult executionId="a3be3899-6194-4c2f-95d6-c41347c2c92f" testId="654423be-f74c-92a1-5a2a-7d2fe6c59520" testName="CreateHeaderFieldTest" computerName="SERVER001" duration="00:00:00.0011795" startTime="2010-01-24T19:15:52.1418482+11:00" endTime="2010-01-24T19:15:52.1488482+11:00" testType="13cdc9d9-ddb5-4fa4-a97d-d965ccfc6d4b" outcome="Passed" testListId="8c84fa94-04c1-424b-9868-57a2d4851a1d">
      <Output>
      </Output>
    </UnitTestResult>
    <UnitTestResult executionId="da09ecc8-1f0f-4689-8cc7-490dc793c9aa" testId="e03ec238-2078-09ac-f6d8-6d2ac0577a51" testName="CreateHeaderFieldTest1" computerName="SERVER001" duration="00:00:00.0094620" startTime="2010-01-24T19:15:52.1498482+11:00" endTime="2010-01-24T19:15:52.1618482+11:00" testType="13cdc9d9-ddb5-4fa4-a97d-d965ccfc6d4b" outcome="Failed" testListId="8c84fa94-04c1-424b-9868-57a2d4851a1d">
      <Output>
        <ErrorInfo>
          <Message>Test method Konnetic.Sip.UnitTests.HeaderFieldFactoryAdapter.CreateHeaderFieldTest1 threw exception:  System.NullReferenceException: Object reference not set to an instance of an object..</Message>
          <StackTrace>    at Konnetic.Sip.Headers.QValueHeaderFieldBase.set_QValue(Single value) in D:\Business\Development\Konnetic\UnifySipApi\Production\Src\Konnetic Unify SIP API\Konnetic.Sip\Headers\BaseHeaderFields\QValueHeaderFieldBase.cs:line 58
   at Konnetic.Sip.Headers.QValueHeaderFieldBase..ctor(Single qValue) in D:\Business\Development\Konnetic\UnifySipApi\Production\Src\Konnetic Unify SIP API\Konnetic.Sip\Headers\BaseHeaderFields\QValueHeaderFieldBase.cs:line 92
   at Konnetic.Sip.Headers.QValueHeaderFieldBase..ctor() in D:\Business\Development\Konnetic\UnifySipApi\Production\Src\Konnetic Unify SIP API\Konnetic.Sip\Headers\BaseHeaderFields\QValueHeaderFieldBase.cs:line 80
   at Konnetic.Sip.Headers.AcceptEncodingHeaderField..ctor() in D:\Business\Development\Konnetic\UnifySipApi\Production\Src\Konnetic Unify SIP API\Konnetic.Sip\Headers\AcceptEncodingHeaderField.cs:line 133
   at Konnetic.Sip.UnitTests.HeaderFieldFactoryAdapter.CreateHeaderFieldTest1() in D:\Business\Development\Konnetic\UnifySipApi\Production\Src\Konnetic Unify SIP API\Konnetic.Sip.UnitTests\HeaderFields\HeaderFieldFactoryAdapter.cs:line 100
</StackTrace>
        </ErrorInfo>
      </Output>
    </UnitTestResult>
    <UnitTestResult executionId="10ed4bbd-c5e4-4054-a598-abe3ff371b32" testId="437e71d0-4b2c-6b40-a545-2f9202644e81" testName="CountTest" computerName="SERVER001" duration="00:00:00.0265549" startTime="2010-01-24T19:15:52.1628482+11:00" endTime="2010-01-24T19:15:52.1918482+11:00" testType="13cdc9d9-ddb5-4fa4-a97d-d965ccfc6d4b" outcome="Failed" testListId="8c84fa94-04c1-424b-9868-57a2d4851a1d">
      <Output>
        <ErrorInfo>
          <Message>Test method Konnetic.Sip.UnitTests.HeaderFieldGroupAdapter.CountTest threw exception:  System.Reflection.TargetInvocationException: Exception has been thrown by the target of an invocation. ---&gt;  System.NullReferenceException: Object reference not set to an instance of an object..</Message>
          <StackTrace>    at Konnetic.Sip.Headers.QValueHeaderFieldBase.set_QValue(Single value) in D:\Business\Development\Konnetic\UnifySipApi\Production\Src\Konnetic Unify SIP API\Konnetic.Sip\Headers\BaseHeaderFields\QValueHeaderFieldBase.cs:line 58
   at Konnetic.Sip.Headers.QValueHeaderFieldBase..ctor(Single qValue) in D:\Business\Development\Konnetic\UnifySipApi\Production\Src\Konnetic Unify SIP API\Konnetic.Sip\Headers\BaseHeaderFields\QValueHeaderFieldBase.cs:line 92
   at Konnetic.Sip.Headers.QValueHeaderFieldBase..ctor() in D:\Business\Development\Konnetic\UnifySipApi\Production\Src\Konnetic Unify SIP API\Konnetic.Sip\Headers\BaseHeaderFields\QValueHeaderFieldBase.cs:line 80
   at Konnetic.Sip.Headers.AcceptEncodingHeaderField..ctor() in D:\Business\Development\Konnetic\UnifySipApi\Production\Src\Konnetic Unify SIP API\Konnetic.Sip\Headers\AcceptEncodingHeaderField.cs:line 133
 --- End of inner exception stack trace ---
    at System.RuntimeTypeHandle.CreateInstance(RuntimeType type, Boolean publicOnly, Boolean noCheck, Boolean&amp; canBeCached, RuntimeMethodHandle&amp; ctor, Boolean&amp; bNeedSecurityCheck)
   at System.Activator.CreateInstance[T]()
   at Konnetic.Sip.Headers.HeaderFieldGroup`1..ctor() in D:\Business\Development\Konnetic\UnifySipApi\Production\Src\Konnetic Unify SIP API\Konnetic.Sip\Headers\SupportTypes\HeaderFieldGroup.cs:line 160
   at Konnetic.Sip.UnitTests.HeaderFieldGroupAdapter.CountTestHelper[T]() in D:\Business\Development\Konnetic\UnifySipApi\Production\Src\Konnetic Unify SIP API\Konnetic.Sip.UnitTests\HeaderFields\HeaderFieldGroupAdapter.cs:line 83
   at Konnetic.Sip.UnitTests.HeaderFieldGroupAdapter.CountTest() in D:\Business\Development\Konnetic\UnifySipApi\Production\Src\Konnetic Unify SIP API\Konnetic.Sip.UnitTests\HeaderFields\HeaderFieldGroupAdapter.cs:line 50
</StackTrace>
        </ErrorInfo>
      </Output>
    </UnitTestResult>
    <UnitTestResult executionId="d2adb18f-56f3-4fd1-9311-7e2bc68bfb68" testId="965fc447-457c-4211-01a1-cd22e046159c" testName="EqualsTest" computerName="SERVER001" duration="00:00:00.0051992" startTime="2010-01-24T19:15:52.1928482+11:00" endTime="2010-01-24T19:15:52.2008482+11:00" testType="13cdc9d9-ddb5-4fa4-a97d-d965ccfc6d4b" outcome="Failed" testListId="8c84fa94-04c1-424b-9868-57a2d4851a1d">
      <Output>
        <ErrorInfo>
          <Message>Test method Konnetic.Sip.UnitTests.HeaderFieldGroupAdapter.EqualsTest threw exception:  System.Reflection.TargetInvocationException: Exception has been thrown by the target of an invocation. ---&gt;  System.NullReferenceException: Object reference not set to an instance of an object..</Message>
          <StackTrace>    at Konnetic.Sip.Headers.QValueHeaderFieldBase.set_QValue(Single value) in D:\Business\Development\Konnetic\UnifySipApi\Production\Src\Konnetic Unify SIP API\Konnetic.Sip\Headers\BaseHeaderFields\QValueHeaderFieldBase.cs:line 58
   at Konnetic.Sip.Headers.QValueHeaderFieldBase..ctor(Single qValue) in D:\Business\Development\Konnetic\UnifySipApi\Production\Src\Konnetic Unify SIP API\Konnetic.Sip\Headers\BaseHeaderFields\QValueHeaderFieldBase.cs:line 92
   at Konnetic.Sip.Headers.QValueHeaderFieldBase..ctor() in D:\Business\Development\Konnetic\UnifySipApi\Production\Src\Konnetic Unify SIP API\Konnetic.Sip\Headers\BaseHeaderFields\QValueHeaderFieldBase.cs:line 80
   at Konnetic.Sip.Headers.AcceptEncodingHeaderField..ctor() in D:\Business\Development\Konnetic\UnifySipApi\Production\Src\Konnetic Unify SIP API\Konnetic.Sip\Headers\AcceptEncodingHeaderField.cs:line 133
 --- End of inner exception stack trace ---
    at System.RuntimeTypeHandle.CreateInstance(RuntimeType type, Boolean publicOnly, Boolean noCheck, Boolean&amp; canBeCached, RuntimeMethodHandle&amp; ctor, Boolean&amp; bNeedSecurityCheck)
   at System.Activator.CreateInstance[T]()
   at Konnetic.Sip.Headers.HeaderFieldGroup`1..ctor() in D:\Business\Development\Konnetic\UnifySipApi\Production\Src\Konnetic Unify SIP API\Konnetic.Sip\Headers\SupportTypes\HeaderFieldGroup.cs:line 160
   at Konnetic.Sip.UnitTests.HeaderFieldGroupAdapter.EqualsTestHelper[T]() in D:\Business\Development\Konnetic\UnifySipApi\Production\Src\Konnetic Unify SIP API\Konnetic.Sip.UnitTests\HeaderFields\HeaderFieldGroupAdapter.cs:line 347
   at Konnetic.Sip.UnitTests.HeaderFieldGroupAdapter.EqualsTest() in D:\Business\Development\Konnetic\UnifySipApi\Production\Src\Konnetic Unify SIP API\Konnetic.Sip.UnitTests\HeaderFields\HeaderFieldGroupAdapter.cs:line 138
</StackTrace>
        </ErrorInfo>
      </Output>
    </UnitTestResult>
    <UnitTestResult executionId="201d0e1d-f952-4063-b361-6053bf81c821" testId="4e2a3aaf-9097-cca0-0abf-a1102ed0e215" testName="EqualsTest1" computerName="SERVER001" duration="00:00:00.0048592" startTime="2010-01-24T19:15:52.2008482+11:00" endTime="2010-01-24T19:15:52.2088482+11:00" testType="13cdc9d9-ddb5-4fa4-a97d-d965ccfc6d4b" outcome="Failed" testListId="8c84fa94-04c1-424b-9868-57a2d4851a1d">
      <Output>
        <ErrorInfo>
          <Message>Test method Konnetic.Sip.UnitTests.HeaderFieldGroupAdapter.EqualsTest1 threw exception:  System.Reflection.TargetInvocationException: Exception has been thrown by the target of an invocation. ---&gt;  System.NullReferenceException: Object reference not set to an instance of an object..</Message>
          <StackTrace>    at Konnetic.Sip.Headers.QValueHeaderFieldBase.set_QValue(Single value) in D:\Business\Development\Konnetic\UnifySipApi\Production\Src\Konnetic Unify SIP API\Konnetic.Sip\Headers\BaseHeaderFields\QValueHeaderFieldBase.cs:line 58
   at Konnetic.Sip.Headers.QValueHeaderFieldBase..ctor(Single qValue) in D:\Business\Development\Konnetic\UnifySipApi\Production\Src\Konnetic Unify SIP API\Konnetic.Sip\Headers\BaseHeaderFields\QValueHeaderFieldBase.cs:line 92
   at Konnetic.Sip.Headers.QValueHeaderFieldBase..ctor() in D:\Business\Development\Konnetic\UnifySipApi\Production\Src\Konnetic Unify SIP API\Konnetic.Sip\Headers\BaseHeaderFields\QValueHeaderFieldBase.cs:line 80
   at Konnetic.Sip.Headers.AcceptEncodingHeaderField..ctor() in D:\Business\Development\Konnetic\UnifySipApi\Production\Src\Konnetic Unify SIP API\Konnetic.Sip\Headers\AcceptEncodingHeaderField.cs:line 133
 --- End of inner exception stack trace ---
    at System.RuntimeTypeHandle.CreateInstance(RuntimeType type, Boolean publicOnly, Boolean noCheck, Boolean&amp; canBeCached, RuntimeMethodHandle&amp; ctor, Boolean&amp; bNeedSecurityCheck)
   at System.Activator.CreateInstance[T]()
   at Konnetic.Sip.Headers.HeaderFieldGroup`1..ctor() in D:\Business\Development\Konnetic\UnifySipApi\Production\Src\Konnetic Unify SIP API\Konnetic.Sip\Headers\SupportTypes\HeaderFieldGroup.cs:line 160
   at Konnetic.Sip.UnitTests.HeaderFieldGroupAdapter.EqualsTest1Helper[T]() in D:\Business\Development\Konnetic\UnifySipApi\Production\Src\Konnetic Unify SIP API\Konnetic.Sip.UnitTests\HeaderFields\HeaderFieldGroupAdapter.cs:line 203
   at Konnetic.Sip.UnitTests.HeaderFieldGroupAdapter.EqualsTest1() in D:\Business\Development\Konnetic\UnifySipApi\Production\Src\Konnetic Unify SIP API\Konnetic.Sip.UnitTests\HeaderFields\HeaderFieldGroupAdapter.cs:line 170
</StackTrace>
        </ErrorInfo>
      </Output>
    </UnitTestResult>
    <UnitTestResult executionId="55f3c760-721d-4d1f-a378-c3704d0be376" testId="d0036319-886d-2ed2-0d0b-bec59d56b6df" testName="EqualsTest2" computerName="SERVER001" duration="00:00:00.0049076" startTime="2010-01-24T19:15:52.2088482+11:00" endTime="2010-01-24T19:15:52.2158482+11:00" testType="13cdc9d9-ddb5-4fa4-a97d-d965ccfc6d4b" outcome="Failed" testListId="8c84fa94-04c1-424b-9868-57a2d4851a1d">
      <Output>
        <ErrorInfo>
          <Message>Test method Konnetic.Sip.UnitTests.HeaderFieldGroupAdapter.EqualsTest2 threw exception:  System.Reflection.TargetInvocationException: Exception has been thrown by the target of an invocation. ---&gt;  System.NullReferenceException: Object reference not set to an instance of an object..</Message>
          <StackTrace>    at Konnetic.Sip.Headers.QValueHeaderFieldBase.set_QValue(Single value) in D:\Business\Development\Konnetic\UnifySipApi\Production\Src\Konnetic Unify SIP API\Konnetic.Sip\Headers\BaseHeaderFields\QValueHeaderFieldBase.cs:line 58
   at Konnetic.Sip.Headers.QValueHeaderFieldBase..ctor(Single qValue) in D:\Business\Development\Konnetic\UnifySipApi\Production\Src\Konnetic Unify SIP API\Konnetic.Sip\Headers\BaseHeaderFields\QValueHeaderFieldBase.cs:line 92
   at Konnetic.Sip.Headers.QValueHeaderFieldBase..ctor() in D:\Business\Development\Konnetic\UnifySipApi\Production\Src\Konnetic Unify SIP API\Konnetic.Sip\Headers\BaseHeaderFields\QValueHeaderFieldBase.cs:line 80
   at Konnetic.Sip.Headers.AcceptEncodingHeaderField..ctor() in D:\Business\Development\Konnetic\UnifySipApi\Production\Src\Konnetic Unify SIP API\Konnetic.Sip\Headers\AcceptEncodingHeaderField.cs:line 133
 --- End of inner exception stack trace ---
    at System.RuntimeTypeHandle.CreateInstance(RuntimeType type, Boolean publicOnly, Boolean noCheck, Boolean&amp; canBeCached, RuntimeMethodHandle&amp; ctor, Boolean&amp; bNeedSecurityCheck)
   at System.Activator.CreateInstance[T]()
   at Konnetic.Sip.Headers.HeaderFieldGroup`1..ctor() in D:\Business\Development\Konnetic\UnifySipApi\Production\Src\Konnetic Unify SIP API\Konnetic.Sip\Headers\SupportTypes\HeaderFieldGroup.cs:line 160
   at Konnetic.Sip.UnitTests.HeaderFieldGroupAdapter.EqualsTest2Helper[T]() in D:\Business\Development\Konnetic\UnifySipApi\Production\Src\Konnetic Unify SIP API\Konnetic.Sip.UnitTests\HeaderFields\HeaderFieldGroupAdapter.cs:line 294
   at Konnetic.Sip.UnitTests.HeaderFieldGroupAdapter.EqualsTest2() in D:\Business\Development\Konnetic\UnifySipApi\Production\Src\Konnetic Unify SIP API\Konnetic.Sip.UnitTests\HeaderFields\HeaderFieldGroupAdapter.cs:line 261
</StackTrace>
        </ErrorInfo>
      </Output>
    </UnitTestResult>
    <UnitTestResult executionId="85989892-641a-4bbc-a98d-df277dfbabde" testId="3e6b5251-0c61-4f0a-1686-92b54532928d" testName="GetHeaderField" computerName="SERVER001" duration="00:00:00.0046169" startTime="2010-01-24T19:15:52.2168482+11:00" endTime="2010-01-24T19:15:52.2238482+11:00" testType="13cdc9d9-ddb5-4fa4-a97d-d965ccfc6d4b" outcome="Failed" testListId="8c84fa94-04c1-424b-9868-57a2d4851a1d">
      <Output>
        <ErrorInfo>
          <Message>Test method Konnetic.Sip.UnitTests.HeaderFieldGroupAdapter.GetHeaderField threw exception:  System.Reflection.TargetInvocationException: Exception has been thrown by the target of an invocation. ---&gt;  System.NullReferenceException: Object reference not set to an instance of an object..</Message>
          <StackTrace>    at Konnetic.Sip.Headers.QValueHeaderFieldBase.set_QValue(Single value) in D:\Business\Development\Konnetic\UnifySipApi\Production\Src\Konnetic Unify SIP API\Konnetic.Sip\Headers\BaseHeaderFields\QValueHeaderFieldBase.cs:line 58
   at Konnetic.Sip.Headers.QValueHeaderFieldBase..ctor(Single qValue) in D:\Business\Development\Konnetic\UnifySipApi\Production\Src\Konnetic Unify SIP API\Konnetic.Sip\Headers\BaseHeaderFields\QValueHeaderFieldBase.cs:line 92
   at Konnetic.Sip.Headers.QValueHeaderFieldBase..ctor() in D:\Business\Development\Konnetic\UnifySipApi\Production\Src\Konnetic Unify SIP API\Konnetic.Sip\Headers\BaseHeaderFields\QValueHeaderFieldBase.cs:line 80
   at Konnetic.Sip.Headers.AcceptEncodingHeaderField..ctor() in D:\Business\Development\Konnetic\UnifySipApi\Production\Src\Konnetic Unify SIP API\Konnetic.Sip\Headers\AcceptEncodingHeaderField.cs:line 133
 --- End of inner exception stack trace ---
    at System.RuntimeTypeHandle.CreateInstance(RuntimeType type, Boolean publicOnly, Boolean noCheck, Boolean&amp; canBeCached, RuntimeMethodHandle&amp; ctor, Boolean&amp; bNeedSecurityCheck)
   at System.Activator.CreateInstance[T]()
   at Konnetic.Sip.Headers.HeaderFieldGroup`1..ctor() in D:\Business\Development\Konnetic\UnifySipApi\Production\Src\Konnetic Unify SIP API\Konnetic.Sip\Headers\SupportTypes\HeaderFieldGroup.cs:line 160
   at Konnetic.Sip.UnitTests.HeaderFieldGroupAdapter.GetHeaderFieldTestHelper[T]() in D:\Business\Development\Konnetic\UnifySipApi\Production\Src\Konnetic Unify SIP API\Konnetic.Sip.UnitTests\HeaderFields\HeaderFieldGroupAdapter.cs:line 434
   at Konnetic.Sip.UnitTests.HeaderFieldGroupAdapter.GetHeaderField() in D:\Business\Development\Konnetic\UnifySipApi\Production\Src\Konnetic Unify SIP API\Konnetic.Sip.UnitTests\HeaderFields\HeaderFieldGroupAdapter.cs:line 401
</StackTrace>
        </ErrorInfo>
      </Output>
    </UnitTestResult>
    <UnitTestResult executionId="f1303b59-9fdf-4f06-ab84-183dc5899d59" testId="30092593-6f2a-0c9a-c9e7-7bfb523b090d" testName="HeadersTest" computerName="SERVER001" duration="00:00:00.0165218" startTime="2010-01-24T19:15:52.2238482+11:00" endTime="2010-01-24T19:15:52.2438482+11:00" testType="13cdc9d9-ddb5-4fa4-a97d-d965ccfc6d4b" outcome="Failed" testListId="8c84fa94-04c1-424b-9868-57a2d4851a1d">
      <Output>
        <ErrorInfo>
          <Message>Test method Konnetic.Sip.UnitTests.HeaderFieldGroupAdapter.HeadersTest threw exception:  System.Reflection.TargetInvocationException: Exception has been thrown by the target of an invocation. ---&gt;  System.NullReferenceException: Object reference not set to an instance of an object..</Message>
          <StackTrace>    at Konnetic.Sip.Headers.QValueHeaderFieldBase.set_QValue(Single value) in D:\Business\Development\Konnetic\UnifySipApi\Production\Src\Konnetic Unify SIP API\Konnetic.Sip\Headers\BaseHeaderFields\QValueHeaderFieldBase.cs:line 58
   at Konnetic.Sip.Headers.QValueHeaderFieldBase..ctor(Single qValue) in D:\Business\Development\Konnetic\UnifySipApi\Production\Src\Konnetic Unify SIP API\Konnetic.Sip\Headers\BaseHeaderFields\QValueHeaderFieldBase.cs:line 92
   at Konnetic.Sip.Headers.QValueHeaderFieldBase..ctor() in D:\Business\Development\Konnetic\UnifySipApi\Production\Src\Konnetic Unify SIP API\Konnetic.Sip\Headers\BaseHeaderFields\QValueHeaderFieldBase.cs:line 80
   at Konnetic.Sip.Headers.AcceptEncodingHeaderField..ctor() in D:\Business\Development\Konnetic\UnifySipApi\Production\Src\Konnetic Unify SIP API\Konnetic.Sip\Headers\AcceptEncodingHeaderField.cs:line 133
 --- End of inner exception stack trace ---
    at System.RuntimeTypeHandle.CreateInstance(RuntimeType type, Boolean publicOnly, Boolean noCheck, Boolean&amp; canBeCached, RuntimeMethodHandle&amp; ctor, Boolean&amp; bNeedSecurityCheck)
   at System.Activator.CreateInstance[T]()
   at Konnetic.Sip.Headers.HeaderFieldGroup`1..ctor() in D:\Business\Development\Konnetic\UnifySipApi\Production\Src\Konnetic Unify SIP API\Konnetic.Sip\Headers\SupportTypes\HeaderFieldGroup.cs:line 160
   at Konnetic.Sip.Headers.HeaderFieldGroup_Accessor`1..ctor()
   at Konnetic.Sip.UnitTests.HeaderFieldGroupAdapter.HeadersTestHelper[T]() in D:\Business\Development\Konnetic\UnifySipApi\Production\Src\Konnetic Unify SIP API\Konnetic.Sip.UnitTests\HeaderFields\HeaderFieldGroupAdapter.cs:line 493
   at Konnetic.Sip.UnitTests.HeaderFieldGroupAdapter.HeadersTest() in D:\Business\Development\Konnetic\UnifySipApi\Production\Src\Konnetic Unify SIP API\Konnetic.Sip.UnitTests\HeaderFields\HeaderFieldGroupAdapter.cs:line 459
</StackTrace>
        </ErrorInfo>
      </Output>
    </UnitTestResult>
    <UnitTestResult executionId="b5b17a7b-e59f-467e-8092-af9ae89c8ff5" testId="c9c91e4c-bf85-1e35-0ceb-8a3bd1b83f3b" testName="IsSynchronizedTest" computerName="SERVER001" duration="00:00:00.0042379" startTime="2010-01-24T19:15:52.2438482+11:00" endTime="2010-01-24T19:15:52.2508482+11:00" testType="13cdc9d9-ddb5-4fa4-a97d-d965ccfc6d4b" outcome="Failed" testListId="8c84fa94-04c1-424b-9868-57a2d4851a1d">
      <Output>
        <ErrorInfo>
          <Message>Test method Konnetic.Sip.UnitTests.HeaderFieldGroupAdapter.IsSynchronizedTest threw exception:  System.Reflection.TargetInvocationException: Exception has been thrown by the target of an invocation. ---&gt;  System.NullReferenceException: Object reference not set to an instance of an object..</Message>
          <StackTrace>    at Konnetic.Sip.Headers.QValueHeaderFieldBase.set_QValue(Single value) in D:\Business\Development\Konnetic\UnifySipApi\Production\Src\Konnetic Unify SIP API\Konnetic.Sip\Headers\BaseHeaderFields\QValueHeaderFieldBase.cs:line 58
   at Konnetic.Sip.Headers.QValueHeaderFieldBase..ctor(Single qValue) in D:\Business\Development\Konnetic\UnifySipApi\Production\Src\Konnetic Unify SIP API\Konnetic.Sip\Headers\BaseHeaderFields\QValueHeaderFieldBase.cs:line 92
   at Konnetic.Sip.Headers.QValueHeaderFieldBase..ctor() in D:\Business\Development\Konnetic\UnifySipApi\Production\Src\Konnetic Unify SIP API\Konnetic.Sip\Headers\BaseHeaderFields\QValueHeaderFieldBase.cs:line 80
   at Konnetic.Sip.Headers.AcceptEncodingHeaderField..ctor() in D:\Business\Development\Konnetic\UnifySipApi\Production\Src\Konnetic Unify SIP API\Konnetic.Sip\Headers\AcceptEncodingHeaderField.cs:line 133
 --- End of inner exception stack trace ---
    at System.RuntimeTypeHandle.CreateInstance(RuntimeType type, Boolean publicOnly, Boolean noCheck, Boolean&amp; canBeCached, RuntimeMethodHandle&amp; ctor, Boolean&amp; bNeedSecurityCheck)
   at System.Activator.CreateInstance[T]()
   at Konnetic.Sip.Headers.HeaderFieldGroup`1..ctor() in D:\Business\Development\Konnetic\UnifySipApi\Production\Src\Konnetic Unify SIP API\Konnetic.Sip\Headers\SupportTypes\HeaderFieldGroup.cs:line 160
   at Konnetic.Sip.UnitTests.HeaderFieldGroupAdapter.IsSynchronizedTestHelper[T]() in D:\Business\Development\Konnetic\UnifySipApi\Production\Src\Konnetic Unify SIP API\Konnetic.Sip.UnitTests\HeaderFields\HeaderFieldGroupAdapter.cs:line 562
   at Konnetic.Sip.UnitTests.HeaderFieldGroupAdapter.IsSynchronizedTest() in D:\Business\Development\Konnetic\UnifySipApi\Production\Src\Konnetic Unify SIP API\Konnetic.Sip.UnitTests\HeaderFields\HeaderFieldGroupAdapter.cs:line 529
</StackTrace>
        </ErrorInfo>
      </Output>
    </UnitTestResult>
    <UnitTestResult executionId="bd6ee8c4-d0dd-43c2-b0be-d341d8b17626" testId="c44ebc1d-f3df-c251-1233-2de0b7d449c2" testName="ItemTest" computerName="SERVER001" duration="00:00:00.0106500" startTime="2010-01-24T19:15:52.2518482+11:00" endTime="2010-01-24T19:15:52.2648482+11:00" testType="13cdc9d9-ddb5-4fa4-a97d-d965ccfc6d4b" outcome="Failed" testListId="8c84fa94-04c1-424b-9868-57a2d4851a1d">
      <Output>
        <ErrorInfo>
          <Message>Test method Konnetic.Sip.UnitTests.HeaderFieldGroupAdapter.ItemTest threw exception:  System.Reflection.TargetInvocationException: Exception has been thrown by the target of an invocation. ---&gt;  System.NullReferenceException: Object reference not set to an instance of an object..</Message>
          <StackTrace>    at Konnetic.Sip.Headers.QValueHeaderFieldBase.set_QValue(Single value) in D:\Business\Development\Konnetic\UnifySipApi\Production\Src\Konnetic Unify SIP API\Konnetic.Sip\Headers\BaseHeaderFields\QValueHeaderFieldBase.cs:line 58
   at Konnetic.Sip.Headers.QValueHeaderFieldBase..ctor(Single qValue) in D:\Business\Development\Konnetic\UnifySipApi\Production\Src\Konnetic Unify SIP API\Konnetic.Sip\Headers\BaseHeaderFields\QValueHeaderFieldBase.cs:line 92
   at Konnetic.Sip.Headers.QValueHeaderFieldBase..ctor() in D:\Business\Development\Konnetic\UnifySipApi\Production\Src\Konnetic Unify SIP API\Konnetic.Sip\Headers\BaseHeaderFields\QValueHeaderFieldBase.cs:line 80
   at Konnetic.Sip.Headers.AcceptEncodingHeaderField..ctor() in D:\Business\Development\Konnetic\UnifySipApi\Production\Src\Konnetic Unify SIP API\Konnetic.Sip\Headers\AcceptEncodingHeaderField.cs:line 133
 --- End of inner exception stack trace ---
    at System.RuntimeTypeHandle.CreateInstance(RuntimeType type, Boolean publicOnly, Boolean noCheck, Boolean&amp; canBeCached, RuntimeMethodHandle&amp; ctor, Boolean&amp; bNeedSecurityCheck)
   at System.Activator.CreateInstance[T]()
   at Konnetic.Sip.Headers.HeaderFieldGroup`1..ctor() in D:\Business\Development\Konnetic\UnifySipApi\Production\Src\Konnetic Unify SIP API\Konnetic.Sip\Headers\SupportTypes\HeaderFieldGroup.cs:line 160
   at Konnetic.Sip.UnitTests.HeaderFieldGroupAdapter.ItemTestHelper[T]() in D:\Business\Development\Konnetic\UnifySipApi\Production\Src\Konnetic Unify SIP API\Konnetic.Sip.UnitTests\HeaderFields\HeaderFieldGroupAdapter.cs:line 759
   at Konnetic.Sip.UnitTests.HeaderFieldGroupAdapter.ItemTest() in D:\Business\Development\Konnetic\UnifySipApi\Production\Src\Konnetic Unify SIP API\Konnetic.Sip.UnitTests\HeaderFields\HeaderFieldGroupAdapter.cs:line 582
</StackTrace>
        </ErrorInfo>
      </Output>
    </UnitTestResult>
    <UnitTestResult executionId="cf223f3d-a10e-4d86-b5fa-2ed18f0ccf01" testId="e9c89fff-87ec-ce57-8ec4-4a9f7ecfcdd2" testName="ItemTest1" computerName="SERVER001" duration="00:00:00.0055942" startTime="2010-01-24T19:15:52.2658482+11:00" endTime="2010-01-24T19:15:52.2758482+11:00" testType="13cdc9d9-ddb5-4fa4-a97d-d965ccfc6d4b" outcome="Failed" testListId="8c84fa94-04c1-424b-9868-57a2d4851a1d">
      <Output>
        <ErrorInfo>
          <Message>Test method Konnetic.Sip.UnitTests.HeaderFieldGroupAdapter.ItemTest1 threw exception:  System.Reflection.TargetInvocationException: Exception has been thrown by the target of an invocation. ---&gt;  System.NullReferenceException: Object reference not set to an instance of an object..</Message>
          <StackTrace>    at Konnetic.Sip.Headers.QValueHeaderFieldBase.set_QValue(Single value) in D:\Business\Development\Konnetic\UnifySipApi\Production\Src\Konnetic Unify SIP API\Konnetic.Sip\Headers\BaseHeaderFields\QValueHeaderFieldBase.cs:line 58
   at Konnetic.Sip.Headers.QValueHeaderFieldBase..ctor(Single qValue) in D:\Business\Development\Konnetic\UnifySipApi\Production\Src\Konnetic Unify SIP API\Konnetic.Sip\Headers\BaseHeaderFields\QValueHeaderFieldBase.cs:line 92
   at Konnetic.Sip.Headers.QValueHeaderFieldBase..ctor() in D:\Business\Development\Konnetic\UnifySipApi\Production\Src\Konnetic Unify SIP API\Konnetic.Sip\Headers\BaseHeaderFields\QValueHeaderFieldBase.cs:line 80
   at Konnetic.Sip.Headers.AcceptEncodingHeaderField..ctor() in D:\Business\Development\Konnetic\UnifySipApi\Production\Src\Konnetic Unify SIP API\Konnetic.Sip\Headers\AcceptEncodingHeaderField.cs:line 133
 --- End of inner exception stack trace ---
    at System.RuntimeTypeHandle.CreateInstance(RuntimeType type, Boolean publicOnly, Boolean noCheck, Boolean&amp; canBeCached, RuntimeMethodHandle&amp; ctor, Boolean&amp; bNeedSecurityCheck)
   at System.Activator.CreateInstance[T]()
   at Konnetic.Sip.Headers.HeaderFieldGroup`1..ctor() in D:\Business\Development\Konnetic\UnifySipApi\Production\Src\Konnetic Unify SIP API\Konnetic.Sip\Headers\SupportTypes\HeaderFieldGroup.cs:line 160
   at Konnetic.Sip.UnitTests.HeaderFieldGroupAdapter.ItemTest1Helper[T]() in D:\Business\Development\Konnetic\UnifySipApi\Production\Src\Konnetic Unify SIP API\Konnetic.Sip.UnitTests\HeaderFields\HeaderFieldGroupAdapter.cs:line 647
   at Konnetic.Sip.UnitTests.HeaderFieldGroupAdapter.ItemTest1() in D:\Business\Development\Konnetic\UnifySipApi\Production\Src\Konnetic Unify SIP API\Konnetic.Sip.UnitTests\HeaderFields\HeaderFieldGroupAdapter.cs:line 614
</StackTrace>
        </ErrorInfo>
      </Output>
    </UnitTestResult>
    <UnitTestResult executionId="3ffeb0d4-0c3b-4f67-a99b-0659317fbf8b" testId="8b96deb2-f131-a9b3-0f4b-293dc0d35e3f" testName="ItemTest2" computerName="SERVER001" duration="00:00:00.0101476" startTime="2010-01-24T19:15:52.2768482+11:00" endTime="2010-01-24T19:15:52.2898482+11:00" testType="13cdc9d9-ddb5-4fa4-a97d-d965ccfc6d4b" outcome="Failed" testListId="8c84fa94-04c1-424b-9868-57a2d4851a1d">
      <Output>
        <ErrorInfo>
          <Message>Test method Konnetic.Sip.UnitTests.HeaderFieldGroupAdapter.ItemTest2 threw exception:  System.Reflection.TargetInvocationException: Exception has been thrown by the target of an invocation. ---&gt;  System.NullReferenceException: Object reference not set to an instance of an object..</Message>
          <StackTrace>    at Konnetic.Sip.Headers.QValueHeaderFieldBase.set_QValue(Single value) in D:\Business\Development\Konnetic\UnifySipApi\Production\Src\Konnetic Unify SIP API\Konnetic.Sip\Headers\BaseHeaderFields\QValueHeaderFieldBase.cs:line 58
   at Konnetic.Sip.Headers.QValueHeaderFieldBase..ctor(Single qValue) in D:\Business\Development\Konnetic\UnifySipApi\Production\Src\Konnetic Unify SIP API\Konnetic.Sip\Headers\BaseHeaderFields\QValueHeaderFieldBase.cs:line 92
   at Konnetic.Sip.Headers.QValueHeaderFieldBase..ctor() in D:\Business\Development\Konnetic\UnifySipApi\Production\Src\Konnetic Unify SIP API\Konnetic.Sip\Headers\BaseHeaderFields\QValueHeaderFieldBase.cs:line 80
   at Konnetic.Sip.Headers.AcceptEncodingHeaderField..ctor() in D:\Business\Development\Konnetic\UnifySipApi\Production\Src\Konnetic Unify SIP API\Konnetic.Sip\Headers\AcceptEncodingHeaderField.cs:line 133
 --- End of inner exception stack trace ---
    at System.RuntimeTypeHandle.CreateInstance(RuntimeType type, Boolean publicOnly, Boolean noCheck, Boolean&amp; canBeCached, RuntimeMethodHandle&amp; ctor, Boolean&amp; bNeedSecurityCheck)
   at System.Activator.CreateInstance[T]()
   at Konnetic.Sip.Headers.HeaderFieldGroup`1..ctor() in D:\Business\Development\Konnetic\UnifySipApi\Production\Src\Konnetic Unify SIP API\Konnetic.Sip\Headers\SupportTypes\HeaderFieldGroup.cs:line 160
   at Konnetic.Sip.Headers.HeaderFieldGroup_Accessor`1..ctor()
   at Konnetic.Sip.UnitTests.HeaderFieldGroupAdapter.ItemTest2Helper[T]() in D:\Business\Development\Konnetic\UnifySipApi\Production\Src\Konnetic Unify SIP API\Konnetic.Sip.UnitTests\HeaderFields\HeaderFieldGroupAdapter.cs:line 722
   at Konnetic.Sip.UnitTests.HeaderFieldGroupAdapter.ItemTest2() in D:\Business\Development\Konnetic\UnifySipApi\Production\Src\Konnetic Unify SIP API\Konnetic.Sip.UnitTests\HeaderFields\HeaderFieldGroupAdapter.cs:line 688
</StackTrace>
        </ErrorInfo>
      </Output>
    </UnitTestResult>
    <UnitTestResult executionId="fccf6247-3c55-49cc-8872-4c93f9cdfd69" testId="b98d3f84-e9c1-949e-6a89-52af533cabdc" testName="RemoveAtTest" computerName="SERVER001" duration="00:00:00.0054257" startTime="2010-01-24T19:15:52.2898482+11:00" endTime="2010-01-24T19:15:52.2978482+11:00" testType="13cdc9d9-ddb5-4fa4-a97d-d965ccfc6d4b" outcome="Failed" testListId="8c84fa94-04c1-424b-9868-57a2d4851a1d">
      <Output>
        <ErrorInfo>
          <Message>Test method Konnetic.Sip.UnitTests.HeaderFieldGroupAdapter.RemoveAtTest threw exception:  System.Reflection.TargetInvocationException: Exception has been thrown by the target of an invocation. ---&gt;  System.NullReferenceException: Object reference not set to an instance of an object..</Message>
          <StackTrace>    at Konnetic.Sip.Headers.QValueHeaderFieldBase.set_QValue(Single value) in D:\Business\Development\Konnetic\UnifySipApi\Production\Src\Konnetic Unify SIP API\Konnetic.Sip\Headers\BaseHeaderFields\QValueHeaderFieldBase.cs:line 58
   at Konnetic.Sip.Headers.QValueHeaderFieldBase..ctor(Single qValue) in D:\Business\Development\Konnetic\UnifySipApi\Production\Src\Konnetic Unify SIP API\Konnetic.Sip\Headers\BaseHeaderFields\QValueHeaderFieldBase.cs:line 92
   at Konnetic.Sip.Headers.QValueHeaderFieldBase..ctor() in D:\Business\Development\Konnetic\UnifySipApi\Production\Src\Konnetic Unify SIP API\Konnetic.Sip\Headers\BaseHeaderFields\QValueHeaderFieldBase.cs:line 80
   at Konnetic.Sip.Headers.AcceptEncodingHeaderField..ctor() in D:\Business\Development\Konnetic\UnifySipApi\Production\Src\Konnetic Unify SIP API\Konnetic.Sip\Headers\AcceptEncodingHeaderField.cs:line 133
 --- End of inner exception stack trace ---
    at System.RuntimeTypeHandle.CreateInstance(RuntimeType type, Boolean publicOnly, Boolean noCheck, Boolean&amp; canBeCached, RuntimeMethodHandle&amp; ctor, Boolean&amp; bNeedSecurityCheck)
   at System.Activator.CreateInstance[T]()
   at Konnetic.Sip.Headers.HeaderFieldGroup`1..ctor() in D:\Business\Development\Konnetic\UnifySipApi\Production\Src\Konnetic Unify SIP API\Konnetic.Sip\Headers\SupportTypes\HeaderFieldGroup.cs:line 160
   at Konnetic.Sip.UnitTests.HeaderFieldGroupAdapter.RemoveAtTestHelper[T]() in D:\Business\Development\Konnetic\UnifySipApi\Production\Src\Konnetic Unify SIP API\Konnetic.Sip.UnitTests\HeaderFields\HeaderFieldGroupAdapter.cs:line 831
   at Konnetic.Sip.UnitTests.HeaderFieldGroupAdapter.RemoveAtTest() in D:\Business\Development\Konnetic\UnifySipApi\Production\Src\Konnetic Unify SIP API\Konnetic.Sip.UnitTests\HeaderFields\HeaderFieldGroupAdapter.cs:line 797
</StackTrace>
        </ErrorInfo>
      </Output>
    </UnitTestResult>
    <UnitTestResult executionId="8167649a-3c5d-4651-8260-e76be30e334f" testId="180b0b81-6f27-f10f-e3c0-13ae1de12742" testName="SeperatorTest" computerName="SERVER001" duration="00:00:00.0084855" startTime="2010-01-24T19:15:52.2988482+11:00" endTime="2010-01-24T19:15:52.3108482+11:00" testType="13cdc9d9-ddb5-4fa4-a97d-d965ccfc6d4b" outcome="Failed" testListId="8c84fa94-04c1-424b-9868-57a2d4851a1d">
      <Output>
        <ErrorInfo>
          <Message>Test method Konnetic.Sip.UnitTests.HeaderFieldGroupAdapter.SeperatorTest threw exception:  System.Reflection.TargetInvocationException: Exception has been thrown by the target of an invocation. ---&gt;  System.NullReferenceException: Object reference not set to an instance of an object..</Message>
          <StackTrace>    at Konnetic.Sip.Headers.QValueHeaderFieldBase.set_QValue(Single value) in D:\Business\Development\Konnetic\UnifySipApi\Production\Src\Konnetic Unify SIP API\Konnetic.Sip\Headers\BaseHeaderFields\QValueHeaderFieldBase.cs:line 58
   at Konnetic.Sip.Headers.QValueHeaderFieldBase..ctor(Single qValue) in D:\Business\Development\Konnetic\UnifySipApi\Production\Src\Konnetic Unify SIP API\Konnetic.Sip\Headers\BaseHeaderFields\QValueHeaderFieldBase.cs:line 92
   at Konnetic.Sip.Headers.QValueHeaderFieldBase..ctor() in D:\Business\Development\Konnetic\UnifySipApi\Production\Src\Konnetic Unify SIP API\Konnetic.Sip\Headers\BaseHeaderFields\QValueHeaderFieldBase.cs:line 80
   at Konnetic.Sip.Headers.AcceptEncodingHeaderField..ctor() in D:\Business\Development\Konnetic\UnifySipApi\Production\Src\Konnetic Unify SIP API\Konnetic.Sip\Headers\AcceptEncodingHeaderField.cs:line 133
 --- End of inner exception stack trace ---
    at System.RuntimeTypeHandle.CreateInstance(RuntimeType type, Boolean publicOnly, Boolean noCheck, Boolean&amp; canBeCached, RuntimeMethodHandle&amp; ctor, Boolean&amp; bNeedSecurityCheck)
   at System.Activator.CreateInstance[T]()
   at Konnetic.Sip.Headers.HeaderFieldGroup`1..ctor() in D:\Business\Development\Konnetic\UnifySipApi\Production\Src\Konnetic Unify SIP API\Konnetic.Sip\Headers\SupportTypes\HeaderFieldGroup.cs:line 160
   at Konnetic.Sip.Headers.HeaderFieldGroup_Accessor`1..ctor()
   at Konnetic.Sip.UnitTests.HeaderFieldGroupAdapter.SeperatorTestHelper[T]() in D:\Business\Development\Konnetic\UnifySipApi\Production\Src\Konnetic Unify SIP API\Konnetic.Sip.UnitTests\HeaderFields\HeaderFieldGroupAdapter.cs:line 892
   at Konnetic.Sip.UnitTests.HeaderFieldGroupAdapter.SeperatorTest() in D:\Business\Development\Konnetic\UnifySipApi\Production\Src\Konnetic Unify SIP API\Konnetic.Sip.UnitTests\HeaderFields\HeaderFieldGroupAdapter.cs:line 858
</StackTrace>
        </ErrorInfo>
      </Output>
    </UnitTestResult>
    <UnitTestResult executionId="35de8b23-a903-4c17-a3f8-e9eb68d6d1be" testId="bffd8ebe-fad0-4a52-3ae3-b773805b5659" testName="SetTest" computerName="SERVER001" duration="00:00:00.0024014" startTime="2010-01-24T19:15:52.3108482+11:00" endTime="2010-01-24T19:15:52.3168482+11:00" testType="13cdc9d9-ddb5-4fa4-a97d-d965ccfc6d4b" outcome="Failed" testListId="8c84fa94-04c1-424b-9868-57a2d4851a1d">
      <Output>
        <ErrorInfo>
          <Message>Test method Konnetic.Sip.UnitTests.HeaderFieldGroupAdapter.SetTest threw exception:  System.Reflection.TargetInvocationException: Exception has been thrown by the target of an invocation. ---&gt;  System.NullReferenceException: Object reference not set to an instance of an object..</Message>
          <StackTrace>    at Konnetic.Sip.Headers.QValueHeaderFieldBase.set_QValue(Single value) in D:\Business\Development\Konnetic\UnifySipApi\Production\Src\Konnetic Unify SIP API\Konnetic.Sip\Headers\BaseHeaderFields\QValueHeaderFieldBase.cs:line 58
   at Konnetic.Sip.Headers.QValueHeaderFieldBase..ctor(Single qValue) in D:\Business\Development\Konnetic\UnifySipApi\Production\Src\Konnetic Unify SIP API\Konnetic.Sip\Headers\BaseHeaderFields\QValueHeaderFieldBase.cs:line 92
   at Konnetic.Sip.Headers.QValueHeaderFieldBase..ctor() in D:\Business\Development\Konnetic\UnifySipApi\Production\Src\Konnetic Unify SIP API\Konnetic.Sip\Headers\BaseHeaderFields\QValueHeaderFieldBase.cs:line 80
   at Konnetic.Sip.Headers.AcceptLanguageHeaderField..ctor(String languageRange) in D:\Business\Development\Konnetic\UnifySipApi\Production\Src\Konnetic Unify SIP API\Konnetic.Sip\Headers\AcceptLanguageHeaderField.cs:line 136
   at Konnetic.Sip.Headers.AcceptLanguageHeaderField..ctor() in D:\Business\Development\Konnetic\UnifySipApi\Production\Src\Konnetic Unify SIP API\Konnetic.Sip\Headers\AcceptLanguageHeaderField.cs:line 127
 --- End of inner exception stack trace ---
    at System.RuntimeTypeHandle.CreateInstance(RuntimeType type, Boolean publicOnly, Boolean noCheck, Boolean&amp; canBeCached, RuntimeMethodHandle&amp; ctor, Boolean&amp; bNeedSecurityCheck)
   at System.Activator.CreateInstance[T]()
   at Konnetic.Sip.Headers.HeaderFieldGroup`1..ctor() in D:\Business\Development\Konnetic\UnifySipApi\Production\Src\Konnetic Unify SIP API\Konnetic.Sip\Headers\SupportTypes\HeaderFieldGroup.cs:line 160
   at Konnetic.Sip.UnitTests.HeaderFieldGroupAdapter.SetTest() in D:\Business\Development\Konnetic\UnifySipApi\Production\Src\Konnetic Unify SIP API\Konnetic.Sip.UnitTests\HeaderFields\HeaderFieldGroupAdapter.cs:line 924
</StackTrace>
        </ErrorInfo>
      </Output>
    </UnitTestResult>
    <UnitTestResult executionId="5ec8cefc-a882-4f28-86e0-d53f1ae3ca03" testId="0fb7b682-6dbf-7e3a-54f4-9d7a4eca0b27" testName="EqualsTest" computerName="SERVER001" duration="00:00:00.0009455" startTime="2010-01-24T19:15:52.3178482+11:00" endTime="2010-01-24T19:15:52.3208482+11:00" testType="13cdc9d9-ddb5-4fa4-a97d-d965ccfc6d4b" outcome="Passed" testListId="8c84fa94-04c1-424b-9868-57a2d4851a1d">
      <Output>
      </Output>
    </UnitTestResult>
    <UnitTestResult executionId="bb4a6597-8f3e-4114-914f-e5338eae34fb" testId="45c9bb0f-b348-2aee-2307-2fc6b54e3dfd" testName="GetStringValueTest" computerName="SERVER001" duration="00:00:00.0004872" startTime="2010-01-24T19:15:52.3218482+11:00" endTime="2010-01-24T19:15:52.3258482+11:00" testType="13cdc9d9-ddb5-4fa4-a97d-d965ccfc6d4b" outcome="Passed" testListId="8c84fa94-04c1-424b-9868-57a2d4851a1d">
      <Output>
      </Output>
    </UnitTestResult>
    <UnitTestResult executionId="80b3d43b-9b2a-4b16-bed3-95f683cadbb1" testId="9a9add79-fb2d-e1d7-5ece-8ea15ba85a0b" testName="HttpUriTest" computerName="SERVER001" duration="00:00:00.0005625" startTime="2010-01-24T19:15:52.3258482+11:00" endTime="2010-01-24T19:15:52.3298482+11:00" testType="13cdc9d9-ddb5-4fa4-a97d-d965ccfc6d4b" outcome="Passed" testListId="8c84fa94-04c1-424b-9868-57a2d4851a1d">
      <Output>
      </Output>
    </UnitTestResult>
    <UnitTestResult executionId="98e961b7-956e-48c3-a89f-71fa78ce4936" testId="9f5e96d9-f594-a650-a56d-ab9e9bd8ee43" testName="HttpUriTesta" computerName="SERVER001" duration="00:00:00.0009138" startTime="2010-01-24T19:15:52.3308482+11:00" endTime="2010-01-24T19:15:52.3338482+11:00" testType="13cdc9d9-ddb5-4fa4-a97d-d965ccfc6d4b" outcome="Passed" testListId="8c84fa94-04c1-424b-9868-57a2d4851a1d">
      <Output>
      </Output>
    </UnitTestResult>
    <UnitTestResult executionId="1fd236db-ffdd-4f42-89a5-519270d04e28" testId="6da2a228-e8ae-8d22-6fed-3bc9bc60dab4" testName="IsValidTest" computerName="SERVER001" duration="00:00:00.0023885" startTime="2010-01-24T19:15:52.3348482+11:00" endTime="2010-01-24T19:15:52.3398482+11:00" testType="13cdc9d9-ddb5-4fa4-a97d-d965ccfc6d4b" outcome="Failed" testListId="8c84fa94-04c1-424b-9868-57a2d4851a1d">
      <Output>
        <ErrorInfo>
          <Message>Test method Konnetic.Sip.UnitTests.HttpUriHeaderFieldAdapter.IsValidTest threw exception:  System.NullReferenceException: Object reference not set to an instance of an object..</Message>
          <StackTrace>    at Konnetic.Sip.Headers.ParamatizedHeaderFieldBase.get_HasParameters() in D:\Business\Development\Konnetic\UnifySipApi\Production\Src\Konnetic Unify SIP API\Konnetic.Sip\Headers\BaseHeaderFields\ParamatizedHeaderFieldBase.cs:line 43
   at Konnetic.Sip.Headers.ParamatizedHeaderFieldBase.IsValid() in D:\Business\Development\Konnetic\UnifySipApi\Production\Src\Konnetic Unify SIP API\Konnetic.Sip\Headers\BaseHeaderFields\ParamatizedHeaderFieldBase.cs:line 202
   at Konnetic.Sip.Headers.AbsoluteUriHeaderFieldBase.IsValid() in D:\Business\Development\Konnetic\UnifySipApi\Production\Src\Konnetic Unify SIP API\Konnetic.Sip\Headers\BaseHeaderFields\AbsoluteUriHeaderFieldBase.cs:line 233
   at Konnetic.Sip.UnitTests.HttpUriHeaderFieldAdapter.IsValidTest() in D:\Business\Development\Konnetic\UnifySipApi\Production\Src\Konnetic Unify SIP API\Konnetic.Sip.UnitTests\HeaderFields\HttpUriHeaderFieldAdapter.cs:line 95
</StackTrace>
        </ErrorInfo>
      </Output>
    </UnitTestResult>
    <UnitTestResult executionId="0032a3e1-e7db-4d89-8290-ab335f04c580" testId="b6e4a849-0571-be78-9ea0-6195a9ed6136" testName="ParseTest" computerName="SERVER001" duration="00:00:00.0308592" startTime="2010-01-24T19:15:52.3398482+11:00" endTime="2010-01-24T19:15:52.3738482+11:00" testType="13cdc9d9-ddb5-4fa4-a97d-d965ccfc6d4b" outcome="Failed" testListId="8c84fa94-04c1-424b-9868-57a2d4851a1d">
      <Output>
        <ErrorInfo>
          <Message>Test method Konnetic.Sip.UnitTests.HttpUriHeaderFieldAdapter.ParseTest threw exception:  System.NullReferenceException: Object reference not set to an instance of an object..</Message>
          <StackTrace>    at Konnetic.Sip.Headers.ParamatizedHeaderFieldBase.Parse(String value) in D:\Business\Development\Konnetic\UnifySipApi\Production\Src\Konnetic Unify SIP API\Konnetic.Sip\Headers\BaseHeaderFields\ParamatizedHeaderFieldBase.cs:line 221
   at Konnetic.Sip.Headers.AbsoluteUriHeaderFieldBase.Parse(String value) in D:\Business\Development\Konnetic\UnifySipApi\Production\Src\Konnetic Unify SIP API\Konnetic.Sip\Headers\BaseHeaderFields\AbsoluteUriHeaderFieldBase.cs:line 289
   at Konnetic.Sip.Headers.AlertInfoHeaderField.Parse(String value) in D:\Business\Development\Konnetic\UnifySipApi\Production\Src\Konnetic Unify SIP API\Konnetic.Sip\Headers\AlertInfoHeaderField.cs:line 204
   at Konnetic.Sip.UnitTests.HttpUriHeaderFieldAdapter.ParseTest() in D:\Business\Development\Konnetic\UnifySipApi\Production\Src\Konnetic Unify SIP API\Konnetic.Sip.UnitTests\HeaderFields\HttpUriHeaderFieldAdapter.cs:line 112
</StackTrace>
        </ErrorInfo>
      </Output>
    </UnitTestResult>
    <UnitTestResult executionId="d750d100-80d2-4652-995e-98e616cf2bcd" testId="f317f6b6-ce74-2457-46a7-a6fb07a891c8" testName="EqualsTest" computerName="SERVER001" duration="00:00:00.0014193" startTime="2010-01-24T19:15:52.3748482+11:00" endTime="2010-01-24T19:15:52.3798482+11:00" testType="13cdc9d9-ddb5-4fa4-a97d-d965ccfc6d4b" outcome="Passed" testListId="8c84fa94-04c1-424b-9868-57a2d4851a1d">
      <Output>
      </Output>
    </UnitTestResult>
    <UnitTestResult executionId="b8c54443-8b2f-4203-ba5a-e42e8c18f933" testId="99b74081-c859-1454-2fd3-b7f0ea4de95a" testName="InReplyToHeaderFieldConstructorTest" computerName="SERVER001" duration="00:00:00.0008658" startTime="2010-01-24T19:15:52.3798482+11:00" endTime="2010-01-24T19:15:52.3838482+11:00" testType="13cdc9d9-ddb5-4fa4-a97d-d965ccfc6d4b" outcome="Passed" testListId="8c84fa94-04c1-424b-9868-57a2d4851a1d">
      <Output>
      </Output>
    </UnitTestResult>
    <UnitTestResult executionId="0b4e27ae-b8ba-46d1-a560-1c94da53029e" testId="55b6e5be-ea09-a222-e73a-ba91e368a1ea" testName="InReplyToHeaderFieldConstructorTest1" computerName="SERVER001" duration="00:00:00.0004738" startTime="2010-01-24T19:15:52.3848482+11:00" endTime="2010-01-24T19:15:52.3868482+11:00" testType="13cdc9d9-ddb5-4fa4-a97d-d965ccfc6d4b" outcome="Passed" testListId="8c84fa94-04c1-424b-9868-57a2d4851a1d">
      <Output>
      </Output>
    </UnitTestResult>
    <UnitTestResult executionId="7e0fab39-d303-42df-8550-1b92679db208" testId="0fe1b9ed-be49-d374-beb1-1c704fd8fd91" testName="InReplyToHeaderFieldConstructorTesta" computerName="SERVER001" duration="00:00:00.0018126" startTime="2010-01-24T19:15:52.3878482+11:00" endTime="2010-01-24T19:15:52.3918482+11:00" testType="13cdc9d9-ddb5-4fa4-a97d-d965ccfc6d4b" outcome="Passed" testListId="8c84fa94-04c1-424b-9868-57a2d4851a1d">
      <Output>
      </Output>
    </UnitTestResult>
    <UnitTestResult executionId="6113c42e-af58-4ea3-9527-d3243c6452be" testId="da130122-ea4b-0eb5-37fa-60acf4e67a4f" testName="ParseTest" computerName="SERVER001" duration="00:00:00.0782290" startTime="2010-01-24T19:15:52.3928482+11:00" endTime="2010-01-24T19:15:52.4738482+11:00" testType="13cdc9d9-ddb5-4fa4-a97d-d965ccfc6d4b" outcome="Passed" testListId="8c84fa94-04c1-424b-9868-57a2d4851a1d">
      <Output>
      </Output>
    </UnitTestResult>
    <UnitTestResult executionId="701ffdfe-1c81-448b-a800-65bf7120c039" testId="627e898b-3f51-5815-be77-e43db4fdb009" testName="AddHeaderTest1" computerName="SERVER001" duration="00:00:00.0002876" startTime="2010-01-24T19:15:52.4738482+11:00" endTime="2010-01-24T19:15:52.4778482+11:00" testType="13cdc9d9-ddb5-4fa4-a97d-d965ccfc6d4b" outcome="Passed" testListId="8c84fa94-04c1-424b-9868-57a2d4851a1d">
      <Output>
      </Output>
    </UnitTestResult>
    <UnitTestResult executionId="c753d308-0dcc-4e96-a9cf-f94c5ab6a30a" testId="52a0354e-355b-71d0-7b4b-a411115c239c" testName="BodyTest" computerName="SERVER001" duration="00:00:00.0090421" startTime="2010-01-24T19:15:52.4788482+11:00" endTime="2010-01-24T19:15:52.4908482+11:00" testType="13cdc9d9-ddb5-4fa4-a97d-d965ccfc6d4b" outcome="Failed" testListId="8c84fa94-04c1-424b-9868-57a2d4851a1d">
      <Output>
        <ErrorInfo>
          <Message>Test method Konnetic.Sip.UnitTests.InviteAdapter.BodyTest threw exception:  System.Reflection.TargetInvocationException: Exception has been thrown by the target of an invocation. ---&gt;  System.NullReferenceException: Object reference not set to an instance of an object..</Message>
          <StackTrace>    at Konnetic.Sip.Headers.ViaHeaderField.set_Branch(String value) in D:\Business\Development\Konnetic\UnifySipApi\Production\Src\Konnetic Unify SIP API\Konnetic.Sip\Headers\ViaHeaderField.cs:line 138
   at Konnetic.Sip.Headers.ViaHeaderField..ctor(String branch) in D:\Business\Development\Konnetic\UnifySipApi\Production\Src\Konnetic Unify SIP API\Konnetic.Sip\Headers\ViaHeaderField.cs:line 349
   at Konnetic.Sip.Headers.ViaHeaderField..ctor() in D:\Business\Development\Konnetic\UnifySipApi\Production\Src\Konnetic Unify SIP API\Konnetic.Sip\Headers\ViaHeaderField.cs:line 332
 --- End of inner exception stack trace ---
    at System.RuntimeTypeHandle.CreateInstance(RuntimeType type, Boolean publicOnly, Boolean noCheck, Boolean&amp; canBeCached, RuntimeMethodHandle&amp; ctor, Boolean&amp; bNeedSecurityCheck)
   at System.Activator.CreateInstance[T]()
   at Konnetic.Sip.Headers.HeaderFieldGroup`1..ctor() in D:\Business\Development\Konnetic\UnifySipApi\Production\Src\Konnetic Unify SIP API\Konnetic.Sip\Headers\SupportTypes\HeaderFieldGroup.cs:line 160
   at Konnetic.Sip.Messages.Request.CreateHeader() in D:\Business\Development\Konnetic\UnifySipApi\Production\Src\Konnetic Unify SIP API\Konnetic.Sip\Messages\Request.cs:line 266
   at Konnetic.Sip.Messages.Invite.CreateHeader() in D:\Business\Development\Konnetic\UnifySipApi\Production\Src\Konnetic Unify SIP API\Konnetic.Sip\Messages\Invite.cs:line 164
   at Konnetic.Sip.Messages.Request..ctor() in D:\Business\Development\Konnetic\UnifySipApi\Production\Src\Konnetic Unify SIP API\Konnetic.Sip\Messages\Request.cs:line 189
   at Konnetic.Sip.Messages.Invite..ctor() in D:\Business\Development\Konnetic\UnifySipApi\Production\Src\Konnetic Unify SIP API\Konnetic.Sip\Messages\Invite.cs:line 95
   at Konnetic.Sip.Messages.Invite..ctor(SipUri to) in D:\Business\Development\Konnetic\UnifySipApi\Production\Src\Konnetic Unify SIP API\Konnetic.Sip\Messages\Invite.cs:line 110
   at Konnetic.Sip.Messages.Invite..ctor(SipUri to, SipUri from) in D:\Business\Development\Konnetic\UnifySipApi\Production\Src\Konnetic Unify SIP API\Konnetic.Sip\Messages\Invite.cs:line 131
   at Konnetic.Sip.UnitTests.InviteAdapter.BodyTest() in D:\Business\Development\Konnetic\UnifySipApi\Production\Src\Konnetic Unify SIP API\Konnetic.Sip.UnitTests\InviteAdapter.cs:line 87
</StackTrace>
        </ErrorInfo>
      </Output>
    </UnitTestResult>
    <UnitTestResult executionId="22308533-c482-45d5-8516-260874cf3a83" testId="476523d4-b8cd-6990-9a73-441f396672eb" testName="CallIDTest" computerName="SERVER001" duration="00:00:00.0024707" startTime="2010-01-24T19:15:52.4908482+11:00" endTime="2010-01-24T19:15:52.4958482+11:00" testType="13cdc9d9-ddb5-4fa4-a97d-d965ccfc6d4b" outcome="Failed" testListId="8c84fa94-04c1-424b-9868-57a2d4851a1d">
      <Output>
        <ErrorInfo>
          <Message>Test method Konnetic.Sip.UnitTests.InviteAdapter.CallIDTest threw exception:  System.Reflection.TargetInvocationException: Exception has been thrown by the target of an invocation. ---&gt;  System.NullReferenceException: Object reference not set to an instance of an object..</Message>
          <StackTrace>    at Konnetic.Sip.Headers.ViaHeaderField.set_Branch(String value) in D:\Business\Development\Konnetic\UnifySipApi\Production\Src\Konnetic Unify SIP API\Konnetic.Sip\Headers\ViaHeaderField.cs:line 138
   at Konnetic.Sip.Headers.ViaHeaderField..ctor(String branch) in D:\Business\Development\Konnetic\UnifySipApi\Production\Src\Konnetic Unify SIP API\Konnetic.Sip\Headers\ViaHeaderField.cs:line 349
   at Konnetic.Sip.Headers.ViaHeaderField..ctor() in D:\Business\Development\Konnetic\UnifySipApi\Production\Src\Konnetic Unify SIP API\Konnetic.Sip\Headers\ViaHeaderField.cs:line 332
 --- End of inner exception stack trace ---
    at System.RuntimeTypeHandle.CreateInstance(RuntimeType type, Boolean publicOnly, Boolean noCheck, Boolean&amp; canBeCached, RuntimeMethodHandle&amp; ctor, Boolean&amp; bNeedSecurityCheck)
   at System.Activator.CreateInstance[T]()
   at Konnetic.Sip.Headers.HeaderFieldGroup`1..ctor() in D:\Business\Development\Konnetic\UnifySipApi\Production\Src\Konnetic Unify SIP API\Konnetic.Sip\Headers\SupportTypes\HeaderFieldGroup.cs:line 160
   at Konnetic.Sip.Messages.Request.CreateHeader() in D:\Business\Development\Konnetic\UnifySipApi\Production\Src\Konnetic Unify SIP API\Konnetic.Sip\Messages\Request.cs:line 266
   at Konnetic.Sip.Messages.Invite.CreateHeader() in D:\Business\Development\Konnetic\UnifySipApi\Production\Src\Konnetic Unify SIP API\Konnetic.Sip\Messages\Invite.cs:line 164
   at Konnetic.Sip.Messages.Request..ctor() in D:\Business\Development\Konnetic\UnifySipApi\Production\Src\Konnetic Unify SIP API\Konnetic.Sip\Messages\Request.cs:line 189
   at Konnetic.Sip.Messages.Invite..ctor() in D:\Business\Development\Konnetic\UnifySipApi\Production\Src\Konnetic Unify SIP API\Konnetic.Sip\Messages\Invite.cs:line 95
   at Konnetic.Sip.Messages.Invite..ctor(SipUri to) in D:\Business\Development\Konnetic\UnifySipApi\Production\Src\Konnetic Unify SIP API\Konnetic.Sip\Messages\Invite.cs:line 110
   at Konnetic.Sip.Messages.Invite..ctor(SipUri to, SipUri from) in D:\Business\Development\Konnetic\UnifySipApi\Production\Src\Konnetic Unify SIP API\Konnetic.Sip\Messages\Invite.cs:line 131
   at Konnetic.Sip.UnitTests.InviteAdapter.CallIDTest() in D:\Business\Development\Konnetic\UnifySipApi\Production\Src\Konnetic Unify SIP API\Konnetic.Sip.UnitTests\InviteAdapter.cs:line 103
</StackTrace>
        </ErrorInfo>
      </Output>
    </UnitTestResult>
    <UnitTestResult executionId="dcf5edbe-165e-4a21-9c23-d1ad1913b47f" testId="0f243024-b17e-deb1-2702-c5790a5aa3a0" testName="FindTest" computerName="SERVER001" duration="00:00:00.0056110" startTime="2010-01-24T19:15:52.4968482+11:00" endTime="2010-01-24T19:15:52.5048482+11:00" testType="13cdc9d9-ddb5-4fa4-a97d-d965ccfc6d4b" outcome="Failed" testListId="8c84fa94-04c1-424b-9868-57a2d4851a1d">
      <Output>
        <ErrorInfo>
          <Message>Test method Konnetic.Sip.UnitTests.InviteAdapter.FindTest threw exception:  System.Reflection.TargetInvocationException: Exception has been thrown by the target of an invocation. ---&gt;  System.NullReferenceException: Object reference not set to an instance of an object..</Message>
          <StackTrace>    at Konnetic.Sip.Headers.ViaHeaderField.set_Branch(String value) in D:\Business\Development\Konnetic\UnifySipApi\Production\Src\Konnetic Unify SIP API\Konnetic.Sip\Headers\ViaHeaderField.cs:line 138
   at Konnetic.Sip.Headers.ViaHeaderField..ctor(String branch) in D:\Business\Development\Konnetic\UnifySipApi\Production\Src\Konnetic Unify SIP API\Konnetic.Sip\Headers\ViaHeaderField.cs:line 349
   at Konnetic.Sip.Headers.ViaHeaderField..ctor() in D:\Business\Development\Konnetic\UnifySipApi\Production\Src\Konnetic Unify SIP API\Konnetic.Sip\Headers\ViaHeaderField.cs:line 332
 --- End of inner exception stack trace ---
    at System.RuntimeTypeHandle.CreateInstance(RuntimeType type, Boolean publicOnly, Boolean noCheck, Boolean&amp; canBeCached, RuntimeMethodHandle&amp; ctor, Boolean&amp; bNeedSecurityCheck)
   at System.Activator.CreateInstance[T]()
   at Konnetic.Sip.Headers.HeaderFieldGroup`1..ctor() in D:\Business\Development\Konnetic\UnifySipApi\Production\Src\Konnetic Unify SIP API\Konnetic.Sip\Headers\SupportTypes\HeaderFieldGroup.cs:line 160
   at Konnetic.Sip.Messages.Request.CreateHeader() in D:\Business\Development\Konnetic\UnifySipApi\Production\Src\Konnetic Unify SIP API\Konnetic.Sip\Messages\Request.cs:line 266
   at Konnetic.Sip.Messages.Invite.CreateHeader() in D:\Business\Development\Konnetic\UnifySipApi\Production\Src\Konnetic Unify SIP API\Konnetic.Sip\Messages\Invite.cs:line 164
   at Konnetic.Sip.Messages.Request..ctor() in D:\Business\Development\Konnetic\UnifySipApi\Production\Src\Konnetic Unify SIP API\Konnetic.Sip\Messages\Request.cs:line 189
   at Konnetic.Sip.Messages.Invite..ctor() in D:\Business\Development\Konnetic\UnifySipApi\Production\Src\Konnetic Unify SIP API\Konnetic.Sip\Messages\Invite.cs:line 95
   at Konnetic.Sip.Messages.Invite..ctor(SipUri to) in D:\Business\Development\Konnetic\UnifySipApi\Production\Src\Konnetic Unify SIP API\Konnetic.Sip\Messages\Invite.cs:line 110
   at Konnetic.Sip.Messages.Invite_Accessor..ctor(SipUri to)
   at Konnetic.Sip.UnitTests.InviteAdapter.FindTest() in D:\Business\Development\Konnetic\UnifySipApi\Production\Src\Konnetic Unify SIP API\Konnetic.Sip.UnitTests\InviteAdapter.cs:line 118
</StackTrace>
        </ErrorInfo>
      </Output>
    </UnitTestResult>
    <UnitTestResult executionId="5f0c23a1-6c72-499c-9cf8-86b54409b60f" testId="4bb2064b-f902-4142-92c2-800bfd203daa" testName="FindValueTest" computerName="SERVER001" duration="00:00:00.0035917" startTime="2010-01-24T19:15:52.5058482+11:00" endTime="2010-01-24T19:15:52.5118482+11:00" testType="13cdc9d9-ddb5-4fa4-a97d-d965ccfc6d4b" outcome="Failed" testListId="8c84fa94-04c1-424b-9868-57a2d4851a1d">
      <Output>
        <ErrorInfo>
          <Message>Test method Konnetic.Sip.UnitTests.InviteAdapter.FindValueTest threw exception:  System.Reflection.TargetInvocationException: Exception has been thrown by the target of an invocation. ---&gt;  System.NullReferenceException: Object reference not set to an instance of an object..</Message>
          <StackTrace>    at Konnetic.Sip.Headers.ViaHeaderField.set_Branch(String value) in D:\Business\Development\Konnetic\UnifySipApi\Production\Src\Konnetic Unify SIP API\Konnetic.Sip\Headers\ViaHeaderField.cs:line 138
   at Konnetic.Sip.Headers.ViaHeaderField..ctor(String branch) in D:\Business\Development\Konnetic\UnifySipApi\Production\Src\Konnetic Unify SIP API\Konnetic.Sip\Headers\ViaHeaderField.cs:line 349
   at Konnetic.Sip.Headers.ViaHeaderField..ctor() in D:\Business\Development\Konnetic\UnifySipApi\Production\Src\Konnetic Unify SIP API\Konnetic.Sip\Headers\ViaHeaderField.cs:line 332
 --- End of inner exception stack trace ---
    at System.RuntimeTypeHandle.CreateInstance(RuntimeType type, Boolean publicOnly, Boolean noCheck, Boolean&amp; canBeCached, RuntimeMethodHandle&amp; ctor, Boolean&amp; bNeedSecurityCheck)
   at System.Activator.CreateInstance[T]()
   at Konnetic.Sip.Headers.HeaderFieldGroup`1..ctor() in D:\Business\Development\Konnetic\UnifySipApi\Production\Src\Konnetic Unify SIP API\Konnetic.Sip\Headers\SupportTypes\HeaderFieldGroup.cs:line 160
   at Konnetic.Sip.Messages.Request.CreateHeader() in D:\Business\Development\Konnetic\UnifySipApi\Production\Src\Konnetic Unify SIP API\Konnetic.Sip\Messages\Request.cs:line 266
   at Konnetic.Sip.Messages.Invite.CreateHeader() in D:\Business\Development\Konnetic\UnifySipApi\Production\Src\Konnetic Unify SIP API\Konnetic.Sip\Messages\Invite.cs:line 164
   at Konnetic.Sip.Messages.Request..ctor() in D:\Business\Development\Konnetic\UnifySipApi\Production\Src\Konnetic Unify SIP API\Konnetic.Sip\Messages\Request.cs:line 189
   at Konnetic.Sip.Messages.Invite..ctor() in D:\Business\Development\Konnetic\UnifySipApi\Production\Src\Konnetic Unify SIP API\Konnetic.Sip\Messages\Invite.cs:line 95
   at Konnetic.Sip.Messages.Invite..ctor(SipUri to) in D:\Business\Development\Konnetic\UnifySipApi\Production\Src\Konnetic Unify SIP API\Konnetic.Sip\Messages\Invite.cs:line 110
   at Konnetic.Sip.Messages.Invite..ctor(SipUri to, SipUri from) in D:\Business\Development\Konnetic\UnifySipApi\Production\Src\Konnetic Unify SIP API\Konnetic.Sip\Messages\Invite.cs:line 131
   at Konnetic.Sip.Messages.Invite_Accessor..ctor(SipUri to, SipUri from)
   at Konnetic.Sip.UnitTests.InviteAdapter.FindValueTest() in D:\Business\Development\Konnetic\UnifySipApi\Production\Src\Konnetic Unify SIP API\Konnetic.Sip.UnitTests\InviteAdapter.cs:line 139
</StackTrace>
        </ErrorInfo>
      </Output>
    </UnitTestResult>
    <UnitTestResult executionId="04d30efd-4098-4d63-88cf-6c38e1772c9b" testId="601018cb-0e72-cfd2-66f0-1ea43fbc38bf" testName="FromTest" computerName="SERVER001" duration="00:00:00.0021467" startTime="2010-01-24T19:15:52.5128482+11:00" endTime="2010-01-24T19:15:52.5178482+11:00" testType="13cdc9d9-ddb5-4fa4-a97d-d965ccfc6d4b" outcome="Failed" testListId="8c84fa94-04c1-424b-9868-57a2d4851a1d">
      <Output>
        <ErrorInfo>
          <Message>Test method Konnetic.Sip.UnitTests.InviteAdapter.FromTest threw exception:  System.Reflection.TargetInvocationException: Exception has been thrown by the target of an invocation. ---&gt;  System.NullReferenceException: Object reference not set to an instance of an object..</Message>
          <StackTrace>    at Konnetic.Sip.Headers.ViaHeaderField.set_Branch(String value) in D:\Business\Development\Konnetic\UnifySipApi\Production\Src\Konnetic Unify SIP API\Konnetic.Sip\Headers\ViaHeaderField.cs:line 138
   at Konnetic.Sip.Headers.ViaHeaderField..ctor(String branch) in D:\Business\Development\Konnetic\UnifySipApi\Production\Src\Konnetic Unify SIP API\Konnetic.Sip\Headers\ViaHeaderField.cs:line 349
   at Konnetic.Sip.Headers.ViaHeaderField..ctor() in D:\Business\Development\Konnetic\UnifySipApi\Production\Src\Konnetic Unify SIP API\Konnetic.Sip\Headers\ViaHeaderField.cs:line 332
 --- End of inner exception stack trace ---
    at System.RuntimeTypeHandle.CreateInstance(RuntimeType type, Boolean publicOnly, Boolean noCheck, Boolean&amp; canBeCached, RuntimeMethodHandle&amp; ctor, Boolean&amp; bNeedSecurityCheck)
   at System.Activator.CreateInstance[T]()
   at Konnetic.Sip.Headers.HeaderFieldGroup`1..ctor() in D:\Business\Development\Konnetic\UnifySipApi\Production\Src\Konnetic Unify SIP API\Konnetic.Sip\Headers\SupportTypes\HeaderFieldGroup.cs:line 160
   at Konnetic.Sip.Messages.Request.CreateHeader() in D:\Business\Development\Konnetic\UnifySipApi\Production\Src\Konnetic Unify SIP API\Konnetic.Sip\Messages\Request.cs:line 266
   at Konnetic.Sip.Messages.Invite.CreateHeader() in D:\Business\Development\Konnetic\UnifySipApi\Production\Src\Konnetic Unify SIP API\Konnetic.Sip\Messages\Invite.cs:line 164
   at Konnetic.Sip.Messages.Request..ctor() in D:\Business\Development\Konnetic\UnifySipApi\Production\Src\Konnetic Unify SIP API\Konnetic.Sip\Messages\Request.cs:line 189
   at Konnetic.Sip.Messages.Invite..ctor() in D:\Business\Development\Konnetic\UnifySipApi\Production\Src\Konnetic Unify SIP API\Konnetic.Sip\Messages\Invite.cs:line 95
   at Konnetic.Sip.Messages.Invite..ctor(SipUri to) in D:\Business\Development\Konnetic\UnifySipApi\Production\Src\Konnetic Unify SIP API\Konnetic.Sip\Messages\Invite.cs:line 110
   at Konnetic.Sip.Messages.Invite..ctor(SipUri to, SipUri from) in D:\Business\Development\Konnetic\UnifySipApi\Production\Src\Konnetic Unify SIP API\Konnetic.Sip\Messages\Invite.cs:line 131
   at Konnetic.Sip.UnitTests.InviteAdapter.FromTest() in D:\Business\Development\Konnetic\UnifySipApi\Production\Src\Konnetic Unify SIP API\Konnetic.Sip.UnitTests\InviteAdapter.cs:line 156
</StackTrace>
        </ErrorInfo>
      </Output>
    </UnitTestResult>
    <UnitTestResult executionId="31acd042-4211-4cfa-b96f-088ff11f7483" testId="963a260b-97c5-ba9b-8663-d7f110ce4c77" testName="HeaderTest" computerName="SERVER001" duration="00:00:00.0025466" startTime="2010-01-24T19:15:52.5178482+11:00" endTime="2010-01-24T19:15:52.5228482+11:00" testType="13cdc9d9-ddb5-4fa4-a97d-d965ccfc6d4b" outcome="Failed" testListId="8c84fa94-04c1-424b-9868-57a2d4851a1d">
      <Output>
        <ErrorInfo>
          <Message>Test method Konnetic.Sip.UnitTests.InviteAdapter.HeaderTest threw exception:  System.Reflection.TargetInvocationException: Exception has been thrown by the target of an invocation. ---&gt;  System.NullReferenceException: Object reference not set to an instance of an object..</Message>
          <StackTrace>    at Konnetic.Sip.Headers.ViaHeaderField.set_Branch(String value) in D:\Business\Development\Konnetic\UnifySipApi\Production\Src\Konnetic Unify SIP API\Konnetic.Sip\Headers\ViaHeaderField.cs:line 138
   at Konnetic.Sip.Headers.ViaHeaderField..ctor(String branch) in D:\Business\Development\Konnetic\UnifySipApi\Production\Src\Konnetic Unify SIP API\Konnetic.Sip\Headers\ViaHeaderField.cs:line 349
   at Konnetic.Sip.Headers.ViaHeaderField..ctor() in D:\Business\Development\Konnetic\UnifySipApi\Production\Src\Konnetic Unify SIP API\Konnetic.Sip\Headers\ViaHeaderField.cs:line 332
 --- End of inner exception stack trace ---
    at System.RuntimeTypeHandle.CreateInstance(RuntimeType type, Boolean publicOnly, Boolean noCheck, Boolean&amp; canBeCached, RuntimeMethodHandle&amp; ctor, Boolean&amp; bNeedSecurityCheck)
   at System.Activator.CreateInstance[T]()
   at Konnetic.Sip.Headers.HeaderFieldGroup`1..ctor() in D:\Business\Development\Konnetic\UnifySipApi\Production\Src\Konnetic Unify SIP API\Konnetic.Sip\Headers\SupportTypes\HeaderFieldGroup.cs:line 160
   at Konnetic.Sip.Messages.Request.CreateHeader() in D:\Business\Development\Konnetic\UnifySipApi\Production\Src\Konnetic Unify SIP API\Konnetic.Sip\Messages\Request.cs:line 266
   at Konnetic.Sip.Messages.Invite.CreateHeader() in D:\Business\Development\Konnetic\UnifySipApi\Production\Src\Konnetic Unify SIP API\Konnetic.Sip\Messages\Invite.cs:line 164
   at Konnetic.Sip.Messages.Request..ctor() in D:\Business\Development\Konnetic\UnifySipApi\Production\Src\Konnetic Unify SIP API\Konnetic.Sip\Messages\Request.cs:line 189
   at Konnetic.Sip.Messages.Invite..ctor() in D:\Business\Development\Konnetic\UnifySipApi\Production\Src\Konnetic Unify SIP API\Konnetic.Sip\Messages\Invite.cs:line 95
   at Konnetic.Sip.Messages.Invite..ctor(SipUri to) in D:\Business\Development\Konnetic\UnifySipApi\Production\Src\Konnetic Unify SIP API\Konnetic.Sip\Messages\Invite.cs:line 110
   at Konnetic.Sip.Messages.Invite..ctor(SipUri to, SipUri from) in D:\Business\Development\Konnetic\UnifySipApi\Production\Src\Konnetic Unify SIP API\Konnetic.Sip\Messages\Invite.cs:line 131
   at Konnetic.Sip.UnitTests.InviteAdapter.HeaderTest() in D:\Business\Development\Konnetic\UnifySipApi\Production\Src\Konnetic Unify SIP API\Konnetic.Sip.UnitTests\InviteAdapter.cs:line 172
</StackTrace>
        </ErrorInfo>
      </Output>
    </UnitTestResult>
    <UnitTestResult executionId="32d92667-1f65-4d7f-950d-4acadaa7e215" testId="ad24270f-19fe-e364-5d7f-6d92e4c610ab" testName="InviteConstructorTest" computerName="SERVER001" duration="00:00:00.0028234" startTime="2010-01-24T19:15:52.5228482+11:00" endTime="2010-01-24T19:15:52.5288482+11:00" testType="13cdc9d9-ddb5-4fa4-a97d-d965ccfc6d4b" outcome="Failed" testListId="8c84fa94-04c1-424b-9868-57a2d4851a1d">
      <Output>
        <ErrorInfo>
          <Message>Test method Konnetic.Sip.UnitTests.InviteAdapter.InviteConstructorTest threw exception:  System.Reflection.TargetInvocationException: Exception has been thrown by the target of an invocation. ---&gt;  System.NullReferenceException: Object reference not set to an instance of an object..</Message>
          <StackTrace>    at Konnetic.Sip.Headers.ViaHeaderField.set_Branch(String value) in D:\Business\Development\Konnetic\UnifySipApi\Production\Src\Konnetic Unify SIP API\Konnetic.Sip\Headers\ViaHeaderField.cs:line 138
   at Konnetic.Sip.Headers.ViaHeaderField..ctor(String branch) in D:\Business\Development\Konnetic\UnifySipApi\Production\Src\Konnetic Unify SIP API\Konnetic.Sip\Headers\ViaHeaderField.cs:line 349
   at Konnetic.Sip.Headers.ViaHeaderField..ctor() in D:\Business\Development\Konnetic\UnifySipApi\Production\Src\Konnetic Unify SIP API\Konnetic.Sip\Headers\ViaHeaderField.cs:line 332
 --- End of inner exception stack trace ---
    at System.RuntimeTypeHandle.CreateInstance(RuntimeType type, Boolean publicOnly, Boolean noCheck, Boolean&amp; canBeCached, RuntimeMethodHandle&amp; ctor, Boolean&amp; bNeedSecurityCheck)
   at System.Activator.CreateInstance[T]()
   at Konnetic.Sip.Headers.HeaderFieldGroup`1..ctor() in D:\Business\Development\Konnetic\UnifySipApi\Production\Src\Konnetic Unify SIP API\Konnetic.Sip\Headers\SupportTypes\HeaderFieldGroup.cs:line 160
   at Konnetic.Sip.Messages.Request.CreateHeader() in D:\Business\Development\Konnetic\UnifySipApi\Production\Src\Konnetic Unify SIP API\Konnetic.Sip\Messages\Request.cs:line 266
   at Konnetic.Sip.Messages.Invite.CreateHeader() in D:\Business\Development\Konnetic\UnifySipApi\Production\Src\Konnetic Unify SIP API\Konnetic.Sip\Messages\Invite.cs:line 164
   at Konnetic.Sip.Messages.Request..ctor() in D:\Business\Development\Konnetic\UnifySipApi\Production\Src\Konnetic Unify SIP API\Konnetic.Sip\Messages\Request.cs:line 189
   at Konnetic.Sip.Messages.Invite..ctor() in D:\Business\Development\Konnetic\UnifySipApi\Production\Src\Konnetic Unify SIP API\Konnetic.Sip\Messages\Invite.cs:line 95
   at Konnetic.Sip.Messages.Invite..ctor(SipUri to) in D:\Business\Development\Konnetic\UnifySipApi\Production\Src\Konnetic Unify SIP API\Konnetic.Sip\Messages\Invite.cs:line 110
   at Konnetic.Sip.Messages.Invite..ctor(SipUri to, SipUri from) in D:\Business\Development\Konnetic\UnifySipApi\Production\Src\Konnetic Unify SIP API\Konnetic.Sip\Messages\Invite.cs:line 131
   at Konnetic.Sip.UnitTests.InviteAdapter.InviteConstructorTest() in D:\Business\Development\Konnetic\UnifySipApi\Production\Src\Konnetic Unify SIP API\Konnetic.Sip.UnitTests\InviteAdapter.cs:line 196
</StackTrace>
        </ErrorInfo>
      </Output>
    </UnitTestResult>
    <UnitTestResult executionId="9d735c6d-789b-469d-b317-d0c992c2ba5d" testId="f5d18427-058d-1740-5a94-2b31d364b286" testName="InviteConstructorTest1" computerName="SERVER001" duration="00:00:00.0030241" startTime="2010-01-24T19:15:52.5298482+11:00" endTime="2010-01-24T19:15:52.5348482+11:00" testType="13cdc9d9-ddb5-4fa4-a97d-d965ccfc6d4b" outcome="Failed" testListId="8c84fa94-04c1-424b-9868-57a2d4851a1d">
      <Output>
        <ErrorInfo>
          <Message>Test method Konnetic.Sip.UnitTests.InviteAdapter.InviteConstructorTest1 threw exception:  System.Reflection.TargetInvocationException: Exception has been thrown by the target of an invocation. ---&gt;  System.NullReferenceException: Object reference not set to an instance of an object..</Message>
          <StackTrace>    at Konnetic.Sip.Headers.ViaHeaderField.set_Branch(String value) in D:\Business\Development\Konnetic\UnifySipApi\Production\Src\Konnetic Unify SIP API\Konnetic.Sip\Headers\ViaHeaderField.cs:line 138
   at Konnetic.Sip.Headers.ViaHeaderField..ctor(String branch) in D:\Business\Development\Konnetic\UnifySipApi\Production\Src\Konnetic Unify SIP API\Konnetic.Sip\Headers\ViaHeaderField.cs:line 349
   at Konnetic.Sip.Headers.ViaHeaderField..ctor() in D:\Business\Development\Konnetic\UnifySipApi\Production\Src\Konnetic Unify SIP API\Konnetic.Sip\Headers\ViaHeaderField.cs:line 332
 --- End of inner exception stack trace ---
    at System.RuntimeTypeHandle.CreateInstance(RuntimeType type, Boolean publicOnly, Boolean noCheck, Boolean&amp; canBeCached, RuntimeMethodHandle&amp; ctor, Boolean&amp; bNeedSecurityCheck)
   at System.Activator.CreateInstance[T]()
   at Konnetic.Sip.Headers.HeaderFieldGroup`1..ctor() in D:\Business\Development\Konnetic\UnifySipApi\Production\Src\Konnetic Unify SIP API\Konnetic.Sip\Headers\SupportTypes\HeaderFieldGroup.cs:line 160
   at Konnetic.Sip.Messages.Request.CreateHeader() in D:\Business\Development\Konnetic\UnifySipApi\Production\Src\Konnetic Unify SIP API\Konnetic.Sip\Messages\Request.cs:line 266
   at Konnetic.Sip.Messages.Invite.CreateHeader() in D:\Business\Development\Konnetic\UnifySipApi\Production\Src\Konnetic Unify SIP API\Konnetic.Sip\Messages\Invite.cs:line 164
   at Konnetic.Sip.Messages.Request..ctor() in D:\Business\Development\Konnetic\UnifySipApi\Production\Src\Konnetic Unify SIP API\Konnetic.Sip\Messages\Request.cs:line 189
   at Konnetic.Sip.Messages.Invite..ctor() in D:\Business\Development\Konnetic\UnifySipApi\Production\Src\Konnetic Unify SIP API\Konnetic.Sip\Messages\Invite.cs:line 95
   at Konnetic.Sip.Messages.Invite..ctor(SipUri to) in D:\Business\Development\Konnetic\UnifySipApi\Production\Src\Konnetic Unify SIP API\Konnetic.Sip\Messages\Invite.cs:line 110
   at Konnetic.Sip.Messages.Invite..ctor(SipUri to, SipUri from) in D:\Business\Development\Konnetic\UnifySipApi\Production\Src\Konnetic Unify SIP API\Konnetic.Sip\Messages\Invite.cs:line 131
   at Konnetic.Sip.Messages.Invite..ctor(String to, String from) in D:\Business\Development\Konnetic\UnifySipApi\Production\Src\Konnetic Unify SIP API\Konnetic.Sip\Messages\Invite.cs:line 121
   at Konnetic.Sip.UnitTests.InviteAdapter.InviteConstructorTest1() in D:\Business\Development\Konnetic\UnifySipApi\Production\Src\Konnetic Unify SIP API\Konnetic.Sip.UnitTests\InviteAdapter.cs:line 209
</StackTrace>
        </ErrorInfo>
      </Output>
    </UnitTestResult>
    <UnitTestResult executionId="78e8c547-af94-4120-9397-9d5844f13ea4" testId="d67fc62c-febd-6e81-5d4d-a1999162d171" testName="InviteConstructorTest2" computerName="SERVER001" duration="00:00:00.0019841" startTime="2010-01-24T19:15:52.5358482+11:00" endTime="2010-01-24T19:15:52.5398482+11:00" testType="13cdc9d9-ddb5-4fa4-a97d-d965ccfc6d4b" outcome="Failed" testListId="8c84fa94-04c1-424b-9868-57a2d4851a1d">
      <Output>
        <ErrorInfo>
          <Message>Test method Konnetic.Sip.UnitTests.InviteAdapter.InviteConstructorTest2 threw exception:  System.Reflection.TargetInvocationException: Exception has been thrown by the target of an invocation. ---&gt;  System.NullReferenceException: Object reference not set to an instance of an object..</Message>
          <StackTrace>    at Konnetic.Sip.Headers.ViaHeaderField.set_Branch(String value) in D:\Business\Development\Konnetic\UnifySipApi\Production\Src\Konnetic Unify SIP API\Konnetic.Sip\Headers\ViaHeaderField.cs:line 138
   at Konnetic.Sip.Headers.ViaHeaderField..ctor(String branch) in D:\Business\Development\Konnetic\UnifySipApi\Production\Src\Konnetic Unify SIP API\Konnetic.Sip\Headers\ViaHeaderField.cs:line 349
   at Konnetic.Sip.Headers.ViaHeaderField..ctor() in D:\Business\Development\Konnetic\UnifySipApi\Production\Src\Konnetic Unify SIP API\Konnetic.Sip\Headers\ViaHeaderField.cs:line 332
 --- End of inner exception stack trace ---
    at System.RuntimeTypeHandle.CreateInstance(RuntimeType type, Boolean publicOnly, Boolean noCheck, Boolean&amp; canBeCached, RuntimeMethodHandle&amp; ctor, Boolean&amp; bNeedSecurityCheck)
   at System.Activator.CreateInstance[T]()
   at Konnetic.Sip.Headers.HeaderFieldGroup`1..ctor() in D:\Business\Development\Konnetic\UnifySipApi\Production\Src\Konnetic Unify SIP API\Konnetic.Sip\Headers\SupportTypes\HeaderFieldGroup.cs:line 160
   at Konnetic.Sip.Messages.Request.CreateHeader() in D:\Business\Development\Konnetic\UnifySipApi\Production\Src\Konnetic Unify SIP API\Konnetic.Sip\Messages\Request.cs:line 266
   at Konnetic.Sip.Messages.Invite.CreateHeader() in D:\Business\Development\Konnetic\UnifySipApi\Production\Src\Konnetic Unify SIP API\Konnetic.Sip\Messages\Invite.cs:line 164
   at Konnetic.Sip.Messages.Request..ctor() in D:\Business\Development\Konnetic\UnifySipApi\Production\Src\Konnetic Unify SIP API\Konnetic.Sip\Messages\Request.cs:line 189
   at Konnetic.Sip.Messages.Invite..ctor() in D:\Business\Development\Konnetic\UnifySipApi\Production\Src\Konnetic Unify SIP API\Konnetic.Sip\Messages\Invite.cs:line 95
   at Konnetic.Sip.Messages.Invite..ctor(SipUri to) in D:\Business\Development\Konnetic\UnifySipApi\Production\Src\Konnetic Unify SIP API\Konnetic.Sip\Messages\Invite.cs:line 110
   at Konnetic.Sip.UnitTests.InviteAdapter.InviteConstructorTest2() in D:\Business\Development\Konnetic\UnifySipApi\Production\Src\Konnetic Unify SIP API\Konnetic.Sip.UnitTests\InviteAdapter.cs:line 220
</StackTrace>
        </ErrorInfo>
      </Output>
    </UnitTestResult>
    <UnitTestResult executionId="472561b1-e1a3-4133-ac47-9eec2c21d304" testId="b880a952-9fb4-9133-67b3-317df0db308e" testName="MethodTest" computerName="SERVER001" duration="00:00:00.0029876" startTime="2010-01-24T19:15:52.5408482+11:00" endTime="2010-01-24T19:15:52.5468482+11:00" testType="13cdc9d9-ddb5-4fa4-a97d-d965ccfc6d4b" outcome="Failed" testListId="8c84fa94-04c1-424b-9868-57a2d4851a1d">
      <Output>
        <ErrorInfo>
          <Message>Test method Konnetic.Sip.UnitTests.InviteAdapter.MethodTest threw exception:  System.Reflection.TargetInvocationException: Exception has been thrown by the target of an invocation. ---&gt;  System.NullReferenceException: Object reference not set to an instance of an object..</Message>
          <StackTrace>    at Konnetic.Sip.Headers.ViaHeaderField.set_Branch(String value) in D:\Business\Development\Konnetic\UnifySipApi\Production\Src\Konnetic Unify SIP API\Konnetic.Sip\Headers\ViaHeaderField.cs:line 138
   at Konnetic.Sip.Headers.ViaHeaderField..ctor(String branch) in D:\Business\Development\Konnetic\UnifySipApi\Production\Src\Konnetic Unify SIP API\Konnetic.Sip\Headers\ViaHeaderField.cs:line 349
   at Konnetic.Sip.Headers.ViaHeaderField..ctor() in D:\Business\Development\Konnetic\UnifySipApi\Production\Src\Konnetic Unify SIP API\Konnetic.Sip\Headers\ViaHeaderField.cs:line 332
 --- End of inner exception stack trace ---
    at System.RuntimeTypeHandle.CreateInstance(RuntimeType type, Boolean publicOnly, Boolean noCheck, Boolean&amp; canBeCached, RuntimeMethodHandle&amp; ctor, Boolean&amp; bNeedSecurityCheck)
   at System.Activator.CreateInstance[T]()
   at Konnetic.Sip.Headers.HeaderFieldGroup`1..ctor() in D:\Business\Development\Konnetic\UnifySipApi\Production\Src\Konnetic Unify SIP API\Konnetic.Sip\Headers\SupportTypes\HeaderFieldGroup.cs:line 160
   at Konnetic.Sip.Messages.Request.CreateHeader() in D:\Business\Development\Konnetic\UnifySipApi\Production\Src\Konnetic Unify SIP API\Konnetic.Sip\Messages\Request.cs:line 266
   at Konnetic.Sip.Messages.Invite.CreateHeader() in D:\Business\Development\Konnetic\UnifySipApi\Production\Src\Konnetic Unify SIP API\Konnetic.Sip\Messages\Invite.cs:line 164
   at Konnetic.Sip.Messages.Request..ctor() in D:\Business\Development\Konnetic\UnifySipApi\Production\Src\Konnetic Unify SIP API\Konnetic.Sip\Messages\Request.cs:line 189
   at Konnetic.Sip.Messages.Invite..ctor() in D:\Business\Development\Konnetic\UnifySipApi\Production\Src\Konnetic Unify SIP API\Konnetic.Sip\Messages\Invite.cs:line 95
   at Konnetic.Sip.Messages.Invite_Accessor..ctor()
   at Konnetic.Sip.UnitTests.InviteAdapter.MethodTest() in D:\Business\Development\Konnetic\UnifySipApi\Production\Src\Konnetic Unify SIP API\Konnetic.Sip.UnitTests\InviteAdapter.cs:line 231
</StackTrace>
        </ErrorInfo>
      </Output>
    </UnitTestResult>
    <UnitTestResult executionId="0569014d-07bc-4a70-8e80-2341a8cac2b6" testId="5f4b1f5d-420e-0c6d-bb02-fdc3d866c376" testName="ToTest" computerName="SERVER001" duration="00:00:00.0025156" startTime="2010-01-24T19:15:52.5478482+11:00" endTime="2010-01-24T19:15:52.5528482+11:00" testType="13cdc9d9-ddb5-4fa4-a97d-d965ccfc6d4b" outcome="Failed" testListId="8c84fa94-04c1-424b-9868-57a2d4851a1d">
      <Output>
        <ErrorInfo>
          <Message>Test method Konnetic.Sip.UnitTests.InviteAdapter.ToTest threw exception:  System.Reflection.TargetInvocationException: Exception has been thrown by the target of an invocation. ---&gt;  System.NullReferenceException: Object reference not set to an instance of an object..</Message>
          <StackTrace>    at Konnetic.Sip.Headers.ViaHeaderField.set_Branch(String value) in D:\Business\Development\Konnetic\UnifySipApi\Production\Src\Konnetic Unify SIP API\Konnetic.Sip\Headers\ViaHeaderField.cs:line 138
   at Konnetic.Sip.Headers.ViaHeaderField..ctor(String branch) in D:\Business\Development\Konnetic\UnifySipApi\Production\Src\Konnetic Unify SIP API\Konnetic.Sip\Headers\ViaHeaderField.cs:line 349
   at Konnetic.Sip.Headers.ViaHeaderField..ctor() in D:\Business\Development\Konnetic\UnifySipApi\Production\Src\Konnetic Unify SIP API\Konnetic.Sip\Headers\ViaHeaderField.cs:line 332
 --- End of inner exception stack trace ---
    at System.RuntimeTypeHandle.CreateInstance(RuntimeType type, Boolean publicOnly, Boolean noCheck, Boolean&amp; canBeCached, RuntimeMethodHandle&amp; ctor, Boolean&amp; bNeedSecurityCheck)
   at System.Activator.CreateInstance[T]()
   at Konnetic.Sip.Headers.HeaderFieldGroup`1..ctor() in D:\Business\Development\Konnetic\UnifySipApi\Production\Src\Konnetic Unify SIP API\Konnetic.Sip\Headers\SupportTypes\HeaderFieldGroup.cs:line 160
   at Konnetic.Sip.Messages.Request.CreateHeader() in D:\Business\Development\Konnetic\UnifySipApi\Production\Src\Konnetic Unify SIP API\Konnetic.Sip\Messages\Request.cs:line 266
   at Konnetic.Sip.Messages.Invite.CreateHeader() in D:\Business\Development\Konnetic\UnifySipApi\Production\Src\Konnetic Unify SIP API\Konnetic.Sip\Messages\Invite.cs:line 164
   at Konnetic.Sip.Messages.Request..ctor() in D:\Business\Development\Konnetic\UnifySipApi\Production\Src\Konnetic Unify SIP API\Konnetic.Sip\Messages\Request.cs:line 189
   at Konnetic.Sip.Messages.Invite..ctor() in D:\Business\Development\Konnetic\UnifySipApi\Production\Src\Konnetic Unify SIP API\Konnetic.Sip\Messages\Invite.cs:line 95
   at Konnetic.Sip.Messages.Invite..ctor(SipUri to) in D:\Business\Development\Konnetic\UnifySipApi\Production\Src\Konnetic Unify SIP API\Konnetic.Sip\Messages\Invite.cs:line 110
   at Konnetic.Sip.Messages.Invite..ctor(SipUri to, SipUri from) in D:\Business\Development\Konnetic\UnifySipApi\Production\Src\Konnetic Unify SIP API\Konnetic.Sip\Messages\Invite.cs:line 131
   at Konnetic.Sip.UnitTests.InviteAdapter.ToTest() in D:\Business\Development\Konnetic\UnifySipApi\Production\Src\Konnetic Unify SIP API\Konnetic.Sip.UnitTests\InviteAdapter.cs:line 251
</StackTrace>
        </ErrorInfo>
      </Output>
    </UnitTestResult>
    <UnitTestResult executionId="b59f371a-1411-4d8c-82c1-7460c739c960" testId="18e01e5b-7430-c808-383e-eb734fc2d287" testName="CloneTest" computerName="SERVER001" duration="00:00:00.0015357" startTime="2010-01-24T19:15:52.5528482+11:00" endTime="2010-01-24T19:15:52.5568482+11:00" testType="13cdc9d9-ddb5-4fa4-a97d-d965ccfc6d4b" outcome="Passed" testListId="8c84fa94-04c1-424b-9868-57a2d4851a1d">
      <Output>
      </Output>
    </UnitTestResult>
    <UnitTestResult executionId="75d6fc73-995c-4f13-8f32-513793286853" testId="205abb23-b21c-9707-4f83-b91a45c3c6e4" testName="EqualsTest" computerName="SERVER001" duration="00:00:00.0008956" startTime="2010-01-24T19:15:52.5578482+11:00" endTime="2010-01-24T19:15:52.5638482+11:00" testType="13cdc9d9-ddb5-4fa4-a97d-d965ccfc6d4b" outcome="Passed" testListId="8c84fa94-04c1-424b-9868-57a2d4851a1d">
      <Output>
      </Output>
    </UnitTestResult>
    <UnitTestResult executionId="14959915-f958-4dca-b0f4-38c013f4227e" testId="5c6a1da4-81b8-2218-6688-67ed6872cb36" testName="GetStringValueTest" computerName="SERVER001" duration="00:00:00.0008757" startTime="2010-01-24T19:15:52.5648482+11:00" endTime="2010-01-24T19:15:52.5678482+11:00" testType="13cdc9d9-ddb5-4fa4-a97d-d965ccfc6d4b" outcome="Passed" testListId="8c84fa94-04c1-424b-9868-57a2d4851a1d">
      <Output>
      </Output>
    </UnitTestResult>
    <UnitTestResult executionId="9225a97f-e59a-4ce2-a7c2-bef69e4a63b8" testId="d14c80b8-ac60-2e68-75ed-9e671dd76c42" testName="IsValidTest" computerName="SERVER001" duration="00:00:00.0005890" startTime="2010-01-24T19:15:52.5688482+11:00" endTime="2010-01-24T19:15:52.5718482+11:00" testType="13cdc9d9-ddb5-4fa4-a97d-d965ccfc6d4b" outcome="Passed" testListId="8c84fa94-04c1-424b-9868-57a2d4851a1d">
      <Output>
      </Output>
    </UnitTestResult>
    <UnitTestResult executionId="01bf2e50-aec3-4bd2-b193-46415d725241" testId="6516a524-5a6b-ce92-255f-71fa774a7dfd" testName="MaxForwardsHeaderFieldConstructorTest" computerName="SERVER001" duration="00:00:00.0005407" startTime="2010-01-24T19:15:52.5718482+11:00" endTime="2010-01-24T19:15:52.5748482+11:00" testType="13cdc9d9-ddb5-4fa4-a97d-d965ccfc6d4b" outcome="Passed" testListId="8c84fa94-04c1-424b-9868-57a2d4851a1d">
      <Output>
      </Output>
    </UnitTestResult>
    <UnitTestResult executionId="aad976a2-c860-4b01-a2bc-163fe48859ed" testId="cc1c6dcb-d4ea-b968-f61f-8b995a096727" testName="MaxForwardsHeaderFieldConstructorTest1" computerName="SERVER001" duration="00:00:00.0005335" startTime="2010-01-24T19:15:52.5758482+11:00" endTime="2010-01-24T19:15:52.5788482+11:00" testType="13cdc9d9-ddb5-4fa4-a97d-d965ccfc6d4b" outcome="Passed" testListId="8c84fa94-04c1-424b-9868-57a2d4851a1d">
      <Output>
      </Output>
    </UnitTestResult>
    <UnitTestResult executionId="1b76a67e-c6e8-4f52-bc63-b2f0d9168a69" testId="8cbb00bd-45a0-0019-d8be-fedec8a263dc" testName="MaxForwardsHeaderFieldConstructorTest2" computerName="SERVER001" duration="00:00:00.0005988" startTime="2010-01-24T19:15:52.5798482+11:00" endTime="2010-01-24T19:15:52.5828482+11:00" testType="13cdc9d9-ddb5-4fa4-a97d-d965ccfc6d4b" outcome="Passed" testListId="8c84fa94-04c1-424b-9868-57a2d4851a1d">
      <Output>
      </Output>
    </UnitTestResult>
    <UnitTestResult executionId="b463ae7d-1b1c-4b5c-a6de-85e74ea97b05" testId="e75bd83a-27d6-1994-c000-1061bd9f4692" testName="MaxForwardsTest" computerName="SERVER001" duration="00:00:00.0025522" startTime="2010-01-24T19:15:52.5838482+11:00" endTime="2010-01-24T19:15:52.5888482+11:00" testType="13cdc9d9-ddb5-4fa4-a97d-d965ccfc6d4b" outcome="Passed" testListId="8c84fa94-04c1-424b-9868-57a2d4851a1d">
      <Output>
      </Output>
    </UnitTestResult>
    <UnitTestResult executionId="e35242d2-58f3-4357-b42d-905dc64dfe40" testId="c286aae4-55f5-b9de-ed41-e5dcac376aa4" testName="ParseTest" computerName="SERVER001" duration="00:00:00.0128929" startTime="2010-01-24T19:15:52.5888482+11:00" endTime="2010-01-24T19:15:52.6048482+11:00" testType="13cdc9d9-ddb5-4fa4-a97d-d965ccfc6d4b" outcome="Passed" testListId="8c84fa94-04c1-424b-9868-57a2d4851a1d">
      <Output>
      </Output>
    </UnitTestResult>
    <UnitTestResult executionId="f160a35c-525c-4e62-8baa-54a93ef0a9c5" testId="fc1f4a05-9335-a59f-605e-e239b8e79a0b" testName="ParseTesta" computerName="SERVER001" duration="00:00:00.0084422" startTime="2010-01-24T19:15:52.6048482+11:00" endTime="2010-01-24T19:15:52.6178482+11:00" testType="13cdc9d9-ddb5-4fa4-a97d-d965ccfc6d4b" outcome="Passed" testListId="8c84fa94-04c1-424b-9868-57a2d4851a1d">
      <Output>
      </Output>
    </UnitTestResult>
    <UnitTestResult executionId="fc651f75-706d-45e7-ac41-c1a6497b0a48" testId="7a0b57ca-ce7e-3e53-7798-73b29d9af632" testName="ParseTestb" computerName="SERVER001" duration="00:00:00.0071398" startTime="2010-01-24T19:15:52.6178482+11:00" endTime="2010-01-24T19:15:52.6278482+11:00" testType="13cdc9d9-ddb5-4fa4-a97d-d965ccfc6d4b" outcome="Passed" testListId="8c84fa94-04c1-424b-9868-57a2d4851a1d">
      <Output>
      </Output>
    </UnitTestResult>
    <UnitTestResult executionId="c99edca9-e30b-49f1-a610-fdbb8000f1cc" testId="fa41cf25-91a0-653f-e4ae-a51c61352050" testName="EqualsTest" computerName="SERVER001" duration="00:00:00.0016696" startTime="2010-01-24T19:15:52.6288482+11:00" endTime="2010-01-24T19:15:52.6328482+11:00" testType="13cdc9d9-ddb5-4fa4-a97d-d965ccfc6d4b" outcome="Passed" testListId="8c84fa94-04c1-424b-9868-57a2d4851a1d">
      <Output>
      </Output>
    </UnitTestResult>
    <UnitTestResult executionId="e40a6968-b122-47db-9a6d-34bebed671c5" testId="c94a84d0-7cf2-6fb2-d82b-9275b239db95" testName="GetStringValueTest" computerName="SERVER001" duration="00:00:00.0029637" startTime="2010-01-24T19:15:52.6338482+11:00" endTime="2010-01-24T19:15:52.6408482+11:00" testType="13cdc9d9-ddb5-4fa4-a97d-d965ccfc6d4b" outcome="Failed" testListId="8c84fa94-04c1-424b-9868-57a2d4851a1d">
      <Output>
        <ErrorInfo>
          <Message>Test method Konnetic.Sip.UnitTests.MediaTypeHeaderFieldAdapter.GetStringValueTest threw exception:  System.NullReferenceException: Object reference not set to an instance of an object..</Message>
          <StackTrace>    at Konnetic.Sip.Headers.AcceptHeaderField.set_QValue(Single value) in D:\Business\Development\Konnetic\UnifySipApi\Production\Src\Konnetic Unify SIP API\Konnetic.Sip\Headers\AcceptHeaderField.cs:line 158
   at Konnetic.Sip.UnitTests.MediaTypeHeaderFieldAdapter.GetStringValueTest() in D:\Business\Development\Konnetic\UnifySipApi\Production\Src\Konnetic Unify SIP API\Konnetic.Sip.UnitTests\HeaderFields\MediaTypeHeaderFieldAdapter.cs:line 178
</StackTrace>
        </ErrorInfo>
      </Output>
    </UnitTestResult>
    <UnitTestResult executionId="dadbd8a0-b77e-4c31-aa68-e385d8f4135d" testId="82084a40-5af4-73ba-c8b2-26671c663373" testName="IsValidTest" computerName="SERVER001" duration="00:00:00.0017912" startTime="2010-01-24T19:15:52.6418482+11:00" endTime="2010-01-24T19:15:52.6458482+11:00" testType="13cdc9d9-ddb5-4fa4-a97d-d965ccfc6d4b" outcome="Failed" testListId="8c84fa94-04c1-424b-9868-57a2d4851a1d">
      <Output>
        <ErrorInfo>
          <Message>Test method Konnetic.Sip.UnitTests.MediaTypeHeaderFieldAdapter.IsValidTest threw exception:  System.NullReferenceException: Object reference not set to an instance of an object..</Message>
          <StackTrace>    at Konnetic.Sip.Headers.ParamatizedHeaderFieldBase.get_HasParameters() in D:\Business\Development\Konnetic\UnifySipApi\Production\Src\Konnetic Unify SIP API\Konnetic.Sip\Headers\BaseHeaderFields\ParamatizedHeaderFieldBase.cs:line 43
   at Konnetic.Sip.Headers.ParamatizedHeaderFieldBase.IsValid() in D:\Business\Development\Konnetic\UnifySipApi\Production\Src\Konnetic Unify SIP API\Konnetic.Sip\Headers\BaseHeaderFields\ParamatizedHeaderFieldBase.cs:line 202
   at Konnetic.Sip.Headers.MediaTypeHeaderFieldBase.IsValid() in D:\Business\Development\Konnetic\UnifySipApi\Production\Src\Konnetic Unify SIP API\Konnetic.Sip\Headers\BaseHeaderFields\MediaTypeHeaderFieldBase.cs:line 275
   at Konnetic.Sip.UnitTests.MediaTypeHeaderFieldAdapter.IsValidTest() in D:\Business\Development\Konnetic\UnifySipApi\Production\Src\Konnetic Unify SIP API\Konnetic.Sip.UnitTests\HeaderFields\MediaTypeHeaderFieldAdapter.cs:line 253
</StackTrace>
        </ErrorInfo>
      </Output>
    </UnitTestResult>
    <UnitTestResult executionId="c7c5b7b2-776b-41b5-a7d6-3b920761e0f5" testId="6c61836e-9058-4667-11e4-a13277c06c95" testName="MediaSubTypeTest" computerName="SERVER001" duration="00:00:00.0005608" startTime="2010-01-24T19:15:52.6468482+11:00" endTime="2010-01-24T19:15:52.6498482+11:00" testType="13cdc9d9-ddb5-4fa4-a97d-d965ccfc6d4b" outcome="Passed" testListId="8c84fa94-04c1-424b-9868-57a2d4851a1d">
      <Output>
      </Output>
    </UnitTestResult>
    <UnitTestResult executionId="a39c8013-8c83-44fc-ad29-b0d5f75ebe89" testId="693198bf-2303-6a3e-1291-7188a975b76e" testName="MediaTypeTest" computerName="SERVER001" duration="00:00:00.0005159" startTime="2010-01-24T19:15:52.6498482+11:00" endTime="2010-01-24T19:15:52.6528482+11:00" testType="13cdc9d9-ddb5-4fa4-a97d-d965ccfc6d4b" outcome="Passed" testListId="8c84fa94-04c1-424b-9868-57a2d4851a1d">
      <Output>
      </Output>
    </UnitTestResult>
    <UnitTestResult executionId="d55b6f63-61aa-44b2-b628-8aeff89511c2" testId="60b5deab-503e-1879-5b48-e44c787b6065" testName="ParseTest" computerName="SERVER001" duration="00:00:00.0031427" startTime="2010-01-24T19:15:52.6528482+11:00" endTime="2010-01-24T19:15:52.6588482+11:00" testType="13cdc9d9-ddb5-4fa4-a97d-d965ccfc6d4b" outcome="Failed" testListId="8c84fa94-04c1-424b-9868-57a2d4851a1d">
      <Output>
        <ErrorInfo>
          <Message>Test method Konnetic.Sip.UnitTests.MediaTypeHeaderFieldAdapter.ParseTest threw exception:  System.NullReferenceException: Object reference not set to an instance of an object..</Message>
          <StackTrace>    at Konnetic.Sip.Headers.AcceptHeaderField.set_QValue(Single value) in D:\Business\Development\Konnetic\UnifySipApi\Production\Src\Konnetic Unify SIP API\Konnetic.Sip\Headers\AcceptHeaderField.cs:line 153
   at Konnetic.Sip.Headers.AcceptHeaderField.Parse(String value) in D:\Business\Development\Konnetic\UnifySipApi\Production\Src\Konnetic Unify SIP API\Konnetic.Sip\Headers\AcceptHeaderField.cs:line 363
   at Konnetic.Sip.UnitTests.MediaTypeHeaderFieldAdapter.ParseTest() in D:\Business\Development\Konnetic\UnifySipApi\Production\Src\Konnetic Unify SIP API\Konnetic.Sip.UnitTests\HeaderFields\MediaTypeHeaderFieldAdapter.cs:line 207
</StackTrace>
        </ErrorInfo>
      </Output>
    </UnitTestResult>
    <UnitTestResult executionId="11459447-b744-4ea4-9bab-eab25abd54d4" testId="61928ea5-174b-896a-c1b0-a77de6a67141" testName="CloneTest" computerName="SERVER001" duration="00:00:00.0027143" startTime="2010-01-24T19:15:52.6598482+11:00" endTime="2010-01-24T19:15:52.6658482+11:00" testType="13cdc9d9-ddb5-4fa4-a97d-d965ccfc6d4b" outcome="Passed" testListId="8c84fa94-04c1-424b-9868-57a2d4851a1d">
      <Output>
      </Output>
    </UnitTestResult>
    <UnitTestResult executionId="536f1eab-0eb8-4b8c-bf6d-917489e1598f" testId="f9e65002-39a1-3e1e-81c7-25836126e037" testName="EqualsTest" computerName="SERVER001" duration="00:00:00.0010606" startTime="2010-01-24T19:15:52.6668482+11:00" endTime="2010-01-24T19:15:52.6698482+11:00" testType="13cdc9d9-ddb5-4fa4-a97d-d965ccfc6d4b" outcome="Passed" testListId="8c84fa94-04c1-424b-9868-57a2d4851a1d">
      <Output>
      </Output>
    </UnitTestResult>
    <UnitTestResult executionId="9f3b208d-5fb9-440c-8617-a35aaa56b4d7" testId="2a78e021-a628-dffa-6474-eb6689d75576" testName="GetStringValueTest" computerName="SERVER001" duration="00:00:00.0010918" startTime="2010-01-24T19:15:52.6708482+11:00" endTime="2010-01-24T19:15:52.6748482+11:00" testType="13cdc9d9-ddb5-4fa4-a97d-d965ccfc6d4b" outcome="Passed" testListId="8c84fa94-04c1-424b-9868-57a2d4851a1d">
      <Output>
      </Output>
    </UnitTestResult>
    <UnitTestResult executionId="14ca9ba4-459d-4825-a5ef-a91c4bc4ab94" testId="9e86081b-78ed-d79c-1537-9b78b7fe52fb" testName="IsValidTest" computerName="SERVER001" duration="00:00:00.0003621" startTime="2010-01-24T19:15:52.6748482+11:00" endTime="2010-01-24T19:15:52.6778482+11:00" testType="13cdc9d9-ddb5-4fa4-a97d-d965ccfc6d4b" outcome="Passed" testListId="8c84fa94-04c1-424b-9868-57a2d4851a1d">
      <Output>
      </Output>
    </UnitTestResult>
    <UnitTestResult executionId="104d0da8-e0f5-4b2d-abc4-1669d3a018f0" testId="868150a8-7957-226f-60ed-e91c0ee967fd" testName="MajorVersionTest" computerName="SERVER001" duration="00:00:00.0006142" startTime="2010-01-24T19:15:52.6788482+11:00" endTime="2010-01-24T19:15:52.6818482+11:00" testType="13cdc9d9-ddb5-4fa4-a97d-d965ccfc6d4b" outcome="Passed" testListId="8c84fa94-04c1-424b-9868-57a2d4851a1d">
      <Output>
      </Output>
    </UnitTestResult>
    <UnitTestResult executionId="8a3cc1df-541d-4ca0-a764-203631839008" testId="1573eb77-8e46-59ae-b51a-607bbac9f262" testName="MimeVersionHeaderFieldConstructorTest" computerName="SERVER001" duration="00:00:00.0005820" startTime="2010-01-24T19:15:52.6818482+11:00" endTime="2010-01-24T19:15:52.6848482+11:00" testType="13cdc9d9-ddb5-4fa4-a97d-d965ccfc6d4b" outcome="Passed" testListId="8c84fa94-04c1-424b-9868-57a2d4851a1d">
      <Output>
      </Output>
    </UnitTestResult>
    <UnitTestResult executionId="6f4feb65-2f23-46ef-bb18-be54610061ea" testId="81839bb7-aafc-6fa6-7030-401fae301175" testName="MimeVersionHeaderFieldConstructorTest1" computerName="SERVER001" duration="00:00:00.0005597" startTime="2010-01-24T19:15:52.6848482+11:00" endTime="2010-01-24T19:15:52.6878482+11:00" testType="13cdc9d9-ddb5-4fa4-a97d-d965ccfc6d4b" outcome="Passed" testListId="8c84fa94-04c1-424b-9868-57a2d4851a1d">
      <Output>
      </Output>
    </UnitTestResult>
    <UnitTestResult executionId="c91bdd55-5bb0-41de-9f4c-46c20c27b548" testId="be7c65f6-8c50-f9ee-4a4c-3f0436f69ecb" testName="MinorVersionTest" computerName="SERVER001" duration="00:00:00.0005094" startTime="2010-01-24T19:15:52.6888482+11:00" endTime="2010-01-24T19:15:52.6918482+11:00" testType="13cdc9d9-ddb5-4fa4-a97d-d965ccfc6d4b" outcome="Passed" testListId="8c84fa94-04c1-424b-9868-57a2d4851a1d">
      <Output>
      </Output>
    </UnitTestResult>
    <UnitTestResult executionId="1d7a36ce-4eb5-4fb9-95e8-7104016c93e0" testId="8b571c8f-e789-1f93-bfe6-26a68b5a12b7" testName="ParseTest" computerName="SERVER001" duration="00:00:00.1043342" startTime="2010-01-24T19:15:52.6918482+11:00" endTime="2010-01-24T19:15:52.8008482+11:00" testType="13cdc9d9-ddb5-4fa4-a97d-d965ccfc6d4b" outcome="Passed" testListId="8c84fa94-04c1-424b-9868-57a2d4851a1d">
      <Output>
      </Output>
    </UnitTestResult>
    <UnitTestResult executionId="4468081a-f326-4185-9c9e-f7227f27d6f1" testId="bb8d202b-c816-b970-5acb-f04a09708d9b" testName="ParseTest1" computerName="SERVER001" duration="00:00:00.0088881" startTime="2010-01-24T19:15:52.8018482+11:00" endTime="2010-01-24T19:15:52.8128482+11:00" testType="13cdc9d9-ddb5-4fa4-a97d-d965ccfc6d4b" outcome="Passed" testListId="8c84fa94-04c1-424b-9868-57a2d4851a1d">
      <Output>
      </Output>
    </UnitTestResult>
    <UnitTestResult executionId="93b16cae-a9fe-4d5c-a96e-491beec47b9f" testId="ba1cb348-c2e1-048e-80cb-c8d91df95539" testName="ParseTest2" computerName="SERVER001" duration="00:00:00.0124097" startTime="2010-01-24T19:15:52.8138482+11:00" endTime="2010-01-24T19:15:52.8288482+11:00" testType="13cdc9d9-ddb5-4fa4-a97d-d965ccfc6d4b" outcome="Passed" testListId="8c84fa94-04c1-424b-9868-57a2d4851a1d">
      <Output>
      </Output>
    </UnitTestResult>
    <UnitTestResult executionId="6d7fbebc-3a18-45b4-879a-108ff1e79035" testId="6ce770ec-1443-25af-7eeb-954bddb67e57" testName="CloneTest" computerName="SERVER001" duration="00:00:00.0014700" startTime="2010-01-24T19:15:52.8298482+11:00" endTime="2010-01-24T19:15:52.8338482+11:00" testType="13cdc9d9-ddb5-4fa4-a97d-d965ccfc6d4b" outcome="Passed" testListId="8c84fa94-04c1-424b-9868-57a2d4851a1d">
      <Output>
      </Output>
    </UnitTestResult>
    <UnitTestResult executionId="fb6be5a7-d29b-4039-9cac-7a7bc1e22b64" testId="bfad2aac-95d7-1632-7b36-efa71fb06c01" testName="EqualsTest" computerName="SERVER001" duration="00:00:00.0005772" startTime="2010-01-24T19:15:52.8348482+11:00" endTime="2010-01-24T19:15:52.8368482+11:00" testType="13cdc9d9-ddb5-4fa4-a97d-d965ccfc6d4b" outcome="Passed" testListId="8c84fa94-04c1-424b-9868-57a2d4851a1d">
      <Output>
      </Output>
    </UnitTestResult>
    <UnitTestResult executionId="8f15aaf3-b00d-4fb1-8ead-af4b943b06e5" testId="f5b2ddda-d319-c4f7-e53d-fd633e3d7b91" testName="MinExpiresHeaderFieldConstructorTest" computerName="SERVER001" duration="00:00:00.0007024" startTime="2010-01-24T19:15:52.8378482+11:00" endTime="2010-01-24T19:15:52.8398482+11:00" testType="13cdc9d9-ddb5-4fa4-a97d-d965ccfc6d4b" outcome="Passed" testListId="8c84fa94-04c1-424b-9868-57a2d4851a1d">
      <Output>
      </Output>
    </UnitTestResult>
    <UnitTestResult executionId="7bb7da70-b56c-416f-8baa-5b35972d3473" testId="41884091-d2b1-f31b-e0e8-0f3546c18a8a" testName="MinExpiresHeaderFieldConstructorTest1" computerName="SERVER001" duration="00:00:00.0005797" startTime="2010-01-24T19:15:52.8408482+11:00" endTime="2010-01-24T19:15:52.8438482+11:00" testType="13cdc9d9-ddb5-4fa4-a97d-d965ccfc6d4b" outcome="Passed" testListId="8c84fa94-04c1-424b-9868-57a2d4851a1d">
      <Output>
      </Output>
    </UnitTestResult>
    <UnitTestResult executionId="2b5f5942-55d3-418c-89e7-11b27a80d4af" testId="c5b2f288-63fa-34f1-0aec-fcafb6ee3f5f" testName="MinExpiresHeaderFieldConstructorTest2" computerName="SERVER001" duration="00:00:00.0009654" startTime="2010-01-24T19:15:52.8448482+11:00" endTime="2010-01-24T19:15:52.8478482+11:00" testType="13cdc9d9-ddb5-4fa4-a97d-d965ccfc6d4b" outcome="Passed" testListId="8c84fa94-04c1-424b-9868-57a2d4851a1d">
      <Output>
      </Output>
    </UnitTestResult>
    <UnitTestResult executionId="19f6a71d-0fb0-4064-8c2a-77627778da5e" testId="552972cc-eb27-e413-e825-43fbc7340d18" testName="MinExpiresHeaderFieldConstructorTest3" computerName="SERVER001" duration="00:00:00.0008135" startTime="2010-01-24T19:15:52.8488482+11:00" endTime="2010-01-24T19:15:52.8518482+11:00" testType="13cdc9d9-ddb5-4fa4-a97d-d965ccfc6d4b" outcome="Passed" testListId="8c84fa94-04c1-424b-9868-57a2d4851a1d">
      <Output>
      </Output>
    </UnitTestResult>
    <UnitTestResult executionId="81309f1e-3876-49dd-be6d-7f0dd15ec29f" testId="d4cf1168-c921-0ad5-8ffa-a9c44fac2942" testName="ParseTest" computerName="SERVER001" duration="00:00:00.0905054" startTime="2010-01-24T19:15:52.8528482+11:00" endTime="2010-01-24T19:15:52.9488482+11:00" testType="13cdc9d9-ddb5-4fa4-a97d-d965ccfc6d4b" outcome="Passed" testListId="8c84fa94-04c1-424b-9868-57a2d4851a1d">
      <Output>
      </Output>
    </UnitTestResult>
    <UnitTestResult executionId="090d9f18-f18b-41fc-a245-fcedff73a99b" testId="ab79b81c-d88b-da0f-31ca-e54c12879e75" testName="ParseTest1" computerName="SERVER001" duration="00:00:00.0307833" startTime="2010-01-24T19:15:52.9498482+11:00" endTime="2010-01-24T19:15:52.9838482+11:00" testType="13cdc9d9-ddb5-4fa4-a97d-d965ccfc6d4b" outcome="Passed" testListId="8c84fa94-04c1-424b-9868-57a2d4851a1d">
      <Output>
      </Output>
    </UnitTestResult>
    <UnitTestResult executionId="31e2d973-df4c-4de6-8531-41209921af94" testId="d3a207fe-8216-3c22-b324-6da031a387b5" testName="ParseTest2" computerName="SERVER001" duration="00:00:00.0266857" startTime="2010-01-24T19:15:52.9848482+11:00" endTime="2010-01-24T19:15:53.0138482+11:00" testType="13cdc9d9-ddb5-4fa4-a97d-d965ccfc6d4b" outcome="Passed" testListId="8c84fa94-04c1-424b-9868-57a2d4851a1d">
      <Output>
      </Output>
    </UnitTestResult>
    <UnitTestResult executionId="e840c80c-3bf5-4296-861b-9ff63d181f98" testId="b5bcbd60-f92b-75e1-36fe-83cac450444e" testName="ParseTest3" computerName="SERVER001" duration="00:00:00.0005933" startTime="2010-01-24T19:15:53.0138482+11:00" endTime="2010-01-24T19:15:53.0178482+11:00" testType="13cdc9d9-ddb5-4fa4-a97d-d965ccfc6d4b" outcome="Passed" testListId="8c84fa94-04c1-424b-9868-57a2d4851a1d">
      <Output>
      </Output>
    </UnitTestResult>
    <UnitTestResult executionId="85b0340b-2dc5-480c-b5ef-6f9d5bb2d071" testId="4cb55f25-3f3d-3d6a-85f6-f1fa882dcd21" testName="ParseTest5" computerName="SERVER001" duration="00:00:00.0317277" startTime="2010-01-24T19:15:53.0178482+11:00" endTime="2010-01-24T19:15:53.0528482+11:00" testType="13cdc9d9-ddb5-4fa4-a97d-d965ccfc6d4b" outcome="Passed" testListId="8c84fa94-04c1-424b-9868-57a2d4851a1d">
      <Output>
      </Output>
    </UnitTestResult>
    <UnitTestResult executionId="affac40e-b31a-428c-a934-c565d9c8a2bf" testId="b2a3ce30-4e5f-1457-98b5-3ed8beb22122" testName="EqualsTest" computerName="SERVER001" duration="00:00:00.0010502" startTime="2010-01-24T19:15:53.0528482+11:00" endTime="2010-01-24T19:15:53.0568482+11:00" testType="13cdc9d9-ddb5-4fa4-a97d-d965ccfc6d4b" outcome="Passed" testListId="8c84fa94-04c1-424b-9868-57a2d4851a1d">
      <Output>
      </Output>
    </UnitTestResult>
    <UnitTestResult executionId="bb3dade2-31c6-4145-a74b-b88d3ff80dff" testId="210bb9b9-9fdd-7c04-d2c1-53ee38de336f" testName="GetStringValueTest" computerName="SERVER001" duration="00:00:00.0007215" startTime="2010-01-24T19:15:53.0578482+11:00" endTime="2010-01-24T19:15:53.0608482+11:00" testType="13cdc9d9-ddb5-4fa4-a97d-d965ccfc6d4b" outcome="Passed" testListId="8c84fa94-04c1-424b-9868-57a2d4851a1d">
      <Output>
      </Output>
    </UnitTestResult>
    <UnitTestResult executionId="b205e9d7-75dc-4ff0-adb9-401f678f206e" testId="6c6fffd8-977b-944b-8bb6-07b6855947de" testName="IsValidTest" computerName="SERVER001" duration="00:00:00.0006523" startTime="2010-01-24T19:15:53.0618482+11:00" endTime="2010-01-24T19:15:53.0648482+11:00" testType="13cdc9d9-ddb5-4fa4-a97d-d965ccfc6d4b" outcome="Passed" testListId="8c84fa94-04c1-424b-9868-57a2d4851a1d">
      <Output>
      </Output>
    </UnitTestResult>
    <UnitTestResult executionId="f73ad990-7926-4291-bbca-fcd0596b1467" testId="e0c5ed9e-6cc4-38c0-0df6-988a9377689e" testName="OptionTest" computerName="SERVER001" duration="00:00:00.0005938" startTime="2010-01-24T19:15:53.0658482+11:00" endTime="2010-01-24T19:15:53.0718482+11:00" testType="13cdc9d9-ddb5-4fa4-a97d-d965ccfc6d4b" outcome="Passed" testListId="8c84fa94-04c1-424b-9868-57a2d4851a1d">
      <Output>
      </Output>
    </UnitTestResult>
    <UnitTestResult executionId="3ecf4e5b-cbea-4904-b7fa-0fd4b471b934" testId="280a6648-e938-4c1f-ce3c-b13e8bcb95fd" testName="ParseTest" computerName="SERVER001" duration="00:00:00.0610233" startTime="2010-01-24T19:15:53.0728482+11:00" endTime="2010-01-24T19:15:53.1358482+11:00" testType="13cdc9d9-ddb5-4fa4-a97d-d965ccfc6d4b" outcome="Passed" testListId="8c84fa94-04c1-424b-9868-57a2d4851a1d">
      <Output>
      </Output>
    </UnitTestResult>
    <UnitTestResult executionId="708fcb54-426c-49ee-89ae-b20a5e5ab86b" testId="1d081054-6151-efe7-b3f5-96938a1b23bf" testName="CloneTest" computerName="SERVER001" duration="00:00:00.0225556" startTime="2010-01-24T19:15:53.1368482+11:00" endTime="2010-01-24T19:15:53.1628482+11:00" testType="13cdc9d9-ddb5-4fa4-a97d-d965ccfc6d4b" outcome="Passed" testListId="8c84fa94-04c1-424b-9868-57a2d4851a1d">
      <Output>
      </Output>
    </UnitTestResult>
    <UnitTestResult executionId="7b2c8187-ec3a-4489-b2f4-cf9f35185118" testId="7718c374-59db-a0f4-9354-4c0fdfdfcc4a" testName="EqualsTest" computerName="SERVER001" duration="00:00:00.0109026" startTime="2010-01-24T19:15:53.1638482+11:00" endTime="2010-01-24T19:15:53.1768482+11:00" testType="13cdc9d9-ddb5-4fa4-a97d-d965ccfc6d4b" outcome="Passed" testListId="8c84fa94-04c1-424b-9868-57a2d4851a1d">
      <Output>
      </Output>
    </UnitTestResult>
    <UnitTestResult executionId="ab8420bc-0e28-4ba7-bb30-63ed748d656b" testId="dba35281-c4c6-aba3-a50c-1b21c6f7b9b7" testName="GetStringValueTest" computerName="SERVER001" duration="00:00:00.0093688" startTime="2010-01-24T19:15:53.1778482+11:00" endTime="2010-01-24T19:15:53.1898482+11:00" testType="13cdc9d9-ddb5-4fa4-a97d-d965ccfc6d4b" outcome="Passed" testListId="8c84fa94-04c1-424b-9868-57a2d4851a1d">
      <Output>
      </Output>
    </UnitTestResult>
    <UnitTestResult executionId="85703ac4-0612-4d85-b541-0e6de0d985df" testId="ce84458c-0830-5afe-f37b-f1d91a38d4b5" testName="IsValidTest" computerName="SERVER001" duration="00:00:00.0328551" startTime="2010-01-24T19:15:53.1908482+11:00" endTime="2010-01-24T19:15:53.2258482+11:00" testType="13cdc9d9-ddb5-4fa4-a97d-d965ccfc6d4b" outcome="Passed" testListId="8c84fa94-04c1-424b-9868-57a2d4851a1d">
      <Output>
      </Output>
    </UnitTestResult>
    <UnitTestResult executionId="f73952f8-20ed-4071-9d05-7d384b56d28e" testId="eb7920bf-a6e1-c75d-46b0-de6dd1c7c658" testName="OrganizationHeaderFieldConstructorTest" computerName="SERVER001" duration="00:00:00.0055436" startTime="2010-01-24T19:15:53.2268482+11:00" endTime="2010-01-24T19:15:53.2348482+11:00" testType="13cdc9d9-ddb5-4fa4-a97d-d965ccfc6d4b" outcome="Passed" testListId="8c84fa94-04c1-424b-9868-57a2d4851a1d">
      <Output>
      </Output>
    </UnitTestResult>
    <UnitTestResult executionId="5ac912d5-b821-4647-86d0-e7f6b0a0f9f8" testId="7c4ec478-7fa1-670a-8024-c666f688df3a" testName="OrganizationHeaderFieldConstructorTest1" computerName="SERVER001" duration="00:00:00.0003099" startTime="2010-01-24T19:15:53.2358482+11:00" endTime="2010-01-24T19:15:53.2388482+11:00" testType="13cdc9d9-ddb5-4fa4-a97d-d965ccfc6d4b" outcome="Passed" testListId="8c84fa94-04c1-424b-9868-57a2d4851a1d">
      <Output>
      </Output>
    </UnitTestResult>
    <UnitTestResult executionId="0aa00086-8353-4702-96fe-e38f2028b4f9" testId="686d845e-146e-7ebf-ee2c-eb408614cc86" testName="OrganizationTest" computerName="SERVER001" duration="00:00:00.0058174" startTime="2010-01-24T19:15:53.2388482+11:00" endTime="2010-01-24T19:15:53.2478482+11:00" testType="13cdc9d9-ddb5-4fa4-a97d-d965ccfc6d4b" outcome="Passed" testListId="8c84fa94-04c1-424b-9868-57a2d4851a1d">
      <Output>
      </Output>
    </UnitTestResult>
    <UnitTestResult executionId="46a542f5-6697-4ce8-bac8-fed09ea5b4c0" testId="a87374d3-3771-cd37-9dec-d1065703799a" testName="ParseTest" computerName="SERVER001" duration="00:00:00.0604494" startTime="2010-01-24T19:15:53.2488482+11:00" endTime="2010-01-24T19:15:53.3148482+11:00" testType="13cdc9d9-ddb5-4fa4-a97d-d965ccfc6d4b" outcome="Passed" testListId="8c84fa94-04c1-424b-9868-57a2d4851a1d">
      <Output>
      </Output>
    </UnitTestResult>
    <UnitTestResult executionId="289d1bef-f2ae-4d47-8d61-a0a01463f7ae" testId="855bb2a0-0fbc-5ce8-ce09-73258876e1e3" testName="EqualsTest" computerName="SERVER001" duration="00:00:00.0024549" startTime="2010-01-24T19:15:53.3148482+11:00" endTime="2010-01-24T19:15:53.3208482+11:00" testType="13cdc9d9-ddb5-4fa4-a97d-d965ccfc6d4b" outcome="Passed" testListId="8c84fa94-04c1-424b-9868-57a2d4851a1d">
      <Output>
      </Output>
    </UnitTestResult>
    <UnitTestResult executionId="fed129d6-ad74-438c-b1bd-1b215dddbc86" testId="410e0e19-c3ea-6c3d-087c-cf0e242394c2" testName="FieldValueTest" computerName="SERVER001" duration="00:00:00.0700093" startTime="2010-01-24T19:15:53.3218482+11:00" endTime="2010-01-24T19:15:53.3938482+11:00" testType="13cdc9d9-ddb5-4fa4-a97d-d965ccfc6d4b" outcome="Failed" testListId="8c84fa94-04c1-424b-9868-57a2d4851a1d">
      <Output>
        <ErrorInfo>
          <Message>Test method Konnetic.Sip.UnitTests.ParamatizedHeaderFieldAdapter.FieldValueTest threw exception:  System.NullReferenceException: Object reference not set to an instance of an object..</Message>
          <StackTrace>    at Konnetic.Sip.Headers.ParamatizedHeaderFieldBase.Parse(String value) in D:\Business\Development\Konnetic\UnifySipApi\Production\Src\Konnetic Unify SIP API\Konnetic.Sip\Headers\BaseHeaderFields\ParamatizedHeaderFieldBase.cs:line 221
   at Konnetic.Sip.Headers.SipUriHeaderFieldBase.Parse(String value) in D:\Business\Development\Konnetic\UnifySipApi\Production\Src\Konnetic Unify SIP API\Konnetic.Sip\Headers\BaseHeaderFields\SipUriHeaderFieldBase.cs:line 235
   at Konnetic.Sip.Headers.AddressedHeaderFieldBase.Parse(String value) in D:\Business\Development\Konnetic\UnifySipApi\Production\Src\Konnetic Unify SIP API\Konnetic.Sip\Headers\BaseHeaderFields\AddressedHeaderFieldBase.cs:line 217
   at Konnetic.Sip.Headers.ToHeaderField.Parse(String value) in D:\Business\Development\Konnetic\UnifySipApi\Production\Src\Konnetic Unify SIP API\Konnetic.Sip\Headers\ToHeaderField.cs:line 275
   at Konnetic.Sip.Headers.ParamatizedHeaderFieldBase_Accessor.Parse(String value)
   at Konnetic.Sip.UnitTests.ParamatizedHeaderFieldAdapter.FieldValueTest() in D:\Business\Development\Konnetic\UnifySipApi\Production\Src\Konnetic Unify SIP API\Konnetic.Sip.UnitTests\HeaderFields\ParamatizedHeaderFieldAdapter.cs:line 115
</StackTrace>
        </ErrorInfo>
      </Output>
    </UnitTestResult>
    <UnitTestResult executionId="0d3d3158-36b4-4a0e-b7b7-3ae886f8c57f" testId="2832b89c-4c90-4ef9-c021-8746d0ae9776" testName="GetStringValue2" computerName="SERVER001" duration="00:00:00.0015152" startTime="2010-01-24T19:15:53.3948482+11:00" endTime="2010-01-24T19:15:53.3998482+11:00" testType="13cdc9d9-ddb5-4fa4-a97d-d965ccfc6d4b" outcome="Passed" testListId="8c84fa94-04c1-424b-9868-57a2d4851a1d">
      <Output>
      </Output>
    </UnitTestResult>
    <UnitTestResult executionId="4f344ffa-4cad-46a7-8352-6300299889bd" testId="896ac348-a389-5651-d4d6-64e9df8bb49f" testName="GetStringValueTest" computerName="SERVER001" duration="00:00:00.0012748" startTime="2010-01-24T19:15:53.3998482+11:00" endTime="2010-01-24T19:15:53.4038482+11:00" testType="13cdc9d9-ddb5-4fa4-a97d-d965ccfc6d4b" outcome="Passed" testListId="8c84fa94-04c1-424b-9868-57a2d4851a1d">
      <Output>
      </Output>
    </UnitTestResult>
    <UnitTestResult executionId="760f01f4-0f94-4441-a02f-cae72f15d6e8" testId="b3460b61-9fef-7e10-0196-a2c8ddefcce9" testName="HasParametersTest" computerName="SERVER001" duration="00:00:00.0027606" startTime="2010-01-24T19:15:53.4048482+11:00" endTime="2010-01-24T19:15:53.4098482+11:00" testType="13cdc9d9-ddb5-4fa4-a97d-d965ccfc6d4b" outcome="Failed" testListId="8c84fa94-04c1-424b-9868-57a2d4851a1d">
      <Output>
        <ErrorInfo>
          <Message>Test method Konnetic.Sip.UnitTests.ParamatizedHeaderFieldAdapter.HasParametersTest threw exception:  System.NullReferenceException: Object reference not set to an instance of an object..</Message>
          <StackTrace>    at Konnetic.Sip.Headers.ParamatizedHeaderFieldBase.get_HasParameters() in D:\Business\Development\Konnetic\UnifySipApi\Production\Src\Konnetic Unify SIP API\Konnetic.Sip\Headers\BaseHeaderFields\ParamatizedHeaderFieldBase.cs:line 43
   at Konnetic.Sip.Headers.ParamatizedHeaderFieldBase_Accessor.get_HasParameters()
   at Konnetic.Sip.UnitTests.ParamatizedHeaderFieldAdapter.HasParametersTest() in D:\Business\Development\Konnetic\UnifySipApi\Production\Src\Konnetic Unify SIP API\Konnetic.Sip.UnitTests\HeaderFields\ParamatizedHeaderFieldAdapter.cs:line 143
</StackTrace>
        </ErrorInfo>
      </Output>
    </UnitTestResult>
    <UnitTestResult executionId="46ace0d5-9dce-4233-9619-afb4e54fc969" testId="9d269ee2-4aee-5575-c070-85e4cf7df8b4" testName="IsValidTest" computerName="SERVER001" duration="00:00:00.0025997" startTime="2010-01-24T19:15:53.4108482+11:00" endTime="2010-01-24T19:15:53.4168482+11:00" testType="13cdc9d9-ddb5-4fa4-a97d-d965ccfc6d4b" outcome="Failed" testListId="8c84fa94-04c1-424b-9868-57a2d4851a1d">
      <Output>
        <ErrorInfo>
          <Message>Test method Konnetic.Sip.UnitTests.ParamatizedHeaderFieldAdapter.IsValidTest threw exception:  System.NullReferenceException: Object reference not set to an instance of an object..</Message>
          <StackTrace>    at Konnetic.Sip.Headers.ParamatizedHeaderFieldBase.get_HasParameters() in D:\Business\Development\Konnetic\UnifySipApi\Production\Src\Konnetic Unify SIP API\Konnetic.Sip\Headers\BaseHeaderFields\ParamatizedHeaderFieldBase.cs:line 43
   at Konnetic.Sip.Headers.ParamatizedHeaderFieldBase.IsValid() in D:\Business\Development\Konnetic\UnifySipApi\Production\Src\Konnetic Unify SIP API\Konnetic.Sip\Headers\BaseHeaderFields\ParamatizedHeaderFieldBase.cs:line 202
   at Konnetic.Sip.Headers.SipUriHeaderFieldBase.IsValid() in D:\Business\Development\Konnetic\UnifySipApi\Production\Src\Konnetic Unify SIP API\Konnetic.Sip\Headers\BaseHeaderFields\SipUriHeaderFieldBase.cs:line 182
   at Konnetic.Sip.Headers.ParamatizedHeaderFieldBase_Accessor.IsValid()
   at Konnetic.Sip.UnitTests.ParamatizedHeaderFieldAdapter.IsValidTest() in D:\Business\Development\Konnetic\UnifySipApi\Production\Src\Konnetic Unify SIP API\Konnetic.Sip.UnitTests\HeaderFields\ParamatizedHeaderFieldAdapter.cs:line 161
</StackTrace>
        </ErrorInfo>
      </Output>
    </UnitTestResult>
    <UnitTestResult executionId="8e8c81a4-0bfb-41d1-abcd-d605a6e74804" testId="9a43ccab-b0e3-47fd-c5a4-62289e6be33a" testName="ParametersTest" computerName="SERVER001" duration="00:00:00.0018287" startTime="2010-01-24T19:15:53.4168482+11:00" endTime="2010-01-24T19:15:53.4218482+11:00" testType="13cdc9d9-ddb5-4fa4-a97d-d965ccfc6d4b" outcome="Passed" testListId="8c84fa94-04c1-424b-9868-57a2d4851a1d">
      <Output>
      </Output>
    </UnitTestResult>
    <UnitTestResult executionId="03baf86e-1bbd-4dbb-b135-edcb856804bb" testId="08b514db-2f89-8a9b-d764-0367b3aba0bf" testName="ParametersTest1" computerName="SERVER001" duration="00:00:00.0012655" startTime="2010-01-24T19:15:53.4228482+11:00" endTime="2010-01-24T19:15:53.4268482+11:00" testType="13cdc9d9-ddb5-4fa4-a97d-d965ccfc6d4b" outcome="Passed" testListId="8c84fa94-04c1-424b-9868-57a2d4851a1d">
      <Output>
      </Output>
    </UnitTestResult>
    <UnitTestResult executionId="5b5485bf-64cd-4325-b214-000d3554c974" testId="ea63fe3f-8816-3cc7-9f19-a8d4b2ffb6cb" testName="ParseTest" computerName="SERVER001" duration="00:00:00.0032418" startTime="2010-01-24T19:15:53.4268482+11:00" endTime="2010-01-24T19:15:53.4358482+11:00" testType="13cdc9d9-ddb5-4fa4-a97d-d965ccfc6d4b" outcome="Failed" testListId="8c84fa94-04c1-424b-9868-57a2d4851a1d">
      <Output>
        <ErrorInfo>
          <Message>Test method Konnetic.Sip.UnitTests.ParamatizedHeaderFieldAdapter.ParseTest threw exception:  System.NullReferenceException: Object reference not set to an instance of an object..</Message>
          <StackTrace>    at Konnetic.Sip.Headers.ParamatizedHeaderFieldBase.Parse(String value) in D:\Business\Development\Konnetic\UnifySipApi\Production\Src\Konnetic Unify SIP API\Konnetic.Sip\Headers\BaseHeaderFields\ParamatizedHeaderFieldBase.cs:line 221
   at Konnetic.Sip.Headers.ContentDispositionHeaderField.Parse(String value) in D:\Business\Development\Konnetic\UnifySipApi\Production\Src\Konnetic Unify SIP API\Konnetic.Sip\Headers\ContentDispositionHeaderField.cs:line 345
   at Konnetic.Sip.UnitTests.ParamatizedHeaderFieldAdapter.ParseTest() in D:\Business\Development\Konnetic\UnifySipApi\Production\Src\Konnetic Unify SIP API\Konnetic.Sip.UnitTests\HeaderFields\ParamatizedHeaderFieldAdapter.cs:line 209
</StackTrace>
        </ErrorInfo>
      </Output>
    </UnitTestResult>
    <UnitTestResult executionId="fa3e31c9-a820-44fa-9643-31bddc1fab58" testId="bca649d8-b0d8-f0ac-ade8-6b6ba8fccdb2" testName="ToBytesTest" computerName="SERVER001" duration="00:00:00.0011588" startTime="2010-01-24T19:15:53.4358482+11:00" endTime="2010-01-24T19:15:53.4408482+11:00" testType="13cdc9d9-ddb5-4fa4-a97d-d965ccfc6d4b" outcome="Passed" testListId="8c84fa94-04c1-424b-9868-57a2d4851a1d">
      <Output>
      </Output>
    </UnitTestResult>
    <UnitTestResult executionId="9501dcc4-844a-4e82-a69a-154d4b07ff23" testId="57d29a05-d78a-e2cb-f059-9938b139364e" testName="ToCharsTest" computerName="SERVER001" duration="00:00:00.0011695" startTime="2010-01-24T19:15:53.4408482+11:00" endTime="2010-01-24T19:15:53.4458482+11:00" testType="13cdc9d9-ddb5-4fa4-a97d-d965ccfc6d4b" outcome="Passed" testListId="8c84fa94-04c1-424b-9868-57a2d4851a1d">
      <Output>
      </Output>
    </UnitTestResult>
    <UnitTestResult executionId="2e1808bc-b4cd-4265-9c45-1891d43b9dfe" testId="2222dbfa-3daf-0b63-bdcf-4870eeef6e3b" testName="ToStringTest1" computerName="SERVER001" duration="00:00:00.0578028" startTime="2010-01-24T19:15:53.4458482+11:00" endTime="2010-01-24T19:15:53.5068482+11:00" testType="13cdc9d9-ddb5-4fa4-a97d-d965ccfc6d4b" outcome="Failed" testListId="8c84fa94-04c1-424b-9868-57a2d4851a1d">
      <Output>
        <ErrorInfo>
          <Message>Test method Konnetic.Sip.UnitTests.ParamatizedHeaderFieldAdapter.ToStringTest1 threw exception:  System.NullReferenceException: Object reference not set to an instance of an object..</Message>
          <StackTrace>    at Konnetic.Sip.Headers.ParamatizedHeaderFieldBase.Parse(String value) in D:\Business\Development\Konnetic\UnifySipApi\Production\Src\Konnetic Unify SIP API\Konnetic.Sip\Headers\BaseHeaderFields\ParamatizedHeaderFieldBase.cs:line 221
   at Konnetic.Sip.Headers.SipUriHeaderFieldBase.Parse(String value) in D:\Business\Development\Konnetic\UnifySipApi\Production\Src\Konnetic Unify SIP API\Konnetic.Sip\Headers\BaseHeaderFields\SipUriHeaderFieldBase.cs:line 235
   at Konnetic.Sip.Headers.AddressedHeaderFieldBase.Parse(String value) in D:\Business\Development\Konnetic\UnifySipApi\Production\Src\Konnetic Unify SIP API\Konnetic.Sip\Headers\BaseHeaderFields\AddressedHeaderFieldBase.cs:line 217
   at Konnetic.Sip.Headers.ToHeaderField.Parse(String value) in D:\Business\Development\Konnetic\UnifySipApi\Production\Src\Konnetic Unify SIP API\Konnetic.Sip\Headers\ToHeaderField.cs:line 275
   at Konnetic.Sip.Headers.ParamatizedHeaderFieldBase_Accessor.Parse(String value)
   at Konnetic.Sip.UnitTests.ParamatizedHeaderFieldAdapter.ToStringTest1() in D:\Business\Development\Konnetic\UnifySipApi\Production\Src\Konnetic Unify SIP API\Konnetic.Sip.UnitTests\HeaderFields\ParamatizedHeaderFieldAdapter.cs:line 300
</StackTrace>
        </ErrorInfo>
      </Output>
    </UnitTestResult>
    <UnitTestResult executionId="b26ca9e7-dbd3-4817-b68f-516cc8e6833f" testId="be8b134f-ff9c-2a6a-ea6f-1cd88e025c03" testName="CloneTest" computerName="SERVER001" duration="00:00:00.0017853" startTime="2010-01-24T19:15:53.5078482+11:00" endTime="2010-01-24T19:15:53.5128482+11:00" testType="13cdc9d9-ddb5-4fa4-a97d-d965ccfc6d4b" outcome="Passed" testListId="8c84fa94-04c1-424b-9868-57a2d4851a1d">
      <Output>
      </Output>
    </UnitTestResult>
    <UnitTestResult executionId="e863e02c-b819-4b2f-85d1-6a8eab29a949" testId="92aed08b-06ee-d289-f490-706f9ba32410" testName="EqualsTest" computerName="SERVER001" duration="00:00:00.0007540" startTime="2010-01-24T19:15:53.5138482+11:00" endTime="2010-01-24T19:15:53.5168482+11:00" testType="13cdc9d9-ddb5-4fa4-a97d-d965ccfc6d4b" outcome="Passed" testListId="8c84fa94-04c1-424b-9868-57a2d4851a1d">
      <Output>
      </Output>
    </UnitTestResult>
    <UnitTestResult executionId="641cdd3b-e830-4f58-9557-4e3b6a645874" testId="94714b9f-a1ce-0c8a-be15-86e0d9804923" testName="GetStringValueTest" computerName="SERVER001" duration="00:00:00.0006595" startTime="2010-01-24T19:15:53.5168482+11:00" endTime="2010-01-24T19:15:53.5208482+11:00" testType="13cdc9d9-ddb5-4fa4-a97d-d965ccfc6d4b" outcome="Passed" testListId="8c84fa94-04c1-424b-9868-57a2d4851a1d">
      <Output>
      </Output>
    </UnitTestResult>
    <UnitTestResult executionId="50b2b62c-b7cc-48c8-8f02-b969e91c56cf" testId="466fbb9f-8656-473b-1e0f-79e449edfc51" testName="IsValidTest" computerName="SERVER001" duration="00:00:00.0008981" startTime="2010-01-24T19:15:53.5208482+11:00" endTime="2010-01-24T19:15:53.5248482+11:00" testType="13cdc9d9-ddb5-4fa4-a97d-d965ccfc6d4b" outcome="Passed" testListId="8c84fa94-04c1-424b-9868-57a2d4851a1d">
      <Output>
      </Output>
    </UnitTestResult>
    <UnitTestResult executionId="162bba85-e310-4dc4-9f65-b6a226e75b30" testId="3346cd6a-f554-d182-e537-914d0ca5483a" testName="ParseTest" computerName="SERVER001" duration="00:00:00.1071592" startTime="2010-01-24T19:15:53.5258482+11:00" endTime="2010-01-24T19:15:53.6358482+11:00" testType="13cdc9d9-ddb5-4fa4-a97d-d965ccfc6d4b" outcome="Passed" testListId="8c84fa94-04c1-424b-9868-57a2d4851a1d">
      <Output>
      </Output>
    </UnitTestResult>
    <UnitTestResult executionId="cbd6fad5-d7f5-40a6-b477-4351b9d0c0fc" testId="2474a6fa-4a3e-fff1-f866-95614deda3e7" testName="PriorityHeaderFieldConstructorTest" computerName="SERVER001" duration="00:00:00.0007873" startTime="2010-01-24T19:15:53.6368482+11:00" endTime="2010-01-24T19:15:53.6408482+11:00" testType="13cdc9d9-ddb5-4fa4-a97d-d965ccfc6d4b" outcome="Passed" testListId="8c84fa94-04c1-424b-9868-57a2d4851a1d">
      <Output>
      </Output>
    </UnitTestResult>
    <UnitTestResult executionId="29895d38-8ae6-4e84-98fc-edee802f02a5" testId="d8d15216-2f25-22fc-fa4d-11918987a915" testName="PriorityHeaderFieldConstructorTest1" computerName="SERVER001" duration="00:00:00.0007078" startTime="2010-01-24T19:15:53.6418482+11:00" endTime="2010-01-24T19:15:53.6448482+11:00" testType="13cdc9d9-ddb5-4fa4-a97d-d965ccfc6d4b" outcome="Passed" testListId="8c84fa94-04c1-424b-9868-57a2d4851a1d">
      <Output>
      </Output>
    </UnitTestResult>
    <UnitTestResult executionId="09e7d520-0d9b-48d2-9ee4-5afe5f144e54" testId="62c0ac74-4e3d-5ecb-96ec-cf15917b26b6" testName="PriorityHeaderFieldConstructorTest2" computerName="SERVER001" duration="00:00:00.0004330" startTime="2010-01-24T19:15:53.6458482+11:00" endTime="2010-01-24T19:15:53.6488482+11:00" testType="13cdc9d9-ddb5-4fa4-a97d-d965ccfc6d4b" outcome="Passed" testListId="8c84fa94-04c1-424b-9868-57a2d4851a1d">
      <Output>
      </Output>
    </UnitTestResult>
    <UnitTestResult executionId="56a2426e-f3e1-4159-a458-5fcaca9531c3" testId="fa938ca1-2b71-1639-675a-7687d653c3f6" testName="PriorityTest" computerName="SERVER001" duration="00:00:00.0011266" startTime="2010-01-24T19:15:53.6488482+11:00" endTime="2010-01-24T19:15:53.6528482+11:00" testType="13cdc9d9-ddb5-4fa4-a97d-d965ccfc6d4b" outcome="Passed" testListId="8c84fa94-04c1-424b-9868-57a2d4851a1d">
      <Output>
      </Output>
    </UnitTestResult>
    <UnitTestResult executionId="cfccf783-e7a2-4537-bb57-b259d1ad10f2" testId="428568ae-f4e4-54ff-3deb-ee3bca4a2e24" testName="PriorityTest1" computerName="SERVER001" duration="00:00:00.0010410" startTime="2010-01-24T19:15:53.6528482+11:00" endTime="2010-01-24T19:15:53.6568482+11:00" testType="13cdc9d9-ddb5-4fa4-a97d-d965ccfc6d4b" outcome="Passed" testListId="8c84fa94-04c1-424b-9868-57a2d4851a1d">
      <Output>
      </Output>
    </UnitTestResult>
    <UnitTestResult executionId="9cfdb355-fd86-4b9a-940f-f45795b12cd4" testId="c0558edf-1bed-b157-3ae0-2cae9af825db" testName="CloneTest" computerName="SERVER001" duration="00:00:00.0057181" startTime="2010-01-24T19:15:53.6578482+11:00" endTime="2010-01-24T19:15:53.6658482+11:00" testType="13cdc9d9-ddb5-4fa4-a97d-d965ccfc6d4b" outcome="Failed" testListId="8c84fa94-04c1-424b-9868-57a2d4851a1d">
      <Output>
        <ErrorInfo>
          <Message>Test method Konnetic.Sip.UnitTests.ProxyAuthenticateHeaderFieldAdapter.CloneTest threw exception:  System.NullReferenceException: Object reference not set to an instance of an object..</Message>
          <StackTrace>    at Konnetic.Sip.Headers.ProxyAuthenticateHeaderField.Clone() in D:\Business\Development\Konnetic\UnifySipApi\Production\Src\Konnetic Unify SIP API\Konnetic.Sip\Headers\ProxyAuthenticateHeaderField.cs:line 137
   at Konnetic.Sip.UnitTests.ProxyAuthenticateHeaderFieldAdapter.CloneTest() in D:\Business\Development\Konnetic\UnifySipApi\Production\Src\Konnetic Unify SIP API\Konnetic.Sip.UnitTests\HeaderFields\ProxyAuthenticateHeaderFieldAdapter.cs:line 51
</StackTrace>
        </ErrorInfo>
      </Output>
    </UnitTestResult>
    <UnitTestResult executionId="016e3a6f-a889-4c0c-9204-ed88e4802b0a" testId="4f422e84-eeb3-89db-19e6-477df92a29a5" testName="EqualsTest" computerName="SERVER001" duration="00:00:00.0047144" startTime="2010-01-24T19:15:53.6668482+11:00" endTime="2010-01-24T19:15:53.6748482+11:00" testType="13cdc9d9-ddb5-4fa4-a97d-d965ccfc6d4b" outcome="Failed" testListId="8c84fa94-04c1-424b-9868-57a2d4851a1d">
      <Output>
        <ErrorInfo>
          <Message>Test method Konnetic.Sip.UnitTests.ProxyAuthenticateHeaderFieldAdapter.EqualsTest threw exception:  System.NullReferenceException: Object reference not set to an instance of an object..</Message>
          <StackTrace>    at Konnetic.Sip.Headers.SchemeHeaderFieldBase.set_Algorithm(String value) in D:\Business\Development\Konnetic\UnifySipApi\Production\Src\Konnetic Unify SIP API\Konnetic.Sip\Headers\BaseHeaderFields\SchemeHeaderFieldBase.cs:line 58
   at Konnetic.Sip.UnitTests.ProxyAuthenticateHeaderFieldAdapter.EqualsTest() in D:\Business\Development\Konnetic\UnifySipApi\Production\Src\Konnetic Unify SIP API\Konnetic.Sip.UnitTests\HeaderFields\ProxyAuthenticateHeaderFieldAdapter.cs:line 137
</StackTrace>
        </ErrorInfo>
      </Output>
    </UnitTestResult>
    <UnitTestResult executionId="c8defc5a-0295-488c-9ef6-59c9136e8d5d" testId="6e9d7e82-132a-cad1-6b4b-bbd4dc268438" testName="ParseTest" computerName="SERVER001" duration="00:00:00.0225740" startTime="2010-01-24T19:15:53.6748482+11:00" endTime="2010-01-24T19:15:53.7008482+11:00" testType="13cdc9d9-ddb5-4fa4-a97d-d965ccfc6d4b" outcome="Failed" testListId="8c84fa94-04c1-424b-9868-57a2d4851a1d">
      <Output>
        <ErrorInfo>
          <Message>Test method Konnetic.Sip.UnitTests.ProxyAuthenticateHeaderFieldAdapter.ParseTest threw exception:  System.NullReferenceException: Object reference not set to an instance of an object..</Message>
          <StackTrace>    at Konnetic.Sip.Headers.ParamatizedHeaderFieldBase.Parse(String value) in D:\Business\Development\Konnetic\UnifySipApi\Production\Src\Konnetic Unify SIP API\Konnetic.Sip\Headers\BaseHeaderFields\ParamatizedHeaderFieldBase.cs:line 221
   at Konnetic.Sip.Headers.SecurityHeaderFieldBase.Parse(String value) in D:\Business\Development\Konnetic\UnifySipApi\Production\Src\Konnetic Unify SIP API\Konnetic.Sip\Headers\BaseHeaderFields\SecurityHeaderFieldBase.cs:line 74
   at Konnetic.Sip.Headers.SchemeHeaderFieldBase.Parse(String value) in D:\Business\Development\Konnetic\UnifySipApi\Production\Src\Konnetic Unify SIP API\Konnetic.Sip\Headers\BaseHeaderFields\SchemeHeaderFieldBase.cs:line 369
   at Konnetic.Sip.Headers.ChallengeHeaderFieldBase.Parse(String value) in D:\Business\Development\Konnetic\UnifySipApi\Production\Src\Konnetic Unify SIP API\Konnetic.Sip\Headers\BaseHeaderFields\ChallengeHeaderFieldBase.cs:line 341
   at Konnetic.Sip.Headers.ProxyAuthenticateHeaderField.Parse(String value) in D:\Business\Development\Konnetic\UnifySipApi\Production\Src\Konnetic Unify SIP API\Konnetic.Sip\Headers\ProxyAuthenticateHeaderField.cs:line 238
   at Konnetic.Sip.UnitTests.ProxyAuthenticateHeaderFieldAdapter.ParseTest() in D:\Business\Development\Konnetic\UnifySipApi\Production\Src\Konnetic Unify SIP API\Konnetic.Sip.UnitTests\HeaderFields\ProxyAuthenticateHeaderFieldAdapter.cs:line 206
</StackTrace>
        </ErrorInfo>
      </Output>
    </UnitTestResult>
    <UnitTestResult executionId="008f981a-12a7-4581-b366-7a05df63148c" testId="08e22c23-024d-f6dc-1fad-a79bf6694224" testName="ProxyAuthenticateHeaderFieldConstructorTest" computerName="SERVER001" duration="00:00:00.0026703" startTime="2010-01-24T19:15:53.7018482+11:00" endTime="2010-01-24T19:15:53.7068482+11:00" testType="13cdc9d9-ddb5-4fa4-a97d-d965ccfc6d4b" outcome="Failed" testListId="8c84fa94-04c1-424b-9868-57a2d4851a1d">
      <Output>
        <ErrorInfo>
          <Message>Test method Konnetic.Sip.UnitTests.ProxyAuthenticateHeaderFieldAdapter.ProxyAuthenticateHeaderFieldConstructorTest threw exception:  System.NullReferenceException: Object reference not set to an instance of an object..</Message>
          <StackTrace>    at Konnetic.Sip.Headers.SchemeHeaderFieldBase.get_Algorithm() in D:\Business\Development\Konnetic\UnifySipApi\Production\Src\Konnetic Unify SIP API\Konnetic.Sip\Headers\BaseHeaderFields\SchemeHeaderFieldBase.cs:line 38
   at Konnetic.Sip.UnitTests.ProxyAuthenticateHeaderFieldAdapter.ProxyAuthenticateHeaderFieldConstructorTest() in D:\Business\Development\Konnetic\UnifySipApi\Production\Src\Konnetic Unify SIP API\Konnetic.Sip.UnitTests\HeaderFields\ProxyAuthenticateHeaderFieldAdapter.cs:line 276
</StackTrace>
        </ErrorInfo>
      </Output>
    </UnitTestResult>
    <UnitTestResult executionId="c3dfbaeb-e703-494d-adca-eef34d0288eb" testId="b484b2f3-7130-db20-c96b-39005f5bfc72" testName="ProxyAuthenticateHeaderFieldConstructorTest1" computerName="SERVER001" duration="00:00:00.0018721" startTime="2010-01-24T19:15:53.7078482+11:00" endTime="2010-01-24T19:15:53.7128482+11:00" testType="13cdc9d9-ddb5-4fa4-a97d-d965ccfc6d4b" outcome="Failed" testListId="8c84fa94-04c1-424b-9868-57a2d4851a1d">
      <Output>
        <ErrorInfo>
          <Message>Test method Konnetic.Sip.UnitTests.ProxyAuthenticateHeaderFieldAdapter.ProxyAuthenticateHeaderFieldConstructorTest1 threw exception:  System.NullReferenceException: Object reference not set to an instance of an object..</Message>
          <StackTrace>    at Konnetic.Sip.Headers.SchemeHeaderFieldBase.get_Algorithm() in D:\Business\Development\Konnetic\UnifySipApi\Production\Src\Konnetic Unify SIP API\Konnetic.Sip\Headers\BaseHeaderFields\SchemeHeaderFieldBase.cs:line 38
   at Konnetic.Sip.UnitTests.ProxyAuthenticateHeaderFieldAdapter.ProxyAuthenticateHeaderFieldConstructorTest1() in D:\Business\Development\Konnetic\UnifySipApi\Production\Src\Konnetic Unify SIP API\Konnetic.Sip.UnitTests\HeaderFields\ProxyAuthenticateHeaderFieldAdapter.cs:line 304
</StackTrace>
        </ErrorInfo>
      </Output>
    </UnitTestResult>
    <UnitTestResult executionId="04a9698f-f3b8-41c2-98ed-18ea5a6636fa" testId="06e8262b-ee4b-6bad-9fea-064065b62594" testName="CloneTest" computerName="SERVER001" duration="00:00:00.0031937" startTime="2010-01-24T19:15:53.7128482+11:00" endTime="2010-01-24T19:15:53.7188482+11:00" testType="13cdc9d9-ddb5-4fa4-a97d-d965ccfc6d4b" outcome="Failed" testListId="8c84fa94-04c1-424b-9868-57a2d4851a1d">
      <Output>
        <ErrorInfo>
          <Message>Test method Konnetic.Sip.UnitTests.ProxyAuthorizationHeaderFieldAdapter.CloneTest threw exception:  System.NullReferenceException: Object reference not set to an instance of an object..</Message>
          <StackTrace>    at Konnetic.Sip.Headers.ProxyAuthorizationHeaderField.Clone() in D:\Business\Development\Konnetic\UnifySipApi\Production\Src\Konnetic Unify SIP API\Konnetic.Sip\Headers\ProxyAuthorizationHeaderField.cs:line 122
   at Konnetic.Sip.UnitTests.ProxyAuthorizationHeaderFieldAdapter.CloneTest() in D:\Business\Development\Konnetic\UnifySipApi\Production\Src\Konnetic Unify SIP API\Konnetic.Sip.UnitTests\HeaderFields\ProxyAuthorizationHeaderFieldAdapter.cs:line 51
</StackTrace>
        </ErrorInfo>
      </Output>
    </UnitTestResult>
    <UnitTestResult executionId="ea6b0fac-b3c1-4d11-874a-740f994c02f6" testId="0b04150c-9778-ae73-27dd-c7be40b78c7f" testName="EqualsTest" computerName="SERVER001" duration="00:00:00.0039040" startTime="2010-01-24T19:15:53.7198482+11:00" endTime="2010-01-24T19:15:53.7278482+11:00" testType="13cdc9d9-ddb5-4fa4-a97d-d965ccfc6d4b" outcome="Failed" testListId="8c84fa94-04c1-424b-9868-57a2d4851a1d">
      <Output>
        <ErrorInfo>
          <Message>Test method Konnetic.Sip.UnitTests.ProxyAuthorizationHeaderFieldAdapter.EqualsTest threw exception:  System.NullReferenceException: Object reference not set to an instance of an object..</Message>
          <StackTrace>    at Konnetic.Sip.Headers.AuthorizationHeaderFieldBase.set_UserName(String value) in D:\Business\Development\Konnetic\UnifySipApi\Production\Src\Konnetic Unify SIP API\Konnetic.Sip\Headers\BaseHeaderFields\AuthorizationHeaderFieldBase.cs:line 237
   at Konnetic.Sip.UnitTests.ProxyAuthorizationHeaderFieldAdapter.EqualsTest() in D:\Business\Development\Konnetic\UnifySipApi\Production\Src\Konnetic Unify SIP API\Konnetic.Sip.UnitTests\HeaderFields\ProxyAuthorizationHeaderFieldAdapter.cs:line 81
</StackTrace>
        </ErrorInfo>
      </Output>
    </UnitTestResult>
    <UnitTestResult executionId="9ddaf338-c9e1-4094-9e6d-441b35c5429c" testId="d07abc88-a501-1ccc-9a5d-0c9aa1a4d566" testName="ParseTest" computerName="SERVER001" duration="00:00:00.0104791" startTime="2010-01-24T19:15:53.7288482+11:00" endTime="2010-01-24T19:15:53.7418482+11:00" testType="13cdc9d9-ddb5-4fa4-a97d-d965ccfc6d4b" outcome="Failed" testListId="8c84fa94-04c1-424b-9868-57a2d4851a1d">
      <Output>
        <ErrorInfo>
          <Message>Test method Konnetic.Sip.UnitTests.ProxyAuthorizationHeaderFieldAdapter.ParseTest threw exception:  System.NullReferenceException: Object reference not set to an instance of an object..</Message>
          <StackTrace>    at Konnetic.Sip.Headers.ParamatizedHeaderFieldBase.Parse(String value) in D:\Business\Development\Konnetic\UnifySipApi\Production\Src\Konnetic Unify SIP API\Konnetic.Sip\Headers\BaseHeaderFields\ParamatizedHeaderFieldBase.cs:line 221
   at Konnetic.Sip.Headers.SecurityHeaderFieldBase.Parse(String value) in D:\Business\Development\Konnetic\UnifySipApi\Production\Src\Konnetic Unify SIP API\Konnetic.Sip\Headers\BaseHeaderFields\SecurityHeaderFieldBase.cs:line 74
   at Konnetic.Sip.Headers.SchemeHeaderFieldBase.Parse(String value) in D:\Business\Development\Konnetic\UnifySipApi\Production\Src\Konnetic Unify SIP API\Konnetic.Sip\Headers\BaseHeaderFields\SchemeHeaderFieldBase.cs:line 369
   at Konnetic.Sip.Headers.AuthorizationHeaderFieldBase.Parse(String value) in D:\Business\Development\Konnetic\UnifySipApi\Production\Src\Konnetic Unify SIP API\Konnetic.Sip\Headers\BaseHeaderFields\AuthorizationHeaderFieldBase.cs:line 426
   at Konnetic.Sip.Headers.ProxyAuthorizationHeaderField.Parse(String value) in D:\Business\Development\Konnetic\UnifySipApi\Production\Src\Konnetic Unify SIP API\Konnetic.Sip\Headers\ProxyAuthorizationHeaderField.cs:line 220
   at Konnetic.Sip.UnitTests.ProxyAuthorizationHeaderFieldAdapter.ParseTest() in D:\Business\Development\Konnetic\UnifySipApi\Production\Src\Konnetic Unify SIP API\Konnetic.Sip.UnitTests\HeaderFields\ProxyAuthorizationHeaderFieldAdapter.cs:line 100
</StackTrace>
        </ErrorInfo>
      </Output>
    </UnitTestResult>
    <UnitTestResult executionId="d4a9161f-a01c-4edc-9582-292d3a9ee90a" testId="e3872c75-1d55-f87d-592c-75a56c065b6b" testName="CloneTest" computerName="SERVER001" duration="00:00:00.0014418" startTime="2010-01-24T19:15:53.7428482+11:00" endTime="2010-01-24T19:15:53.7478482+11:00" testType="13cdc9d9-ddb5-4fa4-a97d-d965ccfc6d4b" outcome="Passed" testListId="8c84fa94-04c1-424b-9868-57a2d4851a1d">
      <Output>
      </Output>
    </UnitTestResult>
    <UnitTestResult executionId="ef9bbae5-2e7b-48db-a5ff-eacefb72c11b" testId="7d717175-2905-e8a7-02ed-85f6a9e5c075" testName="EqualsTest" computerName="SERVER001" duration="00:00:00.0055381" startTime="2010-01-24T19:15:53.7478482+11:00" endTime="2010-01-24T19:15:53.7558482+11:00" testType="13cdc9d9-ddb5-4fa4-a97d-d965ccfc6d4b" outcome="Passed" testListId="8c84fa94-04c1-424b-9868-57a2d4851a1d">
      <Output>
      </Output>
    </UnitTestResult>
    <UnitTestResult executionId="8f6ae0f3-987c-45ed-b9a0-222f97572e2f" testId="8c5a1e66-e71f-df50-7008-6b6a358266c2" testName="ParseTest" computerName="SERVER001" duration="00:00:00.1388190" startTime="2010-01-24T19:15:53.7568482+11:00" endTime="2010-01-24T19:15:53.8978482+11:00" testType="13cdc9d9-ddb5-4fa4-a97d-d965ccfc6d4b" outcome="Passed" testListId="8c84fa94-04c1-424b-9868-57a2d4851a1d">
      <Output>
      </Output>
    </UnitTestResult>
    <UnitTestResult executionId="5cc4f90d-21fa-4866-8975-ee86db43393f" testId="d2a159b7-141b-e7a2-1545-bc0632ae7db8" testName="ProxyRequireHeaderFieldConstructorTest" computerName="SERVER001" duration="00:00:00.0008373" startTime="2010-01-24T19:15:53.8988482+11:00" endTime="2010-01-24T19:15:53.9018482+11:00" testType="13cdc9d9-ddb5-4fa4-a97d-d965ccfc6d4b" outcome="Passed" testListId="8c84fa94-04c1-424b-9868-57a2d4851a1d">
      <Output>
      </Output>
    </UnitTestResult>
    <UnitTestResult executionId="37988178-fa27-4d39-962d-3f4509c1d538" testId="1b788345-3c5a-05c2-4d88-0af71e4c57df" testName="ProxyRequireHeaderFieldConstructorTest3" computerName="SERVER001" duration="00:00:00.0005953" startTime="2010-01-24T19:15:53.9028482+11:00" endTime="2010-01-24T19:15:53.9068482+11:00" testType="13cdc9d9-ddb5-4fa4-a97d-d965ccfc6d4b" outcome="Passed" testListId="8c84fa94-04c1-424b-9868-57a2d4851a1d">
      <Output>
      </Output>
    </UnitTestResult>
    <UnitTestResult executionId="b80b8365-8638-44dd-93b1-b4bb04852d46" testId="4d61e91d-57d6-3e08-cc8a-6fecb9cbd84d" testName="EqualsTest" computerName="SERVER001" duration="00:00:00.0031762" startTime="2010-01-24T19:15:53.9078482+11:00" endTime="2010-01-24T19:15:53.9168482+11:00" testType="13cdc9d9-ddb5-4fa4-a97d-d965ccfc6d4b" outcome="Failed" testListId="8c84fa94-04c1-424b-9868-57a2d4851a1d">
      <Output>
        <ErrorInfo>
          <Message>Test method Konnetic.Sip.UnitTests.QValueHeaderFieldAdapter.EqualsTest threw exception:  System.NullReferenceException: Object reference not set to an instance of an object..</Message>
          <StackTrace>    at Konnetic.Sip.Headers.QValueHeaderFieldBase.set_QValue(Single value) in D:\Business\Development\Konnetic\UnifySipApi\Production\Src\Konnetic Unify SIP API\Konnetic.Sip\Headers\BaseHeaderFields\QValueHeaderFieldBase.cs:line 58
   at Konnetic.Sip.Headers.QValueHeaderFieldBase..ctor(Single qValue) in D:\Business\Development\Konnetic\UnifySipApi\Production\Src\Konnetic Unify SIP API\Konnetic.Sip\Headers\BaseHeaderFields\QValueHeaderFieldBase.cs:line 92
   at Konnetic.Sip.Headers.QValueHeaderFieldBase..ctor() in D:\Business\Development\Konnetic\UnifySipApi\Production\Src\Konnetic Unify SIP API\Konnetic.Sip\Headers\BaseHeaderFields\QValueHeaderFieldBase.cs:line 80
   at Konnetic.Sip.Headers.AcceptEncodingHeaderField..ctor() in D:\Business\Development\Konnetic\UnifySipApi\Production\Src\Konnetic Unify SIP API\Konnetic.Sip\Headers\AcceptEncodingHeaderField.cs:line 133
   at Konnetic.Sip.Headers.AcceptEncodingHeaderField..ctor(String encoding) in D:\Business\Development\Konnetic\UnifySipApi\Production\Src\Konnetic Unify SIP API\Konnetic.Sip\Headers\AcceptEncodingHeaderField.cs:line 149
   at Konnetic.Sip.UnitTests.QValueHeaderFieldAdapter.CreateQValueHeaderField() in D:\Business\Development\Konnetic\UnifySipApi\Production\Src\Konnetic Unify SIP API\Konnetic.Sip.UnitTests\HeaderFields\QValueHeaderFieldAdapter.cs:line 226
   at Konnetic.Sip.UnitTests.QValueHeaderFieldAdapter.EqualsTest() in D:\Business\Development\Konnetic\UnifySipApi\Production\Src\Konnetic Unify SIP API\Konnetic.Sip.UnitTests\HeaderFields\QValueHeaderFieldAdapter.cs:line 236
</StackTrace>
        </ErrorInfo>
      </Output>
    </UnitTestResult>
    <UnitTestResult executionId="1ba85c11-2a5f-4358-b225-f8b24b608706" testId="a29b1dfc-2712-0916-f0e2-30edb013f762" testName="EqualsTest1" computerName="SERVER001" duration="00:00:00.0019621" startTime="2010-01-24T19:15:53.9178482+11:00" endTime="2010-01-24T19:15:53.9218482+11:00" testType="13cdc9d9-ddb5-4fa4-a97d-d965ccfc6d4b" outcome="Failed" testListId="8c84fa94-04c1-424b-9868-57a2d4851a1d">
      <Output>
        <ErrorInfo>
          <Message>Test method Konnetic.Sip.UnitTests.QValueHeaderFieldAdapter.EqualsTest1 threw exception:  System.NullReferenceException: Object reference not set to an instance of an object..</Message>
          <StackTrace>    at Konnetic.Sip.Headers.QValueHeaderFieldBase.set_QValue(Single value) in D:\Business\Development\Konnetic\UnifySipApi\Production\Src\Konnetic Unify SIP API\Konnetic.Sip\Headers\BaseHeaderFields\QValueHeaderFieldBase.cs:line 58
   at Konnetic.Sip.Headers.QValueHeaderFieldBase..ctor(Single qValue) in D:\Business\Development\Konnetic\UnifySipApi\Production\Src\Konnetic Unify SIP API\Konnetic.Sip\Headers\BaseHeaderFields\QValueHeaderFieldBase.cs:line 92
   at Konnetic.Sip.Headers.QValueHeaderFieldBase..ctor() in D:\Business\Development\Konnetic\UnifySipApi\Production\Src\Konnetic Unify SIP API\Konnetic.Sip\Headers\BaseHeaderFields\QValueHeaderFieldBase.cs:line 80
   at Konnetic.Sip.Headers.AcceptEncodingHeaderField..ctor() in D:\Business\Development\Konnetic\UnifySipApi\Production\Src\Konnetic Unify SIP API\Konnetic.Sip\Headers\AcceptEncodingHeaderField.cs:line 133
   at Konnetic.Sip.Headers.AcceptEncodingHeaderField..ctor(String encoding) in D:\Business\Development\Konnetic\UnifySipApi\Production\Src\Konnetic Unify SIP API\Konnetic.Sip\Headers\AcceptEncodingHeaderField.cs:line 149
   at Konnetic.Sip.UnitTests.QValueHeaderFieldAdapter.CreateQValueHeaderField() in D:\Business\Development\Konnetic\UnifySipApi\Production\Src\Konnetic Unify SIP API\Konnetic.Sip.UnitTests\HeaderFields\QValueHeaderFieldAdapter.cs:line 226
   at Konnetic.Sip.UnitTests.QValueHeaderFieldAdapter.EqualsTest1() in D:\Business\Development\Konnetic\UnifySipApi\Production\Src\Konnetic Unify SIP API\Konnetic.Sip.UnitTests\HeaderFields\QValueHeaderFieldAdapter.cs:line 201
</StackTrace>
        </ErrorInfo>
      </Output>
    </UnitTestResult>
    <UnitTestResult executionId="48331af7-f47a-41a2-9502-eea781922c37" testId="5d98c783-a4db-c8a0-f483-d68c70a83d69" testName="EqualsTest2" computerName="SERVER001" duration="00:00:00.0024957" startTime="2010-01-24T19:15:53.9228482+11:00" endTime="2010-01-24T19:15:53.9278482+11:00" testType="13cdc9d9-ddb5-4fa4-a97d-d965ccfc6d4b" outcome="Failed" testListId="8c84fa94-04c1-424b-9868-57a2d4851a1d">
      <Output>
        <ErrorInfo>
          <Message>Test method Konnetic.Sip.UnitTests.QValueHeaderFieldAdapter.EqualsTest2 threw exception:  System.NullReferenceException: Object reference not set to an instance of an object..</Message>
          <StackTrace>    at Konnetic.Sip.Headers.QValueHeaderFieldBase.set_QValue(Single value) in D:\Business\Development\Konnetic\UnifySipApi\Production\Src\Konnetic Unify SIP API\Konnetic.Sip\Headers\BaseHeaderFields\QValueHeaderFieldBase.cs:line 58
   at Konnetic.Sip.Headers.QValueHeaderFieldBase..ctor(Single qValue) in D:\Business\Development\Konnetic\UnifySipApi\Production\Src\Konnetic Unify SIP API\Konnetic.Sip\Headers\BaseHeaderFields\QValueHeaderFieldBase.cs:line 92
   at Konnetic.Sip.Headers.QValueHeaderFieldBase..ctor() in D:\Business\Development\Konnetic\UnifySipApi\Production\Src\Konnetic Unify SIP API\Konnetic.Sip\Headers\BaseHeaderFields\QValueHeaderFieldBase.cs:line 80
   at Konnetic.Sip.Headers.AcceptEncodingHeaderField..ctor() in D:\Business\Development\Konnetic\UnifySipApi\Production\Src\Konnetic Unify SIP API\Konnetic.Sip\Headers\AcceptEncodingHeaderField.cs:line 133
   at Konnetic.Sip.Headers.AcceptEncodingHeaderField..ctor(String encoding) in D:\Business\Development\Konnetic\UnifySipApi\Production\Src\Konnetic Unify SIP API\Konnetic.Sip\Headers\AcceptEncodingHeaderField.cs:line 149
   at Konnetic.Sip.UnitTests.QValueHeaderFieldAdapter.CreateQValueHeaderField() in D:\Business\Development\Konnetic\UnifySipApi\Production\Src\Konnetic Unify SIP API\Konnetic.Sip.UnitTests\HeaderFields\QValueHeaderFieldAdapter.cs:line 226
   at Konnetic.Sip.UnitTests.QValueHeaderFieldAdapter.EqualsTest2() in D:\Business\Development\Konnetic\UnifySipApi\Production\Src\Konnetic Unify SIP API\Konnetic.Sip.UnitTests\HeaderFields\QValueHeaderFieldAdapter.cs:line 152
</StackTrace>
        </ErrorInfo>
      </Output>
    </UnitTestResult>
    <UnitTestResult executionId="c8967b95-c479-4916-a681-c7b03a85dae3" testId="2cf89818-ac7c-672a-178c-efb31c5b06e8" testName="ParseQValueTest" computerName="SERVER001" duration="00:00:00.0172570" startTime="2010-01-24T19:15:53.9278482+11:00" endTime="2010-01-24T19:15:53.9478482+11:00" testType="13cdc9d9-ddb5-4fa4-a97d-d965ccfc6d4b" outcome="Passed" testListId="8c84fa94-04c1-424b-9868-57a2d4851a1d">
      <Output>
      </Output>
    </UnitTestResult>
    <UnitTestResult executionId="70cb5d89-9e41-4bfb-abf6-ee121ee85506" testId="8a30e99a-a16e-9388-d6ad-cf8a6a213c4e" testName="ParseTest" computerName="SERVER001" duration="00:00:00.0020285" startTime="2010-01-24T19:15:53.9488482+11:00" endTime="2010-01-24T19:15:53.9538482+11:00" testType="13cdc9d9-ddb5-4fa4-a97d-d965ccfc6d4b" outcome="Failed" testListId="8c84fa94-04c1-424b-9868-57a2d4851a1d">
      <Output>
        <ErrorInfo>
          <Message>Test method Konnetic.Sip.UnitTests.QValueHeaderFieldAdapter.ParseTest threw exception:  System.NullReferenceException: Object reference not set to an instance of an object..</Message>
          <StackTrace>    at Konnetic.Sip.Headers.QValueHeaderFieldBase.set_QValue(Single value) in D:\Business\Development\Konnetic\UnifySipApi\Production\Src\Konnetic Unify SIP API\Konnetic.Sip\Headers\BaseHeaderFields\QValueHeaderFieldBase.cs:line 58
   at Konnetic.Sip.Headers.QValueHeaderFieldBase..ctor(Single qValue) in D:\Business\Development\Konnetic\UnifySipApi\Production\Src\Konnetic Unify SIP API\Konnetic.Sip\Headers\BaseHeaderFields\QValueHeaderFieldBase.cs:line 92
   at Konnetic.Sip.Headers.QValueHeaderFieldBase..ctor() in D:\Business\Development\Konnetic\UnifySipApi\Production\Src\Konnetic Unify SIP API\Konnetic.Sip\Headers\BaseHeaderFields\QValueHeaderFieldBase.cs:line 80
   at Konnetic.Sip.Headers.AcceptEncodingHeaderField..ctor() in D:\Business\Development\Konnetic\UnifySipApi\Production\Src\Konnetic Unify SIP API\Konnetic.Sip\Headers\AcceptEncodingHeaderField.cs:line 133
   at Konnetic.Sip.Headers.AcceptEncodingHeaderField..ctor(String encoding) in D:\Business\Development\Konnetic\UnifySipApi\Production\Src\Konnetic Unify SIP API\Konnetic.Sip\Headers\AcceptEncodingHeaderField.cs:line 149
   at Konnetic.Sip.UnitTests.QValueHeaderFieldAdapter.CreateQValueHeaderField() in D:\Business\Development\Konnetic\UnifySipApi\Production\Src\Konnetic Unify SIP API\Konnetic.Sip.UnitTests\HeaderFields\QValueHeaderFieldAdapter.cs:line 226
   at Konnetic.Sip.UnitTests.QValueHeaderFieldAdapter.ParseTest() in D:\Business\Development\Konnetic\UnifySipApi\Production\Src\Konnetic Unify SIP API\Konnetic.Sip.UnitTests\HeaderFields\QValueHeaderFieldAdapter.cs:line 131
</StackTrace>
        </ErrorInfo>
      </Output>
    </UnitTestResult>
    <UnitTestResult executionId="e7f3e28e-62f3-4fb2-b376-e7ceab47258d" testId="72cccbaf-ce9c-ec7e-d47c-345e3e53b11c" testName="QValueTest" computerName="SERVER001" duration="00:00:00.0014752" startTime="2010-01-24T19:15:53.9538482+11:00" endTime="2010-01-24T19:15:53.9578482+11:00" testType="13cdc9d9-ddb5-4fa4-a97d-d965ccfc6d4b" outcome="Failed" testListId="8c84fa94-04c1-424b-9868-57a2d4851a1d">
      <Output>
        <ErrorInfo>
          <Message>Test method Konnetic.Sip.UnitTests.QValueHeaderFieldAdapter.QValueTest threw exception System.NullReferenceException, but exception Konnetic.Sip.SipOutOfRangeException was expected. Exception message:  System.NullReferenceException: Object reference not set to an instance of an object.
</Message>
          <StackTrace>    at Konnetic.Sip.Headers.QValueHeaderFieldBase.set_QValue(Single value) in D:\Business\Development\Konnetic\UnifySipApi\Production\Src\Konnetic Unify SIP API\Konnetic.Sip\Headers\BaseHeaderFields\QValueHeaderFieldBase.cs:line 58
   at Konnetic.Sip.Headers.QValueHeaderFieldBase..ctor(Single qValue) in D:\Business\Development\Konnetic\UnifySipApi\Production\Src\Konnetic Unify SIP API\Konnetic.Sip\Headers\BaseHeaderFields\QValueHeaderFieldBase.cs:line 92
   at Konnetic.Sip.Headers.QValueHeaderFieldBase..ctor() in D:\Business\Development\Konnetic\UnifySipApi\Production\Src\Konnetic Unify SIP API\Konnetic.Sip\Headers\BaseHeaderFields\QValueHeaderFieldBase.cs:line 80
   at Konnetic.Sip.Headers.AcceptEncodingHeaderField..ctor() in D:\Business\Development\Konnetic\UnifySipApi\Production\Src\Konnetic Unify SIP API\Konnetic.Sip\Headers\AcceptEncodingHeaderField.cs:line 133
   at Konnetic.Sip.Headers.AcceptEncodingHeaderField..ctor(String encoding) in D:\Business\Development\Konnetic\UnifySipApi\Production\Src\Konnetic Unify SIP API\Konnetic.Sip\Headers\AcceptEncodingHeaderField.cs:line 149
   at Konnetic.Sip.UnitTests.QValueHeaderFieldAdapter.CreateQValueHeaderField() in D:\Business\Development\Konnetic\UnifySipApi\Production\Src\Konnetic Unify SIP API\Konnetic.Sip.UnitTests\HeaderFields\QValueHeaderFieldAdapter.cs:line 226
   at Konnetic.Sip.UnitTests.QValueHeaderFieldAdapter.QValueTest() in D:\Business\Development\Konnetic\UnifySipApi\Production\Src\Konnetic Unify SIP API\Konnetic.Sip.UnitTests\HeaderFields\QValueHeaderFieldAdapter.cs:line 69
</StackTrace>
        </ErrorInfo>
      </Output>
    </UnitTestResult>
    <UnitTestResult executionId="5ab57dbd-9b4c-4fc0-914f-f1f213a4222f" testId="b3c73762-7363-8119-d1b0-de576eca721d" testName="QValueTest1" computerName="SERVER001" duration="00:00:00.0011867" startTime="2010-01-24T19:15:53.9588482+11:00" endTime="2010-01-24T19:15:53.9618482+11:00" testType="13cdc9d9-ddb5-4fa4-a97d-d965ccfc6d4b" outcome="Failed" testListId="8c84fa94-04c1-424b-9868-57a2d4851a1d">
      <Output>
        <ErrorInfo>
          <Message>Test method Konnetic.Sip.UnitTests.QValueHeaderFieldAdapter.QValueTest1 threw exception System.NullReferenceException, but exception Konnetic.Sip.SipOutOfRangeException was expected. Exception message:  System.NullReferenceException: Object reference not set to an instance of an object.
</Message>
          <StackTrace>    at Konnetic.Sip.Headers.QValueHeaderFieldBase.set_QValue(Single value) in D:\Business\Development\Konnetic\UnifySipApi\Production\Src\Konnetic Unify SIP API\Konnetic.Sip\Headers\BaseHeaderFields\QValueHeaderFieldBase.cs:line 58
   at Konnetic.Sip.Headers.QValueHeaderFieldBase..ctor(Single qValue) in D:\Business\Development\Konnetic\UnifySipApi\Production\Src\Konnetic Unify SIP API\Konnetic.Sip\Headers\BaseHeaderFields\QValueHeaderFieldBase.cs:line 92
   at Konnetic.Sip.Headers.QValueHeaderFieldBase..ctor() in D:\Business\Development\Konnetic\UnifySipApi\Production\Src\Konnetic Unify SIP API\Konnetic.Sip\Headers\BaseHeaderFields\QValueHeaderFieldBase.cs:line 80
   at Konnetic.Sip.Headers.AcceptEncodingHeaderField..ctor() in D:\Business\Development\Konnetic\UnifySipApi\Production\Src\Konnetic Unify SIP API\Konnetic.Sip\Headers\AcceptEncodingHeaderField.cs:line 133
   at Konnetic.Sip.Headers.AcceptEncodingHeaderField..ctor(String encoding) in D:\Business\Development\Konnetic\UnifySipApi\Production\Src\Konnetic Unify SIP API\Konnetic.Sip\Headers\AcceptEncodingHeaderField.cs:line 149
   at Konnetic.Sip.UnitTests.QValueHeaderFieldAdapter.CreateQValueHeaderField() in D:\Business\Development\Konnetic\UnifySipApi\Production\Src\Konnetic Unify SIP API\Konnetic.Sip.UnitTests\HeaderFields\QValueHeaderFieldAdapter.cs:line 226
   at Konnetic.Sip.UnitTests.QValueHeaderFieldAdapter.QValueTest1() in D:\Business\Development\Konnetic\UnifySipApi\Production\Src\Konnetic Unify SIP API\Konnetic.Sip.UnitTests\HeaderFields\QValueHeaderFieldAdapter.cs:line 78
</StackTrace>
        </ErrorInfo>
      </Output>
    </UnitTestResult>
    <UnitTestResult executionId="53ef849b-67a9-415c-acd0-3b42d1f76c60" testId="d42d7db3-cf6e-12ad-a8d3-abc60c349b7f" testName="QValueTest2" computerName="SERVER001" duration="00:00:00.0023113" startTime="2010-01-24T19:15:53.9628482+11:00" endTime="2010-01-24T19:15:53.9678482+11:00" testType="13cdc9d9-ddb5-4fa4-a97d-d965ccfc6d4b" outcome="Failed" testListId="8c84fa94-04c1-424b-9868-57a2d4851a1d">
      <Output>
        <ErrorInfo>
          <Message>Test method Konnetic.Sip.UnitTests.QValueHeaderFieldAdapter.QValueTest2 threw exception:  System.NullReferenceException: Object reference not set to an instance of an object..</Message>
          <StackTrace>    at Konnetic.Sip.Headers.QValueHeaderFieldBase.set_QValue(Single value) in D:\Business\Development\Konnetic\UnifySipApi\Production\Src\Konnetic Unify SIP API\Konnetic.Sip\Headers\BaseHeaderFields\QValueHeaderFieldBase.cs:line 58
   at Konnetic.Sip.Headers.QValueHeaderFieldBase..ctor(Single qValue) in D:\Business\Development\Konnetic\UnifySipApi\Production\Src\Konnetic Unify SIP API\Konnetic.Sip\Headers\BaseHeaderFields\QValueHeaderFieldBase.cs:line 92
   at Konnetic.Sip.Headers.QValueHeaderFieldBase..ctor() in D:\Business\Development\Konnetic\UnifySipApi\Production\Src\Konnetic Unify SIP API\Konnetic.Sip\Headers\BaseHeaderFields\QValueHeaderFieldBase.cs:line 80
   at Konnetic.Sip.Headers.AcceptEncodingHeaderField..ctor() in D:\Business\Development\Konnetic\UnifySipApi\Production\Src\Konnetic Unify SIP API\Konnetic.Sip\Headers\AcceptEncodingHeaderField.cs:line 133
   at Konnetic.Sip.Headers.AcceptEncodingHeaderField..ctor(String encoding) in D:\Business\Development\Konnetic\UnifySipApi\Production\Src\Konnetic Unify SIP API\Konnetic.Sip\Headers\AcceptEncodingHeaderField.cs:line 149
   at Konnetic.Sip.UnitTests.QValueHeaderFieldAdapter.CreateQValueHeaderField() in D:\Business\Development\Konnetic\UnifySipApi\Production\Src\Konnetic Unify SIP API\Konnetic.Sip.UnitTests\HeaderFields\QValueHeaderFieldAdapter.cs:line 226
   at Konnetic.Sip.UnitTests.QValueHeaderFieldAdapter.QValueTest2() in D:\Business\Development\Konnetic\UnifySipApi\Production\Src\Konnetic Unify SIP API\Konnetic.Sip.UnitTests\HeaderFields\QValueHeaderFieldAdapter.cs:line 88
</StackTrace>
        </ErrorInfo>
      </Output>
    </UnitTestResult>
    <UnitTestResult executionId="ad09f659-8a38-40b6-a05c-14799f306f78" testId="1912cca7-5ca0-dc0d-f6dd-08ffea4b9813" testName="CloneTest" computerName="SERVER001" duration="00:00:00.0035540" startTime="2010-01-24T19:15:53.9678482+11:00" endTime="2010-01-24T19:15:53.9748482+11:00" testType="13cdc9d9-ddb5-4fa4-a97d-d965ccfc6d4b" outcome="Failed" testListId="8c84fa94-04c1-424b-9868-57a2d4851a1d">
      <Output>
        <ErrorInfo>
          <Message>Test method Konnetic.Sip.UnitTests.RecordRouteHeaderFieldAdapter.CloneTest threw exception:  System.NullReferenceException: Object reference not set to an instance of an object..</Message>
          <StackTrace>    at Konnetic.Sip.Headers.ParamatizedHeaderFieldBase.set_Parameters(SipParameterCollection value) in D:\Business\Development\Konnetic\UnifySipApi\Production\Src\Konnetic Unify SIP API\Konnetic.Sip\Headers\BaseHeaderFields\ParamatizedHeaderFieldBase.cs:line 56
   at Konnetic.Sip.Headers.RecordRouteHeaderField.Clone() in D:\Business\Development\Konnetic\UnifySipApi\Production\Src\Konnetic Unify SIP API\Konnetic.Sip\Headers\RecordRouteHeaderField.cs:line 129
   at Konnetic.Sip.UnitTests.RecordRouteHeaderFieldAdapter.CloneTest() in D:\Business\Development\Konnetic\UnifySipApi\Production\Src\Konnetic Unify SIP API\Konnetic.Sip.UnitTests\HeaderFields\RecordRouteHeaderFieldAdapter.cs:line 52
</StackTrace>
        </ErrorInfo>
      </Output>
    </UnitTestResult>
    <UnitTestResult executionId="4821e868-b518-454a-978d-7563fa7213fe" testId="95af99ea-1d4b-0fbb-91a8-69315605d3b2" testName="EqualsTest" computerName="SERVER001" duration="00:00:00.4524586" startTime="2010-01-24T19:15:53.9748482+11:00" endTime="2010-01-24T19:15:54.4298482+11:00" testType="13cdc9d9-ddb5-4fa4-a97d-d965ccfc6d4b" outcome="Passed" testListId="8c84fa94-04c1-424b-9868-57a2d4851a1d">
      <Output>
      </Output>
    </UnitTestResult>
    <UnitTestResult executionId="18a4eff0-b705-4f12-b83d-c21d5280080f" testId="0a6b1658-9659-8bfe-780c-ebff2e24c99c" testName="ParseTest" computerName="SERVER001" duration="00:00:00.0080867" startTime="2010-01-24T19:15:54.4308482+11:00" endTime="2010-01-24T19:15:54.4418482+11:00" testType="13cdc9d9-ddb5-4fa4-a97d-d965ccfc6d4b" outcome="Failed" testListId="8c84fa94-04c1-424b-9868-57a2d4851a1d">
      <Output>
        <ErrorInfo>
          <Message>Test method Konnetic.Sip.UnitTests.RecordRouteHeaderFieldAdapter.ParseTest threw exception:  System.NullReferenceException: Object reference not set to an instance of an object..</Message>
          <StackTrace>    at Konnetic.Sip.Headers.ParamatizedHeaderFieldBase.Parse(String value) in D:\Business\Development\Konnetic\UnifySipApi\Production\Src\Konnetic Unify SIP API\Konnetic.Sip\Headers\BaseHeaderFields\ParamatizedHeaderFieldBase.cs:line 221
   at Konnetic.Sip.Headers.SipUriHeaderFieldBase.Parse(String value) in D:\Business\Development\Konnetic\UnifySipApi\Production\Src\Konnetic Unify SIP API\Konnetic.Sip\Headers\BaseHeaderFields\SipUriHeaderFieldBase.cs:line 235
   at Konnetic.Sip.Headers.AddressedHeaderFieldBase.Parse(String value) in D:\Business\Development\Konnetic\UnifySipApi\Production\Src\Konnetic Unify SIP API\Konnetic.Sip\Headers\BaseHeaderFields\AddressedHeaderFieldBase.cs:line 217
   at Konnetic.Sip.Headers.RecordRouteHeaderField.Parse(String value) in D:\Business\Development\Konnetic\UnifySipApi\Production\Src\Konnetic Unify SIP API\Konnetic.Sip\Headers\RecordRouteHeaderField.cs:line 225
   at Konnetic.Sip.UnitTests.RecordRouteHeaderFieldAdapter.ParseTest() in D:\Business\Development\Konnetic\UnifySipApi\Production\Src\Konnetic Unify SIP API\Konnetic.Sip.UnitTests\HeaderFields\RecordRouteHeaderFieldAdapter.cs:line 111
</StackTrace>
        </ErrorInfo>
      </Output>
    </UnitTestResult>
    <UnitTestResult executionId="d621b40e-df60-4300-8c14-dbec1f8425fe" testId="79e37168-2641-8f03-164a-e3b44f46c555" testName="RecordRouteHeaderFieldConstructorTest" computerName="SERVER001" duration="00:00:00.0017468" startTime="2010-01-24T19:15:54.4428482+11:00" endTime="2010-01-24T19:15:54.4468482+11:00" testType="13cdc9d9-ddb5-4fa4-a97d-d965ccfc6d4b" outcome="Failed" testListId="8c84fa94-04c1-424b-9868-57a2d4851a1d">
      <Output>
        <ErrorInfo>
          <Message>Test method Konnetic.Sip.UnitTests.RecordRouteHeaderFieldAdapter.RecordRouteHeaderFieldConstructorTest threw exception:  System.NullReferenceException: Object reference not set to an instance of an object..</Message>
          <StackTrace>    at Konnetic.Sip.Headers.ParamatizedHeaderFieldBase.get_HasParameters() in D:\Business\Development\Konnetic\UnifySipApi\Production\Src\Konnetic Unify SIP API\Konnetic.Sip\Headers\BaseHeaderFields\ParamatizedHeaderFieldBase.cs:line 43
   at Konnetic.Sip.UnitTests.RecordRouteHeaderFieldAdapter.RecordRouteHeaderFieldConstructorTest() in D:\Business\Development\Konnetic\UnifySipApi\Production\Src\Konnetic Unify SIP API\Konnetic.Sip.UnitTests\HeaderFields\RecordRouteHeaderFieldAdapter.cs:line 147
</StackTrace>
        </ErrorInfo>
      </Output>
    </UnitTestResult>
    <UnitTestResult executionId="e893e037-01af-434e-8ffd-e93c7afc5642" testId="265a32e8-d8b5-0015-e8d2-31f7a5fdd2f7" testName="RecordRouteHeaderFieldConstructorTest1" computerName="SERVER001" duration="00:00:00.0025740" startTime="2010-01-24T19:15:54.4478482+11:00" endTime="2010-01-24T19:15:54.4538482+11:00" testType="13cdc9d9-ddb5-4fa4-a97d-d965ccfc6d4b" outcome="Failed" testListId="8c84fa94-04c1-424b-9868-57a2d4851a1d">
      <Output>
        <ErrorInfo>
          <Message>Test method Konnetic.Sip.UnitTests.RecordRouteHeaderFieldAdapter.RecordRouteHeaderFieldConstructorTest1 threw exception:  System.NullReferenceException: Object reference not set to an instance of an object..</Message>
          <StackTrace>    at Konnetic.Sip.Headers.ParamatizedHeaderFieldBase.get_HasParameters() in D:\Business\Development\Konnetic\UnifySipApi\Production\Src\Konnetic Unify SIP API\Konnetic.Sip\Headers\BaseHeaderFields\ParamatizedHeaderFieldBase.cs:line 43
   at Konnetic.Sip.UnitTests.RecordRouteHeaderFieldAdapter.RecordRouteHeaderFieldConstructorTest1() in D:\Business\Development\Konnetic\UnifySipApi\Production\Src\Konnetic Unify SIP API\Konnetic.Sip.UnitTests\HeaderFields\RecordRouteHeaderFieldAdapter.cs:line 163
</StackTrace>
        </ErrorInfo>
      </Output>
    </UnitTestResult>
    <UnitTestResult executionId="62adb5ae-2846-4dc5-a122-c5b7d8c9a062" testId="f23c6842-a102-6047-ef8c-8777a2d9c46f" testName="RecordRouteHeaderFieldConstructorTest2" computerName="SERVER001" duration="00:00:00.0024893" startTime="2010-01-24T19:15:54.4548482+11:00" endTime="2010-01-24T19:15:54.4598482+11:00" testType="13cdc9d9-ddb5-4fa4-a97d-d965ccfc6d4b" outcome="Failed" testListId="8c84fa94-04c1-424b-9868-57a2d4851a1d">
      <Output>
        <ErrorInfo>
          <Message>Test method Konnetic.Sip.UnitTests.RecordRouteHeaderFieldAdapter.RecordRouteHeaderFieldConstructorTest2 threw exception:  System.NullReferenceException: Object reference not set to an instance of an object..</Message>
          <StackTrace>    at Konnetic.Sip.Headers.ParamatizedHeaderFieldBase.get_HasParameters() in D:\Business\Development\Konnetic\UnifySipApi\Production\Src\Konnetic Unify SIP API\Konnetic.Sip\Headers\BaseHeaderFields\ParamatizedHeaderFieldBase.cs:line 43
   at Konnetic.Sip.UnitTests.RecordRouteHeaderFieldAdapter.RecordRouteHeaderFieldConstructorTest2() in D:\Business\Development\Konnetic\UnifySipApi\Production\Src\Konnetic Unify SIP API\Konnetic.Sip.UnitTests\HeaderFields\RecordRouteHeaderFieldAdapter.cs:line 179
</StackTrace>
        </ErrorInfo>
      </Output>
    </UnitTestResult>
    <UnitTestResult executionId="a54da1ac-8185-4142-803e-a7043639e819" testId="fe58bec2-a07e-0615-a599-cc771dbb3059" testName="CloneTest" computerName="SERVER001" duration="00:00:00.0035262" startTime="2010-01-24T19:15:54.4608482+11:00" endTime="2010-01-24T19:15:54.4668482+11:00" testType="13cdc9d9-ddb5-4fa4-a97d-d965ccfc6d4b" outcome="Failed" testListId="8c84fa94-04c1-424b-9868-57a2d4851a1d">
      <Output>
        <ErrorInfo>
          <Message>Test method Konnetic.Sip.UnitTests.ReplyToHeaderFieldAdapter.CloneTest threw exception:  System.NullReferenceException: Object reference not set to an instance of an object..</Message>
          <StackTrace>    at Konnetic.Sip.Headers.ParamatizedHeaderFieldBase.set_Parameters(SipParameterCollection value) in D:\Business\Development\Konnetic\UnifySipApi\Production\Src\Konnetic Unify SIP API\Konnetic.Sip\Headers\BaseHeaderFields\ParamatizedHeaderFieldBase.cs:line 56
   at Konnetic.Sip.Headers.ReplyToHeaderField.Clone() in D:\Business\Development\Konnetic\UnifySipApi\Production\Src\Konnetic Unify SIP API\Konnetic.Sip\Headers\ReplyToHeaderField.cs:line 132
   at Konnetic.Sip.UnitTests.ReplyToHeaderFieldAdapter.CloneTest() in D:\Business\Development\Konnetic\UnifySipApi\Production\Src\Konnetic Unify SIP API\Konnetic.Sip.UnitTests\HeaderFields\ReplyToHeaderFieldAdapter.cs:line 52
</StackTrace>
        </ErrorInfo>
      </Output>
    </UnitTestResult>
    <UnitTestResult executionId="6ec4560d-4255-4dba-886f-4bfe0be42d22" testId="9bbffa2f-b0eb-21cf-169f-1e725920b104" testName="EqualsTest" computerName="SERVER001" duration="00:00:00.0042544" startTime="2010-01-24T19:15:54.4678482+11:00" endTime="2010-01-24T19:15:54.4748482+11:00" testType="13cdc9d9-ddb5-4fa4-a97d-d965ccfc6d4b" outcome="Passed" testListId="8c84fa94-04c1-424b-9868-57a2d4851a1d">
      <Output>
      </Output>
    </UnitTestResult>
    <UnitTestResult executionId="d1c9fee1-556d-478e-afde-8d2ef7380d40" testId="69c78431-50a0-a306-20db-a6aa900cee93" testName="ParseTest" computerName="SERVER001" duration="00:00:00.0083222" startTime="2010-01-24T19:15:54.4748482+11:00" endTime="2010-01-24T19:15:54.4858482+11:00" testType="13cdc9d9-ddb5-4fa4-a97d-d965ccfc6d4b" outcome="Failed" testListId="8c84fa94-04c1-424b-9868-57a2d4851a1d">
      <Output>
        <ErrorInfo>
          <Message>Test method Konnetic.Sip.UnitTests.ReplyToHeaderFieldAdapter.ParseTest threw exception:  System.NullReferenceException: Object reference not set to an instance of an object..</Message>
          <StackTrace>    at Konnetic.Sip.Headers.ParamatizedHeaderFieldBase.Parse(String value) in D:\Business\Development\Konnetic\UnifySipApi\Production\Src\Konnetic Unify SIP API\Konnetic.Sip\Headers\BaseHeaderFields\ParamatizedHeaderFieldBase.cs:line 221
   at Konnetic.Sip.Headers.SipUriHeaderFieldBase.Parse(String value) in D:\Business\Development\Konnetic\UnifySipApi\Production\Src\Konnetic Unify SIP API\Konnetic.Sip\Headers\BaseHeaderFields\SipUriHeaderFieldBase.cs:line 235
   at Konnetic.Sip.Headers.AddressedHeaderFieldBase.Parse(String value) in D:\Business\Development\Konnetic\UnifySipApi\Production\Src\Konnetic Unify SIP API\Konnetic.Sip\Headers\BaseHeaderFields\AddressedHeaderFieldBase.cs:line 217
   at Konnetic.Sip.Headers.ReplyToHeaderField.Parse(String value) in D:\Business\Development\Konnetic\UnifySipApi\Production\Src\Konnetic Unify SIP API\Konnetic.Sip\Headers\ReplyToHeaderField.cs:line 227
   at Konnetic.Sip.UnitTests.ReplyToHeaderFieldAdapter.ParseTest() in D:\Business\Development\Konnetic\UnifySipApi\Production\Src\Konnetic Unify SIP API\Konnetic.Sip.UnitTests\HeaderFields\ReplyToHeaderFieldAdapter.cs:line 109
</StackTrace>
        </ErrorInfo>
      </Output>
    </UnitTestResult>
    <UnitTestResult executionId="8837c750-82fb-4f84-b7b0-d7f4c76bd95c" testId="53b07533-d29d-27c7-3b3e-cdbc127a73ff" testName="ReplyToHeaderFieldConstructorTest" computerName="SERVER001" duration="00:00:00.0016955" startTime="2010-01-24T19:15:54.4858482+11:00" endTime="2010-01-24T19:15:54.4908482+11:00" testType="13cdc9d9-ddb5-4fa4-a97d-d965ccfc6d4b" outcome="Failed" testListId="8c84fa94-04c1-424b-9868-57a2d4851a1d">
      <Output>
        <ErrorInfo>
          <Message>Test method Konnetic.Sip.UnitTests.ReplyToHeaderFieldAdapter.ReplyToHeaderFieldConstructorTest threw exception:  System.NullReferenceException: Object reference not set to an instance of an object..</Message>
          <StackTrace>    at Konnetic.Sip.Headers.ParamatizedHeaderFieldBase.get_HasParameters() in D:\Business\Development\Konnetic\UnifySipApi\Production\Src\Konnetic Unify SIP API\Konnetic.Sip\Headers\BaseHeaderFields\ParamatizedHeaderFieldBase.cs:line 43
   at Konnetic.Sip.UnitTests.ReplyToHeaderFieldAdapter.ReplyToHeaderFieldConstructorTest() in D:\Business\Development\Konnetic\UnifySipApi\Production\Src\Konnetic Unify SIP API\Konnetic.Sip.UnitTests\HeaderFields\ReplyToHeaderFieldAdapter.cs:line 148
</StackTrace>
        </ErrorInfo>
      </Output>
    </UnitTestResult>
    <UnitTestResult executionId="1c2fc99d-7359-4dc9-9a2b-3fdab82090b4" testId="93a1c870-b620-1a0a-e358-7cfab6ae8d2a" testName="ReplyToHeaderFieldConstructorTest1" computerName="SERVER001" duration="00:00:00.0019878" startTime="2010-01-24T19:15:54.4908482+11:00" endTime="2010-01-24T19:15:54.4958482+11:00" testType="13cdc9d9-ddb5-4fa4-a97d-d965ccfc6d4b" outcome="Failed" testListId="8c84fa94-04c1-424b-9868-57a2d4851a1d">
      <Output>
        <ErrorInfo>
          <Message>Test method Konnetic.Sip.UnitTests.ReplyToHeaderFieldAdapter.ReplyToHeaderFieldConstructorTest1 threw exception:  System.NullReferenceException: Object reference not set to an instance of an object..</Message>
          <StackTrace>    at Konnetic.Sip.Headers.ParamatizedHeaderFieldBase.get_HasParameters() in D:\Business\Development\Konnetic\UnifySipApi\Production\Src\Konnetic Unify SIP API\Konnetic.Sip\Headers\BaseHeaderFields\ParamatizedHeaderFieldBase.cs:line 43
   at Konnetic.Sip.UnitTests.ReplyToHeaderFieldAdapter.ReplyToHeaderFieldConstructorTest1() in D:\Business\Development\Konnetic\UnifySipApi\Production\Src\Konnetic Unify SIP API\Konnetic.Sip.UnitTests\HeaderFields\ReplyToHeaderFieldAdapter.cs:line 164
</StackTrace>
        </ErrorInfo>
      </Output>
    </UnitTestResult>
    <UnitTestResult executionId="d076eace-6e95-482a-ae17-5bec0eefb49e" testId="4009c002-559d-70e0-d854-576fa6fbb9df" testName="ReplyToHeaderFieldConstructorTest2" computerName="SERVER001" duration="00:00:00.0021191" startTime="2010-01-24T19:15:54.4958482+11:00" endTime="2010-01-24T19:15:54.5048482+11:00" testType="13cdc9d9-ddb5-4fa4-a97d-d965ccfc6d4b" outcome="Failed" testListId="8c84fa94-04c1-424b-9868-57a2d4851a1d">
      <Output>
        <ErrorInfo>
          <Message>Test method Konnetic.Sip.UnitTests.ReplyToHeaderFieldAdapter.ReplyToHeaderFieldConstructorTest2 threw exception:  System.NullReferenceException: Object reference not set to an instance of an object..</Message>
          <StackTrace>    at Konnetic.Sip.Headers.ParamatizedHeaderFieldBase.get_HasParameters() in D:\Business\Development\Konnetic\UnifySipApi\Production\Src\Konnetic Unify SIP API\Konnetic.Sip\Headers\BaseHeaderFields\ParamatizedHeaderFieldBase.cs:line 43
   at Konnetic.Sip.UnitTests.ReplyToHeaderFieldAdapter.ReplyToHeaderFieldConstructorTest2() in D:\Business\Development\Konnetic\UnifySipApi\Production\Src\Konnetic Unify SIP API\Konnetic.Sip.UnitTests\HeaderFields\ReplyToHeaderFieldAdapter.cs:line 189
</StackTrace>
        </ErrorInfo>
      </Output>
    </UnitTestResult>
    <UnitTestResult executionId="82986c11-5900-458c-b1ad-2f918a2d7485" testId="a363a665-cb05-17bc-adb7-2e5e949483cc" testName="DefaultMethodConstructorTest" computerName="SERVER001" duration="00:00:00.0004221" startTime="2010-01-24T19:15:54.5048482+11:00" endTime="2010-01-24T19:15:54.5088482+11:00" testType="13cdc9d9-ddb5-4fa4-a97d-d965ccfc6d4b" outcome="Passed" testListId="8c84fa94-04c1-424b-9868-57a2d4851a1d">
      <Output>
      </Output>
    </UnitTestResult>
    <UnitTestResult executionId="97da92f1-c693-4fc1-b5cf-3f653f6961f9" testId="5613a4bd-258d-58c2-025e-441d9a5d79d1" testName="MethodSetTest" computerName="SERVER001" duration="00:00:00.0002341" startTime="2010-01-24T19:15:54.5088482+11:00" endTime="2010-01-24T19:15:54.5118482+11:00" testType="13cdc9d9-ddb5-4fa4-a97d-d965ccfc6d4b" outcome="Passed" testListId="8c84fa94-04c1-424b-9868-57a2d4851a1d">
      <Output>
      </Output>
    </UnitTestResult>
    <UnitTestResult executionId="98acf5dd-32bd-4b34-a02b-e5f3ade43a3d" testId="c5371649-d394-a81a-5e98-375982f0ce29" testName="CloneTest" computerName="SERVER001" duration="00:00:00.0032486" startTime="2010-01-24T19:15:54.5128482+11:00" endTime="2010-01-24T19:15:54.5188482+11:00" testType="13cdc9d9-ddb5-4fa4-a97d-d965ccfc6d4b" outcome="Failed" testListId="8c84fa94-04c1-424b-9868-57a2d4851a1d">
      <Output>
        <ErrorInfo>
          <Message>Test method Konnetic.Sip.UnitTests.RequestLineHeaderFieldAdapter.CloneTest threw exception:  System.NullReferenceException: Object reference not set to an instance of an object..</Message>
          <StackTrace>    at Konnetic.Sip.Headers.RequestLineHeaderField.ToString() in D:\Business\Development\Konnetic\UnifySipApi\Production\Src\Konnetic Unify SIP API\Konnetic.Sip\Headers\RequestLineHeaderField.cs:line 270
   at Konnetic.Sip.Headers.RequestLineHeaderField.Clone() in D:\Business\Development\Konnetic\UnifySipApi\Production\Src\Konnetic Unify SIP API\Konnetic.Sip\Headers\RequestLineHeaderField.cs:line 185
   at Konnetic.Sip.UnitTests.RequestLineHeaderFieldAdapter.CloneTest() in D:\Business\Development\Konnetic\UnifySipApi\Production\Src\Konnetic Unify SIP API\Konnetic.Sip.UnitTests\RequestLineHeaderFieldAdapter.cs:line 53
</StackTrace>
        </ErrorInfo>
      </Output>
    </UnitTestResult>
    <UnitTestResult executionId="544a65fd-af67-4b29-b2c2-1f1d6a8ce119" testId="5b17a006-ee2a-eaee-85c5-fe4cb4a3a656" testName="IsValidTest" computerName="SERVER001" duration="00:00:00.0017398" startTime="2010-01-24T19:15:54.5198482+11:00" endTime="2010-01-24T19:15:54.5238482+11:00" testType="13cdc9d9-ddb5-4fa4-a97d-d965ccfc6d4b" outcome="Inconclusive" testListId="8c84fa94-04c1-424b-9868-57a2d4851a1d">
      <Output>
        <ErrorInfo>
          <Message>Assert.Inconclusive failed. Verify the correctness of this test method.</Message>
          <StackTrace>   at Konnetic.Sip.UnitTests.RequestLineHeaderFieldAdapter.IsValidTest() in D:\Business\Development\Konnetic\UnifySipApi\Production\Src\Konnetic Unify SIP API\Konnetic.Sip.UnitTests\RequestLineHeaderFieldAdapter.cs:line 69
</StackTrace>
        </ErrorInfo>
      </Output>
    </UnitTestResult>
    <UnitTestResult executionId="edda5d81-4e14-463d-a92d-4987b2e110a1" testId="93bf4dc3-db0d-df2c-1c0b-0ba961778a38" testName="MethodTest" computerName="SERVER001" duration="00:00:00.0026876" startTime="2010-01-24T19:15:54.5248482+11:00" endTime="2010-01-24T19:15:54.5298482+11:00" testType="13cdc9d9-ddb5-4fa4-a97d-d965ccfc6d4b" outcome="Failed" testListId="8c84fa94-04c1-424b-9868-57a2d4851a1d">
      <Output>
        <ErrorInfo>
          <Message>Test method Konnetic.Sip.UnitTests.RequestLineHeaderFieldAdapter.MethodTest threw exception:  System.NullReferenceException: Object reference not set to an instance of an object..</Message>
          <StackTrace>    at Konnetic.Sip.Messages.SipMethod.Equals(SipMethod other) in D:\Business\Development\Konnetic\UnifySipApi\Production\Src\Konnetic Unify SIP API\Konnetic.Sip\Messages\SipMethod.cs:line 222
   at Konnetic.Sip.Messages.SipMethod.Equals(Object obj) in D:\Business\Development\Konnetic\UnifySipApi\Production\Src\Konnetic Unify SIP API\Konnetic.Sip\Messages\SipMethod.cs:line 207
   at System.Object.Equals(Object objA, Object objB)
   at Konnetic.Sip.UnitTests.RequestLineHeaderFieldAdapter.MethodTest() in D:\Business\Development\Konnetic\UnifySipApi\Production\Src\Konnetic Unify SIP API\Konnetic.Sip.UnitTests\RequestLineHeaderFieldAdapter.cs:line 83
</StackTrace>
        </ErrorInfo>
      </Output>
    </UnitTestResult>
    <UnitTestResult executionId="a15fe8e8-8984-41cc-987a-aff14ff618f5" testId="58d72461-31d0-43f1-b96e-1f2eda0aa740" testName="op_ExplicitTest" computerName="SERVER001" duration="00:00:00.0017491" startTime="2010-01-24T19:15:54.5308482+11:00" endTime="2010-01-24T19:15:54.5348482+11:00" testType="13cdc9d9-ddb5-4fa4-a97d-d965ccfc6d4b" outcome="Failed" testListId="8c84fa94-04c1-424b-9868-57a2d4851a1d">
      <Output>
        <ErrorInfo>
          <Message>Test method Konnetic.Sip.UnitTests.RequestLineHeaderFieldAdapter.op_ExplicitTest threw exception:  System.ArgumentNullException: Value cannot be null.
Parameter name: headerField.</Message>
          <StackTrace>    at Konnetic.Sip.PropertyVerifier.ThrowOnNullArgument(Object obj, String paramName) in D:\Business\Development\Konnetic\UnifySipApi\Production\Src\Konnetic Unify SIP API\Konnetic.Sip\Advanced\ArgumentVerification.cs:line 75
   at Konnetic.Sip.Headers.RequestLineHeaderField.op_Explicit(RequestLineHeaderField headerField) in D:\Business\Development\Konnetic\UnifySipApi\Production\Src\Konnetic Unify SIP API\Konnetic.Sip\Headers\RequestLineHeaderField.cs:line 174
   at Konnetic.Sip.UnitTests.RequestLineHeaderFieldAdapter.op_ExplicitTest() in D:\Business\Development\Konnetic\UnifySipApi\Production\Src\Konnetic Unify SIP API\Konnetic.Sip.UnitTests\RequestLineHeaderFieldAdapter.cs:line 187
</StackTrace>
        </ErrorInfo>
      </Output>
    </UnitTestResult>
    <UnitTestResult executionId="5490e2a9-c889-4e6e-b9b7-89b5a24b8a6f" testId="df176579-96e0-39fd-bfb7-2365202cc6b9" testName="op_ImplicitTest" computerName="SERVER001" duration="00:00:00.0105164" startTime="2010-01-24T19:15:54.5348482+11:00" endTime="2010-01-24T19:15:54.5478482+11:00" testType="13cdc9d9-ddb5-4fa4-a97d-d965ccfc6d4b" outcome="Failed" testListId="8c84fa94-04c1-424b-9868-57a2d4851a1d">
      <Output>
        <ErrorInfo>
          <Message>Test method Konnetic.Sip.UnitTests.RequestLineHeaderFieldAdapter.op_ImplicitTest threw exception:  Konnetic.Sip.SipUriFormatException: Uri is required for Request Line Field.</Message>
          <StackTrace>    at Konnetic.Sip.Headers.RequestLineHeaderField.Parse(String value) in D:\Business\Development\Konnetic\UnifySipApi\Production\Src\Konnetic Unify SIP API\Konnetic.Sip\Headers\RequestLineHeaderField.cs:line 223
   at Konnetic.Sip.Headers.RequestLineHeaderField.op_Implicit(String value) in D:\Business\Development\Konnetic\UnifySipApi\Production\Src\Konnetic Unify SIP API\Konnetic.Sip\Headers\RequestLineHeaderField.cs:line 162
   at Konnetic.Sip.UnitTests.RequestLineHeaderFieldAdapter.op_ImplicitTest() in D:\Business\Development\Konnetic\UnifySipApi\Production\Src\Konnetic Unify SIP API\Konnetic.Sip.UnitTests\RequestLineHeaderFieldAdapter.cs:line 201
</StackTrace>
        </ErrorInfo>
      </Output>
    </UnitTestResult>
    <UnitTestResult executionId="296f57b5-0277-42d9-892b-e0ab175cb0bc" testId="60ed062d-226c-abd8-e4cc-4400bc355eaa" testName="ParseTest" computerName="SERVER001" duration="00:00:00.0077821" startTime="2010-01-24T19:15:54.5488482+11:00" endTime="2010-01-24T19:15:54.5588482+11:00" testType="13cdc9d9-ddb5-4fa4-a97d-d965ccfc6d4b" outcome="Failed" testListId="8c84fa94-04c1-424b-9868-57a2d4851a1d">
      <Output>
        <ErrorInfo>
          <Message>Test method Konnetic.Sip.UnitTests.RequestLineHeaderFieldAdapter.ParseTest threw exception:  Konnetic.Sip.SipUriFormatException: Uri is required for Request Line Field.</Message>
          <StackTrace>    at Konnetic.Sip.Headers.RequestLineHeaderField.Parse(String value) in D:\Business\Development\Konnetic\UnifySipApi\Production\Src\Konnetic Unify SIP API\Konnetic.Sip\Headers\RequestLineHeaderField.cs:line 223
   at Konnetic.Sip.UnitTests.RequestLineHeaderFieldAdapter.ParseTest() in D:\Business\Development\Konnetic\UnifySipApi\Production\Src\Konnetic Unify SIP API\Konnetic.Sip.UnitTests\RequestLineHeaderFieldAdapter.cs:line 95
</StackTrace>
        </ErrorInfo>
      </Output>
    </UnitTestResult>
    <UnitTestResult executionId="84960ad4-03e2-45b2-9da2-4de6a1335d54" testId="0ddb5b3b-007a-068d-3ad8-a13d9cd416b0" testName="RequestLineHeaderFieldConstructorTest" computerName="SERVER001" duration="00:00:00.0075997" startTime="2010-01-24T19:15:54.5598482+11:00" endTime="2010-01-24T19:15:54.5698482+11:00" testType="13cdc9d9-ddb5-4fa4-a97d-d965ccfc6d4b" outcome="Failed" testListId="8c84fa94-04c1-424b-9868-57a2d4851a1d">
      <Output>
        <ErrorInfo>
          <Message>Test method Konnetic.Sip.UnitTests.RequestLineHeaderFieldAdapter.RequestLineHeaderFieldConstructorTest threw exception:  Konnetic.Sip.SipUriFormatException: Uri is required for Request Line Field.</Message>
          <StackTrace>    at Konnetic.Sip.Headers.RequestLineHeaderField.Parse(String value) in D:\Business\Development\Konnetic\UnifySipApi\Production\Src\Konnetic Unify SIP API\Konnetic.Sip\Headers\RequestLineHeaderField.cs:line 223
   at Konnetic.Sip.Headers.RequestLineHeaderField..ctor(String value) in D:\Business\Development\Konnetic\UnifySipApi\Production\Src\Konnetic Unify SIP API\Konnetic.Sip\Headers\RequestLineHeaderField.cs:line 145
   at Konnetic.Sip.UnitTests.RequestLineHeaderFieldAdapter.RequestLineHeaderFieldConstructorTest() in D:\Business\Development\Konnetic\UnifySipApi\Production\Src\Konnetic Unify SIP API\Konnetic.Sip.UnitTests\RequestLineHeaderFieldAdapter.cs:line 106
</StackTrace>
        </ErrorInfo>
      </Output>
    </UnitTestResult>
    <UnitTestResult executionId="65b9d9c6-e596-4777-9b64-7f4aacec221d" testId="150fbbdc-eaf6-212c-1667-0c42957a066b" testName="RequestLineHeaderFieldConstructorTest1" computerName="SERVER001" duration="00:00:00.0011368" startTime="2010-01-24T19:15:54.5708482+11:00" endTime="2010-01-24T19:15:54.5758482+11:00" testType="13cdc9d9-ddb5-4fa4-a97d-d965ccfc6d4b" outcome="Inconclusive" testListId="8c84fa94-04c1-424b-9868-57a2d4851a1d">
      <Output>
        <ErrorInfo>
          <Message>Assert.Inconclusive failed. TODO: Implement code to verify target</Message>
          <StackTrace>   at Konnetic.Sip.UnitTests.RequestLineHeaderFieldAdapter.RequestLineHeaderFieldConstructorTest1() in D:\Business\Development\Konnetic\UnifySipApi\Production\Src\Konnetic Unify SIP API\Konnetic.Sip.UnitTests\RequestLineHeaderFieldAdapter.cs:line 117
</StackTrace>
        </ErrorInfo>
      </Output>
    </UnitTestResult>
    <UnitTestResult executionId="f0f3e012-f3cb-41f0-972d-3db9e0709a1e" testId="1d388e96-3340-615e-2cfc-0c9ed6e85c8a" testName="RequestUriTest" computerName="SERVER001" duration="00:00:00.0012383" startTime="2010-01-24T19:15:54.5768482+11:00" endTime="2010-01-24T19:15:54.5798482+11:00" testType="13cdc9d9-ddb5-4fa4-a97d-d965ccfc6d4b" outcome="Inconclusive" testListId="8c84fa94-04c1-424b-9868-57a2d4851a1d">
      <Output>
        <ErrorInfo>
          <Message>Assert.Inconclusive failed. Verify the correctness of this test method.</Message>
          <StackTrace>   at Konnetic.Sip.UnitTests.RequestLineHeaderFieldAdapter.RequestUriTest() in D:\Business\Development\Konnetic\UnifySipApi\Production\Src\Konnetic Unify SIP API\Konnetic.Sip.UnitTests\RequestLineHeaderFieldAdapter.cs:line 132
</StackTrace>
        </ErrorInfo>
      </Output>
    </UnitTestResult>
    <UnitTestResult executionId="929e6ba2-ae91-4f61-9b3f-cb7bd23898f7" testId="8f6d6b7f-8745-a112-7ac4-a2cce21fb4ba" testName="SchemeTest" computerName="SERVER001" duration="00:00:00.0015483" startTime="2010-01-24T19:15:54.5808482+11:00" endTime="2010-01-24T19:15:54.5838482+11:00" testType="13cdc9d9-ddb5-4fa4-a97d-d965ccfc6d4b" outcome="Failed" testListId="8c84fa94-04c1-424b-9868-57a2d4851a1d">
      <Output>
        <ErrorInfo>
          <Message>Test method Konnetic.Sip.UnitTests.RequestLineHeaderFieldAdapter.SchemeTest threw exception:  Konnetic.Sip.SipException: Specified scheme is not supported ()..</Message>
          <StackTrace>    at Konnetic.Sip.Headers.RequestLineHeaderField.set_Scheme(String value) in D:\Business\Development\Konnetic\UnifySipApi\Production\Src\Konnetic Unify SIP API\Konnetic.Sip\Headers\RequestLineHeaderField.cs:line 116
   at Konnetic.Sip.UnitTests.RequestLineHeaderFieldAdapter.SchemeTest() in D:\Business\Development\Konnetic\UnifySipApi\Production\Src\Konnetic Unify SIP API\Konnetic.Sip.UnitTests\RequestLineHeaderFieldAdapter.cs:line 144
</StackTrace>
        </ErrorInfo>
      </Output>
    </UnitTestResult>
    <UnitTestResult executionId="c35f2dd2-dabb-4856-9379-af9183d83f89" testId="022409ee-26e9-8247-bceb-baf9bf49698e" testName="ToStringTest" computerName="SERVER001" duration="00:00:00.0019248" startTime="2010-01-24T19:15:54.5848482+11:00" endTime="2010-01-24T19:15:54.5888482+11:00" testType="13cdc9d9-ddb5-4fa4-a97d-d965ccfc6d4b" outcome="Failed" testListId="8c84fa94-04c1-424b-9868-57a2d4851a1d">
      <Output>
        <ErrorInfo>
          <Message>Test method Konnetic.Sip.UnitTests.RequestLineHeaderFieldAdapter.ToStringTest threw exception:  System.NullReferenceException: Object reference not set to an instance of an object..</Message>
          <StackTrace>    at Konnetic.Sip.Headers.RequestLineHeaderField.ToString() in D:\Business\Development\Konnetic\UnifySipApi\Production\Src\Konnetic Unify SIP API\Konnetic.Sip\Headers\RequestLineHeaderField.cs:line 270
   at Konnetic.Sip.UnitTests.RequestLineHeaderFieldAdapter.ToStringTest() in D:\Business\Development\Konnetic\UnifySipApi\Production\Src\Konnetic Unify SIP API\Konnetic.Sip.UnitTests\RequestLineHeaderFieldAdapter.cs:line 159
</StackTrace>
        </ErrorInfo>
      </Output>
    </UnitTestResult>
    <UnitTestResult executionId="117c9c5b-9996-4855-bd20-dc8e328779b1" testId="4b2b2d2a-01d4-fdeb-4396-088f78386bf0" testName="VersionTest" computerName="SERVER001" duration="00:00:00.0005141" startTime="2010-01-24T19:15:54.5898482+11:00" endTime="2010-01-24T19:15:54.5928482+11:00" testType="13cdc9d9-ddb5-4fa4-a97d-d965ccfc6d4b" outcome="Passed" testListId="8c84fa94-04c1-424b-9868-57a2d4851a1d">
      <Output>
      </Output>
    </UnitTestResult>
    <UnitTestResult executionId="96b03229-9f56-437c-9a93-4154bf912986" testId="b60ecaa4-88ea-cc5e-4fdb-c6ec7040bde7" testName="CloneTest" computerName="SERVER001" duration="00:00:00.0009480" startTime="2010-01-24T19:15:54.5938482+11:00" endTime="2010-01-24T19:15:54.5978482+11:00" testType="13cdc9d9-ddb5-4fa4-a97d-d965ccfc6d4b" outcome="Passed" testListId="8c84fa94-04c1-424b-9868-57a2d4851a1d">
      <Output>
      </Output>
    </UnitTestResult>
    <UnitTestResult executionId="4bddb6a4-2152-415e-9b7e-0eb054a04862" testId="9fd13a60-0d5b-81ac-3048-2d09f32ec55e" testName="op_ExplicitTest" computerName="SERVER001" duration="00:00:00.0139059" startTime="2010-01-24T19:15:54.5978482+11:00" endTime="2010-01-24T19:15:54.6148482+11:00" testType="13cdc9d9-ddb5-4fa4-a97d-d965ccfc6d4b" outcome="Passed" testListId="8c84fa94-04c1-424b-9868-57a2d4851a1d">
      <Output>
      </Output>
    </UnitTestResult>
    <UnitTestResult executionId="f9ee7602-a448-4228-8bb2-969cf01758fd" testId="8514384f-e279-8096-98ab-06c9efbda7c5" testName="op_ImplicitTest" computerName="SERVER001" duration="00:00:00.0144875" startTime="2010-01-24T19:15:54.6148482+11:00" endTime="2010-01-24T19:15:54.6328482+11:00" testType="13cdc9d9-ddb5-4fa4-a97d-d965ccfc6d4b" outcome="Passed" testListId="8c84fa94-04c1-424b-9868-57a2d4851a1d">
      <Output>
      </Output>
    </UnitTestResult>
    <UnitTestResult executionId="32e850a2-c921-4e4e-a2bc-7171b69a065c" testId="1072ac25-fb58-d842-901c-1c62dc7fda99" testName="ParseTest" computerName="SERVER001" duration="00:00:00.1235858" startTime="2010-01-24T19:15:54.6328482+11:00" endTime="2010-01-24T19:15:54.7588482+11:00" testType="13cdc9d9-ddb5-4fa4-a97d-d965ccfc6d4b" outcome="Passed" testListId="8c84fa94-04c1-424b-9868-57a2d4851a1d">
      <Output>
      </Output>
    </UnitTestResult>
    <UnitTestResult executionId="5c4c8e6d-b649-457c-853b-5dd4f4cc89f6" testId="deb6c386-1a0d-3cdf-7b7f-fbe2b6d41106" testName="RequireHeaderFieldConstructorTest" computerName="SERVER001" duration="00:00:00.0007204" startTime="2010-01-24T19:15:54.7598482+11:00" endTime="2010-01-24T19:15:54.7638482+11:00" testType="13cdc9d9-ddb5-4fa4-a97d-d965ccfc6d4b" outcome="Passed" testListId="8c84fa94-04c1-424b-9868-57a2d4851a1d">
      <Output>
      </Output>
    </UnitTestResult>
    <UnitTestResult executionId="b1b4d543-90ee-45ef-ab9c-40cbd7f64822" testId="abcf5635-0f6d-7e3b-f68d-15d33fbc975b" testName="RequireHeaderFieldConstructorTest1" computerName="SERVER001" duration="00:00:00.0005550" startTime="2010-01-24T19:15:54.7648482+11:00" endTime="2010-01-24T19:15:54.7678482+11:00" testType="13cdc9d9-ddb5-4fa4-a97d-d965ccfc6d4b" outcome="Passed" testListId="8c84fa94-04c1-424b-9868-57a2d4851a1d">
      <Output>
      </Output>
    </UnitTestResult>
    <UnitTestResult executionId="50a99f59-fb33-4f13-bedc-538e4bced564" testId="34f40cae-732a-5618-532c-4cd20289a25f" testName="CloneTest" computerName="SERVER001" duration="00:00:00.0045914" startTime="2010-01-24T19:15:54.7678482+11:00" endTime="2010-01-24T19:15:54.7758482+11:00" testType="13cdc9d9-ddb5-4fa4-a97d-d965ccfc6d4b" outcome="Failed" testListId="8c84fa94-04c1-424b-9868-57a2d4851a1d">
      <Output>
        <ErrorInfo>
          <Message>Test method Konnetic.Sip.UnitTests.RetryAfterHeaderFieldAdapter.CloneTest threw exception:  System.NullReferenceException: Object reference not set to an instance of an object..</Message>
          <StackTrace>    at Konnetic.Sip.Headers.RetryAfterHeaderField.Clone() in D:\Business\Development\Konnetic\UnifySipApi\Production\Src\Konnetic Unify SIP API\Konnetic.Sip\Headers\RetryAfterHeaderField.cs:line 214
   at Konnetic.Sip.UnitTests.RetryAfterHeaderFieldAdapter.CloneTest() in D:\Business\Development\Konnetic\UnifySipApi\Production\Src\Konnetic Unify SIP API\Konnetic.Sip.UnitTests\HeaderFields\RetryAfterHeaderFieldAdapter.cs:line 51
</StackTrace>
        </ErrorInfo>
      </Output>
    </UnitTestResult>
    <UnitTestResult executionId="65449bd0-d40e-476a-88f2-0edc0d678a47" testId="66f5dc2d-6be1-d159-4b60-60e51f787d69" testName="CommentTest" computerName="SERVER001" duration="00:00:00.0066166" startTime="2010-01-24T19:15:54.7768482+11:00" endTime="2010-01-24T19:15:54.7858482+11:00" testType="13cdc9d9-ddb5-4fa4-a97d-d965ccfc6d4b" outcome="Passed" testListId="8c84fa94-04c1-424b-9868-57a2d4851a1d">
      <Output>
      </Output>
    </UnitTestResult>
    <UnitTestResult executionId="78680a65-385f-4680-8ae5-ac6e1bfccaaa" testId="8d89084c-be0a-158b-a9c2-b907cc430171" testName="DurationTest" computerName="SERVER001" duration="00:00:00.0019380" startTime="2010-01-24T19:15:54.7868482+11:00" endTime="2010-01-24T19:15:54.7918482+11:00" testType="13cdc9d9-ddb5-4fa4-a97d-d965ccfc6d4b" outcome="Failed" testListId="8c84fa94-04c1-424b-9868-57a2d4851a1d">
      <Output>
        <ErrorInfo>
          <Message>Test method Konnetic.Sip.UnitTests.RetryAfterHeaderFieldAdapter.DurationTest threw exception:  System.NullReferenceException: Object reference not set to an instance of an object..</Message>
          <StackTrace>    at Konnetic.Sip.Headers.RetryAfterHeaderField.set_Duration(Int32 value) in D:\Business\Development\Konnetic\UnifySipApi\Production\Src\Konnetic Unify SIP API\Konnetic.Sip\Headers\RetryAfterHeaderField.cs:line 114
   at Konnetic.Sip.UnitTests.RetryAfterHeaderFieldAdapter.DurationTest() in D:\Business\Development\Konnetic\UnifySipApi\Production\Src\Konnetic Unify SIP API\Konnetic.Sip.UnitTests\HeaderFields\RetryAfterHeaderFieldAdapter.cs:line 111
</StackTrace>
        </ErrorInfo>
      </Output>
    </UnitTestResult>
    <UnitTestResult executionId="16c0f759-f545-49de-9b79-80973e031c2e" testId="73cf7a2a-886e-b60a-32af-84079abf340c" testName="EqualsTest" computerName="SERVER001" duration="00:00:00.0022897" startTime="2010-01-24T19:15:54.7928482+11:00" endTime="2010-01-24T19:15:54.7978482+11:00" testType="13cdc9d9-ddb5-4fa4-a97d-d965ccfc6d4b" outcome="Failed" testListId="8c84fa94-04c1-424b-9868-57a2d4851a1d">
      <Output>
        <ErrorInfo>
          <Message>Test method Konnetic.Sip.UnitTests.RetryAfterHeaderFieldAdapter.EqualsTest threw exception:  System.NullReferenceException: Object reference not set to an instance of an object..</Message>
          <StackTrace>    at Konnetic.Sip.Headers.RetryAfterHeaderField.set_Duration(Int32 value) in D:\Business\Development\Konnetic\UnifySipApi\Production\Src\Konnetic Unify SIP API\Konnetic.Sip\Headers\RetryAfterHeaderField.cs:line 114
   at Konnetic.Sip.UnitTests.RetryAfterHeaderFieldAdapter.EqualsTest() in D:\Business\Development\Konnetic\UnifySipApi\Production\Src\Konnetic Unify SIP API\Konnetic.Sip.UnitTests\HeaderFields\RetryAfterHeaderFieldAdapter.cs:line 144
</StackTrace>
        </ErrorInfo>
      </Output>
    </UnitTestResult>
    <UnitTestResult executionId="b625fba9-d16b-46f2-9380-485be945fee0" testId="c1fb7d66-a535-1262-27c7-aaa12490a290" testName="GetStringValueTest" computerName="SERVER001" duration="00:00:00.0021510" startTime="2010-01-24T19:15:54.7978482+11:00" endTime="2010-01-24T19:15:54.8028482+11:00" testType="13cdc9d9-ddb5-4fa4-a97d-d965ccfc6d4b" outcome="Failed" testListId="8c84fa94-04c1-424b-9868-57a2d4851a1d">
      <Output>
        <ErrorInfo>
          <Message>Test method Konnetic.Sip.UnitTests.RetryAfterHeaderFieldAdapter.GetStringValueTest threw exception:  System.NullReferenceException: Object reference not set to an instance of an object..</Message>
          <StackTrace>    at Konnetic.Sip.Headers.RetryAfterHeaderField.set_Duration(Int32 value) in D:\Business\Development\Konnetic\UnifySipApi\Production\Src\Konnetic Unify SIP API\Konnetic.Sip\Headers\RetryAfterHeaderField.cs:line 114
   at Konnetic.Sip.UnitTests.RetryAfterHeaderFieldAdapter.GetStringValueTest() in D:\Business\Development\Konnetic\UnifySipApi\Production\Src\Konnetic Unify SIP API\Konnetic.Sip.UnitTests\HeaderFields\RetryAfterHeaderFieldAdapter.cs:line 318
</StackTrace>
        </ErrorInfo>
      </Output>
    </UnitTestResult>
    <UnitTestResult executionId="a45b1b9d-8e71-4ced-bdf9-661e8cd7d091" testId="98fb8e3a-5c45-182f-cded-cb5e5af2922d" testName="IsValidTest" computerName="SERVER001" duration="00:00:00.0026819" startTime="2010-01-24T19:15:54.8028482+11:00" endTime="2010-01-24T19:15:54.8078482+11:00" testType="13cdc9d9-ddb5-4fa4-a97d-d965ccfc6d4b" outcome="Failed" testListId="8c84fa94-04c1-424b-9868-57a2d4851a1d">
      <Output>
        <ErrorInfo>
          <Message>Test method Konnetic.Sip.UnitTests.RetryAfterHeaderFieldAdapter.IsValidTest threw exception:  System.NullReferenceException: Object reference not set to an instance of an object..</Message>
          <StackTrace>    at Konnetic.Sip.Headers.ParamatizedHeaderFieldBase.get_HasParameters() in D:\Business\Development\Konnetic\UnifySipApi\Production\Src\Konnetic Unify SIP API\Konnetic.Sip\Headers\BaseHeaderFields\ParamatizedHeaderFieldBase.cs:line 43
   at Konnetic.Sip.Headers.ParamatizedHeaderFieldBase.IsValid() in D:\Business\Development\Konnetic\UnifySipApi\Production\Src\Konnetic Unify SIP API\Konnetic.Sip\Headers\BaseHeaderFields\ParamatizedHeaderFieldBase.cs:line 202
   at Konnetic.Sip.Headers.RetryAfterHeaderField.IsValid() in D:\Business\Development\Konnetic\UnifySipApi\Production\Src\Konnetic Unify SIP API\Konnetic.Sip\Headers\RetryAfterHeaderField.cs:line 306
   at Konnetic.Sip.UnitTests.RetryAfterHeaderFieldAdapter.IsValidTest() in D:\Business\Development\Konnetic\UnifySipApi\Production\Src\Konnetic Unify SIP API\Konnetic.Sip.UnitTests\HeaderFields\RetryAfterHeaderFieldAdapter.cs:line 169
</StackTrace>
        </ErrorInfo>
      </Output>
    </UnitTestResult>
    <UnitTestResult executionId="9c4673fc-a00b-43f0-8cc1-2a21fe3cb046" testId="25adea36-0cd4-1742-188a-3103b6fe4b0b" testName="ParseTest" computerName="SERVER001" duration="00:00:00.0035028" startTime="2010-01-24T19:15:54.8088482+11:00" endTime="2010-01-24T19:15:54.8148482+11:00" testType="13cdc9d9-ddb5-4fa4-a97d-d965ccfc6d4b" outcome="Failed" testListId="8c84fa94-04c1-424b-9868-57a2d4851a1d">
      <Output>
        <ErrorInfo>
          <Message>Test method Konnetic.Sip.UnitTests.RetryAfterHeaderFieldAdapter.ParseTest threw exception:  System.NullReferenceException: Object reference not set to an instance of an object..</Message>
          <StackTrace>    at Konnetic.Sip.Headers.ParamatizedHeaderFieldBase.Parse(String value) in D:\Business\Development\Konnetic\UnifySipApi\Production\Src\Konnetic Unify SIP API\Konnetic.Sip\Headers\BaseHeaderFields\ParamatizedHeaderFieldBase.cs:line 221
   at Konnetic.Sip.Headers.RetryAfterHeaderField.Parse(String value) in D:\Business\Development\Konnetic\UnifySipApi\Production\Src\Konnetic Unify SIP API\Konnetic.Sip\Headers\RetryAfterHeaderField.cs:line 344
   at Konnetic.Sip.UnitTests.RetryAfterHeaderFieldAdapter.ParseTest() in D:\Business\Development\Konnetic\UnifySipApi\Production\Src\Konnetic Unify SIP API\Konnetic.Sip.UnitTests\HeaderFields\RetryAfterHeaderFieldAdapter.cs:line 206
</StackTrace>
        </ErrorInfo>
      </Output>
    </UnitTestResult>
    <UnitTestResult executionId="c821a481-75d8-449d-b53e-86c13f971950" testId="3f61563d-63cb-ca69-e34e-b4ff2732f9a2" testName="RetryAfterHeaderFieldConstructorTest" computerName="SERVER001" duration="00:00:00.0019412" startTime="2010-01-24T19:15:54.8148482+11:00" endTime="2010-01-24T19:15:54.8198482+11:00" testType="13cdc9d9-ddb5-4fa4-a97d-d965ccfc6d4b" outcome="Failed" testListId="8c84fa94-04c1-424b-9868-57a2d4851a1d">
      <Output>
        <ErrorInfo>
          <Message>Test method Konnetic.Sip.UnitTests.RetryAfterHeaderFieldAdapter.RetryAfterHeaderFieldConstructorTest threw exception:  System.NullReferenceException: Object reference not set to an instance of an object..</Message>
          <StackTrace>    at Konnetic.Sip.Headers.ParamatizedHeaderFieldBase.get_HasParameters() in D:\Business\Development\Konnetic\UnifySipApi\Production\Src\Konnetic Unify SIP API\Konnetic.Sip\Headers\BaseHeaderFields\ParamatizedHeaderFieldBase.cs:line 43
   at Konnetic.Sip.UnitTests.RetryAfterHeaderFieldAdapter.RetryAfterHeaderFieldConstructorTest() in D:\Business\Development\Konnetic\UnifySipApi\Production\Src\Konnetic Unify SIP API\Konnetic.Sip.UnitTests\HeaderFields\RetryAfterHeaderFieldAdapter.cs:line 254
</StackTrace>
        </ErrorInfo>
      </Output>
    </UnitTestResult>
    <UnitTestResult executionId="70764f75-5ff8-45c8-a6ad-2272fc3f8dcd" testId="4ce5518a-5843-4d05-0018-6c55521934c3" testName="RetryAfterHeaderFieldConstructorTest1" computerName="SERVER001" duration="00:00:00.0013716" startTime="2010-01-24T19:15:54.8208482+11:00" endTime="2010-01-24T19:15:54.8238482+11:00" testType="13cdc9d9-ddb5-4fa4-a97d-d965ccfc6d4b" outcome="Failed" testListId="8c84fa94-04c1-424b-9868-57a2d4851a1d">
      <Output>
        <ErrorInfo>
          <Message>Test method Konnetic.Sip.UnitTests.RetryAfterHeaderFieldAdapter.RetryAfterHeaderFieldConstructorTest1 threw exception:  System.NullReferenceException: Object reference not set to an instance of an object..</Message>
          <StackTrace>    at Konnetic.Sip.Headers.ParamatizedHeaderFieldBase.get_HasParameters() in D:\Business\Development\Konnetic\UnifySipApi\Production\Src\Konnetic Unify SIP API\Konnetic.Sip\Headers\BaseHeaderFields\ParamatizedHeaderFieldBase.cs:line 43
   at Konnetic.Sip.UnitTests.RetryAfterHeaderFieldAdapter.RetryAfterHeaderFieldConstructorTest1() in D:\Business\Development\Konnetic\UnifySipApi\Production\Src\Konnetic Unify SIP API\Konnetic.Sip.UnitTests\HeaderFields\RetryAfterHeaderFieldAdapter.cs:line 278
</StackTrace>
        </ErrorInfo>
      </Output>
    </UnitTestResult>
    <UnitTestResult executionId="399019e3-5c41-42c9-a274-676b476dbc67" testId="d36e8363-b140-0e69-2ac9-943c106cba2c" testName="SecondsTest" computerName="SERVER001" duration="00:00:00.0005233" startTime="2010-01-24T19:15:54.8248482+11:00" endTime="2010-01-24T19:15:54.8308482+11:00" testType="13cdc9d9-ddb5-4fa4-a97d-d965ccfc6d4b" outcome="Passed" testListId="8c84fa94-04c1-424b-9868-57a2d4851a1d">
      <Output>
      </Output>
    </UnitTestResult>
    <UnitTestResult executionId="3ec3d2ef-aea8-4935-b2cf-899fc5cb6cef" testId="62a1add7-67c1-b13d-c3e2-19295e3c3f72" testName="CloneTest" computerName="SERVER001" duration="00:00:00.0042790" startTime="2010-01-24T19:15:54.8308482+11:00" endTime="2010-01-24T19:15:54.8378482+11:00" testType="13cdc9d9-ddb5-4fa4-a97d-d965ccfc6d4b" outcome="Failed" testListId="8c84fa94-04c1-424b-9868-57a2d4851a1d">
      <Output>
        <ErrorInfo>
          <Message>Test method Konnetic.Sip.UnitTests.RouteHeaderFieldAdapter.CloneTest threw exception:  System.NullReferenceException: Object reference not set to an instance of an object..</Message>
          <StackTrace>    at Konnetic.Sip.Headers.ParamatizedHeaderFieldBase.set_Parameters(SipParameterCollection value) in D:\Business\Development\Konnetic\UnifySipApi\Production\Src\Konnetic Unify SIP API\Konnetic.Sip\Headers\BaseHeaderFields\ParamatizedHeaderFieldBase.cs:line 56
   at Konnetic.Sip.Headers.RouteHeaderField.Clone() in D:\Business\Development\Konnetic\UnifySipApi\Production\Src\Konnetic Unify SIP API\Konnetic.Sip\Headers\RouteHeaderField.cs:line 129
   at Konnetic.Sip.UnitTests.RouteHeaderFieldAdapter.CloneTest() in D:\Business\Development\Konnetic\UnifySipApi\Production\Src\Konnetic Unify SIP API\Konnetic.Sip.UnitTests\HeaderFields\RouteHeaderFieldAdapter.cs:line 52
</StackTrace>
        </ErrorInfo>
      </Output>
    </UnitTestResult>
    <UnitTestResult executionId="d203677c-c001-4f2a-9360-73e42792fb23" testId="952528be-eebf-34ab-0872-eea5c79beb10" testName="EqualsTest" computerName="SERVER001" duration="00:00:00.0090916" startTime="2010-01-24T19:15:54.8388482+11:00" endTime="2010-01-24T19:15:54.8508482+11:00" testType="13cdc9d9-ddb5-4fa4-a97d-d965ccfc6d4b" outcome="Passed" testListId="8c84fa94-04c1-424b-9868-57a2d4851a1d">
      <Output>
      </Output>
    </UnitTestResult>
    <UnitTestResult executionId="25e21aa4-d9d5-45e3-9d29-02c31e85ae1e" testId="79b6aa59-e79b-62fb-e9e1-581db6fcb659" testName="ParseTest" computerName="SERVER001" duration="00:00:00.0084253" startTime="2010-01-24T19:15:54.8518482+11:00" endTime="2010-01-24T19:15:54.8628482+11:00" testType="13cdc9d9-ddb5-4fa4-a97d-d965ccfc6d4b" outcome="Failed" testListId="8c84fa94-04c1-424b-9868-57a2d4851a1d">
      <Output>
        <ErrorInfo>
          <Message>Test method Konnetic.Sip.UnitTests.RouteHeaderFieldAdapter.ParseTest threw exception:  System.NullReferenceException: Object reference not set to an instance of an object..</Message>
          <StackTrace>    at Konnetic.Sip.Headers.ParamatizedHeaderFieldBase.Parse(String value) in D:\Business\Development\Konnetic\UnifySipApi\Production\Src\Konnetic Unify SIP API\Konnetic.Sip\Headers\BaseHeaderFields\ParamatizedHeaderFieldBase.cs:line 221
   at Konnetic.Sip.Headers.SipUriHeaderFieldBase.Parse(String value) in D:\Business\Development\Konnetic\UnifySipApi\Production\Src\Konnetic Unify SIP API\Konnetic.Sip\Headers\BaseHeaderFields\SipUriHeaderFieldBase.cs:line 235
   at Konnetic.Sip.Headers.AddressedHeaderFieldBase.Parse(String value) in D:\Business\Development\Konnetic\UnifySipApi\Production\Src\Konnetic Unify SIP API\Konnetic.Sip\Headers\BaseHeaderFields\AddressedHeaderFieldBase.cs:line 217
   at Konnetic.Sip.Headers.RouteHeaderField.Parse(String value) in D:\Business\Development\Konnetic\UnifySipApi\Production\Src\Konnetic Unify SIP API\Konnetic.Sip\Headers\RouteHeaderField.cs:line 223
   at Konnetic.Sip.UnitTests.RouteHeaderFieldAdapter.ParseTest() in D:\Business\Development\Konnetic\UnifySipApi\Production\Src\Konnetic Unify SIP API\Konnetic.Sip.UnitTests\HeaderFields\RouteHeaderFieldAdapter.cs:line 163
</StackTrace>
        </ErrorInfo>
      </Output>
    </UnitTestResult>
    <UnitTestResult executionId="ebc6f46d-2e37-4ecf-b940-95dbbcc6f8b9" testId="9b085dd3-c57b-414c-88cf-dc00c727d982" testName="RouteHeaderFieldConstructorTest" computerName="SERVER001" duration="00:00:00.0016464" startTime="2010-01-24T19:15:54.8638482+11:00" endTime="2010-01-24T19:15:54.8678482+11:00" testType="13cdc9d9-ddb5-4fa4-a97d-d965ccfc6d4b" outcome="Failed" testListId="8c84fa94-04c1-424b-9868-57a2d4851a1d">
      <Output>
        <ErrorInfo>
          <Message>Test method Konnetic.Sip.UnitTests.RouteHeaderFieldAdapter.RouteHeaderFieldConstructorTest threw exception:  System.NullReferenceException: Object reference not set to an instance of an object..</Message>
          <StackTrace>    at Konnetic.Sip.Headers.ParamatizedHeaderFieldBase.get_HasParameters() in D:\Business\Development\Konnetic\UnifySipApi\Production\Src\Konnetic Unify SIP API\Konnetic.Sip\Headers\BaseHeaderFields\ParamatizedHeaderFieldBase.cs:line 43
   at Konnetic.Sip.UnitTests.RouteHeaderFieldAdapter.RouteHeaderFieldConstructorTest() in D:\Business\Development\Konnetic\UnifySipApi\Production\Src\Konnetic Unify SIP API\Konnetic.Sip.UnitTests\HeaderFields\RouteHeaderFieldAdapter.cs:line 231
</StackTrace>
        </ErrorInfo>
      </Output>
    </UnitTestResult>
    <UnitTestResult executionId="428589ca-935b-42d1-8181-7b4974474692" testId="98c4f005-6650-258b-7d09-815731c1f6fb" testName="RouteHeaderFieldConstructorTest1" computerName="SERVER001" duration="00:00:00.0298564" startTime="2010-01-24T19:15:54.8688482+11:00" endTime="2010-01-24T19:15:54.9008482+11:00" testType="13cdc9d9-ddb5-4fa4-a97d-d965ccfc6d4b" outcome="Failed" testListId="8c84fa94-04c1-424b-9868-57a2d4851a1d">
      <Output>
        <ErrorInfo>
          <Message>Test method Konnetic.Sip.UnitTests.RouteHeaderFieldAdapter.RouteHeaderFieldConstructorTest1 threw exception:  System.NullReferenceException: Object reference not set to an instance of an object..</Message>
          <StackTrace>    at Konnetic.Sip.Headers.ParamatizedHeaderFieldBase.Parse(String value) in D:\Business\Development\Konnetic\UnifySipApi\Production\Src\Konnetic Unify SIP API\Konnetic.Sip\Headers\BaseHeaderFields\ParamatizedHeaderFieldBase.cs:line 221
   at Konnetic.Sip.Headers.SipUriHeaderFieldBase.Parse(String value) in D:\Business\Development\Konnetic\UnifySipApi\Production\Src\Konnetic Unify SIP API\Konnetic.Sip\Headers\BaseHeaderFields\SipUriHeaderFieldBase.cs:line 235
   at Konnetic.Sip.Headers.AddressedHeaderFieldBase.Parse(String value) in D:\Business\Development\Konnetic\UnifySipApi\Production\Src\Konnetic Unify SIP API\Konnetic.Sip\Headers\BaseHeaderFields\AddressedHeaderFieldBase.cs:line 217
   at Konnetic.Sip.Headers.ToHeaderField.Parse(String value) in D:\Business\Development\Konnetic\UnifySipApi\Production\Src\Konnetic Unify SIP API\Konnetic.Sip\Headers\ToHeaderField.cs:line 275
   at Konnetic.Sip.Headers.HeaderFieldCollection.Add(String name, String value) in D:\Business\Development\Konnetic\UnifySipApi\Production\Src\Konnetic Unify SIP API\Konnetic.Sip\Headers\SupportTypes\HeaderFieldCollection.cs:line 98
   at Konnetic.Sip.Headers.HeaderFieldCollection.Add(String nameValuePair) in D:\Business\Development\Konnetic\UnifySipApi\Production\Src\Konnetic Unify SIP API\Konnetic.Sip\Headers\SupportTypes\HeaderFieldCollection.cs:line 79
   at Konnetic.Sip.SipStyleUriParser.ParseHeaders(SipUri uri) in D:\Business\Development\Konnetic\UnifySipApi\Production\Src\Konnetic Unify SIP API\Konnetic.Sip\Advanced\SipStyleUriParser.cs:line 237
   at Konnetic.Sip.SipUriBuilder.init(SipUri uri) in D:\Business\Development\Konnetic\UnifySipApi\Production\Src\Konnetic Unify SIP API\Konnetic.Sip\Advanced\SipUriBuilder.cs:line 483
   at Konnetic.Sip.SipUriBuilder..ctor(SipUri uri) in D:\Business\Development\Konnetic\UnifySipApi\Production\Src\Konnetic Unify SIP API\Konnetic.Sip\Advanced\SipUriBuilder.cs:line 431
   at Konnetic.Sip.SipUri..ctor(String uri, String domain) in D:\Business\Development\Konnetic\UnifySipApi\Production\Src\Konnetic Unify SIP API\Konnetic.Sip\SipUri.cs:line 174
   at Konnetic.Sip.SipUri..ctor(String uri) in D:\Business\Development\Konnetic\UnifySipApi\Production\Src\Konnetic Unify SIP API\Konnetic.Sip\SipUri.cs:line 164
   at Konnetic.Sip.UnitTests.RouteHeaderFieldAdapter.RouteHeaderFieldConstructorTest1() in D:\Business\Development\Konnetic\UnifySipApi\Production\Src\Konnetic Unify SIP API\Konnetic.Sip.UnitTests\HeaderFields\RouteHeaderFieldAdapter.cs:line 240
</StackTrace>
        </ErrorInfo>
      </Output>
    </UnitTestResult>
    <UnitTestResult executionId="2ddf4225-ab1a-42e3-be37-888161683e92" testId="83be2f92-3700-afd1-9eb4-39fa21129b38" testName="RouteHeaderFieldConstructorTest2" computerName="SERVER001" duration="00:00:00.0307546" startTime="2010-01-24T19:15:54.9018482+11:00" endTime="2010-01-24T19:15:54.9348482+11:00" testType="13cdc9d9-ddb5-4fa4-a97d-d965ccfc6d4b" outcome="Failed" testListId="8c84fa94-04c1-424b-9868-57a2d4851a1d">
      <Output>
        <ErrorInfo>
          <Message>Test method Konnetic.Sip.UnitTests.RouteHeaderFieldAdapter.RouteHeaderFieldConstructorTest2 threw exception:  System.NullReferenceException: Object reference not set to an instance of an object..</Message>
          <StackTrace>    at Konnetic.Sip.Headers.ParamatizedHeaderFieldBase.Parse(String value) in D:\Business\Development\Konnetic\UnifySipApi\Production\Src\Konnetic Unify SIP API\Konnetic.Sip\Headers\BaseHeaderFields\ParamatizedHeaderFieldBase.cs:line 221
   at Konnetic.Sip.Headers.SipUriHeaderFieldBase.Parse(String value) in D:\Business\Development\Konnetic\UnifySipApi\Production\Src\Konnetic Unify SIP API\Konnetic.Sip\Headers\BaseHeaderFields\SipUriHeaderFieldBase.cs:line 235
   at Konnetic.Sip.Headers.AddressedHeaderFieldBase.Parse(String value) in D:\Business\Development\Konnetic\UnifySipApi\Production\Src\Konnetic Unify SIP API\Konnetic.Sip\Headers\BaseHeaderFields\AddressedHeaderFieldBase.cs:line 217
   at Konnetic.Sip.Headers.ToHeaderField.Parse(String value) in D:\Business\Development\Konnetic\UnifySipApi\Production\Src\Konnetic Unify SIP API\Konnetic.Sip\Headers\ToHeaderField.cs:line 275
   at Konnetic.Sip.Headers.HeaderFieldCollection.Add(String name, String value) in D:\Business\Development\Konnetic\UnifySipApi\Production\Src\Konnetic Unify SIP API\Konnetic.Sip\Headers\SupportTypes\HeaderFieldCollection.cs:line 98
   at Konnetic.Sip.Headers.HeaderFieldCollection.Add(String nameValuePair) in D:\Business\Development\Konnetic\UnifySipApi\Production\Src\Konnetic Unify SIP API\Konnetic.Sip\Headers\SupportTypes\HeaderFieldCollection.cs:line 79
   at Konnetic.Sip.SipStyleUriParser.ParseHeaders(SipUri uri) in D:\Business\Development\Konnetic\UnifySipApi\Production\Src\Konnetic Unify SIP API\Konnetic.Sip\Advanced\SipStyleUriParser.cs:line 237
   at Konnetic.Sip.SipUriBuilder.init(SipUri uri) in D:\Business\Development\Konnetic\UnifySipApi\Production\Src\Konnetic Unify SIP API\Konnetic.Sip\Advanced\SipUriBuilder.cs:line 483
   at Konnetic.Sip.SipUriBuilder..ctor(SipUri uri) in D:\Business\Development\Konnetic\UnifySipApi\Production\Src\Konnetic Unify SIP API\Konnetic.Sip\Advanced\SipUriBuilder.cs:line 431
   at Konnetic.Sip.SipUri..ctor(String uri, String domain) in D:\Business\Development\Konnetic\UnifySipApi\Production\Src\Konnetic Unify SIP API\Konnetic.Sip\SipUri.cs:line 174
   at Konnetic.Sip.SipUri..ctor(String uri) in D:\Business\Development\Konnetic\UnifySipApi\Production\Src\Konnetic Unify SIP API\Konnetic.Sip\SipUri.cs:line 164
   at Konnetic.Sip.Headers.RouteHeaderField..ctor(String uri) in D:\Business\Development\Konnetic\UnifySipApi\Production\Src\Konnetic Unify SIP API\Konnetic.Sip\Headers\RouteHeaderField.cs:line 72
   at Konnetic.Sip.UnitTests.RouteHeaderFieldAdapter.RouteHeaderFieldConstructorTest2() in D:\Business\Development\Konnetic\UnifySipApi\Production\Src\Konnetic Unify SIP API\Konnetic.Sip.UnitTests\HeaderFields\RouteHeaderFieldAdapter.cs:line 257
</StackTrace>
        </ErrorInfo>
      </Output>
    </UnitTestResult>
    <UnitTestResult executionId="63aa43e9-cd53-4f4e-8265-dcb3c8e4a647" testId="ca65a182-5c74-f55f-c093-f8e1f61e0c6c" testName="EqualsTest" computerName="SERVER001" duration="00:00:00.0012462" startTime="2010-01-24T19:15:54.9358482+11:00" endTime="2010-01-24T19:15:54.9438482+11:00" testType="13cdc9d9-ddb5-4fa4-a97d-d965ccfc6d4b" outcome="Passed" testListId="8c84fa94-04c1-424b-9868-57a2d4851a1d">
      <Output>
      </Output>
    </UnitTestResult>
    <UnitTestResult executionId="98272a16-e4c7-4942-9033-fd1bc23a56dd" testId="77c5d6e0-e937-c39a-36cb-c306d56e5b59" testName="EqualsTest1" computerName="SERVER001" duration="00:00:00.0006350" startTime="2010-01-24T19:15:54.9438482+11:00" endTime="2010-01-24T19:15:54.9468482+11:00" testType="13cdc9d9-ddb5-4fa4-a97d-d965ccfc6d4b" outcome="Passed" testListId="8c84fa94-04c1-424b-9868-57a2d4851a1d">
      <Output>
      </Output>
    </UnitTestResult>
    <UnitTestResult executionId="61636525-d981-4d6b-b23e-1d49e0140745" testId="f7c52dcd-ea19-91d1-45fd-48dfb8bbe19e" testName="EqualsTest2" computerName="SERVER001" duration="00:00:00.0009835" startTime="2010-01-24T19:15:54.9478482+11:00" endTime="2010-01-24T19:15:54.9518482+11:00" testType="13cdc9d9-ddb5-4fa4-a97d-d965ccfc6d4b" outcome="Passed" testListId="8c84fa94-04c1-424b-9868-57a2d4851a1d">
      <Output>
      </Output>
    </UnitTestResult>
    <UnitTestResult executionId="06a0d3ec-6adf-402b-8a02-c0cc6dd05c0d" testId="467eab11-ef3e-fa64-8ec8-e192d7eb33fb" testName="GetStringValueTest" computerName="SERVER001" duration="00:00:00.0004995" startTime="2010-01-24T19:15:54.9528482+11:00" endTime="2010-01-24T19:15:54.9548482+11:00" testType="13cdc9d9-ddb5-4fa4-a97d-d965ccfc6d4b" outcome="Passed" testListId="8c84fa94-04c1-424b-9868-57a2d4851a1d">
      <Output>
      </Output>
    </UnitTestResult>
    <UnitTestResult executionId="7ee673ff-a79f-44be-825a-ab09a4f20c0e" testId="b6e5c851-6f65-e65d-30c6-202bc8b164ec" testName="IsValidTest" computerName="SERVER001" duration="00:00:00.0005650" startTime="2010-01-24T19:15:54.9558482+11:00" endTime="2010-01-24T19:15:54.9588482+11:00" testType="13cdc9d9-ddb5-4fa4-a97d-d965ccfc6d4b" outcome="Passed" testListId="8c84fa94-04c1-424b-9868-57a2d4851a1d">
      <Output>
      </Output>
    </UnitTestResult>
    <UnitTestResult executionId="f86a6d66-d5d7-40a2-bb1f-c94ca37e7288" testId="e419491f-9820-3213-b896-1d75eafc4330" testName="MaxSecondsTest" computerName="SERVER001" duration="00:00:00.0005281" startTime="2010-01-24T19:15:54.9598482+11:00" endTime="2010-01-24T19:15:54.9628482+11:00" testType="13cdc9d9-ddb5-4fa4-a97d-d965ccfc6d4b" outcome="Passed" testListId="8c84fa94-04c1-424b-9868-57a2d4851a1d">
      <Output>
      </Output>
    </UnitTestResult>
    <UnitTestResult executionId="de3cb3e6-5136-4e78-bb49-04594df81d3c" testId="e64ea3f0-79d9-94d9-e80b-e81c374ff5d6" testName="MinSecondsTest" computerName="SERVER001" duration="00:00:00.0003663" startTime="2010-01-24T19:15:54.9628482+11:00" endTime="2010-01-24T19:15:54.9668482+11:00" testType="13cdc9d9-ddb5-4fa4-a97d-d965ccfc6d4b" outcome="Passed" testListId="8c84fa94-04c1-424b-9868-57a2d4851a1d">
      <Output>
      </Output>
    </UnitTestResult>
    <UnitTestResult executionId="5dc896b2-0fa5-4995-818d-300db76ce2ab" testId="97f3e931-9398-6d00-626a-fdbd66f47f88" testName="ParseTest" computerName="SERVER001" duration="00:00:00.0217538" startTime="2010-01-24T19:15:54.9668482+11:00" endTime="2010-01-24T19:15:54.9908482+11:00" testType="13cdc9d9-ddb5-4fa4-a97d-d965ccfc6d4b" outcome="Passed" testListId="8c84fa94-04c1-424b-9868-57a2d4851a1d">
      <Output>
      </Output>
    </UnitTestResult>
    <UnitTestResult executionId="ba4f44c0-d6ee-4549-ad10-471606b8f350" testId="0d0c1fc6-9b10-261b-7582-e147dcadfc74" testName="SecondsTest" computerName="SERVER001" duration="00:00:00.0011052" startTime="2010-01-24T19:15:54.9918482+11:00" endTime="2010-01-24T19:15:54.9958482+11:00" testType="13cdc9d9-ddb5-4fa4-a97d-d965ccfc6d4b" outcome="Passed" testListId="8c84fa94-04c1-424b-9868-57a2d4851a1d">
      <Output>
      </Output>
    </UnitTestResult>
    <UnitTestResult executionId="dae980ff-6749-4a95-a4cc-13d6285f58dc" testId="eadeb63a-f5af-326f-449a-e44b16756724" testName="SecondsTest1" computerName="SERVER001" duration="00:00:00.0008276" startTime="2010-01-24T19:15:54.9958482+11:00" endTime="2010-01-24T19:15:54.9998482+11:00" testType="13cdc9d9-ddb5-4fa4-a97d-d965ccfc6d4b" outcome="Passed" testListId="8c84fa94-04c1-424b-9868-57a2d4851a1d">
      <Output>
      </Output>
    </UnitTestResult>
    <UnitTestResult executionId="71d43f74-a885-4bf0-8f16-66a0dfff3454" testId="d338e8a8-3f1a-d9de-fd64-3c62d44f7fcb" testName="SecondsTest2" computerName="SERVER001" duration="00:00:00.0009559" startTime="2010-01-24T19:15:54.9998482+11:00" endTime="2010-01-24T19:15:55.0038482+11:00" testType="13cdc9d9-ddb5-4fa4-a97d-d965ccfc6d4b" outcome="Passed" testListId="8c84fa94-04c1-424b-9868-57a2d4851a1d">
      <Output>
      </Output>
    </UnitTestResult>
    <UnitTestResult executionId="7d80ce04-afc3-4cd8-82d5-0def1b089eab" testId="c1961863-4d77-453b-d32a-03b584e6ea16" testName="AlgorithmTest" computerName="SERVER001" duration="00:00:00.0022538" startTime="2010-01-24T19:15:55.0038482+11:00" endTime="2010-01-24T19:15:55.0088482+11:00" testType="13cdc9d9-ddb5-4fa4-a97d-d965ccfc6d4b" outcome="Failed" testListId="8c84fa94-04c1-424b-9868-57a2d4851a1d">
      <Output>
        <ErrorInfo>
          <Message>Test method Konnetic.Sip.UnitTests.SecurityHeaderFieldAdapter.AlgorithmTest threw exception:  System.NullReferenceException: Object reference not set to an instance of an object..</Message>
          <StackTrace>    at Konnetic.Sip.Headers.SchemeHeaderFieldBase.set_Algorithm(String value) in D:\Business\Development\Konnetic\UnifySipApi\Production\Src\Konnetic Unify SIP API\Konnetic.Sip\Headers\BaseHeaderFields\SchemeHeaderFieldBase.cs:line 54
   at Konnetic.Sip.UnitTests.SecurityHeaderFieldAdapter.AlgorithmTest() in D:\Business\Development\Konnetic\UnifySipApi\Production\Src\Konnetic Unify SIP API\Konnetic.Sip.UnitTests\HeaderFields\SecurityHeaderFieldAdapter.cs:line 51
</StackTrace>
        </ErrorInfo>
      </Output>
    </UnitTestResult>
    <UnitTestResult executionId="fd1d811c-587a-443a-8665-3349bbe90c08" testId="69ed02b0-411a-ae94-1ed8-bb0b91feb043" testName="AlgorithmTest1" computerName="SERVER001" duration="00:00:00.0018841" startTime="2010-01-24T19:15:55.0098482+11:00" endTime="2010-01-24T19:15:55.0158482+11:00" testType="13cdc9d9-ddb5-4fa4-a97d-d965ccfc6d4b" outcome="Passed" testListId="8c84fa94-04c1-424b-9868-57a2d4851a1d">
      <Output>
      </Output>
    </UnitTestResult>
    <UnitTestResult executionId="fe92db57-4f1f-4e87-9f75-909e21a19e27" testId="8a0af2ff-7120-092f-49d6-72604c68a308" testName="EqualsTest" computerName="SERVER001" duration="00:00:00.0036325" startTime="2010-01-24T19:15:55.0168482+11:00" endTime="2010-01-24T19:15:55.0238482+11:00" testType="13cdc9d9-ddb5-4fa4-a97d-d965ccfc6d4b" outcome="Passed" testListId="8c84fa94-04c1-424b-9868-57a2d4851a1d">
      <Output>
      </Output>
    </UnitTestResult>
    <UnitTestResult executionId="1c8ef097-b7dc-42f3-97c7-d2c40857c4e6" testId="2df960ff-0372-6a1c-8f16-dfbc9b1b7bfe" testName="EqualsTest1" computerName="SERVER001" duration="00:00:00.0018330" startTime="2010-01-24T19:15:55.0238482+11:00" endTime="2010-01-24T19:15:55.0288482+11:00" testType="13cdc9d9-ddb5-4fa4-a97d-d965ccfc6d4b" outcome="Passed" testListId="8c84fa94-04c1-424b-9868-57a2d4851a1d">
      <Output>
      </Output>
    </UnitTestResult>
    <UnitTestResult executionId="5632a5f6-e6f2-4882-8c75-ee45d8c3fcb8" testId="3d010d93-3620-7440-f244-577aeb725c90" testName="EqualsTest2" computerName="SERVER001" duration="00:00:00.0042188" startTime="2010-01-24T19:15:55.0288482+11:00" endTime="2010-01-24T19:15:55.0358482+11:00" testType="13cdc9d9-ddb5-4fa4-a97d-d965ccfc6d4b" outcome="Failed" testListId="8c84fa94-04c1-424b-9868-57a2d4851a1d">
      <Output>
        <ErrorInfo>
          <Message>Test method Konnetic.Sip.UnitTests.SecurityHeaderFieldAdapter.EqualsTest2 threw exception:  System.NullReferenceException: Object reference not set to an instance of an object..</Message>
          <StackTrace>    at Konnetic.Sip.Headers.SchemeHeaderFieldBase.set_Algorithm(String value) in D:\Business\Development\Konnetic\UnifySipApi\Production\Src\Konnetic Unify SIP API\Konnetic.Sip\Headers\BaseHeaderFields\SchemeHeaderFieldBase.cs:line 58
   at Konnetic.Sip.Headers.SchemeHeaderFieldBase_Accessor.set_Algorithm(String value)
   at Konnetic.Sip.UnitTests.SecurityHeaderFieldAdapter.EqualsTest2() in D:\Business\Development\Konnetic\UnifySipApi\Production\Src\Konnetic Unify SIP API\Konnetic.Sip.UnitTests\HeaderFields\SecurityHeaderFieldAdapter.cs:line 124
</StackTrace>
        </ErrorInfo>
      </Output>
    </UnitTestResult>
    <UnitTestResult executionId="0c9282b3-fba5-442a-a83f-99b985e280c6" testId="71c29d61-1b6f-0111-2406-481f825f9f0b" testName="GetStringValueTest" computerName="SERVER001" duration="00:00:00.0049391" startTime="2010-01-24T19:15:55.0358482+11:00" endTime="2010-01-24T19:15:55.0438482+11:00" testType="13cdc9d9-ddb5-4fa4-a97d-d965ccfc6d4b" outcome="Failed" testListId="8c84fa94-04c1-424b-9868-57a2d4851a1d">
      <Output>
        <ErrorInfo>
          <Message>Test method Konnetic.Sip.UnitTests.SecurityHeaderFieldAdapter.GetStringValueTest threw exception:  System.NullReferenceException: Object reference not set to an instance of an object..</Message>
          <StackTrace>    at Konnetic.Sip.Headers.SchemeHeaderFieldBase.set_Algorithm(String value) in D:\Business\Development\Konnetic\UnifySipApi\Production\Src\Konnetic Unify SIP API\Konnetic.Sip\Headers\BaseHeaderFields\SchemeHeaderFieldBase.cs:line 58
   at Konnetic.Sip.Headers.SchemeHeaderFieldBase_Accessor.set_Algorithm(String value)
   at Konnetic.Sip.UnitTests.SecurityHeaderFieldAdapter.GetStringValueTest() in D:\Business\Development\Konnetic\UnifySipApi\Production\Src\Konnetic Unify SIP API\Konnetic.Sip.UnitTests\HeaderFields\SecurityHeaderFieldAdapter.cs:line 421
</StackTrace>
        </ErrorInfo>
      </Output>
    </UnitTestResult>
    <UnitTestResult executionId="b8d97c30-f615-4dcc-abbc-9ed73d9eb8e3" testId="54d3fe58-799f-1150-2727-d2fbf7e10829" testName="IsValidTest" computerName="SERVER001" duration="00:00:00.0029069" startTime="2010-01-24T19:15:55.0438482+11:00" endTime="2010-01-24T19:15:55.0498482+11:00" testType="13cdc9d9-ddb5-4fa4-a97d-d965ccfc6d4b" outcome="Failed" testListId="8c84fa94-04c1-424b-9868-57a2d4851a1d">
      <Output>
        <ErrorInfo>
          <Message>Test method Konnetic.Sip.UnitTests.SecurityHeaderFieldAdapter.IsValidTest threw exception:  System.NullReferenceException: Object reference not set to an instance of an object..</Message>
          <StackTrace>    at Konnetic.Sip.Headers.ParamatizedHeaderFieldBase.get_HasParameters() in D:\Business\Development\Konnetic\UnifySipApi\Production\Src\Konnetic Unify SIP API\Konnetic.Sip\Headers\BaseHeaderFields\ParamatizedHeaderFieldBase.cs:line 43
   at Konnetic.Sip.Headers.ParamatizedHeaderFieldBase.IsValid() in D:\Business\Development\Konnetic\UnifySipApi\Production\Src\Konnetic Unify SIP API\Konnetic.Sip\Headers\BaseHeaderFields\ParamatizedHeaderFieldBase.cs:line 202
   at Konnetic.Sip.Headers.SecurityHeaderFieldBase.IsValid() in D:\Business\Development\Konnetic\UnifySipApi\Production\Src\Konnetic Unify SIP API\Konnetic.Sip\Headers\BaseHeaderFields\SecurityHeaderFieldBase.cs:line 51
   at Konnetic.Sip.Headers.SchemeHeaderFieldBase.IsValid() in D:\Business\Development\Konnetic\UnifySipApi\Production\Src\Konnetic Unify SIP API\Konnetic.Sip\Headers\BaseHeaderFields\SchemeHeaderFieldBase.cs:line 331
   at Konnetic.Sip.Headers.ChallengeHeaderFieldBase.IsValid() in D:\Business\Development\Konnetic\UnifySipApi\Production\Src\Konnetic Unify SIP API\Konnetic.Sip\Headers\BaseHeaderFields\ChallengeHeaderFieldBase.cs:line 287
   at Konnetic.Sip.UnitTests.SecurityHeaderFieldAdapter.IsValidTest() in D:\Business\Development\Konnetic\UnifySipApi\Production\Src\Konnetic Unify SIP API\Konnetic.Sip.UnitTests\HeaderFields\SecurityHeaderFieldAdapter.cs:line 194
</StackTrace>
        </ErrorInfo>
      </Output>
    </UnitTestResult>
    <UnitTestResult executionId="a73110e4-28bd-4da8-a23a-bd4aca955186" testId="8e2d0d52-7b7f-a2e1-427c-1f0e57ad1f65" testName="MessageQopTest" computerName="SERVER001" duration="00:00:00.0019281" startTime="2010-01-24T19:15:55.0498482+11:00" endTime="2010-01-24T19:15:55.0538482+11:00" testType="13cdc9d9-ddb5-4fa4-a97d-d965ccfc6d4b" outcome="Failed" testListId="8c84fa94-04c1-424b-9868-57a2d4851a1d">
      <Output>
        <ErrorInfo>
          <Message>Test method Konnetic.Sip.UnitTests.SecurityHeaderFieldAdapter.MessageQopTest threw exception:  System.NullReferenceException: Object reference not set to an instance of an object..</Message>
          <StackTrace>    at Konnetic.Sip.Headers.ChallengeHeaderFieldBase.set_MessageQop(String value) in D:\Business\Development\Konnetic\UnifySipApi\Production\Src\Konnetic Unify SIP API\Konnetic.Sip\Headers\BaseHeaderFields\ChallengeHeaderFieldBase.cs:line 108
   at Konnetic.Sip.UnitTests.SecurityHeaderFieldAdapter.MessageQopTest() in D:\Business\Development\Konnetic\UnifySipApi\Production\Src\Konnetic Unify SIP API\Konnetic.Sip.UnitTests\HeaderFields\SecurityHeaderFieldAdapter.cs:line 213
</StackTrace>
        </ErrorInfo>
      </Output>
    </UnitTestResult>
    <UnitTestResult executionId="862e9570-55ed-4188-9260-f3bd167876f5" testId="ba22e27e-d80c-9116-a6d3-262ec27c9ac0" testName="MessageQopTest1" computerName="SERVER001" duration="00:00:00.0021328" startTime="2010-01-24T19:15:55.0548482+11:00" endTime="2010-01-24T19:15:55.0598482+11:00" testType="13cdc9d9-ddb5-4fa4-a97d-d965ccfc6d4b" outcome="Passed" testListId="8c84fa94-04c1-424b-9868-57a2d4851a1d">
      <Output>
      </Output>
    </UnitTestResult>
    <UnitTestResult executionId="bf75605e-8280-432a-9380-0aa9b357f3b5" testId="1d2f353a-18b0-7375-7df9-ce86d961fabc" testName="NonceTest" computerName="SERVER001" duration="00:00:00.0021624" startTime="2010-01-24T19:15:55.0608482+11:00" endTime="2010-01-24T19:15:55.0658482+11:00" testType="13cdc9d9-ddb5-4fa4-a97d-d965ccfc6d4b" outcome="Failed" testListId="8c84fa94-04c1-424b-9868-57a2d4851a1d">
      <Output>
        <ErrorInfo>
          <Message>Test method Konnetic.Sip.UnitTests.SecurityHeaderFieldAdapter.NonceTest threw exception:  System.NullReferenceException: Object reference not set to an instance of an object..</Message>
          <StackTrace>    at Konnetic.Sip.Headers.SchemeHeaderFieldBase.set_Nonce(String value) in D:\Business\Development\Konnetic\UnifySipApi\Production\Src\Konnetic Unify SIP API\Konnetic.Sip\Headers\BaseHeaderFields\SchemeHeaderFieldBase.cs:line 122
   at Konnetic.Sip.UnitTests.SecurityHeaderFieldAdapter.NonceTest() in D:\Business\Development\Konnetic\UnifySipApi\Production\Src\Konnetic Unify SIP API\Konnetic.Sip.UnitTests\HeaderFields\SecurityHeaderFieldAdapter.cs:line 247
</StackTrace>
        </ErrorInfo>
      </Output>
    </UnitTestResult>
    <UnitTestResult executionId="3259b882-fc87-4aaf-a4de-49811c1901af" testId="3f3a2c8d-1837-4708-7a51-269907d3c87b" testName="NonceTest1" computerName="SERVER001" duration="00:00:00.0026779" startTime="2010-01-24T19:15:55.0658482+11:00" endTime="2010-01-24T19:15:55.0718482+11:00" testType="13cdc9d9-ddb5-4fa4-a97d-d965ccfc6d4b" outcome="Failed" testListId="8c84fa94-04c1-424b-9868-57a2d4851a1d">
      <Output>
        <ErrorInfo>
          <Message>Test method Konnetic.Sip.UnitTests.SecurityHeaderFieldAdapter.NonceTest1 threw exception:  System.NullReferenceException: Object reference not set to an instance of an object..</Message>
          <StackTrace>    at Konnetic.Sip.Headers.SchemeHeaderFieldBase.set_Nonce(String value) in D:\Business\Development\Konnetic\UnifySipApi\Production\Src\Konnetic Unify SIP API\Konnetic.Sip\Headers\BaseHeaderFields\SchemeHeaderFieldBase.cs:line 128
   at Konnetic.Sip.UnitTests.SecurityHeaderFieldAdapter.NonceTest1() in D:\Business\Development\Konnetic\UnifySipApi\Production\Src\Konnetic Unify SIP API\Konnetic.Sip.UnitTests\HeaderFields\SecurityHeaderFieldAdapter.cs:line 264
</StackTrace>
        </ErrorInfo>
      </Output>
    </UnitTestResult>
    <UnitTestResult executionId="5cf0461e-c07f-43a6-9be6-17955127fd49" testId="d006efdb-4f9a-d512-1e33-59e6cb7d3ab3" testName="NonceTest2" computerName="SERVER001" duration="00:00:00.0024419" startTime="2010-01-24T19:15:55.0728482+11:00" endTime="2010-01-24T19:15:55.0768482+11:00" testType="13cdc9d9-ddb5-4fa4-a97d-d965ccfc6d4b" outcome="Failed" testListId="8c84fa94-04c1-424b-9868-57a2d4851a1d">
      <Output>
        <ErrorInfo>
          <Message>Test method Konnetic.Sip.UnitTests.SecurityHeaderFieldAdapter.NonceTest2 threw exception:  System.NullReferenceException: Object reference not set to an instance of an object..</Message>
          <StackTrace>    at Konnetic.Sip.Headers.SchemeHeaderFieldBase.set_Nonce(String value) in D:\Business\Development\Konnetic\UnifySipApi\Production\Src\Konnetic Unify SIP API\Konnetic.Sip\Headers\BaseHeaderFields\SchemeHeaderFieldBase.cs:line 128
   at Konnetic.Sip.UnitTests.SecurityHeaderFieldAdapter.NonceTest2() in D:\Business\Development\Konnetic\UnifySipApi\Production\Src\Konnetic Unify SIP API\Konnetic.Sip.UnitTests\HeaderFields\SecurityHeaderFieldAdapter.cs:line 275
</StackTrace>
        </ErrorInfo>
      </Output>
    </UnitTestResult>
    <UnitTestResult executionId="2605f1a9-12d7-4f6e-8e4e-df9626a8f763" testId="393f5d9d-f3de-971a-74b0-c03b2b0c182d" testName="OpaqueTest" computerName="SERVER001" duration="00:00:00.0019783" startTime="2010-01-24T19:15:55.0778482+11:00" endTime="2010-01-24T19:15:55.0818482+11:00" testType="13cdc9d9-ddb5-4fa4-a97d-d965ccfc6d4b" outcome="Failed" testListId="8c84fa94-04c1-424b-9868-57a2d4851a1d">
      <Output>
        <ErrorInfo>
          <Message>Test method Konnetic.Sip.UnitTests.SecurityHeaderFieldAdapter.OpaqueTest threw exception:  System.NullReferenceException: Object reference not set to an instance of an object..</Message>
          <StackTrace>    at Konnetic.Sip.Headers.SchemeHeaderFieldBase.set_Opaque(String value) in D:\Business\Development\Konnetic\UnifySipApi\Production\Src\Konnetic Unify SIP API\Konnetic.Sip\Headers\BaseHeaderFields\SchemeHeaderFieldBase.cs:line 160
   at Konnetic.Sip.UnitTests.SecurityHeaderFieldAdapter.OpaqueTest() in D:\Business\Development\Konnetic\UnifySipApi\Production\Src\Konnetic Unify SIP API\Konnetic.Sip.UnitTests\HeaderFields\SecurityHeaderFieldAdapter.cs:line 289
</StackTrace>
        </ErrorInfo>
      </Output>
    </UnitTestResult>
    <UnitTestResult executionId="d6fde147-b36a-4904-bd08-43f5a8bb3bec" testId="32e95b67-fb97-f0bf-bced-6d30c83967f9" testName="OpaqueTest1" computerName="SERVER001" duration="00:00:00.0022530" startTime="2010-01-24T19:15:55.0838482+11:00" endTime="2010-01-24T19:15:55.0888482+11:00" testType="13cdc9d9-ddb5-4fa4-a97d-d965ccfc6d4b" outcome="Failed" testListId="8c84fa94-04c1-424b-9868-57a2d4851a1d">
      <Output>
        <ErrorInfo>
          <Message>Test method Konnetic.Sip.UnitTests.SecurityHeaderFieldAdapter.OpaqueTest1 threw exception:  System.NullReferenceException: Object reference not set to an instance of an object..</Message>
          <StackTrace>    at Konnetic.Sip.Headers.SchemeHeaderFieldBase.set_Opaque(String value) in D:\Business\Development\Konnetic\UnifySipApi\Production\Src\Konnetic Unify SIP API\Konnetic.Sip\Headers\BaseHeaderFields\SchemeHeaderFieldBase.cs:line 166
   at Konnetic.Sip.UnitTests.SecurityHeaderFieldAdapter.OpaqueTest1() in D:\Business\Development\Konnetic\UnifySipApi\Production\Src\Konnetic Unify SIP API\Konnetic.Sip.UnitTests\HeaderFields\SecurityHeaderFieldAdapter.cs:line 307
</StackTrace>
        </ErrorInfo>
      </Output>
    </UnitTestResult>
    <UnitTestResult executionId="7d339329-80b5-43fd-8d98-6dc9514b7da0" testId="e1ea717e-3adf-50a2-d3bc-7b19427855e7" testName="OpaqueTest2" computerName="SERVER001" duration="00:00:00.0022127" startTime="2010-01-24T19:15:55.0898482+11:00" endTime="2010-01-24T19:15:55.0938482+11:00" testType="13cdc9d9-ddb5-4fa4-a97d-d965ccfc6d4b" outcome="Failed" testListId="8c84fa94-04c1-424b-9868-57a2d4851a1d">
      <Output>
        <ErrorInfo>
          <Message>Test method Konnetic.Sip.UnitTests.SecurityHeaderFieldAdapter.OpaqueTest2 threw exception:  System.NullReferenceException: Object reference not set to an instance of an object..</Message>
          <StackTrace>    at Konnetic.Sip.Headers.SchemeHeaderFieldBase.set_Opaque(String value) in D:\Business\Development\Konnetic\UnifySipApi\Production\Src\Konnetic Unify SIP API\Konnetic.Sip\Headers\BaseHeaderFields\SchemeHeaderFieldBase.cs:line 166
   at Konnetic.Sip.UnitTests.SecurityHeaderFieldAdapter.OpaqueTest2() in D:\Business\Development\Konnetic\UnifySipApi\Production\Src\Konnetic Unify SIP API\Konnetic.Sip.UnitTests\HeaderFields\SecurityHeaderFieldAdapter.cs:line 318
</StackTrace>
        </ErrorInfo>
      </Output>
    </UnitTestResult>
    <UnitTestResult executionId="116b8c55-439d-4919-9a3b-11f11ca2fcb8" testId="4fb145f2-6489-0c89-7a64-cb5a21f71c60" testName="ParseTest" computerName="SERVER001" duration="00:00:00.0195153" startTime="2010-01-24T19:15:55.0938482+11:00" endTime="2010-01-24T19:15:55.1168482+11:00" testType="13cdc9d9-ddb5-4fa4-a97d-d965ccfc6d4b" outcome="Failed" testListId="8c84fa94-04c1-424b-9868-57a2d4851a1d">
      <Output>
        <ErrorInfo>
          <Message>Test method Konnetic.Sip.UnitTests.SecurityHeaderFieldAdapter.ParseTest threw exception:  System.NullReferenceException: Object reference not set to an instance of an object..</Message>
          <StackTrace>    at Konnetic.Sip.Headers.ParamatizedHeaderFieldBase.Parse(String value) in D:\Business\Development\Konnetic\UnifySipApi\Production\Src\Konnetic Unify SIP API\Konnetic.Sip\Headers\BaseHeaderFields\ParamatizedHeaderFieldBase.cs:line 221
   at Konnetic.Sip.Headers.SecurityHeaderFieldBase.Parse(String value) in D:\Business\Development\Konnetic\UnifySipApi\Production\Src\Konnetic Unify SIP API\Konnetic.Sip\Headers\BaseHeaderFields\SecurityHeaderFieldBase.cs:line 74
   at Konnetic.Sip.Headers.SchemeHeaderFieldBase.Parse(String value) in D:\Business\Development\Konnetic\UnifySipApi\Production\Src\Konnetic Unify SIP API\Konnetic.Sip\Headers\BaseHeaderFields\SchemeHeaderFieldBase.cs:line 369
   at Konnetic.Sip.Headers.ChallengeHeaderFieldBase.Parse(String value) in D:\Business\Development\Konnetic\UnifySipApi\Production\Src\Konnetic Unify SIP API\Konnetic.Sip\Headers\BaseHeaderFields\ChallengeHeaderFieldBase.cs:line 341
   at Konnetic.Sip.Headers.ProxyAuthenticateHeaderField.Parse(String value) in D:\Business\Development\Konnetic\UnifySipApi\Production\Src\Konnetic Unify SIP API\Konnetic.Sip\Headers\ProxyAuthenticateHeaderField.cs:line 238
   at Konnetic.Sip.UnitTests.SecurityHeaderFieldAdapter.ParseTest() in D:\Business\Development\Konnetic\UnifySipApi\Production\Src\Konnetic Unify SIP API\Konnetic.Sip.UnitTests\HeaderFields\SecurityHeaderFieldAdapter.cs:line 331
</StackTrace>
        </ErrorInfo>
      </Output>
    </UnitTestResult>
    <UnitTestResult executionId="9ac95646-af9a-4d25-ba82-c9e701cddf48" testId="f632445c-84ba-0347-794e-aafa7119d4d5" testName="RealmTest" computerName="SERVER001" duration="00:00:00.0021664" startTime="2010-01-24T19:15:55.1178482+11:00" endTime="2010-01-24T19:15:55.1228482+11:00" testType="13cdc9d9-ddb5-4fa4-a97d-d965ccfc6d4b" outcome="Failed" testListId="8c84fa94-04c1-424b-9868-57a2d4851a1d">
      <Output>
        <ErrorInfo>
          <Message>Test method Konnetic.Sip.UnitTests.SecurityHeaderFieldAdapter.RealmTest threw exception:  System.NullReferenceException: Object reference not set to an instance of an object..</Message>
          <StackTrace>    at Konnetic.Sip.Headers.SchemeHeaderFieldBase.set_Realm(String value) in D:\Business\Development\Konnetic\UnifySipApi\Production\Src\Konnetic Unify SIP API\Konnetic.Sip\Headers\BaseHeaderFields\SchemeHeaderFieldBase.cs:line 194
   at Konnetic.Sip.UnitTests.SecurityHeaderFieldAdapter.RealmTest() in D:\Business\Development\Konnetic\UnifySipApi\Production\Src\Konnetic Unify SIP API\Konnetic.Sip.UnitTests\HeaderFields\SecurityHeaderFieldAdapter.cs:line 353
</StackTrace>
        </ErrorInfo>
      </Output>
    </UnitTestResult>
    <UnitTestResult executionId="9436a3cf-9b78-48c6-8aed-8df63be6aac5" testId="e14953ca-230c-5bcb-ec77-fdf4a5ccfceb" testName="RealmTest1" computerName="SERVER001" duration="00:00:00.0028528" startTime="2010-01-24T19:15:55.1228482+11:00" endTime="2010-01-24T19:15:55.1288482+11:00" testType="13cdc9d9-ddb5-4fa4-a97d-d965ccfc6d4b" outcome="Failed" testListId="8c84fa94-04c1-424b-9868-57a2d4851a1d">
      <Output>
        <ErrorInfo>
          <Message>Test method Konnetic.Sip.UnitTests.SecurityHeaderFieldAdapter.RealmTest1 threw exception:  System.NullReferenceException: Object reference not set to an instance of an object..</Message>
          <StackTrace>    at Konnetic.Sip.Headers.SchemeHeaderFieldBase.set_Realm(String value) in D:\Business\Development\Konnetic\UnifySipApi\Production\Src\Konnetic Unify SIP API\Konnetic.Sip\Headers\BaseHeaderFields\SchemeHeaderFieldBase.cs:line 200
   at Konnetic.Sip.UnitTests.SecurityHeaderFieldAdapter.RealmTest1() in D:\Business\Development\Konnetic\UnifySipApi\Production\Src\Konnetic Unify SIP API\Konnetic.Sip.UnitTests\HeaderFields\SecurityHeaderFieldAdapter.cs:line 370
</StackTrace>
        </ErrorInfo>
      </Output>
    </UnitTestResult>
    <UnitTestResult executionId="57b0d5eb-b3b1-424b-973a-e6889e692781" testId="280e1b3e-c60f-ea1a-b701-59690debb2f0" testName="RealmTest2" computerName="SERVER001" duration="00:00:00.0026685" startTime="2010-01-24T19:15:55.1298482+11:00" endTime="2010-01-24T19:15:55.1348482+11:00" testType="13cdc9d9-ddb5-4fa4-a97d-d965ccfc6d4b" outcome="Failed" testListId="8c84fa94-04c1-424b-9868-57a2d4851a1d">
      <Output>
        <ErrorInfo>
          <Message>Test method Konnetic.Sip.UnitTests.SecurityHeaderFieldAdapter.RealmTest2 threw exception:  System.NullReferenceException: Object reference not set to an instance of an object..</Message>
          <StackTrace>    at Konnetic.Sip.Headers.SchemeHeaderFieldBase.set_Realm(String value) in D:\Business\Development\Konnetic\UnifySipApi\Production\Src\Konnetic Unify SIP API\Konnetic.Sip\Headers\BaseHeaderFields\SchemeHeaderFieldBase.cs:line 200
   at Konnetic.Sip.UnitTests.SecurityHeaderFieldAdapter.RealmTest2() in D:\Business\Development\Konnetic\UnifySipApi\Production\Src\Konnetic Unify SIP API\Konnetic.Sip.UnitTests\HeaderFields\SecurityHeaderFieldAdapter.cs:line 381
</StackTrace>
        </ErrorInfo>
      </Output>
    </UnitTestResult>
    <UnitTestResult executionId="f0fb762f-e75d-45d3-aa4c-9d30147fac09" testId="2f9b1bb9-5b7e-e32c-f659-1c4d6c66a5d8" testName="SchemeTest" computerName="SERVER001" duration="00:00:00.0015209" startTime="2010-01-24T19:15:55.1358482+11:00" endTime="2010-01-24T19:15:55.1398482+11:00" testType="13cdc9d9-ddb5-4fa4-a97d-d965ccfc6d4b" outcome="Passed" testListId="8c84fa94-04c1-424b-9868-57a2d4851a1d">
      <Output>
      </Output>
    </UnitTestResult>
    <UnitTestResult executionId="68388772-73c7-4bc7-918c-a688ca474f42" testId="9c071512-9e94-8644-f7ac-ea4906eaa8c0" testName="SchemeTest2" computerName="SERVER001" duration="00:00:00.0008438" startTime="2010-01-24T19:15:55.1408482+11:00" endTime="2010-01-24T19:15:55.1438482+11:00" testType="13cdc9d9-ddb5-4fa4-a97d-d965ccfc6d4b" outcome="Passed" testListId="8c84fa94-04c1-424b-9868-57a2d4851a1d">
      <Output>
      </Output>
    </UnitTestResult>
    <UnitTestResult executionId="aea1c77f-438e-4b94-9e34-d05c4df55c0e" testId="8a4bb0af-ec6e-330f-3e0e-62aa326a9c22" testName="GetStringValueTest" computerName="SERVER001" duration="00:00:00.0012371" startTime="2010-01-24T19:15:55.1448482+11:00" endTime="2010-01-24T19:15:55.1488482+11:00" testType="13cdc9d9-ddb5-4fa4-a97d-d965ccfc6d4b" outcome="Passed" testListId="8c84fa94-04c1-424b-9868-57a2d4851a1d">
      <Output>
      </Output>
    </UnitTestResult>
    <UnitTestResult executionId="817715b1-c226-42a5-9aad-eebbb7885a2f" testId="9213ef96-3fe8-13eb-42ad-b4718cf46a65" testName="IsValidTest" computerName="SERVER001" duration="00:00:00.0019371" startTime="2010-01-24T19:15:55.1498482+11:00" endTime="2010-01-24T19:15:55.1548482+11:00" testType="13cdc9d9-ddb5-4fa4-a97d-d965ccfc6d4b" outcome="Failed" testListId="8c84fa94-04c1-424b-9868-57a2d4851a1d">
      <Output>
        <ErrorInfo>
          <Message>Test method Konnetic.Sip.UnitTests.SecurityHeaderFieldBaseAdapter.IsValidTest threw exception:  System.NullReferenceException: Object reference not set to an instance of an object..</Message>
          <StackTrace>    at Konnetic.Sip.Headers.ParamatizedHeaderFieldBase.get_HasParameters() in D:\Business\Development\Konnetic\UnifySipApi\Production\Src\Konnetic Unify SIP API\Konnetic.Sip\Headers\BaseHeaderFields\ParamatizedHeaderFieldBase.cs:line 43
   at Konnetic.Sip.Headers.ParamatizedHeaderFieldBase.IsValid() in D:\Business\Development\Konnetic\UnifySipApi\Production\Src\Konnetic Unify SIP API\Konnetic.Sip\Headers\BaseHeaderFields\ParamatizedHeaderFieldBase.cs:line 202
   at Konnetic.Sip.Headers.SecurityHeaderFieldBase.IsValid() in D:\Business\Development\Konnetic\UnifySipApi\Production\Src\Konnetic Unify SIP API\Konnetic.Sip\Headers\BaseHeaderFields\SecurityHeaderFieldBase.cs:line 51
   at Konnetic.Sip.Headers.SchemeHeaderFieldBase.IsValid() in D:\Business\Development\Konnetic\UnifySipApi\Production\Src\Konnetic Unify SIP API\Konnetic.Sip\Headers\BaseHeaderFields\SchemeHeaderFieldBase.cs:line 331
   at Konnetic.Sip.Headers.AuthorizationHeaderFieldBase.IsValid() in D:\Business\Development\Konnetic\UnifySipApi\Production\Src\Konnetic Unify SIP API\Konnetic.Sip\Headers\BaseHeaderFields\AuthorizationHeaderFieldBase.cs:line 378
   at Konnetic.Sip.UnitTests.SecurityHeaderFieldBaseAdapter.IsValidTest() in D:\Business\Development\Konnetic\UnifySipApi\Production\Src\Konnetic Unify SIP API\Konnetic.Sip.UnitTests\HeaderFields\SecurityHeaderFieldBaseAdapter.cs:line 51
</StackTrace>
        </ErrorInfo>
      </Output>
    </UnitTestResult>
    <UnitTestResult executionId="9ab5849e-0e73-47a5-89c7-7a7e041f1c07" testId="ee3a6ac7-5d38-9b2c-9998-371476aa5b33" testName="ParseTest" computerName="SERVER001" duration="00:00:00.0090699" startTime="2010-01-24T19:15:55.1548482+11:00" endTime="2010-01-24T19:15:55.1678482+11:00" testType="13cdc9d9-ddb5-4fa4-a97d-d965ccfc6d4b" outcome="Failed" testListId="8c84fa94-04c1-424b-9868-57a2d4851a1d">
      <Output>
        <ErrorInfo>
          <Message>Test method Konnetic.Sip.UnitTests.SecurityHeaderFieldBaseAdapter.ParseTest threw exception:  System.NullReferenceException: Object reference not set to an instance of an object..</Message>
          <StackTrace>    at Konnetic.Sip.Headers.ParamatizedHeaderFieldBase.Parse(String value) in D:\Business\Development\Konnetic\UnifySipApi\Production\Src\Konnetic Unify SIP API\Konnetic.Sip\Headers\BaseHeaderFields\ParamatizedHeaderFieldBase.cs:line 221
   at Konnetic.Sip.Headers.SecurityHeaderFieldBase.Parse(String value) in D:\Business\Development\Konnetic\UnifySipApi\Production\Src\Konnetic Unify SIP API\Konnetic.Sip\Headers\BaseHeaderFields\SecurityHeaderFieldBase.cs:line 74
   at Konnetic.Sip.Headers.SchemeHeaderFieldBase.Parse(String value) in D:\Business\Development\Konnetic\UnifySipApi\Production\Src\Konnetic Unify SIP API\Konnetic.Sip\Headers\BaseHeaderFields\SchemeHeaderFieldBase.cs:line 369
   at Konnetic.Sip.Headers.AuthorizationHeaderFieldBase.Parse(String value) in D:\Business\Development\Konnetic\UnifySipApi\Production\Src\Konnetic Unify SIP API\Konnetic.Sip\Headers\BaseHeaderFields\AuthorizationHeaderFieldBase.cs:line 426
   at Konnetic.Sip.Headers.AuthorizationHeaderField.Parse(String value) in D:\Business\Development\Konnetic\UnifySipApi\Production\Src\Konnetic Unify SIP API\Konnetic.Sip\Headers\AuthorizationHeaderField.cs:line 242
   at Konnetic.Sip.UnitTests.SecurityHeaderFieldBaseAdapter.ParseTest() in D:\Business\Development\Konnetic\UnifySipApi\Production\Src\Konnetic Unify SIP API\Konnetic.Sip.UnitTests\HeaderFields\SecurityHeaderFieldBaseAdapter.cs:line 68
</StackTrace>
        </ErrorInfo>
      </Output>
    </UnitTestResult>
    <UnitTestResult executionId="48f1a4ad-cd07-484f-9656-70726c7d8af9" testId="537775bd-1794-8e9c-6660-053356ddcc49" testName="CloneTest" computerName="SERVER001" duration="00:00:00.0111057" startTime="2010-01-24T19:15:55.1688482+11:00" endTime="2010-01-24T19:15:55.1828482+11:00" testType="13cdc9d9-ddb5-4fa4-a97d-d965ccfc6d4b" outcome="Passed" testListId="8c84fa94-04c1-424b-9868-57a2d4851a1d">
      <Output>
      </Output>
    </UnitTestResult>
    <UnitTestResult executionId="fbd6c786-9278-42d7-a64c-18e6fe3398a8" testId="919b5b7d-181c-8dc3-5e75-80d4199358b1" testName="EqualsTest" computerName="SERVER001" duration="00:00:00.0034920" startTime="2010-01-24T19:15:55.1828482+11:00" endTime="2010-01-24T19:15:55.1898482+11:00" testType="13cdc9d9-ddb5-4fa4-a97d-d965ccfc6d4b" outcome="Passed" testListId="8c84fa94-04c1-424b-9868-57a2d4851a1d">
      <Output>
      </Output>
    </UnitTestResult>
    <UnitTestResult executionId="21c057ec-1d4a-4f5a-a1cb-3aa41a5192d3" testId="d297706e-d66c-0ee4-d886-19ff243e7583" testName="EqualsTest1" computerName="SERVER001" duration="00:00:00.0027594" startTime="2010-01-24T19:15:55.1898482+11:00" endTime="2010-01-24T19:15:55.1958482+11:00" testType="13cdc9d9-ddb5-4fa4-a97d-d965ccfc6d4b" outcome="Passed" testListId="8c84fa94-04c1-424b-9868-57a2d4851a1d">
      <Output>
      </Output>
    </UnitTestResult>
    <UnitTestResult executionId="fccc8de5-cea4-4460-ba56-ca5b59e709dd" testId="ab50aa7e-1be4-3eb6-ddb8-2e75f25a2e97" testName="EqualsTest2" computerName="SERVER001" duration="00:00:00.0104871" startTime="2010-01-24T19:15:55.1958482+11:00" endTime="2010-01-24T19:15:55.2088482+11:00" testType="13cdc9d9-ddb5-4fa4-a97d-d965ccfc6d4b" outcome="Passed" testListId="8c84fa94-04c1-424b-9868-57a2d4851a1d">
      <Output>
      </Output>
    </UnitTestResult>
    <UnitTestResult executionId="cab3eb39-7bf1-4496-b1e4-26bcf7b1ecfe" testId="cd6050f4-4794-f19d-5528-8116511db0c5" testName="EqualsTest3" computerName="SERVER001" duration="00:00:00.0033448" startTime="2010-01-24T19:15:55.2098482+11:00" endTime="2010-01-24T19:15:55.2158482+11:00" testType="13cdc9d9-ddb5-4fa4-a97d-d965ccfc6d4b" outcome="Passed" testListId="8c84fa94-04c1-424b-9868-57a2d4851a1d">
      <Output>
      </Output>
    </UnitTestResult>
    <UnitTestResult executionId="1a84c7e9-b127-429a-b0b8-bf934373b8c4" testId="c205524d-7f16-ee35-6688-566763d159c5" testName="ParseTest" computerName="SERVER001" duration="00:00:00.0709953" startTime="2010-01-24T19:15:55.2168482+11:00" endTime="2010-01-24T19:15:55.2898482+11:00" testType="13cdc9d9-ddb5-4fa4-a97d-d965ccfc6d4b" outcome="Passed" testListId="8c84fa94-04c1-424b-9868-57a2d4851a1d">
      <Output>
      </Output>
    </UnitTestResult>
    <UnitTestResult executionId="a952341c-e9e3-46c2-a8ab-41ffd27bdddf" testId="7d6cb479-0302-5dea-08b0-3c15233e4a62" testName="ServerHeaderFieldConstructorTest" computerName="SERVER001" duration="00:00:00.0061170" startTime="2010-01-24T19:15:55.2908482+11:00" endTime="2010-01-24T19:15:55.2998482+11:00" testType="13cdc9d9-ddb5-4fa4-a97d-d965ccfc6d4b" outcome="Passed" testListId="8c84fa94-04c1-424b-9868-57a2d4851a1d">
      <Output>
      </Output>
    </UnitTestResult>
    <UnitTestResult executionId="03f93124-5615-4e59-ae6a-c9d82bdd133c" testId="0c961700-c9e8-4fba-e67e-c65cff4c1efe" testName="ServerHeaderFieldConstructorTest1" computerName="SERVER001" duration="00:00:00.0004462" startTime="2010-01-24T19:15:55.2998482+11:00" endTime="2010-01-24T19:15:55.3058482+11:00" testType="13cdc9d9-ddb5-4fa4-a97d-d965ccfc6d4b" outcome="Passed" testListId="8c84fa94-04c1-424b-9868-57a2d4851a1d">
      <Output>
      </Output>
    </UnitTestResult>
    <UnitTestResult executionId="8a18bb59-49bd-4cde-9808-57995a416d29" testId="8c19eba2-2e64-3ebc-bbab-11d0e56db202" testName="AddHeaderTest" computerName="SERVER001" duration="00:00:00.0034963" startTime="2010-01-24T19:15:55.3068482+11:00" endTime="2010-01-24T19:15:55.3138482+11:00" testType="13cdc9d9-ddb5-4fa4-a97d-d965ccfc6d4b" outcome="Failed" testListId="8c84fa94-04c1-424b-9868-57a2d4851a1d">
      <Output>
        <ErrorInfo>
          <Message>Test method Konnetic.Sip.UnitTests.SipMessageAdapter.AddHeaderTest threw exception:  System.Reflection.TargetInvocationException: Exception has been thrown by the target of an invocation. ---&gt;  System.NullReferenceException: Object reference not set to an instance of an object..</Message>
          <StackTrace>    at Konnetic.Sip.Headers.ViaHeaderField.set_Branch(String value) in D:\Business\Development\Konnetic\UnifySipApi\Production\Src\Konnetic Unify SIP API\Konnetic.Sip\Headers\ViaHeaderField.cs:line 138
   at Konnetic.Sip.Headers.ViaHeaderField..ctor(String branch) in D:\Business\Development\Konnetic\UnifySipApi\Production\Src\Konnetic Unify SIP API\Konnetic.Sip\Headers\ViaHeaderField.cs:line 349
   at Konnetic.Sip.Headers.ViaHeaderField..ctor() in D:\Business\Development\Konnetic\UnifySipApi\Production\Src\Konnetic Unify SIP API\Konnetic.Sip\Headers\ViaHeaderField.cs:line 332
 --- End of inner exception stack trace ---
    at System.RuntimeTypeHandle.CreateInstance(RuntimeType type, Boolean publicOnly, Boolean noCheck, Boolean&amp; canBeCached, RuntimeMethodHandle&amp; ctor, Boolean&amp; bNeedSecurityCheck)
   at System.Activator.CreateInstance[T]()
   at Konnetic.Sip.Headers.HeaderFieldGroup`1..ctor() in D:\Business\Development\Konnetic\UnifySipApi\Production\Src\Konnetic Unify SIP API\Konnetic.Sip\Headers\SupportTypes\HeaderFieldGroup.cs:line 160
   at Konnetic.Sip.Messages.Request.CreateHeader() in D:\Business\Development\Konnetic\UnifySipApi\Production\Src\Konnetic Unify SIP API\Konnetic.Sip\Messages\Request.cs:line 266
   at Konnetic.Sip.Messages.Invite.CreateHeader() in D:\Business\Development\Konnetic\UnifySipApi\Production\Src\Konnetic Unify SIP API\Konnetic.Sip\Messages\Invite.cs:line 164
   at Konnetic.Sip.Messages.Request..ctor() in D:\Business\Development\Konnetic\UnifySipApi\Production\Src\Konnetic Unify SIP API\Konnetic.Sip\Messages\Request.cs:line 189
   at Konnetic.Sip.Messages.Invite..ctor() in D:\Business\Development\Konnetic\UnifySipApi\Production\Src\Konnetic Unify SIP API\Konnetic.Sip\Messages\Invite.cs:line 95
   at Konnetic.Sip.Messages.Invite..ctor(SipUri to) in D:\Business\Development\Konnetic\UnifySipApi\Production\Src\Konnetic Unify SIP API\Konnetic.Sip\Messages\Invite.cs:line 110
   at Konnetic.Sip.Messages.Invite..ctor(SipUri to, SipUri from) in D:\Business\Development\Konnetic\UnifySipApi\Production\Src\Konnetic Unify SIP API\Konnetic.Sip\Messages\Invite.cs:line 131
   at Konnetic.Sip.Messages.Invite..ctor(String to, String from) in D:\Business\Development\Konnetic\UnifySipApi\Production\Src\Konnetic Unify SIP API\Konnetic.Sip\Messages\Invite.cs:line 121
   at Konnetic.Sip.UnitTests.SipMessageAdapter.CreateSipMessage_Accessor() in D:\Business\Development\Konnetic\UnifySipApi\Production\Src\Konnetic Unify SIP API\Konnetic.Sip.UnitTests\SipMessageAdapter.cs:line 178
   at Konnetic.Sip.UnitTests.SipMessageAdapter.AddHeaderTest() in D:\Business\Development\Konnetic\UnifySipApi\Production\Src\Konnetic Unify SIP API\Konnetic.Sip.UnitTests\SipMessageAdapter.cs:line 68
</StackTrace>
        </ErrorInfo>
      </Output>
    </UnitTestResult>
    <UnitTestResult executionId="28101efa-55b1-4c97-a224-b63a139ea4ea" testId="4b33aca5-10b0-7836-6ece-0b1dbff452ca" testName="BodyTest" computerName="SERVER001" duration="00:00:00.0024421" startTime="2010-01-24T19:15:55.3148482+11:00" endTime="2010-01-24T19:15:55.3198482+11:00" testType="13cdc9d9-ddb5-4fa4-a97d-d965ccfc6d4b" outcome="Failed" testListId="8c84fa94-04c1-424b-9868-57a2d4851a1d">
      <Output>
        <ErrorInfo>
          <Message>Test method Konnetic.Sip.UnitTests.SipMessageAdapter.BodyTest threw exception:  System.Reflection.TargetInvocationException: Exception has been thrown by the target of an invocation. ---&gt;  System.NullReferenceException: Object reference not set to an instance of an object..</Message>
          <StackTrace>    at Konnetic.Sip.Headers.ViaHeaderField.set_Branch(String value) in D:\Business\Development\Konnetic\UnifySipApi\Production\Src\Konnetic Unify SIP API\Konnetic.Sip\Headers\ViaHeaderField.cs:line 138
   at Konnetic.Sip.Headers.ViaHeaderField..ctor(String branch) in D:\Business\Development\Konnetic\UnifySipApi\Production\Src\Konnetic Unify SIP API\Konnetic.Sip\Headers\ViaHeaderField.cs:line 349
   at Konnetic.Sip.Headers.ViaHeaderField..ctor() in D:\Business\Development\Konnetic\UnifySipApi\Production\Src\Konnetic Unify SIP API\Konnetic.Sip\Headers\ViaHeaderField.cs:line 332
 --- End of inner exception stack trace ---
    at System.RuntimeTypeHandle.CreateInstance(RuntimeType type, Boolean publicOnly, Boolean noCheck, Boolean&amp; canBeCached, RuntimeMethodHandle&amp; ctor, Boolean&amp; bNeedSecurityCheck)
   at System.Activator.CreateInstance[T]()
   at Konnetic.Sip.Headers.HeaderFieldGroup`1..ctor() in D:\Business\Development\Konnetic\UnifySipApi\Production\Src\Konnetic Unify SIP API\Konnetic.Sip\Headers\SupportTypes\HeaderFieldGroup.cs:line 160
   at Konnetic.Sip.Messages.Request.CreateHeader() in D:\Business\Development\Konnetic\UnifySipApi\Production\Src\Konnetic Unify SIP API\Konnetic.Sip\Messages\Request.cs:line 266
   at Konnetic.Sip.Messages.Invite.CreateHeader() in D:\Business\Development\Konnetic\UnifySipApi\Production\Src\Konnetic Unify SIP API\Konnetic.Sip\Messages\Invite.cs:line 164
   at Konnetic.Sip.Messages.Request..ctor() in D:\Business\Development\Konnetic\UnifySipApi\Production\Src\Konnetic Unify SIP API\Konnetic.Sip\Messages\Request.cs:line 189
   at Konnetic.Sip.Messages.Invite..ctor() in D:\Business\Development\Konnetic\UnifySipApi\Production\Src\Konnetic Unify SIP API\Konnetic.Sip\Messages\Invite.cs:line 95
   at Konnetic.Sip.UnitTests.SipMessageAdapter.CreateSipMessage() in D:\Business\Development\Konnetic\UnifySipApi\Production\Src\Konnetic Unify SIP API\Konnetic.Sip.UnitTests\SipMessageAdapter.cs:line 172
   at Konnetic.Sip.UnitTests.SipMessageAdapter.BodyTest() in D:\Business\Development\Konnetic\UnifySipApi\Production\Src\Konnetic Unify SIP API\Konnetic.Sip.UnitTests\SipMessageAdapter.cs:line 89
</StackTrace>
        </ErrorInfo>
      </Output>
    </UnitTestResult>
    <UnitTestResult executionId="7c27edd8-b48b-41b3-a0a3-497292049e03" testId="16e6c6cc-6ed7-4d1e-f87e-d66188532ce5" testName="FindTest" computerName="SERVER001" duration="00:00:00.0019926" startTime="2010-01-24T19:15:55.3198482+11:00" endTime="2010-01-24T19:15:55.3258482+11:00" testType="13cdc9d9-ddb5-4fa4-a97d-d965ccfc6d4b" outcome="Failed" testListId="8c84fa94-04c1-424b-9868-57a2d4851a1d">
      <Output>
        <ErrorInfo>
          <Message>Test method Konnetic.Sip.UnitTests.SipMessageAdapter.FindTest threw exception:  System.Reflection.TargetInvocationException: Exception has been thrown by the target of an invocation. ---&gt;  System.NullReferenceException: Object reference not set to an instance of an object..</Message>
          <StackTrace>    at Konnetic.Sip.Headers.ViaHeaderField.set_Branch(String value) in D:\Business\Development\Konnetic\UnifySipApi\Production\Src\Konnetic Unify SIP API\Konnetic.Sip\Headers\ViaHeaderField.cs:line 138
   at Konnetic.Sip.Headers.ViaHeaderField..ctor(String branch) in D:\Business\Development\Konnetic\UnifySipApi\Production\Src\Konnetic Unify SIP API\Konnetic.Sip\Headers\ViaHeaderField.cs:line 349
   at Konnetic.Sip.Headers.ViaHeaderField..ctor() in D:\Business\Development\Konnetic\UnifySipApi\Production\Src\Konnetic Unify SIP API\Konnetic.Sip\Headers\ViaHeaderField.cs:line 332
 --- End of inner exception stack trace ---
    at System.RuntimeTypeHandle.CreateInstance(RuntimeType type, Boolean publicOnly, Boolean noCheck, Boolean&amp; canBeCached, RuntimeMethodHandle&amp; ctor, Boolean&amp; bNeedSecurityCheck)
   at System.Activator.CreateInstance[T]()
   at Konnetic.Sip.Headers.HeaderFieldGroup`1..ctor() in D:\Business\Development\Konnetic\UnifySipApi\Production\Src\Konnetic Unify SIP API\Konnetic.Sip\Headers\SupportTypes\HeaderFieldGroup.cs:line 160
   at Konnetic.Sip.Messages.Request.CreateHeader() in D:\Business\Development\Konnetic\UnifySipApi\Production\Src\Konnetic Unify SIP API\Konnetic.Sip\Messages\Request.cs:line 266
   at Konnetic.Sip.Messages.Invite.CreateHeader() in D:\Business\Development\Konnetic\UnifySipApi\Production\Src\Konnetic Unify SIP API\Konnetic.Sip\Messages\Invite.cs:line 164
   at Konnetic.Sip.Messages.Request..ctor() in D:\Business\Development\Konnetic\UnifySipApi\Production\Src\Konnetic Unify SIP API\Konnetic.Sip\Messages\Request.cs:line 189
   at Konnetic.Sip.Messages.Invite..ctor() in D:\Business\Development\Konnetic\UnifySipApi\Production\Src\Konnetic Unify SIP API\Konnetic.Sip\Messages\Invite.cs:line 95
   at Konnetic.Sip.UnitTests.SipMessageAdapter.CreateSipMessage() in D:\Business\Development\Konnetic\UnifySipApi\Production\Src\Konnetic Unify SIP API\Konnetic.Sip.UnitTests\SipMessageAdapter.cs:line 172
   at Konnetic.Sip.UnitTests.SipMessageAdapter.FindTest() in D:\Business\Development\Konnetic\UnifySipApi\Production\Src\Konnetic Unify SIP API\Konnetic.Sip.UnitTests\SipMessageAdapter.cs:line 103
</StackTrace>
        </ErrorInfo>
      </Output>
    </UnitTestResult>
    <UnitTestResult executionId="6362b919-39a1-4e43-a44b-ce06035dee89" testId="0021914a-f8c7-5e38-5848-d3236416393c" testName="FindValueTest" computerName="SERVER001" duration="00:00:00.0022857" startTime="2010-01-24T19:15:55.3258482+11:00" endTime="2010-01-24T19:15:55.3308482+11:00" testType="13cdc9d9-ddb5-4fa4-a97d-d965ccfc6d4b" outcome="Failed" testListId="8c84fa94-04c1-424b-9868-57a2d4851a1d">
      <Output>
        <ErrorInfo>
          <Message>Test method Konnetic.Sip.UnitTests.SipMessageAdapter.FindValueTest threw exception:  System.Reflection.TargetInvocationException: Exception has been thrown by the target of an invocation. ---&gt;  System.NullReferenceException: Object reference not set to an instance of an object..</Message>
          <StackTrace>    at Konnetic.Sip.Headers.ViaHeaderField.set_Branch(String value) in D:\Business\Development\Konnetic\UnifySipApi\Production\Src\Konnetic Unify SIP API\Konnetic.Sip\Headers\ViaHeaderField.cs:line 138
   at Konnetic.Sip.Headers.ViaHeaderField..ctor(String branch) in D:\Business\Development\Konnetic\UnifySipApi\Production\Src\Konnetic Unify SIP API\Konnetic.Sip\Headers\ViaHeaderField.cs:line 349
   at Konnetic.Sip.Headers.ViaHeaderField..ctor() in D:\Business\Development\Konnetic\UnifySipApi\Production\Src\Konnetic Unify SIP API\Konnetic.Sip\Headers\ViaHeaderField.cs:line 332
 --- End of inner exception stack trace ---
    at System.RuntimeTypeHandle.CreateInstance(RuntimeType type, Boolean publicOnly, Boolean noCheck, Boolean&amp; canBeCached, RuntimeMethodHandle&amp; ctor, Boolean&amp; bNeedSecurityCheck)
   at System.Activator.CreateInstance[T]()
   at Konnetic.Sip.Headers.HeaderFieldGroup`1..ctor() in D:\Business\Development\Konnetic\UnifySipApi\Production\Src\Konnetic Unify SIP API\Konnetic.Sip\Headers\SupportTypes\HeaderFieldGroup.cs:line 160
   at Konnetic.Sip.Messages.Request.CreateHeader() in D:\Business\Development\Konnetic\UnifySipApi\Production\Src\Konnetic Unify SIP API\Konnetic.Sip\Messages\Request.cs:line 266
   at Konnetic.Sip.Messages.Invite.CreateHeader() in D:\Business\Development\Konnetic\UnifySipApi\Production\Src\Konnetic Unify SIP API\Konnetic.Sip\Messages\Invite.cs:line 164
   at Konnetic.Sip.Messages.Request..ctor() in D:\Business\Development\Konnetic\UnifySipApi\Production\Src\Konnetic Unify SIP API\Konnetic.Sip\Messages\Request.cs:line 189
   at Konnetic.Sip.Messages.Invite..ctor() in D:\Business\Development\Konnetic\UnifySipApi\Production\Src\Konnetic Unify SIP API\Konnetic.Sip\Messages\Invite.cs:line 95
   at Konnetic.Sip.Messages.Invite..ctor(SipUri to) in D:\Business\Development\Konnetic\UnifySipApi\Production\Src\Konnetic Unify SIP API\Konnetic.Sip\Messages\Invite.cs:line 110
   at Konnetic.Sip.Messages.Invite..ctor(SipUri to, SipUri from) in D:\Business\Development\Konnetic\UnifySipApi\Production\Src\Konnetic Unify SIP API\Konnetic.Sip\Messages\Invite.cs:line 131
   at Konnetic.Sip.Messages.Invite..ctor(String to, String from) in D:\Business\Development\Konnetic\UnifySipApi\Production\Src\Konnetic Unify SIP API\Konnetic.Sip\Messages\Invite.cs:line 121
   at Konnetic.Sip.UnitTests.SipMessageAdapter.CreateSipMessage_Accessor() in D:\Business\Development\Konnetic\UnifySipApi\Production\Src\Konnetic Unify SIP API\Konnetic.Sip.UnitTests\SipMessageAdapter.cs:line 178
   at Konnetic.Sip.UnitTests.SipMessageAdapter.FindValueTest() in D:\Business\Development\Konnetic\UnifySipApi\Production\Src\Konnetic Unify SIP API\Konnetic.Sip.UnitTests\SipMessageAdapter.cs:line 117
</StackTrace>
        </ErrorInfo>
      </Output>
    </UnitTestResult>
    <UnitTestResult executionId="449b470e-531c-43a7-83ba-22208c9d3cd8" testId="cb4c235c-0551-93d3-b846-1b94b1bc7961" testName="HeaderTest" computerName="SERVER001" duration="00:00:00.0019200" startTime="2010-01-24T19:15:55.3308482+11:00" endTime="2010-01-24T19:15:55.3358482+11:00" testType="13cdc9d9-ddb5-4fa4-a97d-d965ccfc6d4b" outcome="Failed" testListId="8c84fa94-04c1-424b-9868-57a2d4851a1d">
      <Output>
        <ErrorInfo>
          <Message>Test method Konnetic.Sip.UnitTests.SipMessageAdapter.HeaderTest threw exception:  System.Reflection.TargetInvocationException: Exception has been thrown by the target of an invocation. ---&gt;  System.NullReferenceException: Object reference not set to an instance of an object..</Message>
          <StackTrace>    at Konnetic.Sip.Headers.ViaHeaderField.set_Branch(String value) in D:\Business\Development\Konnetic\UnifySipApi\Production\Src\Konnetic Unify SIP API\Konnetic.Sip\Headers\ViaHeaderField.cs:line 138
   at Konnetic.Sip.Headers.ViaHeaderField..ctor(String branch) in D:\Business\Development\Konnetic\UnifySipApi\Production\Src\Konnetic Unify SIP API\Konnetic.Sip\Headers\ViaHeaderField.cs:line 349
   at Konnetic.Sip.Headers.ViaHeaderField..ctor() in D:\Business\Development\Konnetic\UnifySipApi\Production\Src\Konnetic Unify SIP API\Konnetic.Sip\Headers\ViaHeaderField.cs:line 332
 --- End of inner exception stack trace ---
    at System.RuntimeTypeHandle.CreateInstance(RuntimeType type, Boolean publicOnly, Boolean noCheck, Boolean&amp; canBeCached, RuntimeMethodHandle&amp; ctor, Boolean&amp; bNeedSecurityCheck)
   at System.Activator.CreateInstance[T]()
   at Konnetic.Sip.Headers.HeaderFieldGroup`1..ctor() in D:\Business\Development\Konnetic\UnifySipApi\Production\Src\Konnetic Unify SIP API\Konnetic.Sip\Headers\SupportTypes\HeaderFieldGroup.cs:line 160
   at Konnetic.Sip.Messages.Request.CreateHeader() in D:\Business\Development\Konnetic\UnifySipApi\Production\Src\Konnetic Unify SIP API\Konnetic.Sip\Messages\Request.cs:line 266
   at Konnetic.Sip.Messages.Invite.CreateHeader() in D:\Business\Development\Konnetic\UnifySipApi\Production\Src\Konnetic Unify SIP API\Konnetic.Sip\Messages\Invite.cs:line 164
   at Konnetic.Sip.Messages.Request..ctor() in D:\Business\Development\Konnetic\UnifySipApi\Production\Src\Konnetic Unify SIP API\Konnetic.Sip\Messages\Request.cs:line 189
   at Konnetic.Sip.Messages.Invite..ctor() in D:\Business\Development\Konnetic\UnifySipApi\Production\Src\Konnetic Unify SIP API\Konnetic.Sip\Messages\Invite.cs:line 95
   at Konnetic.Sip.UnitTests.SipMessageAdapter.CreateSipMessage() in D:\Business\Development\Konnetic\UnifySipApi\Production\Src\Konnetic Unify SIP API\Konnetic.Sip.UnitTests\SipMessageAdapter.cs:line 172
   at Konnetic.Sip.UnitTests.SipMessageAdapter.HeaderTest() in D:\Business\Development\Konnetic\UnifySipApi\Production\Src\Konnetic Unify SIP API\Konnetic.Sip.UnitTests\SipMessageAdapter.cs:line 137
</StackTrace>
        </ErrorInfo>
      </Output>
    </UnitTestResult>
    <UnitTestResult executionId="2038328e-7a49-49b3-adee-a651390e8bde" testId="a5af5b89-6917-0e3f-93e0-7ebcdeda0839" testName="UpdateHeaderTest" computerName="SERVER001" duration="00:00:00.0024105" startTime="2010-01-24T19:15:55.3368482+11:00" endTime="2010-01-24T19:15:55.3418482+11:00" testType="13cdc9d9-ddb5-4fa4-a97d-d965ccfc6d4b" outcome="Failed" testListId="8c84fa94-04c1-424b-9868-57a2d4851a1d">
      <Output>
        <ErrorInfo>
          <Message>Test method Konnetic.Sip.UnitTests.SipMessageAdapter.UpdateHeaderTest threw exception:  System.Reflection.TargetInvocationException: Exception has been thrown by the target of an invocation. ---&gt;  System.NullReferenceException: Object reference not set to an instance of an object..</Message>
          <StackTrace>    at Konnetic.Sip.Headers.ViaHeaderField.set_Branch(String value) in D:\Business\Development\Konnetic\UnifySipApi\Production\Src\Konnetic Unify SIP API\Konnetic.Sip\Headers\ViaHeaderField.cs:line 138
   at Konnetic.Sip.Headers.ViaHeaderField..ctor(String branch) in D:\Business\Development\Konnetic\UnifySipApi\Production\Src\Konnetic Unify SIP API\Konnetic.Sip\Headers\ViaHeaderField.cs:line 349
   at Konnetic.Sip.Headers.ViaHeaderField..ctor() in D:\Business\Development\Konnetic\UnifySipApi\Production\Src\Konnetic Unify SIP API\Konnetic.Sip\Headers\ViaHeaderField.cs:line 332
 --- End of inner exception stack trace ---
    at System.RuntimeTypeHandle.CreateInstance(RuntimeType type, Boolean publicOnly, Boolean noCheck, Boolean&amp; canBeCached, RuntimeMethodHandle&amp; ctor, Boolean&amp; bNeedSecurityCheck)
   at System.Activator.CreateInstance[T]()
   at Konnetic.Sip.Headers.HeaderFieldGroup`1..ctor() in D:\Business\Development\Konnetic\UnifySipApi\Production\Src\Konnetic Unify SIP API\Konnetic.Sip\Headers\SupportTypes\HeaderFieldGroup.cs:line 160
   at Konnetic.Sip.Messages.Request.CreateHeader() in D:\Business\Development\Konnetic\UnifySipApi\Production\Src\Konnetic Unify SIP API\Konnetic.Sip\Messages\Request.cs:line 266
   at Konnetic.Sip.Messages.Invite.CreateHeader() in D:\Business\Development\Konnetic\UnifySipApi\Production\Src\Konnetic Unify SIP API\Konnetic.Sip\Messages\Invite.cs:line 164
   at Konnetic.Sip.Messages.Request..ctor() in D:\Business\Development\Konnetic\UnifySipApi\Production\Src\Konnetic Unify SIP API\Konnetic.Sip\Messages\Request.cs:line 189
   at Konnetic.Sip.Messages.Invite..ctor() in D:\Business\Development\Konnetic\UnifySipApi\Production\Src\Konnetic Unify SIP API\Konnetic.Sip\Messages\Invite.cs:line 95
   at Konnetic.Sip.Messages.Invite..ctor(SipUri to) in D:\Business\Development\Konnetic\UnifySipApi\Production\Src\Konnetic Unify SIP API\Konnetic.Sip\Messages\Invite.cs:line 110
   at Konnetic.Sip.Messages.Invite..ctor(SipUri to, SipUri from) in D:\Business\Development\Konnetic\UnifySipApi\Production\Src\Konnetic Unify SIP API\Konnetic.Sip\Messages\Invite.cs:line 131
   at Konnetic.Sip.Messages.Invite..ctor(String to, String from) in D:\Business\Development\Konnetic\UnifySipApi\Production\Src\Konnetic Unify SIP API\Konnetic.Sip\Messages\Invite.cs:line 121
   at Konnetic.Sip.UnitTests.SipMessageAdapter.CreateSipMessage_Accessor() in D:\Business\Development\Konnetic\UnifySipApi\Production\Src\Konnetic Unify SIP API\Konnetic.Sip.UnitTests\SipMessageAdapter.cs:line 178
   at Konnetic.Sip.UnitTests.SipMessageAdapter.UpdateHeaderTest() in D:\Business\Development\Konnetic\UnifySipApi\Production\Src\Konnetic Unify SIP API\Konnetic.Sip.UnitTests\SipMessageAdapter.cs:line 153
</StackTrace>
        </ErrorInfo>
      </Output>
    </UnitTestResult>
    <UnitTestResult executionId="b2f44f12-bd19-4e63-96df-d39417f7d43b" testId="4096fc3f-2b93-7dbd-87a7-9f71b499ba0b" testName="EqualsTest" computerName="SERVER001" duration="00:00:00.0012854" startTime="2010-01-24T19:15:55.3428482+11:00" endTime="2010-01-24T19:15:55.3488482+11:00" testType="13cdc9d9-ddb5-4fa4-a97d-d965ccfc6d4b" outcome="Passed" testListId="8c84fa94-04c1-424b-9868-57a2d4851a1d">
      <Output>
      </Output>
    </UnitTestResult>
    <UnitTestResult executionId="cbd91844-0bd1-4110-9e9d-a4126fea70b1" testId="04927b79-0ad2-a1a8-4abe-a9fd418b47c3" testName="EqualsTest1" computerName="SERVER001" duration="00:00:00.0012874" startTime="2010-01-24T19:15:55.3488482+11:00" endTime="2010-01-24T19:15:55.3528482+11:00" testType="13cdc9d9-ddb5-4fa4-a97d-d965ccfc6d4b" outcome="Passed" testListId="8c84fa94-04c1-424b-9868-57a2d4851a1d">
      <Output>
      </Output>
    </UnitTestResult>
    <UnitTestResult executionId="9918f033-6a0b-47b9-a937-ebf8803b36d7" testId="7fd11d3a-667e-44c7-d0d2-9d08370d35bf" testName="EqualsTest2" computerName="SERVER001" duration="00:00:00.0085022" startTime="2010-01-24T19:15:55.3528482+11:00" endTime="2010-01-24T19:15:55.3668482+11:00" testType="13cdc9d9-ddb5-4fa4-a97d-d965ccfc6d4b" outcome="Failed" testListId="8c84fa94-04c1-424b-9868-57a2d4851a1d">
      <Output>
        <ErrorInfo>
          <Message>Test method Konnetic.Sip.UnitTests.SipUriAdapter.EqualsTest2 threw exception:  System.NullReferenceException: Object reference not set to an instance of an object..</Message>
          <StackTrace>    at Konnetic.Sip.Headers.TagAddressedHeaderFieldBase.set_Tag(String value) in D:\Business\Development\Konnetic\UnifySipApi\Production\Src\Konnetic Unify SIP API\Konnetic.Sip\Headers\BaseHeaderFields\TagAddressedHeaderFieldBase.cs:line 50
   at Konnetic.Sip.Headers.TagAddressedHeaderFieldBase.RecreateTag() in D:\Business\Development\Konnetic\UnifySipApi\Production\Src\Konnetic Unify SIP API\Konnetic.Sip\Headers\BaseHeaderFields\TagAddressedHeaderFieldBase.cs:line 151
   at Konnetic.Sip.Headers.FromHeaderField..ctor() in D:\Business\Development\Konnetic\UnifySipApi\Production\Src\Konnetic Unify SIP API\Konnetic.Sip\Headers\FromHeaderField.cs:line 150
   at Konnetic.Sip.Headers.HeaderFieldFactory.CreateHeaderField(String name) in D:\Business\Development\Konnetic\UnifySipApi\Production\Src\Konnetic Unify SIP API\Konnetic.Sip\Headers\SupportTypes\HeaderFieldFactory.cs:line 108
   at Konnetic.Sip.Headers.HeaderFieldCollection.Add(String name, String value) in D:\Business\Development\Konnetic\UnifySipApi\Production\Src\Konnetic Unify SIP API\Konnetic.Sip\Headers\SupportTypes\HeaderFieldCollection.cs:line 97
   at Konnetic.Sip.Headers.HeaderFieldCollection.Add(String nameValuePair) in D:\Business\Development\Konnetic\UnifySipApi\Production\Src\Konnetic Unify SIP API\Konnetic.Sip\Headers\SupportTypes\HeaderFieldCollection.cs:line 79
   at Konnetic.Sip.SipStyleUriParser.ParseHeaders(SipUri uri) in D:\Business\Development\Konnetic\UnifySipApi\Production\Src\Konnetic Unify SIP API\Konnetic.Sip\Advanced\SipStyleUriParser.cs:line 237
   at Konnetic.Sip.SipUriBuilder.init(SipUri uri) in D:\Business\Development\Konnetic\UnifySipApi\Production\Src\Konnetic Unify SIP API\Konnetic.Sip\Advanced\SipUriBuilder.cs:line 483
   at Konnetic.Sip.SipUriBuilder..ctor(SipUri uri) in D:\Business\Development\Konnetic\UnifySipApi\Production\Src\Konnetic Unify SIP API\Konnetic.Sip\Advanced\SipUriBuilder.cs:line 431
   at Konnetic.Sip.SipUri..ctor(String uri, String domain) in D:\Business\Development\Konnetic\UnifySipApi\Production\Src\Konnetic Unify SIP API\Konnetic.Sip\SipUri.cs:line 174
   at Konnetic.Sip.SipUri..ctor(String uri) in D:\Business\Development\Konnetic\UnifySipApi\Production\Src\Konnetic Unify SIP API\Konnetic.Sip\SipUri.cs:line 164
   at Konnetic.Sip.UnitTests.SipUriAdapter.EqualsTest2() in D:\Business\Development\Konnetic\UnifySipApi\Production\Src\Konnetic Unify SIP API\Konnetic.Sip.UnitTests\SipUriAdapter.cs:line 138
</StackTrace>
        </ErrorInfo>
      </Output>
    </UnitTestResult>
    <UnitTestResult executionId="215b2dcb-9bb0-4087-a477-64515009990a" testId="52b62817-b882-d52d-d2bc-d6558cfaf6cd" testName="EqualsTest2a" computerName="SERVER001" duration="00:00:00.0023757" startTime="2010-01-24T19:15:55.3678482+11:00" endTime="2010-01-24T19:15:55.3728482+11:00" testType="13cdc9d9-ddb5-4fa4-a97d-d965ccfc6d4b" outcome="Failed" testListId="8c84fa94-04c1-424b-9868-57a2d4851a1d">
      <Output>
        <ErrorInfo>
          <Message>Test method Konnetic.Sip.UnitTests.SipUriAdapter.EqualsTest2a threw exception System.NullReferenceException, but exception System.ArgumentException was expected. Exception message:  System.NullReferenceException: Object reference not set to an instance of an object.
</Message>
          <StackTrace>    at Konnetic.Sip.Headers.TagAddressedHeaderFieldBase.set_Tag(String value) in D:\Business\Development\Konnetic\UnifySipApi\Production\Src\Konnetic Unify SIP API\Konnetic.Sip\Headers\BaseHeaderFields\TagAddressedHeaderFieldBase.cs:line 50
   at Konnetic.Sip.Headers.TagAddressedHeaderFieldBase.RecreateTag() in D:\Business\Development\Konnetic\UnifySipApi\Production\Src\Konnetic Unify SIP API\Konnetic.Sip\Headers\BaseHeaderFields\TagAddressedHeaderFieldBase.cs:line 151
   at Konnetic.Sip.Headers.FromHeaderField..ctor() in D:\Business\Development\Konnetic\UnifySipApi\Production\Src\Konnetic Unify SIP API\Konnetic.Sip\Headers\FromHeaderField.cs:line 150
   at Konnetic.Sip.Headers.HeaderFieldFactory.CreateHeaderField(String name) in D:\Business\Development\Konnetic\UnifySipApi\Production\Src\Konnetic Unify SIP API\Konnetic.Sip\Headers\SupportTypes\HeaderFieldFactory.cs:line 108
   at Konnetic.Sip.Headers.HeaderFieldCollection.Add(String name, String value) in D:\Business\Development\Konnetic\UnifySipApi\Production\Src\Konnetic Unify SIP API\Konnetic.Sip\Headers\SupportTypes\HeaderFieldCollection.cs:line 97
   at Konnetic.Sip.Headers.HeaderFieldCollection.Add(String nameValuePair) in D:\Business\Development\Konnetic\UnifySipApi\Production\Src\Konnetic Unify SIP API\Konnetic.Sip\Headers\SupportTypes\HeaderFieldCollection.cs:line 79
   at Konnetic.Sip.SipStyleUriParser.ParseHeaders(SipUri uri) in D:\Business\Development\Konnetic\UnifySipApi\Production\Src\Konnetic Unify SIP API\Konnetic.Sip\Advanced\SipStyleUriParser.cs:line 237
   at Konnetic.Sip.SipUriBuilder.init(SipUri uri) in D:\Business\Development\Konnetic\UnifySipApi\Production\Src\Konnetic Unify SIP API\Konnetic.Sip\Advanced\SipUriBuilder.cs:line 483
   at Konnetic.Sip.SipUriBuilder..ctor(SipUri uri) in D:\Business\Development\Konnetic\UnifySipApi\Production\Src\Konnetic Unify SIP API\Konnetic.Sip\Advanced\SipUriBuilder.cs:line 431
   at Konnetic.Sip.SipUri..ctor(String uri, String domain) in D:\Business\Development\Konnetic\UnifySipApi\Production\Src\Konnetic Unify SIP API\Konnetic.Sip\SipUri.cs:line 174
   at Konnetic.Sip.SipUri..ctor(String uri) in D:\Business\Development\Konnetic\UnifySipApi\Production\Src\Konnetic Unify SIP API\Konnetic.Sip\SipUri.cs:line 164
   at Konnetic.Sip.UnitTests.SipUriAdapter.EqualsTest2a() in D:\Business\Development\Konnetic\UnifySipApi\Production\Src\Konnetic Unify SIP API\Konnetic.Sip.UnitTests\SipUriAdapter.cs:line 233
</StackTrace>
        </ErrorInfo>
      </Output>
    </UnitTestResult>
    <UnitTestResult executionId="69356de9-3b65-4869-9bdd-33f6194e069a" testId="8aee3132-1d8d-8a8a-67dd-bb5765529bd9" testName="GetSipComponentsTest" computerName="SERVER001" duration="00:00:00.0345965" startTime="2010-01-24T19:15:55.3738482+11:00" endTime="2010-01-24T19:15:55.4098482+11:00" testType="13cdc9d9-ddb5-4fa4-a97d-d965ccfc6d4b" outcome="Failed" testListId="8c84fa94-04c1-424b-9868-57a2d4851a1d">
      <Output>
        <ErrorInfo>
          <Message>Test method Konnetic.Sip.UnitTests.SipUriAdapter.GetSipComponentsTest threw exception:  System.NullReferenceException: Object reference not set to an instance of an object..</Message>
          <StackTrace>    at Konnetic.Sip.Headers.ParamatizedHeaderFieldBase.Parse(String value) in D:\Business\Development\Konnetic\UnifySipApi\Production\Src\Konnetic Unify SIP API\Konnetic.Sip\Headers\BaseHeaderFields\ParamatizedHeaderFieldBase.cs:line 221
   at Konnetic.Sip.Headers.SipUriHeaderFieldBase.Parse(String value) in D:\Business\Development\Konnetic\UnifySipApi\Production\Src\Konnetic Unify SIP API\Konnetic.Sip\Headers\BaseHeaderFields\SipUriHeaderFieldBase.cs:line 235
   at Konnetic.Sip.Headers.AddressedHeaderFieldBase.Parse(String value) in D:\Business\Development\Konnetic\UnifySipApi\Production\Src\Konnetic Unify SIP API\Konnetic.Sip\Headers\BaseHeaderFields\AddressedHeaderFieldBase.cs:line 217
   at Konnetic.Sip.Headers.ToHeaderField.Parse(String value) in D:\Business\Development\Konnetic\UnifySipApi\Production\Src\Konnetic Unify SIP API\Konnetic.Sip\Headers\ToHeaderField.cs:line 275
   at Konnetic.Sip.Headers.HeaderFieldCollection.Add(String name, String value) in D:\Business\Development\Konnetic\UnifySipApi\Production\Src\Konnetic Unify SIP API\Konnetic.Sip\Headers\SupportTypes\HeaderFieldCollection.cs:line 98
   at Konnetic.Sip.Headers.HeaderFieldCollection.Add(String nameValuePair) in D:\Business\Development\Konnetic\UnifySipApi\Production\Src\Konnetic Unify SIP API\Konnetic.Sip\Headers\SupportTypes\HeaderFieldCollection.cs:line 79
   at Konnetic.Sip.SipStyleUriParser.ParseHeaders(SipUri uri) in D:\Business\Development\Konnetic\UnifySipApi\Production\Src\Konnetic Unify SIP API\Konnetic.Sip\Advanced\SipStyleUriParser.cs:line 237
   at Konnetic.Sip.SipUriBuilder.init(SipUri uri) in D:\Business\Development\Konnetic\UnifySipApi\Production\Src\Konnetic Unify SIP API\Konnetic.Sip\Advanced\SipUriBuilder.cs:line 483
   at Konnetic.Sip.SipUriBuilder..ctor(SipUri uri) in D:\Business\Development\Konnetic\UnifySipApi\Production\Src\Konnetic Unify SIP API\Konnetic.Sip\Advanced\SipUriBuilder.cs:line 431
   at Konnetic.Sip.SipUri..ctor(String uri, String domain) in D:\Business\Development\Konnetic\UnifySipApi\Production\Src\Konnetic Unify SIP API\Konnetic.Sip\SipUri.cs:line 174
   at Konnetic.Sip.SipUri..ctor(String uri) in D:\Business\Development\Konnetic\UnifySipApi\Production\Src\Konnetic Unify SIP API\Konnetic.Sip\SipUri.cs:line 164
   at Konnetic.Sip.UnitTests.SipUriAdapter.GetSipComponentsTest() in D:\Business\Development\Konnetic\UnifySipApi\Production\Src\Konnetic Unify SIP API\Konnetic.Sip.UnitTests\SipUriAdapter.cs:line 253
</StackTrace>
        </ErrorInfo>
      </Output>
    </UnitTestResult>
    <UnitTestResult executionId="bab95586-7607-4956-baca-2e66ae396cee" testId="a14026f5-0dea-e60a-cd45-d17847802a93" testName="HeadersTest" computerName="SERVER001" duration="00:00:00.0342717" startTime="2010-01-24T19:15:55.4108482+11:00" endTime="2010-01-24T19:15:55.4478482+11:00" testType="13cdc9d9-ddb5-4fa4-a97d-d965ccfc6d4b" outcome="Failed" testListId="8c84fa94-04c1-424b-9868-57a2d4851a1d">
      <Output>
        <ErrorInfo>
          <Message>Test method Konnetic.Sip.UnitTests.SipUriAdapter.HeadersTest threw exception:  System.NullReferenceException: Object reference not set to an instance of an object..</Message>
          <StackTrace>    at Konnetic.Sip.Headers.ParamatizedHeaderFieldBase.Parse(String value) in D:\Business\Development\Konnetic\UnifySipApi\Production\Src\Konnetic Unify SIP API\Konnetic.Sip\Headers\BaseHeaderFields\ParamatizedHeaderFieldBase.cs:line 221
   at Konnetic.Sip.Headers.SipUriHeaderFieldBase.Parse(String value) in D:\Business\Development\Konnetic\UnifySipApi\Production\Src\Konnetic Unify SIP API\Konnetic.Sip\Headers\BaseHeaderFields\SipUriHeaderFieldBase.cs:line 235
   at Konnetic.Sip.Headers.AddressedHeaderFieldBase.Parse(String value) in D:\Business\Development\Konnetic\UnifySipApi\Production\Src\Konnetic Unify SIP API\Konnetic.Sip\Headers\BaseHeaderFields\AddressedHeaderFieldBase.cs:line 217
   at Konnetic.Sip.Headers.ToHeaderField.Parse(String value) in D:\Business\Development\Konnetic\UnifySipApi\Production\Src\Konnetic Unify SIP API\Konnetic.Sip\Headers\ToHeaderField.cs:line 275
   at Konnetic.Sip.Headers.HeaderFieldCollection.Add(String name, String value) in D:\Business\Development\Konnetic\UnifySipApi\Production\Src\Konnetic Unify SIP API\Konnetic.Sip\Headers\SupportTypes\HeaderFieldCollection.cs:line 98
   at Konnetic.Sip.Headers.HeaderFieldCollection.Add(String nameValuePair) in D:\Business\Development\Konnetic\UnifySipApi\Production\Src\Konnetic Unify SIP API\Konnetic.Sip\Headers\SupportTypes\HeaderFieldCollection.cs:line 79
   at Konnetic.Sip.SipStyleUriParser.ParseHeaders(SipUri uri) in D:\Business\Development\Konnetic\UnifySipApi\Production\Src\Konnetic Unify SIP API\Konnetic.Sip\Advanced\SipStyleUriParser.cs:line 237
   at Konnetic.Sip.SipUriBuilder.init(SipUri uri) in D:\Business\Development\Konnetic\UnifySipApi\Production\Src\Konnetic Unify SIP API\Konnetic.Sip\Advanced\SipUriBuilder.cs:line 483
   at Konnetic.Sip.SipUriBuilder..ctor(SipUri uri) in D:\Business\Development\Konnetic\UnifySipApi\Production\Src\Konnetic Unify SIP API\Konnetic.Sip\Advanced\SipUriBuilder.cs:line 431
   at Konnetic.Sip.SipUri..ctor(String uri, String domain) in D:\Business\Development\Konnetic\UnifySipApi\Production\Src\Konnetic Unify SIP API\Konnetic.Sip\SipUri.cs:line 174
   at Konnetic.Sip.SipUri..ctor(String uri) in D:\Business\Development\Konnetic\UnifySipApi\Production\Src\Konnetic Unify SIP API\Konnetic.Sip\SipUri.cs:line 164
   at Konnetic.Sip.SipUri..ctor(Uri uri) in D:\Business\Development\Konnetic\UnifySipApi\Production\Src\Konnetic Unify SIP API\Konnetic.Sip\SipUri.cs:line 205
   at Konnetic.Sip.UnitTests.SipUriAdapter.HeadersTest() in D:\Business\Development\Konnetic\UnifySipApi\Production\Src\Konnetic Unify SIP API\Konnetic.Sip.UnitTests\SipUriAdapter.cs:line 357
</StackTrace>
        </ErrorInfo>
      </Output>
    </UnitTestResult>
    <UnitTestResult executionId="9d651c25-c41a-4d00-89e4-98e69d709872" testId="57f24fd1-341f-e19e-6cbe-fd2d520928e2" testName="HostPortTest" computerName="SERVER001" duration="00:00:00.0012431" startTime="2010-01-24T19:15:55.4488482+11:00" endTime="2010-01-24T19:15:55.4528482+11:00" testType="13cdc9d9-ddb5-4fa4-a97d-d965ccfc6d4b" outcome="Passed" testListId="8c84fa94-04c1-424b-9868-57a2d4851a1d">
      <Output>
      </Output>
    </UnitTestResult>
    <UnitTestResult executionId="56e0f009-0219-4f13-9729-2a10d3a98ec6" testId="cfc3e271-4faa-4043-f5eb-dbb5157a696f" testName="IsSecureTransportTest" computerName="SERVER001" duration="00:00:00.0011565" startTime="2010-01-24T19:15:55.4538482+11:00" endTime="2010-01-24T19:15:55.4568482+11:00" testType="13cdc9d9-ddb5-4fa4-a97d-d965ccfc6d4b" outcome="Passed" testListId="8c84fa94-04c1-424b-9868-57a2d4851a1d">
      <Output>
      </Output>
    </UnitTestResult>
    <UnitTestResult executionId="e140f495-7014-47ab-8d7b-60e98dc210eb" testId="c2b07253-2621-e456-a0f2-3f42f6657023" testName="LrTest" computerName="SERVER001" duration="00:00:00.0088513" startTime="2010-01-24T19:15:55.4578482+11:00" endTime="2010-01-24T19:15:55.4688482+11:00" testType="13cdc9d9-ddb5-4fa4-a97d-d965ccfc6d4b" outcome="Passed" testListId="8c84fa94-04c1-424b-9868-57a2d4851a1d">
      <Output>
      </Output>
    </UnitTestResult>
    <UnitTestResult executionId="f228529e-f158-4276-bf1e-625600e7face" testId="6ccea588-c05c-fb04-18cc-f1b66449e7ec" testName="MaddrTest" computerName="SERVER001" duration="00:00:00.0017834" startTime="2010-01-24T19:15:55.4698482+11:00" endTime="2010-01-24T19:15:55.4738482+11:00" testType="13cdc9d9-ddb5-4fa4-a97d-d965ccfc6d4b" outcome="Passed" testListId="8c84fa94-04c1-424b-9868-57a2d4851a1d">
      <Output>
      </Output>
    </UnitTestResult>
    <UnitTestResult executionId="5178a2c9-dbb1-4bdd-b7c9-3d8453e81a85" testId="a7192f43-50fa-797e-b17f-00a9d0a5f617" testName="MethodTest" computerName="SERVER001" duration="00:00:00.0204827" startTime="2010-01-24T19:15:55.4738482+11:00" endTime="2010-01-24T19:15:55.4998482+11:00" testType="13cdc9d9-ddb5-4fa4-a97d-d965ccfc6d4b" outcome="Passed" testListId="8c84fa94-04c1-424b-9868-57a2d4851a1d">
      <Output>
      </Output>
    </UnitTestResult>
    <UnitTestResult executionId="8943273c-7963-440f-bc70-e68668c9f9b3" testId="0ffb05a9-2b5a-b9b8-aef4-0a20f7ce8213" testName="ParametersTest" computerName="SERVER001" duration="00:00:00.0006199" startTime="2010-01-24T19:15:55.5008482+11:00" endTime="2010-01-24T19:15:55.5048482+11:00" testType="13cdc9d9-ddb5-4fa4-a97d-d965ccfc6d4b" outcome="Passed" testListId="8c84fa94-04c1-424b-9868-57a2d4851a1d">
      <Output>
      </Output>
    </UnitTestResult>
    <UnitTestResult executionId="b9b82dbd-4cb4-4048-9bbd-f8ab79d98599" testId="487ff0f2-4233-f8d9-35bf-598176de870f" testName="PasswordTest" computerName="SERVER001" duration="00:00:00.0027164" startTime="2010-01-24T19:15:55.5048482+11:00" endTime="2010-01-24T19:15:55.5108482+11:00" testType="13cdc9d9-ddb5-4fa4-a97d-d965ccfc6d4b" outcome="Passed" testListId="8c84fa94-04c1-424b-9868-57a2d4851a1d">
      <Output>
      </Output>
    </UnitTestResult>
    <UnitTestResult executionId="7719ae9b-bc62-43f0-9217-25b869ba6116" testId="39d9ae78-7934-7a61-a51b-c020246293c8" testName="SchemeTest" computerName="SERVER001" duration="00:00:00.0013251" startTime="2010-01-24T19:15:55.5118482+11:00" endTime="2010-01-24T19:15:55.5158482+11:00" testType="13cdc9d9-ddb5-4fa4-a97d-d965ccfc6d4b" outcome="Passed" testListId="8c84fa94-04c1-424b-9868-57a2d4851a1d">
      <Output>
      </Output>
    </UnitTestResult>
    <UnitTestResult executionId="eb9bcfcd-2810-4034-8723-07bdb07b0351" testId="2f89b703-c259-b26d-08e4-45036597bbf8" testName="SchemeTest1" computerName="SERVER001" duration="00:00:00.0010003" startTime="2010-01-24T19:15:55.5158482+11:00" endTime="2010-01-24T19:15:55.5198482+11:00" testType="13cdc9d9-ddb5-4fa4-a97d-d965ccfc6d4b" outcome="Passed" testListId="8c84fa94-04c1-424b-9868-57a2d4851a1d">
      <Output>
      </Output>
    </UnitTestResult>
    <UnitTestResult executionId="14c91b4d-7abe-41c0-a43a-2b4e043ead09" testId="609fc705-e00a-bb16-635f-b3efec10bb00" testName="SchemeTest2" computerName="SERVER001" duration="00:00:00.0043475" startTime="2010-01-24T19:15:55.5208482+11:00" endTime="2010-01-24T19:15:55.5278482+11:00" testType="13cdc9d9-ddb5-4fa4-a97d-d965ccfc6d4b" outcome="Passed" testListId="8c84fa94-04c1-424b-9868-57a2d4851a1d">
      <Output>
      </Output>
    </UnitTestResult>
    <UnitTestResult executionId="1863f70a-5613-430f-b6dc-89e13c4b1672" testId="30d522b1-6b74-542d-624b-686a0cee5ec8" testName="SchemeTest3" computerName="SERVER001" duration="00:00:00.0010205" startTime="2010-01-24T19:15:55.5278482+11:00" endTime="2010-01-24T19:15:55.5318482+11:00" testType="13cdc9d9-ddb5-4fa4-a97d-d965ccfc6d4b" outcome="Passed" testListId="8c84fa94-04c1-424b-9868-57a2d4851a1d">
      <Output>
      </Output>
    </UnitTestResult>
    <UnitTestResult executionId="05fef900-b426-4d66-bd0d-c5c818c1ddaf" testId="f7b9b035-fa1a-5256-1251-1f0e65416400" testName="SchemeTest4" computerName="SERVER001" duration="00:00:00.0007628" startTime="2010-01-24T19:15:55.5328482+11:00" endTime="2010-01-24T19:15:55.5358482+11:00" testType="13cdc9d9-ddb5-4fa4-a97d-d965ccfc6d4b" outcome="Passed" testListId="8c84fa94-04c1-424b-9868-57a2d4851a1d">
      <Output>
      </Output>
    </UnitTestResult>
    <UnitTestResult executionId="c6778a5d-03a6-4122-8011-9e87b6d8dbf9" testId="21fe019c-d5e4-19f4-5a70-b1d48984772a" testName="TimeToLiveTest" computerName="SERVER001" duration="00:00:00.0017443" startTime="2010-01-24T19:15:55.5358482+11:00" endTime="2010-01-24T19:15:55.5408482+11:00" testType="13cdc9d9-ddb5-4fa4-a97d-d965ccfc6d4b" outcome="Passed" testListId="8c84fa94-04c1-424b-9868-57a2d4851a1d">
      <Output>
      </Output>
    </UnitTestResult>
    <UnitTestResult executionId="b3496b7e-55fd-42b4-8d75-ac168ee541c2" testId="e9a9bf2d-a705-e390-7215-4ac9ea87aecc" testName="TimeToLiveTest1" computerName="SERVER001" duration="00:00:00.0018009" startTime="2010-01-24T19:15:55.5418482+11:00" endTime="2010-01-24T19:15:55.5468482+11:00" testType="13cdc9d9-ddb5-4fa4-a97d-d965ccfc6d4b" outcome="Passed" testListId="8c84fa94-04c1-424b-9868-57a2d4851a1d">
      <Output>
      </Output>
    </UnitTestResult>
    <UnitTestResult executionId="ef7796c2-ade8-4b6b-8659-9d6657e15e28" testId="cbbaa707-002e-74c8-991c-2405ab20821e" testName="TimeToLiveTest2" computerName="SERVER001" duration="00:00:00.0013602" startTime="2010-01-24T19:15:55.5478482+11:00" endTime="2010-01-24T19:15:55.5508482+11:00" testType="13cdc9d9-ddb5-4fa4-a97d-d965ccfc6d4b" outcome="Passed" testListId="8c84fa94-04c1-424b-9868-57a2d4851a1d">
      <Output>
      </Output>
    </UnitTestResult>
    <UnitTestResult executionId="1de59cb5-d34d-45f4-b8db-2a01a3e77515" testId="63b458f5-1f17-a79f-0166-869c7e2992b2" testName="TimeToLiveTest3" computerName="SERVER001" duration="00:00:00.0016047" startTime="2010-01-24T19:15:55.5518482+11:00" endTime="2010-01-24T19:15:55.5558482+11:00" testType="13cdc9d9-ddb5-4fa4-a97d-d965ccfc6d4b" outcome="Passed" testListId="8c84fa94-04c1-424b-9868-57a2d4851a1d">
      <Output>
      </Output>
    </UnitTestResult>
    <UnitTestResult executionId="a73d1b77-7fe6-46ee-bfec-a801aff29e2b" testId="b66c4ad3-e118-bc40-6386-4737d23a6276" testName="TimeToLiveTest4" computerName="SERVER001" duration="00:00:00.0010983" startTime="2010-01-24T19:15:55.5588482+11:00" endTime="2010-01-24T19:15:55.5628482+11:00" testType="13cdc9d9-ddb5-4fa4-a97d-d965ccfc6d4b" outcome="Passed" testListId="8c84fa94-04c1-424b-9868-57a2d4851a1d">
      <Output>
      </Output>
    </UnitTestResult>
    <UnitTestResult executionId="1d1cab23-6762-4016-9940-f0d2418113c5" testId="99cd5bcc-733e-e60a-e63c-e5dc7c1d9bc3" testName="ToStringTest" computerName="SERVER001" duration="00:00:00.0011246" startTime="2010-01-24T19:15:55.5628482+11:00" endTime="2010-01-24T19:15:55.5668482+11:00" testType="13cdc9d9-ddb5-4fa4-a97d-d965ccfc6d4b" outcome="Passed" testListId="8c84fa94-04c1-424b-9868-57a2d4851a1d">
      <Output>
      </Output>
    </UnitTestResult>
    <UnitTestResult executionId="ebbdf8a4-72c5-4060-bf50-543281c155da" testId="89cbdba0-e045-1e63-b636-4eeb96f685e8" testName="TransportTest" computerName="SERVER001" duration="00:00:00.0232268" startTime="2010-01-24T19:15:55.5668482+11:00" endTime="2010-01-24T19:15:55.5928482+11:00" testType="13cdc9d9-ddb5-4fa4-a97d-d965ccfc6d4b" outcome="Passed" testListId="8c84fa94-04c1-424b-9868-57a2d4851a1d">
      <Output>
      </Output>
    </UnitTestResult>
    <UnitTestResult executionId="bb393df7-9029-4c63-99ae-76560aa9adfa" testId="637804f3-090e-169e-ab4f-260cfe1e2244" testName="TransportTest1" computerName="SERVER001" duration="00:00:00.0014046" startTime="2010-01-24T19:15:55.5938482+11:00" endTime="2010-01-24T19:15:55.5968482+11:00" testType="13cdc9d9-ddb5-4fa4-a97d-d965ccfc6d4b" outcome="Passed" testListId="8c84fa94-04c1-424b-9868-57a2d4851a1d">
      <Output>
      </Output>
    </UnitTestResult>
    <UnitTestResult executionId="7ed2c8ea-5c3c-4918-a2d2-442a700324ee" testId="a935a387-bec0-f5d3-98e4-410b84656cd1" testName="UserNameTest" computerName="SERVER001" duration="00:00:00.0804150" startTime="2010-01-24T19:15:55.5978482+11:00" endTime="2010-01-24T19:15:55.6808482+11:00" testType="13cdc9d9-ddb5-4fa4-a97d-d965ccfc6d4b" outcome="Failed" testListId="8c84fa94-04c1-424b-9868-57a2d4851a1d">
      <Output>
        <ErrorInfo>
          <Message>Test method Konnetic.Sip.UnitTests.SipUriAdapter.UserNameTest threw exception:  System.NullReferenceException: Object reference not set to an instance of an object..</Message>
          <StackTrace>    at Konnetic.Sip.Headers.ParamatizedHeaderFieldBase.Parse(String value) in D:\Business\Development\Konnetic\UnifySipApi\Production\Src\Konnetic Unify SIP API\Konnetic.Sip\Headers\BaseHeaderFields\ParamatizedHeaderFieldBase.cs:line 221
   at Konnetic.Sip.Headers.SipUriHeaderFieldBase.Parse(String value) in D:\Business\Development\Konnetic\UnifySipApi\Production\Src\Konnetic Unify SIP API\Konnetic.Sip\Headers\BaseHeaderFields\SipUriHeaderFieldBase.cs:line 235
   at Konnetic.Sip.Headers.AddressedHeaderFieldBase.Parse(String value) in D:\Business\Development\Konnetic\UnifySipApi\Production\Src\Konnetic Unify SIP API\Konnetic.Sip\Headers\BaseHeaderFields\AddressedHeaderFieldBase.cs:line 217
   at Konnetic.Sip.Headers.ToHeaderField.Parse(String value) in D:\Business\Development\Konnetic\UnifySipApi\Production\Src\Konnetic Unify SIP API\Konnetic.Sip\Headers\ToHeaderField.cs:line 275
   at Konnetic.Sip.Headers.HeaderFieldCollection.Add(String name, String value) in D:\Business\Development\Konnetic\UnifySipApi\Production\Src\Konnetic Unify SIP API\Konnetic.Sip\Headers\SupportTypes\HeaderFieldCollection.cs:line 98
   at Konnetic.Sip.Headers.HeaderFieldCollection.Add(String nameValuePair) in D:\Business\Development\Konnetic\UnifySipApi\Production\Src\Konnetic Unify SIP API\Konnetic.Sip\Headers\SupportTypes\HeaderFieldCollection.cs:line 79
   at Konnetic.Sip.SipStyleUriParser.ParseHeaders(SipUri uri) in D:\Business\Development\Konnetic\UnifySipApi\Production\Src\Konnetic Unify SIP API\Konnetic.Sip\Advanced\SipStyleUriParser.cs:line 237
   at Konnetic.Sip.SipUriBuilder.init(SipUri uri) in D:\Business\Development\Konnetic\UnifySipApi\Production\Src\Konnetic Unify SIP API\Konnetic.Sip\Advanced\SipUriBuilder.cs:line 483
   at Konnetic.Sip.SipUriBuilder..ctor(SipUri uri) in D:\Business\Development\Konnetic\UnifySipApi\Production\Src\Konnetic Unify SIP API\Konnetic.Sip\Advanced\SipUriBuilder.cs:line 431
   at Konnetic.Sip.SipUri..ctor(String uri, String domain) in D:\Business\Development\Konnetic\UnifySipApi\Production\Src\Konnetic Unify SIP API\Konnetic.Sip\SipUri.cs:line 174
   at Konnetic.Sip.SipUri..ctor(String uri) in D:\Business\Development\Konnetic\UnifySipApi\Production\Src\Konnetic Unify SIP API\Konnetic.Sip\SipUri.cs:line 164
   at Konnetic.Sip.UnitTests.SipUriAdapter.UserNameTest() in D:\Business\Development\Konnetic\UnifySipApi\Production\Src\Konnetic Unify SIP API\Konnetic.Sip.UnitTests\SipUriAdapter.cs:line 908
</StackTrace>
        </ErrorInfo>
      </Output>
    </UnitTestResult>
    <UnitTestResult executionId="207914ef-91e3-4c5c-b59f-795e9e9e67cc" testId="a30b8a6b-21ed-bd22-cde4-bd638f5d7cac" testName="UserParameterTest" computerName="SERVER001" duration="00:00:00.0026246" startTime="2010-01-24T19:15:55.6818482+11:00" endTime="2010-01-24T19:15:55.6878482+11:00" testType="13cdc9d9-ddb5-4fa4-a97d-d965ccfc6d4b" outcome="Passed" testListId="8c84fa94-04c1-424b-9868-57a2d4851a1d">
      <Output>
      </Output>
    </UnitTestResult>
    <UnitTestResult executionId="38304fec-63b5-4049-a60b-9e33870ef7bd" testId="cdd061d4-b4ec-7760-6650-4f2d3deec1af" testName="HeadersTest" computerName="SERVER001" duration="00:00:00.0646846" startTime="2010-01-24T19:15:55.6878482+11:00" endTime="2010-01-24T19:15:55.7568482+11:00" testType="13cdc9d9-ddb5-4fa4-a97d-d965ccfc6d4b" outcome="Failed" testListId="8c84fa94-04c1-424b-9868-57a2d4851a1d">
      <Output>
        <ErrorInfo>
          <Message>Test method Konnetic.Sip.UnitTests.SipUriBuilderAdapter.HeadersTest threw exception:  System.NullReferenceException: Object reference not set to an instance of an object..</Message>
          <StackTrace>    at Konnetic.Sip.Headers.ParamatizedHeaderFieldBase.Parse(String value) in D:\Business\Development\Konnetic\UnifySipApi\Production\Src\Konnetic Unify SIP API\Konnetic.Sip\Headers\BaseHeaderFields\ParamatizedHeaderFieldBase.cs:line 221
   at Konnetic.Sip.Headers.SipUriHeaderFieldBase.Parse(String value) in D:\Business\Development\Konnetic\UnifySipApi\Production\Src\Konnetic Unify SIP API\Konnetic.Sip\Headers\BaseHeaderFields\SipUriHeaderFieldBase.cs:line 235
   at Konnetic.Sip.Headers.AddressedHeaderFieldBase.Parse(String value) in D:\Business\Development\Konnetic\UnifySipApi\Production\Src\Konnetic Unify SIP API\Konnetic.Sip\Headers\BaseHeaderFields\AddressedHeaderFieldBase.cs:line 217
   at Konnetic.Sip.Headers.ToHeaderField.Parse(String value) in D:\Business\Development\Konnetic\UnifySipApi\Production\Src\Konnetic Unify SIP API\Konnetic.Sip\Headers\ToHeaderField.cs:line 275
   at Konnetic.Sip.Headers.HeaderFieldCollection.Add(String name, String value) in D:\Business\Development\Konnetic\UnifySipApi\Production\Src\Konnetic Unify SIP API\Konnetic.Sip\Headers\SupportTypes\HeaderFieldCollection.cs:line 98
   at Konnetic.Sip.Headers.HeaderFieldCollection.Add(String nameValuePair) in D:\Business\Development\Konnetic\UnifySipApi\Production\Src\Konnetic Unify SIP API\Konnetic.Sip\Headers\SupportTypes\HeaderFieldCollection.cs:line 79
   at Konnetic.Sip.SipStyleUriParser.ParseHeaders(SipUri uri) in D:\Business\Development\Konnetic\UnifySipApi\Production\Src\Konnetic Unify SIP API\Konnetic.Sip\Advanced\SipStyleUriParser.cs:line 237
   at Konnetic.Sip.SipUriBuilder.init(SipUri uri) in D:\Business\Development\Konnetic\UnifySipApi\Production\Src\Konnetic Unify SIP API\Konnetic.Sip\Advanced\SipUriBuilder.cs:line 483
   at Konnetic.Sip.SipUriBuilder..ctor(SipUri uri) in D:\Business\Development\Konnetic\UnifySipApi\Production\Src\Konnetic Unify SIP API\Konnetic.Sip\Advanced\SipUriBuilder.cs:line 431
   at Konnetic.Sip.SipUri..ctor(String uri, String domain) in D:\Business\Development\Konnetic\UnifySipApi\Production\Src\Konnetic Unify SIP API\Konnetic.Sip\SipUri.cs:line 174
   at Konnetic.Sip.SipUri..ctor(String uri) in D:\Business\Development\Konnetic\UnifySipApi\Production\Src\Konnetic Unify SIP API\Konnetic.Sip\SipUri.cs:line 164
   at Konnetic.Sip.UnitTests.SipUriBuilderAdapter.HeadersTest() in D:\Business\Development\Konnetic\UnifySipApi\Production\Src\Konnetic Unify SIP API\Konnetic.Sip.UnitTests\SipUriBuilderAdapter.cs:line 67
</StackTrace>
        </ErrorInfo>
      </Output>
    </UnitTestResult>
    <UnitTestResult executionId="161e5ace-7869-4b93-a2b4-b1184cedd749" testId="9b2d5c01-cdc2-53bc-572d-0e1d14810a53" testName="HeadersTest1" computerName="SERVER001" duration="00:00:00.0319159" startTime="2010-01-24T19:15:55.7578482+11:00" endTime="2010-01-24T19:15:55.7938482+11:00" testType="13cdc9d9-ddb5-4fa4-a97d-d965ccfc6d4b" outcome="Failed" testListId="8c84fa94-04c1-424b-9868-57a2d4851a1d">
      <Output>
        <ErrorInfo>
          <Message>Test method Konnetic.Sip.UnitTests.SipUriBuilderAdapter.HeadersTest1 threw exception System.NullReferenceException, but exception System.ArgumentException was expected. Exception message:  System.NullReferenceException: Object reference not set to an instance of an object.
</Message>
          <StackTrace>    at Konnetic.Sip.Headers.ParamatizedHeaderFieldBase.Parse(String value) in D:\Business\Development\Konnetic\UnifySipApi\Production\Src\Konnetic Unify SIP API\Konnetic.Sip\Headers\BaseHeaderFields\ParamatizedHeaderFieldBase.cs:line 221
   at Konnetic.Sip.Headers.SipUriHeaderFieldBase.Parse(String value) in D:\Business\Development\Konnetic\UnifySipApi\Production\Src\Konnetic Unify SIP API\Konnetic.Sip\Headers\BaseHeaderFields\SipUriHeaderFieldBase.cs:line 235
   at Konnetic.Sip.Headers.AddressedHeaderFieldBase.Parse(String value) in D:\Business\Development\Konnetic\UnifySipApi\Production\Src\Konnetic Unify SIP API\Konnetic.Sip\Headers\BaseHeaderFields\AddressedHeaderFieldBase.cs:line 217
   at Konnetic.Sip.Headers.ToHeaderField.Parse(String value) in D:\Business\Development\Konnetic\UnifySipApi\Production\Src\Konnetic Unify SIP API\Konnetic.Sip\Headers\ToHeaderField.cs:line 275
   at Konnetic.Sip.Headers.HeaderFieldCollection.Add(String name, String value) in D:\Business\Development\Konnetic\UnifySipApi\Production\Src\Konnetic Unify SIP API\Konnetic.Sip\Headers\SupportTypes\HeaderFieldCollection.cs:line 98
   at Konnetic.Sip.Headers.HeaderFieldCollection.Add(String nameValuePair) in D:\Business\Development\Konnetic\UnifySipApi\Production\Src\Konnetic Unify SIP API\Konnetic.Sip\Headers\SupportTypes\HeaderFieldCollection.cs:line 79
   at Konnetic.Sip.SipStyleUriParser.ParseHeaders(SipUri uri) in D:\Business\Development\Konnetic\UnifySipApi\Production\Src\Konnetic Unify SIP API\Konnetic.Sip\Advanced\SipStyleUriParser.cs:line 237
   at Konnetic.Sip.SipUriBuilder.init(SipUri uri) in D:\Business\Development\Konnetic\UnifySipApi\Production\Src\Konnetic Unify SIP API\Konnetic.Sip\Advanced\SipUriBuilder.cs:line 483
   at Konnetic.Sip.SipUriBuilder..ctor(SipUri uri) in D:\Business\Development\Konnetic\UnifySipApi\Production\Src\Konnetic Unify SIP API\Konnetic.Sip\Advanced\SipUriBuilder.cs:line 431
   at Konnetic.Sip.SipUri..ctor(String uri, String domain) in D:\Business\Development\Konnetic\UnifySipApi\Production\Src\Konnetic Unify SIP API\Konnetic.Sip\SipUri.cs:line 174
   at Konnetic.Sip.SipUri..ctor(String uri) in D:\Business\Development\Konnetic\UnifySipApi\Production\Src\Konnetic Unify SIP API\Konnetic.Sip\SipUri.cs:line 164
   at Konnetic.Sip.UnitTests.SipUriBuilderAdapter.HeadersTest1() in D:\Business\Development\Konnetic\UnifySipApi\Production\Src\Konnetic Unify SIP API\Konnetic.Sip.UnitTests\SipUriBuilderAdapter.cs:line 103
</StackTrace>
        </ErrorInfo>
      </Output>
    </UnitTestResult>
    <UnitTestResult executionId="643af94d-7fd9-46be-8e1f-fdfa9941b5cd" testId="dd02d0b9-8a69-dcf0-6e25-9cd01c58e24e" testName="HostTest" computerName="SERVER001" duration="00:00:00.0314370" startTime="2010-01-24T19:15:55.7938482+11:00" endTime="2010-01-24T19:15:55.8288482+11:00" testType="13cdc9d9-ddb5-4fa4-a97d-d965ccfc6d4b" outcome="Failed" testListId="8c84fa94-04c1-424b-9868-57a2d4851a1d">
      <Output>
        <ErrorInfo>
          <Message>Test method Konnetic.Sip.UnitTests.SipUriBuilderAdapter.HostTest threw exception:  System.NullReferenceException: Object reference not set to an instance of an object..</Message>
          <StackTrace>    at Konnetic.Sip.Headers.ParamatizedHeaderFieldBase.Parse(String value) in D:\Business\Development\Konnetic\UnifySipApi\Production\Src\Konnetic Unify SIP API\Konnetic.Sip\Headers\BaseHeaderFields\ParamatizedHeaderFieldBase.cs:line 221
   at Konnetic.Sip.Headers.SipUriHeaderFieldBase.Parse(String value) in D:\Business\Development\Konnetic\UnifySipApi\Production\Src\Konnetic Unify SIP API\Konnetic.Sip\Headers\BaseHeaderFields\SipUriHeaderFieldBase.cs:line 235
   at Konnetic.Sip.Headers.AddressedHeaderFieldBase.Parse(String value) in D:\Business\Development\Konnetic\UnifySipApi\Production\Src\Konnetic Unify SIP API\Konnetic.Sip\Headers\BaseHeaderFields\AddressedHeaderFieldBase.cs:line 217
   at Konnetic.Sip.Headers.ToHeaderField.Parse(String value) in D:\Business\Development\Konnetic\UnifySipApi\Production\Src\Konnetic Unify SIP API\Konnetic.Sip\Headers\ToHeaderField.cs:line 275
   at Konnetic.Sip.Headers.HeaderFieldCollection.Add(String name, String value) in D:\Business\Development\Konnetic\UnifySipApi\Production\Src\Konnetic Unify SIP API\Konnetic.Sip\Headers\SupportTypes\HeaderFieldCollection.cs:line 98
   at Konnetic.Sip.Headers.HeaderFieldCollection.Add(String nameValuePair) in D:\Business\Development\Konnetic\UnifySipApi\Production\Src\Konnetic Unify SIP API\Konnetic.Sip\Headers\SupportTypes\HeaderFieldCollection.cs:line 79
   at Konnetic.Sip.SipStyleUriParser.ParseHeaders(SipUri uri) in D:\Business\Development\Konnetic\UnifySipApi\Production\Src\Konnetic Unify SIP API\Konnetic.Sip\Advanced\SipStyleUriParser.cs:line 237
   at Konnetic.Sip.SipUriBuilder.init(SipUri uri) in D:\Business\Development\Konnetic\UnifySipApi\Production\Src\Konnetic Unify SIP API\Konnetic.Sip\Advanced\SipUriBuilder.cs:line 483
   at Konnetic.Sip.SipUriBuilder..ctor(SipUri uri) in D:\Business\Development\Konnetic\UnifySipApi\Production\Src\Konnetic Unify SIP API\Konnetic.Sip\Advanced\SipUriBuilder.cs:line 431
   at Konnetic.Sip.SipUri..ctor(String uri, String domain) in D:\Business\Development\Konnetic\UnifySipApi\Production\Src\Konnetic Unify SIP API\Konnetic.Sip\SipUri.cs:line 174
   at Konnetic.Sip.SipUri..ctor(String uri) in D:\Business\Development\Konnetic\UnifySipApi\Production\Src\Konnetic Unify SIP API\Konnetic.Sip\SipUri.cs:line 164
   at Konnetic.Sip.UnitTests.SipUriBuilderAdapter.HostTest() in D:\Business\Development\Konnetic\UnifySipApi\Production\Src\Konnetic Unify SIP API\Konnetic.Sip.UnitTests\SipUriBuilderAdapter.cs:line 114
</StackTrace>
        </ErrorInfo>
      </Output>
    </UnitTestResult>
    <UnitTestResult executionId="242fa4c3-0668-4acf-a56e-bbdcca498b9e" testId="e0900f84-4154-2092-de81-cb70da8a58bf" testName="HostTest3" computerName="SERVER001" duration="00:00:00.0298940" startTime="2010-01-24T19:15:55.8288482+11:00" endTime="2010-01-24T19:15:55.8618482+11:00" testType="13cdc9d9-ddb5-4fa4-a97d-d965ccfc6d4b" outcome="Failed" testListId="8c84fa94-04c1-424b-9868-57a2d4851a1d">
      <Output>
        <ErrorInfo>
          <Message>Test method Konnetic.Sip.UnitTests.SipUriBuilderAdapter.HostTest3 threw exception System.NullReferenceException, but exception System.ArgumentNullException was expected. Exception message:  System.NullReferenceException: Object reference not set to an instance of an object.
</Message>
          <StackTrace>    at Konnetic.Sip.Headers.ParamatizedHeaderFieldBase.Parse(String value) in D:\Business\Development\Konnetic\UnifySipApi\Production\Src\Konnetic Unify SIP API\Konnetic.Sip\Headers\BaseHeaderFields\ParamatizedHeaderFieldBase.cs:line 221
   at Konnetic.Sip.Headers.SipUriHeaderFieldBase.Parse(String value) in D:\Business\Development\Konnetic\UnifySipApi\Production\Src\Konnetic Unify SIP API\Konnetic.Sip\Headers\BaseHeaderFields\SipUriHeaderFieldBase.cs:line 235
   at Konnetic.Sip.Headers.AddressedHeaderFieldBase.Parse(String value) in D:\Business\Development\Konnetic\UnifySipApi\Production\Src\Konnetic Unify SIP API\Konnetic.Sip\Headers\BaseHeaderFields\AddressedHeaderFieldBase.cs:line 217
   at Konnetic.Sip.Headers.ToHeaderField.Parse(String value) in D:\Business\Development\Konnetic\UnifySipApi\Production\Src\Konnetic Unify SIP API\Konnetic.Sip\Headers\ToHeaderField.cs:line 275
   at Konnetic.Sip.Headers.HeaderFieldCollection.Add(String name, String value) in D:\Business\Development\Konnetic\UnifySipApi\Production\Src\Konnetic Unify SIP API\Konnetic.Sip\Headers\SupportTypes\HeaderFieldCollection.cs:line 98
   at Konnetic.Sip.Headers.HeaderFieldCollection.Add(String nameValuePair) in D:\Business\Development\Konnetic\UnifySipApi\Production\Src\Konnetic Unify SIP API\Konnetic.Sip\Headers\SupportTypes\HeaderFieldCollection.cs:line 79
   at Konnetic.Sip.SipStyleUriParser.ParseHeaders(SipUri uri) in D:\Business\Development\Konnetic\UnifySipApi\Production\Src\Konnetic Unify SIP API\Konnetic.Sip\Advanced\SipStyleUriParser.cs:line 237
   at Konnetic.Sip.SipUriBuilder.init(SipUri uri) in D:\Business\Development\Konnetic\UnifySipApi\Production\Src\Konnetic Unify SIP API\Konnetic.Sip\Advanced\SipUriBuilder.cs:line 483
   at Konnetic.Sip.SipUriBuilder..ctor(SipUri uri) in D:\Business\Development\Konnetic\UnifySipApi\Production\Src\Konnetic Unify SIP API\Konnetic.Sip\Advanced\SipUriBuilder.cs:line 431
   at Konnetic.Sip.SipUri..ctor(String uri, String domain) in D:\Business\Development\Konnetic\UnifySipApi\Production\Src\Konnetic Unify SIP API\Konnetic.Sip\SipUri.cs:line 174
   at Konnetic.Sip.SipUri..ctor(String uri) in D:\Business\Development\Konnetic\UnifySipApi\Production\Src\Konnetic Unify SIP API\Konnetic.Sip\SipUri.cs:line 164
   at Konnetic.Sip.UnitTests.SipUriBuilderAdapter.HostTest3() in D:\Business\Development\Konnetic\UnifySipApi\Production\Src\Konnetic Unify SIP API\Konnetic.Sip.UnitTests\SipUriBuilderAdapter.cs:line 171
</StackTrace>
        </ErrorInfo>
      </Output>
    </UnitTestResult>
    <UnitTestResult executionId="74f24412-88d8-4015-8bf5-0e10783af3c5" testId="7892af7f-99e5-d09a-0682-e43dbb8f401f" testName="LrTest" computerName="SERVER001" duration="00:00:00.0342475" startTime="2010-01-24T19:15:55.8628482+11:00" endTime="2010-01-24T19:15:55.8998482+11:00" testType="13cdc9d9-ddb5-4fa4-a97d-d965ccfc6d4b" outcome="Failed" testListId="8c84fa94-04c1-424b-9868-57a2d4851a1d">
      <Output>
        <ErrorInfo>
          <Message>Test method Konnetic.Sip.UnitTests.SipUriBuilderAdapter.LrTest threw exception:  System.NullReferenceException: Object reference not set to an instance of an object..</Message>
          <StackTrace>    at Konnetic.Sip.Headers.ParamatizedHeaderFieldBase.Parse(String value) in D:\Business\Development\Konnetic\UnifySipApi\Production\Src\Konnetic Unify SIP API\Konnetic.Sip\Headers\BaseHeaderFields\ParamatizedHeaderFieldBase.cs:line 221
   at Konnetic.Sip.Headers.SipUriHeaderFieldBase.Parse(String value) in D:\Business\Development\Konnetic\UnifySipApi\Production\Src\Konnetic Unify SIP API\Konnetic.Sip\Headers\BaseHeaderFields\SipUriHeaderFieldBase.cs:line 235
   at Konnetic.Sip.Headers.AddressedHeaderFieldBase.Parse(String value) in D:\Business\Development\Konnetic\UnifySipApi\Production\Src\Konnetic Unify SIP API\Konnetic.Sip\Headers\BaseHeaderFields\AddressedHeaderFieldBase.cs:line 217
   at Konnetic.Sip.Headers.ToHeaderField.Parse(String value) in D:\Business\Development\Konnetic\UnifySipApi\Production\Src\Konnetic Unify SIP API\Konnetic.Sip\Headers\ToHeaderField.cs:line 275
   at Konnetic.Sip.Headers.HeaderFieldCollection.Add(String name, String value) in D:\Business\Development\Konnetic\UnifySipApi\Production\Src\Konnetic Unify SIP API\Konnetic.Sip\Headers\SupportTypes\HeaderFieldCollection.cs:line 98
   at Konnetic.Sip.Headers.HeaderFieldCollection.Add(String nameValuePair) in D:\Business\Development\Konnetic\UnifySipApi\Production\Src\Konnetic Unify SIP API\Konnetic.Sip\Headers\SupportTypes\HeaderFieldCollection.cs:line 79
   at Konnetic.Sip.SipStyleUriParser.ParseHeaders(SipUri uri) in D:\Business\Development\Konnetic\UnifySipApi\Production\Src\Konnetic Unify SIP API\Konnetic.Sip\Advanced\SipStyleUriParser.cs:line 237
   at Konnetic.Sip.SipUriBuilder.init(SipUri uri) in D:\Business\Development\Konnetic\UnifySipApi\Production\Src\Konnetic Unify SIP API\Konnetic.Sip\Advanced\SipUriBuilder.cs:line 483
   at Konnetic.Sip.SipUriBuilder..ctor(SipUri uri) in D:\Business\Development\Konnetic\UnifySipApi\Production\Src\Konnetic Unify SIP API\Konnetic.Sip\Advanced\SipUriBuilder.cs:line 431
   at Konnetic.Sip.SipUri..ctor(String uri, String domain) in D:\Business\Development\Konnetic\UnifySipApi\Production\Src\Konnetic Unify SIP API\Konnetic.Sip\SipUri.cs:line 174
   at Konnetic.Sip.SipUri..ctor(String uri) in D:\Business\Development\Konnetic\UnifySipApi\Production\Src\Konnetic Unify SIP API\Konnetic.Sip\SipUri.cs:line 164
   at Konnetic.Sip.UnitTests.SipUriBuilderAdapter.LrTest() in D:\Business\Development\Konnetic\UnifySipApi\Production\Src\Konnetic Unify SIP API\Konnetic.Sip.UnitTests\SipUriBuilderAdapter.cs:line 188
</StackTrace>
        </ErrorInfo>
      </Output>
    </UnitTestResult>
    <UnitTestResult executionId="2afc231a-a05f-4cb4-8da2-70ac4307c8be" testId="46876560-4557-a94b-8bbd-025266b3e77d" testName="MaddrParameterTest" computerName="SERVER001" duration="00:00:00.0041547" startTime="2010-01-24T19:15:55.9008482+11:00" endTime="2010-01-24T19:15:55.9078482+11:00" testType="13cdc9d9-ddb5-4fa4-a97d-d965ccfc6d4b" outcome="Passed" testListId="8c84fa94-04c1-424b-9868-57a2d4851a1d">
      <Output>
      </Output>
    </UnitTestResult>
    <UnitTestResult executionId="81f5a124-12e9-4e0b-96c7-b8bc6f63be1b" testId="bac77f2e-86af-85d5-2366-e7dbb90f3746" testName="MaddrTest" computerName="SERVER001" duration="00:00:00.0329003" startTime="2010-01-24T19:15:55.9088482+11:00" endTime="2010-01-24T19:15:55.9438482+11:00" testType="13cdc9d9-ddb5-4fa4-a97d-d965ccfc6d4b" outcome="Failed" testListId="8c84fa94-04c1-424b-9868-57a2d4851a1d">
      <Output>
        <ErrorInfo>
          <Message>Test method Konnetic.Sip.UnitTests.SipUriBuilderAdapter.MaddrTest threw exception:  System.NullReferenceException: Object reference not set to an instance of an object..</Message>
          <StackTrace>    at Konnetic.Sip.Headers.ParamatizedHeaderFieldBase.Parse(String value) in D:\Business\Development\Konnetic\UnifySipApi\Production\Src\Konnetic Unify SIP API\Konnetic.Sip\Headers\BaseHeaderFields\ParamatizedHeaderFieldBase.cs:line 221
   at Konnetic.Sip.Headers.SipUriHeaderFieldBase.Parse(String value) in D:\Business\Development\Konnetic\UnifySipApi\Production\Src\Konnetic Unify SIP API\Konnetic.Sip\Headers\BaseHeaderFields\SipUriHeaderFieldBase.cs:line 235
   at Konnetic.Sip.Headers.AddressedHeaderFieldBase.Parse(String value) in D:\Business\Development\Konnetic\UnifySipApi\Production\Src\Konnetic Unify SIP API\Konnetic.Sip\Headers\BaseHeaderFields\AddressedHeaderFieldBase.cs:line 217
   at Konnetic.Sip.Headers.ToHeaderField.Parse(String value) in D:\Business\Development\Konnetic\UnifySipApi\Production\Src\Konnetic Unify SIP API\Konnetic.Sip\Headers\ToHeaderField.cs:line 275
   at Konnetic.Sip.Headers.HeaderFieldCollection.Add(String name, String value) in D:\Business\Development\Konnetic\UnifySipApi\Production\Src\Konnetic Unify SIP API\Konnetic.Sip\Headers\SupportTypes\HeaderFieldCollection.cs:line 98
   at Konnetic.Sip.Headers.HeaderFieldCollection.Add(String nameValuePair) in D:\Business\Development\Konnetic\UnifySipApi\Production\Src\Konnetic Unify SIP API\Konnetic.Sip\Headers\SupportTypes\HeaderFieldCollection.cs:line 79
   at Konnetic.Sip.SipStyleUriParser.ParseHeaders(SipUri uri) in D:\Business\Development\Konnetic\UnifySipApi\Production\Src\Konnetic Unify SIP API\Konnetic.Sip\Advanced\SipStyleUriParser.cs:line 237
   at Konnetic.Sip.SipUriBuilder.init(SipUri uri) in D:\Business\Development\Konnetic\UnifySipApi\Production\Src\Konnetic Unify SIP API\Konnetic.Sip\Advanced\SipUriBuilder.cs:line 483
   at Konnetic.Sip.SipUriBuilder..ctor(SipUri uri) in D:\Business\Development\Konnetic\UnifySipApi\Production\Src\Konnetic Unify SIP API\Konnetic.Sip\Advanced\SipUriBuilder.cs:line 431
   at Konnetic.Sip.SipUri..ctor(String uri, String domain) in D:\Business\Development\Konnetic\UnifySipApi\Production\Src\Konnetic Unify SIP API\Konnetic.Sip\SipUri.cs:line 174
   at Konnetic.Sip.SipUri..ctor(String uri) in D:\Business\Development\Konnetic\UnifySipApi\Production\Src\Konnetic Unify SIP API\Konnetic.Sip\SipUri.cs:line 164
   at Konnetic.Sip.UnitTests.SipUriBuilderAdapter.MaddrTest() in D:\Business\Development\Konnetic\UnifySipApi\Production\Src\Konnetic Unify SIP API\Konnetic.Sip.UnitTests\SipUriBuilderAdapter.cs:line 234
</StackTrace>
        </ErrorInfo>
      </Output>
    </UnitTestResult>
    <UnitTestResult executionId="a7f9fae7-6ea1-45c1-ab70-a47594da1d31" testId="a28e432d-1788-8c1b-986a-91f97842b553" testName="MaddrTest3" computerName="SERVER001" duration="00:00:00.0304545" startTime="2010-01-24T19:15:55.9448482+11:00" endTime="2010-01-24T19:15:55.9778482+11:00" testType="13cdc9d9-ddb5-4fa4-a97d-d965ccfc6d4b" outcome="Failed" testListId="8c84fa94-04c1-424b-9868-57a2d4851a1d">
      <Output>
        <ErrorInfo>
          <Message>Test method Konnetic.Sip.UnitTests.SipUriBuilderAdapter.MaddrTest3 threw exception System.NullReferenceException, but exception System.ArgumentNullException was expected. Exception message:  System.NullReferenceException: Object reference not set to an instance of an object.
</Message>
          <StackTrace>    at Konnetic.Sip.Headers.ParamatizedHeaderFieldBase.Parse(String value) in D:\Business\Development\Konnetic\UnifySipApi\Production\Src\Konnetic Unify SIP API\Konnetic.Sip\Headers\BaseHeaderFields\ParamatizedHeaderFieldBase.cs:line 221
   at Konnetic.Sip.Headers.SipUriHeaderFieldBase.Parse(String value) in D:\Business\Development\Konnetic\UnifySipApi\Production\Src\Konnetic Unify SIP API\Konnetic.Sip\Headers\BaseHeaderFields\SipUriHeaderFieldBase.cs:line 235
   at Konnetic.Sip.Headers.AddressedHeaderFieldBase.Parse(String value) in D:\Business\Development\Konnetic\UnifySipApi\Production\Src\Konnetic Unify SIP API\Konnetic.Sip\Headers\BaseHeaderFields\AddressedHeaderFieldBase.cs:line 217
   at Konnetic.Sip.Headers.ToHeaderField.Parse(String value) in D:\Business\Development\Konnetic\UnifySipApi\Production\Src\Konnetic Unify SIP API\Konnetic.Sip\Headers\ToHeaderField.cs:line 275
   at Konnetic.Sip.Headers.HeaderFieldCollection.Add(String name, String value) in D:\Business\Development\Konnetic\UnifySipApi\Production\Src\Konnetic Unify SIP API\Konnetic.Sip\Headers\SupportTypes\HeaderFieldCollection.cs:line 98
   at Konnetic.Sip.Headers.HeaderFieldCollection.Add(String nameValuePair) in D:\Business\Development\Konnetic\UnifySipApi\Production\Src\Konnetic Unify SIP API\Konnetic.Sip\Headers\SupportTypes\HeaderFieldCollection.cs:line 79
   at Konnetic.Sip.SipStyleUriParser.ParseHeaders(SipUri uri) in D:\Business\Development\Konnetic\UnifySipApi\Production\Src\Konnetic Unify SIP API\Konnetic.Sip\Advanced\SipStyleUriParser.cs:line 237
   at Konnetic.Sip.SipUriBuilder.init(SipUri uri) in D:\Business\Development\Konnetic\UnifySipApi\Production\Src\Konnetic Unify SIP API\Konnetic.Sip\Advanced\SipUriBuilder.cs:line 483
   at Konnetic.Sip.SipUriBuilder..ctor(SipUri uri) in D:\Business\Development\Konnetic\UnifySipApi\Production\Src\Konnetic Unify SIP API\Konnetic.Sip\Advanced\SipUriBuilder.cs:line 431
   at Konnetic.Sip.SipUri..ctor(String uri, String domain) in D:\Business\Development\Konnetic\UnifySipApi\Production\Src\Konnetic Unify SIP API\Konnetic.Sip\SipUri.cs:line 174
   at Konnetic.Sip.SipUri..ctor(String uri) in D:\Business\Development\Konnetic\UnifySipApi\Production\Src\Konnetic Unify SIP API\Konnetic.Sip\SipUri.cs:line 164
   at Konnetic.Sip.UnitTests.SipUriBuilderAdapter.MaddrTest3() in D:\Business\Development\Konnetic\UnifySipApi\Production\Src\Konnetic Unify SIP API\Konnetic.Sip.UnitTests\SipUriBuilderAdapter.cs:line 297
</StackTrace>
        </ErrorInfo>
      </Output>
    </UnitTestResult>
    <UnitTestResult executionId="70a682ec-a865-4e2a-a244-67a769478e7e" testId="07032410-b7ec-b5a6-23c2-4eced5df9ea5" testName="MethodParameterTest" computerName="SERVER001" duration="00:00:00.0014124" startTime="2010-01-24T19:15:55.9788482+11:00" endTime="2010-01-24T19:15:55.9828482+11:00" testType="13cdc9d9-ddb5-4fa4-a97d-d965ccfc6d4b" outcome="Passed" testListId="8c84fa94-04c1-424b-9868-57a2d4851a1d">
      <Output>
      </Output>
    </UnitTestResult>
    <UnitTestResult executionId="d7c4b66e-b0bd-49c3-8fa9-49318fe2a7dd" testId="40271ef0-52eb-4856-4468-00a9c50b8ddb" testName="MethodTest" computerName="SERVER001" duration="00:00:00.0325740" startTime="2010-01-24T19:15:55.9838482+11:00" endTime="2010-01-24T19:15:56.0188482+11:00" testType="13cdc9d9-ddb5-4fa4-a97d-d965ccfc6d4b" outcome="Failed" testListId="8c84fa94-04c1-424b-9868-57a2d4851a1d">
      <Output>
        <ErrorInfo>
          <Message>Test method Konnetic.Sip.UnitTests.SipUriBuilderAdapter.MethodTest threw exception:  System.NullReferenceException: Object reference not set to an instance of an object..</Message>
          <StackTrace>    at Konnetic.Sip.Headers.ParamatizedHeaderFieldBase.Parse(String value) in D:\Business\Development\Konnetic\UnifySipApi\Production\Src\Konnetic Unify SIP API\Konnetic.Sip\Headers\BaseHeaderFields\ParamatizedHeaderFieldBase.cs:line 221
   at Konnetic.Sip.Headers.SipUriHeaderFieldBase.Parse(String value) in D:\Business\Development\Konnetic\UnifySipApi\Production\Src\Konnetic Unify SIP API\Konnetic.Sip\Headers\BaseHeaderFields\SipUriHeaderFieldBase.cs:line 235
   at Konnetic.Sip.Headers.AddressedHeaderFieldBase.Parse(String value) in D:\Business\Development\Konnetic\UnifySipApi\Production\Src\Konnetic Unify SIP API\Konnetic.Sip\Headers\BaseHeaderFields\AddressedHeaderFieldBase.cs:line 217
   at Konnetic.Sip.Headers.ToHeaderField.Parse(String value) in D:\Business\Development\Konnetic\UnifySipApi\Production\Src\Konnetic Unify SIP API\Konnetic.Sip\Headers\ToHeaderField.cs:line 275
   at Konnetic.Sip.Headers.HeaderFieldCollection.Add(String name, String value) in D:\Business\Development\Konnetic\UnifySipApi\Production\Src\Konnetic Unify SIP API\Konnetic.Sip\Headers\SupportTypes\HeaderFieldCollection.cs:line 98
   at Konnetic.Sip.Headers.HeaderFieldCollection.Add(String nameValuePair) in D:\Business\Development\Konnetic\UnifySipApi\Production\Src\Konnetic Unify SIP API\Konnetic.Sip\Headers\SupportTypes\HeaderFieldCollection.cs:line 79
   at Konnetic.Sip.SipStyleUriParser.ParseHeaders(SipUri uri) in D:\Business\Development\Konnetic\UnifySipApi\Production\Src\Konnetic Unify SIP API\Konnetic.Sip\Advanced\SipStyleUriParser.cs:line 237
   at Konnetic.Sip.SipUriBuilder.init(SipUri uri) in D:\Business\Development\Konnetic\UnifySipApi\Production\Src\Konnetic Unify SIP API\Konnetic.Sip\Advanced\SipUriBuilder.cs:line 483
   at Konnetic.Sip.SipUriBuilder..ctor(SipUri uri) in D:\Business\Development\Konnetic\UnifySipApi\Production\Src\Konnetic Unify SIP API\Konnetic.Sip\Advanced\SipUriBuilder.cs:line 431
   at Konnetic.Sip.SipUri..ctor(String uri, String domain) in D:\Business\Development\Konnetic\UnifySipApi\Production\Src\Konnetic Unify SIP API\Konnetic.Sip\SipUri.cs:line 174
   at Konnetic.Sip.SipUri..ctor(String uri) in D:\Business\Development\Konnetic\UnifySipApi\Production\Src\Konnetic Unify SIP API\Konnetic.Sip\SipUri.cs:line 164
   at Konnetic.Sip.UnitTests.SipUriBuilderAdapter.MethodTest() in D:\Business\Development\Konnetic\UnifySipApi\Production\Src\Konnetic Unify SIP API\Konnetic.Sip.UnitTests\SipUriBuilderAdapter.cs:line 323
</StackTrace>
        </ErrorInfo>
      </Output>
    </UnitTestResult>
    <UnitTestResult executionId="9611f540-3ff1-482d-ba9a-d8cb80f7cade" testId="8d746b3f-8b5e-c33a-f0f3-2a35d061d5b4" testName="MethodTest3" computerName="SERVER001" duration="00:00:00.0324208" startTime="2010-01-24T19:15:56.0188482+11:00" endTime="2010-01-24T19:15:56.0548482+11:00" testType="13cdc9d9-ddb5-4fa4-a97d-d965ccfc6d4b" outcome="Failed" testListId="8c84fa94-04c1-424b-9868-57a2d4851a1d">
      <Output>
        <ErrorInfo>
          <Message>Test method Konnetic.Sip.UnitTests.SipUriBuilderAdapter.MethodTest3 threw exception System.NullReferenceException, but exception System.ArgumentNullException was expected. Exception message:  System.NullReferenceException: Object reference not set to an instance of an object.
</Message>
          <StackTrace>    at Konnetic.Sip.Headers.ParamatizedHeaderFieldBase.Parse(String value) in D:\Business\Development\Konnetic\UnifySipApi\Production\Src\Konnetic Unify SIP API\Konnetic.Sip\Headers\BaseHeaderFields\ParamatizedHeaderFieldBase.cs:line 221
   at Konnetic.Sip.Headers.SipUriHeaderFieldBase.Parse(String value) in D:\Business\Development\Konnetic\UnifySipApi\Production\Src\Konnetic Unify SIP API\Konnetic.Sip\Headers\BaseHeaderFields\SipUriHeaderFieldBase.cs:line 235
   at Konnetic.Sip.Headers.AddressedHeaderFieldBase.Parse(String value) in D:\Business\Development\Konnetic\UnifySipApi\Production\Src\Konnetic Unify SIP API\Konnetic.Sip\Headers\BaseHeaderFields\AddressedHeaderFieldBase.cs:line 217
   at Konnetic.Sip.Headers.ToHeaderField.Parse(String value) in D:\Business\Development\Konnetic\UnifySipApi\Production\Src\Konnetic Unify SIP API\Konnetic.Sip\Headers\ToHeaderField.cs:line 275
   at Konnetic.Sip.Headers.HeaderFieldCollection.Add(String name, String value) in D:\Business\Development\Konnetic\UnifySipApi\Production\Src\Konnetic Unify SIP API\Konnetic.Sip\Headers\SupportTypes\HeaderFieldCollection.cs:line 98
   at Konnetic.Sip.Headers.HeaderFieldCollection.Add(String nameValuePair) in D:\Business\Development\Konnetic\UnifySipApi\Production\Src\Konnetic Unify SIP API\Konnetic.Sip\Headers\SupportTypes\HeaderFieldCollection.cs:line 79
   at Konnetic.Sip.SipStyleUriParser.ParseHeaders(SipUri uri) in D:\Business\Development\Konnetic\UnifySipApi\Production\Src\Konnetic Unify SIP API\Konnetic.Sip\Advanced\SipStyleUriParser.cs:line 237
   at Konnetic.Sip.SipUriBuilder.init(SipUri uri) in D:\Business\Development\Konnetic\UnifySipApi\Production\Src\Konnetic Unify SIP API\Konnetic.Sip\Advanced\SipUriBuilder.cs:line 483
   at Konnetic.Sip.SipUriBuilder..ctor(SipUri uri) in D:\Business\Development\Konnetic\UnifySipApi\Production\Src\Konnetic Unify SIP API\Konnetic.Sip\Advanced\SipUriBuilder.cs:line 431
   at Konnetic.Sip.SipUri..ctor(String uri, String domain) in D:\Business\Development\Konnetic\UnifySipApi\Production\Src\Konnetic Unify SIP API\Konnetic.Sip\SipUri.cs:line 174
   at Konnetic.Sip.SipUri..ctor(String uri) in D:\Business\Development\Konnetic\UnifySipApi\Production\Src\Konnetic Unify SIP API\Konnetic.Sip\SipUri.cs:line 164
   at Konnetic.Sip.UnitTests.SipUriBuilderAdapter.MethodTest3() in D:\Business\Development\Konnetic\UnifySipApi\Production\Src\Konnetic Unify SIP API\Konnetic.Sip.UnitTests\SipUriBuilderAdapter.cs:line 374
</StackTrace>
        </ErrorInfo>
      </Output>
    </UnitTestResult>
    <UnitTestResult executionId="ba7d6f82-80c5-40fe-8b0d-1cfa7eb33f30" testId="99bf64d3-9109-f2e8-fc16-baa616b0d610" testName="PasswordParameterTest" computerName="SERVER001" duration="00:00:00.0011007" startTime="2010-01-24T19:15:56.0558482+11:00" endTime="2010-01-24T19:15:56.0598482+11:00" testType="13cdc9d9-ddb5-4fa4-a97d-d965ccfc6d4b" outcome="Passed" testListId="8c84fa94-04c1-424b-9868-57a2d4851a1d">
      <Output>
      </Output>
    </UnitTestResult>
    <UnitTestResult executionId="11c48e4c-13a0-4bed-89e7-856e892c6433" testId="f02fc44e-cf40-9573-f28f-5a322abf2a50" testName="PasswordTest" computerName="SERVER001" duration="00:00:00.0359103" startTime="2010-01-24T19:15:56.0608482+11:00" endTime="2010-01-24T19:15:56.0998482+11:00" testType="13cdc9d9-ddb5-4fa4-a97d-d965ccfc6d4b" outcome="Failed" testListId="8c84fa94-04c1-424b-9868-57a2d4851a1d">
      <Output>
        <ErrorInfo>
          <Message>Test method Konnetic.Sip.UnitTests.SipUriBuilderAdapter.PasswordTest threw exception:  System.NullReferenceException: Object reference not set to an instance of an object..</Message>
          <StackTrace>    at Konnetic.Sip.Headers.ParamatizedHeaderFieldBase.Parse(String value) in D:\Business\Development\Konnetic\UnifySipApi\Production\Src\Konnetic Unify SIP API\Konnetic.Sip\Headers\BaseHeaderFields\ParamatizedHeaderFieldBase.cs:line 221
   at Konnetic.Sip.Headers.SipUriHeaderFieldBase.Parse(String value) in D:\Business\Development\Konnetic\UnifySipApi\Production\Src\Konnetic Unify SIP API\Konnetic.Sip\Headers\BaseHeaderFields\SipUriHeaderFieldBase.cs:line 235
   at Konnetic.Sip.Headers.AddressedHeaderFieldBase.Parse(String value) in D:\Business\Development\Konnetic\UnifySipApi\Production\Src\Konnetic Unify SIP API\Konnetic.Sip\Headers\BaseHeaderFields\AddressedHeaderFieldBase.cs:line 217
   at Konnetic.Sip.Headers.ToHeaderField.Parse(String value) in D:\Business\Development\Konnetic\UnifySipApi\Production\Src\Konnetic Unify SIP API\Konnetic.Sip\Headers\ToHeaderField.cs:line 275
   at Konnetic.Sip.Headers.HeaderFieldCollection.Add(String name, String value) in D:\Business\Development\Konnetic\UnifySipApi\Production\Src\Konnetic Unify SIP API\Konnetic.Sip\Headers\SupportTypes\HeaderFieldCollection.cs:line 98
   at Konnetic.Sip.Headers.HeaderFieldCollection.Add(String nameValuePair) in D:\Business\Development\Konnetic\UnifySipApi\Production\Src\Konnetic Unify SIP API\Konnetic.Sip\Headers\SupportTypes\HeaderFieldCollection.cs:line 79
   at Konnetic.Sip.SipStyleUriParser.ParseHeaders(SipUri uri) in D:\Business\Development\Konnetic\UnifySipApi\Production\Src\Konnetic Unify SIP API\Konnetic.Sip\Advanced\SipStyleUriParser.cs:line 237
   at Konnetic.Sip.SipUriBuilder.init(SipUri uri) in D:\Business\Development\Konnetic\UnifySipApi\Production\Src\Konnetic Unify SIP API\Konnetic.Sip\Advanced\SipUriBuilder.cs:line 483
   at Konnetic.Sip.SipUriBuilder..ctor(SipUri uri) in D:\Business\Development\Konnetic\UnifySipApi\Production\Src\Konnetic Unify SIP API\Konnetic.Sip\Advanced\SipUriBuilder.cs:line 431
   at Konnetic.Sip.SipUri..ctor(String uri, String domain) in D:\Business\Development\Konnetic\UnifySipApi\Production\Src\Konnetic Unify SIP API\Konnetic.Sip\SipUri.cs:line 174
   at Konnetic.Sip.SipUri..ctor(String uri) in D:\Business\Development\Konnetic\UnifySipApi\Production\Src\Konnetic Unify SIP API\Konnetic.Sip\SipUri.cs:line 164
   at Konnetic.Sip.UnitTests.SipUriBuilderAdapter.PasswordTest() in D:\Business\Development\Konnetic\UnifySipApi\Production\Src\Konnetic Unify SIP API\Konnetic.Sip.UnitTests\SipUriBuilderAdapter.cs:line 401
</StackTrace>
        </ErrorInfo>
      </Output>
    </UnitTestResult>
    <UnitTestResult executionId="bc955347-75ad-45b7-bf74-244eb3a154b3" testId="e5001eb1-5c44-a71b-aaee-2d9b55622598" testName="PasswordTest3" computerName="SERVER001" duration="00:00:00.0280815" startTime="2010-01-24T19:15:56.1008482+11:00" endTime="2010-01-24T19:15:56.1318482+11:00" testType="13cdc9d9-ddb5-4fa4-a97d-d965ccfc6d4b" outcome="Failed" testListId="8c84fa94-04c1-424b-9868-57a2d4851a1d">
      <Output>
        <ErrorInfo>
          <Message>Test method Konnetic.Sip.UnitTests.SipUriBuilderAdapter.PasswordTest3 threw exception System.NullReferenceException, but exception System.ArgumentNullException was expected. Exception message:  System.NullReferenceException: Object reference not set to an instance of an object.
</Message>
          <StackTrace>    at Konnetic.Sip.Headers.ParamatizedHeaderFieldBase.Parse(String value) in D:\Business\Development\Konnetic\UnifySipApi\Production\Src\Konnetic Unify SIP API\Konnetic.Sip\Headers\BaseHeaderFields\ParamatizedHeaderFieldBase.cs:line 221
   at Konnetic.Sip.Headers.SipUriHeaderFieldBase.Parse(String value) in D:\Business\Development\Konnetic\UnifySipApi\Production\Src\Konnetic Unify SIP API\Konnetic.Sip\Headers\BaseHeaderFields\SipUriHeaderFieldBase.cs:line 235
   at Konnetic.Sip.Headers.AddressedHeaderFieldBase.Parse(String value) in D:\Business\Development\Konnetic\UnifySipApi\Production\Src\Konnetic Unify SIP API\Konnetic.Sip\Headers\BaseHeaderFields\AddressedHeaderFieldBase.cs:line 217
   at Konnetic.Sip.Headers.ToHeaderField.Parse(String value) in D:\Business\Development\Konnetic\UnifySipApi\Production\Src\Konnetic Unify SIP API\Konnetic.Sip\Headers\ToHeaderField.cs:line 275
   at Konnetic.Sip.Headers.HeaderFieldCollection.Add(String name, String value) in D:\Business\Development\Konnetic\UnifySipApi\Production\Src\Konnetic Unify SIP API\Konnetic.Sip\Headers\SupportTypes\HeaderFieldCollection.cs:line 98
   at Konnetic.Sip.Headers.HeaderFieldCollection.Add(String nameValuePair) in D:\Business\Development\Konnetic\UnifySipApi\Production\Src\Konnetic Unify SIP API\Konnetic.Sip\Headers\SupportTypes\HeaderFieldCollection.cs:line 79
   at Konnetic.Sip.SipStyleUriParser.ParseHeaders(SipUri uri) in D:\Business\Development\Konnetic\UnifySipApi\Production\Src\Konnetic Unify SIP API\Konnetic.Sip\Advanced\SipStyleUriParser.cs:line 237
   at Konnetic.Sip.SipUriBuilder.init(SipUri uri) in D:\Business\Development\Konnetic\UnifySipApi\Production\Src\Konnetic Unify SIP API\Konnetic.Sip\Advanced\SipUriBuilder.cs:line 483
   at Konnetic.Sip.SipUriBuilder..ctor(SipUri uri) in D:\Business\Development\Konnetic\UnifySipApi\Production\Src\Konnetic Unify SIP API\Konnetic.Sip\Advanced\SipUriBuilder.cs:line 431
   at Konnetic.Sip.SipUri..ctor(String uri, String domain) in D:\Business\Development\Konnetic\UnifySipApi\Production\Src\Konnetic Unify SIP API\Konnetic.Sip\SipUri.cs:line 174
   at Konnetic.Sip.SipUri..ctor(String uri) in D:\Business\Development\Konnetic\UnifySipApi\Production\Src\Konnetic Unify SIP API\Konnetic.Sip\SipUri.cs:line 164
   at Konnetic.Sip.UnitTests.SipUriBuilderAdapter.PasswordTest3() in D:\Business\Development\Konnetic\UnifySipApi\Production\Src\Konnetic Unify SIP API\Konnetic.Sip.UnitTests\SipUriBuilderAdapter.cs:line 475
</StackTrace>
        </ErrorInfo>
      </Output>
    </UnitTestResult>
    <UnitTestResult executionId="0a1dd6af-bc06-4796-ae2a-b030fbeebe05" testId="8ab3307b-788b-8354-a367-4071bc13b301" testName="PortTest" computerName="SERVER001" duration="00:00:00.0323064" startTime="2010-01-24T19:15:56.1318482+11:00" endTime="2010-01-24T19:15:56.1678482+11:00" testType="13cdc9d9-ddb5-4fa4-a97d-d965ccfc6d4b" outcome="Failed" testListId="8c84fa94-04c1-424b-9868-57a2d4851a1d">
      <Output>
        <ErrorInfo>
          <Message>Test method Konnetic.Sip.UnitTests.SipUriBuilderAdapter.PortTest threw exception:  System.NullReferenceException: Object reference not set to an instance of an object..</Message>
          <StackTrace>    at Konnetic.Sip.Headers.ParamatizedHeaderFieldBase.Parse(String value) in D:\Business\Development\Konnetic\UnifySipApi\Production\Src\Konnetic Unify SIP API\Konnetic.Sip\Headers\BaseHeaderFields\ParamatizedHeaderFieldBase.cs:line 221
   at Konnetic.Sip.Headers.SipUriHeaderFieldBase.Parse(String value) in D:\Business\Development\Konnetic\UnifySipApi\Production\Src\Konnetic Unify SIP API\Konnetic.Sip\Headers\BaseHeaderFields\SipUriHeaderFieldBase.cs:line 235
   at Konnetic.Sip.Headers.AddressedHeaderFieldBase.Parse(String value) in D:\Business\Development\Konnetic\UnifySipApi\Production\Src\Konnetic Unify SIP API\Konnetic.Sip\Headers\BaseHeaderFields\AddressedHeaderFieldBase.cs:line 217
   at Konnetic.Sip.Headers.ToHeaderField.Parse(String value) in D:\Business\Development\Konnetic\UnifySipApi\Production\Src\Konnetic Unify SIP API\Konnetic.Sip\Headers\ToHeaderField.cs:line 275
   at Konnetic.Sip.Headers.HeaderFieldCollection.Add(String name, String value) in D:\Business\Development\Konnetic\UnifySipApi\Production\Src\Konnetic Unify SIP API\Konnetic.Sip\Headers\SupportTypes\HeaderFieldCollection.cs:line 98
   at Konnetic.Sip.Headers.HeaderFieldCollection.Add(String nameValuePair) in D:\Business\Development\Konnetic\UnifySipApi\Production\Src\Konnetic Unify SIP API\Konnetic.Sip\Headers\SupportTypes\HeaderFieldCollection.cs:line 79
   at Konnetic.Sip.SipStyleUriParser.ParseHeaders(SipUri uri) in D:\Business\Development\Konnetic\UnifySipApi\Production\Src\Konnetic Unify SIP API\Konnetic.Sip\Advanced\SipStyleUriParser.cs:line 237
   at Konnetic.Sip.SipUriBuilder.init(SipUri uri) in D:\Business\Development\Konnetic\UnifySipApi\Production\Src\Konnetic Unify SIP API\Konnetic.Sip\Advanced\SipUriBuilder.cs:line 483
   at Konnetic.Sip.SipUriBuilder..ctor(SipUri uri) in D:\Business\Development\Konnetic\UnifySipApi\Production\Src\Konnetic Unify SIP API\Konnetic.Sip\Advanced\SipUriBuilder.cs:line 431
   at Konnetic.Sip.SipUri..ctor(String uri, String domain) in D:\Business\Development\Konnetic\UnifySipApi\Production\Src\Konnetic Unify SIP API\Konnetic.Sip\SipUri.cs:line 174
   at Konnetic.Sip.SipUri..ctor(String uri) in D:\Business\Development\Konnetic\UnifySipApi\Production\Src\Konnetic Unify SIP API\Konnetic.Sip\SipUri.cs:line 164
   at Konnetic.Sip.UnitTests.SipUriBuilderAdapter.PortTest() in D:\Business\Development\Konnetic\UnifySipApi\Production\Src\Konnetic Unify SIP API\Konnetic.Sip.UnitTests\SipUriBuilderAdapter.cs:line 492
</StackTrace>
        </ErrorInfo>
      </Output>
    </UnitTestResult>
    <UnitTestResult executionId="76045e4b-53c1-4e8d-a308-be973e7dd358" testId="b9831d60-574c-5e3e-63c2-c41acd46a851" testName="SchemeTest" computerName="SERVER001" duration="00:00:00.0332170" startTime="2010-01-24T19:15:56.1678482+11:00" endTime="2010-01-24T19:15:56.2038482+11:00" testType="13cdc9d9-ddb5-4fa4-a97d-d965ccfc6d4b" outcome="Failed" testListId="8c84fa94-04c1-424b-9868-57a2d4851a1d">
      <Output>
        <ErrorInfo>
          <Message>Test method Konnetic.Sip.UnitTests.SipUriBuilderAdapter.SchemeTest threw exception:  System.NullReferenceException: Object reference not set to an instance of an object..</Message>
          <StackTrace>    at Konnetic.Sip.Headers.ParamatizedHeaderFieldBase.Parse(String value) in D:\Business\Development\Konnetic\UnifySipApi\Production\Src\Konnetic Unify SIP API\Konnetic.Sip\Headers\BaseHeaderFields\ParamatizedHeaderFieldBase.cs:line 221
   at Konnetic.Sip.Headers.SipUriHeaderFieldBase.Parse(String value) in D:\Business\Development\Konnetic\UnifySipApi\Production\Src\Konnetic Unify SIP API\Konnetic.Sip\Headers\BaseHeaderFields\SipUriHeaderFieldBase.cs:line 235
   at Konnetic.Sip.Headers.AddressedHeaderFieldBase.Parse(String value) in D:\Business\Development\Konnetic\UnifySipApi\Production\Src\Konnetic Unify SIP API\Konnetic.Sip\Headers\BaseHeaderFields\AddressedHeaderFieldBase.cs:line 217
   at Konnetic.Sip.Headers.ToHeaderField.Parse(String value) in D:\Business\Development\Konnetic\UnifySipApi\Production\Src\Konnetic Unify SIP API\Konnetic.Sip\Headers\ToHeaderField.cs:line 275
   at Konnetic.Sip.Headers.HeaderFieldCollection.Add(String name, String value) in D:\Business\Development\Konnetic\UnifySipApi\Production\Src\Konnetic Unify SIP API\Konnetic.Sip\Headers\SupportTypes\HeaderFieldCollection.cs:line 98
   at Konnetic.Sip.Headers.HeaderFieldCollection.Add(String nameValuePair) in D:\Business\Development\Konnetic\UnifySipApi\Production\Src\Konnetic Unify SIP API\Konnetic.Sip\Headers\SupportTypes\HeaderFieldCollection.cs:line 79
   at Konnetic.Sip.SipStyleUriParser.ParseHeaders(SipUri uri) in D:\Business\Development\Konnetic\UnifySipApi\Production\Src\Konnetic Unify SIP API\Konnetic.Sip\Advanced\SipStyleUriParser.cs:line 237
   at Konnetic.Sip.SipUriBuilder.init(SipUri uri) in D:\Business\Development\Konnetic\UnifySipApi\Production\Src\Konnetic Unify SIP API\Konnetic.Sip\Advanced\SipUriBuilder.cs:line 483
   at Konnetic.Sip.SipUriBuilder..ctor(SipUri uri) in D:\Business\Development\Konnetic\UnifySipApi\Production\Src\Konnetic Unify SIP API\Konnetic.Sip\Advanced\SipUriBuilder.cs:line 431
   at Konnetic.Sip.SipUri..ctor(String uri, String domain) in D:\Business\Development\Konnetic\UnifySipApi\Production\Src\Konnetic Unify SIP API\Konnetic.Sip\SipUri.cs:line 174
   at Konnetic.Sip.SipUri..ctor(String uri) in D:\Business\Development\Konnetic\UnifySipApi\Production\Src\Konnetic Unify SIP API\Konnetic.Sip\SipUri.cs:line 164
   at Konnetic.Sip.UnitTests.SipUriBuilderAdapter.SchemeTest() in D:\Business\Development\Konnetic\UnifySipApi\Production\Src\Konnetic Unify SIP API\Konnetic.Sip.UnitTests\SipUriBuilderAdapter.cs:line 579
</StackTrace>
        </ErrorInfo>
      </Output>
    </UnitTestResult>
    <UnitTestResult executionId="3b6d62bf-b041-471d-aa74-6f83cfae9c31" testId="07a7875a-0592-780b-6248-8b10c3e9f131" testName="SchemeTest3" computerName="SERVER001" duration="00:00:00.0328655" startTime="2010-01-24T19:15:56.2048482+11:00" endTime="2010-01-24T19:15:56.2408482+11:00" testType="13cdc9d9-ddb5-4fa4-a97d-d965ccfc6d4b" outcome="Failed" testListId="8c84fa94-04c1-424b-9868-57a2d4851a1d">
      <Output>
        <ErrorInfo>
          <Message>Test method Konnetic.Sip.UnitTests.SipUriBuilderAdapter.SchemeTest3 threw exception System.NullReferenceException, but exception Konnetic.Sip.SipUriFormatException was expected. Exception message:  System.NullReferenceException: Object reference not set to an instance of an object.
</Message>
          <StackTrace>    at Konnetic.Sip.Headers.ParamatizedHeaderFieldBase.Parse(String value) in D:\Business\Development\Konnetic\UnifySipApi\Production\Src\Konnetic Unify SIP API\Konnetic.Sip\Headers\BaseHeaderFields\ParamatizedHeaderFieldBase.cs:line 221
   at Konnetic.Sip.Headers.SipUriHeaderFieldBase.Parse(String value) in D:\Business\Development\Konnetic\UnifySipApi\Production\Src\Konnetic Unify SIP API\Konnetic.Sip\Headers\BaseHeaderFields\SipUriHeaderFieldBase.cs:line 235
   at Konnetic.Sip.Headers.AddressedHeaderFieldBase.Parse(String value) in D:\Business\Development\Konnetic\UnifySipApi\Production\Src\Konnetic Unify SIP API\Konnetic.Sip\Headers\BaseHeaderFields\AddressedHeaderFieldBase.cs:line 217
   at Konnetic.Sip.Headers.ToHeaderField.Parse(String value) in D:\Business\Development\Konnetic\UnifySipApi\Production\Src\Konnetic Unify SIP API\Konnetic.Sip\Headers\ToHeaderField.cs:line 275
   at Konnetic.Sip.Headers.HeaderFieldCollection.Add(String name, String value) in D:\Business\Development\Konnetic\UnifySipApi\Production\Src\Konnetic Unify SIP API\Konnetic.Sip\Headers\SupportTypes\HeaderFieldCollection.cs:line 98
   at Konnetic.Sip.Headers.HeaderFieldCollection.Add(String nameValuePair) in D:\Business\Development\Konnetic\UnifySipApi\Production\Src\Konnetic Unify SIP API\Konnetic.Sip\Headers\SupportTypes\HeaderFieldCollection.cs:line 79
   at Konnetic.Sip.SipStyleUriParser.ParseHeaders(SipUri uri) in D:\Business\Development\Konnetic\UnifySipApi\Production\Src\Konnetic Unify SIP API\Konnetic.Sip\Advanced\SipStyleUriParser.cs:line 237
   at Konnetic.Sip.SipUriBuilder.init(SipUri uri) in D:\Business\Development\Konnetic\UnifySipApi\Production\Src\Konnetic Unify SIP API\Konnetic.Sip\Advanced\SipUriBuilder.cs:line 483
   at Konnetic.Sip.SipUriBuilder..ctor(SipUri uri) in D:\Business\Development\Konnetic\UnifySipApi\Production\Src\Konnetic Unify SIP API\Konnetic.Sip\Advanced\SipUriBuilder.cs:line 431
   at Konnetic.Sip.SipUri..ctor(String uri, String domain) in D:\Business\Development\Konnetic\UnifySipApi\Production\Src\Konnetic Unify SIP API\Konnetic.Sip\SipUri.cs:line 174
   at Konnetic.Sip.SipUri..ctor(String uri) in D:\Business\Development\Konnetic\UnifySipApi\Production\Src\Konnetic Unify SIP API\Konnetic.Sip\SipUri.cs:line 164
   at Konnetic.Sip.UnitTests.SipUriBuilderAdapter.SchemeTest3() in D:\Business\Development\Konnetic\UnifySipApi\Production\Src\Konnetic Unify SIP API\Konnetic.Sip.UnitTests\SipUriBuilderAdapter.cs:line 606
</StackTrace>
        </ErrorInfo>
      </Output>
    </UnitTestResult>
    <UnitTestResult executionId="d5499d9b-78dd-4e12-84b0-18b6b68613f4" testId="188a21e6-bebe-c03b-3cdc-92f59a40ddf3" testName="ToStringTest" computerName="SERVER001" duration="00:00:00.0584887" startTime="2010-01-24T19:15:56.2408482+11:00" endTime="2010-01-24T19:15:56.3028482+11:00" testType="13cdc9d9-ddb5-4fa4-a97d-d965ccfc6d4b" outcome="Failed" testListId="8c84fa94-04c1-424b-9868-57a2d4851a1d">
      <Output>
        <ErrorInfo>
          <Message>Test method Konnetic.Sip.UnitTests.SipUriBuilderAdapter.ToStringTest threw exception:  System.NullReferenceException: Object reference not set to an instance of an object..</Message>
          <StackTrace>    at Konnetic.Sip.Headers.ParamatizedHeaderFieldBase.Parse(String value) in D:\Business\Development\Konnetic\UnifySipApi\Production\Src\Konnetic Unify SIP API\Konnetic.Sip\Headers\BaseHeaderFields\ParamatizedHeaderFieldBase.cs:line 221
   at Konnetic.Sip.Headers.SipUriHeaderFieldBase.Parse(String value) in D:\Business\Development\Konnetic\UnifySipApi\Production\Src\Konnetic Unify SIP API\Konnetic.Sip\Headers\BaseHeaderFields\SipUriHeaderFieldBase.cs:line 235
   at Konnetic.Sip.Headers.AddressedHeaderFieldBase.Parse(String value) in D:\Business\Development\Konnetic\UnifySipApi\Production\Src\Konnetic Unify SIP API\Konnetic.Sip\Headers\BaseHeaderFields\AddressedHeaderFieldBase.cs:line 217
   at Konnetic.Sip.Headers.ToHeaderField.Parse(String value) in D:\Business\Development\Konnetic\UnifySipApi\Production\Src\Konnetic Unify SIP API\Konnetic.Sip\Headers\ToHeaderField.cs:line 275
   at Konnetic.Sip.Headers.HeaderFieldCollection.Add(String name, String value) in D:\Business\Development\Konnetic\UnifySipApi\Production\Src\Konnetic Unify SIP API\Konnetic.Sip\Headers\SupportTypes\HeaderFieldCollection.cs:line 98
   at Konnetic.Sip.Headers.HeaderFieldCollection.Add(String nameValuePair) in D:\Business\Development\Konnetic\UnifySipApi\Production\Src\Konnetic Unify SIP API\Konnetic.Sip\Headers\SupportTypes\HeaderFieldCollection.cs:line 79
   at Konnetic.Sip.SipStyleUriParser.ParseHeaders(SipUri uri) in D:\Business\Development\Konnetic\UnifySipApi\Production\Src\Konnetic Unify SIP API\Konnetic.Sip\Advanced\SipStyleUriParser.cs:line 237
   at Konnetic.Sip.SipUriBuilder.init(SipUri uri) in D:\Business\Development\Konnetic\UnifySipApi\Production\Src\Konnetic Unify SIP API\Konnetic.Sip\Advanced\SipUriBuilder.cs:line 483
   at Konnetic.Sip.SipUriBuilder..ctor(SipUri uri) in D:\Business\Development\Konnetic\UnifySipApi\Production\Src\Konnetic Unify SIP API\Konnetic.Sip\Advanced\SipUriBuilder.cs:line 431
   at Konnetic.Sip.SipUri..ctor(String uri, String domain) in D:\Business\Development\Konnetic\UnifySipApi\Production\Src\Konnetic Unify SIP API\Konnetic.Sip\SipUri.cs:line 174
   at Konnetic.Sip.SipUri..ctor(String uri) in D:\Business\Development\Konnetic\UnifySipApi\Production\Src\Konnetic Unify SIP API\Konnetic.Sip\SipUri.cs:line 164
   at Konnetic.Sip.UnitTests.SipUriBuilderAdapter.ToStringTest() in D:\Business\Development\Konnetic\UnifySipApi\Production\Src\Konnetic Unify SIP API\Konnetic.Sip.UnitTests\SipUriBuilderAdapter.cs:line 629
</StackTrace>
        </ErrorInfo>
      </Output>
    </UnitTestResult>
    <UnitTestResult executionId="84b2ad7c-8f20-4553-83a5-f335d84d5208" testId="37b2c5e4-fff3-948c-3631-d1d7595da8d3" testName="TransportParameterTest" computerName="SERVER001" duration="00:00:00.0015460" startTime="2010-01-24T19:15:56.3028482+11:00" endTime="2010-01-24T19:15:56.3088482+11:00" testType="13cdc9d9-ddb5-4fa4-a97d-d965ccfc6d4b" outcome="Passed" testListId="8c84fa94-04c1-424b-9868-57a2d4851a1d">
      <Output>
      </Output>
    </UnitTestResult>
    <UnitTestResult executionId="d6d8ef4b-f474-4055-b97d-414d7f6fdb9d" testId="e6bf14dc-48e4-5589-bb28-efaac48d2858" testName="TransportTest" computerName="SERVER001" duration="00:00:00.0336523" startTime="2010-01-24T19:15:56.3088482+11:00" endTime="2010-01-24T19:15:56.3458482+11:00" testType="13cdc9d9-ddb5-4fa4-a97d-d965ccfc6d4b" outcome="Failed" testListId="8c84fa94-04c1-424b-9868-57a2d4851a1d">
      <Output>
        <ErrorInfo>
          <Message>Test method Konnetic.Sip.UnitTests.SipUriBuilderAdapter.TransportTest threw exception:  System.NullReferenceException: Object reference not set to an instance of an object..</Message>
          <StackTrace>    at Konnetic.Sip.Headers.ParamatizedHeaderFieldBase.Parse(String value) in D:\Business\Development\Konnetic\UnifySipApi\Production\Src\Konnetic Unify SIP API\Konnetic.Sip\Headers\BaseHeaderFields\ParamatizedHeaderFieldBase.cs:line 221
   at Konnetic.Sip.Headers.SipUriHeaderFieldBase.Parse(String value) in D:\Business\Development\Konnetic\UnifySipApi\Production\Src\Konnetic Unify SIP API\Konnetic.Sip\Headers\BaseHeaderFields\SipUriHeaderFieldBase.cs:line 235
   at Konnetic.Sip.Headers.AddressedHeaderFieldBase.Parse(String value) in D:\Business\Development\Konnetic\UnifySipApi\Production\Src\Konnetic Unify SIP API\Konnetic.Sip\Headers\BaseHeaderFields\AddressedHeaderFieldBase.cs:line 217
   at Konnetic.Sip.Headers.ToHeaderField.Parse(String value) in D:\Business\Development\Konnetic\UnifySipApi\Production\Src\Konnetic Unify SIP API\Konnetic.Sip\Headers\ToHeaderField.cs:line 275
   at Konnetic.Sip.Headers.HeaderFieldCollection.Add(String name, String value) in D:\Business\Development\Konnetic\UnifySipApi\Production\Src\Konnetic Unify SIP API\Konnetic.Sip\Headers\SupportTypes\HeaderFieldCollection.cs:line 98
   at Konnetic.Sip.Headers.HeaderFieldCollection.Add(String nameValuePair) in D:\Business\Development\Konnetic\UnifySipApi\Production\Src\Konnetic Unify SIP API\Konnetic.Sip\Headers\SupportTypes\HeaderFieldCollection.cs:line 79
   at Konnetic.Sip.SipStyleUriParser.ParseHeaders(SipUri uri) in D:\Business\Development\Konnetic\UnifySipApi\Production\Src\Konnetic Unify SIP API\Konnetic.Sip\Advanced\SipStyleUriParser.cs:line 237
   at Konnetic.Sip.SipUriBuilder.init(SipUri uri) in D:\Business\Development\Konnetic\UnifySipApi\Production\Src\Konnetic Unify SIP API\Konnetic.Sip\Advanced\SipUriBuilder.cs:line 483
   at Konnetic.Sip.SipUriBuilder..ctor(SipUri uri) in D:\Business\Development\Konnetic\UnifySipApi\Production\Src\Konnetic Unify SIP API\Konnetic.Sip\Advanced\SipUriBuilder.cs:line 431
   at Konnetic.Sip.SipUri..ctor(String uri, String domain) in D:\Business\Development\Konnetic\UnifySipApi\Production\Src\Konnetic Unify SIP API\Konnetic.Sip\SipUri.cs:line 174
   at Konnetic.Sip.SipUri..ctor(String uri) in D:\Business\Development\Konnetic\UnifySipApi\Production\Src\Konnetic Unify SIP API\Konnetic.Sip\SipUri.cs:line 164
   at Konnetic.Sip.UnitTests.SipUriBuilderAdapter.TransportTest() in D:\Business\Development\Konnetic\UnifySipApi\Production\Src\Konnetic Unify SIP API\Konnetic.Sip.UnitTests\SipUriBuilderAdapter.cs:line 653
</StackTrace>
        </ErrorInfo>
      </Output>
    </UnitTestResult>
    <UnitTestResult executionId="cc889d05-57b5-4453-8f6c-63e3525d2550" testId="0863d8ef-0af0-f19a-4712-29ea5920f528" testName="TransportTest3" computerName="SERVER001" duration="00:00:00.0314285" startTime="2010-01-24T19:15:56.3458482+11:00" endTime="2010-01-24T19:15:56.3838482+11:00" testType="13cdc9d9-ddb5-4fa4-a97d-d965ccfc6d4b" outcome="Failed" testListId="8c84fa94-04c1-424b-9868-57a2d4851a1d">
      <Output>
        <ErrorInfo>
          <Message>Test method Konnetic.Sip.UnitTests.SipUriBuilderAdapter.TransportTest3 threw exception System.NullReferenceException, but exception System.ArgumentNullException was expected. Exception message:  System.NullReferenceException: Object reference not set to an instance of an object.
</Message>
          <StackTrace>    at Konnetic.Sip.Headers.ParamatizedHeaderFieldBase.Parse(String value) in D:\Business\Development\Konnetic\UnifySipApi\Production\Src\Konnetic Unify SIP API\Konnetic.Sip\Headers\BaseHeaderFields\ParamatizedHeaderFieldBase.cs:line 221
   at Konnetic.Sip.Headers.SipUriHeaderFieldBase.Parse(String value) in D:\Business\Development\Konnetic\UnifySipApi\Production\Src\Konnetic Unify SIP API\Konnetic.Sip\Headers\BaseHeaderFields\SipUriHeaderFieldBase.cs:line 235
   at Konnetic.Sip.Headers.AddressedHeaderFieldBase.Parse(String value) in D:\Business\Development\Konnetic\UnifySipApi\Production\Src\Konnetic Unify SIP API\Konnetic.Sip\Headers\BaseHeaderFields\AddressedHeaderFieldBase.cs:line 217
   at Konnetic.Sip.Headers.ToHeaderField.Parse(String value) in D:\Business\Development\Konnetic\UnifySipApi\Production\Src\Konnetic Unify SIP API\Konnetic.Sip\Headers\ToHeaderField.cs:line 275
   at Konnetic.Sip.Headers.HeaderFieldCollection.Add(String name, String value) in D:\Business\Development\Konnetic\UnifySipApi\Production\Src\Konnetic Unify SIP API\Konnetic.Sip\Headers\SupportTypes\HeaderFieldCollection.cs:line 98
   at Konnetic.Sip.Headers.HeaderFieldCollection.Add(String nameValuePair) in D:\Business\Development\Konnetic\UnifySipApi\Production\Src\Konnetic Unify SIP API\Konnetic.Sip\Headers\SupportTypes\HeaderFieldCollection.cs:line 79
   at Konnetic.Sip.SipStyleUriParser.ParseHeaders(SipUri uri) in D:\Business\Development\Konnetic\UnifySipApi\Production\Src\Konnetic Unify SIP API\Konnetic.Sip\Advanced\SipStyleUriParser.cs:line 237
   at Konnetic.Sip.SipUriBuilder.init(SipUri uri) in D:\Business\Development\Konnetic\UnifySipApi\Production\Src\Konnetic Unify SIP API\Konnetic.Sip\Advanced\SipUriBuilder.cs:line 483
   at Konnetic.Sip.SipUriBuilder..ctor(SipUri uri) in D:\Business\Development\Konnetic\UnifySipApi\Production\Src\Konnetic Unify SIP API\Konnetic.Sip\Advanced\SipUriBuilder.cs:line 431
   at Konnetic.Sip.SipUri..ctor(String uri, String domain) in D:\Business\Development\Konnetic\UnifySipApi\Production\Src\Konnetic Unify SIP API\Konnetic.Sip\SipUri.cs:line 174
   at Konnetic.Sip.SipUri..ctor(String uri) in D:\Business\Development\Konnetic\UnifySipApi\Production\Src\Konnetic Unify SIP API\Konnetic.Sip\SipUri.cs:line 164
   at Konnetic.Sip.UnitTests.SipUriBuilderAdapter.TransportTest3() in D:\Business\Development\Konnetic\UnifySipApi\Production\Src\Konnetic Unify SIP API\Konnetic.Sip.UnitTests\SipUriBuilderAdapter.cs:line 695
</StackTrace>
        </ErrorInfo>
      </Output>
    </UnitTestResult>
    <UnitTestResult executionId="75f3e873-5fd9-4d9c-a72c-fd2d6a2ef274" testId="9598ad57-ab6e-4267-a008-5cda66c6ad8a" testName="TtlTest" computerName="SERVER001" duration="00:00:00.0315028" startTime="2010-01-24T19:15:56.3838482+11:00" endTime="2010-01-24T19:15:56.4188482+11:00" testType="13cdc9d9-ddb5-4fa4-a97d-d965ccfc6d4b" outcome="Failed" testListId="8c84fa94-04c1-424b-9868-57a2d4851a1d">
      <Output>
        <ErrorInfo>
          <Message>Test method Konnetic.Sip.UnitTests.SipUriBuilderAdapter.TtlTest threw exception:  System.NullReferenceException: Object reference not set to an instance of an object..</Message>
          <StackTrace>    at Konnetic.Sip.Headers.ParamatizedHeaderFieldBase.Parse(String value) in D:\Business\Development\Konnetic\UnifySipApi\Production\Src\Konnetic Unify SIP API\Konnetic.Sip\Headers\BaseHeaderFields\ParamatizedHeaderFieldBase.cs:line 221
   at Konnetic.Sip.Headers.SipUriHeaderFieldBase.Parse(String value) in D:\Business\Development\Konnetic\UnifySipApi\Production\Src\Konnetic Unify SIP API\Konnetic.Sip\Headers\BaseHeaderFields\SipUriHeaderFieldBase.cs:line 235
   at Konnetic.Sip.Headers.AddressedHeaderFieldBase.Parse(String value) in D:\Business\Development\Konnetic\UnifySipApi\Production\Src\Konnetic Unify SIP API\Konnetic.Sip\Headers\BaseHeaderFields\AddressedHeaderFieldBase.cs:line 217
   at Konnetic.Sip.Headers.ToHeaderField.Parse(String value) in D:\Business\Development\Konnetic\UnifySipApi\Production\Src\Konnetic Unify SIP API\Konnetic.Sip\Headers\ToHeaderField.cs:line 275
   at Konnetic.Sip.Headers.HeaderFieldCollection.Add(String name, String value) in D:\Business\Development\Konnetic\UnifySipApi\Production\Src\Konnetic Unify SIP API\Konnetic.Sip\Headers\SupportTypes\HeaderFieldCollection.cs:line 98
   at Konnetic.Sip.Headers.HeaderFieldCollection.Add(String nameValuePair) in D:\Business\Development\Konnetic\UnifySipApi\Production\Src\Konnetic Unify SIP API\Konnetic.Sip\Headers\SupportTypes\HeaderFieldCollection.cs:line 79
   at Konnetic.Sip.SipStyleUriParser.ParseHeaders(SipUri uri) in D:\Business\Development\Konnetic\UnifySipApi\Production\Src\Konnetic Unify SIP API\Konnetic.Sip\Advanced\SipStyleUriParser.cs:line 237
   at Konnetic.Sip.SipUriBuilder.init(SipUri uri) in D:\Business\Development\Konnetic\UnifySipApi\Production\Src\Konnetic Unify SIP API\Konnetic.Sip\Advanced\SipUriBuilder.cs:line 483
   at Konnetic.Sip.SipUriBuilder..ctor(SipUri uri) in D:\Business\Development\Konnetic\UnifySipApi\Production\Src\Konnetic Unify SIP API\Konnetic.Sip\Advanced\SipUriBuilder.cs:line 431
   at Konnetic.Sip.SipUri..ctor(String uri, String domain) in D:\Business\Development\Konnetic\UnifySipApi\Production\Src\Konnetic Unify SIP API\Konnetic.Sip\SipUri.cs:line 174
   at Konnetic.Sip.SipUri..ctor(String uri) in D:\Business\Development\Konnetic\UnifySipApi\Production\Src\Konnetic Unify SIP API\Konnetic.Sip\SipUri.cs:line 164
   at Konnetic.Sip.UnitTests.SipUriBuilderAdapter.TtlTest() in D:\Business\Development\Konnetic\UnifySipApi\Production\Src\Konnetic Unify SIP API\Konnetic.Sip.UnitTests\SipUriBuilderAdapter.cs:line 712
</StackTrace>
        </ErrorInfo>
      </Output>
    </UnitTestResult>
    <UnitTestResult executionId="5b9fb907-9762-460c-b36d-bda0ee330f28" testId="41d0e987-fa08-6836-a5b0-11f2ad9dc42d" testName="TtlTest1" computerName="SERVER001" duration="00:00:00.0346525" startTime="2010-01-24T19:15:56.4198482+11:00" endTime="2010-01-24T19:15:56.4568482+11:00" testType="13cdc9d9-ddb5-4fa4-a97d-d965ccfc6d4b" outcome="Failed" testListId="8c84fa94-04c1-424b-9868-57a2d4851a1d">
      <Output>
        <ErrorInfo>
          <Message>Test method Konnetic.Sip.UnitTests.SipUriBuilderAdapter.TtlTest1 threw exception System.NullReferenceException, but exception Konnetic.Sip.SipUriFormatException was expected. Exception message:  System.NullReferenceException: Object reference not set to an instance of an object.
</Message>
          <StackTrace>    at Konnetic.Sip.Headers.ParamatizedHeaderFieldBase.Parse(String value) in D:\Business\Development\Konnetic\UnifySipApi\Production\Src\Konnetic Unify SIP API\Konnetic.Sip\Headers\BaseHeaderFields\ParamatizedHeaderFieldBase.cs:line 221
   at Konnetic.Sip.Headers.SipUriHeaderFieldBase.Parse(String value) in D:\Business\Development\Konnetic\UnifySipApi\Production\Src\Konnetic Unify SIP API\Konnetic.Sip\Headers\BaseHeaderFields\SipUriHeaderFieldBase.cs:line 235
   at Konnetic.Sip.Headers.AddressedHeaderFieldBase.Parse(String value) in D:\Business\Development\Konnetic\UnifySipApi\Production\Src\Konnetic Unify SIP API\Konnetic.Sip\Headers\BaseHeaderFields\AddressedHeaderFieldBase.cs:line 217
   at Konnetic.Sip.Headers.ToHeaderField.Parse(String value) in D:\Business\Development\Konnetic\UnifySipApi\Production\Src\Konnetic Unify SIP API\Konnetic.Sip\Headers\ToHeaderField.cs:line 275
   at Konnetic.Sip.Headers.HeaderFieldCollection.Add(String name, String value) in D:\Business\Development\Konnetic\UnifySipApi\Production\Src\Konnetic Unify SIP API\Konnetic.Sip\Headers\SupportTypes\HeaderFieldCollection.cs:line 98
   at Konnetic.Sip.Headers.HeaderFieldCollection.Add(String nameValuePair) in D:\Business\Development\Konnetic\UnifySipApi\Production\Src\Konnetic Unify SIP API\Konnetic.Sip\Headers\SupportTypes\HeaderFieldCollection.cs:line 79
   at Konnetic.Sip.SipStyleUriParser.ParseHeaders(SipUri uri) in D:\Business\Development\Konnetic\UnifySipApi\Production\Src\Konnetic Unify SIP API\Konnetic.Sip\Advanced\SipStyleUriParser.cs:line 237
   at Konnetic.Sip.SipUriBuilder.init(SipUri uri) in D:\Business\Development\Konnetic\UnifySipApi\Production\Src\Konnetic Unify SIP API\Konnetic.Sip\Advanced\SipUriBuilder.cs:line 483
   at Konnetic.Sip.SipUriBuilder..ctor(SipUri uri) in D:\Business\Development\Konnetic\UnifySipApi\Production\Src\Konnetic Unify SIP API\Konnetic.Sip\Advanced\SipUriBuilder.cs:line 431
   at Konnetic.Sip.SipUri..ctor(String uri, String domain) in D:\Business\Development\Konnetic\UnifySipApi\Production\Src\Konnetic Unify SIP API\Konnetic.Sip\SipUri.cs:line 174
   at Konnetic.Sip.SipUri..ctor(String uri) in D:\Business\Development\Konnetic\UnifySipApi\Production\Src\Konnetic Unify SIP API\Konnetic.Sip\SipUri.cs:line 164
   at Konnetic.Sip.SipUriBuilder..ctor(String uri) in D:\Business\Development\Konnetic\UnifySipApi\Production\Src\Konnetic Unify SIP API\Konnetic.Sip\Advanced\SipUriBuilder.cs:line 410
   at Konnetic.Sip.UnitTests.SipUriBuilderAdapter.TtlTest1() in D:\Business\Development\Konnetic\UnifySipApi\Production\Src\Konnetic Unify SIP API\Konnetic.Sip.UnitTests\SipUriBuilderAdapter.cs:line 744
</StackTrace>
        </ErrorInfo>
      </Output>
    </UnitTestResult>
    <UnitTestResult executionId="eabf27e7-7907-44ab-bfae-b00a03574e75" testId="33b293ac-165e-bfc9-907c-c93ed2515447" testName="TTLTest4" computerName="SERVER001" duration="00:00:00.0309463" startTime="2010-01-24T19:15:56.4578482+11:00" endTime="2010-01-24T19:15:56.4908482+11:00" testType="13cdc9d9-ddb5-4fa4-a97d-d965ccfc6d4b" outcome="Failed" testListId="8c84fa94-04c1-424b-9868-57a2d4851a1d">
      <Output>
        <ErrorInfo>
          <Message>Test method Konnetic.Sip.UnitTests.SipUriBuilderAdapter.TTLTest4 threw exception System.NullReferenceException, but exception Konnetic.Sip.SipUriFormatException was expected. Exception message:  System.NullReferenceException: Object reference not set to an instance of an object.
</Message>
          <StackTrace>    at Konnetic.Sip.Headers.ParamatizedHeaderFieldBase.Parse(String value) in D:\Business\Development\Konnetic\UnifySipApi\Production\Src\Konnetic Unify SIP API\Konnetic.Sip\Headers\BaseHeaderFields\ParamatizedHeaderFieldBase.cs:line 221
   at Konnetic.Sip.Headers.SipUriHeaderFieldBase.Parse(String value) in D:\Business\Development\Konnetic\UnifySipApi\Production\Src\Konnetic Unify SIP API\Konnetic.Sip\Headers\BaseHeaderFields\SipUriHeaderFieldBase.cs:line 235
   at Konnetic.Sip.Headers.AddressedHeaderFieldBase.Parse(String value) in D:\Business\Development\Konnetic\UnifySipApi\Production\Src\Konnetic Unify SIP API\Konnetic.Sip\Headers\BaseHeaderFields\AddressedHeaderFieldBase.cs:line 217
   at Konnetic.Sip.Headers.ToHeaderField.Parse(String value) in D:\Business\Development\Konnetic\UnifySipApi\Production\Src\Konnetic Unify SIP API\Konnetic.Sip\Headers\ToHeaderField.cs:line 275
   at Konnetic.Sip.Headers.HeaderFieldCollection.Add(String name, String value) in D:\Business\Development\Konnetic\UnifySipApi\Production\Src\Konnetic Unify SIP API\Konnetic.Sip\Headers\SupportTypes\HeaderFieldCollection.cs:line 98
   at Konnetic.Sip.Headers.HeaderFieldCollection.Add(String nameValuePair) in D:\Business\Development\Konnetic\UnifySipApi\Production\Src\Konnetic Unify SIP API\Konnetic.Sip\Headers\SupportTypes\HeaderFieldCollection.cs:line 79
   at Konnetic.Sip.SipStyleUriParser.ParseHeaders(SipUri uri) in D:\Business\Development\Konnetic\UnifySipApi\Production\Src\Konnetic Unify SIP API\Konnetic.Sip\Advanced\SipStyleUriParser.cs:line 237
   at Konnetic.Sip.SipUriBuilder.init(SipUri uri) in D:\Business\Development\Konnetic\UnifySipApi\Production\Src\Konnetic Unify SIP API\Konnetic.Sip\Advanced\SipUriBuilder.cs:line 483
   at Konnetic.Sip.SipUriBuilder..ctor(SipUri uri) in D:\Business\Development\Konnetic\UnifySipApi\Production\Src\Konnetic Unify SIP API\Konnetic.Sip\Advanced\SipUriBuilder.cs:line 431
   at Konnetic.Sip.SipUri..ctor(String uri, String domain) in D:\Business\Development\Konnetic\UnifySipApi\Production\Src\Konnetic Unify SIP API\Konnetic.Sip\SipUri.cs:line 174
   at Konnetic.Sip.SipUri..ctor(String uri) in D:\Business\Development\Konnetic\UnifySipApi\Production\Src\Konnetic Unify SIP API\Konnetic.Sip\SipUri.cs:line 164
   at Konnetic.Sip.SipUriBuilder..ctor(String uri) in D:\Business\Development\Konnetic\UnifySipApi\Production\Src\Konnetic Unify SIP API\Konnetic.Sip\Advanced\SipUriBuilder.cs:line 410
   at Konnetic.Sip.UnitTests.SipUriBuilderAdapter.TTLTest4() in D:\Business\Development\Konnetic\UnifySipApi\Production\Src\Konnetic Unify SIP API\Konnetic.Sip.UnitTests\SipUriBuilderAdapter.cs:line 620
</StackTrace>
        </ErrorInfo>
      </Output>
    </UnitTestResult>
    <UnitTestResult executionId="4f443d60-2c04-49bb-a3e2-8e978413ba92" testId="57236b3e-4172-ff9c-6eff-69eebe62c2d2" testName="UserNameParameterTest" computerName="SERVER001" duration="00:00:00.0009492" startTime="2010-01-24T19:15:56.4918482+11:00" endTime="2010-01-24T19:15:56.4958482+11:00" testType="13cdc9d9-ddb5-4fa4-a97d-d965ccfc6d4b" outcome="Passed" testListId="8c84fa94-04c1-424b-9868-57a2d4851a1d">
      <Output>
      </Output>
    </UnitTestResult>
    <UnitTestResult executionId="254617d9-ceac-4353-b3eb-9bb9c7628c0d" testId="09f6bfbb-1a44-4c88-9a9a-da36b209807b" testName="UserNameTest" computerName="SERVER001" duration="00:00:00.0313218" startTime="2010-01-24T19:15:56.4968482+11:00" endTime="2010-01-24T19:15:56.5338482+11:00" testType="13cdc9d9-ddb5-4fa4-a97d-d965ccfc6d4b" outcome="Failed" testListId="8c84fa94-04c1-424b-9868-57a2d4851a1d">
      <Output>
        <ErrorInfo>
          <Message>Test method Konnetic.Sip.UnitTests.SipUriBuilderAdapter.UserNameTest threw exception:  System.NullReferenceException: Object reference not set to an instance of an object..</Message>
          <StackTrace>    at Konnetic.Sip.Headers.ParamatizedHeaderFieldBase.Parse(String value) in D:\Business\Development\Konnetic\UnifySipApi\Production\Src\Konnetic Unify SIP API\Konnetic.Sip\Headers\BaseHeaderFields\ParamatizedHeaderFieldBase.cs:line 221
   at Konnetic.Sip.Headers.SipUriHeaderFieldBase.Parse(String value) in D:\Business\Development\Konnetic\UnifySipApi\Production\Src\Konnetic Unify SIP API\Konnetic.Sip\Headers\BaseHeaderFields\SipUriHeaderFieldBase.cs:line 235
   at Konnetic.Sip.Headers.AddressedHeaderFieldBase.Parse(String value) in D:\Business\Development\Konnetic\UnifySipApi\Production\Src\Konnetic Unify SIP API\Konnetic.Sip\Headers\BaseHeaderFields\AddressedHeaderFieldBase.cs:line 217
   at Konnetic.Sip.Headers.ToHeaderField.Parse(String value) in D:\Business\Development\Konnetic\UnifySipApi\Production\Src\Konnetic Unify SIP API\Konnetic.Sip\Headers\ToHeaderField.cs:line 275
   at Konnetic.Sip.Headers.HeaderFieldCollection.Add(String name, String value) in D:\Business\Development\Konnetic\UnifySipApi\Production\Src\Konnetic Unify SIP API\Konnetic.Sip\Headers\SupportTypes\HeaderFieldCollection.cs:line 98
   at Konnetic.Sip.Headers.HeaderFieldCollection.Add(String nameValuePair) in D:\Business\Development\Konnetic\UnifySipApi\Production\Src\Konnetic Unify SIP API\Konnetic.Sip\Headers\SupportTypes\HeaderFieldCollection.cs:line 79
   at Konnetic.Sip.SipStyleUriParser.ParseHeaders(SipUri uri) in D:\Business\Development\Konnetic\UnifySipApi\Production\Src\Konnetic Unify SIP API\Konnetic.Sip\Advanced\SipStyleUriParser.cs:line 237
   at Konnetic.Sip.SipUriBuilder.init(SipUri uri) in D:\Business\Development\Konnetic\UnifySipApi\Production\Src\Konnetic Unify SIP API\Konnetic.Sip\Advanced\SipUriBuilder.cs:line 483
   at Konnetic.Sip.SipUriBuilder..ctor(SipUri uri) in D:\Business\Development\Konnetic\UnifySipApi\Production\Src\Konnetic Unify SIP API\Konnetic.Sip\Advanced\SipUriBuilder.cs:line 431
   at Konnetic.Sip.SipUri..ctor(String uri, String domain) in D:\Business\Development\Konnetic\UnifySipApi\Production\Src\Konnetic Unify SIP API\Konnetic.Sip\SipUri.cs:line 174
   at Konnetic.Sip.SipUri..ctor(String uri) in D:\Business\Development\Konnetic\UnifySipApi\Production\Src\Konnetic Unify SIP API\Konnetic.Sip\SipUri.cs:line 164
   at Konnetic.Sip.UnitTests.SipUriBuilderAdapter.UserNameTest() in D:\Business\Development\Konnetic\UnifySipApi\Production\Src\Konnetic Unify SIP API\Konnetic.Sip.UnitTests\SipUriBuilderAdapter.cs:line 769
</StackTrace>
        </ErrorInfo>
      </Output>
    </UnitTestResult>
    <UnitTestResult executionId="355cd1c1-d71b-4c07-a5f9-48635b29daa4" testId="801f0d39-b65e-16ee-0769-eebc8ef6addd" testName="UserNameTest3" computerName="SERVER001" duration="00:00:00.0295626" startTime="2010-01-24T19:15:56.5338482+11:00" endTime="2010-01-24T19:15:56.5668482+11:00" testType="13cdc9d9-ddb5-4fa4-a97d-d965ccfc6d4b" outcome="Failed" testListId="8c84fa94-04c1-424b-9868-57a2d4851a1d">
      <Output>
        <ErrorInfo>
          <Message>Test method Konnetic.Sip.UnitTests.SipUriBuilderAdapter.UserNameTest3 threw exception System.NullReferenceException, but exception System.ArgumentNullException was expected. Exception message:  System.NullReferenceException: Object reference not set to an instance of an object.
</Message>
          <StackTrace>    at Konnetic.Sip.Headers.ParamatizedHeaderFieldBase.Parse(String value) in D:\Business\Development\Konnetic\UnifySipApi\Production\Src\Konnetic Unify SIP API\Konnetic.Sip\Headers\BaseHeaderFields\ParamatizedHeaderFieldBase.cs:line 221
   at Konnetic.Sip.Headers.SipUriHeaderFieldBase.Parse(String value) in D:\Business\Development\Konnetic\UnifySipApi\Production\Src\Konnetic Unify SIP API\Konnetic.Sip\Headers\BaseHeaderFields\SipUriHeaderFieldBase.cs:line 235
   at Konnetic.Sip.Headers.AddressedHeaderFieldBase.Parse(String value) in D:\Business\Development\Konnetic\UnifySipApi\Production\Src\Konnetic Unify SIP API\Konnetic.Sip\Headers\BaseHeaderFields\AddressedHeaderFieldBase.cs:line 217
   at Konnetic.Sip.Headers.ToHeaderField.Parse(String value) in D:\Business\Development\Konnetic\UnifySipApi\Production\Src\Konnetic Unify SIP API\Konnetic.Sip\Headers\ToHeaderField.cs:line 275
   at Konnetic.Sip.Headers.HeaderFieldCollection.Add(String name, String value) in D:\Business\Development\Konnetic\UnifySipApi\Production\Src\Konnetic Unify SIP API\Konnetic.Sip\Headers\SupportTypes\HeaderFieldCollection.cs:line 98
   at Konnetic.Sip.Headers.HeaderFieldCollection.Add(String nameValuePair) in D:\Business\Development\Konnetic\UnifySipApi\Production\Src\Konnetic Unify SIP API\Konnetic.Sip\Headers\SupportTypes\HeaderFieldCollection.cs:line 79
   at Konnetic.Sip.SipStyleUriParser.ParseHeaders(SipUri uri) in D:\Business\Development\Konnetic\UnifySipApi\Production\Src\Konnetic Unify SIP API\Konnetic.Sip\Advanced\SipStyleUriParser.cs:line 237
   at Konnetic.Sip.SipUriBuilder.init(SipUri uri) in D:\Business\Development\Konnetic\UnifySipApi\Production\Src\Konnetic Unify SIP API\Konnetic.Sip\Advanced\SipUriBuilder.cs:line 483
   at Konnetic.Sip.SipUriBuilder..ctor(SipUri uri) in D:\Business\Development\Konnetic\UnifySipApi\Production\Src\Konnetic Unify SIP API\Konnetic.Sip\Advanced\SipUriBuilder.cs:line 431
   at Konnetic.Sip.SipUri..ctor(String uri, String domain) in D:\Business\Development\Konnetic\UnifySipApi\Production\Src\Konnetic Unify SIP API\Konnetic.Sip\SipUri.cs:line 174
   at Konnetic.Sip.SipUri..ctor(String uri) in D:\Business\Development\Konnetic\UnifySipApi\Production\Src\Konnetic Unify SIP API\Konnetic.Sip\SipUri.cs:line 164
   at Konnetic.Sip.UnitTests.SipUriBuilderAdapter.UserNameTest3() in D:\Business\Development\Konnetic\UnifySipApi\Production\Src\Konnetic Unify SIP API\Konnetic.Sip.UnitTests\SipUriBuilderAdapter.cs:line 816
</StackTrace>
        </ErrorInfo>
      </Output>
    </UnitTestResult>
    <UnitTestResult executionId="22b0e70a-c966-4ce2-a95f-9e87b9ce94c1" testId="89421267-932f-1905-bcef-6a0ef147533b" testName="UserParametersTest" computerName="SERVER001" duration="00:00:00.0343110" startTime="2010-01-24T19:15:56.5678482+11:00" endTime="2010-01-24T19:15:56.6048482+11:00" testType="13cdc9d9-ddb5-4fa4-a97d-d965ccfc6d4b" outcome="Failed" testListId="8c84fa94-04c1-424b-9868-57a2d4851a1d">
      <Output>
        <ErrorInfo>
          <Message>Test method Konnetic.Sip.UnitTests.SipUriBuilderAdapter.UserParametersTest threw exception:  System.NullReferenceException: Object reference not set to an instance of an object..</Message>
          <StackTrace>    at Konnetic.Sip.Headers.ParamatizedHeaderFieldBase.Parse(String value) in D:\Business\Development\Konnetic\UnifySipApi\Production\Src\Konnetic Unify SIP API\Konnetic.Sip\Headers\BaseHeaderFields\ParamatizedHeaderFieldBase.cs:line 221
   at Konnetic.Sip.Headers.SipUriHeaderFieldBase.Parse(String value) in D:\Business\Development\Konnetic\UnifySipApi\Production\Src\Konnetic Unify SIP API\Konnetic.Sip\Headers\BaseHeaderFields\SipUriHeaderFieldBase.cs:line 235
   at Konnetic.Sip.Headers.AddressedHeaderFieldBase.Parse(String value) in D:\Business\Development\Konnetic\UnifySipApi\Production\Src\Konnetic Unify SIP API\Konnetic.Sip\Headers\BaseHeaderFields\AddressedHeaderFieldBase.cs:line 217
   at Konnetic.Sip.Headers.ToHeaderField.Parse(String value) in D:\Business\Development\Konnetic\UnifySipApi\Production\Src\Konnetic Unify SIP API\Konnetic.Sip\Headers\ToHeaderField.cs:line 275
   at Konnetic.Sip.Headers.HeaderFieldCollection.Add(String name, String value) in D:\Business\Development\Konnetic\UnifySipApi\Production\Src\Konnetic Unify SIP API\Konnetic.Sip\Headers\SupportTypes\HeaderFieldCollection.cs:line 98
   at Konnetic.Sip.Headers.HeaderFieldCollection.Add(String nameValuePair) in D:\Business\Development\Konnetic\UnifySipApi\Production\Src\Konnetic Unify SIP API\Konnetic.Sip\Headers\SupportTypes\HeaderFieldCollection.cs:line 79
   at Konnetic.Sip.SipStyleUriParser.ParseHeaders(SipUri uri) in D:\Business\Development\Konnetic\UnifySipApi\Production\Src\Konnetic Unify SIP API\Konnetic.Sip\Advanced\SipStyleUriParser.cs:line 237
   at Konnetic.Sip.SipUriBuilder.init(SipUri uri) in D:\Business\Development\Konnetic\UnifySipApi\Production\Src\Konnetic Unify SIP API\Konnetic.Sip\Advanced\SipUriBuilder.cs:line 483
   at Konnetic.Sip.SipUriBuilder..ctor(SipUri uri) in D:\Business\Development\Konnetic\UnifySipApi\Production\Src\Konnetic Unify SIP API\Konnetic.Sip\Advanced\SipUriBuilder.cs:line 431
   at Konnetic.Sip.SipUri..ctor(String uri, String domain) in D:\Business\Development\Konnetic\UnifySipApi\Production\Src\Konnetic Unify SIP API\Konnetic.Sip\SipUri.cs:line 174
   at Konnetic.Sip.SipUri..ctor(String uri) in D:\Business\Development\Konnetic\UnifySipApi\Production\Src\Konnetic Unify SIP API\Konnetic.Sip\SipUri.cs:line 164
   at Konnetic.Sip.UnitTests.SipUriBuilderAdapter.UserParametersTest() in D:\Business\Development\Konnetic\UnifySipApi\Production\Src\Konnetic Unify SIP API\Konnetic.Sip.UnitTests\SipUriBuilderAdapter.cs:line 906
</StackTrace>
        </ErrorInfo>
      </Output>
    </UnitTestResult>
    <UnitTestResult executionId="2efcb972-0e4a-44ef-9420-2d585226eb88" testId="0625bd13-623c-7824-6280-393d330f21e0" testName="UserParameterTest" computerName="SERVER001" duration="00:00:00.0352138" startTime="2010-01-24T19:15:56.6048482+11:00" endTime="2010-01-24T19:15:56.6438482+11:00" testType="13cdc9d9-ddb5-4fa4-a97d-d965ccfc6d4b" outcome="Failed" testListId="8c84fa94-04c1-424b-9868-57a2d4851a1d">
      <Output>
        <ErrorInfo>
          <Message>Test method Konnetic.Sip.UnitTests.SipUriBuilderAdapter.UserParameterTest threw exception:  System.NullReferenceException: Object reference not set to an instance of an object..</Message>
          <StackTrace>    at Konnetic.Sip.Headers.ParamatizedHeaderFieldBase.Parse(String value) in D:\Business\Development\Konnetic\UnifySipApi\Production\Src\Konnetic Unify SIP API\Konnetic.Sip\Headers\BaseHeaderFields\ParamatizedHeaderFieldBase.cs:line 221
   at Konnetic.Sip.Headers.SipUriHeaderFieldBase.Parse(String value) in D:\Business\Development\Konnetic\UnifySipApi\Production\Src\Konnetic Unify SIP API\Konnetic.Sip\Headers\BaseHeaderFields\SipUriHeaderFieldBase.cs:line 235
   at Konnetic.Sip.Headers.AddressedHeaderFieldBase.Parse(String value) in D:\Business\Development\Konnetic\UnifySipApi\Production\Src\Konnetic Unify SIP API\Konnetic.Sip\Headers\BaseHeaderFields\AddressedHeaderFieldBase.cs:line 217
   at Konnetic.Sip.Headers.ToHeaderField.Parse(String value) in D:\Business\Development\Konnetic\UnifySipApi\Production\Src\Konnetic Unify SIP API\Konnetic.Sip\Headers\ToHeaderField.cs:line 275
   at Konnetic.Sip.Headers.HeaderFieldCollection.Add(String name, String value) in D:\Business\Development\Konnetic\UnifySipApi\Production\Src\Konnetic Unify SIP API\Konnetic.Sip\Headers\SupportTypes\HeaderFieldCollection.cs:line 98
   at Konnetic.Sip.Headers.HeaderFieldCollection.Add(String nameValuePair) in D:\Business\Development\Konnetic\UnifySipApi\Production\Src\Konnetic Unify SIP API\Konnetic.Sip\Headers\SupportTypes\HeaderFieldCollection.cs:line 79
   at Konnetic.Sip.SipStyleUriParser.ParseHeaders(SipUri uri) in D:\Business\Development\Konnetic\UnifySipApi\Production\Src\Konnetic Unify SIP API\Konnetic.Sip\Advanced\SipStyleUriParser.cs:line 237
   at Konnetic.Sip.SipUriBuilder.init(SipUri uri) in D:\Business\Development\Konnetic\UnifySipApi\Production\Src\Konnetic Unify SIP API\Konnetic.Sip\Advanced\SipUriBuilder.cs:line 483
   at Konnetic.Sip.SipUriBuilder..ctor(SipUri uri) in D:\Business\Development\Konnetic\UnifySipApi\Production\Src\Konnetic Unify SIP API\Konnetic.Sip\Advanced\SipUriBuilder.cs:line 431
   at Konnetic.Sip.SipUri..ctor(String uri, String domain) in D:\Business\Development\Konnetic\UnifySipApi\Production\Src\Konnetic Unify SIP API\Konnetic.Sip\SipUri.cs:line 174
   at Konnetic.Sip.SipUri..ctor(String uri) in D:\Business\Development\Konnetic\UnifySipApi\Production\Src\Konnetic Unify SIP API\Konnetic.Sip\SipUri.cs:line 164
   at Konnetic.Sip.UnitTests.SipUriBuilderAdapter.UserParameterTest() in D:\Business\Development\Konnetic\UnifySipApi\Production\Src\Konnetic Unify SIP API\Konnetic.Sip.UnitTests\SipUriBuilderAdapter.cs:line 831
</StackTrace>
        </ErrorInfo>
      </Output>
    </UnitTestResult>
    <UnitTestResult executionId="463f5264-1ea9-4914-9e60-058585663969" testId="3c1d08b4-0c29-5f5c-d593-ff549d7485a5" testName="UserParameterTest2" computerName="SERVER001" duration="00:00:00.0012462" startTime="2010-01-24T19:15:56.6438482+11:00" endTime="2010-01-24T19:15:56.6478482+11:00" testType="13cdc9d9-ddb5-4fa4-a97d-d965ccfc6d4b" outcome="Passed" testListId="8c84fa94-04c1-424b-9868-57a2d4851a1d">
      <Output>
      </Output>
    </UnitTestResult>
    <UnitTestResult executionId="09e0a0ca-b49d-452d-bd80-58140c064dfb" testId="c00a7128-c961-5650-9b15-6b42feab7b0b" testName="UserParameterTest3" computerName="SERVER001" duration="00:00:00.0340805" startTime="2010-01-24T19:15:56.6498482+11:00" endTime="2010-01-24T19:15:56.6898482+11:00" testType="13cdc9d9-ddb5-4fa4-a97d-d965ccfc6d4b" outcome="Failed" testListId="8c84fa94-04c1-424b-9868-57a2d4851a1d">
      <Output>
        <ErrorInfo>
          <Message>Test method Konnetic.Sip.UnitTests.SipUriBuilderAdapter.UserParameterTest3 threw exception System.NullReferenceException, but exception System.ArgumentNullException was expected. Exception message:  System.NullReferenceException: Object reference not set to an instance of an object.
</Message>
          <StackTrace>    at Konnetic.Sip.Headers.ParamatizedHeaderFieldBase.Parse(String value) in D:\Business\Development\Konnetic\UnifySipApi\Production\Src\Konnetic Unify SIP API\Konnetic.Sip\Headers\BaseHeaderFields\ParamatizedHeaderFieldBase.cs:line 221
   at Konnetic.Sip.Headers.SipUriHeaderFieldBase.Parse(String value) in D:\Business\Development\Konnetic\UnifySipApi\Production\Src\Konnetic Unify SIP API\Konnetic.Sip\Headers\BaseHeaderFields\SipUriHeaderFieldBase.cs:line 235
   at Konnetic.Sip.Headers.AddressedHeaderFieldBase.Parse(String value) in D:\Business\Development\Konnetic\UnifySipApi\Production\Src\Konnetic Unify SIP API\Konnetic.Sip\Headers\BaseHeaderFields\AddressedHeaderFieldBase.cs:line 217
   at Konnetic.Sip.Headers.ToHeaderField.Parse(String value) in D:\Business\Development\Konnetic\UnifySipApi\Production\Src\Konnetic Unify SIP API\Konnetic.Sip\Headers\ToHeaderField.cs:line 275
   at Konnetic.Sip.Headers.HeaderFieldCollection.Add(String name, String value) in D:\Business\Development\Konnetic\UnifySipApi\Production\Src\Konnetic Unify SIP API\Konnetic.Sip\Headers\SupportTypes\HeaderFieldCollection.cs:line 98
   at Konnetic.Sip.Headers.HeaderFieldCollection.Add(String nameValuePair) in D:\Business\Development\Konnetic\UnifySipApi\Production\Src\Konnetic Unify SIP API\Konnetic.Sip\Headers\SupportTypes\HeaderFieldCollection.cs:line 79
   at Konnetic.Sip.SipStyleUriParser.ParseHeaders(SipUri uri) in D:\Business\Development\Konnetic\UnifySipApi\Production\Src\Konnetic Unify SIP API\Konnetic.Sip\Advanced\SipStyleUriParser.cs:line 237
   at Konnetic.Sip.SipUriBuilder.init(SipUri uri) in D:\Business\Development\Konnetic\UnifySipApi\Production\Src\Konnetic Unify SIP API\Konnetic.Sip\Advanced\SipUriBuilder.cs:line 483
   at Konnetic.Sip.SipUriBuilder..ctor(SipUri uri) in D:\Business\Development\Konnetic\UnifySipApi\Production\Src\Konnetic Unify SIP API\Konnetic.Sip\Advanced\SipUriBuilder.cs:line 431
   at Konnetic.Sip.SipUri..ctor(String uri, String domain) in D:\Business\Development\Konnetic\UnifySipApi\Production\Src\Konnetic Unify SIP API\Konnetic.Sip\SipUri.cs:line 174
   at Konnetic.Sip.SipUri..ctor(String uri) in D:\Business\Development\Konnetic\UnifySipApi\Production\Src\Konnetic Unify SIP API\Konnetic.Sip\SipUri.cs:line 164
   at Konnetic.Sip.UnitTests.SipUriBuilderAdapter.UserParameterTest3() in D:\Business\Development\Konnetic\UnifySipApi\Production\Src\Konnetic Unify SIP API\Konnetic.Sip.UnitTests\SipUriBuilderAdapter.cs:line 890
</StackTrace>
        </ErrorInfo>
      </Output>
    </UnitTestResult>
    <UnitTestResult executionId="f9b69e65-1f98-420b-a3ee-b554b9d201e0" testId="bf36685a-bc53-21ba-e0df-18005a377685" testName="CloneTest" computerName="SERVER001" duration="00:00:00.0084843" startTime="2010-01-24T19:15:56.6908482+11:00" endTime="2010-01-24T19:15:56.7018482+11:00" testType="13cdc9d9-ddb5-4fa4-a97d-d965ccfc6d4b" outcome="Failed" testListId="8c84fa94-04c1-424b-9868-57a2d4851a1d">
      <Output>
        <ErrorInfo>
          <Message>Test method Konnetic.Sip.UnitTests.StatusLineHeaderFieldAdapter.CloneTest threw exception:  Konnetic.Sip.SipUriFormatException: Reason Phrase is required for Status Line Field.</Message>
          <StackTrace>    at Konnetic.Sip.Headers.StatusLineHeaderField.Parse(String value) in D:\Business\Development\Konnetic\UnifySipApi\Production\Src\Konnetic Unify SIP API\Konnetic.Sip\Headers\StatusLineHeaderField.cs:line 236
   at Konnetic.Sip.Headers.StatusLineHeaderField..ctor(String value) in D:\Business\Development\Konnetic\UnifySipApi\Production\Src\Konnetic Unify SIP API\Konnetic.Sip\Headers\StatusLineHeaderField.cs:line 171
   at Konnetic.Sip.Headers.StatusLineHeaderField.Clone() in D:\Business\Development\Konnetic\UnifySipApi\Production\Src\Konnetic Unify SIP API\Konnetic.Sip\Headers\StatusLineHeaderField.cs:line 212
   at Konnetic.Sip.UnitTests.StatusLineHeaderFieldAdapter.CloneTest() in D:\Business\Development\Konnetic\UnifySipApi\Production\Src\Konnetic Unify SIP API\Konnetic.Sip.UnitTests\StatusLineHeaderFieldAdapter.cs:line 51
</StackTrace>
        </ErrorInfo>
      </Output>
    </UnitTestResult>
    <UnitTestResult executionId="bb013109-d5a0-48a0-b901-65f69f271e71" testId="de4866bc-4c0f-26a2-b305-a28707073345" testName="IsValidTest" computerName="SERVER001" duration="00:00:00.0015479" startTime="2010-01-24T19:15:56.7028482+11:00" endTime="2010-01-24T19:15:56.7068482+11:00" testType="13cdc9d9-ddb5-4fa4-a97d-d965ccfc6d4b" outcome="Inconclusive" testListId="8c84fa94-04c1-424b-9868-57a2d4851a1d">
      <Output>
        <ErrorInfo>
          <Message>Assert.Inconclusive failed. Verify the correctness of this test method.</Message>
          <StackTrace>   at Konnetic.Sip.UnitTests.StatusLineHeaderFieldAdapter.IsValidTest() in D:\Business\Development\Konnetic\UnifySipApi\Production\Src\Konnetic Unify SIP API\Konnetic.Sip.UnitTests\StatusLineHeaderFieldAdapter.cs:line 67
</StackTrace>
        </ErrorInfo>
      </Output>
    </UnitTestResult>
    <UnitTestResult executionId="9ec9aa0a-4e7e-4f54-8424-aca16b55490b" testId="9f5eef0b-08c6-8926-1662-371d517e73fc" testName="op_ExplicitTest" computerName="SERVER001" duration="00:00:00.0017208" startTime="2010-01-24T19:15:56.7078482+11:00" endTime="2010-01-24T19:15:56.7118482+11:00" testType="13cdc9d9-ddb5-4fa4-a97d-d965ccfc6d4b" outcome="Failed" testListId="8c84fa94-04c1-424b-9868-57a2d4851a1d">
      <Output>
        <ErrorInfo>
          <Message>Test method Konnetic.Sip.UnitTests.StatusLineHeaderFieldAdapter.op_ExplicitTest threw exception:  System.ArgumentNullException: Value cannot be null.
Parameter name: headerField.</Message>
          <StackTrace>    at Konnetic.Sip.PropertyVerifier.ThrowOnNullArgument(Object obj, String paramName) in D:\Business\Development\Konnetic\UnifySipApi\Production\Src\Konnetic Unify SIP API\Konnetic.Sip\Advanced\ArgumentVerification.cs:line 75
   at Konnetic.Sip.Headers.StatusLineHeaderField.op_Explicit(StatusLineHeaderField headerField) in D:\Business\Development\Konnetic\UnifySipApi\Production\Src\Konnetic Unify SIP API\Konnetic.Sip\Headers\StatusLineHeaderField.cs:line 200
   at Konnetic.Sip.UnitTests.StatusLineHeaderFieldAdapter.op_ExplicitTest() in D:\Business\Development\Konnetic\UnifySipApi\Production\Src\Konnetic Unify SIP API\Konnetic.Sip.UnitTests\StatusLineHeaderFieldAdapter.cs:line 188
</StackTrace>
        </ErrorInfo>
      </Output>
    </UnitTestResult>
    <UnitTestResult executionId="5b4d8120-f76e-4642-bf1b-f26b68cd1f5f" testId="f890a367-d3b2-92aa-75f8-3c2217b5c820" testName="op_ImplicitTest" computerName="SERVER001" duration="00:00:00.0039491" startTime="2010-01-24T19:15:56.7118482+11:00" endTime="2010-01-24T19:15:56.7198482+11:00" testType="13cdc9d9-ddb5-4fa4-a97d-d965ccfc6d4b" outcome="Failed" testListId="8c84fa94-04c1-424b-9868-57a2d4851a1d">
      <Output>
        <ErrorInfo>
          <Message>Test method Konnetic.Sip.UnitTests.StatusLineHeaderFieldAdapter.op_ImplicitTest threw exception:  Konnetic.Sip.SipUriFormatException: Reason Phrase is required for Status Line Field.</Message>
          <StackTrace>    at Konnetic.Sip.Headers.StatusLineHeaderField.Parse(String value) in D:\Business\Development\Konnetic\UnifySipApi\Production\Src\Konnetic Unify SIP API\Konnetic.Sip\Headers\StatusLineHeaderField.cs:line 236
   at Konnetic.Sip.Headers.StatusLineHeaderField.op_Implicit(String value) in D:\Business\Development\Konnetic\UnifySipApi\Production\Src\Konnetic Unify SIP API\Konnetic.Sip\Headers\StatusLineHeaderField.cs:line 188
   at Konnetic.Sip.UnitTests.StatusLineHeaderFieldAdapter.op_ImplicitTest() in D:\Business\Development\Konnetic\UnifySipApi\Production\Src\Konnetic Unify SIP API\Konnetic.Sip.UnitTests\StatusLineHeaderFieldAdapter.cs:line 202
</StackTrace>
        </ErrorInfo>
      </Output>
    </UnitTestResult>
    <UnitTestResult executionId="7e004ce7-762a-4198-97c9-701402d80825" testId="f98ef04e-9540-3115-950e-453a3a5732f4" testName="ParseTest" computerName="SERVER001" duration="00:00:00.0035286" startTime="2010-01-24T19:15:56.7198482+11:00" endTime="2010-01-24T19:15:56.7258482+11:00" testType="13cdc9d9-ddb5-4fa4-a97d-d965ccfc6d4b" outcome="Failed" testListId="8c84fa94-04c1-424b-9868-57a2d4851a1d">
      <Output>
        <ErrorInfo>
          <Message>Test method Konnetic.Sip.UnitTests.StatusLineHeaderFieldAdapter.ParseTest threw exception:  Konnetic.Sip.SipUriFormatException: Reason Phrase is required for Status Line Field.</Message>
          <StackTrace>    at Konnetic.Sip.Headers.StatusLineHeaderField.Parse(String value) in D:\Business\Development\Konnetic\UnifySipApi\Production\Src\Konnetic Unify SIP API\Konnetic.Sip\Headers\StatusLineHeaderField.cs:line 236
   at Konnetic.Sip.UnitTests.StatusLineHeaderFieldAdapter.ParseTest() in D:\Business\Development\Konnetic\UnifySipApi\Production\Src\Konnetic Unify SIP API\Konnetic.Sip.UnitTests\StatusLineHeaderFieldAdapter.cs:line 78
</StackTrace>
        </ErrorInfo>
      </Output>
    </UnitTestResult>
    <UnitTestResult executionId="9d504688-13d7-4787-bfa2-c5a8720755fa" testId="b9bc1142-1edd-c1b5-813a-ac4bd495e02a" testName="ReasonPhraseTest" computerName="SERVER001" duration="00:00:00.0016494" startTime="2010-01-24T19:15:56.7268482+11:00" endTime="2010-01-24T19:15:56.7318482+11:00" testType="13cdc9d9-ddb5-4fa4-a97d-d965ccfc6d4b" outcome="Inconclusive" testListId="8c84fa94-04c1-424b-9868-57a2d4851a1d">
      <Output>
        <ErrorInfo>
          <Message>Assert.Inconclusive failed. Verify the correctness of this test method.</Message>
          <StackTrace>   at Konnetic.Sip.UnitTests.StatusLineHeaderFieldAdapter.ReasonPhraseTest() in D:\Business\Development\Konnetic\UnifySipApi\Production\Src\Konnetic Unify SIP API\Konnetic.Sip.UnitTests\StatusLineHeaderFieldAdapter.cs:line 94
</StackTrace>
        </ErrorInfo>
      </Output>
    </UnitTestResult>
    <UnitTestResult executionId="1fa553a6-4bb6-4155-9a9a-e60cda17ee95" testId="ab714d61-2c70-e0e4-a548-208584e7aa24" testName="SchemeTest" computerName="SERVER001" duration="00:00:00.0028046" startTime="2010-01-24T19:15:56.7328482+11:00" endTime="2010-01-24T19:15:56.7378482+11:00" testType="13cdc9d9-ddb5-4fa4-a97d-d965ccfc6d4b" outcome="Inconclusive" testListId="8c84fa94-04c1-424b-9868-57a2d4851a1d">
      <Output>
        <ErrorInfo>
          <Message>Assert.Inconclusive failed. Verify the correctness of this test method.</Message>
          <StackTrace>   at Konnetic.Sip.UnitTests.StatusLineHeaderFieldAdapter.SchemeTest() in D:\Business\Development\Konnetic\UnifySipApi\Production\Src\Konnetic Unify SIP API\Konnetic.Sip.UnitTests\StatusLineHeaderFieldAdapter.cs:line 110
</StackTrace>
        </ErrorInfo>
      </Output>
    </UnitTestResult>
    <UnitTestResult executionId="e0a510be-ec08-45b6-bb76-8338b972b26c" testId="2dd223df-9e33-9f81-1dc1-53a79e28d94a" testName="StatusCodeTest" computerName="SERVER001" duration="00:00:00.0043184" startTime="2010-01-24T19:15:56.7388482+11:00" endTime="2010-01-24T19:15:56.7478482+11:00" testType="13cdc9d9-ddb5-4fa4-a97d-d965ccfc6d4b" outcome="Inconclusive" testListId="8c84fa94-04c1-424b-9868-57a2d4851a1d">
      <Output>
        <ErrorInfo>
          <Message>Assert.Inconclusive failed. Verify the correctness of this test method.</Message>
          <StackTrace>   at Konnetic.Sip.UnitTests.StatusLineHeaderFieldAdapter.StatusCodeTest() in D:\Business\Development\Konnetic\UnifySipApi\Production\Src\Konnetic Unify SIP API\Konnetic.Sip.UnitTests\StatusLineHeaderFieldAdapter.cs:line 125
</StackTrace>
        </ErrorInfo>
      </Output>
    </UnitTestResult>
    <UnitTestResult executionId="69ba92b1-d13a-4ef7-9c1e-2c78c9bc1fbe" testId="58e8224f-2386-35a0-76a1-c467780b4116" testName="StatusLineHeaderFieldConstructorTest" computerName="SERVER001" duration="00:00:00.0035468" startTime="2010-01-24T19:15:56.7488482+11:00" endTime="2010-01-24T19:15:56.7548482+11:00" testType="13cdc9d9-ddb5-4fa4-a97d-d965ccfc6d4b" outcome="Failed" testListId="8c84fa94-04c1-424b-9868-57a2d4851a1d">
      <Output>
        <ErrorInfo>
          <Message>Test method Konnetic.Sip.UnitTests.StatusLineHeaderFieldAdapter.StatusLineHeaderFieldConstructorTest threw exception:  Konnetic.Sip.SipUriFormatException: Reason Phrase is required for Status Line Field.</Message>
          <StackTrace>    at Konnetic.Sip.Headers.StatusLineHeaderField.Parse(String value) in D:\Business\Development\Konnetic\UnifySipApi\Production\Src\Konnetic Unify SIP API\Konnetic.Sip\Headers\StatusLineHeaderField.cs:line 236
   at Konnetic.Sip.Headers.StatusLineHeaderField..ctor(String value) in D:\Business\Development\Konnetic\UnifySipApi\Production\Src\Konnetic Unify SIP API\Konnetic.Sip\Headers\StatusLineHeaderField.cs:line 171
   at Konnetic.Sip.UnitTests.StatusLineHeaderFieldAdapter.StatusLineHeaderFieldConstructorTest() in D:\Business\Development\Konnetic\UnifySipApi\Production\Src\Konnetic Unify SIP API\Konnetic.Sip.UnitTests\StatusLineHeaderFieldAdapter.cs:line 135
</StackTrace>
        </ErrorInfo>
      </Output>
    </UnitTestResult>
    <UnitTestResult executionId="e214df6f-00ef-4242-82fb-a7caa78e9fe4" testId="f3dd6df3-743a-86b0-a28d-bd5c1ee5d7ca" testName="StatusLineHeaderFieldConstructorTest1" computerName="SERVER001" duration="00:00:00.0014746" startTime="2010-01-24T19:15:56.7548482+11:00" endTime="2010-01-24T19:15:56.7598482+11:00" testType="13cdc9d9-ddb5-4fa4-a97d-d965ccfc6d4b" outcome="Inconclusive" testListId="8c84fa94-04c1-424b-9868-57a2d4851a1d">
      <Output>
        <ErrorInfo>
          <Message>Assert.Inconclusive failed. TODO: Implement code to verify target</Message>
          <StackTrace>   at Konnetic.Sip.UnitTests.StatusLineHeaderFieldAdapter.StatusLineHeaderFieldConstructorTest1() in D:\Business\Development\Konnetic\UnifySipApi\Production\Src\Konnetic Unify SIP API\Konnetic.Sip.UnitTests\StatusLineHeaderFieldAdapter.cs:line 146
</StackTrace>
        </ErrorInfo>
      </Output>
    </UnitTestResult>
    <UnitTestResult executionId="81a6ef4c-55eb-45a6-8c9a-a9b0c148425b" testId="8a8c4b7d-647e-1717-2f4d-c7aceee55561" testName="ToStringTest" computerName="SERVER001" duration="00:00:00.0014177" startTime="2010-01-24T19:15:56.7608482+11:00" endTime="2010-01-24T19:15:56.7648482+11:00" testType="13cdc9d9-ddb5-4fa4-a97d-d965ccfc6d4b" outcome="Inconclusive" testListId="8c84fa94-04c1-424b-9868-57a2d4851a1d">
      <Output>
        <ErrorInfo>
          <Message>Assert.Inconclusive failed. Verify the correctness of this test method.</Message>
          <StackTrace>   at Konnetic.Sip.UnitTests.StatusLineHeaderFieldAdapter.ToStringTest() in D:\Business\Development\Konnetic\UnifySipApi\Production\Src\Konnetic Unify SIP API\Konnetic.Sip.UnitTests\StatusLineHeaderFieldAdapter.cs:line 160
</StackTrace>
        </ErrorInfo>
      </Output>
    </UnitTestResult>
    <UnitTestResult executionId="d0acb044-a715-4f48-9d74-1f17b5473e03" testId="dafaea47-3fbf-d475-22f7-9097e24c173c" testName="VersionTest" computerName="SERVER001" duration="00:00:00.0021276" startTime="2010-01-24T19:15:56.7648482+11:00" endTime="2010-01-24T19:15:56.7698482+11:00" testType="13cdc9d9-ddb5-4fa4-a97d-d965ccfc6d4b" outcome="Inconclusive" testListId="8c84fa94-04c1-424b-9868-57a2d4851a1d">
      <Output>
        <ErrorInfo>
          <Message>Assert.Inconclusive failed. Verify the correctness of this test method.</Message>
          <StackTrace>   at Konnetic.Sip.UnitTests.StatusLineHeaderFieldAdapter.VersionTest() in D:\Business\Development\Konnetic\UnifySipApi\Production\Src\Konnetic Unify SIP API\Konnetic.Sip.UnitTests\StatusLineHeaderFieldAdapter.cs:line 176
</StackTrace>
        </ErrorInfo>
      </Output>
    </UnitTestResult>
    <UnitTestResult executionId="6783b3b3-133a-4614-bcad-ee8cee3d1554" testId="79d08849-52e4-bf6a-4c4a-acab07cf2e9c" testName="CloneTest" computerName="SERVER001" duration="00:00:00.0165490" startTime="2010-01-24T19:15:56.7708482+11:00" endTime="2010-01-24T19:15:56.7908482+11:00" testType="13cdc9d9-ddb5-4fa4-a97d-d965ccfc6d4b" outcome="Passed" testListId="8c84fa94-04c1-424b-9868-57a2d4851a1d">
      <Output>
      </Output>
    </UnitTestResult>
    <UnitTestResult executionId="6da25a18-87e2-4b14-99ea-ec54f35a22df" testId="2d52e52a-0f36-9454-43de-59c463cd0b6c" testName="EqualsTest" computerName="SERVER001" duration="00:00:00.0118573" startTime="2010-01-24T19:15:56.7918482+11:00" endTime="2010-01-24T19:15:56.8068482+11:00" testType="13cdc9d9-ddb5-4fa4-a97d-d965ccfc6d4b" outcome="Passed" testListId="8c84fa94-04c1-424b-9868-57a2d4851a1d">
      <Output>
      </Output>
    </UnitTestResult>
    <UnitTestResult executionId="45b5b80a-5906-4a12-a0f1-8f5b09b96fc8" testId="cac26a26-3c32-2097-c833-3d3964beaa68" testName="GetStringValueTest" computerName="SERVER001" duration="00:00:00.0060561" startTime="2010-01-24T19:15:56.8068482+11:00" endTime="2010-01-24T19:15:56.8158482+11:00" testType="13cdc9d9-ddb5-4fa4-a97d-d965ccfc6d4b" outcome="Passed" testListId="8c84fa94-04c1-424b-9868-57a2d4851a1d">
      <Output>
      </Output>
    </UnitTestResult>
    <UnitTestResult executionId="2be9e85d-d7dc-4f3e-a4de-1a7955f2ba68" testId="e0ae0367-605f-ad66-1e00-5eb12c0c08b8" testName="IsValidTest" computerName="SERVER001" duration="00:00:00.0061610" startTime="2010-01-24T19:15:56.8168482+11:00" endTime="2010-01-24T19:15:56.8248482+11:00" testType="13cdc9d9-ddb5-4fa4-a97d-d965ccfc6d4b" outcome="Passed" testListId="8c84fa94-04c1-424b-9868-57a2d4851a1d">
      <Output>
      </Output>
    </UnitTestResult>
    <UnitTestResult executionId="dd6f6ced-17c1-4944-b42f-02a35e9b3390" testId="a3decba9-a131-75e7-05f3-0c1196804dcb" testName="ParseTest" computerName="SERVER001" duration="00:00:00.0795872" startTime="2010-01-24T19:15:56.8258482+11:00" endTime="2010-01-24T19:15:56.9078482+11:00" testType="13cdc9d9-ddb5-4fa4-a97d-d965ccfc6d4b" outcome="Passed" testListId="8c84fa94-04c1-424b-9868-57a2d4851a1d">
      <Output>
      </Output>
    </UnitTestResult>
    <UnitTestResult executionId="81d24f14-c18c-4716-ad93-ea56d248e1a0" testId="6989ef40-b6e2-fc8f-f91a-027f54dfac64" testName="SubjectHeaderFieldConstructorTest" computerName="SERVER001" duration="00:00:00.0004752" startTime="2010-01-24T19:15:56.9088482+11:00" endTime="2010-01-24T19:15:56.9118482+11:00" testType="13cdc9d9-ddb5-4fa4-a97d-d965ccfc6d4b" outcome="Passed" testListId="8c84fa94-04c1-424b-9868-57a2d4851a1d">
      <Output>
      </Output>
    </UnitTestResult>
    <UnitTestResult executionId="44fcf58c-2475-4d60-8fd7-a84bb664b446" testId="4ec9be8a-05d6-331c-54cd-77eafcc66c64" testName="SubjectHeaderFieldConstructorTest1" computerName="SERVER001" duration="00:00:00.0058237" startTime="2010-01-24T19:15:56.9128482+11:00" endTime="2010-01-24T19:15:56.9218482+11:00" testType="13cdc9d9-ddb5-4fa4-a97d-d965ccfc6d4b" outcome="Passed" testListId="8c84fa94-04c1-424b-9868-57a2d4851a1d">
      <Output>
      </Output>
    </UnitTestResult>
    <UnitTestResult executionId="2767ae22-c133-49ad-8ba9-227fea50af2b" testId="c249f1a7-7551-b93e-62b3-c153a72d7cbf" testName="SubjectTest" computerName="SERVER001" duration="00:00:00.0057176" startTime="2010-01-24T19:15:56.9218482+11:00" endTime="2010-01-24T19:15:56.9308482+11:00" testType="13cdc9d9-ddb5-4fa4-a97d-d965ccfc6d4b" outcome="Passed" testListId="8c84fa94-04c1-424b-9868-57a2d4851a1d">
      <Output>
      </Output>
    </UnitTestResult>
    <UnitTestResult executionId="f6000bee-68e7-4fc5-a570-eea95217e630" testId="4a7ce450-da20-7255-3fb2-7b7aeb5a68ed" testName="CloneTest" computerName="SERVER001" duration="00:00:00.0019712" startTime="2010-01-24T19:15:56.9318482+11:00" endTime="2010-01-24T19:15:56.9368482+11:00" testType="13cdc9d9-ddb5-4fa4-a97d-d965ccfc6d4b" outcome="Passed" testListId="8c84fa94-04c1-424b-9868-57a2d4851a1d">
      <Output>
      </Output>
    </UnitTestResult>
    <UnitTestResult executionId="40331ab9-5e3f-40b0-8051-4e4ba63466cb" testId="5fda116a-34f1-b84a-648e-d03322e1974c" testName="EqualsTest" computerName="SERVER001" duration="00:00:00.0011183" startTime="2010-01-24T19:15:56.9378482+11:00" endTime="2010-01-24T19:15:56.9418482+11:00" testType="13cdc9d9-ddb5-4fa4-a97d-d965ccfc6d4b" outcome="Passed" testListId="8c84fa94-04c1-424b-9868-57a2d4851a1d">
      <Output>
      </Output>
    </UnitTestResult>
    <UnitTestResult executionId="5dd20980-d023-4465-9abb-6f2efa7f2577" testId="488ae078-65af-ec72-fbe8-54773b1473ee" testName="ParseTest" computerName="SERVER001" duration="00:00:00.1154832" startTime="2010-01-24T19:15:56.9418482+11:00" endTime="2010-01-24T19:15:57.0598482+11:00" testType="13cdc9d9-ddb5-4fa4-a97d-d965ccfc6d4b" outcome="Passed" testListId="8c84fa94-04c1-424b-9868-57a2d4851a1d">
      <Output>
      </Output>
    </UnitTestResult>
    <UnitTestResult executionId="af0f27b6-daaa-40e7-8a78-9b0bb80e7f27" testId="e3cfeafa-6b45-b8c4-84c1-7e8f0a9f48ce" testName="SupportedHeaderFieldConstructorTest" computerName="SERVER001" duration="00:00:00.0005048" startTime="2010-01-24T19:15:57.0608482+11:00" endTime="2010-01-24T19:15:57.0648482+11:00" testType="13cdc9d9-ddb5-4fa4-a97d-d965ccfc6d4b" outcome="Passed" testListId="8c84fa94-04c1-424b-9868-57a2d4851a1d">
      <Output>
      </Output>
    </UnitTestResult>
    <UnitTestResult executionId="5a1d2358-8dbc-40f1-a1eb-0ca3127e7c67" testId="f09f473c-1343-5e66-52b5-716db12fe779" testName="SupportedHeaderFieldConstructorTest1" computerName="SERVER001" duration="00:00:00.0006520" startTime="2010-01-24T19:15:57.0648482+11:00" endTime="2010-01-24T19:15:57.0678482+11:00" testType="13cdc9d9-ddb5-4fa4-a97d-d965ccfc6d4b" outcome="Passed" testListId="8c84fa94-04c1-424b-9868-57a2d4851a1d">
      <Output>
      </Output>
    </UnitTestResult>
    <UnitTestResult executionId="6d837ed9-cd8e-450d-a3a8-23fd931058ed" testId="8a609d2f-f99f-8d4e-6850-f15d52ca61fa" testName="TagTest" computerName="SERVER001" duration="00:00:00.0021333" startTime="2010-01-24T19:15:57.0688482+11:00" endTime="2010-01-24T19:15:57.0748482+11:00" testType="13cdc9d9-ddb5-4fa4-a97d-d965ccfc6d4b" outcome="Failed" testListId="8c84fa94-04c1-424b-9868-57a2d4851a1d">
      <Output>
        <ErrorInfo>
          <Message>Test method Konnetic.Sip.UnitTests.TagAddressedHeaderFieldAdapter.TagTest threw exception:  System.NullReferenceException: Object reference not set to an instance of an object..</Message>
          <StackTrace>    at Konnetic.Sip.Headers.TagAddressedHeaderFieldBase.set_Tag(String value) in D:\Business\Development\Konnetic\UnifySipApi\Production\Src\Konnetic Unify SIP API\Konnetic.Sip\Headers\BaseHeaderFields\TagAddressedHeaderFieldBase.cs:line 46
   at Konnetic.Sip.UnitTests.TagAddressedHeaderFieldAdapter.TagTest() in D:\Business\Development\Konnetic\UnifySipApi\Production\Src\Konnetic Unify SIP API\Konnetic.Sip.UnitTests\HeaderFields\TagAddressedHeaderFieldAdapter.cs:line 77
</StackTrace>
        </ErrorInfo>
      </Output>
    </UnitTestResult>
    <UnitTestResult executionId="58101819-9763-49c5-a553-27917c44d869" testId="9afd9250-0ced-3200-70c5-1cb884c3fde3" testName="CloneTest" computerName="SERVER001" duration="00:00:00.0041061" startTime="2010-01-24T19:15:57.0748482+11:00" endTime="2010-01-24T19:15:57.0848482+11:00" testType="13cdc9d9-ddb5-4fa4-a97d-d965ccfc6d4b" outcome="Passed" testListId="8c84fa94-04c1-424b-9868-57a2d4851a1d">
      <Output>
      </Output>
    </UnitTestResult>
    <UnitTestResult executionId="77a1de09-cbc8-4ca8-9ff6-862e54f0051e" testId="a621adba-6be6-42e3-7dd0-6614c7cbd13e" testName="DelayTest" computerName="SERVER001" duration="00:00:00.0006465" startTime="2010-01-24T19:15:57.0858482+11:00" endTime="2010-01-24T19:15:57.0898482+11:00" testType="13cdc9d9-ddb5-4fa4-a97d-d965ccfc6d4b" outcome="Passed" testListId="8c84fa94-04c1-424b-9868-57a2d4851a1d">
      <Output>
      </Output>
    </UnitTestResult>
    <UnitTestResult executionId="bf52e843-ecb4-452d-977f-a5fd81f8a259" testId="405db453-7353-8c7d-ec17-131309ef05a2" testName="EqualsTest" computerName="SERVER001" duration="00:00:00.0008737" startTime="2010-01-24T19:15:57.0898482+11:00" endTime="2010-01-24T19:15:57.0938482+11:00" testType="13cdc9d9-ddb5-4fa4-a97d-d965ccfc6d4b" outcome="Passed" testListId="8c84fa94-04c1-424b-9868-57a2d4851a1d">
      <Output>
      </Output>
    </UnitTestResult>
    <UnitTestResult executionId="7e1bc1a1-7e78-4696-af54-888755034436" testId="7bb2468a-03f8-2342-b47c-1455acb5e208" testName="GetStringValueTest" computerName="SERVER001" duration="00:00:00.0006386" startTime="2010-01-24T19:15:57.0938482+11:00" endTime="2010-01-24T19:15:57.0968482+11:00" testType="13cdc9d9-ddb5-4fa4-a97d-d965ccfc6d4b" outcome="Passed" testListId="8c84fa94-04c1-424b-9868-57a2d4851a1d">
      <Output>
      </Output>
    </UnitTestResult>
    <UnitTestResult executionId="09ce770b-e562-46b2-bfc1-99d70aca2c34" testId="4ad03857-e8d9-6687-ae20-f93b06c71fbe" testName="IsValidTest" computerName="SERVER001" duration="00:00:00.0007716" startTime="2010-01-24T19:15:57.0978482+11:00" endTime="2010-01-24T19:15:57.1008482+11:00" testType="13cdc9d9-ddb5-4fa4-a97d-d965ccfc6d4b" outcome="Passed" testListId="8c84fa94-04c1-424b-9868-57a2d4851a1d">
      <Output>
      </Output>
    </UnitTestResult>
    <UnitTestResult executionId="b5e4d097-11df-4fd1-aab7-476e2e988c5c" testId="3ed6dc71-47af-4e4f-acd3-2d70debd5ba4" testName="ParseTest" computerName="SERVER001" duration="00:00:00.1875367" startTime="2010-01-24T19:15:57.1018482+11:00" endTime="2010-01-24T19:15:57.2918482+11:00" testType="13cdc9d9-ddb5-4fa4-a97d-d965ccfc6d4b" outcome="Passed" testListId="8c84fa94-04c1-424b-9868-57a2d4851a1d">
      <Output>
      </Output>
    </UnitTestResult>
    <UnitTestResult executionId="f514c14f-0a6e-4d66-bc49-275eac7701aa" testId="a9aad769-c0f1-fd41-10a7-9493ce4b003a" testName="TimestampHeaderFieldConstructorTest" computerName="SERVER001" duration="00:00:00.0005133" startTime="2010-01-24T19:15:57.2928482+11:00" endTime="2010-01-24T19:15:57.2968482+11:00" testType="13cdc9d9-ddb5-4fa4-a97d-d965ccfc6d4b" outcome="Passed" testListId="8c84fa94-04c1-424b-9868-57a2d4851a1d">
      <Output>
      </Output>
    </UnitTestResult>
    <UnitTestResult executionId="fd56102b-c55c-4d48-8bd6-03c3fac1fdcf" testId="f3c01a2c-bc45-4831-1614-293aa460be41" testName="TimestampHeaderFieldConstructorTest1" computerName="SERVER001" duration="00:00:00.0005591" startTime="2010-01-24T19:15:57.2968482+11:00" endTime="2010-01-24T19:15:57.3008482+11:00" testType="13cdc9d9-ddb5-4fa4-a97d-d965ccfc6d4b" outcome="Passed" testListId="8c84fa94-04c1-424b-9868-57a2d4851a1d">
      <Output>
      </Output>
    </UnitTestResult>
    <UnitTestResult executionId="f1c24793-8f92-477b-b328-8e8909e035fa" testId="dcd76ec8-2fc8-bd83-380d-019a8a108059" testName="TimeTest" computerName="SERVER001" duration="00:00:00.0013004" startTime="2010-01-24T19:15:57.3008482+11:00" endTime="2010-01-24T19:15:57.3088482+11:00" testType="13cdc9d9-ddb5-4fa4-a97d-d965ccfc6d4b" outcome="Passed" testListId="8c84fa94-04c1-424b-9868-57a2d4851a1d">
      <Output>
      </Output>
    </UnitTestResult>
    <UnitTestResult executionId="b8b8f87a-bc79-4f1d-80a6-4ac0ea58cca0" testId="016bed45-2953-978e-a184-cadb8dd0c8b9" testName="CloneTest" computerName="SERVER001" duration="00:00:00.0036453" startTime="2010-01-24T19:15:57.3098482+11:00" endTime="2010-01-24T19:15:57.3178482+11:00" testType="13cdc9d9-ddb5-4fa4-a97d-d965ccfc6d4b" outcome="Failed" testListId="8c84fa94-04c1-424b-9868-57a2d4851a1d">
      <Output>
        <ErrorInfo>
          <Message>Test method Konnetic.Sip.UnitTests.ToHeaderFieldAdapter.CloneTest threw exception:  System.NullReferenceException: Object reference not set to an instance of an object..</Message>
          <StackTrace>    at Konnetic.Sip.Headers.ToHeaderField.Clone() in D:\Business\Development\Konnetic\UnifySipApi\Production\Src\Konnetic Unify SIP API\Konnetic.Sip\Headers\ToHeaderField.cs:line 177
   at Konnetic.Sip.UnitTests.ToHeaderFieldAdapter.CloneTest() in D:\Business\Development\Konnetic\UnifySipApi\Production\Src\Konnetic Unify SIP API\Konnetic.Sip.UnitTests\HeaderFields\ToHeaderFieldAdapter.cs:line 69
</StackTrace>
        </ErrorInfo>
      </Output>
    </UnitTestResult>
    <UnitTestResult executionId="1cedb19d-1b07-4fde-9abc-b6d714e0fe2d" testId="5731f1aa-b07e-05e4-22e4-14a9eac3ea55" testName="EqualsTest" computerName="SERVER001" duration="00:00:00.0728440" startTime="2010-01-24T19:15:57.3178482+11:00" endTime="2010-01-24T19:15:57.3948482+11:00" testType="13cdc9d9-ddb5-4fa4-a97d-d965ccfc6d4b" outcome="Failed" testListId="8c84fa94-04c1-424b-9868-57a2d4851a1d">
      <Output>
        <ErrorInfo>
          <Message>Test method Konnetic.Sip.UnitTests.ToHeaderFieldAdapter.EqualsTest threw exception:  System.NullReferenceException: Object reference not set to an instance of an object..</Message>
          <StackTrace>    at Konnetic.Sip.Headers.ParamatizedHeaderFieldBase.Parse(String value) in D:\Business\Development\Konnetic\UnifySipApi\Production\Src\Konnetic Unify SIP API\Konnetic.Sip\Headers\BaseHeaderFields\ParamatizedHeaderFieldBase.cs:line 221
   at Konnetic.Sip.Headers.SipUriHeaderFieldBase.Parse(String value) in D:\Business\Development\Konnetic\UnifySipApi\Production\Src\Konnetic Unify SIP API\Konnetic.Sip\Headers\BaseHeaderFields\SipUriHeaderFieldBase.cs:line 235
   at Konnetic.Sip.Headers.AddressedHeaderFieldBase.Parse(String value) in D:\Business\Development\Konnetic\UnifySipApi\Production\Src\Konnetic Unify SIP API\Konnetic.Sip\Headers\BaseHeaderFields\AddressedHeaderFieldBase.cs:line 217
   at Konnetic.Sip.Headers.ToHeaderField.Parse(String value) in D:\Business\Development\Konnetic\UnifySipApi\Production\Src\Konnetic Unify SIP API\Konnetic.Sip\Headers\ToHeaderField.cs:line 275
   at Konnetic.Sip.UnitTests.ToHeaderFieldAdapter.EqualsTest() in D:\Business\Development\Konnetic\UnifySipApi\Production\Src\Konnetic Unify SIP API\Konnetic.Sip.UnitTests\HeaderFields\ToHeaderFieldAdapter.cs:line 110
</StackTrace>
        </ErrorInfo>
      </Output>
    </UnitTestResult>
    <UnitTestResult executionId="50b294ca-7513-47b6-a1fe-289b8f4e78a0" testId="8df34ac8-0c19-d473-099e-1719e1bb8214" testName="EqualsTest1" computerName="SERVER001" duration="00:00:00.0016847" startTime="2010-01-24T19:15:57.3958482+11:00" endTime="2010-01-24T19:15:57.4008482+11:00" testType="13cdc9d9-ddb5-4fa4-a97d-d965ccfc6d4b" outcome="Passed" testListId="8c84fa94-04c1-424b-9868-57a2d4851a1d">
      <Output>
      </Output>
    </UnitTestResult>
    <UnitTestResult executionId="ec8e8366-1c28-4066-90d4-01613cb26905" testId="e632e4d6-529f-3e89-321f-cd18bcfb0ca5" testName="EqualsTest2" computerName="SERVER001" duration="00:00:00.0047450" startTime="2010-01-24T19:15:57.4018482+11:00" endTime="2010-01-24T19:15:57.4088482+11:00" testType="13cdc9d9-ddb5-4fa4-a97d-d965ccfc6d4b" outcome="Failed" testListId="8c84fa94-04c1-424b-9868-57a2d4851a1d">
      <Output>
        <ErrorInfo>
          <Message>Test method Konnetic.Sip.UnitTests.ToHeaderFieldAdapter.EqualsTest2 threw exception:  System.NullReferenceException: Object reference not set to an instance of an object..</Message>
          <StackTrace>    at Konnetic.Sip.Headers.TagAddressedHeaderFieldBase.set_Tag(String value) in D:\Business\Development\Konnetic\UnifySipApi\Production\Src\Konnetic Unify SIP API\Konnetic.Sip\Headers\BaseHeaderFields\TagAddressedHeaderFieldBase.cs:line 50
   at Konnetic.Sip.UnitTests.ToHeaderFieldAdapter.EqualsTest2() in D:\Business\Development\Konnetic\UnifySipApi\Production\Src\Konnetic Unify SIP API\Konnetic.Sip.UnitTests\HeaderFields\ToHeaderFieldAdapter.cs:line 185
</StackTrace>
        </ErrorInfo>
      </Output>
    </UnitTestResult>
    <UnitTestResult executionId="69d6e9a6-723d-4a87-a091-f89a75add928" testId="f9b7d80a-a952-9b08-5f2f-c65934bef448" testName="EqualsTest3" computerName="SERVER001" duration="00:00:00.0031362" startTime="2010-01-24T19:15:57.4098482+11:00" endTime="2010-01-24T19:15:57.4158482+11:00" testType="13cdc9d9-ddb5-4fa4-a97d-d965ccfc6d4b" outcome="Failed" testListId="8c84fa94-04c1-424b-9868-57a2d4851a1d">
      <Output>
        <ErrorInfo>
          <Message>Test method Konnetic.Sip.UnitTests.ToHeaderFieldAdapter.EqualsTest3 threw exception:  System.NullReferenceException: Object reference not set to an instance of an object..</Message>
          <StackTrace>    at Konnetic.Sip.Headers.TagAddressedHeaderFieldBase.set_Tag(String value) in D:\Business\Development\Konnetic\UnifySipApi\Production\Src\Konnetic Unify SIP API\Konnetic.Sip\Headers\BaseHeaderFields\TagAddressedHeaderFieldBase.cs:line 46
   at Konnetic.Sip.UnitTests.ToHeaderFieldAdapter.EqualsTest3() in D:\Business\Development\Konnetic\UnifySipApi\Production\Src\Konnetic Unify SIP API\Konnetic.Sip.UnitTests\HeaderFields\ToHeaderFieldAdapter.cs:line 214
</StackTrace>
        </ErrorInfo>
      </Output>
    </UnitTestResult>
    <UnitTestResult executionId="dec1ae17-66a5-493c-a992-46deca82b133" testId="812f3ca5-8642-aec7-4b29-fedd7ff51257" testName="FieldNameTest" computerName="SERVER001" duration="00:00:00.0022707" startTime="2010-01-24T19:15:57.4158482+11:00" endTime="2010-01-24T19:15:57.4208482+11:00" testType="13cdc9d9-ddb5-4fa4-a97d-d965ccfc6d4b" outcome="Passed" testListId="8c84fa94-04c1-424b-9868-57a2d4851a1d">
      <Output>
      </Output>
    </UnitTestResult>
    <UnitTestResult executionId="caac5818-c6ab-49c9-ad10-ff68f0609279" testId="9a66289d-ae1f-b242-30c7-4841312f1161" testName="NewTest" computerName="SERVER001" duration="00:00:00.0006173" startTime="2010-01-24T19:15:57.4218482+11:00" endTime="2010-01-24T19:15:57.4258482+11:00" testType="13cdc9d9-ddb5-4fa4-a97d-d965ccfc6d4b" outcome="Passed" testListId="8c84fa94-04c1-424b-9868-57a2d4851a1d">
      <Output>
      </Output>
    </UnitTestResult>
    <UnitTestResult executionId="89f0e226-8132-4c1e-95d7-e047e2a11557" testId="8be02d66-34d5-2e98-8ae2-e603c86651bf" testName="op_ExplicitTest" computerName="SERVER001" duration="00:00:00.0044918" startTime="2010-01-24T19:15:57.4258482+11:00" endTime="2010-01-24T19:15:57.4338482+11:00" testType="13cdc9d9-ddb5-4fa4-a97d-d965ccfc6d4b" outcome="Failed" testListId="8c84fa94-04c1-424b-9868-57a2d4851a1d">
      <Output>
        <ErrorInfo>
          <Message>Test method Konnetic.Sip.UnitTests.ToHeaderFieldAdapter.op_ExplicitTest threw exception:  System.NullReferenceException: Object reference not set to an instance of an object..</Message>
          <StackTrace>    at Konnetic.Sip.Headers.TagAddressedHeaderFieldBase.set_Tag(String value) in D:\Business\Development\Konnetic\UnifySipApi\Production\Src\Konnetic Unify SIP API\Konnetic.Sip\Headers\BaseHeaderFields\TagAddressedHeaderFieldBase.cs:line 50
   at Konnetic.Sip.Headers.TagAddressedHeaderFieldBase..ctor(SipUri uri, String displayName, String tag) in D:\Business\Development\Konnetic\UnifySipApi\Production\Src\Konnetic Unify SIP API\Konnetic.Sip\Headers\BaseHeaderFields\TagAddressedHeaderFieldBase.cs:line 128
   at Konnetic.Sip.Headers.ToHeaderField..ctor(SipUri uri, String displayName, String tag) in D:\Business\Development\Konnetic\UnifySipApi\Production\Src\Konnetic Unify SIP API\Konnetic.Sip\Headers\ToHeaderField.cs:line 130
   at Konnetic.Sip.UnitTests.ToHeaderFieldAdapter.op_ExplicitTest() in D:\Business\Development\Konnetic\UnifySipApi\Production\Src\Konnetic Unify SIP API\Konnetic.Sip.UnitTests\HeaderFields\ToHeaderFieldAdapter.cs:line 608
</StackTrace>
        </ErrorInfo>
      </Output>
    </UnitTestResult>
    <UnitTestResult executionId="e795c933-71b5-468a-8c6b-679c731ec410" testId="7df58dbe-8686-9c12-c5b1-8abf88f24b54" testName="op_ImplicitTest" computerName="SERVER001" duration="00:00:00.0039920" startTime="2010-01-24T19:15:57.4338482+11:00" endTime="2010-01-24T19:15:57.4428482+11:00" testType="13cdc9d9-ddb5-4fa4-a97d-d965ccfc6d4b" outcome="Failed" testListId="8c84fa94-04c1-424b-9868-57a2d4851a1d">
      <Output>
        <ErrorInfo>
          <Message>Test method Konnetic.Sip.UnitTests.ToHeaderFieldAdapter.op_ImplicitTest threw exception:  System.NullReferenceException: Object reference not set to an instance of an object..</Message>
          <StackTrace>    at Konnetic.Sip.Headers.TagAddressedHeaderFieldBase.set_Tag(String value) in D:\Business\Development\Konnetic\UnifySipApi\Production\Src\Konnetic Unify SIP API\Konnetic.Sip\Headers\BaseHeaderFields\TagAddressedHeaderFieldBase.cs:line 50
   at Konnetic.Sip.Headers.TagAddressedHeaderFieldBase..ctor(SipUri uri, String displayName, String tag) in D:\Business\Development\Konnetic\UnifySipApi\Production\Src\Konnetic Unify SIP API\Konnetic.Sip\Headers\BaseHeaderFields\TagAddressedHeaderFieldBase.cs:line 128
   at Konnetic.Sip.Headers.ToHeaderField..ctor(SipUri uri, String displayName, String tag) in D:\Business\Development\Konnetic\UnifySipApi\Production\Src\Konnetic Unify SIP API\Konnetic.Sip\Headers\ToHeaderField.cs:line 130
   at Konnetic.Sip.UnitTests.ToHeaderFieldAdapter.op_ImplicitTest() in D:\Business\Development\Konnetic\UnifySipApi\Production\Src\Konnetic Unify SIP API\Konnetic.Sip.UnitTests\HeaderFields\ToHeaderFieldAdapter.cs:line 622
</StackTrace>
        </ErrorInfo>
      </Output>
    </UnitTestResult>
    <UnitTestResult executionId="b7356531-14ca-45b0-b047-87c57ffb7fe7" testId="e9cb9147-f916-cf17-8be2-8b46b302a392" testName="ParseTest" computerName="SERVER001" duration="00:00:00.0099326" startTime="2010-01-24T19:15:57.4438482+11:00" endTime="2010-01-24T19:15:57.4568482+11:00" testType="13cdc9d9-ddb5-4fa4-a97d-d965ccfc6d4b" outcome="Failed" testListId="8c84fa94-04c1-424b-9868-57a2d4851a1d">
      <Output>
        <ErrorInfo>
          <Message>Test method Konnetic.Sip.UnitTests.ToHeaderFieldAdapter.ParseTest threw exception:  System.NullReferenceException: Object reference not set to an instance of an object..</Message>
          <StackTrace>    at Konnetic.Sip.Headers.ParamatizedHeaderFieldBase.Parse(String value) in D:\Business\Development\Konnetic\UnifySipApi\Production\Src\Konnetic Unify SIP API\Konnetic.Sip\Headers\BaseHeaderFields\ParamatizedHeaderFieldBase.cs:line 221
   at Konnetic.Sip.Headers.SipUriHeaderFieldBase.Parse(String value) in D:\Business\Development\Konnetic\UnifySipApi\Production\Src\Konnetic Unify SIP API\Konnetic.Sip\Headers\BaseHeaderFields\SipUriHeaderFieldBase.cs:line 235
   at Konnetic.Sip.Headers.AddressedHeaderFieldBase.Parse(String value) in D:\Business\Development\Konnetic\UnifySipApi\Production\Src\Konnetic Unify SIP API\Konnetic.Sip\Headers\BaseHeaderFields\AddressedHeaderFieldBase.cs:line 217
   at Konnetic.Sip.Headers.ToHeaderField.Parse(String value) in D:\Business\Development\Konnetic\UnifySipApi\Production\Src\Konnetic Unify SIP API\Konnetic.Sip\Headers\ToHeaderField.cs:line 275
   at Konnetic.Sip.UnitTests.ToHeaderFieldAdapter.ParseTest() in D:\Business\Development\Konnetic\UnifySipApi\Production\Src\Konnetic Unify SIP API\Konnetic.Sip.UnitTests\HeaderFields\ToHeaderFieldAdapter.cs:line 293
</StackTrace>
        </ErrorInfo>
      </Output>
    </UnitTestResult>
    <UnitTestResult executionId="63bc5478-83d0-4e01-b42b-a62401f0a886" testId="efe88225-23f6-c8d3-7d45-d42debb0eff0" testName="ToBytesTest" computerName="SERVER001" duration="00:00:00.0493531" startTime="2010-01-24T19:15:57.4578482+11:00" endTime="2010-01-24T19:15:57.5098482+11:00" testType="13cdc9d9-ddb5-4fa4-a97d-d965ccfc6d4b" outcome="Failed" testListId="8c84fa94-04c1-424b-9868-57a2d4851a1d">
      <Output>
        <ErrorInfo>
          <Message>Test method Konnetic.Sip.UnitTests.ToHeaderFieldAdapter.ToBytesTest threw exception:  System.NullReferenceException: Object reference not set to an instance of an object..</Message>
          <StackTrace>    at Konnetic.Sip.Headers.ParamatizedHeaderFieldBase.Parse(String value) in D:\Business\Development\Konnetic\UnifySipApi\Production\Src\Konnetic Unify SIP API\Konnetic.Sip\Headers\BaseHeaderFields\ParamatizedHeaderFieldBase.cs:line 221
   at Konnetic.Sip.Headers.SipUriHeaderFieldBase.Parse(String value) in D:\Business\Development\Konnetic\UnifySipApi\Production\Src\Konnetic Unify SIP API\Konnetic.Sip\Headers\BaseHeaderFields\SipUriHeaderFieldBase.cs:line 235
   at Konnetic.Sip.Headers.AddressedHeaderFieldBase.Parse(String value) in D:\Business\Development\Konnetic\UnifySipApi\Production\Src\Konnetic Unify SIP API\Konnetic.Sip\Headers\BaseHeaderFields\AddressedHeaderFieldBase.cs:line 217
   at Konnetic.Sip.Headers.ToHeaderField.Parse(String value) in D:\Business\Development\Konnetic\UnifySipApi\Production\Src\Konnetic Unify SIP API\Konnetic.Sip\Headers\ToHeaderField.cs:line 275
   at Konnetic.Sip.UnitTests.ToHeaderFieldAdapter.ToBytesTest() in D:\Business\Development\Konnetic\UnifySipApi\Production\Src\Konnetic Unify SIP API\Konnetic.Sip.UnitTests\HeaderFields\ToHeaderFieldAdapter.cs:line 366
</StackTrace>
        </ErrorInfo>
      </Output>
    </UnitTestResult>
    <UnitTestResult executionId="900379a4-8ef3-44ae-8339-3db407042115" testId="329fb17c-bfb0-b568-2d5d-2b15c1a5a082" testName="ToCharsTest" computerName="SERVER001" duration="00:00:00.0506421" startTime="2010-01-24T19:15:57.5098482+11:00" endTime="2010-01-24T19:15:57.5638482+11:00" testType="13cdc9d9-ddb5-4fa4-a97d-d965ccfc6d4b" outcome="Failed" testListId="8c84fa94-04c1-424b-9868-57a2d4851a1d">
      <Output>
        <ErrorInfo>
          <Message>Test method Konnetic.Sip.UnitTests.ToHeaderFieldAdapter.ToCharsTest threw exception:  System.NullReferenceException: Object reference not set to an instance of an object..</Message>
          <StackTrace>    at Konnetic.Sip.Headers.ParamatizedHeaderFieldBase.Parse(String value) in D:\Business\Development\Konnetic\UnifySipApi\Production\Src\Konnetic Unify SIP API\Konnetic.Sip\Headers\BaseHeaderFields\ParamatizedHeaderFieldBase.cs:line 221
   at Konnetic.Sip.Headers.SipUriHeaderFieldBase.Parse(String value) in D:\Business\Development\Konnetic\UnifySipApi\Production\Src\Konnetic Unify SIP API\Konnetic.Sip\Headers\BaseHeaderFields\SipUriHeaderFieldBase.cs:line 235
   at Konnetic.Sip.Headers.AddressedHeaderFieldBase.Parse(String value) in D:\Business\Development\Konnetic\UnifySipApi\Production\Src\Konnetic Unify SIP API\Konnetic.Sip\Headers\BaseHeaderFields\AddressedHeaderFieldBase.cs:line 217
   at Konnetic.Sip.Headers.ToHeaderField.Parse(String value) in D:\Business\Development\Konnetic\UnifySipApi\Production\Src\Konnetic Unify SIP API\Konnetic.Sip\Headers\ToHeaderField.cs:line 275
   at Konnetic.Sip.UnitTests.ToHeaderFieldAdapter.ToCharsTest() in D:\Business\Development\Konnetic\UnifySipApi\Production\Src\Konnetic Unify SIP API\Konnetic.Sip.UnitTests\HeaderFields\ToHeaderFieldAdapter.cs:line 383
</StackTrace>
        </ErrorInfo>
      </Output>
    </UnitTestResult>
    <UnitTestResult executionId="5448d557-3256-4cd2-8a26-9e8c81539822" testId="e784b817-eddd-110b-1b00-8831c88ac249" testName="ToHeaderFieldConstructorTest" computerName="SERVER001" duration="00:00:00.0007632" startTime="2010-01-24T19:15:57.5648482+11:00" endTime="2010-01-24T19:15:57.5678482+11:00" testType="13cdc9d9-ddb5-4fa4-a97d-d965ccfc6d4b" outcome="Passed" testListId="8c84fa94-04c1-424b-9868-57a2d4851a1d">
      <Output>
      </Output>
    </UnitTestResult>
    <UnitTestResult executionId="51d32bd1-8807-4831-80e8-64def5f6343a" testId="98369417-9d26-35af-70a6-e6c193a59aba" testName="ToHeaderFieldConstructorTest1" computerName="SERVER001" duration="00:00:00.0017500" startTime="2010-01-24T19:15:57.5688482+11:00" endTime="2010-01-24T19:15:57.5728482+11:00" testType="13cdc9d9-ddb5-4fa4-a97d-d965ccfc6d4b" outcome="Failed" testListId="8c84fa94-04c1-424b-9868-57a2d4851a1d">
      <Output>
        <ErrorInfo>
          <Message>Test method Konnetic.Sip.UnitTests.ToHeaderFieldAdapter.ToHeaderFieldConstructorTest1 threw exception:  System.NullReferenceException: Object reference not set to an instance of an object..</Message>
          <StackTrace>    at Konnetic.Sip.Headers.ParamatizedHeaderFieldBase.get_HasParameters() in D:\Business\Development\Konnetic\UnifySipApi\Production\Src\Konnetic Unify SIP API\Konnetic.Sip\Headers\BaseHeaderFields\ParamatizedHeaderFieldBase.cs:line 43
   at Konnetic.Sip.UnitTests.ToHeaderFieldAdapter.ToHeaderFieldConstructorTest1() in D:\Business\Development\Konnetic\UnifySipApi\Production\Src\Konnetic Unify SIP API\Konnetic.Sip.UnitTests\HeaderFields\ToHeaderFieldAdapter.cs:line 410
</StackTrace>
        </ErrorInfo>
      </Output>
    </UnitTestResult>
    <UnitTestResult executionId="1453cb6a-9cc7-42cb-ae77-81fa999d5d2c" testId="1fac06c4-6ad8-9cd6-f17a-54235b1ed924" testName="ToHeaderFieldConstructorTest2" computerName="SERVER001" duration="00:00:00.0018597" startTime="2010-01-24T19:15:57.5738482+11:00" endTime="2010-01-24T19:15:57.5778482+11:00" testType="13cdc9d9-ddb5-4fa4-a97d-d965ccfc6d4b" outcome="Failed" testListId="8c84fa94-04c1-424b-9868-57a2d4851a1d">
      <Output>
        <ErrorInfo>
          <Message>Test method Konnetic.Sip.UnitTests.ToHeaderFieldAdapter.ToHeaderFieldConstructorTest2 threw exception:  System.NullReferenceException: Object reference not set to an instance of an object..</Message>
          <StackTrace>    at Konnetic.Sip.Headers.ParamatizedHeaderFieldBase.get_HasParameters() in D:\Business\Development\Konnetic\UnifySipApi\Production\Src\Konnetic Unify SIP API\Konnetic.Sip\Headers\BaseHeaderFields\ParamatizedHeaderFieldBase.cs:line 43
   at Konnetic.Sip.UnitTests.ToHeaderFieldAdapter.ToHeaderFieldConstructorTest2() in D:\Business\Development\Konnetic\UnifySipApi\Production\Src\Konnetic Unify SIP API\Konnetic.Sip.UnitTests\HeaderFields\ToHeaderFieldAdapter.cs:line 428
</StackTrace>
        </ErrorInfo>
      </Output>
    </UnitTestResult>
    <UnitTestResult executionId="30eef605-1fd0-468b-90ab-e66c99e22dfd" testId="b7545ab2-6006-ee70-b543-3b5f28dd0893" testName="ToHeaderFieldConstructorTest3" computerName="SERVER001" duration="00:00:00.0018027" startTime="2010-01-24T19:15:57.5778482+11:00" endTime="2010-01-24T19:15:57.5828482+11:00" testType="13cdc9d9-ddb5-4fa4-a97d-d965ccfc6d4b" outcome="Failed" testListId="8c84fa94-04c1-424b-9868-57a2d4851a1d">
      <Output>
        <ErrorInfo>
          <Message>Test method Konnetic.Sip.UnitTests.ToHeaderFieldAdapter.ToHeaderFieldConstructorTest3 threw exception:  System.NullReferenceException: Object reference not set to an instance of an object..</Message>
          <StackTrace>    at Konnetic.Sip.Headers.ParamatizedHeaderFieldBase.get_HasParameters() in D:\Business\Development\Konnetic\UnifySipApi\Production\Src\Konnetic Unify SIP API\Konnetic.Sip\Headers\BaseHeaderFields\ParamatizedHeaderFieldBase.cs:line 43
   at Konnetic.Sip.UnitTests.ToHeaderFieldAdapter.ToHeaderFieldConstructorTest3() in D:\Business\Development\Konnetic\UnifySipApi\Production\Src\Konnetic Unify SIP API\Konnetic.Sip.UnitTests\HeaderFields\ToHeaderFieldAdapter.cs:line 453
</StackTrace>
        </ErrorInfo>
      </Output>
    </UnitTestResult>
    <UnitTestResult executionId="c70560aa-a9c8-415b-bb5c-7b83ae059cd6" testId="2b73fd65-22bf-9a43-b16a-23137d760043" testName="ToHeaderFieldConstructorTest4" computerName="SERVER001" duration="00:00:00.0027513" startTime="2010-01-24T19:15:57.5828482+11:00" endTime="2010-01-24T19:15:57.5878482+11:00" testType="13cdc9d9-ddb5-4fa4-a97d-d965ccfc6d4b" outcome="Failed" testListId="8c84fa94-04c1-424b-9868-57a2d4851a1d">
      <Output>
        <ErrorInfo>
          <Message>Test method Konnetic.Sip.UnitTests.ToHeaderFieldAdapter.ToHeaderFieldConstructorTest4 threw exception:  System.NullReferenceException: Object reference not set to an instance of an object..</Message>
          <StackTrace>    at Konnetic.Sip.Headers.ParamatizedHeaderFieldBase.get_HasParameters() in D:\Business\Development\Konnetic\UnifySipApi\Production\Src\Konnetic Unify SIP API\Konnetic.Sip\Headers\BaseHeaderFields\ParamatizedHeaderFieldBase.cs:line 43
   at Konnetic.Sip.UnitTests.ToHeaderFieldAdapter.ToHeaderFieldConstructorTest4() in D:\Business\Development\Konnetic\UnifySipApi\Production\Src\Konnetic Unify SIP API\Konnetic.Sip.UnitTests\HeaderFields\ToHeaderFieldAdapter.cs:line 479
</StackTrace>
        </ErrorInfo>
      </Output>
    </UnitTestResult>
    <UnitTestResult executionId="ef24e3f3-78fc-4268-8288-cb0da141b477" testId="cdb7874b-2763-ef71-ceac-30f497669ab8" testName="ToHeaderFieldConstructorTest5" computerName="SERVER001" duration="00:00:00.0015647" startTime="2010-01-24T19:15:57.5888482+11:00" endTime="2010-01-24T19:15:57.5948482+11:00" testType="13cdc9d9-ddb5-4fa4-a97d-d965ccfc6d4b" outcome="Failed" testListId="8c84fa94-04c1-424b-9868-57a2d4851a1d">
      <Output>
        <ErrorInfo>
          <Message>Test method Konnetic.Sip.UnitTests.ToHeaderFieldAdapter.ToHeaderFieldConstructorTest5 threw exception:  System.NullReferenceException: Object reference not set to an instance of an object..</Message>
          <StackTrace>    at Konnetic.Sip.Headers.ParamatizedHeaderFieldBase.get_HasParameters() in D:\Business\Development\Konnetic\UnifySipApi\Production\Src\Konnetic Unify SIP API\Konnetic.Sip\Headers\BaseHeaderFields\ParamatizedHeaderFieldBase.cs:line 43
   at Konnetic.Sip.UnitTests.ToHeaderFieldAdapter.ToHeaderFieldConstructorTest5() in D:\Business\Development\Konnetic\UnifySipApi\Production\Src\Konnetic Unify SIP API\Konnetic.Sip.UnitTests\HeaderFields\ToHeaderFieldAdapter.cs:line 514
</StackTrace>
        </ErrorInfo>
      </Output>
    </UnitTestResult>
    <UnitTestResult executionId="dcadaffc-0bdb-46c4-9619-3554f1873828" testId="36eeae6a-0d33-fb1d-2b70-58e434d0dc8f" testName="ToHeaderFieldConstructorTest6" computerName="SERVER001" duration="00:00:00.0031530" startTime="2010-01-24T19:15:57.5948482+11:00" endTime="2010-01-24T19:15:57.6018482+11:00" testType="13cdc9d9-ddb5-4fa4-a97d-d965ccfc6d4b" outcome="Failed" testListId="8c84fa94-04c1-424b-9868-57a2d4851a1d">
      <Output>
        <ErrorInfo>
          <Message>Test method Konnetic.Sip.UnitTests.ToHeaderFieldAdapter.ToHeaderFieldConstructorTest6 threw exception:  System.NullReferenceException: Object reference not set to an instance of an object..</Message>
          <StackTrace>    at Konnetic.Sip.Headers.TagAddressedHeaderFieldBase.set_Tag(String value) in D:\Business\Development\Konnetic\UnifySipApi\Production\Src\Konnetic Unify SIP API\Konnetic.Sip\Headers\BaseHeaderFields\TagAddressedHeaderFieldBase.cs:line 46
   at Konnetic.Sip.Headers.TagAddressedHeaderFieldBase..ctor(SipUri uri, String displayName, String tag) in D:\Business\Development\Konnetic\UnifySipApi\Production\Src\Konnetic Unify SIP API\Konnetic.Sip\Headers\BaseHeaderFields\TagAddressedHeaderFieldBase.cs:line 128
   at Konnetic.Sip.Headers.ToHeaderField..ctor(SipUri uri, String displayName, String tag) in D:\Business\Development\Konnetic\UnifySipApi\Production\Src\Konnetic Unify SIP API\Konnetic.Sip\Headers\ToHeaderField.cs:line 130
   at Konnetic.Sip.UnitTests.ToHeaderFieldAdapter.ToHeaderFieldConstructorTest6() in D:\Business\Development\Konnetic\UnifySipApi\Production\Src\Konnetic Unify SIP API\Konnetic.Sip.UnitTests\HeaderFields\ToHeaderFieldAdapter.cs:line 526
</StackTrace>
        </ErrorInfo>
      </Output>
    </UnitTestResult>
    <UnitTestResult executionId="2476cba5-b627-4bed-9869-b16c424e38e6" testId="9e09a27b-a600-c849-f989-15f8134c63a7" testName="ToStringTest" computerName="SERVER001" duration="00:00:00.0531642" startTime="2010-01-24T19:15:57.6018482+11:00" endTime="2010-01-24T19:15:57.6578482+11:00" testType="13cdc9d9-ddb5-4fa4-a97d-d965ccfc6d4b" outcome="Failed" testListId="8c84fa94-04c1-424b-9868-57a2d4851a1d">
      <Output>
        <ErrorInfo>
          <Message>Test method Konnetic.Sip.UnitTests.ToHeaderFieldAdapter.ToStringTest threw exception:  System.NullReferenceException: Object reference not set to an instance of an object..</Message>
          <StackTrace>    at Konnetic.Sip.Headers.ParamatizedHeaderFieldBase.Parse(String value) in D:\Business\Development\Konnetic\UnifySipApi\Production\Src\Konnetic Unify SIP API\Konnetic.Sip\Headers\BaseHeaderFields\ParamatizedHeaderFieldBase.cs:line 221
   at Konnetic.Sip.Headers.SipUriHeaderFieldBase.Parse(String value) in D:\Business\Development\Konnetic\UnifySipApi\Production\Src\Konnetic Unify SIP API\Konnetic.Sip\Headers\BaseHeaderFields\SipUriHeaderFieldBase.cs:line 235
   at Konnetic.Sip.Headers.AddressedHeaderFieldBase.Parse(String value) in D:\Business\Development\Konnetic\UnifySipApi\Production\Src\Konnetic Unify SIP API\Konnetic.Sip\Headers\BaseHeaderFields\AddressedHeaderFieldBase.cs:line 217
   at Konnetic.Sip.Headers.ToHeaderField.Parse(String value) in D:\Business\Development\Konnetic\UnifySipApi\Production\Src\Konnetic Unify SIP API\Konnetic.Sip\Headers\ToHeaderField.cs:line 275
   at Konnetic.Sip.UnitTests.ToHeaderFieldAdapter.ToStringTest() in D:\Business\Development\Konnetic\UnifySipApi\Production\Src\Konnetic Unify SIP API\Konnetic.Sip.UnitTests\HeaderFields\ToHeaderFieldAdapter.cs:line 579
</StackTrace>
        </ErrorInfo>
      </Output>
    </UnitTestResult>
    <UnitTestResult executionId="42c58574-218f-4516-91dc-e44fe7877e07" testId="e2970103-1ef2-656f-32f1-c542caea11a1" testName="ValidTest" computerName="SERVER001" duration="00:00:00.0029805" startTime="2010-01-24T19:15:57.6578482+11:00" endTime="2010-01-24T19:15:57.6638482+11:00" testType="13cdc9d9-ddb5-4fa4-a97d-d965ccfc6d4b" outcome="Failed" testListId="8c84fa94-04c1-424b-9868-57a2d4851a1d">
      <Output>
        <ErrorInfo>
          <Message>Test method Konnetic.Sip.UnitTests.ToHeaderFieldAdapter.ValidTest threw exception:  System.NullReferenceException: Object reference not set to an instance of an object..</Message>
          <StackTrace>    at Konnetic.Sip.Headers.ParamatizedHeaderFieldBase.get_HasParameters() in D:\Business\Development\Konnetic\UnifySipApi\Production\Src\Konnetic Unify SIP API\Konnetic.Sip\Headers\BaseHeaderFields\ParamatizedHeaderFieldBase.cs:line 43
   at Konnetic.Sip.Headers.ParamatizedHeaderFieldBase.IsValid() in D:\Business\Development\Konnetic\UnifySipApi\Production\Src\Konnetic Unify SIP API\Konnetic.Sip\Headers\BaseHeaderFields\ParamatizedHeaderFieldBase.cs:line 202
   at Konnetic.Sip.Headers.SipUriHeaderFieldBase.IsValid() in D:\Business\Development\Konnetic\UnifySipApi\Production\Src\Konnetic Unify SIP API\Konnetic.Sip\Headers\BaseHeaderFields\SipUriHeaderFieldBase.cs:line 182
   at Konnetic.Sip.Headers.SipUriHeaderFieldBase_Accessor.IsValid()
   at Konnetic.Sip.UnitTests.ToHeaderFieldAdapter.ValidTest() in D:\Business\Development\Konnetic\UnifySipApi\Production\Src\Konnetic Unify SIP API\Konnetic.Sip.UnitTests\HeaderFields\ToHeaderFieldAdapter.cs:line 594
</StackTrace>
        </ErrorInfo>
      </Output>
    </UnitTestResult>
    <UnitTestResult executionId="a14897bf-03f7-4865-83f4-91da80223f2f" testId="bfe19651-ad70-69f7-645b-3455d7540c57" testName="CloneTest" computerName="SERVER001" duration="00:00:00.0018556" startTime="2010-01-24T19:15:57.6648482+11:00" endTime="2010-01-24T19:15:57.6688482+11:00" testType="13cdc9d9-ddb5-4fa4-a97d-d965ccfc6d4b" outcome="Passed" testListId="8c84fa94-04c1-424b-9868-57a2d4851a1d">
      <Output>
      </Output>
    </UnitTestResult>
    <UnitTestResult executionId="2b6ca1b2-a29e-4ac8-b7e3-3794c9d54ea9" testId="4b2ca340-ba3e-09c5-fe66-8d23594496da" testName="EqualsTest" computerName="SERVER001" duration="00:00:00.0012310" startTime="2010-01-24T19:15:57.6698482+11:00" endTime="2010-01-24T19:15:57.6738482+11:00" testType="13cdc9d9-ddb5-4fa4-a97d-d965ccfc6d4b" outcome="Passed" testListId="8c84fa94-04c1-424b-9868-57a2d4851a1d">
      <Output>
      </Output>
    </UnitTestResult>
    <UnitTestResult executionId="8a57ef7b-d55e-4c8c-8f19-f3c2e6f4e2f9" testId="63aa3800-f12c-3b0f-3a15-e533b7836e13" testName="ParseTest" computerName="SERVER001" duration="00:00:00.1032657" startTime="2010-01-24T19:15:57.6748482+11:00" endTime="2010-01-24T19:15:57.7808482+11:00" testType="13cdc9d9-ddb5-4fa4-a97d-d965ccfc6d4b" outcome="Passed" testListId="8c84fa94-04c1-424b-9868-57a2d4851a1d">
      <Output>
      </Output>
    </UnitTestResult>
    <UnitTestResult executionId="48de3f01-c169-4852-849c-6e00042f889c" testId="a94976f2-f8ad-a26b-8c42-d3c9dab1233b" testName="UnsupportedHeaderFieldConstructorTest" computerName="SERVER001" duration="00:00:00.0005670" startTime="2010-01-24T19:15:57.7808482+11:00" endTime="2010-01-24T19:15:57.7848482+11:00" testType="13cdc9d9-ddb5-4fa4-a97d-d965ccfc6d4b" outcome="Passed" testListId="8c84fa94-04c1-424b-9868-57a2d4851a1d">
      <Output>
      </Output>
    </UnitTestResult>
    <UnitTestResult executionId="be9ff82b-2b9c-41dc-aeb1-6be20a645242" testId="06f34c0f-4bc9-1d01-2901-2acfe714ab1b" testName="UnsupportedHeaderFieldConstructorTest1" computerName="SERVER001" duration="00:00:00.0007714" startTime="2010-01-24T19:15:57.7848482+11:00" endTime="2010-01-24T19:15:57.7928482+11:00" testType="13cdc9d9-ddb5-4fa4-a97d-d965ccfc6d4b" outcome="Passed" testListId="8c84fa94-04c1-424b-9868-57a2d4851a1d">
      <Output>
      </Output>
    </UnitTestResult>
    <UnitTestResult executionId="e2c226f8-3890-4489-a754-44c797d7fc5f" testId="b1213be7-72b8-8437-08eb-a006205a6677" testName="CloneTest" computerName="SERVER001" duration="00:00:00.0060833" startTime="2010-01-24T19:15:57.7928482+11:00" endTime="2010-01-24T19:15:57.8018482+11:00" testType="13cdc9d9-ddb5-4fa4-a97d-d965ccfc6d4b" outcome="Passed" testListId="8c84fa94-04c1-424b-9868-57a2d4851a1d">
      <Output>
      </Output>
    </UnitTestResult>
    <UnitTestResult executionId="492ee08c-a211-496a-9e5f-516abc1af8c2" testId="d79efa66-8800-cceb-b167-fa9c8168b035" testName="EqualsTest" computerName="SERVER001" duration="00:00:00.0098163" startTime="2010-01-24T19:15:57.8028482+11:00" endTime="2010-01-24T19:15:57.8148482+11:00" testType="13cdc9d9-ddb5-4fa4-a97d-d965ccfc6d4b" outcome="Passed" testListId="8c84fa94-04c1-424b-9868-57a2d4851a1d">
      <Output>
      </Output>
    </UnitTestResult>
    <UnitTestResult executionId="caca7a7e-5c4e-4a20-974b-d97e6a29067b" testId="05d9a554-9aa1-7382-187c-f603d5a8c8e4" testName="ParseTest" computerName="SERVER001" duration="00:00:00.1490523" startTime="2010-01-24T19:15:57.8158482+11:00" endTime="2010-01-24T19:15:57.9668482+11:00" testType="13cdc9d9-ddb5-4fa4-a97d-d965ccfc6d4b" outcome="Passed" testListId="8c84fa94-04c1-424b-9868-57a2d4851a1d">
      <Output>
      </Output>
    </UnitTestResult>
    <UnitTestResult executionId="5ed6dbdb-82f9-4311-946f-cfd1d019686a" testId="74411174-ee30-d59d-a404-77139d10280d" testName="UserAgentHeaderFieldConstructorTest" computerName="SERVER001" duration="00:00:00.0019656" startTime="2010-01-24T19:15:57.9678482+11:00" endTime="2010-01-24T19:15:57.9728482+11:00" testType="13cdc9d9-ddb5-4fa4-a97d-d965ccfc6d4b" outcome="Passed" testListId="8c84fa94-04c1-424b-9868-57a2d4851a1d">
      <Output>
      </Output>
    </UnitTestResult>
    <UnitTestResult executionId="a628f38d-b463-465c-9d05-901ff989dab8" testId="03c4b3be-2262-9adb-0e4d-c4b0eb0602a0" testName="UserAgentHeaderFieldConstructorTest1" computerName="SERVER001" duration="00:00:00.0004653" startTime="2010-01-24T19:15:57.9738482+11:00" endTime="2010-01-24T19:15:57.9768482+11:00" testType="13cdc9d9-ddb5-4fa4-a97d-d965ccfc6d4b" outcome="Passed" testListId="8c84fa94-04c1-424b-9868-57a2d4851a1d">
      <Output>
      </Output>
    </UnitTestResult>
    <UnitTestResult executionId="90d5713d-be49-4fdb-8075-5e1d5c8a2ce7" testId="5209c115-7bcc-6c1d-3bc0-7b03f1c465fb" testName="UserAgentHeaderFieldConstructorTest3" computerName="SERVER001" duration="00:00:00.0005943" startTime="2010-01-24T19:15:57.9768482+11:00" endTime="2010-01-24T19:15:57.9808482+11:00" testType="13cdc9d9-ddb5-4fa4-a97d-d965ccfc6d4b" outcome="Passed" testListId="8c84fa94-04c1-424b-9868-57a2d4851a1d">
      <Output>
      </Output>
    </UnitTestResult>
    <UnitTestResult executionId="26e0b522-f2d1-43eb-9a8d-62e9a664fc4a" testId="6de686f4-499f-e538-e68f-e3c77c6c3da5" testName="BranchTest" computerName="SERVER001" duration="00:00:00.0021429" startTime="2010-01-24T19:15:57.9818482+11:00" endTime="2010-01-24T19:15:57.9888482+11:00" testType="13cdc9d9-ddb5-4fa4-a97d-d965ccfc6d4b" outcome="Failed" testListId="8c84fa94-04c1-424b-9868-57a2d4851a1d">
      <Output>
        <ErrorInfo>
          <Message>Test method Konnetic.Sip.UnitTests.ViaHeaderFieldAdapter.BranchTest threw exception:  System.NullReferenceException: Object reference not set to an instance of an object..</Message>
          <StackTrace>    at Konnetic.Sip.Headers.ViaHeaderField.set_Branch(String value) in D:\Business\Development\Konnetic\UnifySipApi\Production\Src\Konnetic Unify SIP API\Konnetic.Sip\Headers\ViaHeaderField.cs:line 138
   at Konnetic.Sip.Headers.ViaHeaderField..ctor(String branch) in D:\Business\Development\Konnetic\UnifySipApi\Production\Src\Konnetic Unify SIP API\Konnetic.Sip\Headers\ViaHeaderField.cs:line 349
   at Konnetic.Sip.Headers.ViaHeaderField..ctor() in D:\Business\Development\Konnetic\UnifySipApi\Production\Src\Konnetic Unify SIP API\Konnetic.Sip\Headers\ViaHeaderField.cs:line 332
   at Konnetic.Sip.UnitTests.ViaHeaderFieldAdapter.BranchTest() in D:\Business\Development\Konnetic\UnifySipApi\Production\Src\Konnetic Unify SIP API\Konnetic.Sip.UnitTests\HeaderFields\ViaHeaderFieldAdapter.cs:line 49
</StackTrace>
        </ErrorInfo>
      </Output>
    </UnitTestResult>
    <UnitTestResult executionId="db42eeca-4ecf-4e66-811a-cec9908dc1e6" testId="7349c5b0-6f6a-6aa4-89fa-e0a64adb3801" testName="BranchTest1" computerName="SERVER001" duration="00:00:00.0018506" startTime="2010-01-24T19:15:57.9898482+11:00" endTime="2010-01-24T19:15:57.9948482+11:00" testType="13cdc9d9-ddb5-4fa4-a97d-d965ccfc6d4b" outcome="Failed" testListId="8c84fa94-04c1-424b-9868-57a2d4851a1d">
      <Output>
        <ErrorInfo>
          <Message>Test method Konnetic.Sip.UnitTests.ViaHeaderFieldAdapter.BranchTest1 threw exception:  System.NullReferenceException: Object reference not set to an instance of an object..</Message>
          <StackTrace>    at Konnetic.Sip.Headers.ViaHeaderField.set_Branch(String value) in D:\Business\Development\Konnetic\UnifySipApi\Production\Src\Konnetic Unify SIP API\Konnetic.Sip\Headers\ViaHeaderField.cs:line 138
   at Konnetic.Sip.Headers.ViaHeaderField..ctor(String branch) in D:\Business\Development\Konnetic\UnifySipApi\Production\Src\Konnetic Unify SIP API\Konnetic.Sip\Headers\ViaHeaderField.cs:line 349
   at Konnetic.Sip.Headers.ViaHeaderField..ctor() in D:\Business\Development\Konnetic\UnifySipApi\Production\Src\Konnetic Unify SIP API\Konnetic.Sip\Headers\ViaHeaderField.cs:line 332
   at Konnetic.Sip.UnitTests.ViaHeaderFieldAdapter.BranchThrowsError(String val) in D:\Business\Development\Konnetic\UnifySipApi\Production\Src\Konnetic Unify SIP API\Konnetic.Sip.UnitTests\HeaderFields\ViaHeaderFieldAdapter.cs:line 639
   at Konnetic.Sip.UnitTests.ViaHeaderFieldAdapter.BranchTest1() in D:\Business\Development\Konnetic\UnifySipApi\Production\Src\Konnetic Unify SIP API\Konnetic.Sip.UnitTests\HeaderFields\ViaHeaderFieldAdapter.cs:line 68
</StackTrace>
        </ErrorInfo>
      </Output>
    </UnitTestResult>
    <UnitTestResult executionId="9c602659-2990-4652-842b-f2b7557f5176" testId="08a7b873-8494-1e8a-f483-fdb60f33ee70" testName="CloneTest" computerName="SERVER001" duration="00:00:00.0040273" startTime="2010-01-24T19:15:57.9948482+11:00" endTime="2010-01-24T19:15:58.0018482+11:00" testType="13cdc9d9-ddb5-4fa4-a97d-d965ccfc6d4b" outcome="Failed" testListId="8c84fa94-04c1-424b-9868-57a2d4851a1d">
      <Output>
        <ErrorInfo>
          <Message>Test method Konnetic.Sip.UnitTests.ViaHeaderFieldAdapter.CloneTest threw exception:  System.NullReferenceException: Object reference not set to an instance of an object..</Message>
          <StackTrace>    at Konnetic.Sip.Headers.ViaHeaderField.set_Branch(String value) in D:\Business\Development\Konnetic\UnifySipApi\Production\Src\Konnetic Unify SIP API\Konnetic.Sip\Headers\ViaHeaderField.cs:line 138
   at Konnetic.Sip.Headers.ViaHeaderField..ctor(String branch) in D:\Business\Development\Konnetic\UnifySipApi\Production\Src\Konnetic Unify SIP API\Konnetic.Sip\Headers\ViaHeaderField.cs:line 349
   at Konnetic.Sip.Headers.ViaHeaderField..ctor() in D:\Business\Development\Konnetic\UnifySipApi\Production\Src\Konnetic Unify SIP API\Konnetic.Sip\Headers\ViaHeaderField.cs:line 332
   at Konnetic.Sip.UnitTests.ViaHeaderFieldAdapter.CloneTest() in D:\Business\Development\Konnetic\UnifySipApi\Production\Src\Konnetic Unify SIP API\Konnetic.Sip.UnitTests\HeaderFields\ViaHeaderFieldAdapter.cs:line 78
</StackTrace>
        </ErrorInfo>
      </Output>
    </UnitTestResult>
    <UnitTestResult executionId="55d9a7c2-3f65-45d0-8d9b-685fc349d88b" testId="ec212d73-05f4-785a-0362-d42b5098439d" testName="EqualsTest" computerName="SERVER001" duration="00:00:00.0035299" startTime="2010-01-24T19:15:58.0028482+11:00" endTime="2010-01-24T19:15:58.0088482+11:00" testType="13cdc9d9-ddb5-4fa4-a97d-d965ccfc6d4b" outcome="Failed" testListId="8c84fa94-04c1-424b-9868-57a2d4851a1d">
      <Output>
        <ErrorInfo>
          <Message>Test method Konnetic.Sip.UnitTests.ViaHeaderFieldAdapter.EqualsTest threw exception:  System.NullReferenceException: Object reference not set to an instance of an object..</Message>
          <StackTrace>    at Konnetic.Sip.Headers.ViaHeaderField.set_Branch(String value) in D:\Business\Development\Konnetic\UnifySipApi\Production\Src\Konnetic Unify SIP API\Konnetic.Sip\Headers\ViaHeaderField.cs:line 138
   at Konnetic.Sip.Headers.ViaHeaderField..ctor(String branch) in D:\Business\Development\Konnetic\UnifySipApi\Production\Src\Konnetic Unify SIP API\Konnetic.Sip\Headers\ViaHeaderField.cs:line 349
   at Konnetic.Sip.Headers.ViaHeaderField..ctor() in D:\Business\Development\Konnetic\UnifySipApi\Production\Src\Konnetic Unify SIP API\Konnetic.Sip\Headers\ViaHeaderField.cs:line 332
   at Konnetic.Sip.UnitTests.ViaHeaderFieldAdapter.EqualsTest() in D:\Business\Development\Konnetic\UnifySipApi\Production\Src\Konnetic Unify SIP API\Konnetic.Sip.UnitTests\HeaderFields\ViaHeaderFieldAdapter.cs:line 135
</StackTrace>
        </ErrorInfo>
      </Output>
    </UnitTestResult>
    <UnitTestResult executionId="34205d8c-19d5-49cd-b904-e5ba38c3328c" testId="fd33622e-9cba-03e8-a005-8da48c46f51b" testName="GetStringValueTest" computerName="SERVER001" duration="00:00:00.0023625" startTime="2010-01-24T19:15:58.0088482+11:00" endTime="2010-01-24T19:15:58.0138482+11:00" testType="13cdc9d9-ddb5-4fa4-a97d-d965ccfc6d4b" outcome="Failed" testListId="8c84fa94-04c1-424b-9868-57a2d4851a1d">
      <Output>
        <ErrorInfo>
          <Message>Test method Konnetic.Sip.UnitTests.ViaHeaderFieldAdapter.GetStringValueTest threw exception:  System.NullReferenceException: Object reference not set to an instance of an object..</Message>
          <StackTrace>    at Konnetic.Sip.Headers.ViaHeaderField.set_Branch(String value) in D:\Business\Development\Konnetic\UnifySipApi\Production\Src\Konnetic Unify SIP API\Konnetic.Sip\Headers\ViaHeaderField.cs:line 138
   at Konnetic.Sip.Headers.ViaHeaderField..ctor(String branch) in D:\Business\Development\Konnetic\UnifySipApi\Production\Src\Konnetic Unify SIP API\Konnetic.Sip\Headers\ViaHeaderField.cs:line 349
   at Konnetic.Sip.UnitTests.ViaHeaderFieldAdapter.GetStringValueTest() in D:\Business\Development\Konnetic\UnifySipApi\Production\Src\Konnetic Unify SIP API\Konnetic.Sip.UnitTests\HeaderFields\ViaHeaderFieldAdapter.cs:line 492
</StackTrace>
        </ErrorInfo>
      </Output>
    </UnitTestResult>
    <UnitTestResult executionId="38c4c536-61a2-4626-b81a-90da76498d03" testId="32623270-853f-c035-9cc6-a870f9522af0" testName="IsValidTest" computerName="SERVER001" duration="00:00:00.0018317" startTime="2010-01-24T19:15:58.0138482+11:00" endTime="2010-01-24T19:15:58.0178482+11:00" testType="13cdc9d9-ddb5-4fa4-a97d-d965ccfc6d4b" outcome="Failed" testListId="8c84fa94-04c1-424b-9868-57a2d4851a1d">
      <Output>
        <ErrorInfo>
          <Message>Test method Konnetic.Sip.UnitTests.ViaHeaderFieldAdapter.IsValidTest threw exception:  System.NullReferenceException: Object reference not set to an instance of an object..</Message>
          <StackTrace>    at Konnetic.Sip.Headers.ViaHeaderField.set_Branch(String value) in D:\Business\Development\Konnetic\UnifySipApi\Production\Src\Konnetic Unify SIP API\Konnetic.Sip\Headers\ViaHeaderField.cs:line 138
   at Konnetic.Sip.Headers.ViaHeaderField..ctor(String branch) in D:\Business\Development\Konnetic\UnifySipApi\Production\Src\Konnetic Unify SIP API\Konnetic.Sip\Headers\ViaHeaderField.cs:line 349
   at Konnetic.Sip.Headers.ViaHeaderField..ctor() in D:\Business\Development\Konnetic\UnifySipApi\Production\Src\Konnetic Unify SIP API\Konnetic.Sip\Headers\ViaHeaderField.cs:line 332
   at Konnetic.Sip.UnitTests.ViaHeaderFieldAdapter.IsValidTest() in D:\Business\Development\Konnetic\UnifySipApi\Production\Src\Konnetic Unify SIP API\Konnetic.Sip.UnitTests\HeaderFields\ViaHeaderFieldAdapter.cs:line 228
</StackTrace>
        </ErrorInfo>
      </Output>
    </UnitTestResult>
    <UnitTestResult executionId="55ed49ff-3348-4b47-b662-2b0ee9b315e0" testId="ee081124-9307-dcf9-29cc-3cbce5f6c202" testName="KeyTest" computerName="SERVER001" duration="00:00:00.0019453" startTime="2010-01-24T19:15:58.0188482+11:00" endTime="2010-01-24T19:15:58.0238482+11:00" testType="13cdc9d9-ddb5-4fa4-a97d-d965ccfc6d4b" outcome="Failed" testListId="8c84fa94-04c1-424b-9868-57a2d4851a1d">
      <Output>
        <ErrorInfo>
          <Message>Test method Konnetic.Sip.UnitTests.ViaHeaderFieldAdapter.KeyTest threw exception:  System.NullReferenceException: Object reference not set to an instance of an object..</Message>
          <StackTrace>    at Konnetic.Sip.Headers.ViaHeaderField.set_Branch(String value) in D:\Business\Development\Konnetic\UnifySipApi\Production\Src\Konnetic Unify SIP API\Konnetic.Sip\Headers\ViaHeaderField.cs:line 138
   at Konnetic.Sip.Headers.ViaHeaderField..ctor(String branch) in D:\Business\Development\Konnetic\UnifySipApi\Production\Src\Konnetic Unify SIP API\Konnetic.Sip\Headers\ViaHeaderField.cs:line 349
   at Konnetic.Sip.Headers.ViaHeaderField..ctor() in D:\Business\Development\Konnetic\UnifySipApi\Production\Src\Konnetic Unify SIP API\Konnetic.Sip\Headers\ViaHeaderField.cs:line 332
   at Konnetic.Sip.UnitTests.ViaHeaderFieldAdapter.KeyTest() in D:\Business\Development\Konnetic\UnifySipApi\Production\Src\Konnetic Unify SIP API\Konnetic.Sip.UnitTests\HeaderFields\ViaHeaderFieldAdapter.cs:line 262
</StackTrace>
        </ErrorInfo>
      </Output>
    </UnitTestResult>
    <UnitTestResult executionId="67227e2d-57dc-4a02-9a73-0646b66ec0ac" testId="1f135881-1517-d302-ef48-5e83ecf61cf4" testName="MulticastAddressTest" computerName="SERVER001" duration="00:00:00.0015323" startTime="2010-01-24T19:15:58.0238482+11:00" endTime="2010-01-24T19:15:58.0278482+11:00" testType="13cdc9d9-ddb5-4fa4-a97d-d965ccfc6d4b" outcome="Failed" testListId="8c84fa94-04c1-424b-9868-57a2d4851a1d">
      <Output>
        <ErrorInfo>
          <Message>Test method Konnetic.Sip.UnitTests.ViaHeaderFieldAdapter.MulticastAddressTest threw exception:  System.NullReferenceException: Object reference not set to an instance of an object..</Message>
          <StackTrace>    at Konnetic.Sip.Headers.ViaHeaderField.set_Branch(String value) in D:\Business\Development\Konnetic\UnifySipApi\Production\Src\Konnetic Unify SIP API\Konnetic.Sip\Headers\ViaHeaderField.cs:line 138
   at Konnetic.Sip.Headers.ViaHeaderField..ctor(String branch) in D:\Business\Development\Konnetic\UnifySipApi\Production\Src\Konnetic Unify SIP API\Konnetic.Sip\Headers\ViaHeaderField.cs:line 349
   at Konnetic.Sip.Headers.ViaHeaderField..ctor() in D:\Business\Development\Konnetic\UnifySipApi\Production\Src\Konnetic Unify SIP API\Konnetic.Sip\Headers\ViaHeaderField.cs:line 332
   at Konnetic.Sip.UnitTests.ViaHeaderFieldAdapter.MulticastAddressTest() in D:\Business\Development\Konnetic\UnifySipApi\Production\Src\Konnetic Unify SIP API\Konnetic.Sip.UnitTests\HeaderFields\ViaHeaderFieldAdapter.cs:line 277
</StackTrace>
        </ErrorInfo>
      </Output>
    </UnitTestResult>
    <UnitTestResult executionId="222c2d0a-f995-45b6-9064-861ca8c2d1e4" testId="5ce5a375-e156-663e-1164-348cf3bc4c4d" testName="MulticastAddressTest1" computerName="SERVER001" duration="00:00:00.0018123" startTime="2010-01-24T19:15:58.0288482+11:00" endTime="2010-01-24T19:15:58.0328482+11:00" testType="13cdc9d9-ddb5-4fa4-a97d-d965ccfc6d4b" outcome="Failed" testListId="8c84fa94-04c1-424b-9868-57a2d4851a1d">
      <Output>
        <ErrorInfo>
          <Message>Test method Konnetic.Sip.UnitTests.ViaHeaderFieldAdapter.MulticastAddressTest1 threw exception:  System.NullReferenceException: Object reference not set to an instance of an object..</Message>
          <StackTrace>    at Konnetic.Sip.Headers.ViaHeaderField.set_Branch(String value) in D:\Business\Development\Konnetic\UnifySipApi\Production\Src\Konnetic Unify SIP API\Konnetic.Sip\Headers\ViaHeaderField.cs:line 138
   at Konnetic.Sip.Headers.ViaHeaderField..ctor(String branch) in D:\Business\Development\Konnetic\UnifySipApi\Production\Src\Konnetic Unify SIP API\Konnetic.Sip\Headers\ViaHeaderField.cs:line 349
   at Konnetic.Sip.Headers.ViaHeaderField..ctor() in D:\Business\Development\Konnetic\UnifySipApi\Production\Src\Konnetic Unify SIP API\Konnetic.Sip\Headers\ViaHeaderField.cs:line 332
   at Konnetic.Sip.UnitTests.ViaHeaderFieldAdapter.MulticastAddressThrowsError(String val) in D:\Business\Development\Konnetic\UnifySipApi\Production\Src\Konnetic Unify SIP API\Konnetic.Sip.UnitTests\HeaderFields\ViaHeaderFieldAdapter.cs:line 653
   at Konnetic.Sip.UnitTests.ViaHeaderFieldAdapter.MulticastAddressTest1() in D:\Business\Development\Konnetic\UnifySipApi\Production\Src\Konnetic Unify SIP API\Konnetic.Sip.UnitTests\HeaderFields\ViaHeaderFieldAdapter.cs:line 297
</StackTrace>
        </ErrorInfo>
      </Output>
    </UnitTestResult>
    <UnitTestResult executionId="17c2b72d-d826-45a9-a629-5a308b5631d2" testId="15aeca06-395c-c20a-6019-cfbe82568869" testName="ParseTest" computerName="SERVER001" duration="00:00:00.0030681" startTime="2010-01-24T19:15:58.0328482+11:00" endTime="2010-01-24T19:15:58.0388482+11:00" testType="13cdc9d9-ddb5-4fa4-a97d-d965ccfc6d4b" outcome="Failed" testListId="8c84fa94-04c1-424b-9868-57a2d4851a1d">
      <Output>
        <ErrorInfo>
          <Message>Test method Konnetic.Sip.UnitTests.ViaHeaderFieldAdapter.ParseTest threw exception:  System.NullReferenceException: Object reference not set to an instance of an object..</Message>
          <StackTrace>    at Konnetic.Sip.Headers.ViaHeaderField.set_Branch(String value) in D:\Business\Development\Konnetic\UnifySipApi\Production\Src\Konnetic Unify SIP API\Konnetic.Sip\Headers\ViaHeaderField.cs:line 138
   at Konnetic.Sip.Headers.ViaHeaderField..ctor(String branch) in D:\Business\Development\Konnetic\UnifySipApi\Production\Src\Konnetic Unify SIP API\Konnetic.Sip\Headers\ViaHeaderField.cs:line 349
   at Konnetic.Sip.Headers.ViaHeaderField..ctor() in D:\Business\Development\Konnetic\UnifySipApi\Production\Src\Konnetic Unify SIP API\Konnetic.Sip\Headers\ViaHeaderField.cs:line 332
   at Konnetic.Sip.UnitTests.ViaHeaderFieldAdapter.ParseTest() in D:\Business\Development\Konnetic\UnifySipApi\Production\Src\Konnetic Unify SIP API\Konnetic.Sip.UnitTests\HeaderFields\ViaHeaderFieldAdapter.cs:line 307
</StackTrace>
        </ErrorInfo>
      </Output>
    </UnitTestResult>
    <UnitTestResult executionId="a108f7d9-c6d1-42a4-9c38-c17ff13c45fb" testId="34615eb4-49cb-336f-f161-7fd88e0844db" testName="ProtocolNameTest" computerName="SERVER001" duration="00:00:00.0018869" startTime="2010-01-24T19:15:58.0388482+11:00" endTime="2010-01-24T19:15:58.0438482+11:00" testType="13cdc9d9-ddb5-4fa4-a97d-d965ccfc6d4b" outcome="Failed" testListId="8c84fa94-04c1-424b-9868-57a2d4851a1d">
      <Output>
        <ErrorInfo>
          <Message>Test method Konnetic.Sip.UnitTests.ViaHeaderFieldAdapter.ProtocolNameTest threw exception:  System.NullReferenceException: Object reference not set to an instance of an object..</Message>
          <StackTrace>    at Konnetic.Sip.Headers.ViaHeaderField.set_Branch(String value) in D:\Business\Development\Konnetic\UnifySipApi\Production\Src\Konnetic Unify SIP API\Konnetic.Sip\Headers\ViaHeaderField.cs:line 138
   at Konnetic.Sip.Headers.ViaHeaderField..ctor(String branch) in D:\Business\Development\Konnetic\UnifySipApi\Production\Src\Konnetic Unify SIP API\Konnetic.Sip\Headers\ViaHeaderField.cs:line 349
   at Konnetic.Sip.Headers.ViaHeaderField..ctor() in D:\Business\Development\Konnetic\UnifySipApi\Production\Src\Konnetic Unify SIP API\Konnetic.Sip\Headers\ViaHeaderField.cs:line 332
   at Konnetic.Sip.UnitTests.ViaHeaderFieldAdapter.ProtocolNameTest() in D:\Business\Development\Konnetic\UnifySipApi\Production\Src\Konnetic Unify SIP API\Konnetic.Sip.UnitTests\HeaderFields\ViaHeaderFieldAdapter.cs:line 370
</StackTrace>
        </ErrorInfo>
      </Output>
    </UnitTestResult>
    <UnitTestResult executionId="ded45017-35c0-4529-825b-4402f15730e8" testId="6f2ffa3f-b04d-1c43-987f-3a9e819759de" testName="ProtocolVersionTest" computerName="SERVER001" duration="00:00:00.0015480" startTime="2010-01-24T19:15:58.0448482+11:00" endTime="2010-01-24T19:15:58.0488482+11:00" testType="13cdc9d9-ddb5-4fa4-a97d-d965ccfc6d4b" outcome="Failed" testListId="8c84fa94-04c1-424b-9868-57a2d4851a1d">
      <Output>
        <ErrorInfo>
          <Message>Test method Konnetic.Sip.UnitTests.ViaHeaderFieldAdapter.ProtocolVersionTest threw exception:  System.NullReferenceException: Object reference not set to an instance of an object..</Message>
          <StackTrace>    at Konnetic.Sip.Headers.ViaHeaderField.set_Branch(String value) in D:\Business\Development\Konnetic\UnifySipApi\Production\Src\Konnetic Unify SIP API\Konnetic.Sip\Headers\ViaHeaderField.cs:line 138
   at Konnetic.Sip.Headers.ViaHeaderField..ctor(String branch) in D:\Business\Development\Konnetic\UnifySipApi\Production\Src\Konnetic Unify SIP API\Konnetic.Sip\Headers\ViaHeaderField.cs:line 349
   at Konnetic.Sip.Headers.ViaHeaderField..ctor() in D:\Business\Development\Konnetic\UnifySipApi\Production\Src\Konnetic Unify SIP API\Konnetic.Sip\Headers\ViaHeaderField.cs:line 332
   at Konnetic.Sip.UnitTests.ViaHeaderFieldAdapter.ProtocolVersionTest() in D:\Business\Development\Konnetic\UnifySipApi\Production\Src\Konnetic Unify SIP API\Konnetic.Sip.UnitTests\HeaderFields\ViaHeaderFieldAdapter.cs:line 389
</StackTrace>
        </ErrorInfo>
      </Output>
    </UnitTestResult>
    <UnitTestResult executionId="72dd8ce6-dd52-4fa6-9424-aee27b587233" testId="5c68da63-c934-39b7-4739-3a633402d860" testName="ReceivedTest" computerName="SERVER001" duration="00:00:00.0017620" startTime="2010-01-24T19:15:58.0508482+11:00" endTime="2010-01-24T19:15:58.0558482+11:00" testType="13cdc9d9-ddb5-4fa4-a97d-d965ccfc6d4b" outcome="Failed" testListId="8c84fa94-04c1-424b-9868-57a2d4851a1d">
      <Output>
        <ErrorInfo>
          <Message>Test method Konnetic.Sip.UnitTests.ViaHeaderFieldAdapter.ReceivedTest threw exception:  System.NullReferenceException: Object reference not set to an instance of an object..</Message>
          <StackTrace>    at Konnetic.Sip.Headers.ViaHeaderField.set_Branch(String value) in D:\Business\Development\Konnetic\UnifySipApi\Production\Src\Konnetic Unify SIP API\Konnetic.Sip\Headers\ViaHeaderField.cs:line 138
   at Konnetic.Sip.Headers.ViaHeaderField..ctor(String branch) in D:\Business\Development\Konnetic\UnifySipApi\Production\Src\Konnetic Unify SIP API\Konnetic.Sip\Headers\ViaHeaderField.cs:line 349
   at Konnetic.Sip.Headers.ViaHeaderField..ctor() in D:\Business\Development\Konnetic\UnifySipApi\Production\Src\Konnetic Unify SIP API\Konnetic.Sip\Headers\ViaHeaderField.cs:line 332
   at Konnetic.Sip.UnitTests.ViaHeaderFieldAdapter.ReceivedTest() in D:\Business\Development\Konnetic\UnifySipApi\Production\Src\Konnetic Unify SIP API\Konnetic.Sip.UnitTests\HeaderFields\ViaHeaderFieldAdapter.cs:line 407
</StackTrace>
        </ErrorInfo>
      </Output>
    </UnitTestResult>
    <UnitTestResult executionId="0e622ae7-8a84-419d-9a92-053aa2d09f39" testId="03f4e619-649d-ee81-fea5-ca665a729ea6" testName="ReceivedTest2" computerName="SERVER001" duration="00:00:00.0017078" startTime="2010-01-24T19:15:58.0568482+11:00" endTime="2010-01-24T19:15:58.0608482+11:00" testType="13cdc9d9-ddb5-4fa4-a97d-d965ccfc6d4b" outcome="Failed" testListId="8c84fa94-04c1-424b-9868-57a2d4851a1d">
      <Output>
        <ErrorInfo>
          <Message>Test method Konnetic.Sip.UnitTests.ViaHeaderFieldAdapter.ReceivedTest2 threw exception:  System.NullReferenceException: Object reference not set to an instance of an object..</Message>
          <StackTrace>    at Konnetic.Sip.Headers.ViaHeaderField.set_Branch(String value) in D:\Business\Development\Konnetic\UnifySipApi\Production\Src\Konnetic Unify SIP API\Konnetic.Sip\Headers\ViaHeaderField.cs:line 138
   at Konnetic.Sip.Headers.ViaHeaderField..ctor(String branch) in D:\Business\Development\Konnetic\UnifySipApi\Production\Src\Konnetic Unify SIP API\Konnetic.Sip\Headers\ViaHeaderField.cs:line 349
   at Konnetic.Sip.Headers.ViaHeaderField..ctor() in D:\Business\Development\Konnetic\UnifySipApi\Production\Src\Konnetic Unify SIP API\Konnetic.Sip\Headers\ViaHeaderField.cs:line 332
   at Konnetic.Sip.UnitTests.ViaHeaderFieldAdapter.ReceivedThrowsError(String val) in D:\Business\Development\Konnetic\UnifySipApi\Production\Src\Konnetic Unify SIP API\Konnetic.Sip.UnitTests\HeaderFields\ViaHeaderFieldAdapter.cs:line 667
   at Konnetic.Sip.UnitTests.ViaHeaderFieldAdapter.ReceivedTest2() in D:\Business\Development\Konnetic\UnifySipApi\Production\Src\Konnetic Unify SIP API\Konnetic.Sip.UnitTests\HeaderFields\ViaHeaderFieldAdapter.cs:line 427
</StackTrace>
        </ErrorInfo>
      </Output>
    </UnitTestResult>
    <UnitTestResult executionId="395fc138-ff78-4807-ade1-6a9e66440f82" testId="bf2189fb-83f6-f71a-420e-cb91c0ac23e7" testName="SentByTest" computerName="SERVER001" duration="00:00:00.0015732" startTime="2010-01-24T19:15:58.0608482+11:00" endTime="2010-01-24T19:15:58.0648482+11:00" testType="13cdc9d9-ddb5-4fa4-a97d-d965ccfc6d4b" outcome="Failed" testListId="8c84fa94-04c1-424b-9868-57a2d4851a1d">
      <Output>
        <ErrorInfo>
          <Message>Test method Konnetic.Sip.UnitTests.ViaHeaderFieldAdapter.SentByTest threw exception:  System.NullReferenceException: Object reference not set to an instance of an object..</Message>
          <StackTrace>    at Konnetic.Sip.Headers.ViaHeaderField.set_Branch(String value) in D:\Business\Development\Konnetic\UnifySipApi\Production\Src\Konnetic Unify SIP API\Konnetic.Sip\Headers\ViaHeaderField.cs:line 138
   at Konnetic.Sip.Headers.ViaHeaderField..ctor(String branch) in D:\Business\Development\Konnetic\UnifySipApi\Production\Src\Konnetic Unify SIP API\Konnetic.Sip\Headers\ViaHeaderField.cs:line 349
   at Konnetic.Sip.Headers.ViaHeaderField..ctor() in D:\Business\Development\Konnetic\UnifySipApi\Production\Src\Konnetic Unify SIP API\Konnetic.Sip\Headers\ViaHeaderField.cs:line 332
   at Konnetic.Sip.UnitTests.ViaHeaderFieldAdapter.SentByTest() in D:\Business\Development\Konnetic\UnifySipApi\Production\Src\Konnetic Unify SIP API\Konnetic.Sip.UnitTests\HeaderFields\ViaHeaderFieldAdapter.cs:line 438
</StackTrace>
        </ErrorInfo>
      </Output>
    </UnitTestResult>
    <UnitTestResult executionId="00ba3e7a-4d23-42f3-adf3-d7b711b54a8d" testId="d9dbc101-9de8-2a35-9443-1343016cb266" testName="SentByTest1" computerName="SERVER001" duration="00:00:00.0022229" startTime="2010-01-24T19:15:58.0658482+11:00" endTime="2010-01-24T19:15:58.0708482+11:00" testType="13cdc9d9-ddb5-4fa4-a97d-d965ccfc6d4b" outcome="Failed" testListId="8c84fa94-04c1-424b-9868-57a2d4851a1d">
      <Output>
        <ErrorInfo>
          <Message>Test method Konnetic.Sip.UnitTests.ViaHeaderFieldAdapter.SentByTest1 threw exception:  System.NullReferenceException: Object reference not set to an instance of an object..</Message>
          <StackTrace>    at Konnetic.Sip.Headers.ViaHeaderField.set_Branch(String value) in D:\Business\Development\Konnetic\UnifySipApi\Production\Src\Konnetic Unify SIP API\Konnetic.Sip\Headers\ViaHeaderField.cs:line 138
   at Konnetic.Sip.Headers.ViaHeaderField..ctor(String branch) in D:\Business\Development\Konnetic\UnifySipApi\Production\Src\Konnetic Unify SIP API\Konnetic.Sip\Headers\ViaHeaderField.cs:line 349
   at Konnetic.Sip.Headers.ViaHeaderField..ctor() in D:\Business\Development\Konnetic\UnifySipApi\Production\Src\Konnetic Unify SIP API\Konnetic.Sip\Headers\ViaHeaderField.cs:line 332
   at Konnetic.Sip.UnitTests.ViaHeaderFieldAdapter.SentByThrowsError(String val) in D:\Business\Development\Konnetic\UnifySipApi\Production\Src\Konnetic Unify SIP API\Konnetic.Sip.UnitTests\HeaderFields\ViaHeaderFieldAdapter.cs:line 681
   at Konnetic.Sip.UnitTests.ViaHeaderFieldAdapter.SentByTest1() in D:\Business\Development\Konnetic\UnifySipApi\Production\Src\Konnetic Unify SIP API\Konnetic.Sip.UnitTests\HeaderFields\ViaHeaderFieldAdapter.cs:line 458
</StackTrace>
        </ErrorInfo>
      </Output>
    </UnitTestResult>
    <UnitTestResult executionId="432a8c4a-398f-45a0-8ee4-9efa681f029c" testId="888fec28-389e-a583-098f-b6f95f3a14b8" testName="TimeToLiveTest" computerName="SERVER001" duration="00:00:00.0016720" startTime="2010-01-24T19:15:58.0708482+11:00" endTime="2010-01-24T19:15:58.0748482+11:00" testType="13cdc9d9-ddb5-4fa4-a97d-d965ccfc6d4b" outcome="Failed" testListId="8c84fa94-04c1-424b-9868-57a2d4851a1d">
      <Output>
        <ErrorInfo>
          <Message>Test method Konnetic.Sip.UnitTests.ViaHeaderFieldAdapter.TimeToLiveTest threw exception:  System.NullReferenceException: Object reference not set to an instance of an object..</Message>
          <StackTrace>    at Konnetic.Sip.Headers.ViaHeaderField.set_Branch(String value) in D:\Business\Development\Konnetic\UnifySipApi\Production\Src\Konnetic Unify SIP API\Konnetic.Sip\Headers\ViaHeaderField.cs:line 138
   at Konnetic.Sip.Headers.ViaHeaderField..ctor(String branch) in D:\Business\Development\Konnetic\UnifySipApi\Production\Src\Konnetic Unify SIP API\Konnetic.Sip\Headers\ViaHeaderField.cs:line 349
   at Konnetic.Sip.Headers.ViaHeaderField..ctor() in D:\Business\Development\Konnetic\UnifySipApi\Production\Src\Konnetic Unify SIP API\Konnetic.Sip\Headers\ViaHeaderField.cs:line 332
   at Konnetic.Sip.UnitTests.ViaHeaderFieldAdapter.TimeToLiveTest() in D:\Business\Development\Konnetic\UnifySipApi\Production\Src\Konnetic Unify SIP API\Konnetic.Sip.UnitTests\HeaderFields\ViaHeaderFieldAdapter.cs:line 468
</StackTrace>
        </ErrorInfo>
      </Output>
    </UnitTestResult>
    <UnitTestResult executionId="fc980a53-732c-4c5f-906b-1b5ddde6b25e" testId="97ed1f68-1569-227d-b576-c51950c034ba" testName="TransportTest" computerName="SERVER001" duration="00:00:00.0016350" startTime="2010-01-24T19:15:58.0758482+11:00" endTime="2010-01-24T19:15:58.0798482+11:00" testType="13cdc9d9-ddb5-4fa4-a97d-d965ccfc6d4b" outcome="Failed" testListId="8c84fa94-04c1-424b-9868-57a2d4851a1d">
      <Output>
        <ErrorInfo>
          <Message>Test method Konnetic.Sip.UnitTests.ViaHeaderFieldAdapter.TransportTest threw exception:  System.NullReferenceException: Object reference not set to an instance of an object..</Message>
          <StackTrace>    at Konnetic.Sip.Headers.ViaHeaderField.set_Branch(String value) in D:\Business\Development\Konnetic\UnifySipApi\Production\Src\Konnetic Unify SIP API\Konnetic.Sip\Headers\ViaHeaderField.cs:line 138
   at Konnetic.Sip.Headers.ViaHeaderField..ctor(String branch) in D:\Business\Development\Konnetic\UnifySipApi\Production\Src\Konnetic Unify SIP API\Konnetic.Sip\Headers\ViaHeaderField.cs:line 349
   at Konnetic.Sip.Headers.ViaHeaderField..ctor() in D:\Business\Development\Konnetic\UnifySipApi\Production\Src\Konnetic Unify SIP API\Konnetic.Sip\Headers\ViaHeaderField.cs:line 332
   at Konnetic.Sip.UnitTests.ViaHeaderFieldAdapter.TransportTest() in D:\Business\Development\Konnetic\UnifySipApi\Production\Src\Konnetic Unify SIP API\Konnetic.Sip.UnitTests\HeaderFields\ViaHeaderFieldAdapter.cs:line 553
</StackTrace>
        </ErrorInfo>
      </Output>
    </UnitTestResult>
    <UnitTestResult executionId="eaad9cf1-d657-49b5-8893-a37f6b92caee" testId="545da1cd-2469-9d39-800e-510833648a16" testName="ViaHeaderFieldConstructorTest" computerName="SERVER001" duration="00:00:00.0020359" startTime="2010-01-24T19:15:58.0798482+11:00" endTime="2010-01-24T19:15:58.0848482+11:00" testType="13cdc9d9-ddb5-4fa4-a97d-d965ccfc6d4b" outcome="Failed" testListId="8c84fa94-04c1-424b-9868-57a2d4851a1d">
      <Output>
        <ErrorInfo>
          <Message>Test method Konnetic.Sip.UnitTests.ViaHeaderFieldAdapter.ViaHeaderFieldConstructorTest threw exception:  System.NullReferenceException: Object reference not set to an instance of an object..</Message>
          <StackTrace>    at Konnetic.Sip.Headers.ViaHeaderField.set_Branch(String value) in D:\Business\Development\Konnetic\UnifySipApi\Production\Src\Konnetic Unify SIP API\Konnetic.Sip\Headers\ViaHeaderField.cs:line 138
   at Konnetic.Sip.Headers.ViaHeaderField..ctor(String branch) in D:\Business\Development\Konnetic\UnifySipApi\Production\Src\Konnetic Unify SIP API\Konnetic.Sip\Headers\ViaHeaderField.cs:line 349
   at Konnetic.Sip.UnitTests.ViaHeaderFieldAdapter.ViaHeaderFieldConstructorTest() in D:\Business\Development\Konnetic\UnifySipApi\Production\Src\Konnetic Unify SIP API\Konnetic.Sip.UnitTests\HeaderFields\ViaHeaderFieldAdapter.cs:line 577
</StackTrace>
        </ErrorInfo>
      </Output>
    </UnitTestResult>
    <UnitTestResult executionId="9bc57478-0bd7-4e13-a46a-3c5e4ae3678e" testId="7526e87d-4221-1c26-f5ca-ee21045d335d" testName="ViaHeaderFieldConstructorTest1" computerName="SERVER001" duration="00:00:00.0021997" startTime="2010-01-24T19:15:58.0848482+11:00" endTime="2010-01-24T19:15:58.0898482+11:00" testType="13cdc9d9-ddb5-4fa4-a97d-d965ccfc6d4b" outcome="Failed" testListId="8c84fa94-04c1-424b-9868-57a2d4851a1d">
      <Output>
        <ErrorInfo>
          <Message>Test method Konnetic.Sip.UnitTests.ViaHeaderFieldAdapter.ViaHeaderFieldConstructorTest1 threw exception:  System.NullReferenceException: Object reference not set to an instance of an object..</Message>
          <StackTrace>    at Konnetic.Sip.Headers.ViaHeaderField.set_Branch(String value) in D:\Business\Development\Konnetic\UnifySipApi\Production\Src\Konnetic Unify SIP API\Konnetic.Sip\Headers\ViaHeaderField.cs:line 134
   at Konnetic.Sip.Headers.ViaHeaderField..ctor(String branch) in D:\Business\Development\Konnetic\UnifySipApi\Production\Src\Konnetic Unify SIP API\Konnetic.Sip\Headers\ViaHeaderField.cs:line 349
   at Konnetic.Sip.UnitTests.ViaHeaderFieldAdapter.ViaHeaderFieldConstructorTest1() in D:\Business\Development\Konnetic\UnifySipApi\Production\Src\Konnetic Unify SIP API\Konnetic.Sip.UnitTests\HeaderFields\ViaHeaderFieldAdapter.cs:line 601
</StackTrace>
        </ErrorInfo>
      </Output>
    </UnitTestResult>
    <UnitTestResult executionId="e61a3e08-5997-4a06-a3c1-840451b3536c" testId="747de9fa-a7e3-c593-29cb-954818f360ce" testName="ViaHeaderFieldConstructorTest2" computerName="SERVER001" duration="00:00:00.0014341" startTime="2010-01-24T19:15:58.0908482+11:00" endTime="2010-01-24T19:15:58.0948482+11:00" testType="13cdc9d9-ddb5-4fa4-a97d-d965ccfc6d4b" outcome="Failed" testListId="8c84fa94-04c1-424b-9868-57a2d4851a1d">
      <Output>
        <ErrorInfo>
          <Message>Test method Konnetic.Sip.UnitTests.ViaHeaderFieldAdapter.ViaHeaderFieldConstructorTest2 threw exception:  System.NullReferenceException: Object reference not set to an instance of an object..</Message>
          <StackTrace>    at Konnetic.Sip.Headers.ViaHeaderField.set_Branch(String value) in D:\Business\Development\Konnetic\UnifySipApi\Production\Src\Konnetic Unify SIP API\Konnetic.Sip\Headers\ViaHeaderField.cs:line 138
   at Konnetic.Sip.Headers.ViaHeaderField..ctor(String branch) in D:\Business\Development\Konnetic\UnifySipApi\Production\Src\Konnetic Unify SIP API\Konnetic.Sip\Headers\ViaHeaderField.cs:line 349
   at Konnetic.Sip.Headers.ViaHeaderField..ctor() in D:\Business\Development\Konnetic\UnifySipApi\Production\Src\Konnetic Unify SIP API\Konnetic.Sip\Headers\ViaHeaderField.cs:line 332
   at Konnetic.Sip.UnitTests.ViaHeaderFieldAdapter.ViaHeaderFieldConstructorTest2() in D:\Business\Development\Konnetic\UnifySipApi\Production\Src\Konnetic Unify SIP API\Konnetic.Sip.UnitTests\HeaderFields\ViaHeaderFieldAdapter.cs:line 626
</StackTrace>
        </ErrorInfo>
      </Output>
    </UnitTestResult>
    <UnitTestResult executionId="d7aa176b-d645-4d7b-bc55-f4cfdace1362" testId="698a1dc3-2fa5-8365-3a98-c41fe5416af3" testName="CloneTest" computerName="SERVER001" duration="00:00:00.0058716" startTime="2010-01-24T19:15:58.0948482+11:00" endTime="2010-01-24T19:15:58.1038482+11:00" testType="13cdc9d9-ddb5-4fa4-a97d-d965ccfc6d4b" outcome="Passed" testListId="8c84fa94-04c1-424b-9868-57a2d4851a1d">
      <Output>
      </Output>
    </UnitTestResult>
    <UnitTestResult executionId="d19f0dea-d731-43a6-8e04-616422568387" testId="f5f10275-8a34-2285-414c-5a8a3360c9ea" testName="EqualsTest" computerName="SERVER001" duration="00:00:00.0103478" startTime="2010-01-24T19:15:58.1038482+11:00" endTime="2010-01-24T19:15:58.1168482+11:00" testType="13cdc9d9-ddb5-4fa4-a97d-d965ccfc6d4b" outcome="Passed" testListId="8c84fa94-04c1-424b-9868-57a2d4851a1d">
      <Output>
      </Output>
    </UnitTestResult>
    <UnitTestResult executionId="0dcbe3fe-7ff6-4ada-b573-0e20d703beb6" testId="514967d8-45f1-dd68-d3ca-0ee1f70fd130" testName="GetStringValueTest" computerName="SERVER001" duration="00:00:00.0068581" startTime="2010-01-24T19:15:58.1208482+11:00" endTime="2010-01-24T19:15:58.1308482+11:00" testType="13cdc9d9-ddb5-4fa4-a97d-d965ccfc6d4b" outcome="Passed" testListId="8c84fa94-04c1-424b-9868-57a2d4851a1d">
      <Output>
      </Output>
    </UnitTestResult>
    <UnitTestResult executionId="27288871-c97a-49dc-9e52-b526d482031f" testId="3feb6034-c736-cc29-fad7-4b90b51a9175" testName="IsValidTest" computerName="SERVER001" duration="00:00:00.0028937" startTime="2010-01-24T19:15:58.1308482+11:00" endTime="2010-01-24T19:15:58.1368482+11:00" testType="13cdc9d9-ddb5-4fa4-a97d-d965ccfc6d4b" outcome="Passed" testListId="8c84fa94-04c1-424b-9868-57a2d4851a1d">
      <Output>
      </Output>
    </UnitTestResult>
    <UnitTestResult executionId="7c553df7-e68d-48e1-aad1-655cdba729c0" testId="316e2443-96ee-3335-2e70-9d61a1599709" testName="ParseTest" computerName="SERVER001" duration="00:00:00.2160662" startTime="2010-01-24T19:15:58.1368482+11:00" endTime="2010-01-24T19:15:58.3558482+11:00" testType="13cdc9d9-ddb5-4fa4-a97d-d965ccfc6d4b" outcome="Passed" testListId="8c84fa94-04c1-424b-9868-57a2d4851a1d">
      <Output>
      </Output>
    </UnitTestResult>
    <UnitTestResult executionId="c319f6d7-eebe-4751-a20a-2b374cb36144" testId="e2b9c080-ff18-9cf3-ffe1-15d84d9117d4" testName="WarningHeaderFieldConstructorTest" computerName="SERVER001" duration="00:00:00.0020789" startTime="2010-01-24T19:15:58.3568482+11:00" endTime="2010-01-24T19:15:58.3608482+11:00" testType="13cdc9d9-ddb5-4fa4-a97d-d965ccfc6d4b" outcome="Passed" testListId="8c84fa94-04c1-424b-9868-57a2d4851a1d">
      <Output>
      </Output>
    </UnitTestResult>
    <UnitTestResult executionId="da64549d-336b-4b0c-b0ae-4cbe9702756a" testId="0f2b2321-b820-db33-f161-c2ab7389c691" testName="WarningHeaderFieldConstructorTest1" computerName="SERVER001" duration="00:00:00.0005319" startTime="2010-01-24T19:15:58.3618482+11:00" endTime="2010-01-24T19:15:58.3648482+11:00" testType="13cdc9d9-ddb5-4fa4-a97d-d965ccfc6d4b" outcome="Passed" testListId="8c84fa94-04c1-424b-9868-57a2d4851a1d">
      <Output>
      </Output>
    </UnitTestResult>
    <UnitTestResult executionId="47368bcc-ee97-47aa-9da6-971476afe1f9" testId="f2b89d9a-0575-103e-8e34-9aa35a50ee4a" testName="WarningHeaderFieldConstructorTest2" computerName="SERVER001" duration="00:00:00.0164583" startTime="2010-01-24T19:15:58.3658482+11:00" endTime="2010-01-24T19:15:58.3858482+11:00" testType="13cdc9d9-ddb5-4fa4-a97d-d965ccfc6d4b" outcome="Passed" testListId="8c84fa94-04c1-424b-9868-57a2d4851a1d">
      <Output>
      </Output>
    </UnitTestResult>
    <UnitTestResult executionId="ad7a2998-c0d3-40cf-a692-197028bf66c4" testId="96fce6bb-2cdf-20c1-4fa9-4459c77ceb48" testName="CloneTest" computerName="SERVER001" duration="00:00:00.0033164" startTime="2010-01-24T19:15:58.3858482+11:00" endTime="2010-01-24T19:15:58.3928482+11:00" testType="13cdc9d9-ddb5-4fa4-a97d-d965ccfc6d4b" outcome="Failed" testListId="8c84fa94-04c1-424b-9868-57a2d4851a1d">
      <Output>
        <ErrorInfo>
          <Message>Test method Konnetic.Sip.UnitTests.WwwAuthenticateHeaderFieldAdapter.CloneTest threw exception:  System.NullReferenceException: Object reference not set to an instance of an object..</Message>
          <StackTrace>    at Konnetic.Sip.Headers.WwwAuthenticateHeaderField.Clone() in D:\Business\Development\Konnetic\UnifySipApi\Production\Src\Konnetic Unify SIP API\Konnetic.Sip\Headers\WwwAuthenticateHeaderField.cs:line 130
   at Konnetic.Sip.UnitTests.WwwAuthenticateHeaderFieldAdapter.CloneTest() in D:\Business\Development\Konnetic\UnifySipApi\Production\Src\Konnetic Unify SIP API\Konnetic.Sip.UnitTests\HeaderFields\WwwAuthenticateHeaderFieldAdapter.cs:line 51
</StackTrace>
        </ErrorInfo>
      </Output>
    </UnitTestResult>
    <UnitTestResult executionId="fcefdfac-5150-47ad-8640-808ccf3b695d" testId="574d1f6a-0076-ae77-fd2f-a8b3e49010b2" testName="EqualsTest" computerName="SERVER001" duration="00:00:00.0035758" startTime="2010-01-24T19:15:58.3938482+11:00" endTime="2010-01-24T19:15:58.3998482+11:00" testType="13cdc9d9-ddb5-4fa4-a97d-d965ccfc6d4b" outcome="Failed" testListId="8c84fa94-04c1-424b-9868-57a2d4851a1d">
      <Output>
        <ErrorInfo>
          <Message>Test method Konnetic.Sip.UnitTests.WwwAuthenticateHeaderFieldAdapter.EqualsTest threw exception:  System.NullReferenceException: Object reference not set to an instance of an object..</Message>
          <StackTrace>    at Konnetic.Sip.Headers.SchemeHeaderFieldBase.set_Realm(String value) in D:\Business\Development\Konnetic\UnifySipApi\Production\Src\Konnetic Unify SIP API\Konnetic.Sip\Headers\BaseHeaderFields\SchemeHeaderFieldBase.cs:line 200
   at Konnetic.Sip.UnitTests.WwwAuthenticateHeaderFieldAdapter.EqualsTest() in D:\Business\Development\Konnetic\UnifySipApi\Production\Src\Konnetic Unify SIP API\Konnetic.Sip.UnitTests\HeaderFields\WwwAuthenticateHeaderFieldAdapter.cs:line 74
</StackTrace>
        </ErrorInfo>
      </Output>
    </UnitTestResult>
    <UnitTestResult executionId="1add06e3-031b-4988-9dc1-7e4cd42a9d10" testId="aff38362-4b5c-4a90-2a93-d3aae0598ec5" testName="ParseTest" computerName="SERVER001" duration="00:00:00.0167255" startTime="2010-01-24T19:15:58.4008482+11:00" endTime="2010-01-24T19:15:58.4198482+11:00" testType="13cdc9d9-ddb5-4fa4-a97d-d965ccfc6d4b" outcome="Failed" testListId="8c84fa94-04c1-424b-9868-57a2d4851a1d">
      <Output>
        <ErrorInfo>
          <Message>Test method Konnetic.Sip.UnitTests.WwwAuthenticateHeaderFieldAdapter.ParseTest threw exception:  System.NullReferenceException: Object reference not set to an instance of an object..</Message>
          <StackTrace>    at Konnetic.Sip.Headers.ParamatizedHeaderFieldBase.Parse(String value) in D:\Business\Development\Konnetic\UnifySipApi\Production\Src\Konnetic Unify SIP API\Konnetic.Sip\Headers\BaseHeaderFields\ParamatizedHeaderFieldBase.cs:line 221
   at Konnetic.Sip.Headers.SecurityHeaderFieldBase.Parse(String value) in D:\Business\Development\Konnetic\UnifySipApi\Production\Src\Konnetic Unify SIP API\Konnetic.Sip\Headers\BaseHeaderFields\SecurityHeaderFieldBase.cs:line 74
   at Konnetic.Sip.Headers.SchemeHeaderFieldBase.Parse(String value) in D:\Business\Development\Konnetic\UnifySipApi\Production\Src\Konnetic Unify SIP API\Konnetic.Sip\Headers\BaseHeaderFields\SchemeHeaderFieldBase.cs:line 369
   at Konnetic.Sip.Headers.ChallengeHeaderFieldBase.Parse(String value) in D:\Business\Development\Konnetic\UnifySipApi\Production\Src\Konnetic Unify SIP API\Konnetic.Sip\Headers\BaseHeaderFields\ChallengeHeaderFieldBase.cs:line 341
   at Konnetic.Sip.Headers.WwwAuthenticateHeaderField.Parse(String value) in D:\Business\Development\Konnetic\UnifySipApi\Production\Src\Konnetic Unify SIP API\Konnetic.Sip\Headers\WwwAuthenticateHeaderField.cs:line 204
   at Konnetic.Sip.UnitTests.WwwAuthenticateHeaderFieldAdapter.ParseTest() in D:\Business\Development\Konnetic\UnifySipApi\Production\Src\Konnetic Unify SIP API\Konnetic.Sip.UnitTests\HeaderFields\WwwAuthenticateHeaderFieldAdapter.cs:line 90
</StackTrace>
        </ErrorInfo>
      </Output>
    </UnitTestResult>
    <UnitTestResult executionId="5d349dae-daf5-47af-bbca-43864a454c87" testId="6c9092ff-7bdf-8147-ef18-d7ecfb3ab43b" testName="WwwAuthenticateHeaderFieldConstructorTest" computerName="SERVER001" duration="00:00:00.0014549" startTime="2010-01-24T19:15:58.4198482+11:00" endTime="2010-01-24T19:15:58.4238482+11:00" testType="13cdc9d9-ddb5-4fa4-a97d-d965ccfc6d4b" outcome="Failed" testListId="8c84fa94-04c1-424b-9868-57a2d4851a1d">
      <Output>
        <ErrorInfo>
          <Message>Test method Konnetic.Sip.UnitTests.WwwAuthenticateHeaderFieldAdapter.WwwAuthenticateHeaderFieldConstructorTest threw exception:  System.NullReferenceException: Object reference not set to an instance of an object..</Message>
          <StackTrace>    at Konnetic.Sip.Headers.ParamatizedHeaderFieldBase.get_HasParameters() in D:\Business\Development\Konnetic\UnifySipApi\Production\Src\Konnetic Unify SIP API\Konnetic.Sip\Headers\BaseHeaderFields\ParamatizedHeaderFieldBase.cs:line 43
   at Konnetic.Sip.UnitTests.WwwAuthenticateHeaderFieldAdapter.WwwAuthenticateHeaderFieldConstructorTest() in D:\Business\Development\Konnetic\UnifySipApi\Production\Src\Konnetic Unify SIP API\Konnetic.Sip.UnitTests\HeaderFields\WwwAuthenticateHeaderFieldAdapter.cs:line 121
</StackTrace>
        </ErrorInfo>
      </Output>
    </UnitTestResult>
    <UnitTestResult executionId="9d311cdf-9046-4501-999f-968bce3aa89d" testId="0de0e096-da85-a3c9-9b80-e7ca19a1a934" testName="WwwAuthenticateHeaderFieldConstructorTest1" computerName="SERVER001" duration="00:00:00.0017390" startTime="2010-01-24T19:15:58.4248482+11:00" endTime="2010-01-24T19:15:58.4288482+11:00" testType="13cdc9d9-ddb5-4fa4-a97d-d965ccfc6d4b" outcome="Failed" testListId="8c84fa94-04c1-424b-9868-57a2d4851a1d">
      <Output>
        <ErrorInfo>
          <Message>Test method Konnetic.Sip.UnitTests.WwwAuthenticateHeaderFieldAdapter.WwwAuthenticateHeaderFieldConstructorTest1 threw exception:  System.NullReferenceException: Object reference not set to an instance of an object..</Message>
          <StackTrace>    at Konnetic.Sip.Headers.ParamatizedHeaderFieldBase.get_HasParameters() in D:\Business\Development\Konnetic\UnifySipApi\Production\Src\Konnetic Unify SIP API\Konnetic.Sip\Headers\BaseHeaderFields\ParamatizedHeaderFieldBase.cs:line 43
   at Konnetic.Sip.UnitTests.WwwAuthenticateHeaderFieldAdapter.WwwAuthenticateHeaderFieldConstructorTest1() in D:\Business\Development\Konnetic\UnifySipApi\Production\Src\Konnetic Unify SIP API\Konnetic.Sip.UnitTests\HeaderFields\WwwAuthenticateHeaderFieldAdapter.cs:line 137
</StackTrace>
        </ErrorInfo>
      </Output>
    </UnitTestResult>
  </Results>
</TestRun>