<?xml version="1.0" encoding="UTF-8"?>
<TestRun id="4baddb26-f68c-4f27-9feb-8117444481c0" name="James@SERVER001 2009-11-04 14:54:49" runUser="Server001\James" xmlns="http://microsoft.com/schemas/VisualStudio/TeamTest/2006">
  <TestRunConfiguration name="Local Test Run" id="4e895dc2-02da-4f57-879f-68a28c9603de">
    <Description>This is a default test run configuration for a local test run.</Description>
    <CodeCoverage enabled="true">
      <Regular>
        <CodeCoverageItem binaryFile="D:\Business\Development\Konnetic\SIPDLLC#\Konnetic.SIP\bin\Debug\Konnetic.Sip.dll" pdbFile="D:\Business\Development\Konnetic\SIPDLLC#\Konnetic.SIP\bin\Debug\Konnetic.Sip.instr.pdb" instrumentInPlace="true" />
      </Regular>
    </CodeCoverage>
    <Deployment runDeploymentRoot="D:\Business\Development\Konnetic\SIPDLLC#\Konnetic.SIP\TestResults\James_SERVER001 2009-11-04 14_54_49">
      <DeploymentItem filename="D:\Business\Development\Konnetic\SIPDLLC#\Konnetic.SIP\bin\Debug\Konnetic.SIP.dll" />
    </Deployment>
    <Plugins>
      <Plugin>Microsoft.VisualStudio.TestTools.CodeCoverage.CoveragePlugIn, Microsoft.VisualStudio.QualityTools.Plugins.CodeCoverage, PublicKeyToken=b03f5f7f11d50a3a</Plugin>
    </Plugins>
    <TestTypeSpecific />
  </TestRunConfiguration>
  <ResultSummary outcome="Warning">
    <Counters total="3" executed="3" passed="3" error="0" failed="0" timeout="0" aborted="0" inconclusive="0" passedButRunAborted="0" notRunnable="0" notExecuted="0" disconnected="0" warning="0" completed="0" inProgress="0" pending="0" />
    <RunInfos>
      <RunInfo computerName="SERVER001" outcome="Warning" timestamp="2009-11-04T14:54:50.3720307+11:00">
        <Text>Code coverage instrumentation warning while processing file Konnetic.Sip.dll:
Warning VSP2001 : D:\Business\Development\Konnetic\SIPDLLC#\Konnetic.SIP\bin\Debug\Konnetic.Sip.dll is a strongly named assembly.  It will need to be re-signed before it can be executed.
Warning VSP2013 : Instrumenting this image requires it to run as a 32-bit process.  The CLR header flags have been updated to reflect this.</Text>
      </RunInfo>
    </RunInfos>
  </ResultSummary>
  <Times creation="2009-11-04T14:54:49.1860307+11:00" queuing="2009-11-04T14:54:51.7780307+11:00" start="2009-11-04T14:54:51.9800307+11:00" finish="2009-11-04T14:54:54.4720307+11:00" />
  <TestDefinitions>
    <UnitTest name="TestConstructor" storage="d:\business\development\konnetic\sipdllc#\konnetic.sip\konnetic.sip.unittests\bin\debug\konnetic.sip.unittests.dll" id="f3a85531-696a-5bb5-3184-a6385fce8d8c">
      <Css projectStructure="" iteration="" />
      <Owners>
        <Owner name="" />
      </Owners>
      <Execution id="da1d0c93-c68d-49a3-9069-7529082ee31b" />
      <TestMethod codeBase="D:\Business\Development\Konnetic\SIPDLLC#\Konnetic.SIP\Konnetic.SIP.unittests\bin\Debug\Konnetic.Sip.UnitTests.dll" adapterTypeName="Microsoft.VisualStudio.TestTools.TestTypes.Unit.UnitTestAdapter, Microsoft.VisualStudio.QualityTools.Tips.UnitTest.Adapter, Version=9.0.0.0, Culture=neutral, PublicKeyToken=b03f5f7f11d50a3a" className="Konnetic.SIP.UnitTests.Invite, Konnetic.Sip.UnitTests" name="TestConstructor" />
    </UnitTest>
    <UnitTest name="TestRequestProperties" storage="d:\business\development\konnetic\sipdllc#\konnetic.sip\konnetic.sip.unittests\bin\debug\konnetic.sip.unittests.dll" id="d33f94f9-5796-b9e5-e9e2-290d13f829e8">
      <Css projectStructure="" iteration="" />
      <Owners>
        <Owner name="" />
      </Owners>
      <Execution id="c1a21484-30a7-4178-9e9a-a09d5506023b" />
      <TestMethod codeBase="D:\Business\Development\Konnetic\SIPDLLC#\Konnetic.SIP\Konnetic.SIP.unittests\bin\Debug\Konnetic.Sip.UnitTests.dll" adapterTypeName="Microsoft.VisualStudio.TestTools.TestTypes.Unit.UnitTestAdapter, Microsoft.VisualStudio.QualityTools.Tips.UnitTest.Adapter, Version=9.0.0.0, Culture=neutral, PublicKeyToken=b03f5f7f11d50a3a" className="Konnetic.SIP.UnitTests.Invite, Konnetic.Sip.UnitTests" name="TestRequestProperties" />
    </UnitTest>
    <UnitTest name="TestConstructor" storage="d:\business\development\konnetic\sipdllc#\konnetic.sip\konnetic.sip.unittests\bin\debug\konnetic.sip.unittests.dll" id="b656db89-18bb-7f8c-0ba7-9e4af0c54ddc">
      <Css projectStructure="" iteration="" />
      <Owners>
        <Owner name="" />
      </Owners>
      <Execution id="44342e03-b8b0-49fa-a810-64160ec521e3" />
      <TestMethod codeBase="D:\Business\Development\Konnetic\SIPDLLC#\Konnetic.SIP\Konnetic.SIP.unittests\bin\Debug\Konnetic.Sip.UnitTests.dll" adapterTypeName="Microsoft.VisualStudio.TestTools.TestTypes.Unit.UnitTestAdapter, Microsoft.VisualStudio.QualityTools.Tips.UnitTest.Adapter, Version=9.0.0.0, Culture=neutral, PublicKeyToken=b03f5f7f11d50a3a" className="Konnetic.SIP.UnitTests.AcceptHeaderField, Konnetic.Sip.UnitTests" name="TestConstructor" />
    </UnitTest>
  </TestDefinitions>
  <TestLists>
    <TestList name="Results Not in a List" id="8c84fa94-04c1-424b-9868-57a2d4851a1d" />
    <TestList name="All Loaded Results" id="19431567-8539-422a-85d7-44ee4e166bda" />
  </TestLists>
  <TestEntries>
    <TestEntry testId="b656db89-18bb-7f8c-0ba7-9e4af0c54ddc" executionId="44342e03-b8b0-49fa-a810-64160ec521e3" testListId="8c84fa94-04c1-424b-9868-57a2d4851a1d" />
    <TestEntry testId="d33f94f9-5796-b9e5-e9e2-290d13f829e8" executionId="c1a21484-30a7-4178-9e9a-a09d5506023b" testListId="8c84fa94-04c1-424b-9868-57a2d4851a1d" />
    <TestEntry testId="f3a85531-696a-5bb5-3184-a6385fce8d8c" executionId="da1d0c93-c68d-49a3-9069-7529082ee31b" testListId="8c84fa94-04c1-424b-9868-57a2d4851a1d" />
  </TestEntries>
  <Results>
    <UnitTestResult executionId="44342e03-b8b0-49fa-a810-64160ec521e3" testId="b656db89-18bb-7f8c-0ba7-9e4af0c54ddc" testName="TestConstructor" computerName="SERVER001" duration="00:00:00.0128152" startTime="2009-11-04T14:54:52.5920307+11:00" endTime="2009-11-04T14:54:53.2860307+11:00" testType="13cdc9d9-ddb5-4fa4-a97d-d965ccfc6d4b" outcome="Passed" testListId="8c84fa94-04c1-424b-9868-57a2d4851a1d">
      <Output>
      </Output>
    </UnitTestResult>
    <UnitTestResult executionId="c1a21484-30a7-4178-9e9a-a09d5506023b" testId="d33f94f9-5796-b9e5-e9e2-290d13f829e8" testName="TestRequestProperties" computerName="SERVER001" duration="00:00:00.0004126" startTime="2009-11-04T14:54:53.2870307+11:00" endTime="2009-11-04T14:54:53.2970307+11:00" testType="13cdc9d9-ddb5-4fa4-a97d-d965ccfc6d4b" outcome="Passed" testListId="8c84fa94-04c1-424b-9868-57a2d4851a1d">
      <Output>
      </Output>
    </UnitTestResult>
    <UnitTestResult executionId="da1d0c93-c68d-49a3-9069-7529082ee31b" testId="f3a85531-696a-5bb5-3184-a6385fce8d8c" testName="TestConstructor" computerName="SERVER001" duration="00:00:00.0004425" startTime="2009-11-04T14:54:53.2980307+11:00" endTime="2009-11-04T14:54:53.3020307+11:00" testType="13cdc9d9-ddb5-4fa4-a97d-d965ccfc6d4b" outcome="Passed" testListId="8c84fa94-04c1-424b-9868-57a2d4851a1d">
      <Output>
      </Output>
    </UnitTestResult>
  </Results>
</TestRun>